[2023-01-31T10:20:08.489+0000] {taskinstance.py:1083} INFO - Dependencies all met for <TaskInstance: assignment_medium.write_data manual__2023-01-31T10:20:03.318478+00:00 [queued]>
[2023-01-31T10:20:08.510+0000] {taskinstance.py:1083} INFO - Dependencies all met for <TaskInstance: assignment_medium.write_data manual__2023-01-31T10:20:03.318478+00:00 [queued]>
[2023-01-31T10:20:08.512+0000] {taskinstance.py:1279} INFO - 
--------------------------------------------------------------------------------
[2023-01-31T10:20:08.514+0000] {taskinstance.py:1280} INFO - Starting attempt 1 of 1
[2023-01-31T10:20:08.519+0000] {taskinstance.py:1281} INFO - 
--------------------------------------------------------------------------------
[2023-01-31T10:20:08.536+0000] {taskinstance.py:1300} INFO - Executing <Task(_PythonDecoratedOperator): write_data> on 2023-01-31 10:20:03.318478+00:00
[2023-01-31T10:20:08.544+0000] {standard_task_runner.py:55} INFO - Started process 408 to run task
[2023-01-31T10:20:08.560+0000] {standard_task_runner.py:82} INFO - Running: ['***', 'tasks', 'run', 'assignment_medium', 'write_data', 'manual__2023-01-31T10:20:03.318478+00:00', '--job-id', '46', '--raw', '--subdir', 'DAGS_FOLDER/assignment_medium.py', '--cfg-path', '/tmp/tmpnea0kt_8']
[2023-01-31T10:20:08.564+0000] {standard_task_runner.py:83} INFO - Job 46: Subtask write_data
[2023-01-31T10:20:08.706+0000] {task_command.py:388} INFO - Running <TaskInstance: assignment_medium.write_data manual__2023-01-31T10:20:03.318478+00:00 [running]> on host 2ee7bc173f76
[2023-01-31T10:20:08.794+0000] {taskinstance.py:1509} INFO - Exporting the following env vars:
AIRFLOW_CTX_DAG_OWNER=***
AIRFLOW_CTX_DAG_ID=assignment_medium
AIRFLOW_CTX_TASK_ID=write_data
AIRFLOW_CTX_EXECUTION_DATE=2023-01-31T10:20:03.318478+00:00
AIRFLOW_CTX_TRY_NUMBER=1
AIRFLOW_CTX_DAG_RUN_ID=manual__2023-01-31T10:20:03.318478+00:00
[2023-01-31T10:20:08.802+0000] {python.py:177} INFO - Done. Returned value was: None
[2023-01-31T10:20:08.813+0000] {taskinstance.py:1323} INFO - Marking task as SUCCESS. dag_id=assignment_medium, task_id=write_data, execution_date=20230131T102003, start_date=20230131T102008, end_date=20230131T102008
[2023-01-31T10:20:08.856+0000] {local_task_job.py:208} INFO - Task exited with return code 0
[2023-01-31T10:20:08.874+0000] {taskinstance.py:2578} INFO - 0 downstream tasks scheduled from follow-on schedule check
