[2023-01-24T16:40:44.394+0000] {taskinstance.py:1083} INFO - Dependencies all met for <TaskInstance: exercise16.transform_users manual__2023-01-24T16:40:42.797709+00:00 [queued]>
[2023-01-24T16:40:44.400+0000] {taskinstance.py:1083} INFO - Dependencies all met for <TaskInstance: exercise16.transform_users manual__2023-01-24T16:40:42.797709+00:00 [queued]>
[2023-01-24T16:40:44.401+0000] {taskinstance.py:1279} INFO - 
--------------------------------------------------------------------------------
[2023-01-24T16:40:44.401+0000] {taskinstance.py:1280} INFO - Starting attempt 1 of 1
[2023-01-24T16:40:44.402+0000] {taskinstance.py:1281} INFO - 
--------------------------------------------------------------------------------
[2023-01-24T16:40:44.410+0000] {taskinstance.py:1300} INFO - Executing <Task(_PythonDecoratedOperator): transform_users> on 2023-01-24 16:40:42.797709+00:00
[2023-01-24T16:40:44.416+0000] {standard_task_runner.py:55} INFO - Started process 1987 to run task
[2023-01-24T16:40:44.419+0000] {standard_task_runner.py:82} INFO - Running: ['***', 'tasks', 'run', 'exercise16', 'transform_users', 'manual__2023-01-24T16:40:42.797709+00:00', '--job-id', '15', '--raw', '--subdir', 'DAGS_FOLDER/exercise16.py', '--cfg-path', '/tmp/tmpju3r16jt']
[2023-01-24T16:40:44.420+0000] {standard_task_runner.py:83} INFO - Job 15: Subtask transform_users
[2023-01-24T16:40:44.472+0000] {task_command.py:388} INFO - Running <TaskInstance: exercise16.transform_users manual__2023-01-24T16:40:42.797709+00:00 [running]> on host 2ee7bc173f76
[2023-01-24T16:40:44.528+0000] {taskinstance.py:1509} INFO - Exporting the following env vars:
AIRFLOW_CTX_DAG_OWNER=***
AIRFLOW_CTX_DAG_ID=exercise16
AIRFLOW_CTX_TASK_ID=transform_users
AIRFLOW_CTX_EXECUTION_DATE=2023-01-24T16:40:42.797709+00:00
AIRFLOW_CTX_TRY_NUMBER=1
AIRFLOW_CTX_DAG_RUN_ID=manual__2023-01-24T16:40:42.797709+00:00
[2023-01-24T16:40:44.530+0000] {logging_mixin.py:137} INFO - User(id='0001', name='Pierre', city='Paris', school='EPITA', age=36, is_teacher=True)
[2023-01-24T16:40:44.530+0000] {logging_mixin.py:137} INFO - User(id='0002', name='Ada', city='London', school='Home', age=28, is_teacher=False)
[2023-01-24T16:40:44.531+0000] {logging_mixin.py:137} INFO - User(id='0003', name='Margaret', city='Boston', school='MIT', age=33, is_teacher=True)
[2023-01-24T16:40:44.531+0000] {python.py:177} INFO - Done. Returned value was: None
[2023-01-24T16:40:44.540+0000] {taskinstance.py:1323} INFO - Marking task as SUCCESS. dag_id=exercise16, task_id=transform_users, execution_date=20230124T164042, start_date=20230124T164044, end_date=20230124T164044
[2023-01-24T16:40:44.597+0000] {local_task_job.py:208} INFO - Task exited with return code 0
[2023-01-24T16:40:44.613+0000] {taskinstance.py:2578} INFO - 0 downstream tasks scheduled from follow-on schedule check
