[2023-01-24T17:18:59.568+0000] {taskinstance.py:1083} INFO - Dependencies all met for <TaskInstance: maingoal.write_flights manual__2023-01-24T17:18:57.666438+00:00 [queued]>
[2023-01-24T17:18:59.574+0000] {taskinstance.py:1083} INFO - Dependencies all met for <TaskInstance: maingoal.write_flights manual__2023-01-24T17:18:57.666438+00:00 [queued]>
[2023-01-24T17:18:59.575+0000] {taskinstance.py:1279} INFO - 
--------------------------------------------------------------------------------
[2023-01-24T17:18:59.575+0000] {taskinstance.py:1280} INFO - Starting attempt 1 of 1
[2023-01-24T17:18:59.575+0000] {taskinstance.py:1281} INFO - 
--------------------------------------------------------------------------------
[2023-01-24T17:18:59.583+0000] {taskinstance.py:1300} INFO - Executing <Task(_PythonDecoratedOperator): write_flights> on 2023-01-24 17:18:57.666438+00:00
[2023-01-24T17:18:59.588+0000] {standard_task_runner.py:55} INFO - Started process 5243 to run task
[2023-01-24T17:18:59.591+0000] {standard_task_runner.py:82} INFO - Running: ['***', 'tasks', 'run', 'maingoal', 'write_flights', 'manual__2023-01-24T17:18:57.666438+00:00', '--job-id', '20', '--raw', '--subdir', 'DAGS_FOLDER/exam1.py', '--cfg-path', '/tmp/tmpdr_8b20s']
[2023-01-24T17:18:59.592+0000] {standard_task_runner.py:83} INFO - Job 20: Subtask write_flights
[2023-01-24T17:18:59.648+0000] {task_command.py:388} INFO - Running <TaskInstance: maingoal.write_flights manual__2023-01-24T17:18:57.666438+00:00 [running]> on host 2ee7bc173f76
[2023-01-24T17:18:59.720+0000] {taskinstance.py:1509} INFO - Exporting the following env vars:
AIRFLOW_CTX_DAG_OWNER=***
AIRFLOW_CTX_DAG_ID=maingoal
AIRFLOW_CTX_TASK_ID=write_flights
AIRFLOW_CTX_EXECUTION_DATE=2023-01-24T17:18:57.666438+00:00
AIRFLOW_CTX_TRY_NUMBER=1
AIRFLOW_CTX_DAG_RUN_ID=manual__2023-01-24T17:18:57.666438+00:00
[2023-01-24T17:18:59.727+0000] {python.py:177} INFO - Done. Returned value was: None
[2023-01-24T17:18:59.737+0000] {taskinstance.py:1323} INFO - Marking task as SUCCESS. dag_id=maingoal, task_id=write_flights, execution_date=20230124T171857, start_date=20230124T171859, end_date=20230124T171859
[2023-01-24T17:18:59.764+0000] {local_task_job.py:208} INFO - Task exited with return code 0
[2023-01-24T17:18:59.780+0000] {taskinstance.py:2578} INFO - 0 downstream tasks scheduled from follow-on schedule check
