[2023-01-31T10:15:31.907+0000] {processor.py:153} INFO - Started process (PID=79) to work on /home/airflow/.local/lib/python3.7/site-packages/airflow/example_dags/example_branch_day_of_week_operator.py
[2023-01-31T10:15:31.909+0000] {processor.py:743} INFO - Processing file /home/airflow/.local/lib/python3.7/site-packages/airflow/example_dags/example_branch_day_of_week_operator.py for tasks to queue
[2023-01-31T10:15:31.911+0000] {logging_mixin.py:137} INFO - [2023-01-31T10:15:31.911+0000] {dagbag.py:538} INFO - Filling up the DagBag from /home/airflow/.local/lib/python3.7/site-packages/airflow/example_dags/example_branch_day_of_week_operator.py
[2023-01-31T10:15:31.930+0000] {processor.py:753} INFO - DAG(s) dict_keys(['example_weekday_branch_operator']) retrieved from /home/airflow/.local/lib/python3.7/site-packages/airflow/example_dags/example_branch_day_of_week_operator.py
[2023-01-31T10:15:31.982+0000] {logging_mixin.py:137} INFO - [2023-01-31T10:15:31.981+0000] {dag.py:2690} INFO - Sync 1 DAGs
[2023-01-31T10:15:32.007+0000] {logging_mixin.py:137} INFO - [2023-01-31T10:15:32.007+0000] {dag.py:3441} INFO - Setting next_dagrun for example_weekday_branch_operator to 2023-01-30T00:00:00+00:00, run_after=2023-01-31T00:00:00+00:00
[2023-01-31T10:15:32.023+0000] {processor.py:175} INFO - Processing /home/airflow/.local/lib/python3.7/site-packages/airflow/example_dags/example_branch_day_of_week_operator.py took 0.119 seconds
[2023-01-31T10:16:02.949+0000] {processor.py:153} INFO - Started process (PID=162) to work on /home/airflow/.local/lib/python3.7/site-packages/airflow/example_dags/example_branch_day_of_week_operator.py
[2023-01-31T10:16:02.951+0000] {processor.py:743} INFO - Processing file /home/airflow/.local/lib/python3.7/site-packages/airflow/example_dags/example_branch_day_of_week_operator.py for tasks to queue
[2023-01-31T10:16:02.956+0000] {logging_mixin.py:137} INFO - [2023-01-31T10:16:02.956+0000] {dagbag.py:538} INFO - Filling up the DagBag from /home/airflow/.local/lib/python3.7/site-packages/airflow/example_dags/example_branch_day_of_week_operator.py
[2023-01-31T10:16:02.973+0000] {processor.py:753} INFO - DAG(s) dict_keys(['example_weekday_branch_operator']) retrieved from /home/airflow/.local/lib/python3.7/site-packages/airflow/example_dags/example_branch_day_of_week_operator.py
[2023-01-31T10:16:03.005+0000] {logging_mixin.py:137} INFO - [2023-01-31T10:16:03.005+0000] {dag.py:2690} INFO - Sync 1 DAGs
[2023-01-31T10:16:03.032+0000] {logging_mixin.py:137} INFO - [2023-01-31T10:16:03.032+0000] {dag.py:3441} INFO - Setting next_dagrun for example_weekday_branch_operator to 2023-01-30T00:00:00+00:00, run_after=2023-01-31T00:00:00+00:00
[2023-01-31T10:16:03.077+0000] {processor.py:175} INFO - Processing /home/airflow/.local/lib/python3.7/site-packages/airflow/example_dags/example_branch_day_of_week_operator.py took 0.132 seconds
[2023-01-31T10:16:34.185+0000] {processor.py:153} INFO - Started process (PID=257) to work on /home/airflow/.local/lib/python3.7/site-packages/airflow/example_dags/example_branch_day_of_week_operator.py
[2023-01-31T10:16:34.187+0000] {processor.py:743} INFO - Processing file /home/airflow/.local/lib/python3.7/site-packages/airflow/example_dags/example_branch_day_of_week_operator.py for tasks to queue
[2023-01-31T10:16:34.188+0000] {logging_mixin.py:137} INFO - [2023-01-31T10:16:34.188+0000] {dagbag.py:538} INFO - Filling up the DagBag from /home/airflow/.local/lib/python3.7/site-packages/airflow/example_dags/example_branch_day_of_week_operator.py
[2023-01-31T10:16:34.202+0000] {processor.py:753} INFO - DAG(s) dict_keys(['example_weekday_branch_operator']) retrieved from /home/airflow/.local/lib/python3.7/site-packages/airflow/example_dags/example_branch_day_of_week_operator.py
[2023-01-31T10:16:34.253+0000] {logging_mixin.py:137} INFO - [2023-01-31T10:16:34.253+0000] {dag.py:2690} INFO - Sync 1 DAGs
[2023-01-31T10:16:34.277+0000] {logging_mixin.py:137} INFO - [2023-01-31T10:16:34.277+0000] {dag.py:3441} INFO - Setting next_dagrun for example_weekday_branch_operator to 2023-01-30T00:00:00+00:00, run_after=2023-01-31T00:00:00+00:00
[2023-01-31T10:16:34.294+0000] {processor.py:175} INFO - Processing /home/airflow/.local/lib/python3.7/site-packages/airflow/example_dags/example_branch_day_of_week_operator.py took 0.112 seconds
[2023-01-31T10:17:05.908+0000] {processor.py:153} INFO - Started process (PID=336) to work on /home/airflow/.local/lib/python3.7/site-packages/airflow/example_dags/example_branch_day_of_week_operator.py
[2023-01-31T10:17:05.912+0000] {processor.py:743} INFO - Processing file /home/airflow/.local/lib/python3.7/site-packages/airflow/example_dags/example_branch_day_of_week_operator.py for tasks to queue
[2023-01-31T10:17:05.926+0000] {logging_mixin.py:137} INFO - [2023-01-31T10:17:05.925+0000] {dagbag.py:538} INFO - Filling up the DagBag from /home/airflow/.local/lib/python3.7/site-packages/airflow/example_dags/example_branch_day_of_week_operator.py
[2023-01-31T10:17:05.947+0000] {processor.py:753} INFO - DAG(s) dict_keys(['example_weekday_branch_operator']) retrieved from /home/airflow/.local/lib/python3.7/site-packages/airflow/example_dags/example_branch_day_of_week_operator.py
[2023-01-31T10:17:06.020+0000] {logging_mixin.py:137} INFO - [2023-01-31T10:17:06.019+0000] {dag.py:2690} INFO - Sync 1 DAGs
[2023-01-31T10:17:06.128+0000] {logging_mixin.py:137} INFO - [2023-01-31T10:17:06.128+0000] {dag.py:3441} INFO - Setting next_dagrun for example_weekday_branch_operator to 2023-01-30T00:00:00+00:00, run_after=2023-01-31T00:00:00+00:00
[2023-01-31T10:17:06.168+0000] {processor.py:175} INFO - Processing /home/airflow/.local/lib/python3.7/site-packages/airflow/example_dags/example_branch_day_of_week_operator.py took 0.263 seconds
[2023-01-31T10:17:36.262+0000] {processor.py:153} INFO - Started process (PID=414) to work on /home/airflow/.local/lib/python3.7/site-packages/airflow/example_dags/example_branch_day_of_week_operator.py
[2023-01-31T10:17:36.264+0000] {processor.py:743} INFO - Processing file /home/airflow/.local/lib/python3.7/site-packages/airflow/example_dags/example_branch_day_of_week_operator.py for tasks to queue
[2023-01-31T10:17:36.266+0000] {logging_mixin.py:137} INFO - [2023-01-31T10:17:36.266+0000] {dagbag.py:538} INFO - Filling up the DagBag from /home/airflow/.local/lib/python3.7/site-packages/airflow/example_dags/example_branch_day_of_week_operator.py
[2023-01-31T10:17:36.278+0000] {processor.py:753} INFO - DAG(s) dict_keys(['example_weekday_branch_operator']) retrieved from /home/airflow/.local/lib/python3.7/site-packages/airflow/example_dags/example_branch_day_of_week_operator.py
[2023-01-31T10:17:36.301+0000] {logging_mixin.py:137} INFO - [2023-01-31T10:17:36.301+0000] {dag.py:2690} INFO - Sync 1 DAGs
[2023-01-31T10:17:36.320+0000] {logging_mixin.py:137} INFO - [2023-01-31T10:17:36.320+0000] {dag.py:3441} INFO - Setting next_dagrun for example_weekday_branch_operator to 2023-01-30T00:00:00+00:00, run_after=2023-01-31T00:00:00+00:00
[2023-01-31T10:17:36.333+0000] {processor.py:175} INFO - Processing /home/airflow/.local/lib/python3.7/site-packages/airflow/example_dags/example_branch_day_of_week_operator.py took 0.074 seconds
[2023-01-31T10:18:07.322+0000] {processor.py:153} INFO - Started process (PID=493) to work on /home/airflow/.local/lib/python3.7/site-packages/airflow/example_dags/example_branch_day_of_week_operator.py
[2023-01-31T10:18:07.323+0000] {processor.py:743} INFO - Processing file /home/airflow/.local/lib/python3.7/site-packages/airflow/example_dags/example_branch_day_of_week_operator.py for tasks to queue
[2023-01-31T10:18:07.324+0000] {logging_mixin.py:137} INFO - [2023-01-31T10:18:07.324+0000] {dagbag.py:538} INFO - Filling up the DagBag from /home/airflow/.local/lib/python3.7/site-packages/airflow/example_dags/example_branch_day_of_week_operator.py
[2023-01-31T10:18:07.337+0000] {processor.py:753} INFO - DAG(s) dict_keys(['example_weekday_branch_operator']) retrieved from /home/airflow/.local/lib/python3.7/site-packages/airflow/example_dags/example_branch_day_of_week_operator.py
[2023-01-31T10:18:07.360+0000] {logging_mixin.py:137} INFO - [2023-01-31T10:18:07.360+0000] {dag.py:2690} INFO - Sync 1 DAGs
[2023-01-31T10:18:07.380+0000] {logging_mixin.py:137} INFO - [2023-01-31T10:18:07.380+0000] {dag.py:3441} INFO - Setting next_dagrun for example_weekday_branch_operator to 2023-01-30T00:00:00+00:00, run_after=2023-01-31T00:00:00+00:00
[2023-01-31T10:18:07.393+0000] {processor.py:175} INFO - Processing /home/airflow/.local/lib/python3.7/site-packages/airflow/example_dags/example_branch_day_of_week_operator.py took 0.074 seconds
[2023-01-31T10:18:43.018+0000] {processor.py:153} INFO - Started process (PID=572) to work on /home/airflow/.local/lib/python3.7/site-packages/airflow/example_dags/example_branch_day_of_week_operator.py
[2023-01-31T10:18:43.022+0000] {processor.py:743} INFO - Processing file /home/airflow/.local/lib/python3.7/site-packages/airflow/example_dags/example_branch_day_of_week_operator.py for tasks to queue
[2023-01-31T10:18:43.027+0000] {logging_mixin.py:137} INFO - [2023-01-31T10:18:43.027+0000] {dagbag.py:538} INFO - Filling up the DagBag from /home/airflow/.local/lib/python3.7/site-packages/airflow/example_dags/example_branch_day_of_week_operator.py
[2023-01-31T10:18:43.077+0000] {processor.py:753} INFO - DAG(s) dict_keys(['example_weekday_branch_operator']) retrieved from /home/airflow/.local/lib/python3.7/site-packages/airflow/example_dags/example_branch_day_of_week_operator.py
[2023-01-31T10:18:43.123+0000] {logging_mixin.py:137} INFO - [2023-01-31T10:18:43.121+0000] {dag.py:2690} INFO - Sync 1 DAGs
[2023-01-31T10:18:43.160+0000] {logging_mixin.py:137} INFO - [2023-01-31T10:18:43.160+0000] {dag.py:3441} INFO - Setting next_dagrun for example_weekday_branch_operator to 2023-01-30T00:00:00+00:00, run_after=2023-01-31T00:00:00+00:00
[2023-01-31T10:18:43.206+0000] {processor.py:175} INFO - Processing /home/airflow/.local/lib/python3.7/site-packages/airflow/example_dags/example_branch_day_of_week_operator.py took 0.192 seconds
[2023-01-31T10:19:14.091+0000] {processor.py:153} INFO - Started process (PID=655) to work on /home/airflow/.local/lib/python3.7/site-packages/airflow/example_dags/example_branch_day_of_week_operator.py
[2023-01-31T10:19:14.093+0000] {processor.py:743} INFO - Processing file /home/airflow/.local/lib/python3.7/site-packages/airflow/example_dags/example_branch_day_of_week_operator.py for tasks to queue
[2023-01-31T10:19:14.094+0000] {logging_mixin.py:137} INFO - [2023-01-31T10:19:14.094+0000] {dagbag.py:538} INFO - Filling up the DagBag from /home/airflow/.local/lib/python3.7/site-packages/airflow/example_dags/example_branch_day_of_week_operator.py
[2023-01-31T10:19:14.127+0000] {processor.py:753} INFO - DAG(s) dict_keys(['example_weekday_branch_operator']) retrieved from /home/airflow/.local/lib/python3.7/site-packages/airflow/example_dags/example_branch_day_of_week_operator.py
[2023-01-31T10:19:14.210+0000] {logging_mixin.py:137} INFO - [2023-01-31T10:19:14.210+0000] {dag.py:2690} INFO - Sync 1 DAGs
[2023-01-31T10:19:14.250+0000] {logging_mixin.py:137} INFO - [2023-01-31T10:19:14.250+0000] {dag.py:3441} INFO - Setting next_dagrun for example_weekday_branch_operator to 2023-01-30T00:00:00+00:00, run_after=2023-01-31T00:00:00+00:00
[2023-01-31T10:19:14.292+0000] {processor.py:175} INFO - Processing /home/airflow/.local/lib/python3.7/site-packages/airflow/example_dags/example_branch_day_of_week_operator.py took 0.207 seconds
[2023-01-31T10:19:44.866+0000] {processor.py:153} INFO - Started process (PID=732) to work on /home/airflow/.local/lib/python3.7/site-packages/airflow/example_dags/example_branch_day_of_week_operator.py
[2023-01-31T10:19:44.867+0000] {processor.py:743} INFO - Processing file /home/airflow/.local/lib/python3.7/site-packages/airflow/example_dags/example_branch_day_of_week_operator.py for tasks to queue
[2023-01-31T10:19:44.870+0000] {logging_mixin.py:137} INFO - [2023-01-31T10:19:44.869+0000] {dagbag.py:538} INFO - Filling up the DagBag from /home/airflow/.local/lib/python3.7/site-packages/airflow/example_dags/example_branch_day_of_week_operator.py
[2023-01-31T10:19:44.899+0000] {processor.py:753} INFO - DAG(s) dict_keys(['example_weekday_branch_operator']) retrieved from /home/airflow/.local/lib/python3.7/site-packages/airflow/example_dags/example_branch_day_of_week_operator.py
[2023-01-31T10:19:44.955+0000] {logging_mixin.py:137} INFO - [2023-01-31T10:19:44.955+0000] {dag.py:2690} INFO - Sync 1 DAGs
[2023-01-31T10:19:45.008+0000] {logging_mixin.py:137} INFO - [2023-01-31T10:19:45.008+0000] {dag.py:3441} INFO - Setting next_dagrun for example_weekday_branch_operator to 2023-01-30T00:00:00+00:00, run_after=2023-01-31T00:00:00+00:00
[2023-01-31T10:19:45.029+0000] {processor.py:175} INFO - Processing /home/airflow/.local/lib/python3.7/site-packages/airflow/example_dags/example_branch_day_of_week_operator.py took 0.167 seconds
[2023-01-31T10:20:15.884+0000] {processor.py:153} INFO - Started process (PID=832) to work on /home/airflow/.local/lib/python3.7/site-packages/airflow/example_dags/example_branch_day_of_week_operator.py
[2023-01-31T10:20:15.888+0000] {processor.py:743} INFO - Processing file /home/airflow/.local/lib/python3.7/site-packages/airflow/example_dags/example_branch_day_of_week_operator.py for tasks to queue
[2023-01-31T10:20:15.891+0000] {logging_mixin.py:137} INFO - [2023-01-31T10:20:15.891+0000] {dagbag.py:538} INFO - Filling up the DagBag from /home/airflow/.local/lib/python3.7/site-packages/airflow/example_dags/example_branch_day_of_week_operator.py
[2023-01-31T10:20:15.913+0000] {processor.py:753} INFO - DAG(s) dict_keys(['example_weekday_branch_operator']) retrieved from /home/airflow/.local/lib/python3.7/site-packages/airflow/example_dags/example_branch_day_of_week_operator.py
[2023-01-31T10:20:16.105+0000] {logging_mixin.py:137} INFO - [2023-01-31T10:20:16.094+0000] {dag.py:2690} INFO - Sync 1 DAGs
[2023-01-31T10:20:16.186+0000] {logging_mixin.py:137} INFO - [2023-01-31T10:20:16.185+0000] {dag.py:3441} INFO - Setting next_dagrun for example_weekday_branch_operator to 2023-01-30T00:00:00+00:00, run_after=2023-01-31T00:00:00+00:00
[2023-01-31T10:20:16.212+0000] {processor.py:175} INFO - Processing /home/airflow/.local/lib/python3.7/site-packages/airflow/example_dags/example_branch_day_of_week_operator.py took 0.332 seconds
[2023-01-31T10:20:46.775+0000] {processor.py:153} INFO - Started process (PID=910) to work on /home/airflow/.local/lib/python3.7/site-packages/airflow/example_dags/example_branch_day_of_week_operator.py
[2023-01-31T10:20:46.780+0000] {processor.py:743} INFO - Processing file /home/airflow/.local/lib/python3.7/site-packages/airflow/example_dags/example_branch_day_of_week_operator.py for tasks to queue
[2023-01-31T10:20:46.782+0000] {logging_mixin.py:137} INFO - [2023-01-31T10:20:46.782+0000] {dagbag.py:538} INFO - Filling up the DagBag from /home/airflow/.local/lib/python3.7/site-packages/airflow/example_dags/example_branch_day_of_week_operator.py
[2023-01-31T10:20:46.819+0000] {processor.py:753} INFO - DAG(s) dict_keys(['example_weekday_branch_operator']) retrieved from /home/airflow/.local/lib/python3.7/site-packages/airflow/example_dags/example_branch_day_of_week_operator.py
[2023-01-31T10:20:46.873+0000] {logging_mixin.py:137} INFO - [2023-01-31T10:20:46.873+0000] {dag.py:2690} INFO - Sync 1 DAGs
[2023-01-31T10:20:46.901+0000] {logging_mixin.py:137} INFO - [2023-01-31T10:20:46.901+0000] {dag.py:3441} INFO - Setting next_dagrun for example_weekday_branch_operator to 2023-01-30T00:00:00+00:00, run_after=2023-01-31T00:00:00+00:00
[2023-01-31T10:20:46.925+0000] {processor.py:175} INFO - Processing /home/airflow/.local/lib/python3.7/site-packages/airflow/example_dags/example_branch_day_of_week_operator.py took 0.154 seconds
[2023-01-31T10:21:17.435+0000] {processor.py:153} INFO - Started process (PID=989) to work on /home/airflow/.local/lib/python3.7/site-packages/airflow/example_dags/example_branch_day_of_week_operator.py
[2023-01-31T10:21:17.437+0000] {processor.py:743} INFO - Processing file /home/airflow/.local/lib/python3.7/site-packages/airflow/example_dags/example_branch_day_of_week_operator.py for tasks to queue
[2023-01-31T10:21:17.438+0000] {logging_mixin.py:137} INFO - [2023-01-31T10:21:17.438+0000] {dagbag.py:538} INFO - Filling up the DagBag from /home/airflow/.local/lib/python3.7/site-packages/airflow/example_dags/example_branch_day_of_week_operator.py
[2023-01-31T10:21:17.453+0000] {processor.py:753} INFO - DAG(s) dict_keys(['example_weekday_branch_operator']) retrieved from /home/airflow/.local/lib/python3.7/site-packages/airflow/example_dags/example_branch_day_of_week_operator.py
[2023-01-31T10:21:17.480+0000] {logging_mixin.py:137} INFO - [2023-01-31T10:21:17.479+0000] {dag.py:2690} INFO - Sync 1 DAGs
[2023-01-31T10:21:17.511+0000] {logging_mixin.py:137} INFO - [2023-01-31T10:21:17.510+0000] {dag.py:3441} INFO - Setting next_dagrun for example_weekday_branch_operator to 2023-01-30T00:00:00+00:00, run_after=2023-01-31T00:00:00+00:00
[2023-01-31T10:21:17.534+0000] {processor.py:175} INFO - Processing /home/airflow/.local/lib/python3.7/site-packages/airflow/example_dags/example_branch_day_of_week_operator.py took 0.102 seconds
[2023-01-31T10:21:47.949+0000] {processor.py:153} INFO - Started process (PID=1067) to work on /home/airflow/.local/lib/python3.7/site-packages/airflow/example_dags/example_branch_day_of_week_operator.py
[2023-01-31T10:21:47.953+0000] {processor.py:743} INFO - Processing file /home/airflow/.local/lib/python3.7/site-packages/airflow/example_dags/example_branch_day_of_week_operator.py for tasks to queue
[2023-01-31T10:21:47.955+0000] {logging_mixin.py:137} INFO - [2023-01-31T10:21:47.954+0000] {dagbag.py:538} INFO - Filling up the DagBag from /home/airflow/.local/lib/python3.7/site-packages/airflow/example_dags/example_branch_day_of_week_operator.py
[2023-01-31T10:21:47.967+0000] {processor.py:753} INFO - DAG(s) dict_keys(['example_weekday_branch_operator']) retrieved from /home/airflow/.local/lib/python3.7/site-packages/airflow/example_dags/example_branch_day_of_week_operator.py
[2023-01-31T10:21:48.024+0000] {logging_mixin.py:137} INFO - [2023-01-31T10:21:48.023+0000] {dag.py:2690} INFO - Sync 1 DAGs
[2023-01-31T10:21:48.046+0000] {logging_mixin.py:137} INFO - [2023-01-31T10:21:48.046+0000] {dag.py:3441} INFO - Setting next_dagrun for example_weekday_branch_operator to 2023-01-30T00:00:00+00:00, run_after=2023-01-31T00:00:00+00:00
[2023-01-31T10:21:48.063+0000] {processor.py:175} INFO - Processing /home/airflow/.local/lib/python3.7/site-packages/airflow/example_dags/example_branch_day_of_week_operator.py took 0.117 seconds
[2023-01-31T10:22:18.617+0000] {processor.py:153} INFO - Started process (PID=1147) to work on /home/airflow/.local/lib/python3.7/site-packages/airflow/example_dags/example_branch_day_of_week_operator.py
[2023-01-31T10:22:18.619+0000] {processor.py:743} INFO - Processing file /home/airflow/.local/lib/python3.7/site-packages/airflow/example_dags/example_branch_day_of_week_operator.py for tasks to queue
[2023-01-31T10:22:18.620+0000] {logging_mixin.py:137} INFO - [2023-01-31T10:22:18.620+0000] {dagbag.py:538} INFO - Filling up the DagBag from /home/airflow/.local/lib/python3.7/site-packages/airflow/example_dags/example_branch_day_of_week_operator.py
[2023-01-31T10:22:18.635+0000] {processor.py:753} INFO - DAG(s) dict_keys(['example_weekday_branch_operator']) retrieved from /home/airflow/.local/lib/python3.7/site-packages/airflow/example_dags/example_branch_day_of_week_operator.py
[2023-01-31T10:22:18.681+0000] {logging_mixin.py:137} INFO - [2023-01-31T10:22:18.681+0000] {dag.py:2690} INFO - Sync 1 DAGs
[2023-01-31T10:22:18.752+0000] {logging_mixin.py:137} INFO - [2023-01-31T10:22:18.751+0000] {dag.py:3441} INFO - Setting next_dagrun for example_weekday_branch_operator to 2023-01-30T00:00:00+00:00, run_after=2023-01-31T00:00:00+00:00
[2023-01-31T10:22:18.907+0000] {processor.py:175} INFO - Processing /home/airflow/.local/lib/python3.7/site-packages/airflow/example_dags/example_branch_day_of_week_operator.py took 0.295 seconds
[2023-01-31T10:22:51.323+0000] {processor.py:153} INFO - Started process (PID=1241) to work on /home/airflow/.local/lib/python3.7/site-packages/airflow/example_dags/example_branch_day_of_week_operator.py
[2023-01-31T10:22:51.331+0000] {processor.py:743} INFO - Processing file /home/airflow/.local/lib/python3.7/site-packages/airflow/example_dags/example_branch_day_of_week_operator.py for tasks to queue
[2023-01-31T10:22:51.347+0000] {logging_mixin.py:137} INFO - [2023-01-31T10:22:51.347+0000] {dagbag.py:538} INFO - Filling up the DagBag from /home/airflow/.local/lib/python3.7/site-packages/airflow/example_dags/example_branch_day_of_week_operator.py
[2023-01-31T10:22:51.383+0000] {processor.py:753} INFO - DAG(s) dict_keys(['example_weekday_branch_operator']) retrieved from /home/airflow/.local/lib/python3.7/site-packages/airflow/example_dags/example_branch_day_of_week_operator.py
[2023-01-31T10:22:51.490+0000] {logging_mixin.py:137} INFO - [2023-01-31T10:22:51.490+0000] {dag.py:2690} INFO - Sync 1 DAGs
[2023-01-31T10:22:51.540+0000] {logging_mixin.py:137} INFO - [2023-01-31T10:22:51.540+0000] {dag.py:3441} INFO - Setting next_dagrun for example_weekday_branch_operator to 2023-01-30T00:00:00+00:00, run_after=2023-01-31T00:00:00+00:00
[2023-01-31T10:22:51.619+0000] {processor.py:175} INFO - Processing /home/airflow/.local/lib/python3.7/site-packages/airflow/example_dags/example_branch_day_of_week_operator.py took 0.306 seconds
[2023-01-31T10:23:21.897+0000] {processor.py:153} INFO - Started process (PID=1319) to work on /home/airflow/.local/lib/python3.7/site-packages/airflow/example_dags/example_branch_day_of_week_operator.py
[2023-01-31T10:23:21.899+0000] {processor.py:743} INFO - Processing file /home/airflow/.local/lib/python3.7/site-packages/airflow/example_dags/example_branch_day_of_week_operator.py for tasks to queue
[2023-01-31T10:23:21.901+0000] {logging_mixin.py:137} INFO - [2023-01-31T10:23:21.901+0000] {dagbag.py:538} INFO - Filling up the DagBag from /home/airflow/.local/lib/python3.7/site-packages/airflow/example_dags/example_branch_day_of_week_operator.py
[2023-01-31T10:23:21.924+0000] {processor.py:753} INFO - DAG(s) dict_keys(['example_weekday_branch_operator']) retrieved from /home/airflow/.local/lib/python3.7/site-packages/airflow/example_dags/example_branch_day_of_week_operator.py
[2023-01-31T10:23:21.956+0000] {logging_mixin.py:137} INFO - [2023-01-31T10:23:21.956+0000] {dag.py:2690} INFO - Sync 1 DAGs
[2023-01-31T10:23:21.973+0000] {logging_mixin.py:137} INFO - [2023-01-31T10:23:21.973+0000] {dag.py:3441} INFO - Setting next_dagrun for example_weekday_branch_operator to 2023-01-30T00:00:00+00:00, run_after=2023-01-31T00:00:00+00:00
[2023-01-31T10:23:21.991+0000] {processor.py:175} INFO - Processing /home/airflow/.local/lib/python3.7/site-packages/airflow/example_dags/example_branch_day_of_week_operator.py took 0.096 seconds
[2023-01-31T10:23:53.265+0000] {processor.py:153} INFO - Started process (PID=1398) to work on /home/airflow/.local/lib/python3.7/site-packages/airflow/example_dags/example_branch_day_of_week_operator.py
[2023-01-31T10:23:53.267+0000] {processor.py:743} INFO - Processing file /home/airflow/.local/lib/python3.7/site-packages/airflow/example_dags/example_branch_day_of_week_operator.py for tasks to queue
[2023-01-31T10:23:53.268+0000] {logging_mixin.py:137} INFO - [2023-01-31T10:23:53.268+0000] {dagbag.py:538} INFO - Filling up the DagBag from /home/airflow/.local/lib/python3.7/site-packages/airflow/example_dags/example_branch_day_of_week_operator.py
[2023-01-31T10:23:53.281+0000] {processor.py:753} INFO - DAG(s) dict_keys(['example_weekday_branch_operator']) retrieved from /home/airflow/.local/lib/python3.7/site-packages/airflow/example_dags/example_branch_day_of_week_operator.py
[2023-01-31T10:23:53.318+0000] {logging_mixin.py:137} INFO - [2023-01-31T10:23:53.317+0000] {dag.py:2690} INFO - Sync 1 DAGs
[2023-01-31T10:23:53.338+0000] {logging_mixin.py:137} INFO - [2023-01-31T10:23:53.338+0000] {dag.py:3441} INFO - Setting next_dagrun for example_weekday_branch_operator to 2023-01-30T00:00:00+00:00, run_after=2023-01-31T00:00:00+00:00
[2023-01-31T10:23:53.358+0000] {processor.py:175} INFO - Processing /home/airflow/.local/lib/python3.7/site-packages/airflow/example_dags/example_branch_day_of_week_operator.py took 0.098 seconds
[2023-01-31T10:24:23.554+0000] {processor.py:153} INFO - Started process (PID=1476) to work on /home/airflow/.local/lib/python3.7/site-packages/airflow/example_dags/example_branch_day_of_week_operator.py
[2023-01-31T10:24:23.573+0000] {processor.py:743} INFO - Processing file /home/airflow/.local/lib/python3.7/site-packages/airflow/example_dags/example_branch_day_of_week_operator.py for tasks to queue
[2023-01-31T10:24:23.575+0000] {logging_mixin.py:137} INFO - [2023-01-31T10:24:23.575+0000] {dagbag.py:538} INFO - Filling up the DagBag from /home/airflow/.local/lib/python3.7/site-packages/airflow/example_dags/example_branch_day_of_week_operator.py
[2023-01-31T10:24:23.593+0000] {processor.py:753} INFO - DAG(s) dict_keys(['example_weekday_branch_operator']) retrieved from /home/airflow/.local/lib/python3.7/site-packages/airflow/example_dags/example_branch_day_of_week_operator.py
[2023-01-31T10:24:23.642+0000] {logging_mixin.py:137} INFO - [2023-01-31T10:24:23.642+0000] {dag.py:2690} INFO - Sync 1 DAGs
[2023-01-31T10:24:23.671+0000] {logging_mixin.py:137} INFO - [2023-01-31T10:24:23.670+0000] {dag.py:3441} INFO - Setting next_dagrun for example_weekday_branch_operator to 2023-01-30T00:00:00+00:00, run_after=2023-01-31T00:00:00+00:00
[2023-01-31T10:24:23.687+0000] {processor.py:175} INFO - Processing /home/airflow/.local/lib/python3.7/site-packages/airflow/example_dags/example_branch_day_of_week_operator.py took 0.135 seconds
[2023-01-31T10:24:54.581+0000] {processor.py:153} INFO - Started process (PID=1558) to work on /home/airflow/.local/lib/python3.7/site-packages/airflow/example_dags/example_branch_day_of_week_operator.py
[2023-01-31T10:24:54.582+0000] {processor.py:743} INFO - Processing file /home/airflow/.local/lib/python3.7/site-packages/airflow/example_dags/example_branch_day_of_week_operator.py for tasks to queue
[2023-01-31T10:24:54.583+0000] {logging_mixin.py:137} INFO - [2023-01-31T10:24:54.583+0000] {dagbag.py:538} INFO - Filling up the DagBag from /home/airflow/.local/lib/python3.7/site-packages/airflow/example_dags/example_branch_day_of_week_operator.py
[2023-01-31T10:24:54.597+0000] {processor.py:753} INFO - DAG(s) dict_keys(['example_weekday_branch_operator']) retrieved from /home/airflow/.local/lib/python3.7/site-packages/airflow/example_dags/example_branch_day_of_week_operator.py
[2023-01-31T10:24:54.641+0000] {logging_mixin.py:137} INFO - [2023-01-31T10:24:54.641+0000] {dag.py:2690} INFO - Sync 1 DAGs
[2023-01-31T10:24:54.659+0000] {logging_mixin.py:137} INFO - [2023-01-31T10:24:54.658+0000] {dag.py:3441} INFO - Setting next_dagrun for example_weekday_branch_operator to 2023-01-30T00:00:00+00:00, run_after=2023-01-31T00:00:00+00:00
[2023-01-31T10:24:54.684+0000] {processor.py:175} INFO - Processing /home/airflow/.local/lib/python3.7/site-packages/airflow/example_dags/example_branch_day_of_week_operator.py took 0.107 seconds
[2023-01-31T10:25:28.433+0000] {processor.py:153} INFO - Started process (PID=1646) to work on /home/airflow/.local/lib/python3.7/site-packages/airflow/example_dags/example_branch_day_of_week_operator.py
[2023-01-31T10:25:28.458+0000] {processor.py:743} INFO - Processing file /home/airflow/.local/lib/python3.7/site-packages/airflow/example_dags/example_branch_day_of_week_operator.py for tasks to queue
[2023-01-31T10:25:28.469+0000] {logging_mixin.py:137} INFO - [2023-01-31T10:25:28.469+0000] {dagbag.py:538} INFO - Filling up the DagBag from /home/airflow/.local/lib/python3.7/site-packages/airflow/example_dags/example_branch_day_of_week_operator.py
[2023-01-31T10:25:28.547+0000] {processor.py:753} INFO - DAG(s) dict_keys(['example_weekday_branch_operator']) retrieved from /home/airflow/.local/lib/python3.7/site-packages/airflow/example_dags/example_branch_day_of_week_operator.py
[2023-01-31T10:25:28.639+0000] {logging_mixin.py:137} INFO - [2023-01-31T10:25:28.639+0000] {dag.py:2690} INFO - Sync 1 DAGs
[2023-01-31T10:25:28.696+0000] {logging_mixin.py:137} INFO - [2023-01-31T10:25:28.696+0000] {dag.py:3441} INFO - Setting next_dagrun for example_weekday_branch_operator to 2023-01-30T00:00:00+00:00, run_after=2023-01-31T00:00:00+00:00
[2023-01-31T10:25:28.840+0000] {processor.py:175} INFO - Processing /home/airflow/.local/lib/python3.7/site-packages/airflow/example_dags/example_branch_day_of_week_operator.py took 0.455 seconds
[2023-01-31T10:25:59.615+0000] {processor.py:153} INFO - Started process (PID=1733) to work on /home/airflow/.local/lib/python3.7/site-packages/airflow/example_dags/example_branch_day_of_week_operator.py
[2023-01-31T10:25:59.635+0000] {processor.py:743} INFO - Processing file /home/airflow/.local/lib/python3.7/site-packages/airflow/example_dags/example_branch_day_of_week_operator.py for tasks to queue
[2023-01-31T10:25:59.652+0000] {logging_mixin.py:137} INFO - [2023-01-31T10:25:59.652+0000] {dagbag.py:538} INFO - Filling up the DagBag from /home/airflow/.local/lib/python3.7/site-packages/airflow/example_dags/example_branch_day_of_week_operator.py
[2023-01-31T10:25:59.701+0000] {processor.py:753} INFO - DAG(s) dict_keys(['example_weekday_branch_operator']) retrieved from /home/airflow/.local/lib/python3.7/site-packages/airflow/example_dags/example_branch_day_of_week_operator.py
[2023-01-31T10:25:59.800+0000] {logging_mixin.py:137} INFO - [2023-01-31T10:25:59.800+0000] {dag.py:2690} INFO - Sync 1 DAGs
[2023-01-31T10:25:59.848+0000] {logging_mixin.py:137} INFO - [2023-01-31T10:25:59.848+0000] {dag.py:3441} INFO - Setting next_dagrun for example_weekday_branch_operator to 2023-01-30T00:00:00+00:00, run_after=2023-01-31T00:00:00+00:00
[2023-01-31T10:25:59.884+0000] {processor.py:175} INFO - Processing /home/airflow/.local/lib/python3.7/site-packages/airflow/example_dags/example_branch_day_of_week_operator.py took 0.276 seconds
[2023-01-31T10:26:30.019+0000] {processor.py:153} INFO - Started process (PID=1815) to work on /home/airflow/.local/lib/python3.7/site-packages/airflow/example_dags/example_branch_day_of_week_operator.py
[2023-01-31T10:26:30.021+0000] {processor.py:743} INFO - Processing file /home/airflow/.local/lib/python3.7/site-packages/airflow/example_dags/example_branch_day_of_week_operator.py for tasks to queue
[2023-01-31T10:26:30.023+0000] {logging_mixin.py:137} INFO - [2023-01-31T10:26:30.023+0000] {dagbag.py:538} INFO - Filling up the DagBag from /home/airflow/.local/lib/python3.7/site-packages/airflow/example_dags/example_branch_day_of_week_operator.py
[2023-01-31T10:26:30.045+0000] {processor.py:753} INFO - DAG(s) dict_keys(['example_weekday_branch_operator']) retrieved from /home/airflow/.local/lib/python3.7/site-packages/airflow/example_dags/example_branch_day_of_week_operator.py
[2023-01-31T10:26:30.108+0000] {logging_mixin.py:137} INFO - [2023-01-31T10:26:30.107+0000] {dag.py:2690} INFO - Sync 1 DAGs
[2023-01-31T10:26:30.135+0000] {logging_mixin.py:137} INFO - [2023-01-31T10:26:30.135+0000] {dag.py:3441} INFO - Setting next_dagrun for example_weekday_branch_operator to 2023-01-30T00:00:00+00:00, run_after=2023-01-31T00:00:00+00:00
[2023-01-31T10:26:30.155+0000] {processor.py:175} INFO - Processing /home/airflow/.local/lib/python3.7/site-packages/airflow/example_dags/example_branch_day_of_week_operator.py took 0.143 seconds
[2023-01-31T10:27:01.333+0000] {processor.py:153} INFO - Started process (PID=1895) to work on /home/airflow/.local/lib/python3.7/site-packages/airflow/example_dags/example_branch_day_of_week_operator.py
[2023-01-31T10:27:01.339+0000] {processor.py:743} INFO - Processing file /home/airflow/.local/lib/python3.7/site-packages/airflow/example_dags/example_branch_day_of_week_operator.py for tasks to queue
[2023-01-31T10:27:01.346+0000] {logging_mixin.py:137} INFO - [2023-01-31T10:27:01.346+0000] {dagbag.py:538} INFO - Filling up the DagBag from /home/airflow/.local/lib/python3.7/site-packages/airflow/example_dags/example_branch_day_of_week_operator.py
[2023-01-31T10:27:01.396+0000] {processor.py:753} INFO - DAG(s) dict_keys(['example_weekday_branch_operator']) retrieved from /home/airflow/.local/lib/python3.7/site-packages/airflow/example_dags/example_branch_day_of_week_operator.py
[2023-01-31T10:27:01.494+0000] {logging_mixin.py:137} INFO - [2023-01-31T10:27:01.494+0000] {dag.py:2690} INFO - Sync 1 DAGs
[2023-01-31T10:27:01.535+0000] {logging_mixin.py:137} INFO - [2023-01-31T10:27:01.535+0000] {dag.py:3441} INFO - Setting next_dagrun for example_weekday_branch_operator to 2023-01-30T00:00:00+00:00, run_after=2023-01-31T00:00:00+00:00
[2023-01-31T10:27:01.554+0000] {processor.py:175} INFO - Processing /home/airflow/.local/lib/python3.7/site-packages/airflow/example_dags/example_branch_day_of_week_operator.py took 0.231 seconds
[2023-01-31T10:27:31.809+0000] {processor.py:153} INFO - Started process (PID=1990) to work on /home/airflow/.local/lib/python3.7/site-packages/airflow/example_dags/example_branch_day_of_week_operator.py
[2023-01-31T10:27:31.814+0000] {processor.py:743} INFO - Processing file /home/airflow/.local/lib/python3.7/site-packages/airflow/example_dags/example_branch_day_of_week_operator.py for tasks to queue
[2023-01-31T10:27:31.815+0000] {logging_mixin.py:137} INFO - [2023-01-31T10:27:31.815+0000] {dagbag.py:538} INFO - Filling up the DagBag from /home/airflow/.local/lib/python3.7/site-packages/airflow/example_dags/example_branch_day_of_week_operator.py
[2023-01-31T10:27:31.854+0000] {processor.py:753} INFO - DAG(s) dict_keys(['example_weekday_branch_operator']) retrieved from /home/airflow/.local/lib/python3.7/site-packages/airflow/example_dags/example_branch_day_of_week_operator.py
[2023-01-31T10:27:31.905+0000] {logging_mixin.py:137} INFO - [2023-01-31T10:27:31.904+0000] {dag.py:2690} INFO - Sync 1 DAGs
[2023-01-31T10:27:31.947+0000] {logging_mixin.py:137} INFO - [2023-01-31T10:27:31.947+0000] {dag.py:3441} INFO - Setting next_dagrun for example_weekday_branch_operator to 2023-01-30T00:00:00+00:00, run_after=2023-01-31T00:00:00+00:00
[2023-01-31T10:27:31.979+0000] {processor.py:175} INFO - Processing /home/airflow/.local/lib/python3.7/site-packages/airflow/example_dags/example_branch_day_of_week_operator.py took 0.176 seconds
[2023-01-31T10:28:02.378+0000] {processor.py:153} INFO - Started process (PID=2070) to work on /home/airflow/.local/lib/python3.7/site-packages/airflow/example_dags/example_branch_day_of_week_operator.py
[2023-01-31T10:28:02.381+0000] {processor.py:743} INFO - Processing file /home/airflow/.local/lib/python3.7/site-packages/airflow/example_dags/example_branch_day_of_week_operator.py for tasks to queue
[2023-01-31T10:28:02.382+0000] {logging_mixin.py:137} INFO - [2023-01-31T10:28:02.382+0000] {dagbag.py:538} INFO - Filling up the DagBag from /home/airflow/.local/lib/python3.7/site-packages/airflow/example_dags/example_branch_day_of_week_operator.py
[2023-01-31T10:28:02.431+0000] {processor.py:753} INFO - DAG(s) dict_keys(['example_weekday_branch_operator']) retrieved from /home/airflow/.local/lib/python3.7/site-packages/airflow/example_dags/example_branch_day_of_week_operator.py
[2023-01-31T10:28:02.514+0000] {logging_mixin.py:137} INFO - [2023-01-31T10:28:02.513+0000] {dag.py:2690} INFO - Sync 1 DAGs
[2023-01-31T10:28:02.546+0000] {logging_mixin.py:137} INFO - [2023-01-31T10:28:02.545+0000] {dag.py:3441} INFO - Setting next_dagrun for example_weekday_branch_operator to 2023-01-30T00:00:00+00:00, run_after=2023-01-31T00:00:00+00:00
[2023-01-31T10:28:02.566+0000] {processor.py:175} INFO - Processing /home/airflow/.local/lib/python3.7/site-packages/airflow/example_dags/example_branch_day_of_week_operator.py took 0.195 seconds
[2023-01-31T10:28:32.680+0000] {processor.py:153} INFO - Started process (PID=2158) to work on /home/airflow/.local/lib/python3.7/site-packages/airflow/example_dags/example_branch_day_of_week_operator.py
[2023-01-31T10:28:32.684+0000] {processor.py:743} INFO - Processing file /home/airflow/.local/lib/python3.7/site-packages/airflow/example_dags/example_branch_day_of_week_operator.py for tasks to queue
[2023-01-31T10:28:32.685+0000] {logging_mixin.py:137} INFO - [2023-01-31T10:28:32.685+0000] {dagbag.py:538} INFO - Filling up the DagBag from /home/airflow/.local/lib/python3.7/site-packages/airflow/example_dags/example_branch_day_of_week_operator.py
[2023-01-31T10:28:32.724+0000] {processor.py:753} INFO - DAG(s) dict_keys(['example_weekday_branch_operator']) retrieved from /home/airflow/.local/lib/python3.7/site-packages/airflow/example_dags/example_branch_day_of_week_operator.py
[2023-01-31T10:28:32.831+0000] {logging_mixin.py:137} INFO - [2023-01-31T10:28:32.830+0000] {dag.py:2690} INFO - Sync 1 DAGs
[2023-01-31T10:28:32.930+0000] {logging_mixin.py:137} INFO - [2023-01-31T10:28:32.930+0000] {dag.py:3441} INFO - Setting next_dagrun for example_weekday_branch_operator to 2023-01-30T00:00:00+00:00, run_after=2023-01-31T00:00:00+00:00
[2023-01-31T10:28:32.956+0000] {processor.py:175} INFO - Processing /home/airflow/.local/lib/python3.7/site-packages/airflow/example_dags/example_branch_day_of_week_operator.py took 0.285 seconds
[2023-01-31T10:29:03.139+0000] {processor.py:153} INFO - Started process (PID=2242) to work on /home/airflow/.local/lib/python3.7/site-packages/airflow/example_dags/example_branch_day_of_week_operator.py
[2023-01-31T10:29:03.142+0000] {processor.py:743} INFO - Processing file /home/airflow/.local/lib/python3.7/site-packages/airflow/example_dags/example_branch_day_of_week_operator.py for tasks to queue
[2023-01-31T10:29:03.144+0000] {logging_mixin.py:137} INFO - [2023-01-31T10:29:03.144+0000] {dagbag.py:538} INFO - Filling up the DagBag from /home/airflow/.local/lib/python3.7/site-packages/airflow/example_dags/example_branch_day_of_week_operator.py
[2023-01-31T10:29:03.176+0000] {processor.py:753} INFO - DAG(s) dict_keys(['example_weekday_branch_operator']) retrieved from /home/airflow/.local/lib/python3.7/site-packages/airflow/example_dags/example_branch_day_of_week_operator.py
[2023-01-31T10:29:03.249+0000] {logging_mixin.py:137} INFO - [2023-01-31T10:29:03.249+0000] {dag.py:2690} INFO - Sync 1 DAGs
[2023-01-31T10:29:03.296+0000] {logging_mixin.py:137} INFO - [2023-01-31T10:29:03.296+0000] {dag.py:3441} INFO - Setting next_dagrun for example_weekday_branch_operator to 2023-01-30T00:00:00+00:00, run_after=2023-01-31T00:00:00+00:00
[2023-01-31T10:29:03.316+0000] {processor.py:175} INFO - Processing /home/airflow/.local/lib/python3.7/site-packages/airflow/example_dags/example_branch_day_of_week_operator.py took 0.187 seconds
[2023-01-31T10:29:34.191+0000] {processor.py:153} INFO - Started process (PID=2322) to work on /home/airflow/.local/lib/python3.7/site-packages/airflow/example_dags/example_branch_day_of_week_operator.py
[2023-01-31T10:29:34.197+0000] {processor.py:743} INFO - Processing file /home/airflow/.local/lib/python3.7/site-packages/airflow/example_dags/example_branch_day_of_week_operator.py for tasks to queue
[2023-01-31T10:29:34.199+0000] {logging_mixin.py:137} INFO - [2023-01-31T10:29:34.198+0000] {dagbag.py:538} INFO - Filling up the DagBag from /home/airflow/.local/lib/python3.7/site-packages/airflow/example_dags/example_branch_day_of_week_operator.py
[2023-01-31T10:29:34.224+0000] {processor.py:753} INFO - DAG(s) dict_keys(['example_weekday_branch_operator']) retrieved from /home/airflow/.local/lib/python3.7/site-packages/airflow/example_dags/example_branch_day_of_week_operator.py
[2023-01-31T10:29:34.370+0000] {logging_mixin.py:137} INFO - [2023-01-31T10:29:34.370+0000] {dag.py:2690} INFO - Sync 1 DAGs
[2023-01-31T10:29:34.415+0000] {logging_mixin.py:137} INFO - [2023-01-31T10:29:34.415+0000] {dag.py:3441} INFO - Setting next_dagrun for example_weekday_branch_operator to 2023-01-30T00:00:00+00:00, run_after=2023-01-31T00:00:00+00:00
[2023-01-31T10:29:34.444+0000] {processor.py:175} INFO - Processing /home/airflow/.local/lib/python3.7/site-packages/airflow/example_dags/example_branch_day_of_week_operator.py took 0.258 seconds
[2023-01-31T10:30:04.739+0000] {processor.py:153} INFO - Started process (PID=2401) to work on /home/airflow/.local/lib/python3.7/site-packages/airflow/example_dags/example_branch_day_of_week_operator.py
[2023-01-31T10:30:04.758+0000] {processor.py:743} INFO - Processing file /home/airflow/.local/lib/python3.7/site-packages/airflow/example_dags/example_branch_day_of_week_operator.py for tasks to queue
[2023-01-31T10:30:04.759+0000] {logging_mixin.py:137} INFO - [2023-01-31T10:30:04.759+0000] {dagbag.py:538} INFO - Filling up the DagBag from /home/airflow/.local/lib/python3.7/site-packages/airflow/example_dags/example_branch_day_of_week_operator.py
[2023-01-31T10:30:04.774+0000] {processor.py:753} INFO - DAG(s) dict_keys(['example_weekday_branch_operator']) retrieved from /home/airflow/.local/lib/python3.7/site-packages/airflow/example_dags/example_branch_day_of_week_operator.py
[2023-01-31T10:30:04.831+0000] {logging_mixin.py:137} INFO - [2023-01-31T10:30:04.831+0000] {dag.py:2690} INFO - Sync 1 DAGs
[2023-01-31T10:30:04.872+0000] {logging_mixin.py:137} INFO - [2023-01-31T10:30:04.872+0000] {dag.py:3441} INFO - Setting next_dagrun for example_weekday_branch_operator to 2023-01-30T00:00:00+00:00, run_after=2023-01-31T00:00:00+00:00
[2023-01-31T10:30:04.892+0000] {processor.py:175} INFO - Processing /home/airflow/.local/lib/python3.7/site-packages/airflow/example_dags/example_branch_day_of_week_operator.py took 0.156 seconds
[2023-01-31T10:30:35.866+0000] {processor.py:153} INFO - Started process (PID=2480) to work on /home/airflow/.local/lib/python3.7/site-packages/airflow/example_dags/example_branch_day_of_week_operator.py
[2023-01-31T10:30:35.873+0000] {processor.py:743} INFO - Processing file /home/airflow/.local/lib/python3.7/site-packages/airflow/example_dags/example_branch_day_of_week_operator.py for tasks to queue
[2023-01-31T10:30:35.880+0000] {logging_mixin.py:137} INFO - [2023-01-31T10:30:35.880+0000] {dagbag.py:538} INFO - Filling up the DagBag from /home/airflow/.local/lib/python3.7/site-packages/airflow/example_dags/example_branch_day_of_week_operator.py
[2023-01-31T10:30:35.908+0000] {processor.py:753} INFO - DAG(s) dict_keys(['example_weekday_branch_operator']) retrieved from /home/airflow/.local/lib/python3.7/site-packages/airflow/example_dags/example_branch_day_of_week_operator.py
[2023-01-31T10:30:35.949+0000] {logging_mixin.py:137} INFO - [2023-01-31T10:30:35.948+0000] {dag.py:2690} INFO - Sync 1 DAGs
[2023-01-31T10:30:35.978+0000] {logging_mixin.py:137} INFO - [2023-01-31T10:30:35.978+0000] {dag.py:3441} INFO - Setting next_dagrun for example_weekday_branch_operator to 2023-01-30T00:00:00+00:00, run_after=2023-01-31T00:00:00+00:00
[2023-01-31T10:30:35.997+0000] {processor.py:175} INFO - Processing /home/airflow/.local/lib/python3.7/site-packages/airflow/example_dags/example_branch_day_of_week_operator.py took 0.146 seconds
[2023-01-31T10:31:06.144+0000] {processor.py:153} INFO - Started process (PID=2558) to work on /home/airflow/.local/lib/python3.7/site-packages/airflow/example_dags/example_branch_day_of_week_operator.py
[2023-01-31T10:31:06.147+0000] {processor.py:743} INFO - Processing file /home/airflow/.local/lib/python3.7/site-packages/airflow/example_dags/example_branch_day_of_week_operator.py for tasks to queue
[2023-01-31T10:31:06.151+0000] {logging_mixin.py:137} INFO - [2023-01-31T10:31:06.151+0000] {dagbag.py:538} INFO - Filling up the DagBag from /home/airflow/.local/lib/python3.7/site-packages/airflow/example_dags/example_branch_day_of_week_operator.py
[2023-01-31T10:31:06.171+0000] {processor.py:753} INFO - DAG(s) dict_keys(['example_weekday_branch_operator']) retrieved from /home/airflow/.local/lib/python3.7/site-packages/airflow/example_dags/example_branch_day_of_week_operator.py
[2023-01-31T10:31:06.204+0000] {logging_mixin.py:137} INFO - [2023-01-31T10:31:06.204+0000] {dag.py:2690} INFO - Sync 1 DAGs
[2023-01-31T10:31:06.251+0000] {logging_mixin.py:137} INFO - [2023-01-31T10:31:06.250+0000] {dag.py:3441} INFO - Setting next_dagrun for example_weekday_branch_operator to 2023-01-30T00:00:00+00:00, run_after=2023-01-31T00:00:00+00:00
[2023-01-31T10:31:06.295+0000] {processor.py:175} INFO - Processing /home/airflow/.local/lib/python3.7/site-packages/airflow/example_dags/example_branch_day_of_week_operator.py took 0.155 seconds
[2023-01-31T10:31:37.386+0000] {processor.py:153} INFO - Started process (PID=2651) to work on /home/airflow/.local/lib/python3.7/site-packages/airflow/example_dags/example_branch_day_of_week_operator.py
[2023-01-31T10:31:37.388+0000] {processor.py:743} INFO - Processing file /home/airflow/.local/lib/python3.7/site-packages/airflow/example_dags/example_branch_day_of_week_operator.py for tasks to queue
[2023-01-31T10:31:37.390+0000] {logging_mixin.py:137} INFO - [2023-01-31T10:31:37.390+0000] {dagbag.py:538} INFO - Filling up the DagBag from /home/airflow/.local/lib/python3.7/site-packages/airflow/example_dags/example_branch_day_of_week_operator.py
[2023-01-31T10:31:37.415+0000] {processor.py:753} INFO - DAG(s) dict_keys(['example_weekday_branch_operator']) retrieved from /home/airflow/.local/lib/python3.7/site-packages/airflow/example_dags/example_branch_day_of_week_operator.py
[2023-01-31T10:31:37.481+0000] {logging_mixin.py:137} INFO - [2023-01-31T10:31:37.481+0000] {dag.py:2690} INFO - Sync 1 DAGs
[2023-01-31T10:31:37.540+0000] {logging_mixin.py:137} INFO - [2023-01-31T10:31:37.540+0000] {dag.py:3441} INFO - Setting next_dagrun for example_weekday_branch_operator to 2023-01-30T00:00:00+00:00, run_after=2023-01-31T00:00:00+00:00
[2023-01-31T10:31:37.583+0000] {processor.py:175} INFO - Processing /home/airflow/.local/lib/python3.7/site-packages/airflow/example_dags/example_branch_day_of_week_operator.py took 0.202 seconds
[2023-01-31T10:32:07.705+0000] {processor.py:153} INFO - Started process (PID=2730) to work on /home/airflow/.local/lib/python3.7/site-packages/airflow/example_dags/example_branch_day_of_week_operator.py
[2023-01-31T10:32:07.707+0000] {processor.py:743} INFO - Processing file /home/airflow/.local/lib/python3.7/site-packages/airflow/example_dags/example_branch_day_of_week_operator.py for tasks to queue
[2023-01-31T10:32:07.707+0000] {logging_mixin.py:137} INFO - [2023-01-31T10:32:07.707+0000] {dagbag.py:538} INFO - Filling up the DagBag from /home/airflow/.local/lib/python3.7/site-packages/airflow/example_dags/example_branch_day_of_week_operator.py
[2023-01-31T10:32:07.719+0000] {processor.py:753} INFO - DAG(s) dict_keys(['example_weekday_branch_operator']) retrieved from /home/airflow/.local/lib/python3.7/site-packages/airflow/example_dags/example_branch_day_of_week_operator.py
[2023-01-31T10:32:07.739+0000] {logging_mixin.py:137} INFO - [2023-01-31T10:32:07.739+0000] {dag.py:2690} INFO - Sync 1 DAGs
[2023-01-31T10:32:07.757+0000] {logging_mixin.py:137} INFO - [2023-01-31T10:32:07.757+0000] {dag.py:3441} INFO - Setting next_dagrun for example_weekday_branch_operator to 2023-01-30T00:00:00+00:00, run_after=2023-01-31T00:00:00+00:00
[2023-01-31T10:32:07.776+0000] {processor.py:175} INFO - Processing /home/airflow/.local/lib/python3.7/site-packages/airflow/example_dags/example_branch_day_of_week_operator.py took 0.074 seconds
[2023-01-31T10:32:38.667+0000] {processor.py:153} INFO - Started process (PID=2809) to work on /home/airflow/.local/lib/python3.7/site-packages/airflow/example_dags/example_branch_day_of_week_operator.py
[2023-01-31T10:32:38.668+0000] {processor.py:743} INFO - Processing file /home/airflow/.local/lib/python3.7/site-packages/airflow/example_dags/example_branch_day_of_week_operator.py for tasks to queue
[2023-01-31T10:32:38.669+0000] {logging_mixin.py:137} INFO - [2023-01-31T10:32:38.669+0000] {dagbag.py:538} INFO - Filling up the DagBag from /home/airflow/.local/lib/python3.7/site-packages/airflow/example_dags/example_branch_day_of_week_operator.py
[2023-01-31T10:32:38.696+0000] {processor.py:753} INFO - DAG(s) dict_keys(['example_weekday_branch_operator']) retrieved from /home/airflow/.local/lib/python3.7/site-packages/airflow/example_dags/example_branch_day_of_week_operator.py
[2023-01-31T10:32:38.722+0000] {logging_mixin.py:137} INFO - [2023-01-31T10:32:38.722+0000] {dag.py:2690} INFO - Sync 1 DAGs
[2023-01-31T10:32:38.741+0000] {logging_mixin.py:137} INFO - [2023-01-31T10:32:38.741+0000] {dag.py:3441} INFO - Setting next_dagrun for example_weekday_branch_operator to 2023-01-30T00:00:00+00:00, run_after=2023-01-31T00:00:00+00:00
[2023-01-31T10:32:38.754+0000] {processor.py:175} INFO - Processing /home/airflow/.local/lib/python3.7/site-packages/airflow/example_dags/example_branch_day_of_week_operator.py took 0.090 seconds
[2023-01-31T10:33:09.450+0000] {processor.py:153} INFO - Started process (PID=2904) to work on /home/airflow/.local/lib/python3.7/site-packages/airflow/example_dags/example_branch_day_of_week_operator.py
[2023-01-31T10:33:09.452+0000] {processor.py:743} INFO - Processing file /home/airflow/.local/lib/python3.7/site-packages/airflow/example_dags/example_branch_day_of_week_operator.py for tasks to queue
[2023-01-31T10:33:09.453+0000] {logging_mixin.py:137} INFO - [2023-01-31T10:33:09.453+0000] {dagbag.py:538} INFO - Filling up the DagBag from /home/airflow/.local/lib/python3.7/site-packages/airflow/example_dags/example_branch_day_of_week_operator.py
[2023-01-31T10:33:09.466+0000] {processor.py:753} INFO - DAG(s) dict_keys(['example_weekday_branch_operator']) retrieved from /home/airflow/.local/lib/python3.7/site-packages/airflow/example_dags/example_branch_day_of_week_operator.py
[2023-01-31T10:33:09.492+0000] {logging_mixin.py:137} INFO - [2023-01-31T10:33:09.492+0000] {dag.py:2690} INFO - Sync 1 DAGs
[2023-01-31T10:33:09.510+0000] {logging_mixin.py:137} INFO - [2023-01-31T10:33:09.510+0000] {dag.py:3441} INFO - Setting next_dagrun for example_weekday_branch_operator to 2023-01-30T00:00:00+00:00, run_after=2023-01-31T00:00:00+00:00
[2023-01-31T10:33:09.522+0000] {processor.py:175} INFO - Processing /home/airflow/.local/lib/python3.7/site-packages/airflow/example_dags/example_branch_day_of_week_operator.py took 0.076 seconds
[2023-01-31T10:33:40.781+0000] {processor.py:153} INFO - Started process (PID=2983) to work on /home/airflow/.local/lib/python3.7/site-packages/airflow/example_dags/example_branch_day_of_week_operator.py
[2023-01-31T10:33:40.784+0000] {processor.py:743} INFO - Processing file /home/airflow/.local/lib/python3.7/site-packages/airflow/example_dags/example_branch_day_of_week_operator.py for tasks to queue
[2023-01-31T10:33:40.788+0000] {logging_mixin.py:137} INFO - [2023-01-31T10:33:40.788+0000] {dagbag.py:538} INFO - Filling up the DagBag from /home/airflow/.local/lib/python3.7/site-packages/airflow/example_dags/example_branch_day_of_week_operator.py
[2023-01-31T10:33:40.848+0000] {processor.py:753} INFO - DAG(s) dict_keys(['example_weekday_branch_operator']) retrieved from /home/airflow/.local/lib/python3.7/site-packages/airflow/example_dags/example_branch_day_of_week_operator.py
[2023-01-31T10:33:40.893+0000] {logging_mixin.py:137} INFO - [2023-01-31T10:33:40.893+0000] {dag.py:2690} INFO - Sync 1 DAGs
[2023-01-31T10:33:40.920+0000] {logging_mixin.py:137} INFO - [2023-01-31T10:33:40.920+0000] {dag.py:3441} INFO - Setting next_dagrun for example_weekday_branch_operator to 2023-01-30T00:00:00+00:00, run_after=2023-01-31T00:00:00+00:00
[2023-01-31T10:33:40.989+0000] {processor.py:175} INFO - Processing /home/airflow/.local/lib/python3.7/site-packages/airflow/example_dags/example_branch_day_of_week_operator.py took 0.212 seconds
[2023-01-31T10:34:11.399+0000] {processor.py:153} INFO - Started process (PID=3071) to work on /home/airflow/.local/lib/python3.7/site-packages/airflow/example_dags/example_branch_day_of_week_operator.py
[2023-01-31T10:34:11.403+0000] {processor.py:743} INFO - Processing file /home/airflow/.local/lib/python3.7/site-packages/airflow/example_dags/example_branch_day_of_week_operator.py for tasks to queue
[2023-01-31T10:34:11.408+0000] {logging_mixin.py:137} INFO - [2023-01-31T10:34:11.408+0000] {dagbag.py:538} INFO - Filling up the DagBag from /home/airflow/.local/lib/python3.7/site-packages/airflow/example_dags/example_branch_day_of_week_operator.py
[2023-01-31T10:34:11.424+0000] {processor.py:753} INFO - DAG(s) dict_keys(['example_weekday_branch_operator']) retrieved from /home/airflow/.local/lib/python3.7/site-packages/airflow/example_dags/example_branch_day_of_week_operator.py
[2023-01-31T10:34:11.466+0000] {logging_mixin.py:137} INFO - [2023-01-31T10:34:11.466+0000] {dag.py:2690} INFO - Sync 1 DAGs
[2023-01-31T10:34:11.518+0000] {logging_mixin.py:137} INFO - [2023-01-31T10:34:11.517+0000] {dag.py:3441} INFO - Setting next_dagrun for example_weekday_branch_operator to 2023-01-30T00:00:00+00:00, run_after=2023-01-31T00:00:00+00:00
[2023-01-31T10:34:11.552+0000] {processor.py:175} INFO - Processing /home/airflow/.local/lib/python3.7/site-packages/airflow/example_dags/example_branch_day_of_week_operator.py took 0.157 seconds
[2023-01-31T10:34:42.327+0000] {processor.py:153} INFO - Started process (PID=3157) to work on /home/airflow/.local/lib/python3.7/site-packages/airflow/example_dags/example_branch_day_of_week_operator.py
[2023-01-31T10:34:42.329+0000] {processor.py:743} INFO - Processing file /home/airflow/.local/lib/python3.7/site-packages/airflow/example_dags/example_branch_day_of_week_operator.py for tasks to queue
[2023-01-31T10:34:42.331+0000] {logging_mixin.py:137} INFO - [2023-01-31T10:34:42.330+0000] {dagbag.py:538} INFO - Filling up the DagBag from /home/airflow/.local/lib/python3.7/site-packages/airflow/example_dags/example_branch_day_of_week_operator.py
[2023-01-31T10:34:42.351+0000] {processor.py:753} INFO - DAG(s) dict_keys(['example_weekday_branch_operator']) retrieved from /home/airflow/.local/lib/python3.7/site-packages/airflow/example_dags/example_branch_day_of_week_operator.py
[2023-01-31T10:34:42.376+0000] {logging_mixin.py:137} INFO - [2023-01-31T10:34:42.376+0000] {dag.py:2690} INFO - Sync 1 DAGs
[2023-01-31T10:34:42.468+0000] {logging_mixin.py:137} INFO - [2023-01-31T10:34:42.468+0000] {dag.py:3441} INFO - Setting next_dagrun for example_weekday_branch_operator to 2023-01-30T00:00:00+00:00, run_after=2023-01-31T00:00:00+00:00
[2023-01-31T10:34:42.635+0000] {processor.py:175} INFO - Processing /home/airflow/.local/lib/python3.7/site-packages/airflow/example_dags/example_branch_day_of_week_operator.py took 0.312 seconds
[2023-01-31T10:35:12.732+0000] {processor.py:153} INFO - Started process (PID=3241) to work on /home/airflow/.local/lib/python3.7/site-packages/airflow/example_dags/example_branch_day_of_week_operator.py
[2023-01-31T10:35:12.734+0000] {processor.py:743} INFO - Processing file /home/airflow/.local/lib/python3.7/site-packages/airflow/example_dags/example_branch_day_of_week_operator.py for tasks to queue
[2023-01-31T10:35:12.735+0000] {logging_mixin.py:137} INFO - [2023-01-31T10:35:12.735+0000] {dagbag.py:538} INFO - Filling up the DagBag from /home/airflow/.local/lib/python3.7/site-packages/airflow/example_dags/example_branch_day_of_week_operator.py
[2023-01-31T10:35:12.757+0000] {processor.py:753} INFO - DAG(s) dict_keys(['example_weekday_branch_operator']) retrieved from /home/airflow/.local/lib/python3.7/site-packages/airflow/example_dags/example_branch_day_of_week_operator.py
[2023-01-31T10:35:12.810+0000] {logging_mixin.py:137} INFO - [2023-01-31T10:35:12.809+0000] {dag.py:2690} INFO - Sync 1 DAGs
[2023-01-31T10:35:12.845+0000] {logging_mixin.py:137} INFO - [2023-01-31T10:35:12.844+0000] {dag.py:3441} INFO - Setting next_dagrun for example_weekday_branch_operator to 2023-01-30T00:00:00+00:00, run_after=2023-01-31T00:00:00+00:00
[2023-01-31T10:35:12.897+0000] {processor.py:175} INFO - Processing /home/airflow/.local/lib/python3.7/site-packages/airflow/example_dags/example_branch_day_of_week_operator.py took 0.168 seconds
[2023-01-31T10:35:43.794+0000] {processor.py:153} INFO - Started process (PID=3320) to work on /home/airflow/.local/lib/python3.7/site-packages/airflow/example_dags/example_branch_day_of_week_operator.py
[2023-01-31T10:35:43.795+0000] {processor.py:743} INFO - Processing file /home/airflow/.local/lib/python3.7/site-packages/airflow/example_dags/example_branch_day_of_week_operator.py for tasks to queue
[2023-01-31T10:35:43.799+0000] {logging_mixin.py:137} INFO - [2023-01-31T10:35:43.798+0000] {dagbag.py:538} INFO - Filling up the DagBag from /home/airflow/.local/lib/python3.7/site-packages/airflow/example_dags/example_branch_day_of_week_operator.py
[2023-01-31T10:35:43.824+0000] {processor.py:753} INFO - DAG(s) dict_keys(['example_weekday_branch_operator']) retrieved from /home/airflow/.local/lib/python3.7/site-packages/airflow/example_dags/example_branch_day_of_week_operator.py
[2023-01-31T10:35:43.858+0000] {logging_mixin.py:137} INFO - [2023-01-31T10:35:43.858+0000] {dag.py:2690} INFO - Sync 1 DAGs
[2023-01-31T10:35:43.898+0000] {logging_mixin.py:137} INFO - [2023-01-31T10:35:43.897+0000] {dag.py:3441} INFO - Setting next_dagrun for example_weekday_branch_operator to 2023-01-30T00:00:00+00:00, run_after=2023-01-31T00:00:00+00:00
[2023-01-31T10:35:43.915+0000] {processor.py:175} INFO - Processing /home/airflow/.local/lib/python3.7/site-packages/airflow/example_dags/example_branch_day_of_week_operator.py took 0.125 seconds
[2023-01-31T10:36:15.359+0000] {processor.py:153} INFO - Started process (PID=3399) to work on /home/airflow/.local/lib/python3.7/site-packages/airflow/example_dags/example_branch_day_of_week_operator.py
[2023-01-31T10:36:15.361+0000] {processor.py:743} INFO - Processing file /home/airflow/.local/lib/python3.7/site-packages/airflow/example_dags/example_branch_day_of_week_operator.py for tasks to queue
[2023-01-31T10:36:15.363+0000] {logging_mixin.py:137} INFO - [2023-01-31T10:36:15.363+0000] {dagbag.py:538} INFO - Filling up the DagBag from /home/airflow/.local/lib/python3.7/site-packages/airflow/example_dags/example_branch_day_of_week_operator.py
[2023-01-31T10:36:15.378+0000] {processor.py:753} INFO - DAG(s) dict_keys(['example_weekday_branch_operator']) retrieved from /home/airflow/.local/lib/python3.7/site-packages/airflow/example_dags/example_branch_day_of_week_operator.py
[2023-01-31T10:36:15.406+0000] {logging_mixin.py:137} INFO - [2023-01-31T10:36:15.406+0000] {dag.py:2690} INFO - Sync 1 DAGs
[2023-01-31T10:36:15.428+0000] {logging_mixin.py:137} INFO - [2023-01-31T10:36:15.428+0000] {dag.py:3441} INFO - Setting next_dagrun for example_weekday_branch_operator to 2023-01-30T00:00:00+00:00, run_after=2023-01-31T00:00:00+00:00
[2023-01-31T10:36:15.449+0000] {processor.py:175} INFO - Processing /home/airflow/.local/lib/python3.7/site-packages/airflow/example_dags/example_branch_day_of_week_operator.py took 0.093 seconds
[2023-01-31T10:36:46.861+0000] {processor.py:153} INFO - Started process (PID=3482) to work on /home/airflow/.local/lib/python3.7/site-packages/airflow/example_dags/example_branch_day_of_week_operator.py
[2023-01-31T10:36:46.871+0000] {processor.py:743} INFO - Processing file /home/airflow/.local/lib/python3.7/site-packages/airflow/example_dags/example_branch_day_of_week_operator.py for tasks to queue
[2023-01-31T10:36:46.874+0000] {logging_mixin.py:137} INFO - [2023-01-31T10:36:46.874+0000] {dagbag.py:538} INFO - Filling up the DagBag from /home/airflow/.local/lib/python3.7/site-packages/airflow/example_dags/example_branch_day_of_week_operator.py
[2023-01-31T10:36:46.901+0000] {processor.py:753} INFO - DAG(s) dict_keys(['example_weekday_branch_operator']) retrieved from /home/airflow/.local/lib/python3.7/site-packages/airflow/example_dags/example_branch_day_of_week_operator.py
[2023-01-31T10:36:46.947+0000] {logging_mixin.py:137} INFO - [2023-01-31T10:36:46.947+0000] {dag.py:2690} INFO - Sync 1 DAGs
[2023-01-31T10:36:46.973+0000] {logging_mixin.py:137} INFO - [2023-01-31T10:36:46.973+0000] {dag.py:3441} INFO - Setting next_dagrun for example_weekday_branch_operator to 2023-01-30T00:00:00+00:00, run_after=2023-01-31T00:00:00+00:00
[2023-01-31T10:36:47.019+0000] {processor.py:175} INFO - Processing /home/airflow/.local/lib/python3.7/site-packages/airflow/example_dags/example_branch_day_of_week_operator.py took 0.169 seconds
[2023-01-31T10:37:20.350+0000] {processor.py:153} INFO - Started process (PID=3562) to work on /home/airflow/.local/lib/python3.7/site-packages/airflow/example_dags/example_branch_day_of_week_operator.py
[2023-01-31T10:37:20.353+0000] {processor.py:743} INFO - Processing file /home/airflow/.local/lib/python3.7/site-packages/airflow/example_dags/example_branch_day_of_week_operator.py for tasks to queue
[2023-01-31T10:37:20.355+0000] {logging_mixin.py:137} INFO - [2023-01-31T10:37:20.355+0000] {dagbag.py:538} INFO - Filling up the DagBag from /home/airflow/.local/lib/python3.7/site-packages/airflow/example_dags/example_branch_day_of_week_operator.py
[2023-01-31T10:37:20.377+0000] {processor.py:753} INFO - DAG(s) dict_keys(['example_weekday_branch_operator']) retrieved from /home/airflow/.local/lib/python3.7/site-packages/airflow/example_dags/example_branch_day_of_week_operator.py
[2023-01-31T10:37:20.421+0000] {logging_mixin.py:137} INFO - [2023-01-31T10:37:20.421+0000] {dag.py:2690} INFO - Sync 1 DAGs
[2023-01-31T10:37:20.447+0000] {logging_mixin.py:137} INFO - [2023-01-31T10:37:20.447+0000] {dag.py:3441} INFO - Setting next_dagrun for example_weekday_branch_operator to 2023-01-30T00:00:00+00:00, run_after=2023-01-31T00:00:00+00:00
[2023-01-31T10:37:20.476+0000] {processor.py:175} INFO - Processing /home/airflow/.local/lib/python3.7/site-packages/airflow/example_dags/example_branch_day_of_week_operator.py took 0.130 seconds
[2023-01-31T10:37:52.533+0000] {processor.py:153} INFO - Started process (PID=3657) to work on /home/airflow/.local/lib/python3.7/site-packages/airflow/example_dags/example_branch_day_of_week_operator.py
[2023-01-31T10:37:52.539+0000] {processor.py:743} INFO - Processing file /home/airflow/.local/lib/python3.7/site-packages/airflow/example_dags/example_branch_day_of_week_operator.py for tasks to queue
[2023-01-31T10:37:52.542+0000] {logging_mixin.py:137} INFO - [2023-01-31T10:37:52.542+0000] {dagbag.py:538} INFO - Filling up the DagBag from /home/airflow/.local/lib/python3.7/site-packages/airflow/example_dags/example_branch_day_of_week_operator.py
[2023-01-31T10:37:52.583+0000] {processor.py:753} INFO - DAG(s) dict_keys(['example_weekday_branch_operator']) retrieved from /home/airflow/.local/lib/python3.7/site-packages/airflow/example_dags/example_branch_day_of_week_operator.py
[2023-01-31T10:37:52.713+0000] {logging_mixin.py:137} INFO - [2023-01-31T10:37:52.712+0000] {dag.py:2690} INFO - Sync 1 DAGs
[2023-01-31T10:37:52.779+0000] {logging_mixin.py:137} INFO - [2023-01-31T10:37:52.779+0000] {dag.py:3441} INFO - Setting next_dagrun for example_weekday_branch_operator to 2023-01-30T00:00:00+00:00, run_after=2023-01-31T00:00:00+00:00
[2023-01-31T10:37:52.811+0000] {processor.py:175} INFO - Processing /home/airflow/.local/lib/python3.7/site-packages/airflow/example_dags/example_branch_day_of_week_operator.py took 0.283 seconds
[2023-01-31T10:38:23.777+0000] {processor.py:153} INFO - Started process (PID=3736) to work on /home/airflow/.local/lib/python3.7/site-packages/airflow/example_dags/example_branch_day_of_week_operator.py
[2023-01-31T10:38:23.781+0000] {processor.py:743} INFO - Processing file /home/airflow/.local/lib/python3.7/site-packages/airflow/example_dags/example_branch_day_of_week_operator.py for tasks to queue
[2023-01-31T10:38:23.784+0000] {logging_mixin.py:137} INFO - [2023-01-31T10:38:23.783+0000] {dagbag.py:538} INFO - Filling up the DagBag from /home/airflow/.local/lib/python3.7/site-packages/airflow/example_dags/example_branch_day_of_week_operator.py
[2023-01-31T10:38:23.810+0000] {processor.py:753} INFO - DAG(s) dict_keys(['example_weekday_branch_operator']) retrieved from /home/airflow/.local/lib/python3.7/site-packages/airflow/example_dags/example_branch_day_of_week_operator.py
[2023-01-31T10:38:23.934+0000] {logging_mixin.py:137} INFO - [2023-01-31T10:38:23.934+0000] {dag.py:2690} INFO - Sync 1 DAGs
[2023-01-31T10:38:23.999+0000] {logging_mixin.py:137} INFO - [2023-01-31T10:38:23.998+0000] {dag.py:3441} INFO - Setting next_dagrun for example_weekday_branch_operator to 2023-01-30T00:00:00+00:00, run_after=2023-01-31T00:00:00+00:00
[2023-01-31T10:38:24.029+0000] {processor.py:175} INFO - Processing /home/airflow/.local/lib/python3.7/site-packages/airflow/example_dags/example_branch_day_of_week_operator.py took 0.259 seconds
[2023-01-31T10:38:54.140+0000] {processor.py:153} INFO - Started process (PID=3818) to work on /home/airflow/.local/lib/python3.7/site-packages/airflow/example_dags/example_branch_day_of_week_operator.py
[2023-01-31T10:38:54.142+0000] {processor.py:743} INFO - Processing file /home/airflow/.local/lib/python3.7/site-packages/airflow/example_dags/example_branch_day_of_week_operator.py for tasks to queue
[2023-01-31T10:38:54.144+0000] {logging_mixin.py:137} INFO - [2023-01-31T10:38:54.143+0000] {dagbag.py:538} INFO - Filling up the DagBag from /home/airflow/.local/lib/python3.7/site-packages/airflow/example_dags/example_branch_day_of_week_operator.py
[2023-01-31T10:38:54.166+0000] {processor.py:753} INFO - DAG(s) dict_keys(['example_weekday_branch_operator']) retrieved from /home/airflow/.local/lib/python3.7/site-packages/airflow/example_dags/example_branch_day_of_week_operator.py
[2023-01-31T10:38:54.209+0000] {logging_mixin.py:137} INFO - [2023-01-31T10:38:54.209+0000] {dag.py:2690} INFO - Sync 1 DAGs
[2023-01-31T10:38:54.249+0000] {logging_mixin.py:137} INFO - [2023-01-31T10:38:54.249+0000] {dag.py:3441} INFO - Setting next_dagrun for example_weekday_branch_operator to 2023-01-30T00:00:00+00:00, run_after=2023-01-31T00:00:00+00:00
[2023-01-31T10:38:54.272+0000] {processor.py:175} INFO - Processing /home/airflow/.local/lib/python3.7/site-packages/airflow/example_dags/example_branch_day_of_week_operator.py took 0.137 seconds
[2023-01-31T10:39:24.862+0000] {processor.py:153} INFO - Started process (PID=3897) to work on /home/airflow/.local/lib/python3.7/site-packages/airflow/example_dags/example_branch_day_of_week_operator.py
[2023-01-31T10:39:24.865+0000] {processor.py:743} INFO - Processing file /home/airflow/.local/lib/python3.7/site-packages/airflow/example_dags/example_branch_day_of_week_operator.py for tasks to queue
[2023-01-31T10:39:24.866+0000] {logging_mixin.py:137} INFO - [2023-01-31T10:39:24.866+0000] {dagbag.py:538} INFO - Filling up the DagBag from /home/airflow/.local/lib/python3.7/site-packages/airflow/example_dags/example_branch_day_of_week_operator.py
[2023-01-31T10:39:24.881+0000] {processor.py:753} INFO - DAG(s) dict_keys(['example_weekday_branch_operator']) retrieved from /home/airflow/.local/lib/python3.7/site-packages/airflow/example_dags/example_branch_day_of_week_operator.py
[2023-01-31T10:39:24.908+0000] {logging_mixin.py:137} INFO - [2023-01-31T10:39:24.908+0000] {dag.py:2690} INFO - Sync 1 DAGs
[2023-01-31T10:39:24.933+0000] {logging_mixin.py:137} INFO - [2023-01-31T10:39:24.932+0000] {dag.py:3441} INFO - Setting next_dagrun for example_weekday_branch_operator to 2023-01-30T00:00:00+00:00, run_after=2023-01-31T00:00:00+00:00
[2023-01-31T10:39:24.956+0000] {processor.py:175} INFO - Processing /home/airflow/.local/lib/python3.7/site-packages/airflow/example_dags/example_branch_day_of_week_operator.py took 0.097 seconds
[2023-01-31T10:39:55.140+0000] {processor.py:153} INFO - Started process (PID=3976) to work on /home/airflow/.local/lib/python3.7/site-packages/airflow/example_dags/example_branch_day_of_week_operator.py
[2023-01-31T10:39:55.143+0000] {processor.py:743} INFO - Processing file /home/airflow/.local/lib/python3.7/site-packages/airflow/example_dags/example_branch_day_of_week_operator.py for tasks to queue
[2023-01-31T10:39:55.145+0000] {logging_mixin.py:137} INFO - [2023-01-31T10:39:55.145+0000] {dagbag.py:538} INFO - Filling up the DagBag from /home/airflow/.local/lib/python3.7/site-packages/airflow/example_dags/example_branch_day_of_week_operator.py
[2023-01-31T10:39:55.168+0000] {processor.py:753} INFO - DAG(s) dict_keys(['example_weekday_branch_operator']) retrieved from /home/airflow/.local/lib/python3.7/site-packages/airflow/example_dags/example_branch_day_of_week_operator.py
[2023-01-31T10:39:55.232+0000] {logging_mixin.py:137} INFO - [2023-01-31T10:39:55.232+0000] {dag.py:2690} INFO - Sync 1 DAGs
[2023-01-31T10:39:55.260+0000] {logging_mixin.py:137} INFO - [2023-01-31T10:39:55.260+0000] {dag.py:3441} INFO - Setting next_dagrun for example_weekday_branch_operator to 2023-01-30T00:00:00+00:00, run_after=2023-01-31T00:00:00+00:00
[2023-01-31T10:39:55.295+0000] {processor.py:175} INFO - Processing /home/airflow/.local/lib/python3.7/site-packages/airflow/example_dags/example_branch_day_of_week_operator.py took 0.161 seconds
[2023-01-31T10:40:25.378+0000] {processor.py:153} INFO - Started process (PID=4054) to work on /home/airflow/.local/lib/python3.7/site-packages/airflow/example_dags/example_branch_day_of_week_operator.py
[2023-01-31T10:40:25.381+0000] {processor.py:743} INFO - Processing file /home/airflow/.local/lib/python3.7/site-packages/airflow/example_dags/example_branch_day_of_week_operator.py for tasks to queue
[2023-01-31T10:40:25.382+0000] {logging_mixin.py:137} INFO - [2023-01-31T10:40:25.382+0000] {dagbag.py:538} INFO - Filling up the DagBag from /home/airflow/.local/lib/python3.7/site-packages/airflow/example_dags/example_branch_day_of_week_operator.py
[2023-01-31T10:40:25.397+0000] {processor.py:753} INFO - DAG(s) dict_keys(['example_weekday_branch_operator']) retrieved from /home/airflow/.local/lib/python3.7/site-packages/airflow/example_dags/example_branch_day_of_week_operator.py
[2023-01-31T10:40:25.422+0000] {logging_mixin.py:137} INFO - [2023-01-31T10:40:25.422+0000] {dag.py:2690} INFO - Sync 1 DAGs
[2023-01-31T10:40:25.444+0000] {logging_mixin.py:137} INFO - [2023-01-31T10:40:25.443+0000] {dag.py:3441} INFO - Setting next_dagrun for example_weekday_branch_operator to 2023-01-30T00:00:00+00:00, run_after=2023-01-31T00:00:00+00:00
[2023-01-31T10:40:25.463+0000] {processor.py:175} INFO - Processing /home/airflow/.local/lib/python3.7/site-packages/airflow/example_dags/example_branch_day_of_week_operator.py took 0.088 seconds
[2023-01-31T10:40:56.378+0000] {processor.py:153} INFO - Started process (PID=4133) to work on /home/airflow/.local/lib/python3.7/site-packages/airflow/example_dags/example_branch_day_of_week_operator.py
[2023-01-31T10:40:56.405+0000] {processor.py:743} INFO - Processing file /home/airflow/.local/lib/python3.7/site-packages/airflow/example_dags/example_branch_day_of_week_operator.py for tasks to queue
[2023-01-31T10:40:56.432+0000] {logging_mixin.py:137} INFO - [2023-01-31T10:40:56.432+0000] {dagbag.py:538} INFO - Filling up the DagBag from /home/airflow/.local/lib/python3.7/site-packages/airflow/example_dags/example_branch_day_of_week_operator.py
[2023-01-31T10:40:56.510+0000] {processor.py:753} INFO - DAG(s) dict_keys(['example_weekday_branch_operator']) retrieved from /home/airflow/.local/lib/python3.7/site-packages/airflow/example_dags/example_branch_day_of_week_operator.py
[2023-01-31T10:40:56.660+0000] {logging_mixin.py:137} INFO - [2023-01-31T10:40:56.659+0000] {dag.py:2690} INFO - Sync 1 DAGs
[2023-01-31T10:40:56.809+0000] {logging_mixin.py:137} INFO - [2023-01-31T10:40:56.809+0000] {dag.py:3441} INFO - Setting next_dagrun for example_weekday_branch_operator to 2023-01-30T00:00:00+00:00, run_after=2023-01-31T00:00:00+00:00
[2023-01-31T10:40:56.916+0000] {processor.py:175} INFO - Processing /home/airflow/.local/lib/python3.7/site-packages/airflow/example_dags/example_branch_day_of_week_operator.py took 0.560 seconds
[2023-01-31T10:41:27.409+0000] {processor.py:153} INFO - Started process (PID=4212) to work on /home/airflow/.local/lib/python3.7/site-packages/airflow/example_dags/example_branch_day_of_week_operator.py
[2023-01-31T10:41:27.411+0000] {processor.py:743} INFO - Processing file /home/airflow/.local/lib/python3.7/site-packages/airflow/example_dags/example_branch_day_of_week_operator.py for tasks to queue
[2023-01-31T10:41:27.411+0000] {logging_mixin.py:137} INFO - [2023-01-31T10:41:27.411+0000] {dagbag.py:538} INFO - Filling up the DagBag from /home/airflow/.local/lib/python3.7/site-packages/airflow/example_dags/example_branch_day_of_week_operator.py
[2023-01-31T10:41:27.427+0000] {processor.py:753} INFO - DAG(s) dict_keys(['example_weekday_branch_operator']) retrieved from /home/airflow/.local/lib/python3.7/site-packages/airflow/example_dags/example_branch_day_of_week_operator.py
[2023-01-31T10:41:27.451+0000] {logging_mixin.py:137} INFO - [2023-01-31T10:41:27.451+0000] {dag.py:2690} INFO - Sync 1 DAGs
[2023-01-31T10:41:27.470+0000] {logging_mixin.py:137} INFO - [2023-01-31T10:41:27.470+0000] {dag.py:3441} INFO - Setting next_dagrun for example_weekday_branch_operator to 2023-01-30T00:00:00+00:00, run_after=2023-01-31T00:00:00+00:00
[2023-01-31T10:41:27.496+0000] {processor.py:175} INFO - Processing /home/airflow/.local/lib/python3.7/site-packages/airflow/example_dags/example_branch_day_of_week_operator.py took 0.089 seconds
[2023-01-31T10:42:02.271+0000] {processor.py:153} INFO - Started process (PID=4308) to work on /home/airflow/.local/lib/python3.7/site-packages/airflow/example_dags/example_branch_day_of_week_operator.py
[2023-01-31T10:42:02.274+0000] {processor.py:743} INFO - Processing file /home/airflow/.local/lib/python3.7/site-packages/airflow/example_dags/example_branch_day_of_week_operator.py for tasks to queue
[2023-01-31T10:42:02.280+0000] {logging_mixin.py:137} INFO - [2023-01-31T10:42:02.279+0000] {dagbag.py:538} INFO - Filling up the DagBag from /home/airflow/.local/lib/python3.7/site-packages/airflow/example_dags/example_branch_day_of_week_operator.py
[2023-01-31T10:42:02.316+0000] {processor.py:753} INFO - DAG(s) dict_keys(['example_weekday_branch_operator']) retrieved from /home/airflow/.local/lib/python3.7/site-packages/airflow/example_dags/example_branch_day_of_week_operator.py
[2023-01-31T10:42:02.353+0000] {logging_mixin.py:137} INFO - [2023-01-31T10:42:02.353+0000] {dag.py:2690} INFO - Sync 1 DAGs
[2023-01-31T10:42:02.387+0000] {logging_mixin.py:137} INFO - [2023-01-31T10:42:02.386+0000] {dag.py:3441} INFO - Setting next_dagrun for example_weekday_branch_operator to 2023-01-30T00:00:00+00:00, run_after=2023-01-31T00:00:00+00:00
[2023-01-31T10:42:02.414+0000] {processor.py:175} INFO - Processing /home/airflow/.local/lib/python3.7/site-packages/airflow/example_dags/example_branch_day_of_week_operator.py took 0.149 seconds
[2023-01-31T10:42:35.936+0000] {processor.py:153} INFO - Started process (PID=4388) to work on /home/airflow/.local/lib/python3.7/site-packages/airflow/example_dags/example_branch_day_of_week_operator.py
[2023-01-31T10:42:35.941+0000] {processor.py:743} INFO - Processing file /home/airflow/.local/lib/python3.7/site-packages/airflow/example_dags/example_branch_day_of_week_operator.py for tasks to queue
[2023-01-31T10:42:35.947+0000] {logging_mixin.py:137} INFO - [2023-01-31T10:42:35.947+0000] {dagbag.py:538} INFO - Filling up the DagBag from /home/airflow/.local/lib/python3.7/site-packages/airflow/example_dags/example_branch_day_of_week_operator.py
[2023-01-31T10:42:35.967+0000] {processor.py:753} INFO - DAG(s) dict_keys(['example_weekday_branch_operator']) retrieved from /home/airflow/.local/lib/python3.7/site-packages/airflow/example_dags/example_branch_day_of_week_operator.py
[2023-01-31T10:42:36.031+0000] {logging_mixin.py:137} INFO - [2023-01-31T10:42:36.031+0000] {dag.py:2690} INFO - Sync 1 DAGs
[2023-01-31T10:42:36.071+0000] {logging_mixin.py:137} INFO - [2023-01-31T10:42:36.071+0000] {dag.py:3441} INFO - Setting next_dagrun for example_weekday_branch_operator to 2023-01-30T00:00:00+00:00, run_after=2023-01-31T00:00:00+00:00
[2023-01-31T10:42:36.099+0000] {processor.py:175} INFO - Processing /home/airflow/.local/lib/python3.7/site-packages/airflow/example_dags/example_branch_day_of_week_operator.py took 0.168 seconds
[2023-01-31T10:43:10.813+0000] {processor.py:153} INFO - Started process (PID=4488) to work on /home/airflow/.local/lib/python3.7/site-packages/airflow/example_dags/example_branch_day_of_week_operator.py
[2023-01-31T10:43:10.937+0000] {processor.py:743} INFO - Processing file /home/airflow/.local/lib/python3.7/site-packages/airflow/example_dags/example_branch_day_of_week_operator.py for tasks to queue
[2023-01-31T10:43:10.991+0000] {logging_mixin.py:137} INFO - [2023-01-31T10:43:10.965+0000] {dagbag.py:538} INFO - Filling up the DagBag from /home/airflow/.local/lib/python3.7/site-packages/airflow/example_dags/example_branch_day_of_week_operator.py
[2023-01-31T10:43:11.243+0000] {processor.py:753} INFO - DAG(s) dict_keys(['example_weekday_branch_operator']) retrieved from /home/airflow/.local/lib/python3.7/site-packages/airflow/example_dags/example_branch_day_of_week_operator.py
[2023-01-31T10:43:11.547+0000] {logging_mixin.py:137} INFO - [2023-01-31T10:43:11.546+0000] {dag.py:2690} INFO - Sync 1 DAGs
[2023-01-31T10:43:11.631+0000] {logging_mixin.py:137} INFO - [2023-01-31T10:43:11.631+0000] {dag.py:3441} INFO - Setting next_dagrun for example_weekday_branch_operator to 2023-01-30T00:00:00+00:00, run_after=2023-01-31T00:00:00+00:00
[2023-01-31T10:43:11.687+0000] {processor.py:175} INFO - Processing /home/airflow/.local/lib/python3.7/site-packages/airflow/example_dags/example_branch_day_of_week_operator.py took 1.028 seconds
[2023-01-31T10:43:42.276+0000] {processor.py:153} INFO - Started process (PID=4566) to work on /home/airflow/.local/lib/python3.7/site-packages/airflow/example_dags/example_branch_day_of_week_operator.py
[2023-01-31T10:43:42.280+0000] {processor.py:743} INFO - Processing file /home/airflow/.local/lib/python3.7/site-packages/airflow/example_dags/example_branch_day_of_week_operator.py for tasks to queue
[2023-01-31T10:43:42.282+0000] {logging_mixin.py:137} INFO - [2023-01-31T10:43:42.282+0000] {dagbag.py:538} INFO - Filling up the DagBag from /home/airflow/.local/lib/python3.7/site-packages/airflow/example_dags/example_branch_day_of_week_operator.py
[2023-01-31T10:43:42.329+0000] {processor.py:753} INFO - DAG(s) dict_keys(['example_weekday_branch_operator']) retrieved from /home/airflow/.local/lib/python3.7/site-packages/airflow/example_dags/example_branch_day_of_week_operator.py
[2023-01-31T10:43:42.440+0000] {logging_mixin.py:137} INFO - [2023-01-31T10:43:42.439+0000] {dag.py:2690} INFO - Sync 1 DAGs
[2023-01-31T10:43:42.492+0000] {logging_mixin.py:137} INFO - [2023-01-31T10:43:42.492+0000] {dag.py:3441} INFO - Setting next_dagrun for example_weekday_branch_operator to 2023-01-30T00:00:00+00:00, run_after=2023-01-31T00:00:00+00:00
[2023-01-31T10:43:42.515+0000] {processor.py:175} INFO - Processing /home/airflow/.local/lib/python3.7/site-packages/airflow/example_dags/example_branch_day_of_week_operator.py took 0.248 seconds
