[2023-01-31T10:15:29.989+0000] {processor.py:153} INFO - Started process (PID=70) to work on /home/airflow/.local/lib/python3.7/site-packages/airflow/example_dags/example_skip_dag.py
[2023-01-31T10:15:30.009+0000] {processor.py:743} INFO - Processing file /home/airflow/.local/lib/python3.7/site-packages/airflow/example_dags/example_skip_dag.py for tasks to queue
[2023-01-31T10:15:30.050+0000] {logging_mixin.py:137} INFO - [2023-01-31T10:15:30.050+0000] {dagbag.py:538} INFO - Filling up the DagBag from /home/airflow/.local/lib/python3.7/site-packages/airflow/example_dags/example_skip_dag.py
[2023-01-31T10:15:30.140+0000] {processor.py:753} INFO - DAG(s) dict_keys(['example_skip_dag']) retrieved from /home/airflow/.local/lib/python3.7/site-packages/airflow/example_dags/example_skip_dag.py
[2023-01-31T10:15:30.239+0000] {logging_mixin.py:137} INFO - [2023-01-31T10:15:30.239+0000] {dag.py:2690} INFO - Sync 1 DAGs
[2023-01-31T10:15:30.469+0000] {logging_mixin.py:137} INFO - [2023-01-31T10:15:30.469+0000] {dag.py:3441} INFO - Setting next_dagrun for example_skip_dag to 2023-01-30T10:15:30.468670+00:00, run_after=2023-01-31T10:15:30.468670+00:00
[2023-01-31T10:15:30.570+0000] {processor.py:175} INFO - Processing /home/airflow/.local/lib/python3.7/site-packages/airflow/example_dags/example_skip_dag.py took 0.600 seconds
[2023-01-31T10:16:01.022+0000] {processor.py:153} INFO - Started process (PID=153) to work on /home/airflow/.local/lib/python3.7/site-packages/airflow/example_dags/example_skip_dag.py
[2023-01-31T10:16:01.025+0000] {processor.py:743} INFO - Processing file /home/airflow/.local/lib/python3.7/site-packages/airflow/example_dags/example_skip_dag.py for tasks to queue
[2023-01-31T10:16:01.027+0000] {logging_mixin.py:137} INFO - [2023-01-31T10:16:01.026+0000] {dagbag.py:538} INFO - Filling up the DagBag from /home/airflow/.local/lib/python3.7/site-packages/airflow/example_dags/example_skip_dag.py
[2023-01-31T10:16:01.051+0000] {processor.py:753} INFO - DAG(s) dict_keys(['example_skip_dag']) retrieved from /home/airflow/.local/lib/python3.7/site-packages/airflow/example_dags/example_skip_dag.py
[2023-01-31T10:16:01.112+0000] {logging_mixin.py:137} INFO - [2023-01-31T10:16:01.112+0000] {dag.py:2690} INFO - Sync 1 DAGs
[2023-01-31T10:16:01.134+0000] {logging_mixin.py:137} INFO - [2023-01-31T10:16:01.134+0000] {dag.py:3441} INFO - Setting next_dagrun for example_skip_dag to 2023-01-30T10:16:01.134468+00:00, run_after=2023-01-31T10:16:01.134468+00:00
[2023-01-31T10:16:01.154+0000] {processor.py:175} INFO - Processing /home/airflow/.local/lib/python3.7/site-packages/airflow/example_dags/example_skip_dag.py took 0.139 seconds
[2023-01-31T10:16:31.221+0000] {processor.py:153} INFO - Started process (PID=232) to work on /home/airflow/.local/lib/python3.7/site-packages/airflow/example_dags/example_skip_dag.py
[2023-01-31T10:16:31.222+0000] {processor.py:743} INFO - Processing file /home/airflow/.local/lib/python3.7/site-packages/airflow/example_dags/example_skip_dag.py for tasks to queue
[2023-01-31T10:16:31.223+0000] {logging_mixin.py:137} INFO - [2023-01-31T10:16:31.223+0000] {dagbag.py:538} INFO - Filling up the DagBag from /home/airflow/.local/lib/python3.7/site-packages/airflow/example_dags/example_skip_dag.py
[2023-01-31T10:16:31.236+0000] {processor.py:753} INFO - DAG(s) dict_keys(['example_skip_dag']) retrieved from /home/airflow/.local/lib/python3.7/site-packages/airflow/example_dags/example_skip_dag.py
[2023-01-31T10:16:31.263+0000] {logging_mixin.py:137} INFO - [2023-01-31T10:16:31.263+0000] {dag.py:2690} INFO - Sync 1 DAGs
[2023-01-31T10:16:31.283+0000] {logging_mixin.py:137} INFO - [2023-01-31T10:16:31.283+0000] {dag.py:3441} INFO - Setting next_dagrun for example_skip_dag to 2023-01-30T10:16:31.283191+00:00, run_after=2023-01-31T10:16:31.283191+00:00
[2023-01-31T10:16:31.308+0000] {processor.py:175} INFO - Processing /home/airflow/.local/lib/python3.7/site-packages/airflow/example_dags/example_skip_dag.py took 0.091 seconds
[2023-01-31T10:17:01.879+0000] {processor.py:153} INFO - Started process (PID=311) to work on /home/airflow/.local/lib/python3.7/site-packages/airflow/example_dags/example_skip_dag.py
[2023-01-31T10:17:01.883+0000] {processor.py:743} INFO - Processing file /home/airflow/.local/lib/python3.7/site-packages/airflow/example_dags/example_skip_dag.py for tasks to queue
[2023-01-31T10:17:01.884+0000] {logging_mixin.py:137} INFO - [2023-01-31T10:17:01.884+0000] {dagbag.py:538} INFO - Filling up the DagBag from /home/airflow/.local/lib/python3.7/site-packages/airflow/example_dags/example_skip_dag.py
[2023-01-31T10:17:01.927+0000] {processor.py:753} INFO - DAG(s) dict_keys(['example_skip_dag']) retrieved from /home/airflow/.local/lib/python3.7/site-packages/airflow/example_dags/example_skip_dag.py
[2023-01-31T10:17:01.984+0000] {logging_mixin.py:137} INFO - [2023-01-31T10:17:01.984+0000] {dag.py:2690} INFO - Sync 1 DAGs
[2023-01-31T10:17:02.021+0000] {logging_mixin.py:137} INFO - [2023-01-31T10:17:02.021+0000] {dag.py:3441} INFO - Setting next_dagrun for example_skip_dag to 2023-01-30T10:17:02.020918+00:00, run_after=2023-01-31T10:17:02.020918+00:00
[2023-01-31T10:17:02.041+0000] {processor.py:175} INFO - Processing /home/airflow/.local/lib/python3.7/site-packages/airflow/example_dags/example_skip_dag.py took 0.168 seconds
[2023-01-31T10:17:32.192+0000] {processor.py:153} INFO - Started process (PID=398) to work on /home/airflow/.local/lib/python3.7/site-packages/airflow/example_dags/example_skip_dag.py
[2023-01-31T10:17:32.195+0000] {processor.py:743} INFO - Processing file /home/airflow/.local/lib/python3.7/site-packages/airflow/example_dags/example_skip_dag.py for tasks to queue
[2023-01-31T10:17:32.205+0000] {logging_mixin.py:137} INFO - [2023-01-31T10:17:32.205+0000] {dagbag.py:538} INFO - Filling up the DagBag from /home/airflow/.local/lib/python3.7/site-packages/airflow/example_dags/example_skip_dag.py
[2023-01-31T10:17:32.228+0000] {processor.py:753} INFO - DAG(s) dict_keys(['example_skip_dag']) retrieved from /home/airflow/.local/lib/python3.7/site-packages/airflow/example_dags/example_skip_dag.py
[2023-01-31T10:17:32.290+0000] {logging_mixin.py:137} INFO - [2023-01-31T10:17:32.290+0000] {dag.py:2690} INFO - Sync 1 DAGs
[2023-01-31T10:17:32.349+0000] {logging_mixin.py:137} INFO - [2023-01-31T10:17:32.349+0000] {dag.py:3441} INFO - Setting next_dagrun for example_skip_dag to 2023-01-30T10:17:32.348753+00:00, run_after=2023-01-31T10:17:32.348753+00:00
[2023-01-31T10:17:32.395+0000] {processor.py:175} INFO - Processing /home/airflow/.local/lib/python3.7/site-packages/airflow/example_dags/example_skip_dag.py took 0.207 seconds
[2023-01-31T10:18:03.341+0000] {processor.py:153} INFO - Started process (PID=484) to work on /home/airflow/.local/lib/python3.7/site-packages/airflow/example_dags/example_skip_dag.py
[2023-01-31T10:18:03.343+0000] {processor.py:743} INFO - Processing file /home/airflow/.local/lib/python3.7/site-packages/airflow/example_dags/example_skip_dag.py for tasks to queue
[2023-01-31T10:18:03.344+0000] {logging_mixin.py:137} INFO - [2023-01-31T10:18:03.344+0000] {dagbag.py:538} INFO - Filling up the DagBag from /home/airflow/.local/lib/python3.7/site-packages/airflow/example_dags/example_skip_dag.py
[2023-01-31T10:18:03.361+0000] {processor.py:753} INFO - DAG(s) dict_keys(['example_skip_dag']) retrieved from /home/airflow/.local/lib/python3.7/site-packages/airflow/example_dags/example_skip_dag.py
[2023-01-31T10:18:03.388+0000] {logging_mixin.py:137} INFO - [2023-01-31T10:18:03.388+0000] {dag.py:2690} INFO - Sync 1 DAGs
[2023-01-31T10:18:03.405+0000] {logging_mixin.py:137} INFO - [2023-01-31T10:18:03.405+0000] {dag.py:3441} INFO - Setting next_dagrun for example_skip_dag to 2023-01-30T10:18:03.405621+00:00, run_after=2023-01-31T10:18:03.405621+00:00
[2023-01-31T10:18:03.421+0000] {processor.py:175} INFO - Processing /home/airflow/.local/lib/python3.7/site-packages/airflow/example_dags/example_skip_dag.py took 0.084 seconds
[2023-01-31T10:18:41.407+0000] {processor.py:153} INFO - Started process (PID=563) to work on /home/airflow/.local/lib/python3.7/site-packages/airflow/example_dags/example_skip_dag.py
[2023-01-31T10:18:41.416+0000] {processor.py:743} INFO - Processing file /home/airflow/.local/lib/python3.7/site-packages/airflow/example_dags/example_skip_dag.py for tasks to queue
[2023-01-31T10:18:41.420+0000] {logging_mixin.py:137} INFO - [2023-01-31T10:18:41.419+0000] {dagbag.py:538} INFO - Filling up the DagBag from /home/airflow/.local/lib/python3.7/site-packages/airflow/example_dags/example_skip_dag.py
[2023-01-31T10:18:41.459+0000] {processor.py:753} INFO - DAG(s) dict_keys(['example_skip_dag']) retrieved from /home/airflow/.local/lib/python3.7/site-packages/airflow/example_dags/example_skip_dag.py
[2023-01-31T10:18:41.574+0000] {logging_mixin.py:137} INFO - [2023-01-31T10:18:41.573+0000] {dag.py:2690} INFO - Sync 1 DAGs
[2023-01-31T10:18:41.628+0000] {logging_mixin.py:137} INFO - [2023-01-31T10:18:41.628+0000] {dag.py:3441} INFO - Setting next_dagrun for example_skip_dag to 2023-01-30T10:18:41.627837+00:00, run_after=2023-01-31T10:18:41.627837+00:00
[2023-01-31T10:18:41.687+0000] {processor.py:175} INFO - Processing /home/airflow/.local/lib/python3.7/site-packages/airflow/example_dags/example_skip_dag.py took 0.284 seconds
[2023-01-31T10:19:12.158+0000] {processor.py:153} INFO - Started process (PID=646) to work on /home/airflow/.local/lib/python3.7/site-packages/airflow/example_dags/example_skip_dag.py
[2023-01-31T10:19:12.161+0000] {processor.py:743} INFO - Processing file /home/airflow/.local/lib/python3.7/site-packages/airflow/example_dags/example_skip_dag.py for tasks to queue
[2023-01-31T10:19:12.166+0000] {logging_mixin.py:137} INFO - [2023-01-31T10:19:12.165+0000] {dagbag.py:538} INFO - Filling up the DagBag from /home/airflow/.local/lib/python3.7/site-packages/airflow/example_dags/example_skip_dag.py
[2023-01-31T10:19:12.185+0000] {processor.py:753} INFO - DAG(s) dict_keys(['example_skip_dag']) retrieved from /home/airflow/.local/lib/python3.7/site-packages/airflow/example_dags/example_skip_dag.py
[2023-01-31T10:19:12.252+0000] {logging_mixin.py:137} INFO - [2023-01-31T10:19:12.252+0000] {dag.py:2690} INFO - Sync 1 DAGs
[2023-01-31T10:19:12.300+0000] {logging_mixin.py:137} INFO - [2023-01-31T10:19:12.300+0000] {dag.py:3441} INFO - Setting next_dagrun for example_skip_dag to 2023-01-30T10:19:12.300266+00:00, run_after=2023-01-31T10:19:12.300266+00:00
[2023-01-31T10:19:12.378+0000] {processor.py:175} INFO - Processing /home/airflow/.local/lib/python3.7/site-packages/airflow/example_dags/example_skip_dag.py took 0.225 seconds
[2023-01-31T10:19:42.993+0000] {processor.py:153} INFO - Started process (PID=723) to work on /home/airflow/.local/lib/python3.7/site-packages/airflow/example_dags/example_skip_dag.py
[2023-01-31T10:19:42.995+0000] {processor.py:743} INFO - Processing file /home/airflow/.local/lib/python3.7/site-packages/airflow/example_dags/example_skip_dag.py for tasks to queue
[2023-01-31T10:19:42.997+0000] {logging_mixin.py:137} INFO - [2023-01-31T10:19:42.996+0000] {dagbag.py:538} INFO - Filling up the DagBag from /home/airflow/.local/lib/python3.7/site-packages/airflow/example_dags/example_skip_dag.py
[2023-01-31T10:19:43.010+0000] {processor.py:753} INFO - DAG(s) dict_keys(['example_skip_dag']) retrieved from /home/airflow/.local/lib/python3.7/site-packages/airflow/example_dags/example_skip_dag.py
[2023-01-31T10:19:43.039+0000] {logging_mixin.py:137} INFO - [2023-01-31T10:19:43.039+0000] {dag.py:2690} INFO - Sync 1 DAGs
[2023-01-31T10:19:43.059+0000] {logging_mixin.py:137} INFO - [2023-01-31T10:19:43.059+0000] {dag.py:3441} INFO - Setting next_dagrun for example_skip_dag to 2023-01-30T10:19:43.059446+00:00, run_after=2023-01-31T10:19:43.059446+00:00
[2023-01-31T10:19:43.083+0000] {processor.py:175} INFO - Processing /home/airflow/.local/lib/python3.7/site-packages/airflow/example_dags/example_skip_dag.py took 0.093 seconds
[2023-01-31T10:20:14.335+0000] {processor.py:153} INFO - Started process (PID=816) to work on /home/airflow/.local/lib/python3.7/site-packages/airflow/example_dags/example_skip_dag.py
[2023-01-31T10:20:14.337+0000] {processor.py:743} INFO - Processing file /home/airflow/.local/lib/python3.7/site-packages/airflow/example_dags/example_skip_dag.py for tasks to queue
[2023-01-31T10:20:14.341+0000] {logging_mixin.py:137} INFO - [2023-01-31T10:20:14.341+0000] {dagbag.py:538} INFO - Filling up the DagBag from /home/airflow/.local/lib/python3.7/site-packages/airflow/example_dags/example_skip_dag.py
[2023-01-31T10:20:14.373+0000] {processor.py:753} INFO - DAG(s) dict_keys(['example_skip_dag']) retrieved from /home/airflow/.local/lib/python3.7/site-packages/airflow/example_dags/example_skip_dag.py
[2023-01-31T10:20:14.477+0000] {logging_mixin.py:137} INFO - [2023-01-31T10:20:14.477+0000] {dag.py:2690} INFO - Sync 1 DAGs
[2023-01-31T10:20:14.557+0000] {logging_mixin.py:137} INFO - [2023-01-31T10:20:14.557+0000] {dag.py:3441} INFO - Setting next_dagrun for example_skip_dag to 2023-01-30T10:20:14.556999+00:00, run_after=2023-01-31T10:20:14.556999+00:00
[2023-01-31T10:20:14.579+0000] {processor.py:175} INFO - Processing /home/airflow/.local/lib/python3.7/site-packages/airflow/example_dags/example_skip_dag.py took 0.249 seconds
[2023-01-31T10:20:44.751+0000] {processor.py:153} INFO - Started process (PID=902) to work on /home/airflow/.local/lib/python3.7/site-packages/airflow/example_dags/example_skip_dag.py
[2023-01-31T10:20:44.753+0000] {processor.py:743} INFO - Processing file /home/airflow/.local/lib/python3.7/site-packages/airflow/example_dags/example_skip_dag.py for tasks to queue
[2023-01-31T10:20:44.754+0000] {logging_mixin.py:137} INFO - [2023-01-31T10:20:44.754+0000] {dagbag.py:538} INFO - Filling up the DagBag from /home/airflow/.local/lib/python3.7/site-packages/airflow/example_dags/example_skip_dag.py
[2023-01-31T10:20:44.770+0000] {processor.py:753} INFO - DAG(s) dict_keys(['example_skip_dag']) retrieved from /home/airflow/.local/lib/python3.7/site-packages/airflow/example_dags/example_skip_dag.py
[2023-01-31T10:20:44.803+0000] {logging_mixin.py:137} INFO - [2023-01-31T10:20:44.803+0000] {dag.py:2690} INFO - Sync 1 DAGs
[2023-01-31T10:20:44.821+0000] {logging_mixin.py:137} INFO - [2023-01-31T10:20:44.821+0000] {dag.py:3441} INFO - Setting next_dagrun for example_skip_dag to 2023-01-30T10:20:44.821118+00:00, run_after=2023-01-31T10:20:44.821118+00:00
[2023-01-31T10:20:44.835+0000] {processor.py:175} INFO - Processing /home/airflow/.local/lib/python3.7/site-packages/airflow/example_dags/example_skip_dag.py took 0.088 seconds
[2023-01-31T10:21:16.042+0000] {processor.py:153} INFO - Started process (PID=981) to work on /home/airflow/.local/lib/python3.7/site-packages/airflow/example_dags/example_skip_dag.py
[2023-01-31T10:21:16.053+0000] {processor.py:743} INFO - Processing file /home/airflow/.local/lib/python3.7/site-packages/airflow/example_dags/example_skip_dag.py for tasks to queue
[2023-01-31T10:21:16.061+0000] {logging_mixin.py:137} INFO - [2023-01-31T10:21:16.060+0000] {dagbag.py:538} INFO - Filling up the DagBag from /home/airflow/.local/lib/python3.7/site-packages/airflow/example_dags/example_skip_dag.py
[2023-01-31T10:21:16.088+0000] {processor.py:753} INFO - DAG(s) dict_keys(['example_skip_dag']) retrieved from /home/airflow/.local/lib/python3.7/site-packages/airflow/example_dags/example_skip_dag.py
[2023-01-31T10:21:16.206+0000] {logging_mixin.py:137} INFO - [2023-01-31T10:21:16.206+0000] {dag.py:2690} INFO - Sync 1 DAGs
[2023-01-31T10:21:16.226+0000] {logging_mixin.py:137} INFO - [2023-01-31T10:21:16.226+0000] {dag.py:3441} INFO - Setting next_dagrun for example_skip_dag to 2023-01-30T10:21:16.225723+00:00, run_after=2023-01-31T10:21:16.225723+00:00
[2023-01-31T10:21:16.293+0000] {processor.py:175} INFO - Processing /home/airflow/.local/lib/python3.7/site-packages/airflow/example_dags/example_skip_dag.py took 0.270 seconds
[2023-01-31T10:21:47.312+0000] {processor.py:153} INFO - Started process (PID=1059) to work on /home/airflow/.local/lib/python3.7/site-packages/airflow/example_dags/example_skip_dag.py
[2023-01-31T10:21:47.314+0000] {processor.py:743} INFO - Processing file /home/airflow/.local/lib/python3.7/site-packages/airflow/example_dags/example_skip_dag.py for tasks to queue
[2023-01-31T10:21:47.316+0000] {logging_mixin.py:137} INFO - [2023-01-31T10:21:47.316+0000] {dagbag.py:538} INFO - Filling up the DagBag from /home/airflow/.local/lib/python3.7/site-packages/airflow/example_dags/example_skip_dag.py
[2023-01-31T10:21:47.331+0000] {processor.py:753} INFO - DAG(s) dict_keys(['example_skip_dag']) retrieved from /home/airflow/.local/lib/python3.7/site-packages/airflow/example_dags/example_skip_dag.py
[2023-01-31T10:21:47.363+0000] {logging_mixin.py:137} INFO - [2023-01-31T10:21:47.363+0000] {dag.py:2690} INFO - Sync 1 DAGs
[2023-01-31T10:21:47.394+0000] {logging_mixin.py:137} INFO - [2023-01-31T10:21:47.394+0000] {dag.py:3441} INFO - Setting next_dagrun for example_skip_dag to 2023-01-30T10:21:47.394442+00:00, run_after=2023-01-31T10:21:47.394442+00:00
[2023-01-31T10:21:47.431+0000] {processor.py:175} INFO - Processing /home/airflow/.local/lib/python3.7/site-packages/airflow/example_dags/example_skip_dag.py took 0.125 seconds
[2023-01-31T10:22:17.902+0000] {processor.py:153} INFO - Started process (PID=1138) to work on /home/airflow/.local/lib/python3.7/site-packages/airflow/example_dags/example_skip_dag.py
[2023-01-31T10:22:17.903+0000] {processor.py:743} INFO - Processing file /home/airflow/.local/lib/python3.7/site-packages/airflow/example_dags/example_skip_dag.py for tasks to queue
[2023-01-31T10:22:17.905+0000] {logging_mixin.py:137} INFO - [2023-01-31T10:22:17.905+0000] {dagbag.py:538} INFO - Filling up the DagBag from /home/airflow/.local/lib/python3.7/site-packages/airflow/example_dags/example_skip_dag.py
[2023-01-31T10:22:17.921+0000] {processor.py:753} INFO - DAG(s) dict_keys(['example_skip_dag']) retrieved from /home/airflow/.local/lib/python3.7/site-packages/airflow/example_dags/example_skip_dag.py
[2023-01-31T10:22:17.948+0000] {logging_mixin.py:137} INFO - [2023-01-31T10:22:17.948+0000] {dag.py:2690} INFO - Sync 1 DAGs
[2023-01-31T10:22:17.968+0000] {logging_mixin.py:137} INFO - [2023-01-31T10:22:17.968+0000] {dag.py:3441} INFO - Setting next_dagrun for example_skip_dag to 2023-01-30T10:22:17.968265+00:00, run_after=2023-01-31T10:22:17.968265+00:00
[2023-01-31T10:22:17.984+0000] {processor.py:175} INFO - Processing /home/airflow/.local/lib/python3.7/site-packages/airflow/example_dags/example_skip_dag.py took 0.086 seconds
[2023-01-31T10:22:48.990+0000] {processor.py:153} INFO - Started process (PID=1225) to work on /home/airflow/.local/lib/python3.7/site-packages/airflow/example_dags/example_skip_dag.py
[2023-01-31T10:22:48.991+0000] {processor.py:743} INFO - Processing file /home/airflow/.local/lib/python3.7/site-packages/airflow/example_dags/example_skip_dag.py for tasks to queue
[2023-01-31T10:22:48.993+0000] {logging_mixin.py:137} INFO - [2023-01-31T10:22:48.992+0000] {dagbag.py:538} INFO - Filling up the DagBag from /home/airflow/.local/lib/python3.7/site-packages/airflow/example_dags/example_skip_dag.py
[2023-01-31T10:22:49.007+0000] {processor.py:753} INFO - DAG(s) dict_keys(['example_skip_dag']) retrieved from /home/airflow/.local/lib/python3.7/site-packages/airflow/example_dags/example_skip_dag.py
[2023-01-31T10:22:49.054+0000] {logging_mixin.py:137} INFO - [2023-01-31T10:22:49.054+0000] {dag.py:2690} INFO - Sync 1 DAGs
[2023-01-31T10:22:49.098+0000] {logging_mixin.py:137} INFO - [2023-01-31T10:22:49.097+0000] {dag.py:3441} INFO - Setting next_dagrun for example_skip_dag to 2023-01-30T10:22:49.097355+00:00, run_after=2023-01-31T10:22:49.097355+00:00
[2023-01-31T10:22:49.150+0000] {processor.py:175} INFO - Processing /home/airflow/.local/lib/python3.7/site-packages/airflow/example_dags/example_skip_dag.py took 0.164 seconds
[2023-01-31T10:23:20.145+0000] {processor.py:153} INFO - Started process (PID=1310) to work on /home/airflow/.local/lib/python3.7/site-packages/airflow/example_dags/example_skip_dag.py
[2023-01-31T10:23:20.147+0000] {processor.py:743} INFO - Processing file /home/airflow/.local/lib/python3.7/site-packages/airflow/example_dags/example_skip_dag.py for tasks to queue
[2023-01-31T10:23:20.149+0000] {logging_mixin.py:137} INFO - [2023-01-31T10:23:20.148+0000] {dagbag.py:538} INFO - Filling up the DagBag from /home/airflow/.local/lib/python3.7/site-packages/airflow/example_dags/example_skip_dag.py
[2023-01-31T10:23:20.165+0000] {processor.py:753} INFO - DAG(s) dict_keys(['example_skip_dag']) retrieved from /home/airflow/.local/lib/python3.7/site-packages/airflow/example_dags/example_skip_dag.py
[2023-01-31T10:23:20.197+0000] {logging_mixin.py:137} INFO - [2023-01-31T10:23:20.197+0000] {dag.py:2690} INFO - Sync 1 DAGs
[2023-01-31T10:23:20.223+0000] {logging_mixin.py:137} INFO - [2023-01-31T10:23:20.222+0000] {dag.py:3441} INFO - Setting next_dagrun for example_skip_dag to 2023-01-30T10:23:20.222688+00:00, run_after=2023-01-31T10:23:20.222688+00:00
[2023-01-31T10:23:20.245+0000] {processor.py:175} INFO - Processing /home/airflow/.local/lib/python3.7/site-packages/airflow/example_dags/example_skip_dag.py took 0.105 seconds
[2023-01-31T10:23:50.700+0000] {processor.py:153} INFO - Started process (PID=1389) to work on /home/airflow/.local/lib/python3.7/site-packages/airflow/example_dags/example_skip_dag.py
[2023-01-31T10:23:50.706+0000] {processor.py:743} INFO - Processing file /home/airflow/.local/lib/python3.7/site-packages/airflow/example_dags/example_skip_dag.py for tasks to queue
[2023-01-31T10:23:50.711+0000] {logging_mixin.py:137} INFO - [2023-01-31T10:23:50.711+0000] {dagbag.py:538} INFO - Filling up the DagBag from /home/airflow/.local/lib/python3.7/site-packages/airflow/example_dags/example_skip_dag.py
[2023-01-31T10:23:50.803+0000] {processor.py:753} INFO - DAG(s) dict_keys(['example_skip_dag']) retrieved from /home/airflow/.local/lib/python3.7/site-packages/airflow/example_dags/example_skip_dag.py
[2023-01-31T10:23:50.833+0000] {logging_mixin.py:137} INFO - [2023-01-31T10:23:50.833+0000] {dag.py:2690} INFO - Sync 1 DAGs
[2023-01-31T10:23:50.856+0000] {logging_mixin.py:137} INFO - [2023-01-31T10:23:50.856+0000] {dag.py:3441} INFO - Setting next_dagrun for example_skip_dag to 2023-01-30T10:23:50.856560+00:00, run_after=2023-01-31T10:23:50.856560+00:00
[2023-01-31T10:23:50.875+0000] {processor.py:175} INFO - Processing /home/airflow/.local/lib/python3.7/site-packages/airflow/example_dags/example_skip_dag.py took 0.182 seconds
[2023-01-31T10:24:21.378+0000] {processor.py:153} INFO - Started process (PID=1467) to work on /home/airflow/.local/lib/python3.7/site-packages/airflow/example_dags/example_skip_dag.py
[2023-01-31T10:24:21.389+0000] {processor.py:743} INFO - Processing file /home/airflow/.local/lib/python3.7/site-packages/airflow/example_dags/example_skip_dag.py for tasks to queue
[2023-01-31T10:24:21.393+0000] {logging_mixin.py:137} INFO - [2023-01-31T10:24:21.393+0000] {dagbag.py:538} INFO - Filling up the DagBag from /home/airflow/.local/lib/python3.7/site-packages/airflow/example_dags/example_skip_dag.py
[2023-01-31T10:24:21.422+0000] {processor.py:753} INFO - DAG(s) dict_keys(['example_skip_dag']) retrieved from /home/airflow/.local/lib/python3.7/site-packages/airflow/example_dags/example_skip_dag.py
[2023-01-31T10:24:21.473+0000] {logging_mixin.py:137} INFO - [2023-01-31T10:24:21.473+0000] {dag.py:2690} INFO - Sync 1 DAGs
[2023-01-31T10:24:21.524+0000] {logging_mixin.py:137} INFO - [2023-01-31T10:24:21.524+0000] {dag.py:3441} INFO - Setting next_dagrun for example_skip_dag to 2023-01-30T10:24:21.524063+00:00, run_after=2023-01-31T10:24:21.524063+00:00
[2023-01-31T10:24:21.580+0000] {processor.py:175} INFO - Processing /home/airflow/.local/lib/python3.7/site-packages/airflow/example_dags/example_skip_dag.py took 0.208 seconds
[2023-01-31T10:24:51.861+0000] {processor.py:153} INFO - Started process (PID=1549) to work on /home/airflow/.local/lib/python3.7/site-packages/airflow/example_dags/example_skip_dag.py
[2023-01-31T10:24:51.862+0000] {processor.py:743} INFO - Processing file /home/airflow/.local/lib/python3.7/site-packages/airflow/example_dags/example_skip_dag.py for tasks to queue
[2023-01-31T10:24:51.863+0000] {logging_mixin.py:137} INFO - [2023-01-31T10:24:51.863+0000] {dagbag.py:538} INFO - Filling up the DagBag from /home/airflow/.local/lib/python3.7/site-packages/airflow/example_dags/example_skip_dag.py
[2023-01-31T10:24:51.873+0000] {processor.py:753} INFO - DAG(s) dict_keys(['example_skip_dag']) retrieved from /home/airflow/.local/lib/python3.7/site-packages/airflow/example_dags/example_skip_dag.py
[2023-01-31T10:24:51.894+0000] {logging_mixin.py:137} INFO - [2023-01-31T10:24:51.894+0000] {dag.py:2690} INFO - Sync 1 DAGs
[2023-01-31T10:24:51.911+0000] {logging_mixin.py:137} INFO - [2023-01-31T10:24:51.911+0000] {dag.py:3441} INFO - Setting next_dagrun for example_skip_dag to 2023-01-30T10:24:51.911307+00:00, run_after=2023-01-31T10:24:51.911307+00:00
[2023-01-31T10:24:51.932+0000] {processor.py:175} INFO - Processing /home/airflow/.local/lib/python3.7/site-packages/airflow/example_dags/example_skip_dag.py took 0.075 seconds
[2023-01-31T10:25:22.478+0000] {processor.py:153} INFO - Started process (PID=1628) to work on /home/airflow/.local/lib/python3.7/site-packages/airflow/example_dags/example_skip_dag.py
[2023-01-31T10:25:22.480+0000] {processor.py:743} INFO - Processing file /home/airflow/.local/lib/python3.7/site-packages/airflow/example_dags/example_skip_dag.py for tasks to queue
[2023-01-31T10:25:22.483+0000] {logging_mixin.py:137} INFO - [2023-01-31T10:25:22.483+0000] {dagbag.py:538} INFO - Filling up the DagBag from /home/airflow/.local/lib/python3.7/site-packages/airflow/example_dags/example_skip_dag.py
[2023-01-31T10:25:22.718+0000] {processor.py:753} INFO - DAG(s) dict_keys(['example_skip_dag']) retrieved from /home/airflow/.local/lib/python3.7/site-packages/airflow/example_dags/example_skip_dag.py
[2023-01-31T10:25:22.796+0000] {logging_mixin.py:137} INFO - [2023-01-31T10:25:22.796+0000] {dag.py:2690} INFO - Sync 1 DAGs
[2023-01-31T10:25:22.926+0000] {logging_mixin.py:137} INFO - [2023-01-31T10:25:22.926+0000] {dag.py:3441} INFO - Setting next_dagrun for example_skip_dag to 2023-01-30T10:25:22.925151+00:00, run_after=2023-01-31T10:25:22.925151+00:00
[2023-01-31T10:25:22.954+0000] {processor.py:175} INFO - Processing /home/airflow/.local/lib/python3.7/site-packages/airflow/example_dags/example_skip_dag.py took 0.482 seconds
[2023-01-31T10:25:53.421+0000] {processor.py:153} INFO - Started process (PID=1708) to work on /home/airflow/.local/lib/python3.7/site-packages/airflow/example_dags/example_skip_dag.py
[2023-01-31T10:25:53.432+0000] {processor.py:743} INFO - Processing file /home/airflow/.local/lib/python3.7/site-packages/airflow/example_dags/example_skip_dag.py for tasks to queue
[2023-01-31T10:25:53.439+0000] {logging_mixin.py:137} INFO - [2023-01-31T10:25:53.439+0000] {dagbag.py:538} INFO - Filling up the DagBag from /home/airflow/.local/lib/python3.7/site-packages/airflow/example_dags/example_skip_dag.py
[2023-01-31T10:25:53.472+0000] {processor.py:753} INFO - DAG(s) dict_keys(['example_skip_dag']) retrieved from /home/airflow/.local/lib/python3.7/site-packages/airflow/example_dags/example_skip_dag.py
[2023-01-31T10:25:53.533+0000] {logging_mixin.py:137} INFO - [2023-01-31T10:25:53.533+0000] {dag.py:2690} INFO - Sync 1 DAGs
[2023-01-31T10:25:53.579+0000] {logging_mixin.py:137} INFO - [2023-01-31T10:25:53.579+0000] {dag.py:3441} INFO - Setting next_dagrun for example_skip_dag to 2023-01-30T10:25:53.578982+00:00, run_after=2023-01-31T10:25:53.578982+00:00
[2023-01-31T10:25:53.627+0000] {processor.py:175} INFO - Processing /home/airflow/.local/lib/python3.7/site-packages/airflow/example_dags/example_skip_dag.py took 0.214 seconds
[2023-01-31T10:26:23.993+0000] {processor.py:153} INFO - Started process (PID=1807) to work on /home/airflow/.local/lib/python3.7/site-packages/airflow/example_dags/example_skip_dag.py
[2023-01-31T10:26:23.999+0000] {processor.py:743} INFO - Processing file /home/airflow/.local/lib/python3.7/site-packages/airflow/example_dags/example_skip_dag.py for tasks to queue
[2023-01-31T10:26:24.029+0000] {logging_mixin.py:137} INFO - [2023-01-31T10:26:24.029+0000] {dagbag.py:538} INFO - Filling up the DagBag from /home/airflow/.local/lib/python3.7/site-packages/airflow/example_dags/example_skip_dag.py
[2023-01-31T10:26:24.047+0000] {processor.py:753} INFO - DAG(s) dict_keys(['example_skip_dag']) retrieved from /home/airflow/.local/lib/python3.7/site-packages/airflow/example_dags/example_skip_dag.py
[2023-01-31T10:26:24.082+0000] {logging_mixin.py:137} INFO - [2023-01-31T10:26:24.082+0000] {dag.py:2690} INFO - Sync 1 DAGs
[2023-01-31T10:26:24.110+0000] {logging_mixin.py:137} INFO - [2023-01-31T10:26:24.110+0000] {dag.py:3441} INFO - Setting next_dagrun for example_skip_dag to 2023-01-30T10:26:24.110190+00:00, run_after=2023-01-31T10:26:24.110190+00:00
[2023-01-31T10:26:24.137+0000] {processor.py:175} INFO - Processing /home/airflow/.local/lib/python3.7/site-packages/airflow/example_dags/example_skip_dag.py took 0.148 seconds
[2023-01-31T10:26:54.430+0000] {processor.py:153} INFO - Started process (PID=1886) to work on /home/airflow/.local/lib/python3.7/site-packages/airflow/example_dags/example_skip_dag.py
[2023-01-31T10:26:54.435+0000] {processor.py:743} INFO - Processing file /home/airflow/.local/lib/python3.7/site-packages/airflow/example_dags/example_skip_dag.py for tasks to queue
[2023-01-31T10:26:54.437+0000] {logging_mixin.py:137} INFO - [2023-01-31T10:26:54.437+0000] {dagbag.py:538} INFO - Filling up the DagBag from /home/airflow/.local/lib/python3.7/site-packages/airflow/example_dags/example_skip_dag.py
[2023-01-31T10:26:54.451+0000] {processor.py:753} INFO - DAG(s) dict_keys(['example_skip_dag']) retrieved from /home/airflow/.local/lib/python3.7/site-packages/airflow/example_dags/example_skip_dag.py
[2023-01-31T10:26:54.485+0000] {logging_mixin.py:137} INFO - [2023-01-31T10:26:54.485+0000] {dag.py:2690} INFO - Sync 1 DAGs
[2023-01-31T10:26:54.505+0000] {logging_mixin.py:137} INFO - [2023-01-31T10:26:54.505+0000] {dag.py:3441} INFO - Setting next_dagrun for example_skip_dag to 2023-01-30T10:26:54.505099+00:00, run_after=2023-01-31T10:26:54.505099+00:00
[2023-01-31T10:26:54.543+0000] {processor.py:175} INFO - Processing /home/airflow/.local/lib/python3.7/site-packages/airflow/example_dags/example_skip_dag.py took 0.117 seconds
[2023-01-31T10:27:25.059+0000] {processor.py:153} INFO - Started process (PID=1965) to work on /home/airflow/.local/lib/python3.7/site-packages/airflow/example_dags/example_skip_dag.py
[2023-01-31T10:27:25.061+0000] {processor.py:743} INFO - Processing file /home/airflow/.local/lib/python3.7/site-packages/airflow/example_dags/example_skip_dag.py for tasks to queue
[2023-01-31T10:27:25.062+0000] {logging_mixin.py:137} INFO - [2023-01-31T10:27:25.062+0000] {dagbag.py:538} INFO - Filling up the DagBag from /home/airflow/.local/lib/python3.7/site-packages/airflow/example_dags/example_skip_dag.py
[2023-01-31T10:27:25.072+0000] {processor.py:753} INFO - DAG(s) dict_keys(['example_skip_dag']) retrieved from /home/airflow/.local/lib/python3.7/site-packages/airflow/example_dags/example_skip_dag.py
[2023-01-31T10:27:25.103+0000] {logging_mixin.py:137} INFO - [2023-01-31T10:27:25.103+0000] {dag.py:2690} INFO - Sync 1 DAGs
[2023-01-31T10:27:25.121+0000] {logging_mixin.py:137} INFO - [2023-01-31T10:27:25.121+0000] {dag.py:3441} INFO - Setting next_dagrun for example_skip_dag to 2023-01-30T10:27:25.121144+00:00, run_after=2023-01-31T10:27:25.121144+00:00
[2023-01-31T10:27:25.139+0000] {processor.py:175} INFO - Processing /home/airflow/.local/lib/python3.7/site-packages/airflow/example_dags/example_skip_dag.py took 0.082 seconds
[2023-01-31T10:27:55.678+0000] {processor.py:153} INFO - Started process (PID=2061) to work on /home/airflow/.local/lib/python3.7/site-packages/airflow/example_dags/example_skip_dag.py
[2023-01-31T10:27:55.707+0000] {processor.py:743} INFO - Processing file /home/airflow/.local/lib/python3.7/site-packages/airflow/example_dags/example_skip_dag.py for tasks to queue
[2023-01-31T10:27:55.780+0000] {logging_mixin.py:137} INFO - [2023-01-31T10:27:55.779+0000] {dagbag.py:538} INFO - Filling up the DagBag from /home/airflow/.local/lib/python3.7/site-packages/airflow/example_dags/example_skip_dag.py
[2023-01-31T10:27:56.009+0000] {processor.py:753} INFO - DAG(s) dict_keys(['example_skip_dag']) retrieved from /home/airflow/.local/lib/python3.7/site-packages/airflow/example_dags/example_skip_dag.py
[2023-01-31T10:27:56.163+0000] {logging_mixin.py:137} INFO - [2023-01-31T10:27:56.163+0000] {dag.py:2690} INFO - Sync 1 DAGs
[2023-01-31T10:27:56.285+0000] {logging_mixin.py:137} INFO - [2023-01-31T10:27:56.285+0000] {dag.py:3441} INFO - Setting next_dagrun for example_skip_dag to 2023-01-30T10:27:56.285179+00:00, run_after=2023-01-31T10:27:56.285179+00:00
[2023-01-31T10:27:56.341+0000] {processor.py:175} INFO - Processing /home/airflow/.local/lib/python3.7/site-packages/airflow/example_dags/example_skip_dag.py took 0.677 seconds
[2023-01-31T10:28:26.799+0000] {processor.py:153} INFO - Started process (PID=2140) to work on /home/airflow/.local/lib/python3.7/site-packages/airflow/example_dags/example_skip_dag.py
[2023-01-31T10:28:26.802+0000] {processor.py:743} INFO - Processing file /home/airflow/.local/lib/python3.7/site-packages/airflow/example_dags/example_skip_dag.py for tasks to queue
[2023-01-31T10:28:26.806+0000] {logging_mixin.py:137} INFO - [2023-01-31T10:28:26.806+0000] {dagbag.py:538} INFO - Filling up the DagBag from /home/airflow/.local/lib/python3.7/site-packages/airflow/example_dags/example_skip_dag.py
[2023-01-31T10:28:26.830+0000] {processor.py:753} INFO - DAG(s) dict_keys(['example_skip_dag']) retrieved from /home/airflow/.local/lib/python3.7/site-packages/airflow/example_dags/example_skip_dag.py
[2023-01-31T10:28:26.871+0000] {logging_mixin.py:137} INFO - [2023-01-31T10:28:26.871+0000] {dag.py:2690} INFO - Sync 1 DAGs
[2023-01-31T10:28:26.895+0000] {logging_mixin.py:137} INFO - [2023-01-31T10:28:26.895+0000] {dag.py:3441} INFO - Setting next_dagrun for example_skip_dag to 2023-01-30T10:28:26.895115+00:00, run_after=2023-01-31T10:28:26.895115+00:00
[2023-01-31T10:28:26.915+0000] {processor.py:175} INFO - Processing /home/airflow/.local/lib/python3.7/site-packages/airflow/example_dags/example_skip_dag.py took 0.123 seconds
[2023-01-31T10:28:57.688+0000] {processor.py:153} INFO - Started process (PID=2219) to work on /home/airflow/.local/lib/python3.7/site-packages/airflow/example_dags/example_skip_dag.py
[2023-01-31T10:28:57.689+0000] {processor.py:743} INFO - Processing file /home/airflow/.local/lib/python3.7/site-packages/airflow/example_dags/example_skip_dag.py for tasks to queue
[2023-01-31T10:28:57.691+0000] {logging_mixin.py:137} INFO - [2023-01-31T10:28:57.691+0000] {dagbag.py:538} INFO - Filling up the DagBag from /home/airflow/.local/lib/python3.7/site-packages/airflow/example_dags/example_skip_dag.py
[2023-01-31T10:28:57.705+0000] {processor.py:753} INFO - DAG(s) dict_keys(['example_skip_dag']) retrieved from /home/airflow/.local/lib/python3.7/site-packages/airflow/example_dags/example_skip_dag.py
[2023-01-31T10:28:57.734+0000] {logging_mixin.py:137} INFO - [2023-01-31T10:28:57.734+0000] {dag.py:2690} INFO - Sync 1 DAGs
[2023-01-31T10:28:57.750+0000] {logging_mixin.py:137} INFO - [2023-01-31T10:28:57.750+0000] {dag.py:3441} INFO - Setting next_dagrun for example_skip_dag to 2023-01-30T10:28:57.750211+00:00, run_after=2023-01-31T10:28:57.750211+00:00
[2023-01-31T10:28:57.768+0000] {processor.py:175} INFO - Processing /home/airflow/.local/lib/python3.7/site-packages/airflow/example_dags/example_skip_dag.py took 0.084 seconds
[2023-01-31T10:29:29.822+0000] {processor.py:153} INFO - Started process (PID=2306) to work on /home/airflow/.local/lib/python3.7/site-packages/airflow/example_dags/example_skip_dag.py
[2023-01-31T10:29:29.839+0000] {processor.py:743} INFO - Processing file /home/airflow/.local/lib/python3.7/site-packages/airflow/example_dags/example_skip_dag.py for tasks to queue
[2023-01-31T10:29:29.879+0000] {logging_mixin.py:137} INFO - [2023-01-31T10:29:29.879+0000] {dagbag.py:538} INFO - Filling up the DagBag from /home/airflow/.local/lib/python3.7/site-packages/airflow/example_dags/example_skip_dag.py
[2023-01-31T10:29:29.912+0000] {processor.py:753} INFO - DAG(s) dict_keys(['example_skip_dag']) retrieved from /home/airflow/.local/lib/python3.7/site-packages/airflow/example_dags/example_skip_dag.py
[2023-01-31T10:29:30.430+0000] {logging_mixin.py:137} INFO - [2023-01-31T10:29:30.429+0000] {dag.py:2690} INFO - Sync 1 DAGs
[2023-01-31T10:29:30.824+0000] {logging_mixin.py:137} INFO - [2023-01-31T10:29:30.824+0000] {dag.py:3441} INFO - Setting next_dagrun for example_skip_dag to 2023-01-30T10:29:30.820080+00:00, run_after=2023-01-31T10:29:30.820080+00:00
[2023-01-31T10:29:31.412+0000] {processor.py:175} INFO - Processing /home/airflow/.local/lib/python3.7/site-packages/airflow/example_dags/example_skip_dag.py took 1.596 seconds
[2023-01-31T10:30:02.497+0000] {processor.py:153} INFO - Started process (PID=2385) to work on /home/airflow/.local/lib/python3.7/site-packages/airflow/example_dags/example_skip_dag.py
[2023-01-31T10:30:02.501+0000] {processor.py:743} INFO - Processing file /home/airflow/.local/lib/python3.7/site-packages/airflow/example_dags/example_skip_dag.py for tasks to queue
[2023-01-31T10:30:02.512+0000] {logging_mixin.py:137} INFO - [2023-01-31T10:30:02.510+0000] {dagbag.py:538} INFO - Filling up the DagBag from /home/airflow/.local/lib/python3.7/site-packages/airflow/example_dags/example_skip_dag.py
[2023-01-31T10:30:02.590+0000] {processor.py:753} INFO - DAG(s) dict_keys(['example_skip_dag']) retrieved from /home/airflow/.local/lib/python3.7/site-packages/airflow/example_dags/example_skip_dag.py
[2023-01-31T10:30:02.696+0000] {logging_mixin.py:137} INFO - [2023-01-31T10:30:02.696+0000] {dag.py:2690} INFO - Sync 1 DAGs
[2023-01-31T10:30:02.760+0000] {logging_mixin.py:137} INFO - [2023-01-31T10:30:02.758+0000] {dag.py:3441} INFO - Setting next_dagrun for example_skip_dag to 2023-01-30T10:30:02.758438+00:00, run_after=2023-01-31T10:30:02.758438+00:00
[2023-01-31T10:30:02.807+0000] {processor.py:175} INFO - Processing /home/airflow/.local/lib/python3.7/site-packages/airflow/example_dags/example_skip_dag.py took 0.314 seconds
[2023-01-31T10:30:33.053+0000] {processor.py:153} INFO - Started process (PID=2471) to work on /home/airflow/.local/lib/python3.7/site-packages/airflow/example_dags/example_skip_dag.py
[2023-01-31T10:30:33.057+0000] {processor.py:743} INFO - Processing file /home/airflow/.local/lib/python3.7/site-packages/airflow/example_dags/example_skip_dag.py for tasks to queue
[2023-01-31T10:30:33.058+0000] {logging_mixin.py:137} INFO - [2023-01-31T10:30:33.058+0000] {dagbag.py:538} INFO - Filling up the DagBag from /home/airflow/.local/lib/python3.7/site-packages/airflow/example_dags/example_skip_dag.py
[2023-01-31T10:30:33.072+0000] {processor.py:753} INFO - DAG(s) dict_keys(['example_skip_dag']) retrieved from /home/airflow/.local/lib/python3.7/site-packages/airflow/example_dags/example_skip_dag.py
[2023-01-31T10:30:33.120+0000] {logging_mixin.py:137} INFO - [2023-01-31T10:30:33.120+0000] {dag.py:2690} INFO - Sync 1 DAGs
[2023-01-31T10:30:33.142+0000] {logging_mixin.py:137} INFO - [2023-01-31T10:30:33.142+0000] {dag.py:3441} INFO - Setting next_dagrun for example_skip_dag to 2023-01-30T10:30:33.142184+00:00, run_after=2023-01-31T10:30:33.142184+00:00
[2023-01-31T10:30:33.162+0000] {processor.py:175} INFO - Processing /home/airflow/.local/lib/python3.7/site-packages/airflow/example_dags/example_skip_dag.py took 0.112 seconds
[2023-01-31T10:31:03.382+0000] {processor.py:153} INFO - Started process (PID=2549) to work on /home/airflow/.local/lib/python3.7/site-packages/airflow/example_dags/example_skip_dag.py
[2023-01-31T10:31:03.384+0000] {processor.py:743} INFO - Processing file /home/airflow/.local/lib/python3.7/site-packages/airflow/example_dags/example_skip_dag.py for tasks to queue
[2023-01-31T10:31:03.385+0000] {logging_mixin.py:137} INFO - [2023-01-31T10:31:03.385+0000] {dagbag.py:538} INFO - Filling up the DagBag from /home/airflow/.local/lib/python3.7/site-packages/airflow/example_dags/example_skip_dag.py
[2023-01-31T10:31:03.398+0000] {processor.py:753} INFO - DAG(s) dict_keys(['example_skip_dag']) retrieved from /home/airflow/.local/lib/python3.7/site-packages/airflow/example_dags/example_skip_dag.py
[2023-01-31T10:31:03.421+0000] {logging_mixin.py:137} INFO - [2023-01-31T10:31:03.421+0000] {dag.py:2690} INFO - Sync 1 DAGs
[2023-01-31T10:31:03.439+0000] {logging_mixin.py:137} INFO - [2023-01-31T10:31:03.439+0000] {dag.py:3441} INFO - Setting next_dagrun for example_skip_dag to 2023-01-30T10:31:03.439475+00:00, run_after=2023-01-31T10:31:03.439475+00:00
[2023-01-31T10:31:03.464+0000] {processor.py:175} INFO - Processing /home/airflow/.local/lib/python3.7/site-packages/airflow/example_dags/example_skip_dag.py took 0.086 seconds
[2023-01-31T10:31:34.266+0000] {processor.py:153} INFO - Started process (PID=2627) to work on /home/airflow/.local/lib/python3.7/site-packages/airflow/example_dags/example_skip_dag.py
[2023-01-31T10:31:34.270+0000] {processor.py:743} INFO - Processing file /home/airflow/.local/lib/python3.7/site-packages/airflow/example_dags/example_skip_dag.py for tasks to queue
[2023-01-31T10:31:34.273+0000] {logging_mixin.py:137} INFO - [2023-01-31T10:31:34.273+0000] {dagbag.py:538} INFO - Filling up the DagBag from /home/airflow/.local/lib/python3.7/site-packages/airflow/example_dags/example_skip_dag.py
[2023-01-31T10:31:34.290+0000] {processor.py:753} INFO - DAG(s) dict_keys(['example_skip_dag']) retrieved from /home/airflow/.local/lib/python3.7/site-packages/airflow/example_dags/example_skip_dag.py
[2023-01-31T10:31:34.409+0000] {logging_mixin.py:137} INFO - [2023-01-31T10:31:34.409+0000] {dag.py:2690} INFO - Sync 1 DAGs
[2023-01-31T10:31:34.464+0000] {logging_mixin.py:137} INFO - [2023-01-31T10:31:34.464+0000] {dag.py:3441} INFO - Setting next_dagrun for example_skip_dag to 2023-01-30T10:31:34.464531+00:00, run_after=2023-01-31T10:31:34.464531+00:00
[2023-01-31T10:31:34.510+0000] {processor.py:175} INFO - Processing /home/airflow/.local/lib/python3.7/site-packages/airflow/example_dags/example_skip_dag.py took 0.251 seconds
[2023-01-31T10:32:05.966+0000] {processor.py:153} INFO - Started process (PID=2721) to work on /home/airflow/.local/lib/python3.7/site-packages/airflow/example_dags/example_skip_dag.py
[2023-01-31T10:32:05.969+0000] {processor.py:743} INFO - Processing file /home/airflow/.local/lib/python3.7/site-packages/airflow/example_dags/example_skip_dag.py for tasks to queue
[2023-01-31T10:32:05.974+0000] {logging_mixin.py:137} INFO - [2023-01-31T10:32:05.973+0000] {dagbag.py:538} INFO - Filling up the DagBag from /home/airflow/.local/lib/python3.7/site-packages/airflow/example_dags/example_skip_dag.py
[2023-01-31T10:32:06.003+0000] {processor.py:753} INFO - DAG(s) dict_keys(['example_skip_dag']) retrieved from /home/airflow/.local/lib/python3.7/site-packages/airflow/example_dags/example_skip_dag.py
[2023-01-31T10:32:06.035+0000] {logging_mixin.py:137} INFO - [2023-01-31T10:32:06.035+0000] {dag.py:2690} INFO - Sync 1 DAGs
[2023-01-31T10:32:06.062+0000] {logging_mixin.py:137} INFO - [2023-01-31T10:32:06.062+0000] {dag.py:3441} INFO - Setting next_dagrun for example_skip_dag to 2023-01-30T10:32:06.062326+00:00, run_after=2023-01-31T10:32:06.062326+00:00
[2023-01-31T10:32:06.083+0000] {processor.py:175} INFO - Processing /home/airflow/.local/lib/python3.7/site-packages/airflow/example_dags/example_skip_dag.py took 0.121 seconds
[2023-01-31T10:32:36.936+0000] {processor.py:153} INFO - Started process (PID=2800) to work on /home/airflow/.local/lib/python3.7/site-packages/airflow/example_dags/example_skip_dag.py
[2023-01-31T10:32:36.938+0000] {processor.py:743} INFO - Processing file /home/airflow/.local/lib/python3.7/site-packages/airflow/example_dags/example_skip_dag.py for tasks to queue
[2023-01-31T10:32:36.940+0000] {logging_mixin.py:137} INFO - [2023-01-31T10:32:36.940+0000] {dagbag.py:538} INFO - Filling up the DagBag from /home/airflow/.local/lib/python3.7/site-packages/airflow/example_dags/example_skip_dag.py
[2023-01-31T10:32:36.958+0000] {processor.py:753} INFO - DAG(s) dict_keys(['example_skip_dag']) retrieved from /home/airflow/.local/lib/python3.7/site-packages/airflow/example_dags/example_skip_dag.py
[2023-01-31T10:32:36.982+0000] {logging_mixin.py:137} INFO - [2023-01-31T10:32:36.982+0000] {dag.py:2690} INFO - Sync 1 DAGs
[2023-01-31T10:32:36.998+0000] {logging_mixin.py:137} INFO - [2023-01-31T10:32:36.998+0000] {dag.py:3441} INFO - Setting next_dagrun for example_skip_dag to 2023-01-30T10:32:36.998309+00:00, run_after=2023-01-31T10:32:36.998309+00:00
[2023-01-31T10:32:37.010+0000] {processor.py:175} INFO - Processing /home/airflow/.local/lib/python3.7/site-packages/airflow/example_dags/example_skip_dag.py took 0.078 seconds
[2023-01-31T10:33:07.737+0000] {processor.py:153} INFO - Started process (PID=2895) to work on /home/airflow/.local/lib/python3.7/site-packages/airflow/example_dags/example_skip_dag.py
[2023-01-31T10:33:07.738+0000] {processor.py:743} INFO - Processing file /home/airflow/.local/lib/python3.7/site-packages/airflow/example_dags/example_skip_dag.py for tasks to queue
[2023-01-31T10:33:07.739+0000] {logging_mixin.py:137} INFO - [2023-01-31T10:33:07.739+0000] {dagbag.py:538} INFO - Filling up the DagBag from /home/airflow/.local/lib/python3.7/site-packages/airflow/example_dags/example_skip_dag.py
[2023-01-31T10:33:07.750+0000] {processor.py:753} INFO - DAG(s) dict_keys(['example_skip_dag']) retrieved from /home/airflow/.local/lib/python3.7/site-packages/airflow/example_dags/example_skip_dag.py
[2023-01-31T10:33:07.774+0000] {logging_mixin.py:137} INFO - [2023-01-31T10:33:07.773+0000] {dag.py:2690} INFO - Sync 1 DAGs
[2023-01-31T10:33:07.792+0000] {logging_mixin.py:137} INFO - [2023-01-31T10:33:07.792+0000] {dag.py:3441} INFO - Setting next_dagrun for example_skip_dag to 2023-01-30T10:33:07.792453+00:00, run_after=2023-01-31T10:33:07.792453+00:00
[2023-01-31T10:33:07.807+0000] {processor.py:175} INFO - Processing /home/airflow/.local/lib/python3.7/site-packages/airflow/example_dags/example_skip_dag.py took 0.073 seconds
[2023-01-31T10:33:38.800+0000] {processor.py:153} INFO - Started process (PID=2974) to work on /home/airflow/.local/lib/python3.7/site-packages/airflow/example_dags/example_skip_dag.py
[2023-01-31T10:33:38.807+0000] {processor.py:743} INFO - Processing file /home/airflow/.local/lib/python3.7/site-packages/airflow/example_dags/example_skip_dag.py for tasks to queue
[2023-01-31T10:33:38.813+0000] {logging_mixin.py:137} INFO - [2023-01-31T10:33:38.813+0000] {dagbag.py:538} INFO - Filling up the DagBag from /home/airflow/.local/lib/python3.7/site-packages/airflow/example_dags/example_skip_dag.py
[2023-01-31T10:33:38.832+0000] {processor.py:753} INFO - DAG(s) dict_keys(['example_skip_dag']) retrieved from /home/airflow/.local/lib/python3.7/site-packages/airflow/example_dags/example_skip_dag.py
[2023-01-31T10:33:38.857+0000] {logging_mixin.py:137} INFO - [2023-01-31T10:33:38.856+0000] {dag.py:2690} INFO - Sync 1 DAGs
[2023-01-31T10:33:38.882+0000] {logging_mixin.py:137} INFO - [2023-01-31T10:33:38.882+0000] {dag.py:3441} INFO - Setting next_dagrun for example_skip_dag to 2023-01-30T10:33:38.881833+00:00, run_after=2023-01-31T10:33:38.881833+00:00
[2023-01-31T10:33:38.898+0000] {processor.py:175} INFO - Processing /home/airflow/.local/lib/python3.7/site-packages/airflow/example_dags/example_skip_dag.py took 0.104 seconds
[2023-01-31T10:34:09.206+0000] {processor.py:153} INFO - Started process (PID=3053) to work on /home/airflow/.local/lib/python3.7/site-packages/airflow/example_dags/example_skip_dag.py
[2023-01-31T10:34:09.208+0000] {processor.py:743} INFO - Processing file /home/airflow/.local/lib/python3.7/site-packages/airflow/example_dags/example_skip_dag.py for tasks to queue
[2023-01-31T10:34:09.209+0000] {logging_mixin.py:137} INFO - [2023-01-31T10:34:09.209+0000] {dagbag.py:538} INFO - Filling up the DagBag from /home/airflow/.local/lib/python3.7/site-packages/airflow/example_dags/example_skip_dag.py
[2023-01-31T10:34:09.219+0000] {processor.py:753} INFO - DAG(s) dict_keys(['example_skip_dag']) retrieved from /home/airflow/.local/lib/python3.7/site-packages/airflow/example_dags/example_skip_dag.py
[2023-01-31T10:34:09.239+0000] {logging_mixin.py:137} INFO - [2023-01-31T10:34:09.239+0000] {dag.py:2690} INFO - Sync 1 DAGs
[2023-01-31T10:34:09.258+0000] {logging_mixin.py:137} INFO - [2023-01-31T10:34:09.258+0000] {dag.py:3441} INFO - Setting next_dagrun for example_skip_dag to 2023-01-30T10:34:09.258554+00:00, run_after=2023-01-31T10:34:09.258554+00:00
[2023-01-31T10:34:09.271+0000] {processor.py:175} INFO - Processing /home/airflow/.local/lib/python3.7/site-packages/airflow/example_dags/example_skip_dag.py took 0.067 seconds
[2023-01-31T10:34:40.149+0000] {processor.py:153} INFO - Started process (PID=3148) to work on /home/airflow/.local/lib/python3.7/site-packages/airflow/example_dags/example_skip_dag.py
[2023-01-31T10:34:40.152+0000] {processor.py:743} INFO - Processing file /home/airflow/.local/lib/python3.7/site-packages/airflow/example_dags/example_skip_dag.py for tasks to queue
[2023-01-31T10:34:40.154+0000] {logging_mixin.py:137} INFO - [2023-01-31T10:34:40.154+0000] {dagbag.py:538} INFO - Filling up the DagBag from /home/airflow/.local/lib/python3.7/site-packages/airflow/example_dags/example_skip_dag.py
[2023-01-31T10:34:40.179+0000] {processor.py:753} INFO - DAG(s) dict_keys(['example_skip_dag']) retrieved from /home/airflow/.local/lib/python3.7/site-packages/airflow/example_dags/example_skip_dag.py
[2023-01-31T10:34:40.215+0000] {logging_mixin.py:137} INFO - [2023-01-31T10:34:40.215+0000] {dag.py:2690} INFO - Sync 1 DAGs
[2023-01-31T10:34:40.255+0000] {logging_mixin.py:137} INFO - [2023-01-31T10:34:40.255+0000] {dag.py:3441} INFO - Setting next_dagrun for example_skip_dag to 2023-01-30T10:34:40.254561+00:00, run_after=2023-01-31T10:34:40.254561+00:00
[2023-01-31T10:34:40.277+0000] {processor.py:175} INFO - Processing /home/airflow/.local/lib/python3.7/site-packages/airflow/example_dags/example_skip_dag.py took 0.144 seconds
[2023-01-31T10:35:11.001+0000] {processor.py:153} INFO - Started process (PID=3228) to work on /home/airflow/.local/lib/python3.7/site-packages/airflow/example_dags/example_skip_dag.py
[2023-01-31T10:35:11.005+0000] {processor.py:743} INFO - Processing file /home/airflow/.local/lib/python3.7/site-packages/airflow/example_dags/example_skip_dag.py for tasks to queue
[2023-01-31T10:35:11.011+0000] {logging_mixin.py:137} INFO - [2023-01-31T10:35:11.011+0000] {dagbag.py:538} INFO - Filling up the DagBag from /home/airflow/.local/lib/python3.7/site-packages/airflow/example_dags/example_skip_dag.py
[2023-01-31T10:35:11.071+0000] {processor.py:753} INFO - DAG(s) dict_keys(['example_skip_dag']) retrieved from /home/airflow/.local/lib/python3.7/site-packages/airflow/example_dags/example_skip_dag.py
[2023-01-31T10:35:11.154+0000] {logging_mixin.py:137} INFO - [2023-01-31T10:35:11.154+0000] {dag.py:2690} INFO - Sync 1 DAGs
[2023-01-31T10:35:11.205+0000] {logging_mixin.py:137} INFO - [2023-01-31T10:35:11.205+0000] {dag.py:3441} INFO - Setting next_dagrun for example_skip_dag to 2023-01-30T10:35:11.205150+00:00, run_after=2023-01-31T10:35:11.205150+00:00
[2023-01-31T10:35:11.447+0000] {processor.py:175} INFO - Processing /home/airflow/.local/lib/python3.7/site-packages/airflow/example_dags/example_skip_dag.py took 0.449 seconds
[2023-01-31T10:35:42.011+0000] {processor.py:153} INFO - Started process (PID=3311) to work on /home/airflow/.local/lib/python3.7/site-packages/airflow/example_dags/example_skip_dag.py
[2023-01-31T10:35:42.013+0000] {processor.py:743} INFO - Processing file /home/airflow/.local/lib/python3.7/site-packages/airflow/example_dags/example_skip_dag.py for tasks to queue
[2023-01-31T10:35:42.014+0000] {logging_mixin.py:137} INFO - [2023-01-31T10:35:42.014+0000] {dagbag.py:538} INFO - Filling up the DagBag from /home/airflow/.local/lib/python3.7/site-packages/airflow/example_dags/example_skip_dag.py
[2023-01-31T10:35:42.027+0000] {processor.py:753} INFO - DAG(s) dict_keys(['example_skip_dag']) retrieved from /home/airflow/.local/lib/python3.7/site-packages/airflow/example_dags/example_skip_dag.py
[2023-01-31T10:35:42.056+0000] {logging_mixin.py:137} INFO - [2023-01-31T10:35:42.056+0000] {dag.py:2690} INFO - Sync 1 DAGs
[2023-01-31T10:35:42.073+0000] {logging_mixin.py:137} INFO - [2023-01-31T10:35:42.073+0000] {dag.py:3441} INFO - Setting next_dagrun for example_skip_dag to 2023-01-30T10:35:42.073061+00:00, run_after=2023-01-31T10:35:42.073061+00:00
[2023-01-31T10:35:42.107+0000] {processor.py:175} INFO - Processing /home/airflow/.local/lib/python3.7/site-packages/airflow/example_dags/example_skip_dag.py took 0.100 seconds
[2023-01-31T10:36:12.837+0000] {processor.py:153} INFO - Started process (PID=3390) to work on /home/airflow/.local/lib/python3.7/site-packages/airflow/example_dags/example_skip_dag.py
[2023-01-31T10:36:12.843+0000] {processor.py:743} INFO - Processing file /home/airflow/.local/lib/python3.7/site-packages/airflow/example_dags/example_skip_dag.py for tasks to queue
[2023-01-31T10:36:12.850+0000] {logging_mixin.py:137} INFO - [2023-01-31T10:36:12.849+0000] {dagbag.py:538} INFO - Filling up the DagBag from /home/airflow/.local/lib/python3.7/site-packages/airflow/example_dags/example_skip_dag.py
[2023-01-31T10:36:12.885+0000] {processor.py:753} INFO - DAG(s) dict_keys(['example_skip_dag']) retrieved from /home/airflow/.local/lib/python3.7/site-packages/airflow/example_dags/example_skip_dag.py
[2023-01-31T10:36:12.915+0000] {logging_mixin.py:137} INFO - [2023-01-31T10:36:12.915+0000] {dag.py:2690} INFO - Sync 1 DAGs
[2023-01-31T10:36:12.943+0000] {logging_mixin.py:137} INFO - [2023-01-31T10:36:12.943+0000] {dag.py:3441} INFO - Setting next_dagrun for example_skip_dag to 2023-01-30T10:36:12.942503+00:00, run_after=2023-01-31T10:36:12.942503+00:00
[2023-01-31T10:36:12.976+0000] {processor.py:175} INFO - Processing /home/airflow/.local/lib/python3.7/site-packages/airflow/example_dags/example_skip_dag.py took 0.145 seconds
[2023-01-31T10:36:43.343+0000] {processor.py:153} INFO - Started process (PID=3473) to work on /home/airflow/.local/lib/python3.7/site-packages/airflow/example_dags/example_skip_dag.py
[2023-01-31T10:36:43.345+0000] {processor.py:743} INFO - Processing file /home/airflow/.local/lib/python3.7/site-packages/airflow/example_dags/example_skip_dag.py for tasks to queue
[2023-01-31T10:36:43.345+0000] {logging_mixin.py:137} INFO - [2023-01-31T10:36:43.345+0000] {dagbag.py:538} INFO - Filling up the DagBag from /home/airflow/.local/lib/python3.7/site-packages/airflow/example_dags/example_skip_dag.py
[2023-01-31T10:36:43.355+0000] {processor.py:753} INFO - DAG(s) dict_keys(['example_skip_dag']) retrieved from /home/airflow/.local/lib/python3.7/site-packages/airflow/example_dags/example_skip_dag.py
[2023-01-31T10:36:43.392+0000] {logging_mixin.py:137} INFO - [2023-01-31T10:36:43.392+0000] {dag.py:2690} INFO - Sync 1 DAGs
[2023-01-31T10:36:43.411+0000] {logging_mixin.py:137} INFO - [2023-01-31T10:36:43.411+0000] {dag.py:3441} INFO - Setting next_dagrun for example_skip_dag to 2023-01-30T10:36:43.411085+00:00, run_after=2023-01-31T10:36:43.411085+00:00
[2023-01-31T10:36:43.437+0000] {processor.py:175} INFO - Processing /home/airflow/.local/lib/python3.7/site-packages/airflow/example_dags/example_skip_dag.py took 0.097 seconds
[2023-01-31T10:37:16.835+0000] {processor.py:153} INFO - Started process (PID=3552) to work on /home/airflow/.local/lib/python3.7/site-packages/airflow/example_dags/example_skip_dag.py
[2023-01-31T10:37:16.850+0000] {processor.py:743} INFO - Processing file /home/airflow/.local/lib/python3.7/site-packages/airflow/example_dags/example_skip_dag.py for tasks to queue
[2023-01-31T10:37:16.873+0000] {logging_mixin.py:137} INFO - [2023-01-31T10:37:16.873+0000] {dagbag.py:538} INFO - Filling up the DagBag from /home/airflow/.local/lib/python3.7/site-packages/airflow/example_dags/example_skip_dag.py
[2023-01-31T10:37:16.990+0000] {processor.py:753} INFO - DAG(s) dict_keys(['example_skip_dag']) retrieved from /home/airflow/.local/lib/python3.7/site-packages/airflow/example_dags/example_skip_dag.py
[2023-01-31T10:37:17.242+0000] {logging_mixin.py:137} INFO - [2023-01-31T10:37:17.241+0000] {dag.py:2690} INFO - Sync 1 DAGs
[2023-01-31T10:37:17.439+0000] {logging_mixin.py:137} INFO - [2023-01-31T10:37:17.439+0000] {dag.py:3441} INFO - Setting next_dagrun for example_skip_dag to 2023-01-30T10:37:17.435880+00:00, run_after=2023-01-31T10:37:17.435880+00:00
[2023-01-31T10:37:17.657+0000] {processor.py:175} INFO - Processing /home/airflow/.local/lib/python3.7/site-packages/airflow/example_dags/example_skip_dag.py took 0.837 seconds
[2023-01-31T10:37:47.994+0000] {processor.py:153} INFO - Started process (PID=3641) to work on /home/airflow/.local/lib/python3.7/site-packages/airflow/example_dags/example_skip_dag.py
[2023-01-31T10:37:48.022+0000] {processor.py:743} INFO - Processing file /home/airflow/.local/lib/python3.7/site-packages/airflow/example_dags/example_skip_dag.py for tasks to queue
[2023-01-31T10:37:48.062+0000] {logging_mixin.py:137} INFO - [2023-01-31T10:37:48.062+0000] {dagbag.py:538} INFO - Filling up the DagBag from /home/airflow/.local/lib/python3.7/site-packages/airflow/example_dags/example_skip_dag.py
[2023-01-31T10:37:48.267+0000] {processor.py:753} INFO - DAG(s) dict_keys(['example_skip_dag']) retrieved from /home/airflow/.local/lib/python3.7/site-packages/airflow/example_dags/example_skip_dag.py
[2023-01-31T10:37:48.509+0000] {logging_mixin.py:137} INFO - [2023-01-31T10:37:48.508+0000] {dag.py:2690} INFO - Sync 1 DAGs
[2023-01-31T10:37:48.563+0000] {logging_mixin.py:137} INFO - [2023-01-31T10:37:48.563+0000] {dag.py:3441} INFO - Setting next_dagrun for example_skip_dag to 2023-01-30T10:37:48.563338+00:00, run_after=2023-01-31T10:37:48.563338+00:00
[2023-01-31T10:37:48.611+0000] {processor.py:175} INFO - Processing /home/airflow/.local/lib/python3.7/site-packages/airflow/example_dags/example_skip_dag.py took 0.647 seconds
[2023-01-31T10:38:20.375+0000] {processor.py:153} INFO - Started process (PID=3727) to work on /home/airflow/.local/lib/python3.7/site-packages/airflow/example_dags/example_skip_dag.py
[2023-01-31T10:38:20.377+0000] {processor.py:743} INFO - Processing file /home/airflow/.local/lib/python3.7/site-packages/airflow/example_dags/example_skip_dag.py for tasks to queue
[2023-01-31T10:38:20.378+0000] {logging_mixin.py:137} INFO - [2023-01-31T10:38:20.378+0000] {dagbag.py:538} INFO - Filling up the DagBag from /home/airflow/.local/lib/python3.7/site-packages/airflow/example_dags/example_skip_dag.py
[2023-01-31T10:38:20.395+0000] {processor.py:753} INFO - DAG(s) dict_keys(['example_skip_dag']) retrieved from /home/airflow/.local/lib/python3.7/site-packages/airflow/example_dags/example_skip_dag.py
[2023-01-31T10:38:20.455+0000] {logging_mixin.py:137} INFO - [2023-01-31T10:38:20.455+0000] {dag.py:2690} INFO - Sync 1 DAGs
[2023-01-31T10:38:20.490+0000] {logging_mixin.py:137} INFO - [2023-01-31T10:38:20.490+0000] {dag.py:3441} INFO - Setting next_dagrun for example_skip_dag to 2023-01-30T10:38:20.490101+00:00, run_after=2023-01-31T10:38:20.490101+00:00
[2023-01-31T10:38:20.557+0000] {processor.py:175} INFO - Processing /home/airflow/.local/lib/python3.7/site-packages/airflow/example_dags/example_skip_dag.py took 0.187 seconds
[2023-01-31T10:38:51.254+0000] {processor.py:153} INFO - Started process (PID=3810) to work on /home/airflow/.local/lib/python3.7/site-packages/airflow/example_dags/example_skip_dag.py
[2023-01-31T10:38:51.255+0000] {processor.py:743} INFO - Processing file /home/airflow/.local/lib/python3.7/site-packages/airflow/example_dags/example_skip_dag.py for tasks to queue
[2023-01-31T10:38:51.256+0000] {logging_mixin.py:137} INFO - [2023-01-31T10:38:51.256+0000] {dagbag.py:538} INFO - Filling up the DagBag from /home/airflow/.local/lib/python3.7/site-packages/airflow/example_dags/example_skip_dag.py
[2023-01-31T10:38:51.282+0000] {processor.py:753} INFO - DAG(s) dict_keys(['example_skip_dag']) retrieved from /home/airflow/.local/lib/python3.7/site-packages/airflow/example_dags/example_skip_dag.py
[2023-01-31T10:38:51.318+0000] {logging_mixin.py:137} INFO - [2023-01-31T10:38:51.318+0000] {dag.py:2690} INFO - Sync 1 DAGs
[2023-01-31T10:38:51.339+0000] {logging_mixin.py:137} INFO - [2023-01-31T10:38:51.339+0000] {dag.py:3441} INFO - Setting next_dagrun for example_skip_dag to 2023-01-30T10:38:51.339368+00:00, run_after=2023-01-31T10:38:51.339368+00:00
[2023-01-31T10:38:51.354+0000] {processor.py:175} INFO - Processing /home/airflow/.local/lib/python3.7/site-packages/airflow/example_dags/example_skip_dag.py took 0.104 seconds
[2023-01-31T10:39:21.682+0000] {processor.py:153} INFO - Started process (PID=3888) to work on /home/airflow/.local/lib/python3.7/site-packages/airflow/example_dags/example_skip_dag.py
[2023-01-31T10:39:21.685+0000] {processor.py:743} INFO - Processing file /home/airflow/.local/lib/python3.7/site-packages/airflow/example_dags/example_skip_dag.py for tasks to queue
[2023-01-31T10:39:21.686+0000] {logging_mixin.py:137} INFO - [2023-01-31T10:39:21.686+0000] {dagbag.py:538} INFO - Filling up the DagBag from /home/airflow/.local/lib/python3.7/site-packages/airflow/example_dags/example_skip_dag.py
[2023-01-31T10:39:21.707+0000] {processor.py:753} INFO - DAG(s) dict_keys(['example_skip_dag']) retrieved from /home/airflow/.local/lib/python3.7/site-packages/airflow/example_dags/example_skip_dag.py
[2023-01-31T10:39:21.744+0000] {logging_mixin.py:137} INFO - [2023-01-31T10:39:21.744+0000] {dag.py:2690} INFO - Sync 1 DAGs
[2023-01-31T10:39:21.776+0000] {logging_mixin.py:137} INFO - [2023-01-31T10:39:21.775+0000] {dag.py:3441} INFO - Setting next_dagrun for example_skip_dag to 2023-01-30T10:39:21.775336+00:00, run_after=2023-01-31T10:39:21.775336+00:00
[2023-01-31T10:39:21.809+0000] {processor.py:175} INFO - Processing /home/airflow/.local/lib/python3.7/site-packages/airflow/example_dags/example_skip_dag.py took 0.130 seconds
[2023-01-31T10:39:52.374+0000] {processor.py:153} INFO - Started process (PID=3967) to work on /home/airflow/.local/lib/python3.7/site-packages/airflow/example_dags/example_skip_dag.py
[2023-01-31T10:39:52.375+0000] {processor.py:743} INFO - Processing file /home/airflow/.local/lib/python3.7/site-packages/airflow/example_dags/example_skip_dag.py for tasks to queue
[2023-01-31T10:39:52.376+0000] {logging_mixin.py:137} INFO - [2023-01-31T10:39:52.376+0000] {dagbag.py:538} INFO - Filling up the DagBag from /home/airflow/.local/lib/python3.7/site-packages/airflow/example_dags/example_skip_dag.py
[2023-01-31T10:39:52.388+0000] {processor.py:753} INFO - DAG(s) dict_keys(['example_skip_dag']) retrieved from /home/airflow/.local/lib/python3.7/site-packages/airflow/example_dags/example_skip_dag.py
[2023-01-31T10:39:52.430+0000] {logging_mixin.py:137} INFO - [2023-01-31T10:39:52.429+0000] {dag.py:2690} INFO - Sync 1 DAGs
[2023-01-31T10:39:52.459+0000] {logging_mixin.py:137} INFO - [2023-01-31T10:39:52.459+0000] {dag.py:3441} INFO - Setting next_dagrun for example_skip_dag to 2023-01-30T10:39:52.459029+00:00, run_after=2023-01-31T10:39:52.459029+00:00
[2023-01-31T10:39:52.472+0000] {processor.py:175} INFO - Processing /home/airflow/.local/lib/python3.7/site-packages/airflow/example_dags/example_skip_dag.py took 0.101 seconds
[2023-01-31T10:40:23.211+0000] {processor.py:153} INFO - Started process (PID=4046) to work on /home/airflow/.local/lib/python3.7/site-packages/airflow/example_dags/example_skip_dag.py
[2023-01-31T10:40:23.214+0000] {processor.py:743} INFO - Processing file /home/airflow/.local/lib/python3.7/site-packages/airflow/example_dags/example_skip_dag.py for tasks to queue
[2023-01-31T10:40:23.217+0000] {logging_mixin.py:137} INFO - [2023-01-31T10:40:23.217+0000] {dagbag.py:538} INFO - Filling up the DagBag from /home/airflow/.local/lib/python3.7/site-packages/airflow/example_dags/example_skip_dag.py
[2023-01-31T10:40:23.239+0000] {processor.py:753} INFO - DAG(s) dict_keys(['example_skip_dag']) retrieved from /home/airflow/.local/lib/python3.7/site-packages/airflow/example_dags/example_skip_dag.py
[2023-01-31T10:40:23.295+0000] {logging_mixin.py:137} INFO - [2023-01-31T10:40:23.295+0000] {dag.py:2690} INFO - Sync 1 DAGs
[2023-01-31T10:40:23.365+0000] {logging_mixin.py:137} INFO - [2023-01-31T10:40:23.365+0000] {dag.py:3441} INFO - Setting next_dagrun for example_skip_dag to 2023-01-30T10:40:23.364753+00:00, run_after=2023-01-31T10:40:23.364753+00:00
[2023-01-31T10:40:23.470+0000] {processor.py:175} INFO - Processing /home/airflow/.local/lib/python3.7/site-packages/airflow/example_dags/example_skip_dag.py took 0.263 seconds
[2023-01-31T10:40:54.296+0000] {processor.py:153} INFO - Started process (PID=4124) to work on /home/airflow/.local/lib/python3.7/site-packages/airflow/example_dags/example_skip_dag.py
[2023-01-31T10:40:54.300+0000] {processor.py:743} INFO - Processing file /home/airflow/.local/lib/python3.7/site-packages/airflow/example_dags/example_skip_dag.py for tasks to queue
[2023-01-31T10:40:54.303+0000] {logging_mixin.py:137} INFO - [2023-01-31T10:40:54.303+0000] {dagbag.py:538} INFO - Filling up the DagBag from /home/airflow/.local/lib/python3.7/site-packages/airflow/example_dags/example_skip_dag.py
[2023-01-31T10:40:54.416+0000] {processor.py:753} INFO - DAG(s) dict_keys(['example_skip_dag']) retrieved from /home/airflow/.local/lib/python3.7/site-packages/airflow/example_dags/example_skip_dag.py
[2023-01-31T10:40:54.603+0000] {logging_mixin.py:137} INFO - [2023-01-31T10:40:54.603+0000] {dag.py:2690} INFO - Sync 1 DAGs
[2023-01-31T10:40:54.633+0000] {logging_mixin.py:137} INFO - [2023-01-31T10:40:54.633+0000] {dag.py:3441} INFO - Setting next_dagrun for example_skip_dag to 2023-01-30T10:40:54.632868+00:00, run_after=2023-01-31T10:40:54.632868+00:00
[2023-01-31T10:40:54.661+0000] {processor.py:175} INFO - Processing /home/airflow/.local/lib/python3.7/site-packages/airflow/example_dags/example_skip_dag.py took 0.372 seconds
[2023-01-31T10:41:26.474+0000] {processor.py:153} INFO - Started process (PID=4203) to work on /home/airflow/.local/lib/python3.7/site-packages/airflow/example_dags/example_skip_dag.py
[2023-01-31T10:41:26.478+0000] {processor.py:743} INFO - Processing file /home/airflow/.local/lib/python3.7/site-packages/airflow/example_dags/example_skip_dag.py for tasks to queue
[2023-01-31T10:41:26.479+0000] {logging_mixin.py:137} INFO - [2023-01-31T10:41:26.479+0000] {dagbag.py:538} INFO - Filling up the DagBag from /home/airflow/.local/lib/python3.7/site-packages/airflow/example_dags/example_skip_dag.py
[2023-01-31T10:41:26.496+0000] {processor.py:753} INFO - DAG(s) dict_keys(['example_skip_dag']) retrieved from /home/airflow/.local/lib/python3.7/site-packages/airflow/example_dags/example_skip_dag.py
[2023-01-31T10:41:26.553+0000] {logging_mixin.py:137} INFO - [2023-01-31T10:41:26.552+0000] {dag.py:2690} INFO - Sync 1 DAGs
[2023-01-31T10:41:26.588+0000] {logging_mixin.py:137} INFO - [2023-01-31T10:41:26.588+0000] {dag.py:3441} INFO - Setting next_dagrun for example_skip_dag to 2023-01-30T10:41:26.588479+00:00, run_after=2023-01-31T10:41:26.588479+00:00
[2023-01-31T10:41:26.645+0000] {processor.py:175} INFO - Processing /home/airflow/.local/lib/python3.7/site-packages/airflow/example_dags/example_skip_dag.py took 0.177 seconds
[2023-01-31T10:41:59.965+0000] {processor.py:153} INFO - Started process (PID=4299) to work on /home/airflow/.local/lib/python3.7/site-packages/airflow/example_dags/example_skip_dag.py
[2023-01-31T10:41:59.968+0000] {processor.py:743} INFO - Processing file /home/airflow/.local/lib/python3.7/site-packages/airflow/example_dags/example_skip_dag.py for tasks to queue
[2023-01-31T10:41:59.971+0000] {logging_mixin.py:137} INFO - [2023-01-31T10:41:59.970+0000] {dagbag.py:538} INFO - Filling up the DagBag from /home/airflow/.local/lib/python3.7/site-packages/airflow/example_dags/example_skip_dag.py
[2023-01-31T10:42:00.056+0000] {processor.py:753} INFO - DAG(s) dict_keys(['example_skip_dag']) retrieved from /home/airflow/.local/lib/python3.7/site-packages/airflow/example_dags/example_skip_dag.py
[2023-01-31T10:42:00.116+0000] {logging_mixin.py:137} INFO - [2023-01-31T10:42:00.116+0000] {dag.py:2690} INFO - Sync 1 DAGs
[2023-01-31T10:42:00.197+0000] {logging_mixin.py:137} INFO - [2023-01-31T10:42:00.196+0000] {dag.py:3441} INFO - Setting next_dagrun for example_skip_dag to 2023-01-30T10:42:00.196242+00:00, run_after=2023-01-31T10:42:00.196242+00:00
[2023-01-31T10:42:00.363+0000] {processor.py:175} INFO - Processing /home/airflow/.local/lib/python3.7/site-packages/airflow/example_dags/example_skip_dag.py took 0.402 seconds
[2023-01-31T10:42:34.004+0000] {processor.py:153} INFO - Started process (PID=4379) to work on /home/airflow/.local/lib/python3.7/site-packages/airflow/example_dags/example_skip_dag.py
[2023-01-31T10:42:34.042+0000] {processor.py:743} INFO - Processing file /home/airflow/.local/lib/python3.7/site-packages/airflow/example_dags/example_skip_dag.py for tasks to queue
[2023-01-31T10:42:34.058+0000] {logging_mixin.py:137} INFO - [2023-01-31T10:42:34.057+0000] {dagbag.py:538} INFO - Filling up the DagBag from /home/airflow/.local/lib/python3.7/site-packages/airflow/example_dags/example_skip_dag.py
[2023-01-31T10:42:34.153+0000] {processor.py:753} INFO - DAG(s) dict_keys(['example_skip_dag']) retrieved from /home/airflow/.local/lib/python3.7/site-packages/airflow/example_dags/example_skip_dag.py
[2023-01-31T10:42:34.275+0000] {logging_mixin.py:137} INFO - [2023-01-31T10:42:34.275+0000] {dag.py:2690} INFO - Sync 1 DAGs
[2023-01-31T10:42:34.361+0000] {logging_mixin.py:137} INFO - [2023-01-31T10:42:34.361+0000] {dag.py:3441} INFO - Setting next_dagrun for example_skip_dag to 2023-01-30T10:42:34.360795+00:00, run_after=2023-01-31T10:42:34.360795+00:00
[2023-01-31T10:42:34.415+0000] {processor.py:175} INFO - Processing /home/airflow/.local/lib/python3.7/site-packages/airflow/example_dags/example_skip_dag.py took 0.419 seconds
[2023-01-31T10:43:04.678+0000] {processor.py:153} INFO - Started process (PID=4463) to work on /home/airflow/.local/lib/python3.7/site-packages/airflow/example_dags/example_skip_dag.py
[2023-01-31T10:43:04.708+0000] {processor.py:743} INFO - Processing file /home/airflow/.local/lib/python3.7/site-packages/airflow/example_dags/example_skip_dag.py for tasks to queue
[2023-01-31T10:43:04.719+0000] {logging_mixin.py:137} INFO - [2023-01-31T10:43:04.719+0000] {dagbag.py:538} INFO - Filling up the DagBag from /home/airflow/.local/lib/python3.7/site-packages/airflow/example_dags/example_skip_dag.py
[2023-01-31T10:43:04.754+0000] {processor.py:753} INFO - DAG(s) dict_keys(['example_skip_dag']) retrieved from /home/airflow/.local/lib/python3.7/site-packages/airflow/example_dags/example_skip_dag.py
[2023-01-31T10:43:04.880+0000] {logging_mixin.py:137} INFO - [2023-01-31T10:43:04.879+0000] {dag.py:2690} INFO - Sync 1 DAGs
[2023-01-31T10:43:04.940+0000] {logging_mixin.py:137} INFO - [2023-01-31T10:43:04.940+0000] {dag.py:3441} INFO - Setting next_dagrun for example_skip_dag to 2023-01-30T10:43:04.939922+00:00, run_after=2023-01-31T10:43:04.939922+00:00
[2023-01-31T10:43:04.966+0000] {processor.py:175} INFO - Processing /home/airflow/.local/lib/python3.7/site-packages/airflow/example_dags/example_skip_dag.py took 0.307 seconds
[2023-01-31T10:43:35.097+0000] {processor.py:153} INFO - Started process (PID=4541) to work on /home/airflow/.local/lib/python3.7/site-packages/airflow/example_dags/example_skip_dag.py
[2023-01-31T10:43:35.100+0000] {processor.py:743} INFO - Processing file /home/airflow/.local/lib/python3.7/site-packages/airflow/example_dags/example_skip_dag.py for tasks to queue
[2023-01-31T10:43:35.105+0000] {logging_mixin.py:137} INFO - [2023-01-31T10:43:35.105+0000] {dagbag.py:538} INFO - Filling up the DagBag from /home/airflow/.local/lib/python3.7/site-packages/airflow/example_dags/example_skip_dag.py
[2023-01-31T10:43:35.131+0000] {processor.py:753} INFO - DAG(s) dict_keys(['example_skip_dag']) retrieved from /home/airflow/.local/lib/python3.7/site-packages/airflow/example_dags/example_skip_dag.py
[2023-01-31T10:43:35.179+0000] {logging_mixin.py:137} INFO - [2023-01-31T10:43:35.179+0000] {dag.py:2690} INFO - Sync 1 DAGs
[2023-01-31T10:43:35.204+0000] {logging_mixin.py:137} INFO - [2023-01-31T10:43:35.204+0000] {dag.py:3441} INFO - Setting next_dagrun for example_skip_dag to 2023-01-30T10:43:35.204323+00:00, run_after=2023-01-31T10:43:35.204323+00:00
[2023-01-31T10:43:35.222+0000] {processor.py:175} INFO - Processing /home/airflow/.local/lib/python3.7/site-packages/airflow/example_dags/example_skip_dag.py took 0.131 seconds
[2023-01-31T10:44:05.598+0000] {processor.py:153} INFO - Started process (PID=4619) to work on /home/airflow/.local/lib/python3.7/site-packages/airflow/example_dags/example_skip_dag.py
[2023-01-31T10:44:05.600+0000] {processor.py:743} INFO - Processing file /home/airflow/.local/lib/python3.7/site-packages/airflow/example_dags/example_skip_dag.py for tasks to queue
[2023-01-31T10:44:05.603+0000] {logging_mixin.py:137} INFO - [2023-01-31T10:44:05.603+0000] {dagbag.py:538} INFO - Filling up the DagBag from /home/airflow/.local/lib/python3.7/site-packages/airflow/example_dags/example_skip_dag.py
[2023-01-31T10:44:05.625+0000] {processor.py:753} INFO - DAG(s) dict_keys(['example_skip_dag']) retrieved from /home/airflow/.local/lib/python3.7/site-packages/airflow/example_dags/example_skip_dag.py
[2023-01-31T10:44:05.663+0000] {logging_mixin.py:137} INFO - [2023-01-31T10:44:05.663+0000] {dag.py:2690} INFO - Sync 1 DAGs
[2023-01-31T10:44:05.689+0000] {logging_mixin.py:137} INFO - [2023-01-31T10:44:05.689+0000] {dag.py:3441} INFO - Setting next_dagrun for example_skip_dag to 2023-01-30T10:44:05.689237+00:00, run_after=2023-01-31T10:44:05.689237+00:00
[2023-01-31T10:44:05.712+0000] {processor.py:175} INFO - Processing /home/airflow/.local/lib/python3.7/site-packages/airflow/example_dags/example_skip_dag.py took 0.120 seconds
