[2023-01-31T10:15:31.379+0000] {processor.py:153} INFO - Started process (PID=75) to work on /home/airflow/.local/lib/python3.7/site-packages/airflow/example_dags/example_latest_only.py
[2023-01-31T10:15:31.382+0000] {processor.py:743} INFO - Processing file /home/airflow/.local/lib/python3.7/site-packages/airflow/example_dags/example_latest_only.py for tasks to queue
[2023-01-31T10:15:31.384+0000] {logging_mixin.py:137} INFO - [2023-01-31T10:15:31.384+0000] {dagbag.py:538} INFO - Filling up the DagBag from /home/airflow/.local/lib/python3.7/site-packages/airflow/example_dags/example_latest_only.py
[2023-01-31T10:15:31.400+0000] {processor.py:753} INFO - DAG(s) dict_keys(['latest_only']) retrieved from /home/airflow/.local/lib/python3.7/site-packages/airflow/example_dags/example_latest_only.py
[2023-01-31T10:15:31.458+0000] {logging_mixin.py:137} INFO - [2023-01-31T10:15:31.458+0000] {dag.py:2690} INFO - Sync 1 DAGs
[2023-01-31T10:15:31.491+0000] {logging_mixin.py:137} INFO - [2023-01-31T10:15:31.491+0000] {dag.py:3441} INFO - Setting next_dagrun for latest_only to 2023-01-31T06:15:31.490583+00:00, run_after=2023-01-31T10:15:31.490583+00:00
[2023-01-31T10:15:31.514+0000] {processor.py:175} INFO - Processing /home/airflow/.local/lib/python3.7/site-packages/airflow/example_dags/example_latest_only.py took 0.158 seconds
[2023-01-31T10:16:02.635+0000] {processor.py:153} INFO - Started process (PID=158) to work on /home/airflow/.local/lib/python3.7/site-packages/airflow/example_dags/example_latest_only.py
[2023-01-31T10:16:02.637+0000] {processor.py:743} INFO - Processing file /home/airflow/.local/lib/python3.7/site-packages/airflow/example_dags/example_latest_only.py for tasks to queue
[2023-01-31T10:16:02.639+0000] {logging_mixin.py:137} INFO - [2023-01-31T10:16:02.638+0000] {dagbag.py:538} INFO - Filling up the DagBag from /home/airflow/.local/lib/python3.7/site-packages/airflow/example_dags/example_latest_only.py
[2023-01-31T10:16:02.655+0000] {processor.py:753} INFO - DAG(s) dict_keys(['latest_only']) retrieved from /home/airflow/.local/lib/python3.7/site-packages/airflow/example_dags/example_latest_only.py
[2023-01-31T10:16:02.683+0000] {logging_mixin.py:137} INFO - [2023-01-31T10:16:02.683+0000] {dag.py:2690} INFO - Sync 1 DAGs
[2023-01-31T10:16:02.712+0000] {logging_mixin.py:137} INFO - [2023-01-31T10:16:02.712+0000] {dag.py:3441} INFO - Setting next_dagrun for latest_only to 2023-01-31T06:16:02.712379+00:00, run_after=2023-01-31T10:16:02.712379+00:00
[2023-01-31T10:16:02.732+0000] {processor.py:175} INFO - Processing /home/airflow/.local/lib/python3.7/site-packages/airflow/example_dags/example_latest_only.py took 0.100 seconds
[2023-01-31T10:16:33.796+0000] {processor.py:153} INFO - Started process (PID=253) to work on /home/airflow/.local/lib/python3.7/site-packages/airflow/example_dags/example_latest_only.py
[2023-01-31T10:16:33.798+0000] {processor.py:743} INFO - Processing file /home/airflow/.local/lib/python3.7/site-packages/airflow/example_dags/example_latest_only.py for tasks to queue
[2023-01-31T10:16:33.800+0000] {logging_mixin.py:137} INFO - [2023-01-31T10:16:33.800+0000] {dagbag.py:538} INFO - Filling up the DagBag from /home/airflow/.local/lib/python3.7/site-packages/airflow/example_dags/example_latest_only.py
[2023-01-31T10:16:33.828+0000] {processor.py:753} INFO - DAG(s) dict_keys(['latest_only']) retrieved from /home/airflow/.local/lib/python3.7/site-packages/airflow/example_dags/example_latest_only.py
[2023-01-31T10:16:33.863+0000] {logging_mixin.py:137} INFO - [2023-01-31T10:16:33.863+0000] {dag.py:2690} INFO - Sync 1 DAGs
[2023-01-31T10:16:33.888+0000] {logging_mixin.py:137} INFO - [2023-01-31T10:16:33.888+0000] {dag.py:3441} INFO - Setting next_dagrun for latest_only to 2023-01-31T06:16:33.888483+00:00, run_after=2023-01-31T10:16:33.888483+00:00
[2023-01-31T10:16:33.932+0000] {processor.py:175} INFO - Processing /home/airflow/.local/lib/python3.7/site-packages/airflow/example_dags/example_latest_only.py took 0.139 seconds
[2023-01-31T10:17:04.844+0000] {processor.py:153} INFO - Started process (PID=332) to work on /home/airflow/.local/lib/python3.7/site-packages/airflow/example_dags/example_latest_only.py
[2023-01-31T10:17:04.849+0000] {processor.py:743} INFO - Processing file /home/airflow/.local/lib/python3.7/site-packages/airflow/example_dags/example_latest_only.py for tasks to queue
[2023-01-31T10:17:04.854+0000] {logging_mixin.py:137} INFO - [2023-01-31T10:17:04.854+0000] {dagbag.py:538} INFO - Filling up the DagBag from /home/airflow/.local/lib/python3.7/site-packages/airflow/example_dags/example_latest_only.py
[2023-01-31T10:17:04.886+0000] {processor.py:753} INFO - DAG(s) dict_keys(['latest_only']) retrieved from /home/airflow/.local/lib/python3.7/site-packages/airflow/example_dags/example_latest_only.py
[2023-01-31T10:17:04.959+0000] {logging_mixin.py:137} INFO - [2023-01-31T10:17:04.959+0000] {dag.py:2690} INFO - Sync 1 DAGs
[2023-01-31T10:17:04.982+0000] {logging_mixin.py:137} INFO - [2023-01-31T10:17:04.982+0000] {dag.py:3441} INFO - Setting next_dagrun for latest_only to 2023-01-31T06:17:04.981764+00:00, run_after=2023-01-31T10:17:04.981764+00:00
[2023-01-31T10:17:05.142+0000] {processor.py:175} INFO - Processing /home/airflow/.local/lib/python3.7/site-packages/airflow/example_dags/example_latest_only.py took 0.304 seconds
[2023-01-31T10:17:35.693+0000] {processor.py:153} INFO - Started process (PID=410) to work on /home/airflow/.local/lib/python3.7/site-packages/airflow/example_dags/example_latest_only.py
[2023-01-31T10:17:35.696+0000] {processor.py:743} INFO - Processing file /home/airflow/.local/lib/python3.7/site-packages/airflow/example_dags/example_latest_only.py for tasks to queue
[2023-01-31T10:17:35.698+0000] {logging_mixin.py:137} INFO - [2023-01-31T10:17:35.698+0000] {dagbag.py:538} INFO - Filling up the DagBag from /home/airflow/.local/lib/python3.7/site-packages/airflow/example_dags/example_latest_only.py
[2023-01-31T10:17:35.715+0000] {processor.py:753} INFO - DAG(s) dict_keys(['latest_only']) retrieved from /home/airflow/.local/lib/python3.7/site-packages/airflow/example_dags/example_latest_only.py
[2023-01-31T10:17:35.744+0000] {logging_mixin.py:137} INFO - [2023-01-31T10:17:35.744+0000] {dag.py:2690} INFO - Sync 1 DAGs
[2023-01-31T10:17:35.771+0000] {logging_mixin.py:137} INFO - [2023-01-31T10:17:35.771+0000] {dag.py:3441} INFO - Setting next_dagrun for latest_only to 2023-01-31T06:17:35.771354+00:00, run_after=2023-01-31T10:17:35.771354+00:00
[2023-01-31T10:17:35.789+0000] {processor.py:175} INFO - Processing /home/airflow/.local/lib/python3.7/site-packages/airflow/example_dags/example_latest_only.py took 0.113 seconds
[2023-01-31T10:18:05.979+0000] {processor.py:153} INFO - Started process (PID=489) to work on /home/airflow/.local/lib/python3.7/site-packages/airflow/example_dags/example_latest_only.py
[2023-01-31T10:18:05.981+0000] {processor.py:743} INFO - Processing file /home/airflow/.local/lib/python3.7/site-packages/airflow/example_dags/example_latest_only.py for tasks to queue
[2023-01-31T10:18:05.983+0000] {logging_mixin.py:137} INFO - [2023-01-31T10:18:05.983+0000] {dagbag.py:538} INFO - Filling up the DagBag from /home/airflow/.local/lib/python3.7/site-packages/airflow/example_dags/example_latest_only.py
[2023-01-31T10:18:05.996+0000] {processor.py:753} INFO - DAG(s) dict_keys(['latest_only']) retrieved from /home/airflow/.local/lib/python3.7/site-packages/airflow/example_dags/example_latest_only.py
[2023-01-31T10:18:06.023+0000] {logging_mixin.py:137} INFO - [2023-01-31T10:18:06.023+0000] {dag.py:2690} INFO - Sync 1 DAGs
[2023-01-31T10:18:06.042+0000] {logging_mixin.py:137} INFO - [2023-01-31T10:18:06.042+0000] {dag.py:3441} INFO - Setting next_dagrun for latest_only to 2023-01-31T06:18:06.042538+00:00, run_after=2023-01-31T10:18:06.042538+00:00
[2023-01-31T10:18:06.060+0000] {processor.py:175} INFO - Processing /home/airflow/.local/lib/python3.7/site-packages/airflow/example_dags/example_latest_only.py took 0.086 seconds
[2023-01-31T10:18:42.498+0000] {processor.py:153} INFO - Started process (PID=568) to work on /home/airflow/.local/lib/python3.7/site-packages/airflow/example_dags/example_latest_only.py
[2023-01-31T10:18:42.501+0000] {processor.py:743} INFO - Processing file /home/airflow/.local/lib/python3.7/site-packages/airflow/example_dags/example_latest_only.py for tasks to queue
[2023-01-31T10:18:42.502+0000] {logging_mixin.py:137} INFO - [2023-01-31T10:18:42.502+0000] {dagbag.py:538} INFO - Filling up the DagBag from /home/airflow/.local/lib/python3.7/site-packages/airflow/example_dags/example_latest_only.py
[2023-01-31T10:18:42.517+0000] {processor.py:753} INFO - DAG(s) dict_keys(['latest_only']) retrieved from /home/airflow/.local/lib/python3.7/site-packages/airflow/example_dags/example_latest_only.py
[2023-01-31T10:18:42.546+0000] {logging_mixin.py:137} INFO - [2023-01-31T10:18:42.546+0000] {dag.py:2690} INFO - Sync 1 DAGs
[2023-01-31T10:18:42.594+0000] {logging_mixin.py:137} INFO - [2023-01-31T10:18:42.593+0000] {dag.py:3441} INFO - Setting next_dagrun for latest_only to 2023-01-31T06:18:42.592876+00:00, run_after=2023-01-31T10:18:42.592876+00:00
[2023-01-31T10:18:42.621+0000] {processor.py:175} INFO - Processing /home/airflow/.local/lib/python3.7/site-packages/airflow/example_dags/example_latest_only.py took 0.125 seconds
[2023-01-31T10:19:12.793+0000] {processor.py:153} INFO - Started process (PID=651) to work on /home/airflow/.local/lib/python3.7/site-packages/airflow/example_dags/example_latest_only.py
[2023-01-31T10:19:12.794+0000] {processor.py:743} INFO - Processing file /home/airflow/.local/lib/python3.7/site-packages/airflow/example_dags/example_latest_only.py for tasks to queue
[2023-01-31T10:19:12.795+0000] {logging_mixin.py:137} INFO - [2023-01-31T10:19:12.795+0000] {dagbag.py:538} INFO - Filling up the DagBag from /home/airflow/.local/lib/python3.7/site-packages/airflow/example_dags/example_latest_only.py
[2023-01-31T10:19:12.810+0000] {processor.py:753} INFO - DAG(s) dict_keys(['latest_only']) retrieved from /home/airflow/.local/lib/python3.7/site-packages/airflow/example_dags/example_latest_only.py
[2023-01-31T10:19:12.837+0000] {logging_mixin.py:137} INFO - [2023-01-31T10:19:12.836+0000] {dag.py:2690} INFO - Sync 1 DAGs
[2023-01-31T10:19:12.855+0000] {logging_mixin.py:137} INFO - [2023-01-31T10:19:12.855+0000] {dag.py:3441} INFO - Setting next_dagrun for latest_only to 2023-01-31T06:19:12.855192+00:00, run_after=2023-01-31T10:19:12.855192+00:00
[2023-01-31T10:19:12.872+0000] {processor.py:175} INFO - Processing /home/airflow/.local/lib/python3.7/site-packages/airflow/example_dags/example_latest_only.py took 0.083 seconds
[2023-01-31T10:19:43.388+0000] {processor.py:153} INFO - Started process (PID=728) to work on /home/airflow/.local/lib/python3.7/site-packages/airflow/example_dags/example_latest_only.py
[2023-01-31T10:19:43.390+0000] {processor.py:743} INFO - Processing file /home/airflow/.local/lib/python3.7/site-packages/airflow/example_dags/example_latest_only.py for tasks to queue
[2023-01-31T10:19:43.391+0000] {logging_mixin.py:137} INFO - [2023-01-31T10:19:43.390+0000] {dagbag.py:538} INFO - Filling up the DagBag from /home/airflow/.local/lib/python3.7/site-packages/airflow/example_dags/example_latest_only.py
[2023-01-31T10:19:43.401+0000] {processor.py:753} INFO - DAG(s) dict_keys(['latest_only']) retrieved from /home/airflow/.local/lib/python3.7/site-packages/airflow/example_dags/example_latest_only.py
[2023-01-31T10:19:43.440+0000] {logging_mixin.py:137} INFO - [2023-01-31T10:19:43.440+0000] {dag.py:2690} INFO - Sync 1 DAGs
[2023-01-31T10:19:43.475+0000] {logging_mixin.py:137} INFO - [2023-01-31T10:19:43.475+0000] {dag.py:3441} INFO - Setting next_dagrun for latest_only to 2023-01-31T06:19:43.475262+00:00, run_after=2023-01-31T10:19:43.475262+00:00
[2023-01-31T10:19:43.499+0000] {processor.py:175} INFO - Processing /home/airflow/.local/lib/python3.7/site-packages/airflow/example_dags/example_latest_only.py took 0.113 seconds
[2023-01-31T10:20:15.132+0000] {processor.py:153} INFO - Started process (PID=828) to work on /home/airflow/.local/lib/python3.7/site-packages/airflow/example_dags/example_latest_only.py
[2023-01-31T10:20:15.134+0000] {processor.py:743} INFO - Processing file /home/airflow/.local/lib/python3.7/site-packages/airflow/example_dags/example_latest_only.py for tasks to queue
[2023-01-31T10:20:15.137+0000] {logging_mixin.py:137} INFO - [2023-01-31T10:20:15.137+0000] {dagbag.py:538} INFO - Filling up the DagBag from /home/airflow/.local/lib/python3.7/site-packages/airflow/example_dags/example_latest_only.py
[2023-01-31T10:20:15.157+0000] {processor.py:753} INFO - DAG(s) dict_keys(['latest_only']) retrieved from /home/airflow/.local/lib/python3.7/site-packages/airflow/example_dags/example_latest_only.py
[2023-01-31T10:20:15.286+0000] {logging_mixin.py:137} INFO - [2023-01-31T10:20:15.286+0000] {dag.py:2690} INFO - Sync 1 DAGs
[2023-01-31T10:20:15.427+0000] {logging_mixin.py:137} INFO - [2023-01-31T10:20:15.426+0000] {dag.py:3441} INFO - Setting next_dagrun for latest_only to 2023-01-31T06:20:15.423712+00:00, run_after=2023-01-31T10:20:15.423712+00:00
[2023-01-31T10:20:15.550+0000] {processor.py:175} INFO - Processing /home/airflow/.local/lib/python3.7/site-packages/airflow/example_dags/example_latest_only.py took 0.422 seconds
[2023-01-31T10:20:46.315+0000] {processor.py:153} INFO - Started process (PID=907) to work on /home/airflow/.local/lib/python3.7/site-packages/airflow/example_dags/example_latest_only.py
[2023-01-31T10:20:46.321+0000] {processor.py:743} INFO - Processing file /home/airflow/.local/lib/python3.7/site-packages/airflow/example_dags/example_latest_only.py for tasks to queue
[2023-01-31T10:20:46.339+0000] {logging_mixin.py:137} INFO - [2023-01-31T10:20:46.338+0000] {dagbag.py:538} INFO - Filling up the DagBag from /home/airflow/.local/lib/python3.7/site-packages/airflow/example_dags/example_latest_only.py
[2023-01-31T10:20:46.449+0000] {processor.py:753} INFO - DAG(s) dict_keys(['latest_only']) retrieved from /home/airflow/.local/lib/python3.7/site-packages/airflow/example_dags/example_latest_only.py
[2023-01-31T10:20:46.524+0000] {logging_mixin.py:137} INFO - [2023-01-31T10:20:46.524+0000] {dag.py:2690} INFO - Sync 1 DAGs
[2023-01-31T10:20:46.602+0000] {logging_mixin.py:137} INFO - [2023-01-31T10:20:46.601+0000] {dag.py:3441} INFO - Setting next_dagrun for latest_only to 2023-01-31T06:20:46.601011+00:00, run_after=2023-01-31T10:20:46.601011+00:00
[2023-01-31T10:20:46.666+0000] {processor.py:175} INFO - Processing /home/airflow/.local/lib/python3.7/site-packages/airflow/example_dags/example_latest_only.py took 0.369 seconds
[2023-01-31T10:21:16.964+0000] {processor.py:153} INFO - Started process (PID=986) to work on /home/airflow/.local/lib/python3.7/site-packages/airflow/example_dags/example_latest_only.py
[2023-01-31T10:21:16.965+0000] {processor.py:743} INFO - Processing file /home/airflow/.local/lib/python3.7/site-packages/airflow/example_dags/example_latest_only.py for tasks to queue
[2023-01-31T10:21:16.966+0000] {logging_mixin.py:137} INFO - [2023-01-31T10:21:16.966+0000] {dagbag.py:538} INFO - Filling up the DagBag from /home/airflow/.local/lib/python3.7/site-packages/airflow/example_dags/example_latest_only.py
[2023-01-31T10:21:16.979+0000] {processor.py:753} INFO - DAG(s) dict_keys(['latest_only']) retrieved from /home/airflow/.local/lib/python3.7/site-packages/airflow/example_dags/example_latest_only.py
[2023-01-31T10:21:17.008+0000] {logging_mixin.py:137} INFO - [2023-01-31T10:21:17.008+0000] {dag.py:2690} INFO - Sync 1 DAGs
[2023-01-31T10:21:17.063+0000] {logging_mixin.py:137} INFO - [2023-01-31T10:21:17.062+0000] {dag.py:3441} INFO - Setting next_dagrun for latest_only to 2023-01-31T06:21:17.062234+00:00, run_after=2023-01-31T10:21:17.062234+00:00
[2023-01-31T10:21:17.230+0000] {processor.py:175} INFO - Processing /home/airflow/.local/lib/python3.7/site-packages/airflow/example_dags/example_latest_only.py took 0.269 seconds
[2023-01-31T10:21:47.686+0000] {processor.py:153} INFO - Started process (PID=1064) to work on /home/airflow/.local/lib/python3.7/site-packages/airflow/example_dags/example_latest_only.py
[2023-01-31T10:21:47.691+0000] {processor.py:743} INFO - Processing file /home/airflow/.local/lib/python3.7/site-packages/airflow/example_dags/example_latest_only.py for tasks to queue
[2023-01-31T10:21:47.695+0000] {logging_mixin.py:137} INFO - [2023-01-31T10:21:47.695+0000] {dagbag.py:538} INFO - Filling up the DagBag from /home/airflow/.local/lib/python3.7/site-packages/airflow/example_dags/example_latest_only.py
[2023-01-31T10:21:47.713+0000] {processor.py:753} INFO - DAG(s) dict_keys(['latest_only']) retrieved from /home/airflow/.local/lib/python3.7/site-packages/airflow/example_dags/example_latest_only.py
[2023-01-31T10:21:47.743+0000] {logging_mixin.py:137} INFO - [2023-01-31T10:21:47.743+0000] {dag.py:2690} INFO - Sync 1 DAGs
[2023-01-31T10:21:47.772+0000] {logging_mixin.py:137} INFO - [2023-01-31T10:21:47.772+0000] {dag.py:3441} INFO - Setting next_dagrun for latest_only to 2023-01-31T06:21:47.771797+00:00, run_after=2023-01-31T10:21:47.771797+00:00
[2023-01-31T10:21:47.789+0000] {processor.py:175} INFO - Processing /home/airflow/.local/lib/python3.7/site-packages/airflow/example_dags/example_latest_only.py took 0.108 seconds
[2023-01-31T10:22:18.157+0000] {processor.py:153} INFO - Started process (PID=1143) to work on /home/airflow/.local/lib/python3.7/site-packages/airflow/example_dags/example_latest_only.py
[2023-01-31T10:22:18.159+0000] {processor.py:743} INFO - Processing file /home/airflow/.local/lib/python3.7/site-packages/airflow/example_dags/example_latest_only.py for tasks to queue
[2023-01-31T10:22:18.160+0000] {logging_mixin.py:137} INFO - [2023-01-31T10:22:18.160+0000] {dagbag.py:538} INFO - Filling up the DagBag from /home/airflow/.local/lib/python3.7/site-packages/airflow/example_dags/example_latest_only.py
[2023-01-31T10:22:18.173+0000] {processor.py:753} INFO - DAG(s) dict_keys(['latest_only']) retrieved from /home/airflow/.local/lib/python3.7/site-packages/airflow/example_dags/example_latest_only.py
[2023-01-31T10:22:18.197+0000] {logging_mixin.py:137} INFO - [2023-01-31T10:22:18.197+0000] {dag.py:2690} INFO - Sync 1 DAGs
[2023-01-31T10:22:18.217+0000] {logging_mixin.py:137} INFO - [2023-01-31T10:22:18.216+0000] {dag.py:3441} INFO - Setting next_dagrun for latest_only to 2023-01-31T06:22:18.216714+00:00, run_after=2023-01-31T10:22:18.216714+00:00
[2023-01-31T10:22:18.237+0000] {processor.py:175} INFO - Processing /home/airflow/.local/lib/python3.7/site-packages/airflow/example_dags/example_latest_only.py took 0.083 seconds
[2023-01-31T10:22:50.275+0000] {processor.py:153} INFO - Started process (PID=1237) to work on /home/airflow/.local/lib/python3.7/site-packages/airflow/example_dags/example_latest_only.py
[2023-01-31T10:22:50.278+0000] {processor.py:743} INFO - Processing file /home/airflow/.local/lib/python3.7/site-packages/airflow/example_dags/example_latest_only.py for tasks to queue
[2023-01-31T10:22:50.281+0000] {logging_mixin.py:137} INFO - [2023-01-31T10:22:50.280+0000] {dagbag.py:538} INFO - Filling up the DagBag from /home/airflow/.local/lib/python3.7/site-packages/airflow/example_dags/example_latest_only.py
[2023-01-31T10:22:50.322+0000] {processor.py:753} INFO - DAG(s) dict_keys(['latest_only']) retrieved from /home/airflow/.local/lib/python3.7/site-packages/airflow/example_dags/example_latest_only.py
[2023-01-31T10:22:50.391+0000] {logging_mixin.py:137} INFO - [2023-01-31T10:22:50.391+0000] {dag.py:2690} INFO - Sync 1 DAGs
[2023-01-31T10:22:50.458+0000] {logging_mixin.py:137} INFO - [2023-01-31T10:22:50.458+0000] {dag.py:3441} INFO - Setting next_dagrun for latest_only to 2023-01-31T06:22:50.457942+00:00, run_after=2023-01-31T10:22:50.457942+00:00
[2023-01-31T10:22:50.582+0000] {processor.py:175} INFO - Processing /home/airflow/.local/lib/python3.7/site-packages/airflow/example_dags/example_latest_only.py took 0.310 seconds
[2023-01-31T10:23:21.519+0000] {processor.py:153} INFO - Started process (PID=1315) to work on /home/airflow/.local/lib/python3.7/site-packages/airflow/example_dags/example_latest_only.py
[2023-01-31T10:23:21.521+0000] {processor.py:743} INFO - Processing file /home/airflow/.local/lib/python3.7/site-packages/airflow/example_dags/example_latest_only.py for tasks to queue
[2023-01-31T10:23:21.525+0000] {logging_mixin.py:137} INFO - [2023-01-31T10:23:21.525+0000] {dagbag.py:538} INFO - Filling up the DagBag from /home/airflow/.local/lib/python3.7/site-packages/airflow/example_dags/example_latest_only.py
[2023-01-31T10:23:21.574+0000] {processor.py:753} INFO - DAG(s) dict_keys(['latest_only']) retrieved from /home/airflow/.local/lib/python3.7/site-packages/airflow/example_dags/example_latest_only.py
[2023-01-31T10:23:21.642+0000] {logging_mixin.py:137} INFO - [2023-01-31T10:23:21.641+0000] {dag.py:2690} INFO - Sync 1 DAGs
[2023-01-31T10:23:21.664+0000] {logging_mixin.py:137} INFO - [2023-01-31T10:23:21.664+0000] {dag.py:3441} INFO - Setting next_dagrun for latest_only to 2023-01-31T06:23:21.663406+00:00, run_after=2023-01-31T10:23:21.663406+00:00
[2023-01-31T10:23:21.685+0000] {processor.py:175} INFO - Processing /home/airflow/.local/lib/python3.7/site-packages/airflow/example_dags/example_latest_only.py took 0.171 seconds
[2023-01-31T10:23:52.165+0000] {processor.py:153} INFO - Started process (PID=1394) to work on /home/airflow/.local/lib/python3.7/site-packages/airflow/example_dags/example_latest_only.py
[2023-01-31T10:23:52.172+0000] {processor.py:743} INFO - Processing file /home/airflow/.local/lib/python3.7/site-packages/airflow/example_dags/example_latest_only.py for tasks to queue
[2023-01-31T10:23:52.181+0000] {logging_mixin.py:137} INFO - [2023-01-31T10:23:52.180+0000] {dagbag.py:538} INFO - Filling up the DagBag from /home/airflow/.local/lib/python3.7/site-packages/airflow/example_dags/example_latest_only.py
[2023-01-31T10:23:52.429+0000] {processor.py:753} INFO - DAG(s) dict_keys(['latest_only']) retrieved from /home/airflow/.local/lib/python3.7/site-packages/airflow/example_dags/example_latest_only.py
[2023-01-31T10:23:52.539+0000] {logging_mixin.py:137} INFO - [2023-01-31T10:23:52.539+0000] {dag.py:2690} INFO - Sync 1 DAGs
[2023-01-31T10:23:52.582+0000] {logging_mixin.py:137} INFO - [2023-01-31T10:23:52.582+0000] {dag.py:3441} INFO - Setting next_dagrun for latest_only to 2023-01-31T06:23:52.582486+00:00, run_after=2023-01-31T10:23:52.582486+00:00
[2023-01-31T10:23:52.632+0000] {processor.py:175} INFO - Processing /home/airflow/.local/lib/python3.7/site-packages/airflow/example_dags/example_latest_only.py took 0.474 seconds
[2023-01-31T10:24:23.188+0000] {processor.py:153} INFO - Started process (PID=1472) to work on /home/airflow/.local/lib/python3.7/site-packages/airflow/example_dags/example_latest_only.py
[2023-01-31T10:24:23.194+0000] {processor.py:743} INFO - Processing file /home/airflow/.local/lib/python3.7/site-packages/airflow/example_dags/example_latest_only.py for tasks to queue
[2023-01-31T10:24:23.198+0000] {logging_mixin.py:137} INFO - [2023-01-31T10:24:23.198+0000] {dagbag.py:538} INFO - Filling up the DagBag from /home/airflow/.local/lib/python3.7/site-packages/airflow/example_dags/example_latest_only.py
[2023-01-31T10:24:23.213+0000] {processor.py:753} INFO - DAG(s) dict_keys(['latest_only']) retrieved from /home/airflow/.local/lib/python3.7/site-packages/airflow/example_dags/example_latest_only.py
[2023-01-31T10:24:23.241+0000] {logging_mixin.py:137} INFO - [2023-01-31T10:24:23.241+0000] {dag.py:2690} INFO - Sync 1 DAGs
[2023-01-31T10:24:23.266+0000] {logging_mixin.py:137} INFO - [2023-01-31T10:24:23.266+0000] {dag.py:3441} INFO - Setting next_dagrun for latest_only to 2023-01-31T06:24:23.265706+00:00, run_after=2023-01-31T10:24:23.265706+00:00
[2023-01-31T10:24:23.282+0000] {processor.py:175} INFO - Processing /home/airflow/.local/lib/python3.7/site-packages/airflow/example_dags/example_latest_only.py took 0.097 seconds
[2023-01-31T10:24:54.084+0000] {processor.py:153} INFO - Started process (PID=1554) to work on /home/airflow/.local/lib/python3.7/site-packages/airflow/example_dags/example_latest_only.py
[2023-01-31T10:24:54.089+0000] {processor.py:743} INFO - Processing file /home/airflow/.local/lib/python3.7/site-packages/airflow/example_dags/example_latest_only.py for tasks to queue
[2023-01-31T10:24:54.095+0000] {logging_mixin.py:137} INFO - [2023-01-31T10:24:54.095+0000] {dagbag.py:538} INFO - Filling up the DagBag from /home/airflow/.local/lib/python3.7/site-packages/airflow/example_dags/example_latest_only.py
[2023-01-31T10:24:54.141+0000] {processor.py:753} INFO - DAG(s) dict_keys(['latest_only']) retrieved from /home/airflow/.local/lib/python3.7/site-packages/airflow/example_dags/example_latest_only.py
[2023-01-31T10:24:54.203+0000] {logging_mixin.py:137} INFO - [2023-01-31T10:24:54.202+0000] {dag.py:2690} INFO - Sync 1 DAGs
[2023-01-31T10:24:54.233+0000] {logging_mixin.py:137} INFO - [2023-01-31T10:24:54.233+0000] {dag.py:3441} INFO - Setting next_dagrun for latest_only to 2023-01-31T06:24:54.232880+00:00, run_after=2023-01-31T10:24:54.232880+00:00
[2023-01-31T10:24:54.263+0000] {processor.py:175} INFO - Processing /home/airflow/.local/lib/python3.7/site-packages/airflow/example_dags/example_latest_only.py took 0.186 seconds
[2023-01-31T10:25:24.914+0000] {processor.py:153} INFO - Started process (PID=1640) to work on /home/airflow/.local/lib/python3.7/site-packages/airflow/example_dags/example_latest_only.py
[2023-01-31T10:25:24.929+0000] {processor.py:743} INFO - Processing file /home/airflow/.local/lib/python3.7/site-packages/airflow/example_dags/example_latest_only.py for tasks to queue
[2023-01-31T10:25:24.940+0000] {logging_mixin.py:137} INFO - [2023-01-31T10:25:24.940+0000] {dagbag.py:538} INFO - Filling up the DagBag from /home/airflow/.local/lib/python3.7/site-packages/airflow/example_dags/example_latest_only.py
[2023-01-31T10:25:25.002+0000] {processor.py:753} INFO - DAG(s) dict_keys(['latest_only']) retrieved from /home/airflow/.local/lib/python3.7/site-packages/airflow/example_dags/example_latest_only.py
[2023-01-31T10:25:25.203+0000] {logging_mixin.py:137} INFO - [2023-01-31T10:25:25.200+0000] {dag.py:2690} INFO - Sync 1 DAGs
[2023-01-31T10:25:25.578+0000] {logging_mixin.py:137} INFO - [2023-01-31T10:25:25.577+0000] {dag.py:3441} INFO - Setting next_dagrun for latest_only to 2023-01-31T06:25:25.568815+00:00, run_after=2023-01-31T10:25:25.568815+00:00
[2023-01-31T10:25:26.037+0000] {processor.py:175} INFO - Processing /home/airflow/.local/lib/python3.7/site-packages/airflow/example_dags/example_latest_only.py took 1.148 seconds
[2023-01-31T10:25:56.415+0000] {processor.py:153} INFO - Started process (PID=1728) to work on /home/airflow/.local/lib/python3.7/site-packages/airflow/example_dags/example_latest_only.py
[2023-01-31T10:25:56.453+0000] {processor.py:743} INFO - Processing file /home/airflow/.local/lib/python3.7/site-packages/airflow/example_dags/example_latest_only.py for tasks to queue
[2023-01-31T10:25:56.488+0000] {logging_mixin.py:137} INFO - [2023-01-31T10:25:56.487+0000] {dagbag.py:538} INFO - Filling up the DagBag from /home/airflow/.local/lib/python3.7/site-packages/airflow/example_dags/example_latest_only.py
[2023-01-31T10:25:56.591+0000] {processor.py:753} INFO - DAG(s) dict_keys(['latest_only']) retrieved from /home/airflow/.local/lib/python3.7/site-packages/airflow/example_dags/example_latest_only.py
[2023-01-31T10:25:56.704+0000] {logging_mixin.py:137} INFO - [2023-01-31T10:25:56.703+0000] {dag.py:2690} INFO - Sync 1 DAGs
[2023-01-31T10:25:56.749+0000] {logging_mixin.py:137} INFO - [2023-01-31T10:25:56.749+0000] {dag.py:3441} INFO - Setting next_dagrun for latest_only to 2023-01-31T06:25:56.748723+00:00, run_after=2023-01-31T10:25:56.748723+00:00
[2023-01-31T10:25:56.794+0000] {processor.py:175} INFO - Processing /home/airflow/.local/lib/python3.7/site-packages/airflow/example_dags/example_latest_only.py took 0.391 seconds
[2023-01-31T10:26:27.460+0000] {processor.py:153} INFO - Started process (PID=1812) to work on /home/airflow/.local/lib/python3.7/site-packages/airflow/example_dags/example_latest_only.py
[2023-01-31T10:26:27.465+0000] {processor.py:743} INFO - Processing file /home/airflow/.local/lib/python3.7/site-packages/airflow/example_dags/example_latest_only.py for tasks to queue
[2023-01-31T10:26:27.471+0000] {logging_mixin.py:137} INFO - [2023-01-31T10:26:27.470+0000] {dagbag.py:538} INFO - Filling up the DagBag from /home/airflow/.local/lib/python3.7/site-packages/airflow/example_dags/example_latest_only.py
[2023-01-31T10:26:27.552+0000] {processor.py:753} INFO - DAG(s) dict_keys(['latest_only']) retrieved from /home/airflow/.local/lib/python3.7/site-packages/airflow/example_dags/example_latest_only.py
[2023-01-31T10:26:27.611+0000] {logging_mixin.py:137} INFO - [2023-01-31T10:26:27.610+0000] {dag.py:2690} INFO - Sync 1 DAGs
[2023-01-31T10:26:27.657+0000] {logging_mixin.py:137} INFO - [2023-01-31T10:26:27.657+0000] {dag.py:3441} INFO - Setting next_dagrun for latest_only to 2023-01-31T06:26:27.656670+00:00, run_after=2023-01-31T10:26:27.656670+00:00
[2023-01-31T10:26:27.675+0000] {processor.py:175} INFO - Processing /home/airflow/.local/lib/python3.7/site-packages/airflow/example_dags/example_latest_only.py took 0.232 seconds
[2023-01-31T10:26:57.844+0000] {processor.py:153} INFO - Started process (PID=1891) to work on /home/airflow/.local/lib/python3.7/site-packages/airflow/example_dags/example_latest_only.py
[2023-01-31T10:26:57.847+0000] {processor.py:743} INFO - Processing file /home/airflow/.local/lib/python3.7/site-packages/airflow/example_dags/example_latest_only.py for tasks to queue
[2023-01-31T10:26:57.849+0000] {logging_mixin.py:137} INFO - [2023-01-31T10:26:57.849+0000] {dagbag.py:538} INFO - Filling up the DagBag from /home/airflow/.local/lib/python3.7/site-packages/airflow/example_dags/example_latest_only.py
[2023-01-31T10:26:57.869+0000] {processor.py:753} INFO - DAG(s) dict_keys(['latest_only']) retrieved from /home/airflow/.local/lib/python3.7/site-packages/airflow/example_dags/example_latest_only.py
[2023-01-31T10:26:57.921+0000] {logging_mixin.py:137} INFO - [2023-01-31T10:26:57.921+0000] {dag.py:2690} INFO - Sync 1 DAGs
[2023-01-31T10:26:57.948+0000] {logging_mixin.py:137} INFO - [2023-01-31T10:26:57.948+0000] {dag.py:3441} INFO - Setting next_dagrun for latest_only to 2023-01-31T06:26:57.948543+00:00, run_after=2023-01-31T10:26:57.948543+00:00
[2023-01-31T10:26:57.967+0000] {processor.py:175} INFO - Processing /home/airflow/.local/lib/python3.7/site-packages/airflow/example_dags/example_latest_only.py took 0.134 seconds
[2023-01-31T10:27:28.357+0000] {processor.py:153} INFO - Started process (PID=1979) to work on /home/airflow/.local/lib/python3.7/site-packages/airflow/example_dags/example_latest_only.py
[2023-01-31T10:27:28.359+0000] {processor.py:743} INFO - Processing file /home/airflow/.local/lib/python3.7/site-packages/airflow/example_dags/example_latest_only.py for tasks to queue
[2023-01-31T10:27:28.361+0000] {logging_mixin.py:137} INFO - [2023-01-31T10:27:28.361+0000] {dagbag.py:538} INFO - Filling up the DagBag from /home/airflow/.local/lib/python3.7/site-packages/airflow/example_dags/example_latest_only.py
[2023-01-31T10:27:28.411+0000] {processor.py:753} INFO - DAG(s) dict_keys(['latest_only']) retrieved from /home/airflow/.local/lib/python3.7/site-packages/airflow/example_dags/example_latest_only.py
[2023-01-31T10:27:28.550+0000] {logging_mixin.py:137} INFO - [2023-01-31T10:27:28.550+0000] {dag.py:2690} INFO - Sync 1 DAGs
[2023-01-31T10:27:28.585+0000] {logging_mixin.py:137} INFO - [2023-01-31T10:27:28.585+0000] {dag.py:3441} INFO - Setting next_dagrun for latest_only to 2023-01-31T06:27:28.585090+00:00, run_after=2023-01-31T10:27:28.585090+00:00
[2023-01-31T10:27:28.713+0000] {processor.py:175} INFO - Processing /home/airflow/.local/lib/python3.7/site-packages/airflow/example_dags/example_latest_only.py took 0.361 seconds
[2023-01-31T10:27:58.948+0000] {processor.py:153} INFO - Started process (PID=2066) to work on /home/airflow/.local/lib/python3.7/site-packages/airflow/example_dags/example_latest_only.py
[2023-01-31T10:27:58.950+0000] {processor.py:743} INFO - Processing file /home/airflow/.local/lib/python3.7/site-packages/airflow/example_dags/example_latest_only.py for tasks to queue
[2023-01-31T10:27:58.951+0000] {logging_mixin.py:137} INFO - [2023-01-31T10:27:58.951+0000] {dagbag.py:538} INFO - Filling up the DagBag from /home/airflow/.local/lib/python3.7/site-packages/airflow/example_dags/example_latest_only.py
[2023-01-31T10:27:58.971+0000] {processor.py:753} INFO - DAG(s) dict_keys(['latest_only']) retrieved from /home/airflow/.local/lib/python3.7/site-packages/airflow/example_dags/example_latest_only.py
[2023-01-31T10:27:59.022+0000] {logging_mixin.py:137} INFO - [2023-01-31T10:27:59.022+0000] {dag.py:2690} INFO - Sync 1 DAGs
[2023-01-31T10:27:59.061+0000] {logging_mixin.py:137} INFO - [2023-01-31T10:27:59.061+0000] {dag.py:3441} INFO - Setting next_dagrun for latest_only to 2023-01-31T06:27:59.060392+00:00, run_after=2023-01-31T10:27:59.060392+00:00
[2023-01-31T10:27:59.130+0000] {processor.py:175} INFO - Processing /home/airflow/.local/lib/python3.7/site-packages/airflow/example_dags/example_latest_only.py took 0.185 seconds
[2023-01-31T10:28:29.297+0000] {processor.py:153} INFO - Started process (PID=2145) to work on /home/airflow/.local/lib/python3.7/site-packages/airflow/example_dags/example_latest_only.py
[2023-01-31T10:28:29.300+0000] {processor.py:743} INFO - Processing file /home/airflow/.local/lib/python3.7/site-packages/airflow/example_dags/example_latest_only.py for tasks to queue
[2023-01-31T10:28:29.301+0000] {logging_mixin.py:137} INFO - [2023-01-31T10:28:29.301+0000] {dagbag.py:538} INFO - Filling up the DagBag from /home/airflow/.local/lib/python3.7/site-packages/airflow/example_dags/example_latest_only.py
[2023-01-31T10:28:29.324+0000] {processor.py:753} INFO - DAG(s) dict_keys(['latest_only']) retrieved from /home/airflow/.local/lib/python3.7/site-packages/airflow/example_dags/example_latest_only.py
[2023-01-31T10:28:29.366+0000] {logging_mixin.py:137} INFO - [2023-01-31T10:28:29.366+0000] {dag.py:2690} INFO - Sync 1 DAGs
[2023-01-31T10:28:29.386+0000] {logging_mixin.py:137} INFO - [2023-01-31T10:28:29.385+0000] {dag.py:3441} INFO - Setting next_dagrun for latest_only to 2023-01-31T06:28:29.385693+00:00, run_after=2023-01-31T10:28:29.385693+00:00
[2023-01-31T10:28:29.403+0000] {processor.py:175} INFO - Processing /home/airflow/.local/lib/python3.7/site-packages/airflow/example_dags/example_latest_only.py took 0.113 seconds
[2023-01-31T10:29:00.105+0000] {processor.py:153} INFO - Started process (PID=2239) to work on /home/airflow/.local/lib/python3.7/site-packages/airflow/example_dags/example_latest_only.py
[2023-01-31T10:29:00.128+0000] {processor.py:743} INFO - Processing file /home/airflow/.local/lib/python3.7/site-packages/airflow/example_dags/example_latest_only.py for tasks to queue
[2023-01-31T10:29:00.143+0000] {logging_mixin.py:137} INFO - [2023-01-31T10:29:00.143+0000] {dagbag.py:538} INFO - Filling up the DagBag from /home/airflow/.local/lib/python3.7/site-packages/airflow/example_dags/example_latest_only.py
[2023-01-31T10:29:00.201+0000] {processor.py:753} INFO - DAG(s) dict_keys(['latest_only']) retrieved from /home/airflow/.local/lib/python3.7/site-packages/airflow/example_dags/example_latest_only.py
[2023-01-31T10:29:00.324+0000] {logging_mixin.py:137} INFO - [2023-01-31T10:29:00.324+0000] {dag.py:2690} INFO - Sync 1 DAGs
[2023-01-31T10:29:00.409+0000] {logging_mixin.py:137} INFO - [2023-01-31T10:29:00.409+0000] {dag.py:3441} INFO - Setting next_dagrun for latest_only to 2023-01-31T06:29:00.408999+00:00, run_after=2023-01-31T10:29:00.408999+00:00
[2023-01-31T10:29:00.471+0000] {processor.py:175} INFO - Processing /home/airflow/.local/lib/python3.7/site-packages/airflow/example_dags/example_latest_only.py took 0.374 seconds
[2023-01-31T10:29:33.430+0000] {processor.py:153} INFO - Started process (PID=2318) to work on /home/airflow/.local/lib/python3.7/site-packages/airflow/example_dags/example_latest_only.py
[2023-01-31T10:29:33.439+0000] {processor.py:743} INFO - Processing file /home/airflow/.local/lib/python3.7/site-packages/airflow/example_dags/example_latest_only.py for tasks to queue
[2023-01-31T10:29:33.448+0000] {logging_mixin.py:137} INFO - [2023-01-31T10:29:33.448+0000] {dagbag.py:538} INFO - Filling up the DagBag from /home/airflow/.local/lib/python3.7/site-packages/airflow/example_dags/example_latest_only.py
[2023-01-31T10:29:33.465+0000] {processor.py:753} INFO - DAG(s) dict_keys(['latest_only']) retrieved from /home/airflow/.local/lib/python3.7/site-packages/airflow/example_dags/example_latest_only.py
[2023-01-31T10:29:33.552+0000] {logging_mixin.py:137} INFO - [2023-01-31T10:29:33.552+0000] {dag.py:2690} INFO - Sync 1 DAGs
[2023-01-31T10:29:33.672+0000] {logging_mixin.py:137} INFO - [2023-01-31T10:29:33.672+0000] {dag.py:3441} INFO - Setting next_dagrun for latest_only to 2023-01-31T06:29:33.671824+00:00, run_after=2023-01-31T10:29:33.671824+00:00
[2023-01-31T10:29:33.721+0000] {processor.py:175} INFO - Processing /home/airflow/.local/lib/python3.7/site-packages/airflow/example_dags/example_latest_only.py took 0.307 seconds
[2023-01-31T10:30:03.983+0000] {processor.py:153} INFO - Started process (PID=2397) to work on /home/airflow/.local/lib/python3.7/site-packages/airflow/example_dags/example_latest_only.py
[2023-01-31T10:30:03.990+0000] {processor.py:743} INFO - Processing file /home/airflow/.local/lib/python3.7/site-packages/airflow/example_dags/example_latest_only.py for tasks to queue
[2023-01-31T10:30:03.992+0000] {logging_mixin.py:137} INFO - [2023-01-31T10:30:03.992+0000] {dagbag.py:538} INFO - Filling up the DagBag from /home/airflow/.local/lib/python3.7/site-packages/airflow/example_dags/example_latest_only.py
[2023-01-31T10:30:04.007+0000] {processor.py:753} INFO - DAG(s) dict_keys(['latest_only']) retrieved from /home/airflow/.local/lib/python3.7/site-packages/airflow/example_dags/example_latest_only.py
[2023-01-31T10:30:04.059+0000] {logging_mixin.py:137} INFO - [2023-01-31T10:30:04.059+0000] {dag.py:2690} INFO - Sync 1 DAGs
[2023-01-31T10:30:04.093+0000] {logging_mixin.py:137} INFO - [2023-01-31T10:30:04.093+0000] {dag.py:3441} INFO - Setting next_dagrun for latest_only to 2023-01-31T06:30:04.093008+00:00, run_after=2023-01-31T10:30:04.093008+00:00
[2023-01-31T10:30:04.150+0000] {processor.py:175} INFO - Processing /home/airflow/.local/lib/python3.7/site-packages/airflow/example_dags/example_latest_only.py took 0.171 seconds
[2023-01-31T10:30:34.578+0000] {processor.py:153} INFO - Started process (PID=2476) to work on /home/airflow/.local/lib/python3.7/site-packages/airflow/example_dags/example_latest_only.py
[2023-01-31T10:30:34.580+0000] {processor.py:743} INFO - Processing file /home/airflow/.local/lib/python3.7/site-packages/airflow/example_dags/example_latest_only.py for tasks to queue
[2023-01-31T10:30:34.582+0000] {logging_mixin.py:137} INFO - [2023-01-31T10:30:34.582+0000] {dagbag.py:538} INFO - Filling up the DagBag from /home/airflow/.local/lib/python3.7/site-packages/airflow/example_dags/example_latest_only.py
[2023-01-31T10:30:34.596+0000] {processor.py:753} INFO - DAG(s) dict_keys(['latest_only']) retrieved from /home/airflow/.local/lib/python3.7/site-packages/airflow/example_dags/example_latest_only.py
[2023-01-31T10:30:34.624+0000] {logging_mixin.py:137} INFO - [2023-01-31T10:30:34.624+0000] {dag.py:2690} INFO - Sync 1 DAGs
[2023-01-31T10:30:34.647+0000] {logging_mixin.py:137} INFO - [2023-01-31T10:30:34.647+0000] {dag.py:3441} INFO - Setting next_dagrun for latest_only to 2023-01-31T06:30:34.646941+00:00, run_after=2023-01-31T10:30:34.646941+00:00
[2023-01-31T10:30:34.666+0000] {processor.py:175} INFO - Processing /home/airflow/.local/lib/python3.7/site-packages/airflow/example_dags/example_latest_only.py took 0.093 seconds
[2023-01-31T10:31:04.760+0000] {processor.py:153} INFO - Started process (PID=2554) to work on /home/airflow/.local/lib/python3.7/site-packages/airflow/example_dags/example_latest_only.py
[2023-01-31T10:31:04.761+0000] {processor.py:743} INFO - Processing file /home/airflow/.local/lib/python3.7/site-packages/airflow/example_dags/example_latest_only.py for tasks to queue
[2023-01-31T10:31:04.762+0000] {logging_mixin.py:137} INFO - [2023-01-31T10:31:04.762+0000] {dagbag.py:538} INFO - Filling up the DagBag from /home/airflow/.local/lib/python3.7/site-packages/airflow/example_dags/example_latest_only.py
[2023-01-31T10:31:04.775+0000] {processor.py:753} INFO - DAG(s) dict_keys(['latest_only']) retrieved from /home/airflow/.local/lib/python3.7/site-packages/airflow/example_dags/example_latest_only.py
[2023-01-31T10:31:04.801+0000] {logging_mixin.py:137} INFO - [2023-01-31T10:31:04.801+0000] {dag.py:2690} INFO - Sync 1 DAGs
[2023-01-31T10:31:04.824+0000] {logging_mixin.py:137} INFO - [2023-01-31T10:31:04.824+0000] {dag.py:3441} INFO - Setting next_dagrun for latest_only to 2023-01-31T06:31:04.823887+00:00, run_after=2023-01-31T10:31:04.823887+00:00
[2023-01-31T10:31:04.841+0000] {processor.py:175} INFO - Processing /home/airflow/.local/lib/python3.7/site-packages/airflow/example_dags/example_latest_only.py took 0.084 seconds
[2023-01-31T10:31:36.972+0000] {processor.py:153} INFO - Started process (PID=2647) to work on /home/airflow/.local/lib/python3.7/site-packages/airflow/example_dags/example_latest_only.py
[2023-01-31T10:31:36.974+0000] {processor.py:743} INFO - Processing file /home/airflow/.local/lib/python3.7/site-packages/airflow/example_dags/example_latest_only.py for tasks to queue
[2023-01-31T10:31:36.976+0000] {logging_mixin.py:137} INFO - [2023-01-31T10:31:36.976+0000] {dagbag.py:538} INFO - Filling up the DagBag from /home/airflow/.local/lib/python3.7/site-packages/airflow/example_dags/example_latest_only.py
[2023-01-31T10:31:36.990+0000] {processor.py:753} INFO - DAG(s) dict_keys(['latest_only']) retrieved from /home/airflow/.local/lib/python3.7/site-packages/airflow/example_dags/example_latest_only.py
[2023-01-31T10:31:37.046+0000] {logging_mixin.py:137} INFO - [2023-01-31T10:31:37.046+0000] {dag.py:2690} INFO - Sync 1 DAGs
[2023-01-31T10:31:37.122+0000] {logging_mixin.py:137} INFO - [2023-01-31T10:31:37.119+0000] {dag.py:3441} INFO - Setting next_dagrun for latest_only to 2023-01-31T06:31:37.118508+00:00, run_after=2023-01-31T10:31:37.118508+00:00
[2023-01-31T10:31:37.157+0000] {processor.py:175} INFO - Processing /home/airflow/.local/lib/python3.7/site-packages/airflow/example_dags/example_latest_only.py took 0.188 seconds
[2023-01-31T10:32:07.403+0000] {processor.py:153} INFO - Started process (PID=2726) to work on /home/airflow/.local/lib/python3.7/site-packages/airflow/example_dags/example_latest_only.py
[2023-01-31T10:32:07.404+0000] {processor.py:743} INFO - Processing file /home/airflow/.local/lib/python3.7/site-packages/airflow/example_dags/example_latest_only.py for tasks to queue
[2023-01-31T10:32:07.405+0000] {logging_mixin.py:137} INFO - [2023-01-31T10:32:07.405+0000] {dagbag.py:538} INFO - Filling up the DagBag from /home/airflow/.local/lib/python3.7/site-packages/airflow/example_dags/example_latest_only.py
[2023-01-31T10:32:07.415+0000] {processor.py:753} INFO - DAG(s) dict_keys(['latest_only']) retrieved from /home/airflow/.local/lib/python3.7/site-packages/airflow/example_dags/example_latest_only.py
[2023-01-31T10:32:07.437+0000] {logging_mixin.py:137} INFO - [2023-01-31T10:32:07.437+0000] {dag.py:2690} INFO - Sync 1 DAGs
[2023-01-31T10:32:07.455+0000] {logging_mixin.py:137} INFO - [2023-01-31T10:32:07.455+0000] {dag.py:3441} INFO - Setting next_dagrun for latest_only to 2023-01-31T06:32:07.454792+00:00, run_after=2023-01-31T10:32:07.454792+00:00
[2023-01-31T10:32:07.493+0000] {processor.py:175} INFO - Processing /home/airflow/.local/lib/python3.7/site-packages/airflow/example_dags/example_latest_only.py took 0.093 seconds
[2023-01-31T10:32:38.302+0000] {processor.py:153} INFO - Started process (PID=2805) to work on /home/airflow/.local/lib/python3.7/site-packages/airflow/example_dags/example_latest_only.py
[2023-01-31T10:32:38.303+0000] {processor.py:743} INFO - Processing file /home/airflow/.local/lib/python3.7/site-packages/airflow/example_dags/example_latest_only.py for tasks to queue
[2023-01-31T10:32:38.304+0000] {logging_mixin.py:137} INFO - [2023-01-31T10:32:38.304+0000] {dagbag.py:538} INFO - Filling up the DagBag from /home/airflow/.local/lib/python3.7/site-packages/airflow/example_dags/example_latest_only.py
[2023-01-31T10:32:38.315+0000] {processor.py:753} INFO - DAG(s) dict_keys(['latest_only']) retrieved from /home/airflow/.local/lib/python3.7/site-packages/airflow/example_dags/example_latest_only.py
[2023-01-31T10:32:38.348+0000] {logging_mixin.py:137} INFO - [2023-01-31T10:32:38.347+0000] {dag.py:2690} INFO - Sync 1 DAGs
[2023-01-31T10:32:38.365+0000] {logging_mixin.py:137} INFO - [2023-01-31T10:32:38.365+0000] {dag.py:3441} INFO - Setting next_dagrun for latest_only to 2023-01-31T06:32:38.365588+00:00, run_after=2023-01-31T10:32:38.365588+00:00
[2023-01-31T10:32:38.381+0000] {processor.py:175} INFO - Processing /home/airflow/.local/lib/python3.7/site-packages/airflow/example_dags/example_latest_only.py took 0.083 seconds
[2023-01-31T10:33:09.113+0000] {processor.py:153} INFO - Started process (PID=2900) to work on /home/airflow/.local/lib/python3.7/site-packages/airflow/example_dags/example_latest_only.py
[2023-01-31T10:33:09.115+0000] {processor.py:743} INFO - Processing file /home/airflow/.local/lib/python3.7/site-packages/airflow/example_dags/example_latest_only.py for tasks to queue
[2023-01-31T10:33:09.117+0000] {logging_mixin.py:137} INFO - [2023-01-31T10:33:09.117+0000] {dagbag.py:538} INFO - Filling up the DagBag from /home/airflow/.local/lib/python3.7/site-packages/airflow/example_dags/example_latest_only.py
[2023-01-31T10:33:09.130+0000] {processor.py:753} INFO - DAG(s) dict_keys(['latest_only']) retrieved from /home/airflow/.local/lib/python3.7/site-packages/airflow/example_dags/example_latest_only.py
[2023-01-31T10:33:09.153+0000] {logging_mixin.py:137} INFO - [2023-01-31T10:33:09.153+0000] {dag.py:2690} INFO - Sync 1 DAGs
[2023-01-31T10:33:09.169+0000] {logging_mixin.py:137} INFO - [2023-01-31T10:33:09.169+0000] {dag.py:3441} INFO - Setting next_dagrun for latest_only to 2023-01-31T06:33:09.169712+00:00, run_after=2023-01-31T10:33:09.169712+00:00
[2023-01-31T10:33:09.184+0000] {processor.py:175} INFO - Processing /home/airflow/.local/lib/python3.7/site-packages/airflow/example_dags/example_latest_only.py took 0.074 seconds
[2023-01-31T10:33:40.185+0000] {processor.py:153} INFO - Started process (PID=2979) to work on /home/airflow/.local/lib/python3.7/site-packages/airflow/example_dags/example_latest_only.py
[2023-01-31T10:33:40.187+0000] {processor.py:743} INFO - Processing file /home/airflow/.local/lib/python3.7/site-packages/airflow/example_dags/example_latest_only.py for tasks to queue
[2023-01-31T10:33:40.189+0000] {logging_mixin.py:137} INFO - [2023-01-31T10:33:40.189+0000] {dagbag.py:538} INFO - Filling up the DagBag from /home/airflow/.local/lib/python3.7/site-packages/airflow/example_dags/example_latest_only.py
[2023-01-31T10:33:40.211+0000] {processor.py:753} INFO - DAG(s) dict_keys(['latest_only']) retrieved from /home/airflow/.local/lib/python3.7/site-packages/airflow/example_dags/example_latest_only.py
[2023-01-31T10:33:40.259+0000] {logging_mixin.py:137} INFO - [2023-01-31T10:33:40.259+0000] {dag.py:2690} INFO - Sync 1 DAGs
[2023-01-31T10:33:40.284+0000] {logging_mixin.py:137} INFO - [2023-01-31T10:33:40.283+0000] {dag.py:3441} INFO - Setting next_dagrun for latest_only to 2023-01-31T06:33:40.283620+00:00, run_after=2023-01-31T10:33:40.283620+00:00
[2023-01-31T10:33:40.320+0000] {processor.py:175} INFO - Processing /home/airflow/.local/lib/python3.7/site-packages/airflow/example_dags/example_latest_only.py took 0.138 seconds
[2023-01-31T10:34:10.771+0000] {processor.py:153} INFO - Started process (PID=3058) to work on /home/airflow/.local/lib/python3.7/site-packages/airflow/example_dags/example_latest_only.py
[2023-01-31T10:34:10.772+0000] {processor.py:743} INFO - Processing file /home/airflow/.local/lib/python3.7/site-packages/airflow/example_dags/example_latest_only.py for tasks to queue
[2023-01-31T10:34:10.773+0000] {logging_mixin.py:137} INFO - [2023-01-31T10:34:10.773+0000] {dagbag.py:538} INFO - Filling up the DagBag from /home/airflow/.local/lib/python3.7/site-packages/airflow/example_dags/example_latest_only.py
[2023-01-31T10:34:10.785+0000] {processor.py:753} INFO - DAG(s) dict_keys(['latest_only']) retrieved from /home/airflow/.local/lib/python3.7/site-packages/airflow/example_dags/example_latest_only.py
[2023-01-31T10:34:10.824+0000] {logging_mixin.py:137} INFO - [2023-01-31T10:34:10.824+0000] {dag.py:2690} INFO - Sync 1 DAGs
[2023-01-31T10:34:10.854+0000] {logging_mixin.py:137} INFO - [2023-01-31T10:34:10.854+0000] {dag.py:3441} INFO - Setting next_dagrun for latest_only to 2023-01-31T06:34:10.853797+00:00, run_after=2023-01-31T10:34:10.853797+00:00
[2023-01-31T10:34:10.875+0000] {processor.py:175} INFO - Processing /home/airflow/.local/lib/python3.7/site-packages/airflow/example_dags/example_latest_only.py took 0.108 seconds
[2023-01-31T10:34:41.815+0000] {processor.py:153} INFO - Started process (PID=3153) to work on /home/airflow/.local/lib/python3.7/site-packages/airflow/example_dags/example_latest_only.py
[2023-01-31T10:34:41.817+0000] {processor.py:743} INFO - Processing file /home/airflow/.local/lib/python3.7/site-packages/airflow/example_dags/example_latest_only.py for tasks to queue
[2023-01-31T10:34:41.820+0000] {logging_mixin.py:137} INFO - [2023-01-31T10:34:41.819+0000] {dagbag.py:538} INFO - Filling up the DagBag from /home/airflow/.local/lib/python3.7/site-packages/airflow/example_dags/example_latest_only.py
[2023-01-31T10:34:41.842+0000] {processor.py:753} INFO - DAG(s) dict_keys(['latest_only']) retrieved from /home/airflow/.local/lib/python3.7/site-packages/airflow/example_dags/example_latest_only.py
[2023-01-31T10:34:41.886+0000] {logging_mixin.py:137} INFO - [2023-01-31T10:34:41.886+0000] {dag.py:2690} INFO - Sync 1 DAGs
[2023-01-31T10:34:41.905+0000] {logging_mixin.py:137} INFO - [2023-01-31T10:34:41.905+0000] {dag.py:3441} INFO - Setting next_dagrun for latest_only to 2023-01-31T06:34:41.905124+00:00, run_after=2023-01-31T10:34:41.905124+00:00
[2023-01-31T10:34:41.926+0000] {processor.py:175} INFO - Processing /home/airflow/.local/lib/python3.7/site-packages/airflow/example_dags/example_latest_only.py took 0.114 seconds
[2023-01-31T10:35:12.096+0000] {processor.py:153} INFO - Started process (PID=3233) to work on /home/airflow/.local/lib/python3.7/site-packages/airflow/example_dags/example_latest_only.py
[2023-01-31T10:35:12.100+0000] {processor.py:743} INFO - Processing file /home/airflow/.local/lib/python3.7/site-packages/airflow/example_dags/example_latest_only.py for tasks to queue
[2023-01-31T10:35:12.101+0000] {logging_mixin.py:137} INFO - [2023-01-31T10:35:12.101+0000] {dagbag.py:538} INFO - Filling up the DagBag from /home/airflow/.local/lib/python3.7/site-packages/airflow/example_dags/example_latest_only.py
[2023-01-31T10:35:12.117+0000] {processor.py:753} INFO - DAG(s) dict_keys(['latest_only']) retrieved from /home/airflow/.local/lib/python3.7/site-packages/airflow/example_dags/example_latest_only.py
[2023-01-31T10:35:12.152+0000] {logging_mixin.py:137} INFO - [2023-01-31T10:35:12.151+0000] {dag.py:2690} INFO - Sync 1 DAGs
[2023-01-31T10:35:12.189+0000] {logging_mixin.py:137} INFO - [2023-01-31T10:35:12.189+0000] {dag.py:3441} INFO - Setting next_dagrun for latest_only to 2023-01-31T06:35:12.189327+00:00, run_after=2023-01-31T10:35:12.189327+00:00
[2023-01-31T10:35:12.213+0000] {processor.py:175} INFO - Processing /home/airflow/.local/lib/python3.7/site-packages/airflow/example_dags/example_latest_only.py took 0.122 seconds
[2023-01-31T10:35:42.352+0000] {processor.py:153} INFO - Started process (PID=3316) to work on /home/airflow/.local/lib/python3.7/site-packages/airflow/example_dags/example_latest_only.py
[2023-01-31T10:35:42.354+0000] {processor.py:743} INFO - Processing file /home/airflow/.local/lib/python3.7/site-packages/airflow/example_dags/example_latest_only.py for tasks to queue
[2023-01-31T10:35:42.355+0000] {logging_mixin.py:137} INFO - [2023-01-31T10:35:42.355+0000] {dagbag.py:538} INFO - Filling up the DagBag from /home/airflow/.local/lib/python3.7/site-packages/airflow/example_dags/example_latest_only.py
[2023-01-31T10:35:42.369+0000] {processor.py:753} INFO - DAG(s) dict_keys(['latest_only']) retrieved from /home/airflow/.local/lib/python3.7/site-packages/airflow/example_dags/example_latest_only.py
[2023-01-31T10:35:42.390+0000] {logging_mixin.py:137} INFO - [2023-01-31T10:35:42.390+0000] {dag.py:2690} INFO - Sync 1 DAGs
[2023-01-31T10:35:42.412+0000] {logging_mixin.py:137} INFO - [2023-01-31T10:35:42.411+0000] {dag.py:3441} INFO - Setting next_dagrun for latest_only to 2023-01-31T06:35:42.411604+00:00, run_after=2023-01-31T10:35:42.411604+00:00
[2023-01-31T10:35:42.427+0000] {processor.py:175} INFO - Processing /home/airflow/.local/lib/python3.7/site-packages/airflow/example_dags/example_latest_only.py took 0.078 seconds
[2023-01-31T10:36:14.683+0000] {processor.py:153} INFO - Started process (PID=3395) to work on /home/airflow/.local/lib/python3.7/site-packages/airflow/example_dags/example_latest_only.py
[2023-01-31T10:36:14.709+0000] {processor.py:743} INFO - Processing file /home/airflow/.local/lib/python3.7/site-packages/airflow/example_dags/example_latest_only.py for tasks to queue
[2023-01-31T10:36:14.729+0000] {logging_mixin.py:137} INFO - [2023-01-31T10:36:14.728+0000] {dagbag.py:538} INFO - Filling up the DagBag from /home/airflow/.local/lib/python3.7/site-packages/airflow/example_dags/example_latest_only.py
[2023-01-31T10:36:14.832+0000] {processor.py:753} INFO - DAG(s) dict_keys(['latest_only']) retrieved from /home/airflow/.local/lib/python3.7/site-packages/airflow/example_dags/example_latest_only.py
[2023-01-31T10:36:14.971+0000] {logging_mixin.py:137} INFO - [2023-01-31T10:36:14.971+0000] {dag.py:2690} INFO - Sync 1 DAGs
[2023-01-31T10:36:15.013+0000] {logging_mixin.py:137} INFO - [2023-01-31T10:36:15.012+0000] {dag.py:3441} INFO - Setting next_dagrun for latest_only to 2023-01-31T06:36:15.011390+00:00, run_after=2023-01-31T10:36:15.011390+00:00
[2023-01-31T10:36:15.042+0000] {processor.py:175} INFO - Processing /home/airflow/.local/lib/python3.7/site-packages/airflow/example_dags/example_latest_only.py took 0.494 seconds
[2023-01-31T10:36:46.058+0000] {processor.py:153} INFO - Started process (PID=3478) to work on /home/airflow/.local/lib/python3.7/site-packages/airflow/example_dags/example_latest_only.py
[2023-01-31T10:36:46.100+0000] {processor.py:743} INFO - Processing file /home/airflow/.local/lib/python3.7/site-packages/airflow/example_dags/example_latest_only.py for tasks to queue
[2023-01-31T10:36:46.107+0000] {logging_mixin.py:137} INFO - [2023-01-31T10:36:46.106+0000] {dagbag.py:538} INFO - Filling up the DagBag from /home/airflow/.local/lib/python3.7/site-packages/airflow/example_dags/example_latest_only.py
[2023-01-31T10:36:46.334+0000] {processor.py:753} INFO - DAG(s) dict_keys(['latest_only']) retrieved from /home/airflow/.local/lib/python3.7/site-packages/airflow/example_dags/example_latest_only.py
[2023-01-31T10:36:46.479+0000] {logging_mixin.py:137} INFO - [2023-01-31T10:36:46.479+0000] {dag.py:2690} INFO - Sync 1 DAGs
[2023-01-31T10:36:46.543+0000] {logging_mixin.py:137} INFO - [2023-01-31T10:36:46.543+0000] {dag.py:3441} INFO - Setting next_dagrun for latest_only to 2023-01-31T06:36:46.542380+00:00, run_after=2023-01-31T10:36:46.542380+00:00
[2023-01-31T10:36:46.576+0000] {processor.py:175} INFO - Processing /home/airflow/.local/lib/python3.7/site-packages/airflow/example_dags/example_latest_only.py took 0.552 seconds
[2023-01-31T10:37:19.898+0000] {processor.py:153} INFO - Started process (PID=3558) to work on /home/airflow/.local/lib/python3.7/site-packages/airflow/example_dags/example_latest_only.py
[2023-01-31T10:37:19.900+0000] {processor.py:743} INFO - Processing file /home/airflow/.local/lib/python3.7/site-packages/airflow/example_dags/example_latest_only.py for tasks to queue
[2023-01-31T10:37:19.901+0000] {logging_mixin.py:137} INFO - [2023-01-31T10:37:19.901+0000] {dagbag.py:538} INFO - Filling up the DagBag from /home/airflow/.local/lib/python3.7/site-packages/airflow/example_dags/example_latest_only.py
[2023-01-31T10:37:19.917+0000] {processor.py:753} INFO - DAG(s) dict_keys(['latest_only']) retrieved from /home/airflow/.local/lib/python3.7/site-packages/airflow/example_dags/example_latest_only.py
[2023-01-31T10:37:19.969+0000] {logging_mixin.py:137} INFO - [2023-01-31T10:37:19.968+0000] {dag.py:2690} INFO - Sync 1 DAGs
[2023-01-31T10:37:20.000+0000] {logging_mixin.py:137} INFO - [2023-01-31T10:37:19.999+0000] {dag.py:3441} INFO - Setting next_dagrun for latest_only to 2023-01-31T06:37:19.999636+00:00, run_after=2023-01-31T10:37:19.999636+00:00
[2023-01-31T10:37:20.030+0000] {processor.py:175} INFO - Processing /home/airflow/.local/lib/python3.7/site-packages/airflow/example_dags/example_latest_only.py took 0.137 seconds
[2023-01-31T10:37:50.087+0000] {processor.py:153} INFO - Started process (PID=3653) to work on /home/airflow/.local/lib/python3.7/site-packages/airflow/example_dags/example_latest_only.py
[2023-01-31T10:37:50.089+0000] {processor.py:743} INFO - Processing file /home/airflow/.local/lib/python3.7/site-packages/airflow/example_dags/example_latest_only.py for tasks to queue
[2023-01-31T10:37:50.090+0000] {logging_mixin.py:137} INFO - [2023-01-31T10:37:50.090+0000] {dagbag.py:538} INFO - Filling up the DagBag from /home/airflow/.local/lib/python3.7/site-packages/airflow/example_dags/example_latest_only.py
[2023-01-31T10:37:50.101+0000] {processor.py:753} INFO - DAG(s) dict_keys(['latest_only']) retrieved from /home/airflow/.local/lib/python3.7/site-packages/airflow/example_dags/example_latest_only.py
[2023-01-31T10:37:50.126+0000] {logging_mixin.py:137} INFO - [2023-01-31T10:37:50.126+0000] {dag.py:2690} INFO - Sync 1 DAGs
[2023-01-31T10:37:50.143+0000] {logging_mixin.py:137} INFO - [2023-01-31T10:37:50.143+0000] {dag.py:3441} INFO - Setting next_dagrun for latest_only to 2023-01-31T06:37:50.143101+00:00, run_after=2023-01-31T10:37:50.143101+00:00
[2023-01-31T10:37:50.159+0000] {processor.py:175} INFO - Processing /home/airflow/.local/lib/python3.7/site-packages/airflow/example_dags/example_latest_only.py took 0.076 seconds
[2023-01-31T10:38:21.354+0000] {processor.py:153} INFO - Started process (PID=3732) to work on /home/airflow/.local/lib/python3.7/site-packages/airflow/example_dags/example_latest_only.py
[2023-01-31T10:38:21.371+0000] {processor.py:743} INFO - Processing file /home/airflow/.local/lib/python3.7/site-packages/airflow/example_dags/example_latest_only.py for tasks to queue
[2023-01-31T10:38:21.378+0000] {logging_mixin.py:137} INFO - [2023-01-31T10:38:21.378+0000] {dagbag.py:538} INFO - Filling up the DagBag from /home/airflow/.local/lib/python3.7/site-packages/airflow/example_dags/example_latest_only.py
[2023-01-31T10:38:21.431+0000] {processor.py:753} INFO - DAG(s) dict_keys(['latest_only']) retrieved from /home/airflow/.local/lib/python3.7/site-packages/airflow/example_dags/example_latest_only.py
[2023-01-31T10:38:21.499+0000] {logging_mixin.py:137} INFO - [2023-01-31T10:38:21.499+0000] {dag.py:2690} INFO - Sync 1 DAGs
[2023-01-31T10:38:21.539+0000] {logging_mixin.py:137} INFO - [2023-01-31T10:38:21.539+0000] {dag.py:3441} INFO - Setting next_dagrun for latest_only to 2023-01-31T06:38:21.538867+00:00, run_after=2023-01-31T10:38:21.538867+00:00
[2023-01-31T10:38:21.631+0000] {processor.py:175} INFO - Processing /home/airflow/.local/lib/python3.7/site-packages/airflow/example_dags/example_latest_only.py took 0.284 seconds
[2023-01-31T10:38:51.799+0000] {processor.py:153} INFO - Started process (PID=3815) to work on /home/airflow/.local/lib/python3.7/site-packages/airflow/example_dags/example_latest_only.py
[2023-01-31T10:38:51.801+0000] {processor.py:743} INFO - Processing file /home/airflow/.local/lib/python3.7/site-packages/airflow/example_dags/example_latest_only.py for tasks to queue
[2023-01-31T10:38:51.802+0000] {logging_mixin.py:137} INFO - [2023-01-31T10:38:51.802+0000] {dagbag.py:538} INFO - Filling up the DagBag from /home/airflow/.local/lib/python3.7/site-packages/airflow/example_dags/example_latest_only.py
[2023-01-31T10:38:51.817+0000] {processor.py:753} INFO - DAG(s) dict_keys(['latest_only']) retrieved from /home/airflow/.local/lib/python3.7/site-packages/airflow/example_dags/example_latest_only.py
[2023-01-31T10:38:51.845+0000] {logging_mixin.py:137} INFO - [2023-01-31T10:38:51.845+0000] {dag.py:2690} INFO - Sync 1 DAGs
[2023-01-31T10:38:51.876+0000] {logging_mixin.py:137} INFO - [2023-01-31T10:38:51.876+0000] {dag.py:3441} INFO - Setting next_dagrun for latest_only to 2023-01-31T06:38:51.876358+00:00, run_after=2023-01-31T10:38:51.876358+00:00
[2023-01-31T10:38:51.893+0000] {processor.py:175} INFO - Processing /home/airflow/.local/lib/python3.7/site-packages/airflow/example_dags/example_latest_only.py took 0.098 seconds
[2023-01-31T10:39:22.509+0000] {processor.py:153} INFO - Started process (PID=3893) to work on /home/airflow/.local/lib/python3.7/site-packages/airflow/example_dags/example_latest_only.py
[2023-01-31T10:39:22.510+0000] {processor.py:743} INFO - Processing file /home/airflow/.local/lib/python3.7/site-packages/airflow/example_dags/example_latest_only.py for tasks to queue
[2023-01-31T10:39:22.512+0000] {logging_mixin.py:137} INFO - [2023-01-31T10:39:22.512+0000] {dagbag.py:538} INFO - Filling up the DagBag from /home/airflow/.local/lib/python3.7/site-packages/airflow/example_dags/example_latest_only.py
[2023-01-31T10:39:22.524+0000] {processor.py:753} INFO - DAG(s) dict_keys(['latest_only']) retrieved from /home/airflow/.local/lib/python3.7/site-packages/airflow/example_dags/example_latest_only.py
[2023-01-31T10:39:22.545+0000] {logging_mixin.py:137} INFO - [2023-01-31T10:39:22.545+0000] {dag.py:2690} INFO - Sync 1 DAGs
[2023-01-31T10:39:22.565+0000] {logging_mixin.py:137} INFO - [2023-01-31T10:39:22.565+0000] {dag.py:3441} INFO - Setting next_dagrun for latest_only to 2023-01-31T06:39:22.565372+00:00, run_after=2023-01-31T10:39:22.565372+00:00
[2023-01-31T10:39:22.584+0000] {processor.py:175} INFO - Processing /home/airflow/.local/lib/python3.7/site-packages/airflow/example_dags/example_latest_only.py took 0.078 seconds
[2023-01-31T10:39:52.871+0000] {processor.py:153} INFO - Started process (PID=3972) to work on /home/airflow/.local/lib/python3.7/site-packages/airflow/example_dags/example_latest_only.py
[2023-01-31T10:39:52.872+0000] {processor.py:743} INFO - Processing file /home/airflow/.local/lib/python3.7/site-packages/airflow/example_dags/example_latest_only.py for tasks to queue
[2023-01-31T10:39:52.873+0000] {logging_mixin.py:137} INFO - [2023-01-31T10:39:52.873+0000] {dagbag.py:538} INFO - Filling up the DagBag from /home/airflow/.local/lib/python3.7/site-packages/airflow/example_dags/example_latest_only.py
[2023-01-31T10:39:52.883+0000] {processor.py:753} INFO - DAG(s) dict_keys(['latest_only']) retrieved from /home/airflow/.local/lib/python3.7/site-packages/airflow/example_dags/example_latest_only.py
[2023-01-31T10:39:52.903+0000] {logging_mixin.py:137} INFO - [2023-01-31T10:39:52.903+0000] {dag.py:2690} INFO - Sync 1 DAGs
[2023-01-31T10:39:52.920+0000] {logging_mixin.py:137} INFO - [2023-01-31T10:39:52.919+0000] {dag.py:3441} INFO - Setting next_dagrun for latest_only to 2023-01-31T06:39:52.919755+00:00, run_after=2023-01-31T10:39:52.919755+00:00
[2023-01-31T10:39:52.933+0000] {processor.py:175} INFO - Processing /home/airflow/.local/lib/python3.7/site-packages/airflow/example_dags/example_latest_only.py took 0.065 seconds
[2023-01-31T10:40:24.092+0000] {processor.py:153} INFO - Started process (PID=4051) to work on /home/airflow/.local/lib/python3.7/site-packages/airflow/example_dags/example_latest_only.py
[2023-01-31T10:40:24.098+0000] {processor.py:743} INFO - Processing file /home/airflow/.local/lib/python3.7/site-packages/airflow/example_dags/example_latest_only.py for tasks to queue
[2023-01-31T10:40:24.112+0000] {logging_mixin.py:137} INFO - [2023-01-31T10:40:24.112+0000] {dagbag.py:538} INFO - Filling up the DagBag from /home/airflow/.local/lib/python3.7/site-packages/airflow/example_dags/example_latest_only.py
[2023-01-31T10:40:24.128+0000] {processor.py:753} INFO - DAG(s) dict_keys(['latest_only']) retrieved from /home/airflow/.local/lib/python3.7/site-packages/airflow/example_dags/example_latest_only.py
[2023-01-31T10:40:24.159+0000] {logging_mixin.py:137} INFO - [2023-01-31T10:40:24.158+0000] {dag.py:2690} INFO - Sync 1 DAGs
[2023-01-31T10:40:24.186+0000] {logging_mixin.py:137} INFO - [2023-01-31T10:40:24.186+0000] {dag.py:3441} INFO - Setting next_dagrun for latest_only to 2023-01-31T06:40:24.182764+00:00, run_after=2023-01-31T10:40:24.182764+00:00
[2023-01-31T10:40:24.223+0000] {processor.py:175} INFO - Processing /home/airflow/.local/lib/python3.7/site-packages/airflow/example_dags/example_latest_only.py took 0.139 seconds
[2023-01-31T10:40:54.914+0000] {processor.py:153} INFO - Started process (PID=4129) to work on /home/airflow/.local/lib/python3.7/site-packages/airflow/example_dags/example_latest_only.py
[2023-01-31T10:40:54.916+0000] {processor.py:743} INFO - Processing file /home/airflow/.local/lib/python3.7/site-packages/airflow/example_dags/example_latest_only.py for tasks to queue
[2023-01-31T10:40:54.917+0000] {logging_mixin.py:137} INFO - [2023-01-31T10:40:54.917+0000] {dagbag.py:538} INFO - Filling up the DagBag from /home/airflow/.local/lib/python3.7/site-packages/airflow/example_dags/example_latest_only.py
[2023-01-31T10:40:54.930+0000] {processor.py:753} INFO - DAG(s) dict_keys(['latest_only']) retrieved from /home/airflow/.local/lib/python3.7/site-packages/airflow/example_dags/example_latest_only.py
[2023-01-31T10:40:54.964+0000] {logging_mixin.py:137} INFO - [2023-01-31T10:40:54.963+0000] {dag.py:2690} INFO - Sync 1 DAGs
[2023-01-31T10:40:54.987+0000] {logging_mixin.py:137} INFO - [2023-01-31T10:40:54.987+0000] {dag.py:3441} INFO - Setting next_dagrun for latest_only to 2023-01-31T06:40:54.986926+00:00, run_after=2023-01-31T10:40:54.986926+00:00
[2023-01-31T10:40:55.019+0000] {processor.py:175} INFO - Processing /home/airflow/.local/lib/python3.7/site-packages/airflow/example_dags/example_latest_only.py took 0.108 seconds
[2023-01-31T10:41:27.025+0000] {processor.py:153} INFO - Started process (PID=4208) to work on /home/airflow/.local/lib/python3.7/site-packages/airflow/example_dags/example_latest_only.py
[2023-01-31T10:41:27.026+0000] {processor.py:743} INFO - Processing file /home/airflow/.local/lib/python3.7/site-packages/airflow/example_dags/example_latest_only.py for tasks to queue
[2023-01-31T10:41:27.029+0000] {logging_mixin.py:137} INFO - [2023-01-31T10:41:27.029+0000] {dagbag.py:538} INFO - Filling up the DagBag from /home/airflow/.local/lib/python3.7/site-packages/airflow/example_dags/example_latest_only.py
[2023-01-31T10:41:27.082+0000] {processor.py:753} INFO - DAG(s) dict_keys(['latest_only']) retrieved from /home/airflow/.local/lib/python3.7/site-packages/airflow/example_dags/example_latest_only.py
[2023-01-31T10:41:27.169+0000] {logging_mixin.py:137} INFO - [2023-01-31T10:41:27.168+0000] {dag.py:2690} INFO - Sync 1 DAGs
[2023-01-31T10:41:27.205+0000] {logging_mixin.py:137} INFO - [2023-01-31T10:41:27.205+0000] {dag.py:3441} INFO - Setting next_dagrun for latest_only to 2023-01-31T06:41:27.205374+00:00, run_after=2023-01-31T10:41:27.205374+00:00
[2023-01-31T10:41:27.222+0000] {processor.py:175} INFO - Processing /home/airflow/.local/lib/python3.7/site-packages/airflow/example_dags/example_latest_only.py took 0.202 seconds
[2023-01-31T10:42:01.734+0000] {processor.py:153} INFO - Started process (PID=4304) to work on /home/airflow/.local/lib/python3.7/site-packages/airflow/example_dags/example_latest_only.py
[2023-01-31T10:42:01.740+0000] {processor.py:743} INFO - Processing file /home/airflow/.local/lib/python3.7/site-packages/airflow/example_dags/example_latest_only.py for tasks to queue
[2023-01-31T10:42:01.764+0000] {logging_mixin.py:137} INFO - [2023-01-31T10:42:01.764+0000] {dagbag.py:538} INFO - Filling up the DagBag from /home/airflow/.local/lib/python3.7/site-packages/airflow/example_dags/example_latest_only.py
[2023-01-31T10:42:01.811+0000] {processor.py:753} INFO - DAG(s) dict_keys(['latest_only']) retrieved from /home/airflow/.local/lib/python3.7/site-packages/airflow/example_dags/example_latest_only.py
[2023-01-31T10:42:01.882+0000] {logging_mixin.py:137} INFO - [2023-01-31T10:42:01.881+0000] {dag.py:2690} INFO - Sync 1 DAGs
[2023-01-31T10:42:01.912+0000] {logging_mixin.py:137} INFO - [2023-01-31T10:42:01.912+0000] {dag.py:3441} INFO - Setting next_dagrun for latest_only to 2023-01-31T06:42:01.912644+00:00, run_after=2023-01-31T10:42:01.912644+00:00
[2023-01-31T10:42:01.944+0000] {processor.py:175} INFO - Processing /home/airflow/.local/lib/python3.7/site-packages/airflow/example_dags/example_latest_only.py took 0.213 seconds
[2023-01-31T10:42:35.343+0000] {processor.py:153} INFO - Started process (PID=4384) to work on /home/airflow/.local/lib/python3.7/site-packages/airflow/example_dags/example_latest_only.py
[2023-01-31T10:42:35.345+0000] {processor.py:743} INFO - Processing file /home/airflow/.local/lib/python3.7/site-packages/airflow/example_dags/example_latest_only.py for tasks to queue
[2023-01-31T10:42:35.349+0000] {logging_mixin.py:137} INFO - [2023-01-31T10:42:35.349+0000] {dagbag.py:538} INFO - Filling up the DagBag from /home/airflow/.local/lib/python3.7/site-packages/airflow/example_dags/example_latest_only.py
[2023-01-31T10:42:35.376+0000] {processor.py:753} INFO - DAG(s) dict_keys(['latest_only']) retrieved from /home/airflow/.local/lib/python3.7/site-packages/airflow/example_dags/example_latest_only.py
[2023-01-31T10:42:35.411+0000] {logging_mixin.py:137} INFO - [2023-01-31T10:42:35.411+0000] {dag.py:2690} INFO - Sync 1 DAGs
[2023-01-31T10:42:35.430+0000] {logging_mixin.py:137} INFO - [2023-01-31T10:42:35.430+0000] {dag.py:3441} INFO - Setting next_dagrun for latest_only to 2023-01-31T06:42:35.430413+00:00, run_after=2023-01-31T10:42:35.430413+00:00
[2023-01-31T10:42:35.455+0000] {processor.py:175} INFO - Processing /home/airflow/.local/lib/python3.7/site-packages/airflow/example_dags/example_latest_only.py took 0.119 seconds
[2023-01-31T10:43:07.960+0000] {processor.py:153} INFO - Started process (PID=4477) to work on /home/airflow/.local/lib/python3.7/site-packages/airflow/example_dags/example_latest_only.py
[2023-01-31T10:43:07.963+0000] {processor.py:743} INFO - Processing file /home/airflow/.local/lib/python3.7/site-packages/airflow/example_dags/example_latest_only.py for tasks to queue
[2023-01-31T10:43:07.967+0000] {logging_mixin.py:137} INFO - [2023-01-31T10:43:07.967+0000] {dagbag.py:538} INFO - Filling up the DagBag from /home/airflow/.local/lib/python3.7/site-packages/airflow/example_dags/example_latest_only.py
[2023-01-31T10:43:08.034+0000] {processor.py:753} INFO - DAG(s) dict_keys(['latest_only']) retrieved from /home/airflow/.local/lib/python3.7/site-packages/airflow/example_dags/example_latest_only.py
[2023-01-31T10:43:08.165+0000] {logging_mixin.py:137} INFO - [2023-01-31T10:43:08.165+0000] {dag.py:2690} INFO - Sync 1 DAGs
[2023-01-31T10:43:08.215+0000] {logging_mixin.py:137} INFO - [2023-01-31T10:43:08.215+0000] {dag.py:3441} INFO - Setting next_dagrun for latest_only to 2023-01-31T06:43:08.211128+00:00, run_after=2023-01-31T10:43:08.211128+00:00
[2023-01-31T10:43:08.476+0000] {processor.py:175} INFO - Processing /home/airflow/.local/lib/python3.7/site-packages/airflow/example_dags/example_latest_only.py took 0.528 seconds
[2023-01-31T10:43:38.584+0000] {processor.py:153} INFO - Started process (PID=4546) to work on /home/airflow/.local/lib/python3.7/site-packages/airflow/example_dags/example_latest_only.py
[2023-01-31T10:43:38.587+0000] {processor.py:743} INFO - Processing file /home/airflow/.local/lib/python3.7/site-packages/airflow/example_dags/example_latest_only.py for tasks to queue
[2023-01-31T10:43:38.593+0000] {logging_mixin.py:137} INFO - [2023-01-31T10:43:38.592+0000] {dagbag.py:538} INFO - Filling up the DagBag from /home/airflow/.local/lib/python3.7/site-packages/airflow/example_dags/example_latest_only.py
[2023-01-31T10:43:38.614+0000] {processor.py:753} INFO - DAG(s) dict_keys(['latest_only']) retrieved from /home/airflow/.local/lib/python3.7/site-packages/airflow/example_dags/example_latest_only.py
[2023-01-31T10:43:38.665+0000] {logging_mixin.py:137} INFO - [2023-01-31T10:43:38.665+0000] {dag.py:2690} INFO - Sync 1 DAGs
[2023-01-31T10:43:38.696+0000] {logging_mixin.py:137} INFO - [2023-01-31T10:43:38.696+0000] {dag.py:3441} INFO - Setting next_dagrun for latest_only to 2023-01-31T06:43:38.695819+00:00, run_after=2023-01-31T10:43:38.695819+00:00
[2023-01-31T10:43:38.753+0000] {processor.py:175} INFO - Processing /home/airflow/.local/lib/python3.7/site-packages/airflow/example_dags/example_latest_only.py took 0.173 seconds
[2023-01-31T10:44:09.123+0000] {processor.py:153} INFO - Started process (PID=4641) to work on /home/airflow/.local/lib/python3.7/site-packages/airflow/example_dags/example_latest_only.py
[2023-01-31T10:44:09.125+0000] {processor.py:743} INFO - Processing file /home/airflow/.local/lib/python3.7/site-packages/airflow/example_dags/example_latest_only.py for tasks to queue
[2023-01-31T10:44:09.126+0000] {logging_mixin.py:137} INFO - [2023-01-31T10:44:09.126+0000] {dagbag.py:538} INFO - Filling up the DagBag from /home/airflow/.local/lib/python3.7/site-packages/airflow/example_dags/example_latest_only.py
[2023-01-31T10:44:09.141+0000] {processor.py:753} INFO - DAG(s) dict_keys(['latest_only']) retrieved from /home/airflow/.local/lib/python3.7/site-packages/airflow/example_dags/example_latest_only.py
[2023-01-31T10:44:09.191+0000] {logging_mixin.py:137} INFO - [2023-01-31T10:44:09.191+0000] {dag.py:2690} INFO - Sync 1 DAGs
[2023-01-31T10:44:09.215+0000] {logging_mixin.py:137} INFO - [2023-01-31T10:44:09.215+0000] {dag.py:3441} INFO - Setting next_dagrun for latest_only to 2023-01-31T06:44:09.215532+00:00, run_after=2023-01-31T10:44:09.215532+00:00
[2023-01-31T10:44:09.241+0000] {processor.py:175} INFO - Processing /home/airflow/.local/lib/python3.7/site-packages/airflow/example_dags/example_latest_only.py took 0.130 seconds
