[2023-01-31T10:15:29.506+0000] {processor.py:153} INFO - Started process (PID=69) to work on /home/airflow/.local/lib/python3.7/site-packages/airflow/example_dags/example_branch_operator.py
[2023-01-31T10:15:29.515+0000] {processor.py:743} INFO - Processing file /home/airflow/.local/lib/python3.7/site-packages/airflow/example_dags/example_branch_operator.py for tasks to queue
[2023-01-31T10:15:29.529+0000] {logging_mixin.py:137} INFO - [2023-01-31T10:15:29.529+0000] {dagbag.py:538} INFO - Filling up the DagBag from /home/airflow/.local/lib/python3.7/site-packages/airflow/example_dags/example_branch_operator.py
[2023-01-31T10:15:29.607+0000] {processor.py:753} INFO - DAG(s) dict_keys(['example_branch_operator']) retrieved from /home/airflow/.local/lib/python3.7/site-packages/airflow/example_dags/example_branch_operator.py
[2023-01-31T10:15:29.758+0000] {logging_mixin.py:137} INFO - [2023-01-31T10:15:29.758+0000] {dag.py:2690} INFO - Sync 1 DAGs
[2023-01-31T10:15:29.816+0000] {logging_mixin.py:137} INFO - [2023-01-31T10:15:29.816+0000] {dag.py:3441} INFO - Setting next_dagrun for example_branch_operator to 2023-01-30T00:00:00+00:00, run_after=2023-01-31T00:00:00+00:00
[2023-01-31T10:15:29.867+0000] {processor.py:175} INFO - Processing /home/airflow/.local/lib/python3.7/site-packages/airflow/example_dags/example_branch_operator.py took 0.367 seconds
[2023-01-31T10:15:59.949+0000] {processor.py:153} INFO - Started process (PID=152) to work on /home/airflow/.local/lib/python3.7/site-packages/airflow/example_dags/example_branch_operator.py
[2023-01-31T10:15:59.951+0000] {processor.py:743} INFO - Processing file /home/airflow/.local/lib/python3.7/site-packages/airflow/example_dags/example_branch_operator.py for tasks to queue
[2023-01-31T10:15:59.953+0000] {logging_mixin.py:137} INFO - [2023-01-31T10:15:59.953+0000] {dagbag.py:538} INFO - Filling up the DagBag from /home/airflow/.local/lib/python3.7/site-packages/airflow/example_dags/example_branch_operator.py
[2023-01-31T10:15:59.970+0000] {processor.py:753} INFO - DAG(s) dict_keys(['example_branch_operator']) retrieved from /home/airflow/.local/lib/python3.7/site-packages/airflow/example_dags/example_branch_operator.py
[2023-01-31T10:16:00.004+0000] {logging_mixin.py:137} INFO - [2023-01-31T10:16:00.004+0000] {dag.py:2690} INFO - Sync 1 DAGs
[2023-01-31T10:16:00.044+0000] {logging_mixin.py:137} INFO - [2023-01-31T10:16:00.044+0000] {dag.py:3441} INFO - Setting next_dagrun for example_branch_operator to 2023-01-30T00:00:00+00:00, run_after=2023-01-31T00:00:00+00:00
[2023-01-31T10:16:00.060+0000] {processor.py:175} INFO - Processing /home/airflow/.local/lib/python3.7/site-packages/airflow/example_dags/example_branch_operator.py took 0.114 seconds
[2023-01-31T10:16:30.110+0000] {processor.py:153} INFO - Started process (PID=231) to work on /home/airflow/.local/lib/python3.7/site-packages/airflow/example_dags/example_branch_operator.py
[2023-01-31T10:16:30.112+0000] {processor.py:743} INFO - Processing file /home/airflow/.local/lib/python3.7/site-packages/airflow/example_dags/example_branch_operator.py for tasks to queue
[2023-01-31T10:16:30.113+0000] {logging_mixin.py:137} INFO - [2023-01-31T10:16:30.113+0000] {dagbag.py:538} INFO - Filling up the DagBag from /home/airflow/.local/lib/python3.7/site-packages/airflow/example_dags/example_branch_operator.py
[2023-01-31T10:16:30.128+0000] {processor.py:753} INFO - DAG(s) dict_keys(['example_branch_operator']) retrieved from /home/airflow/.local/lib/python3.7/site-packages/airflow/example_dags/example_branch_operator.py
[2023-01-31T10:16:30.150+0000] {logging_mixin.py:137} INFO - [2023-01-31T10:16:30.150+0000] {dag.py:2690} INFO - Sync 1 DAGs
[2023-01-31T10:16:30.168+0000] {logging_mixin.py:137} INFO - [2023-01-31T10:16:30.168+0000] {dag.py:3441} INFO - Setting next_dagrun for example_branch_operator to 2023-01-30T00:00:00+00:00, run_after=2023-01-31T00:00:00+00:00
[2023-01-31T10:16:30.182+0000] {processor.py:175} INFO - Processing /home/airflow/.local/lib/python3.7/site-packages/airflow/example_dags/example_branch_operator.py took 0.075 seconds
[2023-01-31T10:17:00.765+0000] {processor.py:153} INFO - Started process (PID=310) to work on /home/airflow/.local/lib/python3.7/site-packages/airflow/example_dags/example_branch_operator.py
[2023-01-31T10:17:00.767+0000] {processor.py:743} INFO - Processing file /home/airflow/.local/lib/python3.7/site-packages/airflow/example_dags/example_branch_operator.py for tasks to queue
[2023-01-31T10:17:00.770+0000] {logging_mixin.py:137} INFO - [2023-01-31T10:17:00.770+0000] {dagbag.py:538} INFO - Filling up the DagBag from /home/airflow/.local/lib/python3.7/site-packages/airflow/example_dags/example_branch_operator.py
[2023-01-31T10:17:00.785+0000] {processor.py:753} INFO - DAG(s) dict_keys(['example_branch_operator']) retrieved from /home/airflow/.local/lib/python3.7/site-packages/airflow/example_dags/example_branch_operator.py
[2023-01-31T10:17:00.809+0000] {logging_mixin.py:137} INFO - [2023-01-31T10:17:00.808+0000] {dag.py:2690} INFO - Sync 1 DAGs
[2023-01-31T10:17:00.827+0000] {logging_mixin.py:137} INFO - [2023-01-31T10:17:00.827+0000] {dag.py:3441} INFO - Setting next_dagrun for example_branch_operator to 2023-01-30T00:00:00+00:00, run_after=2023-01-31T00:00:00+00:00
[2023-01-31T10:17:00.841+0000] {processor.py:175} INFO - Processing /home/airflow/.local/lib/python3.7/site-packages/airflow/example_dags/example_branch_operator.py took 0.080 seconds
[2023-01-31T10:17:32.178+0000] {processor.py:153} INFO - Started process (PID=397) to work on /home/airflow/.local/lib/python3.7/site-packages/airflow/example_dags/example_branch_operator.py
[2023-01-31T10:17:32.187+0000] {processor.py:743} INFO - Processing file /home/airflow/.local/lib/python3.7/site-packages/airflow/example_dags/example_branch_operator.py for tasks to queue
[2023-01-31T10:17:32.193+0000] {logging_mixin.py:137} INFO - [2023-01-31T10:17:32.193+0000] {dagbag.py:538} INFO - Filling up the DagBag from /home/airflow/.local/lib/python3.7/site-packages/airflow/example_dags/example_branch_operator.py
[2023-01-31T10:17:32.211+0000] {processor.py:753} INFO - DAG(s) dict_keys(['example_branch_operator']) retrieved from /home/airflow/.local/lib/python3.7/site-packages/airflow/example_dags/example_branch_operator.py
[2023-01-31T10:17:32.288+0000] {logging_mixin.py:137} INFO - [2023-01-31T10:17:32.287+0000] {dag.py:2690} INFO - Sync 1 DAGs
[2023-01-31T10:17:32.336+0000] {logging_mixin.py:137} INFO - [2023-01-31T10:17:32.335+0000] {dag.py:3441} INFO - Setting next_dagrun for example_branch_operator to 2023-01-30T00:00:00+00:00, run_after=2023-01-31T00:00:00+00:00
[2023-01-31T10:17:32.368+0000] {processor.py:175} INFO - Processing /home/airflow/.local/lib/python3.7/site-packages/airflow/example_dags/example_branch_operator.py took 0.196 seconds
[2023-01-31T10:18:03.341+0000] {processor.py:153} INFO - Started process (PID=483) to work on /home/airflow/.local/lib/python3.7/site-packages/airflow/example_dags/example_branch_operator.py
[2023-01-31T10:18:03.343+0000] {processor.py:743} INFO - Processing file /home/airflow/.local/lib/python3.7/site-packages/airflow/example_dags/example_branch_operator.py for tasks to queue
[2023-01-31T10:18:03.344+0000] {logging_mixin.py:137} INFO - [2023-01-31T10:18:03.344+0000] {dagbag.py:538} INFO - Filling up the DagBag from /home/airflow/.local/lib/python3.7/site-packages/airflow/example_dags/example_branch_operator.py
[2023-01-31T10:18:03.362+0000] {processor.py:753} INFO - DAG(s) dict_keys(['example_branch_operator']) retrieved from /home/airflow/.local/lib/python3.7/site-packages/airflow/example_dags/example_branch_operator.py
[2023-01-31T10:18:03.388+0000] {logging_mixin.py:137} INFO - [2023-01-31T10:18:03.388+0000] {dag.py:2690} INFO - Sync 1 DAGs
[2023-01-31T10:18:03.407+0000] {logging_mixin.py:137} INFO - [2023-01-31T10:18:03.407+0000] {dag.py:3441} INFO - Setting next_dagrun for example_branch_operator to 2023-01-30T00:00:00+00:00, run_after=2023-01-31T00:00:00+00:00
[2023-01-31T10:18:03.421+0000] {processor.py:175} INFO - Processing /home/airflow/.local/lib/python3.7/site-packages/airflow/example_dags/example_branch_operator.py took 0.084 seconds
[2023-01-31T10:18:40.400+0000] {processor.py:153} INFO - Started process (PID=562) to work on /home/airflow/.local/lib/python3.7/site-packages/airflow/example_dags/example_branch_operator.py
[2023-01-31T10:18:40.434+0000] {processor.py:743} INFO - Processing file /home/airflow/.local/lib/python3.7/site-packages/airflow/example_dags/example_branch_operator.py for tasks to queue
[2023-01-31T10:18:40.490+0000] {logging_mixin.py:137} INFO - [2023-01-31T10:18:40.488+0000] {dagbag.py:538} INFO - Filling up the DagBag from /home/airflow/.local/lib/python3.7/site-packages/airflow/example_dags/example_branch_operator.py
[2023-01-31T10:18:40.669+0000] {processor.py:753} INFO - DAG(s) dict_keys(['example_branch_operator']) retrieved from /home/airflow/.local/lib/python3.7/site-packages/airflow/example_dags/example_branch_operator.py
[2023-01-31T10:18:40.905+0000] {logging_mixin.py:137} INFO - [2023-01-31T10:18:40.905+0000] {dag.py:2690} INFO - Sync 1 DAGs
[2023-01-31T10:18:41.066+0000] {logging_mixin.py:137} INFO - [2023-01-31T10:18:41.065+0000] {dag.py:3441} INFO - Setting next_dagrun for example_branch_operator to 2023-01-30T00:00:00+00:00, run_after=2023-01-31T00:00:00+00:00
[2023-01-31T10:18:41.351+0000] {processor.py:175} INFO - Processing /home/airflow/.local/lib/python3.7/site-packages/airflow/example_dags/example_branch_operator.py took 0.958 seconds
[2023-01-31T10:19:11.701+0000] {processor.py:153} INFO - Started process (PID=645) to work on /home/airflow/.local/lib/python3.7/site-packages/airflow/example_dags/example_branch_operator.py
[2023-01-31T10:19:11.705+0000] {processor.py:743} INFO - Processing file /home/airflow/.local/lib/python3.7/site-packages/airflow/example_dags/example_branch_operator.py for tasks to queue
[2023-01-31T10:19:11.706+0000] {logging_mixin.py:137} INFO - [2023-01-31T10:19:11.706+0000] {dagbag.py:538} INFO - Filling up the DagBag from /home/airflow/.local/lib/python3.7/site-packages/airflow/example_dags/example_branch_operator.py
[2023-01-31T10:19:11.726+0000] {processor.py:753} INFO - DAG(s) dict_keys(['example_branch_operator']) retrieved from /home/airflow/.local/lib/python3.7/site-packages/airflow/example_dags/example_branch_operator.py
[2023-01-31T10:19:11.798+0000] {logging_mixin.py:137} INFO - [2023-01-31T10:19:11.797+0000] {dag.py:2690} INFO - Sync 1 DAGs
[2023-01-31T10:19:11.861+0000] {logging_mixin.py:137} INFO - [2023-01-31T10:19:11.860+0000] {dag.py:3441} INFO - Setting next_dagrun for example_branch_operator to 2023-01-30T00:00:00+00:00, run_after=2023-01-31T00:00:00+00:00
[2023-01-31T10:19:11.998+0000] {processor.py:175} INFO - Processing /home/airflow/.local/lib/python3.7/site-packages/airflow/example_dags/example_branch_operator.py took 0.302 seconds
[2023-01-31T10:19:42.788+0000] {processor.py:153} INFO - Started process (PID=722) to work on /home/airflow/.local/lib/python3.7/site-packages/airflow/example_dags/example_branch_operator.py
[2023-01-31T10:19:42.790+0000] {processor.py:743} INFO - Processing file /home/airflow/.local/lib/python3.7/site-packages/airflow/example_dags/example_branch_operator.py for tasks to queue
[2023-01-31T10:19:42.791+0000] {logging_mixin.py:137} INFO - [2023-01-31T10:19:42.791+0000] {dagbag.py:538} INFO - Filling up the DagBag from /home/airflow/.local/lib/python3.7/site-packages/airflow/example_dags/example_branch_operator.py
[2023-01-31T10:19:42.808+0000] {processor.py:753} INFO - DAG(s) dict_keys(['example_branch_operator']) retrieved from /home/airflow/.local/lib/python3.7/site-packages/airflow/example_dags/example_branch_operator.py
[2023-01-31T10:19:42.869+0000] {logging_mixin.py:137} INFO - [2023-01-31T10:19:42.869+0000] {dag.py:2690} INFO - Sync 1 DAGs
[2023-01-31T10:19:42.903+0000] {logging_mixin.py:137} INFO - [2023-01-31T10:19:42.903+0000] {dag.py:3441} INFO - Setting next_dagrun for example_branch_operator to 2023-01-30T00:00:00+00:00, run_after=2023-01-31T00:00:00+00:00
[2023-01-31T10:19:42.946+0000] {processor.py:175} INFO - Processing /home/airflow/.local/lib/python3.7/site-packages/airflow/example_dags/example_branch_operator.py took 0.162 seconds
[2023-01-31T10:20:14.123+0000] {processor.py:153} INFO - Started process (PID=815) to work on /home/airflow/.local/lib/python3.7/site-packages/airflow/example_dags/example_branch_operator.py
[2023-01-31T10:20:14.125+0000] {processor.py:743} INFO - Processing file /home/airflow/.local/lib/python3.7/site-packages/airflow/example_dags/example_branch_operator.py for tasks to queue
[2023-01-31T10:20:14.127+0000] {logging_mixin.py:137} INFO - [2023-01-31T10:20:14.127+0000] {dagbag.py:538} INFO - Filling up the DagBag from /home/airflow/.local/lib/python3.7/site-packages/airflow/example_dags/example_branch_operator.py
[2023-01-31T10:20:14.146+0000] {processor.py:753} INFO - DAG(s) dict_keys(['example_branch_operator']) retrieved from /home/airflow/.local/lib/python3.7/site-packages/airflow/example_dags/example_branch_operator.py
[2023-01-31T10:20:14.191+0000] {logging_mixin.py:137} INFO - [2023-01-31T10:20:14.191+0000] {dag.py:2690} INFO - Sync 1 DAGs
[2023-01-31T10:20:14.253+0000] {logging_mixin.py:137} INFO - [2023-01-31T10:20:14.253+0000] {dag.py:3441} INFO - Setting next_dagrun for example_branch_operator to 2023-01-30T00:00:00+00:00, run_after=2023-01-31T00:00:00+00:00
[2023-01-31T10:20:14.282+0000] {processor.py:175} INFO - Processing /home/airflow/.local/lib/python3.7/site-packages/airflow/example_dags/example_branch_operator.py took 0.163 seconds
[2023-01-31T10:20:44.626+0000] {processor.py:153} INFO - Started process (PID=901) to work on /home/airflow/.local/lib/python3.7/site-packages/airflow/example_dags/example_branch_operator.py
[2023-01-31T10:20:44.628+0000] {processor.py:743} INFO - Processing file /home/airflow/.local/lib/python3.7/site-packages/airflow/example_dags/example_branch_operator.py for tasks to queue
[2023-01-31T10:20:44.630+0000] {logging_mixin.py:137} INFO - [2023-01-31T10:20:44.630+0000] {dagbag.py:538} INFO - Filling up the DagBag from /home/airflow/.local/lib/python3.7/site-packages/airflow/example_dags/example_branch_operator.py
[2023-01-31T10:20:44.647+0000] {processor.py:753} INFO - DAG(s) dict_keys(['example_branch_operator']) retrieved from /home/airflow/.local/lib/python3.7/site-packages/airflow/example_dags/example_branch_operator.py
[2023-01-31T10:20:44.677+0000] {logging_mixin.py:137} INFO - [2023-01-31T10:20:44.677+0000] {dag.py:2690} INFO - Sync 1 DAGs
[2023-01-31T10:20:44.700+0000] {logging_mixin.py:137} INFO - [2023-01-31T10:20:44.700+0000] {dag.py:3441} INFO - Setting next_dagrun for example_branch_operator to 2023-01-30T00:00:00+00:00, run_after=2023-01-31T00:00:00+00:00
[2023-01-31T10:20:44.714+0000] {processor.py:175} INFO - Processing /home/airflow/.local/lib/python3.7/site-packages/airflow/example_dags/example_branch_operator.py took 0.094 seconds
[2023-01-31T10:21:15.783+0000] {processor.py:153} INFO - Started process (PID=980) to work on /home/airflow/.local/lib/python3.7/site-packages/airflow/example_dags/example_branch_operator.py
[2023-01-31T10:21:15.788+0000] {processor.py:743} INFO - Processing file /home/airflow/.local/lib/python3.7/site-packages/airflow/example_dags/example_branch_operator.py for tasks to queue
[2023-01-31T10:21:15.796+0000] {logging_mixin.py:137} INFO - [2023-01-31T10:21:15.796+0000] {dagbag.py:538} INFO - Filling up the DagBag from /home/airflow/.local/lib/python3.7/site-packages/airflow/example_dags/example_branch_operator.py
[2023-01-31T10:21:15.837+0000] {processor.py:753} INFO - DAG(s) dict_keys(['example_branch_operator']) retrieved from /home/airflow/.local/lib/python3.7/site-packages/airflow/example_dags/example_branch_operator.py
[2023-01-31T10:21:15.898+0000] {logging_mixin.py:137} INFO - [2023-01-31T10:21:15.898+0000] {dag.py:2690} INFO - Sync 1 DAGs
[2023-01-31T10:21:15.929+0000] {logging_mixin.py:137} INFO - [2023-01-31T10:21:15.929+0000] {dag.py:3441} INFO - Setting next_dagrun for example_branch_operator to 2023-01-30T00:00:00+00:00, run_after=2023-01-31T00:00:00+00:00
[2023-01-31T10:21:15.956+0000] {processor.py:175} INFO - Processing /home/airflow/.local/lib/python3.7/site-packages/airflow/example_dags/example_branch_operator.py took 0.183 seconds
[2023-01-31T10:21:46.230+0000] {processor.py:153} INFO - Started process (PID=1058) to work on /home/airflow/.local/lib/python3.7/site-packages/airflow/example_dags/example_branch_operator.py
[2023-01-31T10:21:46.232+0000] {processor.py:743} INFO - Processing file /home/airflow/.local/lib/python3.7/site-packages/airflow/example_dags/example_branch_operator.py for tasks to queue
[2023-01-31T10:21:46.239+0000] {logging_mixin.py:137} INFO - [2023-01-31T10:21:46.239+0000] {dagbag.py:538} INFO - Filling up the DagBag from /home/airflow/.local/lib/python3.7/site-packages/airflow/example_dags/example_branch_operator.py
[2023-01-31T10:21:46.261+0000] {processor.py:753} INFO - DAG(s) dict_keys(['example_branch_operator']) retrieved from /home/airflow/.local/lib/python3.7/site-packages/airflow/example_dags/example_branch_operator.py
[2023-01-31T10:21:46.296+0000] {logging_mixin.py:137} INFO - [2023-01-31T10:21:46.296+0000] {dag.py:2690} INFO - Sync 1 DAGs
[2023-01-31T10:21:46.315+0000] {logging_mixin.py:137} INFO - [2023-01-31T10:21:46.315+0000] {dag.py:3441} INFO - Setting next_dagrun for example_branch_operator to 2023-01-30T00:00:00+00:00, run_after=2023-01-31T00:00:00+00:00
[2023-01-31T10:21:46.329+0000] {processor.py:175} INFO - Processing /home/airflow/.local/lib/python3.7/site-packages/airflow/example_dags/example_branch_operator.py took 0.103 seconds
[2023-01-31T10:22:16.851+0000] {processor.py:153} INFO - Started process (PID=1137) to work on /home/airflow/.local/lib/python3.7/site-packages/airflow/example_dags/example_branch_operator.py
[2023-01-31T10:22:16.853+0000] {processor.py:743} INFO - Processing file /home/airflow/.local/lib/python3.7/site-packages/airflow/example_dags/example_branch_operator.py for tasks to queue
[2023-01-31T10:22:16.855+0000] {logging_mixin.py:137} INFO - [2023-01-31T10:22:16.855+0000] {dagbag.py:538} INFO - Filling up the DagBag from /home/airflow/.local/lib/python3.7/site-packages/airflow/example_dags/example_branch_operator.py
[2023-01-31T10:22:16.868+0000] {processor.py:753} INFO - DAG(s) dict_keys(['example_branch_operator']) retrieved from /home/airflow/.local/lib/python3.7/site-packages/airflow/example_dags/example_branch_operator.py
[2023-01-31T10:22:16.899+0000] {logging_mixin.py:137} INFO - [2023-01-31T10:22:16.899+0000] {dag.py:2690} INFO - Sync 1 DAGs
[2023-01-31T10:22:16.919+0000] {logging_mixin.py:137} INFO - [2023-01-31T10:22:16.918+0000] {dag.py:3441} INFO - Setting next_dagrun for example_branch_operator to 2023-01-30T00:00:00+00:00, run_after=2023-01-31T00:00:00+00:00
[2023-01-31T10:22:16.932+0000] {processor.py:175} INFO - Processing /home/airflow/.local/lib/python3.7/site-packages/airflow/example_dags/example_branch_operator.py took 0.084 seconds
[2023-01-31T10:22:48.986+0000] {processor.py:153} INFO - Started process (PID=1224) to work on /home/airflow/.local/lib/python3.7/site-packages/airflow/example_dags/example_branch_operator.py
[2023-01-31T10:22:48.988+0000] {processor.py:743} INFO - Processing file /home/airflow/.local/lib/python3.7/site-packages/airflow/example_dags/example_branch_operator.py for tasks to queue
[2023-01-31T10:22:48.989+0000] {logging_mixin.py:137} INFO - [2023-01-31T10:22:48.989+0000] {dagbag.py:538} INFO - Filling up the DagBag from /home/airflow/.local/lib/python3.7/site-packages/airflow/example_dags/example_branch_operator.py
[2023-01-31T10:22:49.005+0000] {processor.py:753} INFO - DAG(s) dict_keys(['example_branch_operator']) retrieved from /home/airflow/.local/lib/python3.7/site-packages/airflow/example_dags/example_branch_operator.py
[2023-01-31T10:22:49.056+0000] {logging_mixin.py:137} INFO - [2023-01-31T10:22:49.056+0000] {dag.py:2690} INFO - Sync 1 DAGs
[2023-01-31T10:22:49.100+0000] {logging_mixin.py:137} INFO - [2023-01-31T10:22:49.100+0000] {dag.py:3441} INFO - Setting next_dagrun for example_branch_operator to 2023-01-30T00:00:00+00:00, run_after=2023-01-31T00:00:00+00:00
[2023-01-31T10:22:49.150+0000] {processor.py:175} INFO - Processing /home/airflow/.local/lib/python3.7/site-packages/airflow/example_dags/example_branch_operator.py took 0.168 seconds
[2023-01-31T10:23:19.855+0000] {processor.py:153} INFO - Started process (PID=1309) to work on /home/airflow/.local/lib/python3.7/site-packages/airflow/example_dags/example_branch_operator.py
[2023-01-31T10:23:19.864+0000] {processor.py:743} INFO - Processing file /home/airflow/.local/lib/python3.7/site-packages/airflow/example_dags/example_branch_operator.py for tasks to queue
[2023-01-31T10:23:19.869+0000] {logging_mixin.py:137} INFO - [2023-01-31T10:23:19.869+0000] {dagbag.py:538} INFO - Filling up the DagBag from /home/airflow/.local/lib/python3.7/site-packages/airflow/example_dags/example_branch_operator.py
[2023-01-31T10:23:19.919+0000] {processor.py:753} INFO - DAG(s) dict_keys(['example_branch_operator']) retrieved from /home/airflow/.local/lib/python3.7/site-packages/airflow/example_dags/example_branch_operator.py
[2023-01-31T10:23:19.985+0000] {logging_mixin.py:137} INFO - [2023-01-31T10:23:19.985+0000] {dag.py:2690} INFO - Sync 1 DAGs
[2023-01-31T10:23:20.037+0000] {logging_mixin.py:137} INFO - [2023-01-31T10:23:20.036+0000] {dag.py:3441} INFO - Setting next_dagrun for example_branch_operator to 2023-01-30T00:00:00+00:00, run_after=2023-01-31T00:00:00+00:00
[2023-01-31T10:23:20.083+0000] {processor.py:175} INFO - Processing /home/airflow/.local/lib/python3.7/site-packages/airflow/example_dags/example_branch_operator.py took 0.235 seconds
[2023-01-31T10:23:50.488+0000] {processor.py:153} INFO - Started process (PID=1388) to work on /home/airflow/.local/lib/python3.7/site-packages/airflow/example_dags/example_branch_operator.py
[2023-01-31T10:23:50.500+0000] {processor.py:743} INFO - Processing file /home/airflow/.local/lib/python3.7/site-packages/airflow/example_dags/example_branch_operator.py for tasks to queue
[2023-01-31T10:23:50.502+0000] {logging_mixin.py:137} INFO - [2023-01-31T10:23:50.502+0000] {dagbag.py:538} INFO - Filling up the DagBag from /home/airflow/.local/lib/python3.7/site-packages/airflow/example_dags/example_branch_operator.py
[2023-01-31T10:23:50.520+0000] {processor.py:753} INFO - DAG(s) dict_keys(['example_branch_operator']) retrieved from /home/airflow/.local/lib/python3.7/site-packages/airflow/example_dags/example_branch_operator.py
[2023-01-31T10:23:50.558+0000] {logging_mixin.py:137} INFO - [2023-01-31T10:23:50.558+0000] {dag.py:2690} INFO - Sync 1 DAGs
[2023-01-31T10:23:50.584+0000] {logging_mixin.py:137} INFO - [2023-01-31T10:23:50.584+0000] {dag.py:3441} INFO - Setting next_dagrun for example_branch_operator to 2023-01-30T00:00:00+00:00, run_after=2023-01-31T00:00:00+00:00
[2023-01-31T10:23:50.607+0000] {processor.py:175} INFO - Processing /home/airflow/.local/lib/python3.7/site-packages/airflow/example_dags/example_branch_operator.py took 0.138 seconds
[2023-01-31T10:24:21.397+0000] {processor.py:153} INFO - Started process (PID=1466) to work on /home/airflow/.local/lib/python3.7/site-packages/airflow/example_dags/example_branch_operator.py
[2023-01-31T10:24:21.402+0000] {processor.py:743} INFO - Processing file /home/airflow/.local/lib/python3.7/site-packages/airflow/example_dags/example_branch_operator.py for tasks to queue
[2023-01-31T10:24:21.412+0000] {logging_mixin.py:137} INFO - [2023-01-31T10:24:21.412+0000] {dagbag.py:538} INFO - Filling up the DagBag from /home/airflow/.local/lib/python3.7/site-packages/airflow/example_dags/example_branch_operator.py
[2023-01-31T10:24:21.485+0000] {processor.py:753} INFO - DAG(s) dict_keys(['example_branch_operator']) retrieved from /home/airflow/.local/lib/python3.7/site-packages/airflow/example_dags/example_branch_operator.py
[2023-01-31T10:24:21.556+0000] {logging_mixin.py:137} INFO - [2023-01-31T10:24:21.555+0000] {dag.py:2690} INFO - Sync 1 DAGs
[2023-01-31T10:24:21.652+0000] {logging_mixin.py:137} INFO - [2023-01-31T10:24:21.652+0000] {dag.py:3441} INFO - Setting next_dagrun for example_branch_operator to 2023-01-30T00:00:00+00:00, run_after=2023-01-31T00:00:00+00:00
[2023-01-31T10:24:21.719+0000] {processor.py:175} INFO - Processing /home/airflow/.local/lib/python3.7/site-packages/airflow/example_dags/example_branch_operator.py took 0.328 seconds
[2023-01-31T10:24:51.858+0000] {processor.py:153} INFO - Started process (PID=1548) to work on /home/airflow/.local/lib/python3.7/site-packages/airflow/example_dags/example_branch_operator.py
[2023-01-31T10:24:51.859+0000] {processor.py:743} INFO - Processing file /home/airflow/.local/lib/python3.7/site-packages/airflow/example_dags/example_branch_operator.py for tasks to queue
[2023-01-31T10:24:51.860+0000] {logging_mixin.py:137} INFO - [2023-01-31T10:24:51.860+0000] {dagbag.py:538} INFO - Filling up the DagBag from /home/airflow/.local/lib/python3.7/site-packages/airflow/example_dags/example_branch_operator.py
[2023-01-31T10:24:51.873+0000] {processor.py:753} INFO - DAG(s) dict_keys(['example_branch_operator']) retrieved from /home/airflow/.local/lib/python3.7/site-packages/airflow/example_dags/example_branch_operator.py
[2023-01-31T10:24:51.897+0000] {logging_mixin.py:137} INFO - [2023-01-31T10:24:51.897+0000] {dag.py:2690} INFO - Sync 1 DAGs
[2023-01-31T10:24:51.916+0000] {logging_mixin.py:137} INFO - [2023-01-31T10:24:51.916+0000] {dag.py:3441} INFO - Setting next_dagrun for example_branch_operator to 2023-01-30T00:00:00+00:00, run_after=2023-01-31T00:00:00+00:00
[2023-01-31T10:24:51.934+0000] {processor.py:175} INFO - Processing /home/airflow/.local/lib/python3.7/site-packages/airflow/example_dags/example_branch_operator.py took 0.079 seconds
[2023-01-31T10:25:22.469+0000] {processor.py:153} INFO - Started process (PID=1627) to work on /home/airflow/.local/lib/python3.7/site-packages/airflow/example_dags/example_branch_operator.py
[2023-01-31T10:25:22.475+0000] {processor.py:743} INFO - Processing file /home/airflow/.local/lib/python3.7/site-packages/airflow/example_dags/example_branch_operator.py for tasks to queue
[2023-01-31T10:25:22.478+0000] {logging_mixin.py:137} INFO - [2023-01-31T10:25:22.478+0000] {dagbag.py:538} INFO - Filling up the DagBag from /home/airflow/.local/lib/python3.7/site-packages/airflow/example_dags/example_branch_operator.py
[2023-01-31T10:25:22.581+0000] {processor.py:753} INFO - DAG(s) dict_keys(['example_branch_operator']) retrieved from /home/airflow/.local/lib/python3.7/site-packages/airflow/example_dags/example_branch_operator.py
[2023-01-31T10:25:22.783+0000] {logging_mixin.py:137} INFO - [2023-01-31T10:25:22.783+0000] {dag.py:2690} INFO - Sync 1 DAGs
[2023-01-31T10:25:22.864+0000] {logging_mixin.py:137} INFO - [2023-01-31T10:25:22.864+0000] {dag.py:3441} INFO - Setting next_dagrun for example_branch_operator to 2023-01-30T00:00:00+00:00, run_after=2023-01-31T00:00:00+00:00
[2023-01-31T10:25:22.954+0000] {processor.py:175} INFO - Processing /home/airflow/.local/lib/python3.7/site-packages/airflow/example_dags/example_branch_operator.py took 0.493 seconds
[2023-01-31T10:25:53.403+0000] {processor.py:153} INFO - Started process (PID=1707) to work on /home/airflow/.local/lib/python3.7/site-packages/airflow/example_dags/example_branch_operator.py
[2023-01-31T10:25:53.414+0000] {processor.py:743} INFO - Processing file /home/airflow/.local/lib/python3.7/site-packages/airflow/example_dags/example_branch_operator.py for tasks to queue
[2023-01-31T10:25:53.416+0000] {logging_mixin.py:137} INFO - [2023-01-31T10:25:53.416+0000] {dagbag.py:538} INFO - Filling up the DagBag from /home/airflow/.local/lib/python3.7/site-packages/airflow/example_dags/example_branch_operator.py
[2023-01-31T10:25:53.451+0000] {processor.py:753} INFO - DAG(s) dict_keys(['example_branch_operator']) retrieved from /home/airflow/.local/lib/python3.7/site-packages/airflow/example_dags/example_branch_operator.py
[2023-01-31T10:25:53.531+0000] {logging_mixin.py:137} INFO - [2023-01-31T10:25:53.531+0000] {dag.py:2690} INFO - Sync 1 DAGs
[2023-01-31T10:25:53.587+0000] {logging_mixin.py:137} INFO - [2023-01-31T10:25:53.586+0000] {dag.py:3441} INFO - Setting next_dagrun for example_branch_operator to 2023-01-30T00:00:00+00:00, run_after=2023-01-31T00:00:00+00:00
[2023-01-31T10:25:53.648+0000] {processor.py:175} INFO - Processing /home/airflow/.local/lib/python3.7/site-packages/airflow/example_dags/example_branch_operator.py took 0.250 seconds
[2023-01-31T10:26:23.990+0000] {processor.py:153} INFO - Started process (PID=1806) to work on /home/airflow/.local/lib/python3.7/site-packages/airflow/example_dags/example_branch_operator.py
[2023-01-31T10:26:23.995+0000] {processor.py:743} INFO - Processing file /home/airflow/.local/lib/python3.7/site-packages/airflow/example_dags/example_branch_operator.py for tasks to queue
[2023-01-31T10:26:23.998+0000] {logging_mixin.py:137} INFO - [2023-01-31T10:26:23.998+0000] {dagbag.py:538} INFO - Filling up the DagBag from /home/airflow/.local/lib/python3.7/site-packages/airflow/example_dags/example_branch_operator.py
[2023-01-31T10:26:24.031+0000] {processor.py:753} INFO - DAG(s) dict_keys(['example_branch_operator']) retrieved from /home/airflow/.local/lib/python3.7/site-packages/airflow/example_dags/example_branch_operator.py
[2023-01-31T10:26:24.066+0000] {logging_mixin.py:137} INFO - [2023-01-31T10:26:24.066+0000] {dag.py:2690} INFO - Sync 1 DAGs
[2023-01-31T10:26:24.099+0000] {logging_mixin.py:137} INFO - [2023-01-31T10:26:24.099+0000] {dag.py:3441} INFO - Setting next_dagrun for example_branch_operator to 2023-01-30T00:00:00+00:00, run_after=2023-01-31T00:00:00+00:00
[2023-01-31T10:26:24.128+0000] {processor.py:175} INFO - Processing /home/airflow/.local/lib/python3.7/site-packages/airflow/example_dags/example_branch_operator.py took 0.141 seconds
[2023-01-31T10:26:54.420+0000] {processor.py:153} INFO - Started process (PID=1885) to work on /home/airflow/.local/lib/python3.7/site-packages/airflow/example_dags/example_branch_operator.py
[2023-01-31T10:26:54.424+0000] {processor.py:743} INFO - Processing file /home/airflow/.local/lib/python3.7/site-packages/airflow/example_dags/example_branch_operator.py for tasks to queue
[2023-01-31T10:26:54.426+0000] {logging_mixin.py:137} INFO - [2023-01-31T10:26:54.426+0000] {dagbag.py:538} INFO - Filling up the DagBag from /home/airflow/.local/lib/python3.7/site-packages/airflow/example_dags/example_branch_operator.py
[2023-01-31T10:26:54.447+0000] {processor.py:753} INFO - DAG(s) dict_keys(['example_branch_operator']) retrieved from /home/airflow/.local/lib/python3.7/site-packages/airflow/example_dags/example_branch_operator.py
[2023-01-31T10:26:54.485+0000] {logging_mixin.py:137} INFO - [2023-01-31T10:26:54.485+0000] {dag.py:2690} INFO - Sync 1 DAGs
[2023-01-31T10:26:54.506+0000] {logging_mixin.py:137} INFO - [2023-01-31T10:26:54.506+0000] {dag.py:3441} INFO - Setting next_dagrun for example_branch_operator to 2023-01-30T00:00:00+00:00, run_after=2023-01-31T00:00:00+00:00
[2023-01-31T10:26:54.532+0000] {processor.py:175} INFO - Processing /home/airflow/.local/lib/python3.7/site-packages/airflow/example_dags/example_branch_operator.py took 0.116 seconds
[2023-01-31T10:27:24.973+0000] {processor.py:153} INFO - Started process (PID=1964) to work on /home/airflow/.local/lib/python3.7/site-packages/airflow/example_dags/example_branch_operator.py
[2023-01-31T10:27:24.975+0000] {processor.py:743} INFO - Processing file /home/airflow/.local/lib/python3.7/site-packages/airflow/example_dags/example_branch_operator.py for tasks to queue
[2023-01-31T10:27:24.976+0000] {logging_mixin.py:137} INFO - [2023-01-31T10:27:24.976+0000] {dagbag.py:538} INFO - Filling up the DagBag from /home/airflow/.local/lib/python3.7/site-packages/airflow/example_dags/example_branch_operator.py
[2023-01-31T10:27:24.996+0000] {processor.py:753} INFO - DAG(s) dict_keys(['example_branch_operator']) retrieved from /home/airflow/.local/lib/python3.7/site-packages/airflow/example_dags/example_branch_operator.py
[2023-01-31T10:27:25.036+0000] {logging_mixin.py:137} INFO - [2023-01-31T10:27:25.036+0000] {dag.py:2690} INFO - Sync 1 DAGs
[2023-01-31T10:27:25.054+0000] {logging_mixin.py:137} INFO - [2023-01-31T10:27:25.054+0000] {dag.py:3441} INFO - Setting next_dagrun for example_branch_operator to 2023-01-30T00:00:00+00:00, run_after=2023-01-31T00:00:00+00:00
[2023-01-31T10:27:25.066+0000] {processor.py:175} INFO - Processing /home/airflow/.local/lib/python3.7/site-packages/airflow/example_dags/example_branch_operator.py took 0.096 seconds
[2023-01-31T10:27:55.424+0000] {processor.py:153} INFO - Started process (PID=2060) to work on /home/airflow/.local/lib/python3.7/site-packages/airflow/example_dags/example_branch_operator.py
[2023-01-31T10:27:55.426+0000] {processor.py:743} INFO - Processing file /home/airflow/.local/lib/python3.7/site-packages/airflow/example_dags/example_branch_operator.py for tasks to queue
[2023-01-31T10:27:55.427+0000] {logging_mixin.py:137} INFO - [2023-01-31T10:27:55.427+0000] {dagbag.py:538} INFO - Filling up the DagBag from /home/airflow/.local/lib/python3.7/site-packages/airflow/example_dags/example_branch_operator.py
[2023-01-31T10:27:55.441+0000] {processor.py:753} INFO - DAG(s) dict_keys(['example_branch_operator']) retrieved from /home/airflow/.local/lib/python3.7/site-packages/airflow/example_dags/example_branch_operator.py
[2023-01-31T10:27:55.497+0000] {logging_mixin.py:137} INFO - [2023-01-31T10:27:55.497+0000] {dag.py:2690} INFO - Sync 1 DAGs
[2023-01-31T10:27:55.527+0000] {logging_mixin.py:137} INFO - [2023-01-31T10:27:55.527+0000] {dag.py:3441} INFO - Setting next_dagrun for example_branch_operator to 2023-01-30T00:00:00+00:00, run_after=2023-01-31T00:00:00+00:00
[2023-01-31T10:27:55.568+0000] {processor.py:175} INFO - Processing /home/airflow/.local/lib/python3.7/site-packages/airflow/example_dags/example_branch_operator.py took 0.148 seconds
[2023-01-31T10:28:25.746+0000] {processor.py:153} INFO - Started process (PID=2139) to work on /home/airflow/.local/lib/python3.7/site-packages/airflow/example_dags/example_branch_operator.py
[2023-01-31T10:28:25.748+0000] {processor.py:743} INFO - Processing file /home/airflow/.local/lib/python3.7/site-packages/airflow/example_dags/example_branch_operator.py for tasks to queue
[2023-01-31T10:28:25.749+0000] {logging_mixin.py:137} INFO - [2023-01-31T10:28:25.749+0000] {dagbag.py:538} INFO - Filling up the DagBag from /home/airflow/.local/lib/python3.7/site-packages/airflow/example_dags/example_branch_operator.py
[2023-01-31T10:28:25.761+0000] {processor.py:753} INFO - DAG(s) dict_keys(['example_branch_operator']) retrieved from /home/airflow/.local/lib/python3.7/site-packages/airflow/example_dags/example_branch_operator.py
[2023-01-31T10:28:25.803+0000] {logging_mixin.py:137} INFO - [2023-01-31T10:28:25.803+0000] {dag.py:2690} INFO - Sync 1 DAGs
[2023-01-31T10:28:25.819+0000] {logging_mixin.py:137} INFO - [2023-01-31T10:28:25.819+0000] {dag.py:3441} INFO - Setting next_dagrun for example_branch_operator to 2023-01-30T00:00:00+00:00, run_after=2023-01-31T00:00:00+00:00
[2023-01-31T10:28:25.831+0000] {processor.py:175} INFO - Processing /home/airflow/.local/lib/python3.7/site-packages/airflow/example_dags/example_branch_operator.py took 0.088 seconds
[2023-01-31T10:28:56.674+0000] {processor.py:153} INFO - Started process (PID=2218) to work on /home/airflow/.local/lib/python3.7/site-packages/airflow/example_dags/example_branch_operator.py
[2023-01-31T10:28:56.679+0000] {processor.py:743} INFO - Processing file /home/airflow/.local/lib/python3.7/site-packages/airflow/example_dags/example_branch_operator.py for tasks to queue
[2023-01-31T10:28:56.684+0000] {logging_mixin.py:137} INFO - [2023-01-31T10:28:56.684+0000] {dagbag.py:538} INFO - Filling up the DagBag from /home/airflow/.local/lib/python3.7/site-packages/airflow/example_dags/example_branch_operator.py
[2023-01-31T10:28:56.705+0000] {processor.py:753} INFO - DAG(s) dict_keys(['example_branch_operator']) retrieved from /home/airflow/.local/lib/python3.7/site-packages/airflow/example_dags/example_branch_operator.py
[2023-01-31T10:28:56.733+0000] {logging_mixin.py:137} INFO - [2023-01-31T10:28:56.733+0000] {dag.py:2690} INFO - Sync 1 DAGs
[2023-01-31T10:28:56.758+0000] {logging_mixin.py:137} INFO - [2023-01-31T10:28:56.758+0000] {dag.py:3441} INFO - Setting next_dagrun for example_branch_operator to 2023-01-30T00:00:00+00:00, run_after=2023-01-31T00:00:00+00:00
[2023-01-31T10:28:56.779+0000] {processor.py:175} INFO - Processing /home/airflow/.local/lib/python3.7/site-packages/airflow/example_dags/example_branch_operator.py took 0.110 seconds
[2023-01-31T10:29:29.467+0000] {processor.py:153} INFO - Started process (PID=2305) to work on /home/airflow/.local/lib/python3.7/site-packages/airflow/example_dags/example_branch_operator.py
[2023-01-31T10:29:29.475+0000] {processor.py:743} INFO - Processing file /home/airflow/.local/lib/python3.7/site-packages/airflow/example_dags/example_branch_operator.py for tasks to queue
[2023-01-31T10:29:29.619+0000] {logging_mixin.py:137} INFO - [2023-01-31T10:29:29.567+0000] {dagbag.py:538} INFO - Filling up the DagBag from /home/airflow/.local/lib/python3.7/site-packages/airflow/example_dags/example_branch_operator.py
[2023-01-31T10:29:29.680+0000] {processor.py:753} INFO - DAG(s) dict_keys(['example_branch_operator']) retrieved from /home/airflow/.local/lib/python3.7/site-packages/airflow/example_dags/example_branch_operator.py
[2023-01-31T10:29:29.814+0000] {logging_mixin.py:137} INFO - [2023-01-31T10:29:29.814+0000] {dag.py:2690} INFO - Sync 1 DAGs
[2023-01-31T10:29:29.936+0000] {logging_mixin.py:137} INFO - [2023-01-31T10:29:29.936+0000] {dag.py:3441} INFO - Setting next_dagrun for example_branch_operator to 2023-01-30T00:00:00+00:00, run_after=2023-01-31T00:00:00+00:00
[2023-01-31T10:29:30.233+0000] {processor.py:175} INFO - Processing /home/airflow/.local/lib/python3.7/site-packages/airflow/example_dags/example_branch_operator.py took 0.868 seconds
[2023-01-31T10:30:01.829+0000] {processor.py:153} INFO - Started process (PID=2384) to work on /home/airflow/.local/lib/python3.7/site-packages/airflow/example_dags/example_branch_operator.py
[2023-01-31T10:30:01.844+0000] {processor.py:743} INFO - Processing file /home/airflow/.local/lib/python3.7/site-packages/airflow/example_dags/example_branch_operator.py for tasks to queue
[2023-01-31T10:30:01.876+0000] {logging_mixin.py:137} INFO - [2023-01-31T10:30:01.874+0000] {dagbag.py:538} INFO - Filling up the DagBag from /home/airflow/.local/lib/python3.7/site-packages/airflow/example_dags/example_branch_operator.py
[2023-01-31T10:30:01.991+0000] {processor.py:753} INFO - DAG(s) dict_keys(['example_branch_operator']) retrieved from /home/airflow/.local/lib/python3.7/site-packages/airflow/example_dags/example_branch_operator.py
[2023-01-31T10:30:02.278+0000] {logging_mixin.py:137} INFO - [2023-01-31T10:30:02.278+0000] {dag.py:2690} INFO - Sync 1 DAGs
[2023-01-31T10:30:02.374+0000] {logging_mixin.py:137} INFO - [2023-01-31T10:30:02.374+0000] {dag.py:3441} INFO - Setting next_dagrun for example_branch_operator to 2023-01-30T00:00:00+00:00, run_after=2023-01-31T00:00:00+00:00
[2023-01-31T10:30:02.410+0000] {processor.py:175} INFO - Processing /home/airflow/.local/lib/python3.7/site-packages/airflow/example_dags/example_branch_operator.py took 0.592 seconds
[2023-01-31T10:30:32.639+0000] {processor.py:153} INFO - Started process (PID=2470) to work on /home/airflow/.local/lib/python3.7/site-packages/airflow/example_dags/example_branch_operator.py
[2023-01-31T10:30:32.655+0000] {processor.py:743} INFO - Processing file /home/airflow/.local/lib/python3.7/site-packages/airflow/example_dags/example_branch_operator.py for tasks to queue
[2023-01-31T10:30:32.663+0000] {logging_mixin.py:137} INFO - [2023-01-31T10:30:32.663+0000] {dagbag.py:538} INFO - Filling up the DagBag from /home/airflow/.local/lib/python3.7/site-packages/airflow/example_dags/example_branch_operator.py
[2023-01-31T10:30:32.826+0000] {processor.py:753} INFO - DAG(s) dict_keys(['example_branch_operator']) retrieved from /home/airflow/.local/lib/python3.7/site-packages/airflow/example_dags/example_branch_operator.py
[2023-01-31T10:30:32.915+0000] {logging_mixin.py:137} INFO - [2023-01-31T10:30:32.915+0000] {dag.py:2690} INFO - Sync 1 DAGs
[2023-01-31T10:30:32.956+0000] {logging_mixin.py:137} INFO - [2023-01-31T10:30:32.956+0000] {dag.py:3441} INFO - Setting next_dagrun for example_branch_operator to 2023-01-30T00:00:00+00:00, run_after=2023-01-31T00:00:00+00:00
[2023-01-31T10:30:32.987+0000] {processor.py:175} INFO - Processing /home/airflow/.local/lib/python3.7/site-packages/airflow/example_dags/example_branch_operator.py took 0.372 seconds
[2023-01-31T10:31:03.381+0000] {processor.py:153} INFO - Started process (PID=2548) to work on /home/airflow/.local/lib/python3.7/site-packages/airflow/example_dags/example_branch_operator.py
[2023-01-31T10:31:03.383+0000] {processor.py:743} INFO - Processing file /home/airflow/.local/lib/python3.7/site-packages/airflow/example_dags/example_branch_operator.py for tasks to queue
[2023-01-31T10:31:03.384+0000] {logging_mixin.py:137} INFO - [2023-01-31T10:31:03.384+0000] {dagbag.py:538} INFO - Filling up the DagBag from /home/airflow/.local/lib/python3.7/site-packages/airflow/example_dags/example_branch_operator.py
[2023-01-31T10:31:03.400+0000] {processor.py:753} INFO - DAG(s) dict_keys(['example_branch_operator']) retrieved from /home/airflow/.local/lib/python3.7/site-packages/airflow/example_dags/example_branch_operator.py
[2023-01-31T10:31:03.422+0000] {logging_mixin.py:137} INFO - [2023-01-31T10:31:03.422+0000] {dag.py:2690} INFO - Sync 1 DAGs
[2023-01-31T10:31:03.440+0000] {logging_mixin.py:137} INFO - [2023-01-31T10:31:03.440+0000] {dag.py:3441} INFO - Setting next_dagrun for example_branch_operator to 2023-01-30T00:00:00+00:00, run_after=2023-01-31T00:00:00+00:00
[2023-01-31T10:31:03.469+0000] {processor.py:175} INFO - Processing /home/airflow/.local/lib/python3.7/site-packages/airflow/example_dags/example_branch_operator.py took 0.094 seconds
[2023-01-31T10:31:34.253+0000] {processor.py:153} INFO - Started process (PID=2626) to work on /home/airflow/.local/lib/python3.7/site-packages/airflow/example_dags/example_branch_operator.py
[2023-01-31T10:31:34.257+0000] {processor.py:743} INFO - Processing file /home/airflow/.local/lib/python3.7/site-packages/airflow/example_dags/example_branch_operator.py for tasks to queue
[2023-01-31T10:31:34.258+0000] {logging_mixin.py:137} INFO - [2023-01-31T10:31:34.258+0000] {dagbag.py:538} INFO - Filling up the DagBag from /home/airflow/.local/lib/python3.7/site-packages/airflow/example_dags/example_branch_operator.py
[2023-01-31T10:31:34.280+0000] {processor.py:753} INFO - DAG(s) dict_keys(['example_branch_operator']) retrieved from /home/airflow/.local/lib/python3.7/site-packages/airflow/example_dags/example_branch_operator.py
[2023-01-31T10:31:34.407+0000] {logging_mixin.py:137} INFO - [2023-01-31T10:31:34.406+0000] {dag.py:2690} INFO - Sync 1 DAGs
[2023-01-31T10:31:34.523+0000] {logging_mixin.py:137} INFO - [2023-01-31T10:31:34.523+0000] {dag.py:3441} INFO - Setting next_dagrun for example_branch_operator to 2023-01-30T00:00:00+00:00, run_after=2023-01-31T00:00:00+00:00
[2023-01-31T10:31:34.581+0000] {processor.py:175} INFO - Processing /home/airflow/.local/lib/python3.7/site-packages/airflow/example_dags/example_branch_operator.py took 0.331 seconds
[2023-01-31T10:32:05.770+0000] {processor.py:153} INFO - Started process (PID=2720) to work on /home/airflow/.local/lib/python3.7/site-packages/airflow/example_dags/example_branch_operator.py
[2023-01-31T10:32:05.778+0000] {processor.py:743} INFO - Processing file /home/airflow/.local/lib/python3.7/site-packages/airflow/example_dags/example_branch_operator.py for tasks to queue
[2023-01-31T10:32:05.795+0000] {logging_mixin.py:137} INFO - [2023-01-31T10:32:05.795+0000] {dagbag.py:538} INFO - Filling up the DagBag from /home/airflow/.local/lib/python3.7/site-packages/airflow/example_dags/example_branch_operator.py
[2023-01-31T10:32:05.891+0000] {processor.py:753} INFO - DAG(s) dict_keys(['example_branch_operator']) retrieved from /home/airflow/.local/lib/python3.7/site-packages/airflow/example_dags/example_branch_operator.py
[2023-01-31T10:32:05.968+0000] {logging_mixin.py:137} INFO - [2023-01-31T10:32:05.968+0000] {dag.py:2690} INFO - Sync 1 DAGs
[2023-01-31T10:32:06.007+0000] {logging_mixin.py:137} INFO - [2023-01-31T10:32:06.007+0000] {dag.py:3441} INFO - Setting next_dagrun for example_branch_operator to 2023-01-30T00:00:00+00:00, run_after=2023-01-31T00:00:00+00:00
[2023-01-31T10:32:06.024+0000] {processor.py:175} INFO - Processing /home/airflow/.local/lib/python3.7/site-packages/airflow/example_dags/example_branch_operator.py took 0.260 seconds
[2023-01-31T10:32:36.794+0000] {processor.py:153} INFO - Started process (PID=2799) to work on /home/airflow/.local/lib/python3.7/site-packages/airflow/example_dags/example_branch_operator.py
[2023-01-31T10:32:36.797+0000] {processor.py:743} INFO - Processing file /home/airflow/.local/lib/python3.7/site-packages/airflow/example_dags/example_branch_operator.py for tasks to queue
[2023-01-31T10:32:36.798+0000] {logging_mixin.py:137} INFO - [2023-01-31T10:32:36.798+0000] {dagbag.py:538} INFO - Filling up the DagBag from /home/airflow/.local/lib/python3.7/site-packages/airflow/example_dags/example_branch_operator.py
[2023-01-31T10:32:36.815+0000] {processor.py:753} INFO - DAG(s) dict_keys(['example_branch_operator']) retrieved from /home/airflow/.local/lib/python3.7/site-packages/airflow/example_dags/example_branch_operator.py
[2023-01-31T10:32:36.861+0000] {logging_mixin.py:137} INFO - [2023-01-31T10:32:36.861+0000] {dag.py:2690} INFO - Sync 1 DAGs
[2023-01-31T10:32:36.886+0000] {logging_mixin.py:137} INFO - [2023-01-31T10:32:36.885+0000] {dag.py:3441} INFO - Setting next_dagrun for example_branch_operator to 2023-01-30T00:00:00+00:00, run_after=2023-01-31T00:00:00+00:00
[2023-01-31T10:32:36.903+0000] {processor.py:175} INFO - Processing /home/airflow/.local/lib/python3.7/site-packages/airflow/example_dags/example_branch_operator.py took 0.113 seconds
[2023-01-31T10:33:07.524+0000] {processor.py:153} INFO - Started process (PID=2894) to work on /home/airflow/.local/lib/python3.7/site-packages/airflow/example_dags/example_branch_operator.py
[2023-01-31T10:33:07.537+0000] {processor.py:743} INFO - Processing file /home/airflow/.local/lib/python3.7/site-packages/airflow/example_dags/example_branch_operator.py for tasks to queue
[2023-01-31T10:33:07.543+0000] {logging_mixin.py:137} INFO - [2023-01-31T10:33:07.543+0000] {dagbag.py:538} INFO - Filling up the DagBag from /home/airflow/.local/lib/python3.7/site-packages/airflow/example_dags/example_branch_operator.py
[2023-01-31T10:33:07.565+0000] {processor.py:753} INFO - DAG(s) dict_keys(['example_branch_operator']) retrieved from /home/airflow/.local/lib/python3.7/site-packages/airflow/example_dags/example_branch_operator.py
[2023-01-31T10:33:07.650+0000] {logging_mixin.py:137} INFO - [2023-01-31T10:33:07.650+0000] {dag.py:2690} INFO - Sync 1 DAGs
[2023-01-31T10:33:07.688+0000] {logging_mixin.py:137} INFO - [2023-01-31T10:33:07.687+0000] {dag.py:3441} INFO - Setting next_dagrun for example_branch_operator to 2023-01-30T00:00:00+00:00, run_after=2023-01-31T00:00:00+00:00
[2023-01-31T10:33:07.704+0000] {processor.py:175} INFO - Processing /home/airflow/.local/lib/python3.7/site-packages/airflow/example_dags/example_branch_operator.py took 0.189 seconds
[2023-01-31T10:33:38.502+0000] {processor.py:153} INFO - Started process (PID=2973) to work on /home/airflow/.local/lib/python3.7/site-packages/airflow/example_dags/example_branch_operator.py
[2023-01-31T10:33:38.505+0000] {processor.py:743} INFO - Processing file /home/airflow/.local/lib/python3.7/site-packages/airflow/example_dags/example_branch_operator.py for tasks to queue
[2023-01-31T10:33:38.507+0000] {logging_mixin.py:137} INFO - [2023-01-31T10:33:38.507+0000] {dagbag.py:538} INFO - Filling up the DagBag from /home/airflow/.local/lib/python3.7/site-packages/airflow/example_dags/example_branch_operator.py
[2023-01-31T10:33:38.549+0000] {processor.py:753} INFO - DAG(s) dict_keys(['example_branch_operator']) retrieved from /home/airflow/.local/lib/python3.7/site-packages/airflow/example_dags/example_branch_operator.py
[2023-01-31T10:33:38.647+0000] {logging_mixin.py:137} INFO - [2023-01-31T10:33:38.646+0000] {dag.py:2690} INFO - Sync 1 DAGs
[2023-01-31T10:33:38.700+0000] {logging_mixin.py:137} INFO - [2023-01-31T10:33:38.699+0000] {dag.py:3441} INFO - Setting next_dagrun for example_branch_operator to 2023-01-30T00:00:00+00:00, run_after=2023-01-31T00:00:00+00:00
[2023-01-31T10:33:38.754+0000] {processor.py:175} INFO - Processing /home/airflow/.local/lib/python3.7/site-packages/airflow/example_dags/example_branch_operator.py took 0.259 seconds
[2023-01-31T10:34:09.040+0000] {processor.py:153} INFO - Started process (PID=3052) to work on /home/airflow/.local/lib/python3.7/site-packages/airflow/example_dags/example_branch_operator.py
[2023-01-31T10:34:09.049+0000] {processor.py:743} INFO - Processing file /home/airflow/.local/lib/python3.7/site-packages/airflow/example_dags/example_branch_operator.py for tasks to queue
[2023-01-31T10:34:09.052+0000] {logging_mixin.py:137} INFO - [2023-01-31T10:34:09.051+0000] {dagbag.py:538} INFO - Filling up the DagBag from /home/airflow/.local/lib/python3.7/site-packages/airflow/example_dags/example_branch_operator.py
[2023-01-31T10:34:09.069+0000] {processor.py:753} INFO - DAG(s) dict_keys(['example_branch_operator']) retrieved from /home/airflow/.local/lib/python3.7/site-packages/airflow/example_dags/example_branch_operator.py
[2023-01-31T10:34:09.108+0000] {logging_mixin.py:137} INFO - [2023-01-31T10:34:09.108+0000] {dag.py:2690} INFO - Sync 1 DAGs
[2023-01-31T10:34:09.129+0000] {logging_mixin.py:137} INFO - [2023-01-31T10:34:09.129+0000] {dag.py:3441} INFO - Setting next_dagrun for example_branch_operator to 2023-01-30T00:00:00+00:00, run_after=2023-01-31T00:00:00+00:00
[2023-01-31T10:34:09.168+0000] {processor.py:175} INFO - Processing /home/airflow/.local/lib/python3.7/site-packages/airflow/example_dags/example_branch_operator.py took 0.132 seconds
[2023-01-31T10:34:39.869+0000] {processor.py:153} INFO - Started process (PID=3147) to work on /home/airflow/.local/lib/python3.7/site-packages/airflow/example_dags/example_branch_operator.py
[2023-01-31T10:34:39.871+0000] {processor.py:743} INFO - Processing file /home/airflow/.local/lib/python3.7/site-packages/airflow/example_dags/example_branch_operator.py for tasks to queue
[2023-01-31T10:34:39.873+0000] {logging_mixin.py:137} INFO - [2023-01-31T10:34:39.873+0000] {dagbag.py:538} INFO - Filling up the DagBag from /home/airflow/.local/lib/python3.7/site-packages/airflow/example_dags/example_branch_operator.py
[2023-01-31T10:34:39.898+0000] {processor.py:753} INFO - DAG(s) dict_keys(['example_branch_operator']) retrieved from /home/airflow/.local/lib/python3.7/site-packages/airflow/example_dags/example_branch_operator.py
[2023-01-31T10:34:39.970+0000] {logging_mixin.py:137} INFO - [2023-01-31T10:34:39.970+0000] {dag.py:2690} INFO - Sync 1 DAGs
[2023-01-31T10:34:39.997+0000] {logging_mixin.py:137} INFO - [2023-01-31T10:34:39.997+0000] {dag.py:3441} INFO - Setting next_dagrun for example_branch_operator to 2023-01-30T00:00:00+00:00, run_after=2023-01-31T00:00:00+00:00
[2023-01-31T10:34:40.045+0000] {processor.py:175} INFO - Processing /home/airflow/.local/lib/python3.7/site-packages/airflow/example_dags/example_branch_operator.py took 0.183 seconds
[2023-01-31T10:35:10.976+0000] {processor.py:153} INFO - Started process (PID=3227) to work on /home/airflow/.local/lib/python3.7/site-packages/airflow/example_dags/example_branch_operator.py
[2023-01-31T10:35:10.989+0000] {processor.py:743} INFO - Processing file /home/airflow/.local/lib/python3.7/site-packages/airflow/example_dags/example_branch_operator.py for tasks to queue
[2023-01-31T10:35:10.992+0000] {logging_mixin.py:137} INFO - [2023-01-31T10:35:10.992+0000] {dagbag.py:538} INFO - Filling up the DagBag from /home/airflow/.local/lib/python3.7/site-packages/airflow/example_dags/example_branch_operator.py
[2023-01-31T10:35:11.018+0000] {processor.py:753} INFO - DAG(s) dict_keys(['example_branch_operator']) retrieved from /home/airflow/.local/lib/python3.7/site-packages/airflow/example_dags/example_branch_operator.py
[2023-01-31T10:35:11.119+0000] {logging_mixin.py:137} INFO - [2023-01-31T10:35:11.119+0000] {dag.py:2690} INFO - Sync 1 DAGs
[2023-01-31T10:35:11.186+0000] {logging_mixin.py:137} INFO - [2023-01-31T10:35:11.186+0000] {dag.py:3441} INFO - Setting next_dagrun for example_branch_operator to 2023-01-30T00:00:00+00:00, run_after=2023-01-31T00:00:00+00:00
[2023-01-31T10:35:11.326+0000] {processor.py:175} INFO - Processing /home/airflow/.local/lib/python3.7/site-packages/airflow/example_dags/example_branch_operator.py took 0.363 seconds
[2023-01-31T10:35:41.980+0000] {processor.py:153} INFO - Started process (PID=3310) to work on /home/airflow/.local/lib/python3.7/site-packages/airflow/example_dags/example_branch_operator.py
[2023-01-31T10:35:41.982+0000] {processor.py:743} INFO - Processing file /home/airflow/.local/lib/python3.7/site-packages/airflow/example_dags/example_branch_operator.py for tasks to queue
[2023-01-31T10:35:41.984+0000] {logging_mixin.py:137} INFO - [2023-01-31T10:35:41.984+0000] {dagbag.py:538} INFO - Filling up the DagBag from /home/airflow/.local/lib/python3.7/site-packages/airflow/example_dags/example_branch_operator.py
[2023-01-31T10:35:42.006+0000] {processor.py:753} INFO - DAG(s) dict_keys(['example_branch_operator']) retrieved from /home/airflow/.local/lib/python3.7/site-packages/airflow/example_dags/example_branch_operator.py
[2023-01-31T10:35:42.036+0000] {logging_mixin.py:137} INFO - [2023-01-31T10:35:42.036+0000] {dag.py:2690} INFO - Sync 1 DAGs
[2023-01-31T10:35:42.055+0000] {logging_mixin.py:137} INFO - [2023-01-31T10:35:42.054+0000] {dag.py:3441} INFO - Setting next_dagrun for example_branch_operator to 2023-01-30T00:00:00+00:00, run_after=2023-01-31T00:00:00+00:00
[2023-01-31T10:35:42.067+0000] {processor.py:175} INFO - Processing /home/airflow/.local/lib/python3.7/site-packages/airflow/example_dags/example_branch_operator.py took 0.092 seconds
[2023-01-31T10:36:12.833+0000] {processor.py:153} INFO - Started process (PID=3389) to work on /home/airflow/.local/lib/python3.7/site-packages/airflow/example_dags/example_branch_operator.py
[2023-01-31T10:36:12.842+0000] {processor.py:743} INFO - Processing file /home/airflow/.local/lib/python3.7/site-packages/airflow/example_dags/example_branch_operator.py for tasks to queue
[2023-01-31T10:36:12.850+0000] {logging_mixin.py:137} INFO - [2023-01-31T10:36:12.850+0000] {dagbag.py:538} INFO - Filling up the DagBag from /home/airflow/.local/lib/python3.7/site-packages/airflow/example_dags/example_branch_operator.py
[2023-01-31T10:36:12.888+0000] {processor.py:753} INFO - DAG(s) dict_keys(['example_branch_operator']) retrieved from /home/airflow/.local/lib/python3.7/site-packages/airflow/example_dags/example_branch_operator.py
[2023-01-31T10:36:12.925+0000] {logging_mixin.py:137} INFO - [2023-01-31T10:36:12.924+0000] {dag.py:2690} INFO - Sync 1 DAGs
[2023-01-31T10:36:12.958+0000] {logging_mixin.py:137} INFO - [2023-01-31T10:36:12.958+0000] {dag.py:3441} INFO - Setting next_dagrun for example_branch_operator to 2023-01-30T00:00:00+00:00, run_after=2023-01-31T00:00:00+00:00
[2023-01-31T10:36:12.983+0000] {processor.py:175} INFO - Processing /home/airflow/.local/lib/python3.7/site-packages/airflow/example_dags/example_branch_operator.py took 0.153 seconds
[2023-01-31T10:36:43.340+0000] {processor.py:153} INFO - Started process (PID=3472) to work on /home/airflow/.local/lib/python3.7/site-packages/airflow/example_dags/example_branch_operator.py
[2023-01-31T10:36:43.341+0000] {processor.py:743} INFO - Processing file /home/airflow/.local/lib/python3.7/site-packages/airflow/example_dags/example_branch_operator.py for tasks to queue
[2023-01-31T10:36:43.342+0000] {logging_mixin.py:137} INFO - [2023-01-31T10:36:43.342+0000] {dagbag.py:538} INFO - Filling up the DagBag from /home/airflow/.local/lib/python3.7/site-packages/airflow/example_dags/example_branch_operator.py
[2023-01-31T10:36:43.355+0000] {processor.py:753} INFO - DAG(s) dict_keys(['example_branch_operator']) retrieved from /home/airflow/.local/lib/python3.7/site-packages/airflow/example_dags/example_branch_operator.py
[2023-01-31T10:36:43.393+0000] {logging_mixin.py:137} INFO - [2023-01-31T10:36:43.393+0000] {dag.py:2690} INFO - Sync 1 DAGs
[2023-01-31T10:36:43.413+0000] {logging_mixin.py:137} INFO - [2023-01-31T10:36:43.413+0000] {dag.py:3441} INFO - Setting next_dagrun for example_branch_operator to 2023-01-30T00:00:00+00:00, run_after=2023-01-31T00:00:00+00:00
[2023-01-31T10:36:43.439+0000] {processor.py:175} INFO - Processing /home/airflow/.local/lib/python3.7/site-packages/airflow/example_dags/example_branch_operator.py took 0.103 seconds
[2023-01-31T10:37:15.833+0000] {processor.py:153} INFO - Started process (PID=3551) to work on /home/airflow/.local/lib/python3.7/site-packages/airflow/example_dags/example_branch_operator.py
[2023-01-31T10:37:15.838+0000] {processor.py:743} INFO - Processing file /home/airflow/.local/lib/python3.7/site-packages/airflow/example_dags/example_branch_operator.py for tasks to queue
[2023-01-31T10:37:15.839+0000] {logging_mixin.py:137} INFO - [2023-01-31T10:37:15.839+0000] {dagbag.py:538} INFO - Filling up the DagBag from /home/airflow/.local/lib/python3.7/site-packages/airflow/example_dags/example_branch_operator.py
[2023-01-31T10:37:15.911+0000] {processor.py:753} INFO - DAG(s) dict_keys(['example_branch_operator']) retrieved from /home/airflow/.local/lib/python3.7/site-packages/airflow/example_dags/example_branch_operator.py
[2023-01-31T10:37:16.037+0000] {logging_mixin.py:137} INFO - [2023-01-31T10:37:16.029+0000] {dag.py:2690} INFO - Sync 1 DAGs
[2023-01-31T10:37:16.095+0000] {logging_mixin.py:137} INFO - [2023-01-31T10:37:16.095+0000] {dag.py:3441} INFO - Setting next_dagrun for example_branch_operator to 2023-01-30T00:00:00+00:00, run_after=2023-01-31T00:00:00+00:00
[2023-01-31T10:37:16.149+0000] {processor.py:175} INFO - Processing /home/airflow/.local/lib/python3.7/site-packages/airflow/example_dags/example_branch_operator.py took 0.320 seconds
[2023-01-31T10:37:46.630+0000] {processor.py:153} INFO - Started process (PID=3630) to work on /home/airflow/.local/lib/python3.7/site-packages/airflow/example_dags/example_branch_operator.py
[2023-01-31T10:37:46.632+0000] {processor.py:743} INFO - Processing file /home/airflow/.local/lib/python3.7/site-packages/airflow/example_dags/example_branch_operator.py for tasks to queue
[2023-01-31T10:37:46.634+0000] {logging_mixin.py:137} INFO - [2023-01-31T10:37:46.633+0000] {dagbag.py:538} INFO - Filling up the DagBag from /home/airflow/.local/lib/python3.7/site-packages/airflow/example_dags/example_branch_operator.py
[2023-01-31T10:37:46.650+0000] {processor.py:753} INFO - DAG(s) dict_keys(['example_branch_operator']) retrieved from /home/airflow/.local/lib/python3.7/site-packages/airflow/example_dags/example_branch_operator.py
[2023-01-31T10:37:46.687+0000] {logging_mixin.py:137} INFO - [2023-01-31T10:37:46.687+0000] {dag.py:2690} INFO - Sync 1 DAGs
[2023-01-31T10:37:46.704+0000] {logging_mixin.py:137} INFO - [2023-01-31T10:37:46.704+0000] {dag.py:3441} INFO - Setting next_dagrun for example_branch_operator to 2023-01-30T00:00:00+00:00, run_after=2023-01-31T00:00:00+00:00
[2023-01-31T10:37:46.717+0000] {processor.py:175} INFO - Processing /home/airflow/.local/lib/python3.7/site-packages/airflow/example_dags/example_branch_operator.py took 0.090 seconds
[2023-01-31T10:38:20.340+0000] {processor.py:153} INFO - Started process (PID=3726) to work on /home/airflow/.local/lib/python3.7/site-packages/airflow/example_dags/example_branch_operator.py
[2023-01-31T10:38:20.352+0000] {processor.py:743} INFO - Processing file /home/airflow/.local/lib/python3.7/site-packages/airflow/example_dags/example_branch_operator.py for tasks to queue
[2023-01-31T10:38:20.356+0000] {logging_mixin.py:137} INFO - [2023-01-31T10:38:20.356+0000] {dagbag.py:538} INFO - Filling up the DagBag from /home/airflow/.local/lib/python3.7/site-packages/airflow/example_dags/example_branch_operator.py
[2023-01-31T10:38:20.379+0000] {processor.py:753} INFO - DAG(s) dict_keys(['example_branch_operator']) retrieved from /home/airflow/.local/lib/python3.7/site-packages/airflow/example_dags/example_branch_operator.py
[2023-01-31T10:38:20.436+0000] {logging_mixin.py:137} INFO - [2023-01-31T10:38:20.435+0000] {dag.py:2690} INFO - Sync 1 DAGs
[2023-01-31T10:38:20.480+0000] {logging_mixin.py:137} INFO - [2023-01-31T10:38:20.479+0000] {dag.py:3441} INFO - Setting next_dagrun for example_branch_operator to 2023-01-30T00:00:00+00:00, run_after=2023-01-31T00:00:00+00:00
[2023-01-31T10:38:20.517+0000] {processor.py:175} INFO - Processing /home/airflow/.local/lib/python3.7/site-packages/airflow/example_dags/example_branch_operator.py took 0.181 seconds
[2023-01-31T10:38:51.252+0000] {processor.py:153} INFO - Started process (PID=3809) to work on /home/airflow/.local/lib/python3.7/site-packages/airflow/example_dags/example_branch_operator.py
[2023-01-31T10:38:51.254+0000] {processor.py:743} INFO - Processing file /home/airflow/.local/lib/python3.7/site-packages/airflow/example_dags/example_branch_operator.py for tasks to queue
[2023-01-31T10:38:51.255+0000] {logging_mixin.py:137} INFO - [2023-01-31T10:38:51.255+0000] {dagbag.py:538} INFO - Filling up the DagBag from /home/airflow/.local/lib/python3.7/site-packages/airflow/example_dags/example_branch_operator.py
[2023-01-31T10:38:51.290+0000] {processor.py:753} INFO - DAG(s) dict_keys(['example_branch_operator']) retrieved from /home/airflow/.local/lib/python3.7/site-packages/airflow/example_dags/example_branch_operator.py
[2023-01-31T10:38:51.327+0000] {logging_mixin.py:137} INFO - [2023-01-31T10:38:51.327+0000] {dag.py:2690} INFO - Sync 1 DAGs
[2023-01-31T10:38:51.364+0000] {logging_mixin.py:137} INFO - [2023-01-31T10:38:51.364+0000] {dag.py:3441} INFO - Setting next_dagrun for example_branch_operator to 2023-01-30T00:00:00+00:00, run_after=2023-01-31T00:00:00+00:00
[2023-01-31T10:38:51.388+0000] {processor.py:175} INFO - Processing /home/airflow/.local/lib/python3.7/site-packages/airflow/example_dags/example_branch_operator.py took 0.139 seconds
[2023-01-31T10:39:21.670+0000] {processor.py:153} INFO - Started process (PID=3887) to work on /home/airflow/.local/lib/python3.7/site-packages/airflow/example_dags/example_branch_operator.py
[2023-01-31T10:39:21.674+0000] {processor.py:743} INFO - Processing file /home/airflow/.local/lib/python3.7/site-packages/airflow/example_dags/example_branch_operator.py for tasks to queue
[2023-01-31T10:39:21.677+0000] {logging_mixin.py:137} INFO - [2023-01-31T10:39:21.676+0000] {dagbag.py:538} INFO - Filling up the DagBag from /home/airflow/.local/lib/python3.7/site-packages/airflow/example_dags/example_branch_operator.py
[2023-01-31T10:39:21.706+0000] {processor.py:753} INFO - DAG(s) dict_keys(['example_branch_operator']) retrieved from /home/airflow/.local/lib/python3.7/site-packages/airflow/example_dags/example_branch_operator.py
[2023-01-31T10:39:21.745+0000] {logging_mixin.py:137} INFO - [2023-01-31T10:39:21.745+0000] {dag.py:2690} INFO - Sync 1 DAGs
[2023-01-31T10:39:21.776+0000] {logging_mixin.py:137} INFO - [2023-01-31T10:39:21.776+0000] {dag.py:3441} INFO - Setting next_dagrun for example_branch_operator to 2023-01-30T00:00:00+00:00, run_after=2023-01-31T00:00:00+00:00
[2023-01-31T10:39:21.808+0000] {processor.py:175} INFO - Processing /home/airflow/.local/lib/python3.7/site-packages/airflow/example_dags/example_branch_operator.py took 0.142 seconds
[2023-01-31T10:39:52.358+0000] {processor.py:153} INFO - Started process (PID=3966) to work on /home/airflow/.local/lib/python3.7/site-packages/airflow/example_dags/example_branch_operator.py
[2023-01-31T10:39:52.360+0000] {processor.py:743} INFO - Processing file /home/airflow/.local/lib/python3.7/site-packages/airflow/example_dags/example_branch_operator.py for tasks to queue
[2023-01-31T10:39:52.361+0000] {logging_mixin.py:137} INFO - [2023-01-31T10:39:52.360+0000] {dagbag.py:538} INFO - Filling up the DagBag from /home/airflow/.local/lib/python3.7/site-packages/airflow/example_dags/example_branch_operator.py
[2023-01-31T10:39:52.374+0000] {processor.py:753} INFO - DAG(s) dict_keys(['example_branch_operator']) retrieved from /home/airflow/.local/lib/python3.7/site-packages/airflow/example_dags/example_branch_operator.py
[2023-01-31T10:39:52.399+0000] {logging_mixin.py:137} INFO - [2023-01-31T10:39:52.399+0000] {dag.py:2690} INFO - Sync 1 DAGs
[2023-01-31T10:39:52.432+0000] {logging_mixin.py:137} INFO - [2023-01-31T10:39:52.432+0000] {dag.py:3441} INFO - Setting next_dagrun for example_branch_operator to 2023-01-30T00:00:00+00:00, run_after=2023-01-31T00:00:00+00:00
[2023-01-31T10:39:52.466+0000] {processor.py:175} INFO - Processing /home/airflow/.local/lib/python3.7/site-packages/airflow/example_dags/example_branch_operator.py took 0.110 seconds
[2023-01-31T10:40:22.983+0000] {processor.py:153} INFO - Started process (PID=4045) to work on /home/airflow/.local/lib/python3.7/site-packages/airflow/example_dags/example_branch_operator.py
[2023-01-31T10:40:22.985+0000] {processor.py:743} INFO - Processing file /home/airflow/.local/lib/python3.7/site-packages/airflow/example_dags/example_branch_operator.py for tasks to queue
[2023-01-31T10:40:22.986+0000] {logging_mixin.py:137} INFO - [2023-01-31T10:40:22.986+0000] {dagbag.py:538} INFO - Filling up the DagBag from /home/airflow/.local/lib/python3.7/site-packages/airflow/example_dags/example_branch_operator.py
[2023-01-31T10:40:23.136+0000] {processor.py:753} INFO - DAG(s) dict_keys(['example_branch_operator']) retrieved from /home/airflow/.local/lib/python3.7/site-packages/airflow/example_dags/example_branch_operator.py
[2023-01-31T10:40:23.216+0000] {logging_mixin.py:137} INFO - [2023-01-31T10:40:23.216+0000] {dag.py:2690} INFO - Sync 1 DAGs
[2023-01-31T10:40:23.250+0000] {logging_mixin.py:137} INFO - [2023-01-31T10:40:23.250+0000] {dag.py:3441} INFO - Setting next_dagrun for example_branch_operator to 2023-01-30T00:00:00+00:00, run_after=2023-01-31T00:00:00+00:00
[2023-01-31T10:40:23.302+0000] {processor.py:175} INFO - Processing /home/airflow/.local/lib/python3.7/site-packages/airflow/example_dags/example_branch_operator.py took 0.322 seconds
[2023-01-31T10:40:54.190+0000] {processor.py:153} INFO - Started process (PID=4123) to work on /home/airflow/.local/lib/python3.7/site-packages/airflow/example_dags/example_branch_operator.py
[2023-01-31T10:40:54.192+0000] {processor.py:743} INFO - Processing file /home/airflow/.local/lib/python3.7/site-packages/airflow/example_dags/example_branch_operator.py for tasks to queue
[2023-01-31T10:40:54.194+0000] {logging_mixin.py:137} INFO - [2023-01-31T10:40:54.194+0000] {dagbag.py:538} INFO - Filling up the DagBag from /home/airflow/.local/lib/python3.7/site-packages/airflow/example_dags/example_branch_operator.py
[2023-01-31T10:40:54.211+0000] {processor.py:753} INFO - DAG(s) dict_keys(['example_branch_operator']) retrieved from /home/airflow/.local/lib/python3.7/site-packages/airflow/example_dags/example_branch_operator.py
[2023-01-31T10:40:54.250+0000] {logging_mixin.py:137} INFO - [2023-01-31T10:40:54.250+0000] {dag.py:2690} INFO - Sync 1 DAGs
[2023-01-31T10:40:54.290+0000] {logging_mixin.py:137} INFO - [2023-01-31T10:40:54.290+0000] {dag.py:3441} INFO - Setting next_dagrun for example_branch_operator to 2023-01-30T00:00:00+00:00, run_after=2023-01-31T00:00:00+00:00
[2023-01-31T10:40:54.392+0000] {processor.py:175} INFO - Processing /home/airflow/.local/lib/python3.7/site-packages/airflow/example_dags/example_branch_operator.py took 0.205 seconds
[2023-01-31T10:41:26.366+0000] {processor.py:153} INFO - Started process (PID=4202) to work on /home/airflow/.local/lib/python3.7/site-packages/airflow/example_dags/example_branch_operator.py
[2023-01-31T10:41:26.370+0000] {processor.py:743} INFO - Processing file /home/airflow/.local/lib/python3.7/site-packages/airflow/example_dags/example_branch_operator.py for tasks to queue
[2023-01-31T10:41:26.373+0000] {logging_mixin.py:137} INFO - [2023-01-31T10:41:26.373+0000] {dagbag.py:538} INFO - Filling up the DagBag from /home/airflow/.local/lib/python3.7/site-packages/airflow/example_dags/example_branch_operator.py
[2023-01-31T10:41:26.408+0000] {processor.py:753} INFO - DAG(s) dict_keys(['example_branch_operator']) retrieved from /home/airflow/.local/lib/python3.7/site-packages/airflow/example_dags/example_branch_operator.py
[2023-01-31T10:41:26.458+0000] {logging_mixin.py:137} INFO - [2023-01-31T10:41:26.458+0000] {dag.py:2690} INFO - Sync 1 DAGs
[2023-01-31T10:41:26.495+0000] {logging_mixin.py:137} INFO - [2023-01-31T10:41:26.495+0000] {dag.py:3441} INFO - Setting next_dagrun for example_branch_operator to 2023-01-30T00:00:00+00:00, run_after=2023-01-31T00:00:00+00:00
[2023-01-31T10:41:26.530+0000] {processor.py:175} INFO - Processing /home/airflow/.local/lib/python3.7/site-packages/airflow/example_dags/example_branch_operator.py took 0.171 seconds
[2023-01-31T10:41:59.769+0000] {processor.py:153} INFO - Started process (PID=4298) to work on /home/airflow/.local/lib/python3.7/site-packages/airflow/example_dags/example_branch_operator.py
[2023-01-31T10:41:59.784+0000] {processor.py:743} INFO - Processing file /home/airflow/.local/lib/python3.7/site-packages/airflow/example_dags/example_branch_operator.py for tasks to queue
[2023-01-31T10:41:59.803+0000] {logging_mixin.py:137} INFO - [2023-01-31T10:41:59.803+0000] {dagbag.py:538} INFO - Filling up the DagBag from /home/airflow/.local/lib/python3.7/site-packages/airflow/example_dags/example_branch_operator.py
[2023-01-31T10:41:59.847+0000] {processor.py:753} INFO - DAG(s) dict_keys(['example_branch_operator']) retrieved from /home/airflow/.local/lib/python3.7/site-packages/airflow/example_dags/example_branch_operator.py
[2023-01-31T10:41:59.914+0000] {logging_mixin.py:137} INFO - [2023-01-31T10:41:59.914+0000] {dag.py:2690} INFO - Sync 1 DAGs
[2023-01-31T10:41:59.961+0000] {logging_mixin.py:137} INFO - [2023-01-31T10:41:59.961+0000] {dag.py:3441} INFO - Setting next_dagrun for example_branch_operator to 2023-01-30T00:00:00+00:00, run_after=2023-01-31T00:00:00+00:00
[2023-01-31T10:42:00.090+0000] {processor.py:175} INFO - Processing /home/airflow/.local/lib/python3.7/site-packages/airflow/example_dags/example_branch_operator.py took 0.361 seconds
[2023-01-31T10:42:31.715+0000] {processor.py:153} INFO - Started process (PID=4378) to work on /home/airflow/.local/lib/python3.7/site-packages/airflow/example_dags/example_branch_operator.py
[2023-01-31T10:42:31.726+0000] {processor.py:743} INFO - Processing file /home/airflow/.local/lib/python3.7/site-packages/airflow/example_dags/example_branch_operator.py for tasks to queue
[2023-01-31T10:42:31.730+0000] {logging_mixin.py:137} INFO - [2023-01-31T10:42:31.730+0000] {dagbag.py:538} INFO - Filling up the DagBag from /home/airflow/.local/lib/python3.7/site-packages/airflow/example_dags/example_branch_operator.py
[2023-01-31T10:42:32.591+0000] {processor.py:753} INFO - DAG(s) dict_keys(['example_branch_operator']) retrieved from /home/airflow/.local/lib/python3.7/site-packages/airflow/example_dags/example_branch_operator.py
[2023-01-31T10:42:33.283+0000] {logging_mixin.py:137} INFO - [2023-01-31T10:42:33.281+0000] {dag.py:2690} INFO - Sync 1 DAGs
[2023-01-31T10:42:33.784+0000] {logging_mixin.py:137} INFO - [2023-01-31T10:42:33.778+0000] {dag.py:3441} INFO - Setting next_dagrun for example_branch_operator to 2023-01-30T00:00:00+00:00, run_after=2023-01-31T00:00:00+00:00
[2023-01-31T10:42:34.049+0000] {processor.py:175} INFO - Processing /home/airflow/.local/lib/python3.7/site-packages/airflow/example_dags/example_branch_operator.py took 2.372 seconds
[2023-01-31T10:43:04.681+0000] {processor.py:153} INFO - Started process (PID=4462) to work on /home/airflow/.local/lib/python3.7/site-packages/airflow/example_dags/example_branch_operator.py
[2023-01-31T10:43:04.709+0000] {processor.py:743} INFO - Processing file /home/airflow/.local/lib/python3.7/site-packages/airflow/example_dags/example_branch_operator.py for tasks to queue
[2023-01-31T10:43:04.719+0000] {logging_mixin.py:137} INFO - [2023-01-31T10:43:04.719+0000] {dagbag.py:538} INFO - Filling up the DagBag from /home/airflow/.local/lib/python3.7/site-packages/airflow/example_dags/example_branch_operator.py
[2023-01-31T10:43:04.759+0000] {processor.py:753} INFO - DAG(s) dict_keys(['example_branch_operator']) retrieved from /home/airflow/.local/lib/python3.7/site-packages/airflow/example_dags/example_branch_operator.py
[2023-01-31T10:43:04.866+0000] {logging_mixin.py:137} INFO - [2023-01-31T10:43:04.865+0000] {dag.py:2690} INFO - Sync 1 DAGs
[2023-01-31T10:43:04.941+0000] {logging_mixin.py:137} INFO - [2023-01-31T10:43:04.941+0000] {dag.py:3441} INFO - Setting next_dagrun for example_branch_operator to 2023-01-30T00:00:00+00:00, run_after=2023-01-31T00:00:00+00:00
[2023-01-31T10:43:04.966+0000] {processor.py:175} INFO - Processing /home/airflow/.local/lib/python3.7/site-packages/airflow/example_dags/example_branch_operator.py took 0.308 seconds
[2023-01-31T10:43:35.094+0000] {processor.py:153} INFO - Started process (PID=4540) to work on /home/airflow/.local/lib/python3.7/site-packages/airflow/example_dags/example_branch_operator.py
[2023-01-31T10:43:35.096+0000] {processor.py:743} INFO - Processing file /home/airflow/.local/lib/python3.7/site-packages/airflow/example_dags/example_branch_operator.py for tasks to queue
[2023-01-31T10:43:35.098+0000] {logging_mixin.py:137} INFO - [2023-01-31T10:43:35.098+0000] {dagbag.py:538} INFO - Filling up the DagBag from /home/airflow/.local/lib/python3.7/site-packages/airflow/example_dags/example_branch_operator.py
[2023-01-31T10:43:35.131+0000] {processor.py:753} INFO - DAG(s) dict_keys(['example_branch_operator']) retrieved from /home/airflow/.local/lib/python3.7/site-packages/airflow/example_dags/example_branch_operator.py
[2023-01-31T10:43:35.191+0000] {logging_mixin.py:137} INFO - [2023-01-31T10:43:35.191+0000] {dag.py:2690} INFO - Sync 1 DAGs
[2023-01-31T10:43:35.211+0000] {logging_mixin.py:137} INFO - [2023-01-31T10:43:35.211+0000] {dag.py:3441} INFO - Setting next_dagrun for example_branch_operator to 2023-01-30T00:00:00+00:00, run_after=2023-01-31T00:00:00+00:00
[2023-01-31T10:43:35.231+0000] {processor.py:175} INFO - Processing /home/airflow/.local/lib/python3.7/site-packages/airflow/example_dags/example_branch_operator.py took 0.144 seconds
[2023-01-31T10:44:05.596+0000] {processor.py:153} INFO - Started process (PID=4618) to work on /home/airflow/.local/lib/python3.7/site-packages/airflow/example_dags/example_branch_operator.py
[2023-01-31T10:44:05.598+0000] {processor.py:743} INFO - Processing file /home/airflow/.local/lib/python3.7/site-packages/airflow/example_dags/example_branch_operator.py for tasks to queue
[2023-01-31T10:44:05.600+0000] {logging_mixin.py:137} INFO - [2023-01-31T10:44:05.599+0000] {dagbag.py:538} INFO - Filling up the DagBag from /home/airflow/.local/lib/python3.7/site-packages/airflow/example_dags/example_branch_operator.py
[2023-01-31T10:44:05.625+0000] {processor.py:753} INFO - DAG(s) dict_keys(['example_branch_operator']) retrieved from /home/airflow/.local/lib/python3.7/site-packages/airflow/example_dags/example_branch_operator.py
[2023-01-31T10:44:05.664+0000] {logging_mixin.py:137} INFO - [2023-01-31T10:44:05.664+0000] {dag.py:2690} INFO - Sync 1 DAGs
[2023-01-31T10:44:05.690+0000] {logging_mixin.py:137} INFO - [2023-01-31T10:44:05.690+0000] {dag.py:3441} INFO - Setting next_dagrun for example_branch_operator to 2023-01-30T00:00:00+00:00, run_after=2023-01-31T00:00:00+00:00
[2023-01-31T10:44:05.712+0000] {processor.py:175} INFO - Processing /home/airflow/.local/lib/python3.7/site-packages/airflow/example_dags/example_branch_operator.py took 0.123 seconds
