[2023-01-31T10:15:36.343+0000] {processor.py:153} INFO - Started process (PID=96) to work on /home/airflow/.local/lib/python3.7/site-packages/airflow/example_dags/example_external_task_marker_dag.py
[2023-01-31T10:15:36.346+0000] {processor.py:743} INFO - Processing file /home/airflow/.local/lib/python3.7/site-packages/airflow/example_dags/example_external_task_marker_dag.py for tasks to queue
[2023-01-31T10:15:36.353+0000] {logging_mixin.py:137} INFO - [2023-01-31T10:15:36.353+0000] {dagbag.py:538} INFO - Filling up the DagBag from /home/airflow/.local/lib/python3.7/site-packages/airflow/example_dags/example_external_task_marker_dag.py
[2023-01-31T10:15:36.372+0000] {processor.py:753} INFO - DAG(s) dict_keys(['example_external_task_marker_child', 'example_external_task_marker_parent']) retrieved from /home/airflow/.local/lib/python3.7/site-packages/airflow/example_dags/example_external_task_marker_dag.py
[2023-01-31T10:15:36.460+0000] {logging_mixin.py:137} INFO - [2023-01-31T10:15:36.459+0000] {dag.py:2690} INFO - Sync 2 DAGs
[2023-01-31T10:15:36.495+0000] {logging_mixin.py:137} INFO - [2023-01-31T10:15:36.494+0000] {dag.py:3441} INFO - Setting next_dagrun for example_external_task_marker_child to None, run_after=None
[2023-01-31T10:15:36.513+0000] {logging_mixin.py:137} INFO - [2023-01-31T10:15:36.513+0000] {dag.py:3441} INFO - Setting next_dagrun for example_external_task_marker_parent to None, run_after=None
[2023-01-31T10:15:36.536+0000] {processor.py:175} INFO - Processing /home/airflow/.local/lib/python3.7/site-packages/airflow/example_dags/example_external_task_marker_dag.py took 0.201 seconds
[2023-01-31T10:16:07.493+0000] {processor.py:153} INFO - Started process (PID=188) to work on /home/airflow/.local/lib/python3.7/site-packages/airflow/example_dags/example_external_task_marker_dag.py
[2023-01-31T10:16:07.501+0000] {processor.py:743} INFO - Processing file /home/airflow/.local/lib/python3.7/site-packages/airflow/example_dags/example_external_task_marker_dag.py for tasks to queue
[2023-01-31T10:16:07.529+0000] {logging_mixin.py:137} INFO - [2023-01-31T10:16:07.529+0000] {dagbag.py:538} INFO - Filling up the DagBag from /home/airflow/.local/lib/python3.7/site-packages/airflow/example_dags/example_external_task_marker_dag.py
[2023-01-31T10:16:07.695+0000] {processor.py:753} INFO - DAG(s) dict_keys(['example_external_task_marker_parent', 'example_external_task_marker_child']) retrieved from /home/airflow/.local/lib/python3.7/site-packages/airflow/example_dags/example_external_task_marker_dag.py
[2023-01-31T10:16:07.832+0000] {logging_mixin.py:137} INFO - [2023-01-31T10:16:07.832+0000] {dag.py:2690} INFO - Sync 2 DAGs
[2023-01-31T10:16:07.953+0000] {logging_mixin.py:137} INFO - [2023-01-31T10:16:07.953+0000] {dag.py:3441} INFO - Setting next_dagrun for example_external_task_marker_child to None, run_after=None
[2023-01-31T10:16:07.967+0000] {logging_mixin.py:137} INFO - [2023-01-31T10:16:07.967+0000] {dag.py:3441} INFO - Setting next_dagrun for example_external_task_marker_parent to None, run_after=None
[2023-01-31T10:16:08.006+0000] {processor.py:175} INFO - Processing /home/airflow/.local/lib/python3.7/site-packages/airflow/example_dags/example_external_task_marker_dag.py took 0.518 seconds
[2023-01-31T10:16:38.844+0000] {processor.py:153} INFO - Started process (PID=274) to work on /home/airflow/.local/lib/python3.7/site-packages/airflow/example_dags/example_external_task_marker_dag.py
[2023-01-31T10:16:38.848+0000] {processor.py:743} INFO - Processing file /home/airflow/.local/lib/python3.7/site-packages/airflow/example_dags/example_external_task_marker_dag.py for tasks to queue
[2023-01-31T10:16:38.850+0000] {logging_mixin.py:137} INFO - [2023-01-31T10:16:38.850+0000] {dagbag.py:538} INFO - Filling up the DagBag from /home/airflow/.local/lib/python3.7/site-packages/airflow/example_dags/example_external_task_marker_dag.py
[2023-01-31T10:16:38.908+0000] {processor.py:753} INFO - DAG(s) dict_keys(['example_external_task_marker_parent', 'example_external_task_marker_child']) retrieved from /home/airflow/.local/lib/python3.7/site-packages/airflow/example_dags/example_external_task_marker_dag.py
[2023-01-31T10:16:39.016+0000] {logging_mixin.py:137} INFO - [2023-01-31T10:16:39.016+0000] {dag.py:2690} INFO - Sync 2 DAGs
[2023-01-31T10:16:39.106+0000] {logging_mixin.py:137} INFO - [2023-01-31T10:16:39.106+0000] {dag.py:3441} INFO - Setting next_dagrun for example_external_task_marker_child to None, run_after=None
[2023-01-31T10:16:39.111+0000] {logging_mixin.py:137} INFO - [2023-01-31T10:16:39.111+0000] {dag.py:3441} INFO - Setting next_dagrun for example_external_task_marker_parent to None, run_after=None
[2023-01-31T10:16:39.152+0000] {processor.py:175} INFO - Processing /home/airflow/.local/lib/python3.7/site-packages/airflow/example_dags/example_external_task_marker_dag.py took 0.322 seconds
[2023-01-31T10:17:09.935+0000] {processor.py:153} INFO - Started process (PID=353) to work on /home/airflow/.local/lib/python3.7/site-packages/airflow/example_dags/example_external_task_marker_dag.py
[2023-01-31T10:17:09.941+0000] {processor.py:743} INFO - Processing file /home/airflow/.local/lib/python3.7/site-packages/airflow/example_dags/example_external_task_marker_dag.py for tasks to queue
[2023-01-31T10:17:09.942+0000] {logging_mixin.py:137} INFO - [2023-01-31T10:17:09.942+0000] {dagbag.py:538} INFO - Filling up the DagBag from /home/airflow/.local/lib/python3.7/site-packages/airflow/example_dags/example_external_task_marker_dag.py
[2023-01-31T10:17:10.008+0000] {processor.py:753} INFO - DAG(s) dict_keys(['example_external_task_marker_parent', 'example_external_task_marker_child']) retrieved from /home/airflow/.local/lib/python3.7/site-packages/airflow/example_dags/example_external_task_marker_dag.py
[2023-01-31T10:17:10.129+0000] {logging_mixin.py:137} INFO - [2023-01-31T10:17:10.129+0000] {dag.py:2690} INFO - Sync 2 DAGs
[2023-01-31T10:17:10.161+0000] {logging_mixin.py:137} INFO - [2023-01-31T10:17:10.161+0000] {dag.py:3441} INFO - Setting next_dagrun for example_external_task_marker_child to None, run_after=None
[2023-01-31T10:17:10.164+0000] {logging_mixin.py:137} INFO - [2023-01-31T10:17:10.164+0000] {dag.py:3441} INFO - Setting next_dagrun for example_external_task_marker_parent to None, run_after=None
[2023-01-31T10:17:10.202+0000] {processor.py:175} INFO - Processing /home/airflow/.local/lib/python3.7/site-packages/airflow/example_dags/example_external_task_marker_dag.py took 0.280 seconds
[2023-01-31T10:17:40.966+0000] {processor.py:153} INFO - Started process (PID=431) to work on /home/airflow/.local/lib/python3.7/site-packages/airflow/example_dags/example_external_task_marker_dag.py
[2023-01-31T10:17:40.972+0000] {processor.py:743} INFO - Processing file /home/airflow/.local/lib/python3.7/site-packages/airflow/example_dags/example_external_task_marker_dag.py for tasks to queue
[2023-01-31T10:17:40.979+0000] {logging_mixin.py:137} INFO - [2023-01-31T10:17:40.978+0000] {dagbag.py:538} INFO - Filling up the DagBag from /home/airflow/.local/lib/python3.7/site-packages/airflow/example_dags/example_external_task_marker_dag.py
[2023-01-31T10:17:41.186+0000] {processor.py:753} INFO - DAG(s) dict_keys(['example_external_task_marker_parent', 'example_external_task_marker_child']) retrieved from /home/airflow/.local/lib/python3.7/site-packages/airflow/example_dags/example_external_task_marker_dag.py
[2023-01-31T10:17:41.438+0000] {logging_mixin.py:137} INFO - [2023-01-31T10:17:41.438+0000] {dag.py:2690} INFO - Sync 2 DAGs
[2023-01-31T10:17:41.520+0000] {logging_mixin.py:137} INFO - [2023-01-31T10:17:41.520+0000] {dag.py:3441} INFO - Setting next_dagrun for example_external_task_marker_child to None, run_after=None
[2023-01-31T10:17:41.579+0000] {logging_mixin.py:137} INFO - [2023-01-31T10:17:41.579+0000] {dag.py:3441} INFO - Setting next_dagrun for example_external_task_marker_parent to None, run_after=None
[2023-01-31T10:17:41.724+0000] {processor.py:175} INFO - Processing /home/airflow/.local/lib/python3.7/site-packages/airflow/example_dags/example_external_task_marker_dag.py took 0.767 seconds
[2023-01-31T10:18:12.243+0000] {processor.py:153} INFO - Started process (PID=510) to work on /home/airflow/.local/lib/python3.7/site-packages/airflow/example_dags/example_external_task_marker_dag.py
[2023-01-31T10:18:12.262+0000] {processor.py:743} INFO - Processing file /home/airflow/.local/lib/python3.7/site-packages/airflow/example_dags/example_external_task_marker_dag.py for tasks to queue
[2023-01-31T10:18:12.266+0000] {logging_mixin.py:137} INFO - [2023-01-31T10:18:12.266+0000] {dagbag.py:538} INFO - Filling up the DagBag from /home/airflow/.local/lib/python3.7/site-packages/airflow/example_dags/example_external_task_marker_dag.py
[2023-01-31T10:18:12.282+0000] {processor.py:753} INFO - DAG(s) dict_keys(['example_external_task_marker_parent', 'example_external_task_marker_child']) retrieved from /home/airflow/.local/lib/python3.7/site-packages/airflow/example_dags/example_external_task_marker_dag.py
[2023-01-31T10:18:12.335+0000] {logging_mixin.py:137} INFO - [2023-01-31T10:18:12.334+0000] {dag.py:2690} INFO - Sync 2 DAGs
[2023-01-31T10:18:12.412+0000] {logging_mixin.py:137} INFO - [2023-01-31T10:18:12.412+0000] {dag.py:3441} INFO - Setting next_dagrun for example_external_task_marker_child to None, run_after=None
[2023-01-31T10:18:12.434+0000] {logging_mixin.py:137} INFO - [2023-01-31T10:18:12.434+0000] {dag.py:3441} INFO - Setting next_dagrun for example_external_task_marker_parent to None, run_after=None
[2023-01-31T10:18:12.460+0000] {processor.py:175} INFO - Processing /home/airflow/.local/lib/python3.7/site-packages/airflow/example_dags/example_external_task_marker_dag.py took 0.221 seconds
[2023-01-31T10:18:44.918+0000] {processor.py:153} INFO - Started process (PID=589) to work on /home/airflow/.local/lib/python3.7/site-packages/airflow/example_dags/example_external_task_marker_dag.py
[2023-01-31T10:18:44.921+0000] {processor.py:743} INFO - Processing file /home/airflow/.local/lib/python3.7/site-packages/airflow/example_dags/example_external_task_marker_dag.py for tasks to queue
[2023-01-31T10:18:44.929+0000] {logging_mixin.py:137} INFO - [2023-01-31T10:18:44.929+0000] {dagbag.py:538} INFO - Filling up the DagBag from /home/airflow/.local/lib/python3.7/site-packages/airflow/example_dags/example_external_task_marker_dag.py
[2023-01-31T10:18:44.945+0000] {processor.py:753} INFO - DAG(s) dict_keys(['example_external_task_marker_child', 'example_external_task_marker_parent']) retrieved from /home/airflow/.local/lib/python3.7/site-packages/airflow/example_dags/example_external_task_marker_dag.py
[2023-01-31T10:18:44.993+0000] {logging_mixin.py:137} INFO - [2023-01-31T10:18:44.993+0000] {dag.py:2690} INFO - Sync 2 DAGs
[2023-01-31T10:18:45.023+0000] {logging_mixin.py:137} INFO - [2023-01-31T10:18:45.023+0000] {dag.py:3441} INFO - Setting next_dagrun for example_external_task_marker_child to None, run_after=None
[2023-01-31T10:18:45.041+0000] {logging_mixin.py:137} INFO - [2023-01-31T10:18:45.041+0000] {dag.py:3441} INFO - Setting next_dagrun for example_external_task_marker_parent to None, run_after=None
[2023-01-31T10:18:45.061+0000] {processor.py:175} INFO - Processing /home/airflow/.local/lib/python3.7/site-packages/airflow/example_dags/example_external_task_marker_dag.py took 0.147 seconds
[2023-01-31T10:19:17.400+0000] {processor.py:153} INFO - Started process (PID=680) to work on /home/airflow/.local/lib/python3.7/site-packages/airflow/example_dags/example_external_task_marker_dag.py
[2023-01-31T10:19:17.401+0000] {processor.py:743} INFO - Processing file /home/airflow/.local/lib/python3.7/site-packages/airflow/example_dags/example_external_task_marker_dag.py for tasks to queue
[2023-01-31T10:19:17.402+0000] {logging_mixin.py:137} INFO - [2023-01-31T10:19:17.402+0000] {dagbag.py:538} INFO - Filling up the DagBag from /home/airflow/.local/lib/python3.7/site-packages/airflow/example_dags/example_external_task_marker_dag.py
[2023-01-31T10:19:17.415+0000] {processor.py:753} INFO - DAG(s) dict_keys(['example_external_task_marker_child', 'example_external_task_marker_parent']) retrieved from /home/airflow/.local/lib/python3.7/site-packages/airflow/example_dags/example_external_task_marker_dag.py
[2023-01-31T10:19:17.512+0000] {logging_mixin.py:137} INFO - [2023-01-31T10:19:17.512+0000] {dag.py:2690} INFO - Sync 2 DAGs
[2023-01-31T10:19:17.609+0000] {logging_mixin.py:137} INFO - [2023-01-31T10:19:17.608+0000] {dag.py:3441} INFO - Setting next_dagrun for example_external_task_marker_child to None, run_after=None
[2023-01-31T10:19:17.691+0000] {logging_mixin.py:137} INFO - [2023-01-31T10:19:17.691+0000] {dag.py:3441} INFO - Setting next_dagrun for example_external_task_marker_parent to None, run_after=None
[2023-01-31T10:19:17.771+0000] {processor.py:175} INFO - Processing /home/airflow/.local/lib/python3.7/site-packages/airflow/example_dags/example_external_task_marker_dag.py took 0.375 seconds
[2023-01-31T10:19:48.046+0000] {processor.py:153} INFO - Started process (PID=765) to work on /home/airflow/.local/lib/python3.7/site-packages/airflow/example_dags/example_external_task_marker_dag.py
[2023-01-31T10:19:48.048+0000] {processor.py:743} INFO - Processing file /home/airflow/.local/lib/python3.7/site-packages/airflow/example_dags/example_external_task_marker_dag.py for tasks to queue
[2023-01-31T10:19:48.050+0000] {logging_mixin.py:137} INFO - [2023-01-31T10:19:48.050+0000] {dagbag.py:538} INFO - Filling up the DagBag from /home/airflow/.local/lib/python3.7/site-packages/airflow/example_dags/example_external_task_marker_dag.py
[2023-01-31T10:19:48.062+0000] {processor.py:753} INFO - DAG(s) dict_keys(['example_external_task_marker_child', 'example_external_task_marker_parent']) retrieved from /home/airflow/.local/lib/python3.7/site-packages/airflow/example_dags/example_external_task_marker_dag.py
[2023-01-31T10:19:48.121+0000] {logging_mixin.py:137} INFO - [2023-01-31T10:19:48.121+0000] {dag.py:2690} INFO - Sync 2 DAGs
[2023-01-31T10:19:48.168+0000] {logging_mixin.py:137} INFO - [2023-01-31T10:19:48.168+0000] {dag.py:3441} INFO - Setting next_dagrun for example_external_task_marker_child to None, run_after=None
[2023-01-31T10:19:48.175+0000] {logging_mixin.py:137} INFO - [2023-01-31T10:19:48.175+0000] {dag.py:3441} INFO - Setting next_dagrun for example_external_task_marker_parent to None, run_after=None
[2023-01-31T10:19:48.272+0000] {processor.py:175} INFO - Processing /home/airflow/.local/lib/python3.7/site-packages/airflow/example_dags/example_external_task_marker_dag.py took 0.229 seconds
[2023-01-31T10:20:22.101+0000] {processor.py:153} INFO - Started process (PID=849) to work on /home/airflow/.local/lib/python3.7/site-packages/airflow/example_dags/example_external_task_marker_dag.py
[2023-01-31T10:20:22.127+0000] {processor.py:743} INFO - Processing file /home/airflow/.local/lib/python3.7/site-packages/airflow/example_dags/example_external_task_marker_dag.py for tasks to queue
[2023-01-31T10:20:22.138+0000] {logging_mixin.py:137} INFO - [2023-01-31T10:20:22.138+0000] {dagbag.py:538} INFO - Filling up the DagBag from /home/airflow/.local/lib/python3.7/site-packages/airflow/example_dags/example_external_task_marker_dag.py
[2023-01-31T10:20:22.168+0000] {processor.py:753} INFO - DAG(s) dict_keys(['example_external_task_marker_child', 'example_external_task_marker_parent']) retrieved from /home/airflow/.local/lib/python3.7/site-packages/airflow/example_dags/example_external_task_marker_dag.py
[2023-01-31T10:20:22.295+0000] {logging_mixin.py:137} INFO - [2023-01-31T10:20:22.295+0000] {dag.py:2690} INFO - Sync 2 DAGs
[2023-01-31T10:20:22.334+0000] {logging_mixin.py:137} INFO - [2023-01-31T10:20:22.334+0000] {dag.py:3441} INFO - Setting next_dagrun for example_external_task_marker_child to None, run_after=None
[2023-01-31T10:20:22.341+0000] {logging_mixin.py:137} INFO - [2023-01-31T10:20:22.341+0000] {dag.py:3441} INFO - Setting next_dagrun for example_external_task_marker_parent to None, run_after=None
[2023-01-31T10:20:22.364+0000] {processor.py:175} INFO - Processing /home/airflow/.local/lib/python3.7/site-packages/airflow/example_dags/example_external_task_marker_dag.py took 0.268 seconds
[2023-01-31T10:20:52.467+0000] {processor.py:153} INFO - Started process (PID=928) to work on /home/airflow/.local/lib/python3.7/site-packages/airflow/example_dags/example_external_task_marker_dag.py
[2023-01-31T10:20:52.470+0000] {processor.py:743} INFO - Processing file /home/airflow/.local/lib/python3.7/site-packages/airflow/example_dags/example_external_task_marker_dag.py for tasks to queue
[2023-01-31T10:20:52.471+0000] {logging_mixin.py:137} INFO - [2023-01-31T10:20:52.471+0000] {dagbag.py:538} INFO - Filling up the DagBag from /home/airflow/.local/lib/python3.7/site-packages/airflow/example_dags/example_external_task_marker_dag.py
[2023-01-31T10:20:52.481+0000] {processor.py:753} INFO - DAG(s) dict_keys(['example_external_task_marker_parent', 'example_external_task_marker_child']) retrieved from /home/airflow/.local/lib/python3.7/site-packages/airflow/example_dags/example_external_task_marker_dag.py
[2023-01-31T10:20:52.506+0000] {logging_mixin.py:137} INFO - [2023-01-31T10:20:52.505+0000] {dag.py:2690} INFO - Sync 2 DAGs
[2023-01-31T10:20:52.523+0000] {logging_mixin.py:137} INFO - [2023-01-31T10:20:52.523+0000] {dag.py:3441} INFO - Setting next_dagrun for example_external_task_marker_child to None, run_after=None
[2023-01-31T10:20:52.526+0000] {logging_mixin.py:137} INFO - [2023-01-31T10:20:52.526+0000] {dag.py:3441} INFO - Setting next_dagrun for example_external_task_marker_parent to None, run_after=None
[2023-01-31T10:20:52.547+0000] {processor.py:175} INFO - Processing /home/airflow/.local/lib/python3.7/site-packages/airflow/example_dags/example_external_task_marker_dag.py took 0.083 seconds
[2023-01-31T10:21:28.409+0000] {processor.py:153} INFO - Started process (PID=1023) to work on /home/airflow/.local/lib/python3.7/site-packages/airflow/example_dags/example_external_task_marker_dag.py
[2023-01-31T10:21:28.420+0000] {processor.py:743} INFO - Processing file /home/airflow/.local/lib/python3.7/site-packages/airflow/example_dags/example_external_task_marker_dag.py for tasks to queue
[2023-01-31T10:21:28.427+0000] {logging_mixin.py:137} INFO - [2023-01-31T10:21:28.426+0000] {dagbag.py:538} INFO - Filling up the DagBag from /home/airflow/.local/lib/python3.7/site-packages/airflow/example_dags/example_external_task_marker_dag.py
[2023-01-31T10:21:28.468+0000] {processor.py:753} INFO - DAG(s) dict_keys(['example_external_task_marker_child', 'example_external_task_marker_parent']) retrieved from /home/airflow/.local/lib/python3.7/site-packages/airflow/example_dags/example_external_task_marker_dag.py
[2023-01-31T10:21:28.723+0000] {logging_mixin.py:137} INFO - [2023-01-31T10:21:28.723+0000] {dag.py:2690} INFO - Sync 2 DAGs
[2023-01-31T10:21:28.790+0000] {logging_mixin.py:137} INFO - [2023-01-31T10:21:28.790+0000] {dag.py:3441} INFO - Setting next_dagrun for example_external_task_marker_child to None, run_after=None
[2023-01-31T10:21:28.807+0000] {logging_mixin.py:137} INFO - [2023-01-31T10:21:28.806+0000] {dag.py:3441} INFO - Setting next_dagrun for example_external_task_marker_parent to None, run_after=None
[2023-01-31T10:21:28.895+0000] {processor.py:175} INFO - Processing /home/airflow/.local/lib/python3.7/site-packages/airflow/example_dags/example_external_task_marker_dag.py took 0.499 seconds
[2023-01-31T10:21:59.045+0000] {processor.py:153} INFO - Started process (PID=1100) to work on /home/airflow/.local/lib/python3.7/site-packages/airflow/example_dags/example_external_task_marker_dag.py
[2023-01-31T10:21:59.048+0000] {processor.py:743} INFO - Processing file /home/airflow/.local/lib/python3.7/site-packages/airflow/example_dags/example_external_task_marker_dag.py for tasks to queue
[2023-01-31T10:21:59.049+0000] {logging_mixin.py:137} INFO - [2023-01-31T10:21:59.049+0000] {dagbag.py:538} INFO - Filling up the DagBag from /home/airflow/.local/lib/python3.7/site-packages/airflow/example_dags/example_external_task_marker_dag.py
[2023-01-31T10:21:59.072+0000] {processor.py:753} INFO - DAG(s) dict_keys(['example_external_task_marker_parent', 'example_external_task_marker_child']) retrieved from /home/airflow/.local/lib/python3.7/site-packages/airflow/example_dags/example_external_task_marker_dag.py
[2023-01-31T10:21:59.137+0000] {logging_mixin.py:137} INFO - [2023-01-31T10:21:59.137+0000] {dag.py:2690} INFO - Sync 2 DAGs
[2023-01-31T10:21:59.159+0000] {logging_mixin.py:137} INFO - [2023-01-31T10:21:59.159+0000] {dag.py:3441} INFO - Setting next_dagrun for example_external_task_marker_child to None, run_after=None
[2023-01-31T10:21:59.162+0000] {logging_mixin.py:137} INFO - [2023-01-31T10:21:59.162+0000] {dag.py:3441} INFO - Setting next_dagrun for example_external_task_marker_parent to None, run_after=None
[2023-01-31T10:21:59.174+0000] {processor.py:175} INFO - Processing /home/airflow/.local/lib/python3.7/site-packages/airflow/example_dags/example_external_task_marker_dag.py took 0.135 seconds
[2023-01-31T10:22:30.881+0000] {processor.py:153} INFO - Started process (PID=1180) to work on /home/airflow/.local/lib/python3.7/site-packages/airflow/example_dags/example_external_task_marker_dag.py
[2023-01-31T10:22:30.887+0000] {processor.py:743} INFO - Processing file /home/airflow/.local/lib/python3.7/site-packages/airflow/example_dags/example_external_task_marker_dag.py for tasks to queue
[2023-01-31T10:22:30.889+0000] {logging_mixin.py:137} INFO - [2023-01-31T10:22:30.889+0000] {dagbag.py:538} INFO - Filling up the DagBag from /home/airflow/.local/lib/python3.7/site-packages/airflow/example_dags/example_external_task_marker_dag.py
[2023-01-31T10:22:30.910+0000] {processor.py:753} INFO - DAG(s) dict_keys(['example_external_task_marker_child', 'example_external_task_marker_parent']) retrieved from /home/airflow/.local/lib/python3.7/site-packages/airflow/example_dags/example_external_task_marker_dag.py
[2023-01-31T10:22:30.965+0000] {logging_mixin.py:137} INFO - [2023-01-31T10:22:30.965+0000] {dag.py:2690} INFO - Sync 2 DAGs
[2023-01-31T10:22:31.008+0000] {logging_mixin.py:137} INFO - [2023-01-31T10:22:31.007+0000] {dag.py:3441} INFO - Setting next_dagrun for example_external_task_marker_child to None, run_after=None
[2023-01-31T10:22:31.012+0000] {logging_mixin.py:137} INFO - [2023-01-31T10:22:31.012+0000] {dag.py:3441} INFO - Setting next_dagrun for example_external_task_marker_parent to None, run_after=None
[2023-01-31T10:22:31.053+0000] {processor.py:175} INFO - Processing /home/airflow/.local/lib/python3.7/site-packages/airflow/example_dags/example_external_task_marker_dag.py took 0.177 seconds
[2023-01-31T10:23:01.170+0000] {processor.py:153} INFO - Started process (PID=1258) to work on /home/airflow/.local/lib/python3.7/site-packages/airflow/example_dags/example_external_task_marker_dag.py
[2023-01-31T10:23:01.189+0000] {processor.py:743} INFO - Processing file /home/airflow/.local/lib/python3.7/site-packages/airflow/example_dags/example_external_task_marker_dag.py for tasks to queue
[2023-01-31T10:23:01.202+0000] {logging_mixin.py:137} INFO - [2023-01-31T10:23:01.201+0000] {dagbag.py:538} INFO - Filling up the DagBag from /home/airflow/.local/lib/python3.7/site-packages/airflow/example_dags/example_external_task_marker_dag.py
[2023-01-31T10:23:01.225+0000] {processor.py:753} INFO - DAG(s) dict_keys(['example_external_task_marker_child', 'example_external_task_marker_parent']) retrieved from /home/airflow/.local/lib/python3.7/site-packages/airflow/example_dags/example_external_task_marker_dag.py
[2023-01-31T10:23:01.265+0000] {logging_mixin.py:137} INFO - [2023-01-31T10:23:01.265+0000] {dag.py:2690} INFO - Sync 2 DAGs
[2023-01-31T10:23:01.287+0000] {logging_mixin.py:137} INFO - [2023-01-31T10:23:01.287+0000] {dag.py:3441} INFO - Setting next_dagrun for example_external_task_marker_child to None, run_after=None
[2023-01-31T10:23:01.293+0000] {logging_mixin.py:137} INFO - [2023-01-31T10:23:01.292+0000] {dag.py:3441} INFO - Setting next_dagrun for example_external_task_marker_parent to None, run_after=None
[2023-01-31T10:23:01.306+0000] {processor.py:175} INFO - Processing /home/airflow/.local/lib/python3.7/site-packages/airflow/example_dags/example_external_task_marker_dag.py took 0.140 seconds
[2023-01-31T10:23:32.818+0000] {processor.py:153} INFO - Started process (PID=1353) to work on /home/airflow/.local/lib/python3.7/site-packages/airflow/example_dags/example_external_task_marker_dag.py
[2023-01-31T10:23:32.830+0000] {processor.py:743} INFO - Processing file /home/airflow/.local/lib/python3.7/site-packages/airflow/example_dags/example_external_task_marker_dag.py for tasks to queue
[2023-01-31T10:23:32.840+0000] {logging_mixin.py:137} INFO - [2023-01-31T10:23:32.839+0000] {dagbag.py:538} INFO - Filling up the DagBag from /home/airflow/.local/lib/python3.7/site-packages/airflow/example_dags/example_external_task_marker_dag.py
[2023-01-31T10:23:32.905+0000] {processor.py:753} INFO - DAG(s) dict_keys(['example_external_task_marker_child', 'example_external_task_marker_parent']) retrieved from /home/airflow/.local/lib/python3.7/site-packages/airflow/example_dags/example_external_task_marker_dag.py
[2023-01-31T10:23:33.024+0000] {logging_mixin.py:137} INFO - [2023-01-31T10:23:33.024+0000] {dag.py:2690} INFO - Sync 2 DAGs
[2023-01-31T10:23:33.166+0000] {logging_mixin.py:137} INFO - [2023-01-31T10:23:33.166+0000] {dag.py:3441} INFO - Setting next_dagrun for example_external_task_marker_child to None, run_after=None
[2023-01-31T10:23:33.187+0000] {logging_mixin.py:137} INFO - [2023-01-31T10:23:33.187+0000] {dag.py:3441} INFO - Setting next_dagrun for example_external_task_marker_parent to None, run_after=None
[2023-01-31T10:23:33.266+0000] {processor.py:175} INFO - Processing /home/airflow/.local/lib/python3.7/site-packages/airflow/example_dags/example_external_task_marker_dag.py took 0.455 seconds
[2023-01-31T10:24:04.030+0000] {processor.py:153} INFO - Started process (PID=1432) to work on /home/airflow/.local/lib/python3.7/site-packages/airflow/example_dags/example_external_task_marker_dag.py
[2023-01-31T10:24:04.032+0000] {processor.py:743} INFO - Processing file /home/airflow/.local/lib/python3.7/site-packages/airflow/example_dags/example_external_task_marker_dag.py for tasks to queue
[2023-01-31T10:24:04.034+0000] {logging_mixin.py:137} INFO - [2023-01-31T10:24:04.034+0000] {dagbag.py:538} INFO - Filling up the DagBag from /home/airflow/.local/lib/python3.7/site-packages/airflow/example_dags/example_external_task_marker_dag.py
[2023-01-31T10:24:04.067+0000] {processor.py:753} INFO - DAG(s) dict_keys(['example_external_task_marker_child', 'example_external_task_marker_parent']) retrieved from /home/airflow/.local/lib/python3.7/site-packages/airflow/example_dags/example_external_task_marker_dag.py
[2023-01-31T10:24:04.134+0000] {logging_mixin.py:137} INFO - [2023-01-31T10:24:04.134+0000] {dag.py:2690} INFO - Sync 2 DAGs
[2023-01-31T10:24:04.171+0000] {logging_mixin.py:137} INFO - [2023-01-31T10:24:04.171+0000] {dag.py:3441} INFO - Setting next_dagrun for example_external_task_marker_child to None, run_after=None
[2023-01-31T10:24:04.175+0000] {logging_mixin.py:137} INFO - [2023-01-31T10:24:04.175+0000] {dag.py:3441} INFO - Setting next_dagrun for example_external_task_marker_parent to None, run_after=None
[2023-01-31T10:24:04.204+0000] {processor.py:175} INFO - Processing /home/airflow/.local/lib/python3.7/site-packages/airflow/example_dags/example_external_task_marker_dag.py took 0.179 seconds
[2023-01-31T10:24:34.522+0000] {processor.py:153} INFO - Started process (PID=1510) to work on /home/airflow/.local/lib/python3.7/site-packages/airflow/example_dags/example_external_task_marker_dag.py
[2023-01-31T10:24:34.531+0000] {processor.py:743} INFO - Processing file /home/airflow/.local/lib/python3.7/site-packages/airflow/example_dags/example_external_task_marker_dag.py for tasks to queue
[2023-01-31T10:24:34.534+0000] {logging_mixin.py:137} INFO - [2023-01-31T10:24:34.534+0000] {dagbag.py:538} INFO - Filling up the DagBag from /home/airflow/.local/lib/python3.7/site-packages/airflow/example_dags/example_external_task_marker_dag.py
[2023-01-31T10:24:34.564+0000] {processor.py:753} INFO - DAG(s) dict_keys(['example_external_task_marker_parent', 'example_external_task_marker_child']) retrieved from /home/airflow/.local/lib/python3.7/site-packages/airflow/example_dags/example_external_task_marker_dag.py
[2023-01-31T10:24:34.608+0000] {logging_mixin.py:137} INFO - [2023-01-31T10:24:34.607+0000] {dag.py:2690} INFO - Sync 2 DAGs
[2023-01-31T10:24:34.630+0000] {logging_mixin.py:137} INFO - [2023-01-31T10:24:34.630+0000] {dag.py:3441} INFO - Setting next_dagrun for example_external_task_marker_child to None, run_after=None
[2023-01-31T10:24:34.633+0000] {logging_mixin.py:137} INFO - [2023-01-31T10:24:34.633+0000] {dag.py:3441} INFO - Setting next_dagrun for example_external_task_marker_parent to None, run_after=None
[2023-01-31T10:24:34.654+0000] {processor.py:175} INFO - Processing /home/airflow/.local/lib/python3.7/site-packages/airflow/example_dags/example_external_task_marker_dag.py took 0.136 seconds
[2023-01-31T10:25:04.810+0000] {processor.py:153} INFO - Started process (PID=1592) to work on /home/airflow/.local/lib/python3.7/site-packages/airflow/example_dags/example_external_task_marker_dag.py
[2023-01-31T10:25:04.814+0000] {processor.py:743} INFO - Processing file /home/airflow/.local/lib/python3.7/site-packages/airflow/example_dags/example_external_task_marker_dag.py for tasks to queue
[2023-01-31T10:25:04.818+0000] {logging_mixin.py:137} INFO - [2023-01-31T10:25:04.817+0000] {dagbag.py:538} INFO - Filling up the DagBag from /home/airflow/.local/lib/python3.7/site-packages/airflow/example_dags/example_external_task_marker_dag.py
[2023-01-31T10:25:04.835+0000] {processor.py:753} INFO - DAG(s) dict_keys(['example_external_task_marker_parent', 'example_external_task_marker_child']) retrieved from /home/airflow/.local/lib/python3.7/site-packages/airflow/example_dags/example_external_task_marker_dag.py
[2023-01-31T10:25:04.890+0000] {logging_mixin.py:137} INFO - [2023-01-31T10:25:04.890+0000] {dag.py:2690} INFO - Sync 2 DAGs
[2023-01-31T10:25:04.909+0000] {logging_mixin.py:137} INFO - [2023-01-31T10:25:04.909+0000] {dag.py:3441} INFO - Setting next_dagrun for example_external_task_marker_child to None, run_after=None
[2023-01-31T10:25:04.916+0000] {logging_mixin.py:137} INFO - [2023-01-31T10:25:04.916+0000] {dag.py:3441} INFO - Setting next_dagrun for example_external_task_marker_parent to None, run_after=None
[2023-01-31T10:25:04.946+0000] {processor.py:175} INFO - Processing /home/airflow/.local/lib/python3.7/site-packages/airflow/example_dags/example_external_task_marker_dag.py took 0.140 seconds
[2023-01-31T10:25:35.065+0000] {processor.py:153} INFO - Started process (PID=1671) to work on /home/airflow/.local/lib/python3.7/site-packages/airflow/example_dags/example_external_task_marker_dag.py
[2023-01-31T10:25:35.074+0000] {processor.py:743} INFO - Processing file /home/airflow/.local/lib/python3.7/site-packages/airflow/example_dags/example_external_task_marker_dag.py for tasks to queue
[2023-01-31T10:25:35.082+0000] {logging_mixin.py:137} INFO - [2023-01-31T10:25:35.082+0000] {dagbag.py:538} INFO - Filling up the DagBag from /home/airflow/.local/lib/python3.7/site-packages/airflow/example_dags/example_external_task_marker_dag.py
[2023-01-31T10:25:35.111+0000] {processor.py:753} INFO - DAG(s) dict_keys(['example_external_task_marker_parent', 'example_external_task_marker_child']) retrieved from /home/airflow/.local/lib/python3.7/site-packages/airflow/example_dags/example_external_task_marker_dag.py
[2023-01-31T10:25:35.238+0000] {logging_mixin.py:137} INFO - [2023-01-31T10:25:35.238+0000] {dag.py:2690} INFO - Sync 2 DAGs
[2023-01-31T10:25:35.278+0000] {logging_mixin.py:137} INFO - [2023-01-31T10:25:35.278+0000] {dag.py:3441} INFO - Setting next_dagrun for example_external_task_marker_child to None, run_after=None
[2023-01-31T10:25:35.285+0000] {logging_mixin.py:137} INFO - [2023-01-31T10:25:35.285+0000] {dag.py:3441} INFO - Setting next_dagrun for example_external_task_marker_parent to None, run_after=None
[2023-01-31T10:25:35.326+0000] {processor.py:175} INFO - Processing /home/airflow/.local/lib/python3.7/site-packages/airflow/example_dags/example_external_task_marker_dag.py took 0.274 seconds
[2023-01-31T10:26:05.897+0000] {processor.py:153} INFO - Started process (PID=1751) to work on /home/airflow/.local/lib/python3.7/site-packages/airflow/example_dags/example_external_task_marker_dag.py
[2023-01-31T10:26:05.902+0000] {processor.py:743} INFO - Processing file /home/airflow/.local/lib/python3.7/site-packages/airflow/example_dags/example_external_task_marker_dag.py for tasks to queue
[2023-01-31T10:26:05.906+0000] {logging_mixin.py:137} INFO - [2023-01-31T10:26:05.906+0000] {dagbag.py:538} INFO - Filling up the DagBag from /home/airflow/.local/lib/python3.7/site-packages/airflow/example_dags/example_external_task_marker_dag.py
[2023-01-31T10:26:05.964+0000] {processor.py:753} INFO - DAG(s) dict_keys(['example_external_task_marker_child', 'example_external_task_marker_parent']) retrieved from /home/airflow/.local/lib/python3.7/site-packages/airflow/example_dags/example_external_task_marker_dag.py
[2023-01-31T10:26:06.040+0000] {logging_mixin.py:137} INFO - [2023-01-31T10:26:06.040+0000] {dag.py:2690} INFO - Sync 2 DAGs
[2023-01-31T10:26:06.150+0000] {logging_mixin.py:137} INFO - [2023-01-31T10:26:06.150+0000] {dag.py:3441} INFO - Setting next_dagrun for example_external_task_marker_child to None, run_after=None
[2023-01-31T10:26:06.154+0000] {logging_mixin.py:137} INFO - [2023-01-31T10:26:06.154+0000] {dag.py:3441} INFO - Setting next_dagrun for example_external_task_marker_parent to None, run_after=None
[2023-01-31T10:26:06.170+0000] {processor.py:175} INFO - Processing /home/airflow/.local/lib/python3.7/site-packages/airflow/example_dags/example_external_task_marker_dag.py took 0.280 seconds
[2023-01-31T10:26:36.514+0000] {processor.py:153} INFO - Started process (PID=1850) to work on /home/airflow/.local/lib/python3.7/site-packages/airflow/example_dags/example_external_task_marker_dag.py
[2023-01-31T10:26:36.532+0000] {processor.py:743} INFO - Processing file /home/airflow/.local/lib/python3.7/site-packages/airflow/example_dags/example_external_task_marker_dag.py for tasks to queue
[2023-01-31T10:26:36.542+0000] {logging_mixin.py:137} INFO - [2023-01-31T10:26:36.542+0000] {dagbag.py:538} INFO - Filling up the DagBag from /home/airflow/.local/lib/python3.7/site-packages/airflow/example_dags/example_external_task_marker_dag.py
[2023-01-31T10:26:36.606+0000] {processor.py:753} INFO - DAG(s) dict_keys(['example_external_task_marker_parent', 'example_external_task_marker_child']) retrieved from /home/airflow/.local/lib/python3.7/site-packages/airflow/example_dags/example_external_task_marker_dag.py
[2023-01-31T10:26:37.052+0000] {logging_mixin.py:137} INFO - [2023-01-31T10:26:37.052+0000] {dag.py:2690} INFO - Sync 2 DAGs
[2023-01-31T10:26:37.115+0000] {logging_mixin.py:137} INFO - [2023-01-31T10:26:37.115+0000] {dag.py:3441} INFO - Setting next_dagrun for example_external_task_marker_child to None, run_after=None
[2023-01-31T10:26:37.136+0000] {logging_mixin.py:137} INFO - [2023-01-31T10:26:37.136+0000] {dag.py:3441} INFO - Setting next_dagrun for example_external_task_marker_parent to None, run_after=None
[2023-01-31T10:26:37.402+0000] {processor.py:175} INFO - Processing /home/airflow/.local/lib/python3.7/site-packages/airflow/example_dags/example_external_task_marker_dag.py took 0.917 seconds
[2023-01-31T10:27:07.817+0000] {processor.py:153} INFO - Started process (PID=1929) to work on /home/airflow/.local/lib/python3.7/site-packages/airflow/example_dags/example_external_task_marker_dag.py
[2023-01-31T10:27:07.822+0000] {processor.py:743} INFO - Processing file /home/airflow/.local/lib/python3.7/site-packages/airflow/example_dags/example_external_task_marker_dag.py for tasks to queue
[2023-01-31T10:27:07.824+0000] {logging_mixin.py:137} INFO - [2023-01-31T10:27:07.824+0000] {dagbag.py:538} INFO - Filling up the DagBag from /home/airflow/.local/lib/python3.7/site-packages/airflow/example_dags/example_external_task_marker_dag.py
[2023-01-31T10:27:07.859+0000] {processor.py:753} INFO - DAG(s) dict_keys(['example_external_task_marker_child', 'example_external_task_marker_parent']) retrieved from /home/airflow/.local/lib/python3.7/site-packages/airflow/example_dags/example_external_task_marker_dag.py
[2023-01-31T10:27:07.913+0000] {logging_mixin.py:137} INFO - [2023-01-31T10:27:07.913+0000] {dag.py:2690} INFO - Sync 2 DAGs
[2023-01-31T10:27:07.934+0000] {logging_mixin.py:137} INFO - [2023-01-31T10:27:07.934+0000] {dag.py:3441} INFO - Setting next_dagrun for example_external_task_marker_child to None, run_after=None
[2023-01-31T10:27:07.939+0000] {logging_mixin.py:137} INFO - [2023-01-31T10:27:07.939+0000] {dag.py:3441} INFO - Setting next_dagrun for example_external_task_marker_parent to None, run_after=None
[2023-01-31T10:27:07.958+0000] {processor.py:175} INFO - Processing /home/airflow/.local/lib/python3.7/site-packages/airflow/example_dags/example_external_task_marker_dag.py took 0.145 seconds
[2023-01-31T10:27:38.823+0000] {processor.py:153} INFO - Started process (PID=2008) to work on /home/airflow/.local/lib/python3.7/site-packages/airflow/example_dags/example_external_task_marker_dag.py
[2023-01-31T10:27:38.825+0000] {processor.py:743} INFO - Processing file /home/airflow/.local/lib/python3.7/site-packages/airflow/example_dags/example_external_task_marker_dag.py for tasks to queue
[2023-01-31T10:27:38.827+0000] {logging_mixin.py:137} INFO - [2023-01-31T10:27:38.827+0000] {dagbag.py:538} INFO - Filling up the DagBag from /home/airflow/.local/lib/python3.7/site-packages/airflow/example_dags/example_external_task_marker_dag.py
[2023-01-31T10:27:38.846+0000] {processor.py:753} INFO - DAG(s) dict_keys(['example_external_task_marker_parent', 'example_external_task_marker_child']) retrieved from /home/airflow/.local/lib/python3.7/site-packages/airflow/example_dags/example_external_task_marker_dag.py
[2023-01-31T10:27:38.905+0000] {logging_mixin.py:137} INFO - [2023-01-31T10:27:38.905+0000] {dag.py:2690} INFO - Sync 2 DAGs
[2023-01-31T10:27:38.930+0000] {logging_mixin.py:137} INFO - [2023-01-31T10:27:38.930+0000] {dag.py:3441} INFO - Setting next_dagrun for example_external_task_marker_child to None, run_after=None
[2023-01-31T10:27:38.936+0000] {logging_mixin.py:137} INFO - [2023-01-31T10:27:38.936+0000] {dag.py:3441} INFO - Setting next_dagrun for example_external_task_marker_parent to None, run_after=None
[2023-01-31T10:27:38.955+0000] {processor.py:175} INFO - Processing /home/airflow/.local/lib/python3.7/site-packages/airflow/example_dags/example_external_task_marker_dag.py took 0.140 seconds
[2023-01-31T10:28:09.186+0000] {processor.py:153} INFO - Started process (PID=2104) to work on /home/airflow/.local/lib/python3.7/site-packages/airflow/example_dags/example_external_task_marker_dag.py
[2023-01-31T10:28:09.200+0000] {processor.py:743} INFO - Processing file /home/airflow/.local/lib/python3.7/site-packages/airflow/example_dags/example_external_task_marker_dag.py for tasks to queue
[2023-01-31T10:28:09.224+0000] {logging_mixin.py:137} INFO - [2023-01-31T10:28:09.223+0000] {dagbag.py:538} INFO - Filling up the DagBag from /home/airflow/.local/lib/python3.7/site-packages/airflow/example_dags/example_external_task_marker_dag.py
[2023-01-31T10:28:09.271+0000] {processor.py:753} INFO - DAG(s) dict_keys(['example_external_task_marker_parent', 'example_external_task_marker_child']) retrieved from /home/airflow/.local/lib/python3.7/site-packages/airflow/example_dags/example_external_task_marker_dag.py
[2023-01-31T10:28:09.362+0000] {logging_mixin.py:137} INFO - [2023-01-31T10:28:09.362+0000] {dag.py:2690} INFO - Sync 2 DAGs
[2023-01-31T10:28:09.389+0000] {logging_mixin.py:137} INFO - [2023-01-31T10:28:09.389+0000] {dag.py:3441} INFO - Setting next_dagrun for example_external_task_marker_child to None, run_after=None
[2023-01-31T10:28:09.394+0000] {logging_mixin.py:137} INFO - [2023-01-31T10:28:09.393+0000] {dag.py:3441} INFO - Setting next_dagrun for example_external_task_marker_parent to None, run_after=None
[2023-01-31T10:28:09.426+0000] {processor.py:175} INFO - Processing /home/airflow/.local/lib/python3.7/site-packages/airflow/example_dags/example_external_task_marker_dag.py took 0.248 seconds
[2023-01-31T10:28:39.560+0000] {processor.py:153} INFO - Started process (PID=2183) to work on /home/airflow/.local/lib/python3.7/site-packages/airflow/example_dags/example_external_task_marker_dag.py
[2023-01-31T10:28:39.562+0000] {processor.py:743} INFO - Processing file /home/airflow/.local/lib/python3.7/site-packages/airflow/example_dags/example_external_task_marker_dag.py for tasks to queue
[2023-01-31T10:28:39.563+0000] {logging_mixin.py:137} INFO - [2023-01-31T10:28:39.563+0000] {dagbag.py:538} INFO - Filling up the DagBag from /home/airflow/.local/lib/python3.7/site-packages/airflow/example_dags/example_external_task_marker_dag.py
[2023-01-31T10:28:39.577+0000] {processor.py:753} INFO - DAG(s) dict_keys(['example_external_task_marker_parent', 'example_external_task_marker_child']) retrieved from /home/airflow/.local/lib/python3.7/site-packages/airflow/example_dags/example_external_task_marker_dag.py
[2023-01-31T10:28:39.605+0000] {logging_mixin.py:137} INFO - [2023-01-31T10:28:39.605+0000] {dag.py:2690} INFO - Sync 2 DAGs
[2023-01-31T10:28:39.624+0000] {logging_mixin.py:137} INFO - [2023-01-31T10:28:39.624+0000] {dag.py:3441} INFO - Setting next_dagrun for example_external_task_marker_child to None, run_after=None
[2023-01-31T10:28:39.627+0000] {logging_mixin.py:137} INFO - [2023-01-31T10:28:39.627+0000] {dag.py:3441} INFO - Setting next_dagrun for example_external_task_marker_parent to None, run_after=None
[2023-01-31T10:28:39.668+0000] {processor.py:175} INFO - Processing /home/airflow/.local/lib/python3.7/site-packages/airflow/example_dags/example_external_task_marker_dag.py took 0.112 seconds
[2023-01-31T10:29:10.222+0000] {processor.py:153} INFO - Started process (PID=2261) to work on /home/airflow/.local/lib/python3.7/site-packages/airflow/example_dags/example_external_task_marker_dag.py
[2023-01-31T10:29:10.232+0000] {processor.py:743} INFO - Processing file /home/airflow/.local/lib/python3.7/site-packages/airflow/example_dags/example_external_task_marker_dag.py for tasks to queue
[2023-01-31T10:29:10.237+0000] {logging_mixin.py:137} INFO - [2023-01-31T10:29:10.237+0000] {dagbag.py:538} INFO - Filling up the DagBag from /home/airflow/.local/lib/python3.7/site-packages/airflow/example_dags/example_external_task_marker_dag.py
[2023-01-31T10:29:10.345+0000] {processor.py:753} INFO - DAG(s) dict_keys(['example_external_task_marker_parent', 'example_external_task_marker_child']) retrieved from /home/airflow/.local/lib/python3.7/site-packages/airflow/example_dags/example_external_task_marker_dag.py
[2023-01-31T10:29:10.508+0000] {logging_mixin.py:137} INFO - [2023-01-31T10:29:10.508+0000] {dag.py:2690} INFO - Sync 2 DAGs
[2023-01-31T10:29:10.606+0000] {logging_mixin.py:137} INFO - [2023-01-31T10:29:10.606+0000] {dag.py:3441} INFO - Setting next_dagrun for example_external_task_marker_child to None, run_after=None
[2023-01-31T10:29:10.617+0000] {logging_mixin.py:137} INFO - [2023-01-31T10:29:10.616+0000] {dag.py:3441} INFO - Setting next_dagrun for example_external_task_marker_parent to None, run_after=None
[2023-01-31T10:29:10.659+0000] {processor.py:175} INFO - Processing /home/airflow/.local/lib/python3.7/site-packages/airflow/example_dags/example_external_task_marker_dag.py took 0.456 seconds
[2023-01-31T10:29:41.034+0000] {processor.py:153} INFO - Started process (PID=2340) to work on /home/airflow/.local/lib/python3.7/site-packages/airflow/example_dags/example_external_task_marker_dag.py
[2023-01-31T10:29:41.070+0000] {processor.py:743} INFO - Processing file /home/airflow/.local/lib/python3.7/site-packages/airflow/example_dags/example_external_task_marker_dag.py for tasks to queue
[2023-01-31T10:29:41.097+0000] {logging_mixin.py:137} INFO - [2023-01-31T10:29:41.097+0000] {dagbag.py:538} INFO - Filling up the DagBag from /home/airflow/.local/lib/python3.7/site-packages/airflow/example_dags/example_external_task_marker_dag.py
[2023-01-31T10:29:41.193+0000] {processor.py:753} INFO - DAG(s) dict_keys(['example_external_task_marker_child', 'example_external_task_marker_parent']) retrieved from /home/airflow/.local/lib/python3.7/site-packages/airflow/example_dags/example_external_task_marker_dag.py
[2023-01-31T10:29:41.556+0000] {logging_mixin.py:137} INFO - [2023-01-31T10:29:41.555+0000] {dag.py:2690} INFO - Sync 2 DAGs
[2023-01-31T10:29:41.667+0000] {logging_mixin.py:137} INFO - [2023-01-31T10:29:41.666+0000] {dag.py:3441} INFO - Setting next_dagrun for example_external_task_marker_child to None, run_after=None
[2023-01-31T10:29:41.678+0000] {logging_mixin.py:137} INFO - [2023-01-31T10:29:41.678+0000] {dag.py:3441} INFO - Setting next_dagrun for example_external_task_marker_parent to None, run_after=None
[2023-01-31T10:29:41.737+0000] {processor.py:175} INFO - Processing /home/airflow/.local/lib/python3.7/site-packages/airflow/example_dags/example_external_task_marker_dag.py took 0.713 seconds
[2023-01-31T10:30:12.009+0000] {processor.py:153} INFO - Started process (PID=2418) to work on /home/airflow/.local/lib/python3.7/site-packages/airflow/example_dags/example_external_task_marker_dag.py
[2023-01-31T10:30:12.012+0000] {processor.py:743} INFO - Processing file /home/airflow/.local/lib/python3.7/site-packages/airflow/example_dags/example_external_task_marker_dag.py for tasks to queue
[2023-01-31T10:30:12.013+0000] {logging_mixin.py:137} INFO - [2023-01-31T10:30:12.013+0000] {dagbag.py:538} INFO - Filling up the DagBag from /home/airflow/.local/lib/python3.7/site-packages/airflow/example_dags/example_external_task_marker_dag.py
[2023-01-31T10:30:12.029+0000] {processor.py:753} INFO - DAG(s) dict_keys(['example_external_task_marker_child', 'example_external_task_marker_parent']) retrieved from /home/airflow/.local/lib/python3.7/site-packages/airflow/example_dags/example_external_task_marker_dag.py
[2023-01-31T10:30:12.068+0000] {logging_mixin.py:137} INFO - [2023-01-31T10:30:12.068+0000] {dag.py:2690} INFO - Sync 2 DAGs
[2023-01-31T10:30:12.101+0000] {logging_mixin.py:137} INFO - [2023-01-31T10:30:12.100+0000] {dag.py:3441} INFO - Setting next_dagrun for example_external_task_marker_child to None, run_after=None
[2023-01-31T10:30:12.106+0000] {logging_mixin.py:137} INFO - [2023-01-31T10:30:12.105+0000] {dag.py:3441} INFO - Setting next_dagrun for example_external_task_marker_parent to None, run_after=None
[2023-01-31T10:30:12.131+0000] {processor.py:175} INFO - Processing /home/airflow/.local/lib/python3.7/site-packages/airflow/example_dags/example_external_task_marker_dag.py took 0.126 seconds
[2023-01-31T10:30:42.474+0000] {processor.py:153} INFO - Started process (PID=2497) to work on /home/airflow/.local/lib/python3.7/site-packages/airflow/example_dags/example_external_task_marker_dag.py
[2023-01-31T10:30:42.483+0000] {processor.py:743} INFO - Processing file /home/airflow/.local/lib/python3.7/site-packages/airflow/example_dags/example_external_task_marker_dag.py for tasks to queue
[2023-01-31T10:30:42.488+0000] {logging_mixin.py:137} INFO - [2023-01-31T10:30:42.487+0000] {dagbag.py:538} INFO - Filling up the DagBag from /home/airflow/.local/lib/python3.7/site-packages/airflow/example_dags/example_external_task_marker_dag.py
[2023-01-31T10:30:42.546+0000] {processor.py:753} INFO - DAG(s) dict_keys(['example_external_task_marker_parent', 'example_external_task_marker_child']) retrieved from /home/airflow/.local/lib/python3.7/site-packages/airflow/example_dags/example_external_task_marker_dag.py
[2023-01-31T10:30:42.667+0000] {logging_mixin.py:137} INFO - [2023-01-31T10:30:42.667+0000] {dag.py:2690} INFO - Sync 2 DAGs
[2023-01-31T10:30:42.709+0000] {logging_mixin.py:137} INFO - [2023-01-31T10:30:42.709+0000] {dag.py:3441} INFO - Setting next_dagrun for example_external_task_marker_child to None, run_after=None
[2023-01-31T10:30:42.714+0000] {logging_mixin.py:137} INFO - [2023-01-31T10:30:42.714+0000] {dag.py:3441} INFO - Setting next_dagrun for example_external_task_marker_parent to None, run_after=None
[2023-01-31T10:30:42.730+0000] {processor.py:175} INFO - Processing /home/airflow/.local/lib/python3.7/site-packages/airflow/example_dags/example_external_task_marker_dag.py took 0.279 seconds
[2023-01-31T10:31:13.467+0000] {processor.py:153} INFO - Started process (PID=2592) to work on /home/airflow/.local/lib/python3.7/site-packages/airflow/example_dags/example_external_task_marker_dag.py
[2023-01-31T10:31:13.470+0000] {processor.py:743} INFO - Processing file /home/airflow/.local/lib/python3.7/site-packages/airflow/example_dags/example_external_task_marker_dag.py for tasks to queue
[2023-01-31T10:31:13.474+0000] {logging_mixin.py:137} INFO - [2023-01-31T10:31:13.473+0000] {dagbag.py:538} INFO - Filling up the DagBag from /home/airflow/.local/lib/python3.7/site-packages/airflow/example_dags/example_external_task_marker_dag.py
[2023-01-31T10:31:13.525+0000] {processor.py:753} INFO - DAG(s) dict_keys(['example_external_task_marker_parent', 'example_external_task_marker_child']) retrieved from /home/airflow/.local/lib/python3.7/site-packages/airflow/example_dags/example_external_task_marker_dag.py
[2023-01-31T10:31:13.601+0000] {logging_mixin.py:137} INFO - [2023-01-31T10:31:13.601+0000] {dag.py:2690} INFO - Sync 2 DAGs
[2023-01-31T10:31:13.637+0000] {logging_mixin.py:137} INFO - [2023-01-31T10:31:13.637+0000] {dag.py:3441} INFO - Setting next_dagrun for example_external_task_marker_child to None, run_after=None
[2023-01-31T10:31:13.643+0000] {logging_mixin.py:137} INFO - [2023-01-31T10:31:13.643+0000] {dag.py:3441} INFO - Setting next_dagrun for example_external_task_marker_parent to None, run_after=None
[2023-01-31T10:31:13.709+0000] {processor.py:175} INFO - Processing /home/airflow/.local/lib/python3.7/site-packages/airflow/example_dags/example_external_task_marker_dag.py took 0.247 seconds
[2023-01-31T10:31:44.201+0000] {processor.py:153} INFO - Started process (PID=2669) to work on /home/airflow/.local/lib/python3.7/site-packages/airflow/example_dags/example_external_task_marker_dag.py
[2023-01-31T10:31:44.204+0000] {processor.py:743} INFO - Processing file /home/airflow/.local/lib/python3.7/site-packages/airflow/example_dags/example_external_task_marker_dag.py for tasks to queue
[2023-01-31T10:31:44.206+0000] {logging_mixin.py:137} INFO - [2023-01-31T10:31:44.205+0000] {dagbag.py:538} INFO - Filling up the DagBag from /home/airflow/.local/lib/python3.7/site-packages/airflow/example_dags/example_external_task_marker_dag.py
[2023-01-31T10:31:44.218+0000] {processor.py:753} INFO - DAG(s) dict_keys(['example_external_task_marker_parent', 'example_external_task_marker_child']) retrieved from /home/airflow/.local/lib/python3.7/site-packages/airflow/example_dags/example_external_task_marker_dag.py
[2023-01-31T10:31:44.242+0000] {logging_mixin.py:137} INFO - [2023-01-31T10:31:44.242+0000] {dag.py:2690} INFO - Sync 2 DAGs
[2023-01-31T10:31:44.262+0000] {logging_mixin.py:137} INFO - [2023-01-31T10:31:44.262+0000] {dag.py:3441} INFO - Setting next_dagrun for example_external_task_marker_child to None, run_after=None
[2023-01-31T10:31:44.268+0000] {logging_mixin.py:137} INFO - [2023-01-31T10:31:44.268+0000] {dag.py:3441} INFO - Setting next_dagrun for example_external_task_marker_parent to None, run_after=None
[2023-01-31T10:31:44.283+0000] {processor.py:175} INFO - Processing /home/airflow/.local/lib/python3.7/site-packages/airflow/example_dags/example_external_task_marker_dag.py took 0.086 seconds
[2023-01-31T10:32:15.729+0000] {processor.py:153} INFO - Started process (PID=2757) to work on /home/airflow/.local/lib/python3.7/site-packages/airflow/example_dags/example_external_task_marker_dag.py
[2023-01-31T10:32:15.751+0000] {processor.py:743} INFO - Processing file /home/airflow/.local/lib/python3.7/site-packages/airflow/example_dags/example_external_task_marker_dag.py for tasks to queue
[2023-01-31T10:32:15.760+0000] {logging_mixin.py:137} INFO - [2023-01-31T10:32:15.760+0000] {dagbag.py:538} INFO - Filling up the DagBag from /home/airflow/.local/lib/python3.7/site-packages/airflow/example_dags/example_external_task_marker_dag.py
[2023-01-31T10:32:15.821+0000] {processor.py:753} INFO - DAG(s) dict_keys(['example_external_task_marker_parent', 'example_external_task_marker_child']) retrieved from /home/airflow/.local/lib/python3.7/site-packages/airflow/example_dags/example_external_task_marker_dag.py
[2023-01-31T10:32:15.920+0000] {logging_mixin.py:137} INFO - [2023-01-31T10:32:15.919+0000] {dag.py:2690} INFO - Sync 2 DAGs
[2023-01-31T10:32:15.964+0000] {logging_mixin.py:137} INFO - [2023-01-31T10:32:15.964+0000] {dag.py:3441} INFO - Setting next_dagrun for example_external_task_marker_child to None, run_after=None
[2023-01-31T10:32:15.993+0000] {logging_mixin.py:137} INFO - [2023-01-31T10:32:15.993+0000] {dag.py:3441} INFO - Setting next_dagrun for example_external_task_marker_parent to None, run_after=None
[2023-01-31T10:32:16.043+0000] {processor.py:175} INFO - Processing /home/airflow/.local/lib/python3.7/site-packages/airflow/example_dags/example_external_task_marker_dag.py took 0.319 seconds
[2023-01-31T10:32:46.595+0000] {processor.py:153} INFO - Started process (PID=2843) to work on /home/airflow/.local/lib/python3.7/site-packages/airflow/example_dags/example_external_task_marker_dag.py
[2023-01-31T10:32:46.600+0000] {processor.py:743} INFO - Processing file /home/airflow/.local/lib/python3.7/site-packages/airflow/example_dags/example_external_task_marker_dag.py for tasks to queue
[2023-01-31T10:32:46.603+0000] {logging_mixin.py:137} INFO - [2023-01-31T10:32:46.603+0000] {dagbag.py:538} INFO - Filling up the DagBag from /home/airflow/.local/lib/python3.7/site-packages/airflow/example_dags/example_external_task_marker_dag.py
[2023-01-31T10:32:46.644+0000] {processor.py:753} INFO - DAG(s) dict_keys(['example_external_task_marker_child', 'example_external_task_marker_parent']) retrieved from /home/airflow/.local/lib/python3.7/site-packages/airflow/example_dags/example_external_task_marker_dag.py
[2023-01-31T10:32:46.724+0000] {logging_mixin.py:137} INFO - [2023-01-31T10:32:46.723+0000] {dag.py:2690} INFO - Sync 2 DAGs
[2023-01-31T10:32:46.753+0000] {logging_mixin.py:137} INFO - [2023-01-31T10:32:46.753+0000] {dag.py:3441} INFO - Setting next_dagrun for example_external_task_marker_child to None, run_after=None
[2023-01-31T10:32:46.760+0000] {logging_mixin.py:137} INFO - [2023-01-31T10:32:46.760+0000] {dag.py:3441} INFO - Setting next_dagrun for example_external_task_marker_parent to None, run_after=None
[2023-01-31T10:32:46.811+0000] {processor.py:175} INFO - Processing /home/airflow/.local/lib/python3.7/site-packages/airflow/example_dags/example_external_task_marker_dag.py took 0.222 seconds
[2023-01-31T10:33:17.326+0000] {processor.py:153} INFO - Started process (PID=2922) to work on /home/airflow/.local/lib/python3.7/site-packages/airflow/example_dags/example_external_task_marker_dag.py
[2023-01-31T10:33:17.328+0000] {processor.py:743} INFO - Processing file /home/airflow/.local/lib/python3.7/site-packages/airflow/example_dags/example_external_task_marker_dag.py for tasks to queue
[2023-01-31T10:33:17.331+0000] {logging_mixin.py:137} INFO - [2023-01-31T10:33:17.330+0000] {dagbag.py:538} INFO - Filling up the DagBag from /home/airflow/.local/lib/python3.7/site-packages/airflow/example_dags/example_external_task_marker_dag.py
[2023-01-31T10:33:17.346+0000] {processor.py:753} INFO - DAG(s) dict_keys(['example_external_task_marker_child', 'example_external_task_marker_parent']) retrieved from /home/airflow/.local/lib/python3.7/site-packages/airflow/example_dags/example_external_task_marker_dag.py
[2023-01-31T10:33:17.419+0000] {logging_mixin.py:137} INFO - [2023-01-31T10:33:17.419+0000] {dag.py:2690} INFO - Sync 2 DAGs
[2023-01-31T10:33:17.478+0000] {logging_mixin.py:137} INFO - [2023-01-31T10:33:17.477+0000] {dag.py:3441} INFO - Setting next_dagrun for example_external_task_marker_child to None, run_after=None
[2023-01-31T10:33:17.485+0000] {logging_mixin.py:137} INFO - [2023-01-31T10:33:17.484+0000] {dag.py:3441} INFO - Setting next_dagrun for example_external_task_marker_parent to None, run_after=None
[2023-01-31T10:33:17.553+0000] {processor.py:175} INFO - Processing /home/airflow/.local/lib/python3.7/site-packages/airflow/example_dags/example_external_task_marker_dag.py took 0.231 seconds
[2023-01-31T10:33:48.737+0000] {processor.py:153} INFO - Started process (PID=3017) to work on /home/airflow/.local/lib/python3.7/site-packages/airflow/example_dags/example_external_task_marker_dag.py
[2023-01-31T10:33:48.741+0000] {processor.py:743} INFO - Processing file /home/airflow/.local/lib/python3.7/site-packages/airflow/example_dags/example_external_task_marker_dag.py for tasks to queue
[2023-01-31T10:33:48.752+0000] {logging_mixin.py:137} INFO - [2023-01-31T10:33:48.751+0000] {dagbag.py:538} INFO - Filling up the DagBag from /home/airflow/.local/lib/python3.7/site-packages/airflow/example_dags/example_external_task_marker_dag.py
[2023-01-31T10:33:48.774+0000] {processor.py:753} INFO - DAG(s) dict_keys(['example_external_task_marker_child', 'example_external_task_marker_parent']) retrieved from /home/airflow/.local/lib/python3.7/site-packages/airflow/example_dags/example_external_task_marker_dag.py
[2023-01-31T10:33:48.831+0000] {logging_mixin.py:137} INFO - [2023-01-31T10:33:48.831+0000] {dag.py:2690} INFO - Sync 2 DAGs
[2023-01-31T10:33:48.858+0000] {logging_mixin.py:137} INFO - [2023-01-31T10:33:48.858+0000] {dag.py:3441} INFO - Setting next_dagrun for example_external_task_marker_child to None, run_after=None
[2023-01-31T10:33:48.862+0000] {logging_mixin.py:137} INFO - [2023-01-31T10:33:48.861+0000] {dag.py:3441} INFO - Setting next_dagrun for example_external_task_marker_parent to None, run_after=None
[2023-01-31T10:33:48.874+0000] {processor.py:175} INFO - Processing /home/airflow/.local/lib/python3.7/site-packages/airflow/example_dags/example_external_task_marker_dag.py took 0.145 seconds
[2023-01-31T10:34:19.176+0000] {processor.py:153} INFO - Started process (PID=3096) to work on /home/airflow/.local/lib/python3.7/site-packages/airflow/example_dags/example_external_task_marker_dag.py
[2023-01-31T10:34:19.178+0000] {processor.py:743} INFO - Processing file /home/airflow/.local/lib/python3.7/site-packages/airflow/example_dags/example_external_task_marker_dag.py for tasks to queue
[2023-01-31T10:34:19.180+0000] {logging_mixin.py:137} INFO - [2023-01-31T10:34:19.180+0000] {dagbag.py:538} INFO - Filling up the DagBag from /home/airflow/.local/lib/python3.7/site-packages/airflow/example_dags/example_external_task_marker_dag.py
[2023-01-31T10:34:19.191+0000] {processor.py:753} INFO - DAG(s) dict_keys(['example_external_task_marker_parent', 'example_external_task_marker_child']) retrieved from /home/airflow/.local/lib/python3.7/site-packages/airflow/example_dags/example_external_task_marker_dag.py
[2023-01-31T10:34:19.237+0000] {logging_mixin.py:137} INFO - [2023-01-31T10:34:19.237+0000] {dag.py:2690} INFO - Sync 2 DAGs
[2023-01-31T10:34:19.261+0000] {logging_mixin.py:137} INFO - [2023-01-31T10:34:19.261+0000] {dag.py:3441} INFO - Setting next_dagrun for example_external_task_marker_child to None, run_after=None
[2023-01-31T10:34:19.276+0000] {logging_mixin.py:137} INFO - [2023-01-31T10:34:19.275+0000] {dag.py:3441} INFO - Setting next_dagrun for example_external_task_marker_parent to None, run_after=None
[2023-01-31T10:34:19.296+0000] {processor.py:175} INFO - Processing /home/airflow/.local/lib/python3.7/site-packages/airflow/example_dags/example_external_task_marker_dag.py took 0.124 seconds
[2023-01-31T10:34:49.780+0000] {processor.py:153} INFO - Started process (PID=3192) to work on /home/airflow/.local/lib/python3.7/site-packages/airflow/example_dags/example_external_task_marker_dag.py
[2023-01-31T10:34:49.792+0000] {processor.py:743} INFO - Processing file /home/airflow/.local/lib/python3.7/site-packages/airflow/example_dags/example_external_task_marker_dag.py for tasks to queue
[2023-01-31T10:34:49.795+0000] {logging_mixin.py:137} INFO - [2023-01-31T10:34:49.795+0000] {dagbag.py:538} INFO - Filling up the DagBag from /home/airflow/.local/lib/python3.7/site-packages/airflow/example_dags/example_external_task_marker_dag.py
[2023-01-31T10:34:49.819+0000] {processor.py:753} INFO - DAG(s) dict_keys(['example_external_task_marker_parent', 'example_external_task_marker_child']) retrieved from /home/airflow/.local/lib/python3.7/site-packages/airflow/example_dags/example_external_task_marker_dag.py
[2023-01-31T10:34:49.901+0000] {logging_mixin.py:137} INFO - [2023-01-31T10:34:49.901+0000] {dag.py:2690} INFO - Sync 2 DAGs
[2023-01-31T10:34:49.944+0000] {logging_mixin.py:137} INFO - [2023-01-31T10:34:49.944+0000] {dag.py:3441} INFO - Setting next_dagrun for example_external_task_marker_child to None, run_after=None
[2023-01-31T10:34:49.951+0000] {logging_mixin.py:137} INFO - [2023-01-31T10:34:49.950+0000] {dag.py:3441} INFO - Setting next_dagrun for example_external_task_marker_parent to None, run_after=None
[2023-01-31T10:34:49.992+0000] {processor.py:175} INFO - Processing /home/airflow/.local/lib/python3.7/site-packages/airflow/example_dags/example_external_task_marker_dag.py took 0.222 seconds
[2023-01-31T10:35:20.610+0000] {processor.py:153} INFO - Started process (PID=3268) to work on /home/airflow/.local/lib/python3.7/site-packages/airflow/example_dags/example_external_task_marker_dag.py
[2023-01-31T10:35:20.621+0000] {processor.py:743} INFO - Processing file /home/airflow/.local/lib/python3.7/site-packages/airflow/example_dags/example_external_task_marker_dag.py for tasks to queue
[2023-01-31T10:35:20.637+0000] {logging_mixin.py:137} INFO - [2023-01-31T10:35:20.636+0000] {dagbag.py:538} INFO - Filling up the DagBag from /home/airflow/.local/lib/python3.7/site-packages/airflow/example_dags/example_external_task_marker_dag.py
[2023-01-31T10:35:20.671+0000] {processor.py:753} INFO - DAG(s) dict_keys(['example_external_task_marker_child', 'example_external_task_marker_parent']) retrieved from /home/airflow/.local/lib/python3.7/site-packages/airflow/example_dags/example_external_task_marker_dag.py
[2023-01-31T10:35:20.801+0000] {logging_mixin.py:137} INFO - [2023-01-31T10:35:20.801+0000] {dag.py:2690} INFO - Sync 2 DAGs
[2023-01-31T10:35:20.888+0000] {logging_mixin.py:137} INFO - [2023-01-31T10:35:20.888+0000] {dag.py:3441} INFO - Setting next_dagrun for example_external_task_marker_child to None, run_after=None
[2023-01-31T10:35:20.896+0000] {logging_mixin.py:137} INFO - [2023-01-31T10:35:20.896+0000] {dag.py:3441} INFO - Setting next_dagrun for example_external_task_marker_parent to None, run_after=None
[2023-01-31T10:35:20.938+0000] {processor.py:175} INFO - Processing /home/airflow/.local/lib/python3.7/site-packages/airflow/example_dags/example_external_task_marker_dag.py took 0.343 seconds
[2023-01-31T10:35:51.273+0000] {processor.py:153} INFO - Started process (PID=3354) to work on /home/airflow/.local/lib/python3.7/site-packages/airflow/example_dags/example_external_task_marker_dag.py
[2023-01-31T10:35:51.276+0000] {processor.py:743} INFO - Processing file /home/airflow/.local/lib/python3.7/site-packages/airflow/example_dags/example_external_task_marker_dag.py for tasks to queue
[2023-01-31T10:35:51.279+0000] {logging_mixin.py:137} INFO - [2023-01-31T10:35:51.278+0000] {dagbag.py:538} INFO - Filling up the DagBag from /home/airflow/.local/lib/python3.7/site-packages/airflow/example_dags/example_external_task_marker_dag.py
[2023-01-31T10:35:51.297+0000] {processor.py:753} INFO - DAG(s) dict_keys(['example_external_task_marker_parent', 'example_external_task_marker_child']) retrieved from /home/airflow/.local/lib/python3.7/site-packages/airflow/example_dags/example_external_task_marker_dag.py
[2023-01-31T10:35:51.348+0000] {logging_mixin.py:137} INFO - [2023-01-31T10:35:51.347+0000] {dag.py:2690} INFO - Sync 2 DAGs
[2023-01-31T10:35:51.368+0000] {logging_mixin.py:137} INFO - [2023-01-31T10:35:51.368+0000] {dag.py:3441} INFO - Setting next_dagrun for example_external_task_marker_child to None, run_after=None
[2023-01-31T10:35:51.372+0000] {logging_mixin.py:137} INFO - [2023-01-31T10:35:51.372+0000] {dag.py:3441} INFO - Setting next_dagrun for example_external_task_marker_parent to None, run_after=None
[2023-01-31T10:35:51.388+0000] {processor.py:175} INFO - Processing /home/airflow/.local/lib/python3.7/site-packages/airflow/example_dags/example_external_task_marker_dag.py took 0.120 seconds
[2023-01-31T10:36:22.951+0000] {processor.py:153} INFO - Started process (PID=3433) to work on /home/airflow/.local/lib/python3.7/site-packages/airflow/example_dags/example_external_task_marker_dag.py
[2023-01-31T10:36:22.954+0000] {processor.py:743} INFO - Processing file /home/airflow/.local/lib/python3.7/site-packages/airflow/example_dags/example_external_task_marker_dag.py for tasks to queue
[2023-01-31T10:36:22.956+0000] {logging_mixin.py:137} INFO - [2023-01-31T10:36:22.956+0000] {dagbag.py:538} INFO - Filling up the DagBag from /home/airflow/.local/lib/python3.7/site-packages/airflow/example_dags/example_external_task_marker_dag.py
[2023-01-31T10:36:23.006+0000] {processor.py:753} INFO - DAG(s) dict_keys(['example_external_task_marker_child', 'example_external_task_marker_parent']) retrieved from /home/airflow/.local/lib/python3.7/site-packages/airflow/example_dags/example_external_task_marker_dag.py
[2023-01-31T10:36:23.076+0000] {logging_mixin.py:137} INFO - [2023-01-31T10:36:23.075+0000] {dag.py:2690} INFO - Sync 2 DAGs
[2023-01-31T10:36:23.188+0000] {logging_mixin.py:137} INFO - [2023-01-31T10:36:23.188+0000] {dag.py:3441} INFO - Setting next_dagrun for example_external_task_marker_child to None, run_after=None
[2023-01-31T10:36:23.205+0000] {logging_mixin.py:137} INFO - [2023-01-31T10:36:23.205+0000] {dag.py:3441} INFO - Setting next_dagrun for example_external_task_marker_parent to None, run_after=None
[2023-01-31T10:36:23.283+0000] {processor.py:175} INFO - Processing /home/airflow/.local/lib/python3.7/site-packages/airflow/example_dags/example_external_task_marker_dag.py took 0.337 seconds
[2023-01-31T10:36:53.847+0000] {processor.py:153} INFO - Started process (PID=3516) to work on /home/airflow/.local/lib/python3.7/site-packages/airflow/example_dags/example_external_task_marker_dag.py
[2023-01-31T10:36:53.849+0000] {processor.py:743} INFO - Processing file /home/airflow/.local/lib/python3.7/site-packages/airflow/example_dags/example_external_task_marker_dag.py for tasks to queue
[2023-01-31T10:36:53.851+0000] {logging_mixin.py:137} INFO - [2023-01-31T10:36:53.851+0000] {dagbag.py:538} INFO - Filling up the DagBag from /home/airflow/.local/lib/python3.7/site-packages/airflow/example_dags/example_external_task_marker_dag.py
[2023-01-31T10:36:53.866+0000] {processor.py:753} INFO - DAG(s) dict_keys(['example_external_task_marker_parent', 'example_external_task_marker_child']) retrieved from /home/airflow/.local/lib/python3.7/site-packages/airflow/example_dags/example_external_task_marker_dag.py
[2023-01-31T10:36:53.899+0000] {logging_mixin.py:137} INFO - [2023-01-31T10:36:53.899+0000] {dag.py:2690} INFO - Sync 2 DAGs
[2023-01-31T10:36:53.931+0000] {logging_mixin.py:137} INFO - [2023-01-31T10:36:53.931+0000] {dag.py:3441} INFO - Setting next_dagrun for example_external_task_marker_child to None, run_after=None
[2023-01-31T10:36:53.937+0000] {logging_mixin.py:137} INFO - [2023-01-31T10:36:53.937+0000] {dag.py:3441} INFO - Setting next_dagrun for example_external_task_marker_parent to None, run_after=None
[2023-01-31T10:36:53.952+0000] {processor.py:175} INFO - Processing /home/airflow/.local/lib/python3.7/site-packages/airflow/example_dags/example_external_task_marker_dag.py took 0.111 seconds
[2023-01-31T10:37:24.679+0000] {processor.py:153} INFO - Started process (PID=3595) to work on /home/airflow/.local/lib/python3.7/site-packages/airflow/example_dags/example_external_task_marker_dag.py
[2023-01-31T10:37:24.681+0000] {processor.py:743} INFO - Processing file /home/airflow/.local/lib/python3.7/site-packages/airflow/example_dags/example_external_task_marker_dag.py for tasks to queue
[2023-01-31T10:37:24.683+0000] {logging_mixin.py:137} INFO - [2023-01-31T10:37:24.683+0000] {dagbag.py:538} INFO - Filling up the DagBag from /home/airflow/.local/lib/python3.7/site-packages/airflow/example_dags/example_external_task_marker_dag.py
[2023-01-31T10:37:24.696+0000] {processor.py:753} INFO - DAG(s) dict_keys(['example_external_task_marker_parent', 'example_external_task_marker_child']) retrieved from /home/airflow/.local/lib/python3.7/site-packages/airflow/example_dags/example_external_task_marker_dag.py
[2023-01-31T10:37:24.739+0000] {logging_mixin.py:137} INFO - [2023-01-31T10:37:24.738+0000] {dag.py:2690} INFO - Sync 2 DAGs
[2023-01-31T10:37:24.761+0000] {logging_mixin.py:137} INFO - [2023-01-31T10:37:24.761+0000] {dag.py:3441} INFO - Setting next_dagrun for example_external_task_marker_child to None, run_after=None
[2023-01-31T10:37:24.768+0000] {logging_mixin.py:137} INFO - [2023-01-31T10:37:24.768+0000] {dag.py:3441} INFO - Setting next_dagrun for example_external_task_marker_parent to None, run_after=None
[2023-01-31T10:37:24.783+0000] {processor.py:175} INFO - Processing /home/airflow/.local/lib/python3.7/site-packages/airflow/example_dags/example_external_task_marker_dag.py took 0.108 seconds
[2023-01-31T10:37:55.542+0000] {processor.py:153} INFO - Started process (PID=3674) to work on /home/airflow/.local/lib/python3.7/site-packages/airflow/example_dags/example_external_task_marker_dag.py
[2023-01-31T10:37:55.544+0000] {processor.py:743} INFO - Processing file /home/airflow/.local/lib/python3.7/site-packages/airflow/example_dags/example_external_task_marker_dag.py for tasks to queue
[2023-01-31T10:37:55.545+0000] {logging_mixin.py:137} INFO - [2023-01-31T10:37:55.545+0000] {dagbag.py:538} INFO - Filling up the DagBag from /home/airflow/.local/lib/python3.7/site-packages/airflow/example_dags/example_external_task_marker_dag.py
[2023-01-31T10:37:55.554+0000] {processor.py:753} INFO - DAG(s) dict_keys(['example_external_task_marker_child', 'example_external_task_marker_parent']) retrieved from /home/airflow/.local/lib/python3.7/site-packages/airflow/example_dags/example_external_task_marker_dag.py
[2023-01-31T10:37:55.593+0000] {logging_mixin.py:137} INFO - [2023-01-31T10:37:55.593+0000] {dag.py:2690} INFO - Sync 2 DAGs
[2023-01-31T10:37:55.621+0000] {logging_mixin.py:137} INFO - [2023-01-31T10:37:55.621+0000] {dag.py:3441} INFO - Setting next_dagrun for example_external_task_marker_child to None, run_after=None
[2023-01-31T10:37:55.625+0000] {logging_mixin.py:137} INFO - [2023-01-31T10:37:55.625+0000] {dag.py:3441} INFO - Setting next_dagrun for example_external_task_marker_parent to None, run_after=None
[2023-01-31T10:37:55.644+0000] {processor.py:175} INFO - Processing /home/airflow/.local/lib/python3.7/site-packages/airflow/example_dags/example_external_task_marker_dag.py took 0.105 seconds
[2023-01-31T10:38:26.354+0000] {processor.py:153} INFO - Started process (PID=3753) to work on /home/airflow/.local/lib/python3.7/site-packages/airflow/example_dags/example_external_task_marker_dag.py
[2023-01-31T10:38:26.356+0000] {processor.py:743} INFO - Processing file /home/airflow/.local/lib/python3.7/site-packages/airflow/example_dags/example_external_task_marker_dag.py for tasks to queue
[2023-01-31T10:38:26.357+0000] {logging_mixin.py:137} INFO - [2023-01-31T10:38:26.357+0000] {dagbag.py:538} INFO - Filling up the DagBag from /home/airflow/.local/lib/python3.7/site-packages/airflow/example_dags/example_external_task_marker_dag.py
[2023-01-31T10:38:26.368+0000] {processor.py:753} INFO - DAG(s) dict_keys(['example_external_task_marker_child', 'example_external_task_marker_parent']) retrieved from /home/airflow/.local/lib/python3.7/site-packages/airflow/example_dags/example_external_task_marker_dag.py
[2023-01-31T10:38:26.395+0000] {logging_mixin.py:137} INFO - [2023-01-31T10:38:26.395+0000] {dag.py:2690} INFO - Sync 2 DAGs
[2023-01-31T10:38:26.413+0000] {logging_mixin.py:137} INFO - [2023-01-31T10:38:26.412+0000] {dag.py:3441} INFO - Setting next_dagrun for example_external_task_marker_child to None, run_after=None
[2023-01-31T10:38:26.415+0000] {logging_mixin.py:137} INFO - [2023-01-31T10:38:26.415+0000] {dag.py:3441} INFO - Setting next_dagrun for example_external_task_marker_parent to None, run_after=None
[2023-01-31T10:38:26.441+0000] {processor.py:175} INFO - Processing /home/airflow/.local/lib/python3.7/site-packages/airflow/example_dags/example_external_task_marker_dag.py took 0.091 seconds
[2023-01-31T10:38:57.630+0000] {processor.py:153} INFO - Started process (PID=3836) to work on /home/airflow/.local/lib/python3.7/site-packages/airflow/example_dags/example_external_task_marker_dag.py
[2023-01-31T10:38:57.636+0000] {processor.py:743} INFO - Processing file /home/airflow/.local/lib/python3.7/site-packages/airflow/example_dags/example_external_task_marker_dag.py for tasks to queue
[2023-01-31T10:38:57.639+0000] {logging_mixin.py:137} INFO - [2023-01-31T10:38:57.639+0000] {dagbag.py:538} INFO - Filling up the DagBag from /home/airflow/.local/lib/python3.7/site-packages/airflow/example_dags/example_external_task_marker_dag.py
[2023-01-31T10:38:57.660+0000] {processor.py:753} INFO - DAG(s) dict_keys(['example_external_task_marker_child', 'example_external_task_marker_parent']) retrieved from /home/airflow/.local/lib/python3.7/site-packages/airflow/example_dags/example_external_task_marker_dag.py
[2023-01-31T10:38:57.690+0000] {logging_mixin.py:137} INFO - [2023-01-31T10:38:57.690+0000] {dag.py:2690} INFO - Sync 2 DAGs
[2023-01-31T10:38:57.719+0000] {logging_mixin.py:137} INFO - [2023-01-31T10:38:57.719+0000] {dag.py:3441} INFO - Setting next_dagrun for example_external_task_marker_child to None, run_after=None
[2023-01-31T10:38:57.729+0000] {logging_mixin.py:137} INFO - [2023-01-31T10:38:57.729+0000] {dag.py:3441} INFO - Setting next_dagrun for example_external_task_marker_parent to None, run_after=None
[2023-01-31T10:38:57.745+0000] {processor.py:175} INFO - Processing /home/airflow/.local/lib/python3.7/site-packages/airflow/example_dags/example_external_task_marker_dag.py took 0.119 seconds
[2023-01-31T10:39:28.587+0000] {processor.py:153} INFO - Started process (PID=3914) to work on /home/airflow/.local/lib/python3.7/site-packages/airflow/example_dags/example_external_task_marker_dag.py
[2023-01-31T10:39:28.589+0000] {processor.py:743} INFO - Processing file /home/airflow/.local/lib/python3.7/site-packages/airflow/example_dags/example_external_task_marker_dag.py for tasks to queue
[2023-01-31T10:39:28.600+0000] {logging_mixin.py:137} INFO - [2023-01-31T10:39:28.599+0000] {dagbag.py:538} INFO - Filling up the DagBag from /home/airflow/.local/lib/python3.7/site-packages/airflow/example_dags/example_external_task_marker_dag.py
[2023-01-31T10:39:28.615+0000] {processor.py:753} INFO - DAG(s) dict_keys(['example_external_task_marker_parent', 'example_external_task_marker_child']) retrieved from /home/airflow/.local/lib/python3.7/site-packages/airflow/example_dags/example_external_task_marker_dag.py
[2023-01-31T10:39:28.647+0000] {logging_mixin.py:137} INFO - [2023-01-31T10:39:28.647+0000] {dag.py:2690} INFO - Sync 2 DAGs
[2023-01-31T10:39:28.669+0000] {logging_mixin.py:137} INFO - [2023-01-31T10:39:28.669+0000] {dag.py:3441} INFO - Setting next_dagrun for example_external_task_marker_child to None, run_after=None
[2023-01-31T10:39:28.672+0000] {logging_mixin.py:137} INFO - [2023-01-31T10:39:28.672+0000] {dag.py:3441} INFO - Setting next_dagrun for example_external_task_marker_parent to None, run_after=None
[2023-01-31T10:39:28.686+0000] {processor.py:175} INFO - Processing /home/airflow/.local/lib/python3.7/site-packages/airflow/example_dags/example_external_task_marker_dag.py took 0.102 seconds
[2023-01-31T10:40:00.137+0000] {processor.py:153} INFO - Started process (PID=4002) to work on /home/airflow/.local/lib/python3.7/site-packages/airflow/example_dags/example_external_task_marker_dag.py
[2023-01-31T10:40:00.154+0000] {processor.py:743} INFO - Processing file /home/airflow/.local/lib/python3.7/site-packages/airflow/example_dags/example_external_task_marker_dag.py for tasks to queue
[2023-01-31T10:40:00.167+0000] {logging_mixin.py:137} INFO - [2023-01-31T10:40:00.166+0000] {dagbag.py:538} INFO - Filling up the DagBag from /home/airflow/.local/lib/python3.7/site-packages/airflow/example_dags/example_external_task_marker_dag.py
[2023-01-31T10:40:00.228+0000] {processor.py:753} INFO - DAG(s) dict_keys(['example_external_task_marker_child', 'example_external_task_marker_parent']) retrieved from /home/airflow/.local/lib/python3.7/site-packages/airflow/example_dags/example_external_task_marker_dag.py
[2023-01-31T10:40:00.329+0000] {logging_mixin.py:137} INFO - [2023-01-31T10:40:00.329+0000] {dag.py:2690} INFO - Sync 2 DAGs
[2023-01-31T10:40:00.363+0000] {logging_mixin.py:137} INFO - [2023-01-31T10:40:00.363+0000] {dag.py:3441} INFO - Setting next_dagrun for example_external_task_marker_child to None, run_after=None
[2023-01-31T10:40:00.379+0000] {logging_mixin.py:137} INFO - [2023-01-31T10:40:00.379+0000] {dag.py:3441} INFO - Setting next_dagrun for example_external_task_marker_parent to None, run_after=None
[2023-01-31T10:40:00.457+0000] {processor.py:175} INFO - Processing /home/airflow/.local/lib/python3.7/site-packages/airflow/example_dags/example_external_task_marker_dag.py took 0.325 seconds
[2023-01-31T10:40:31.381+0000] {processor.py:153} INFO - Started process (PID=4087) to work on /home/airflow/.local/lib/python3.7/site-packages/airflow/example_dags/example_external_task_marker_dag.py
[2023-01-31T10:40:31.384+0000] {processor.py:743} INFO - Processing file /home/airflow/.local/lib/python3.7/site-packages/airflow/example_dags/example_external_task_marker_dag.py for tasks to queue
[2023-01-31T10:40:31.391+0000] {logging_mixin.py:137} INFO - [2023-01-31T10:40:31.391+0000] {dagbag.py:538} INFO - Filling up the DagBag from /home/airflow/.local/lib/python3.7/site-packages/airflow/example_dags/example_external_task_marker_dag.py
[2023-01-31T10:40:31.415+0000] {processor.py:753} INFO - DAG(s) dict_keys(['example_external_task_marker_parent', 'example_external_task_marker_child']) retrieved from /home/airflow/.local/lib/python3.7/site-packages/airflow/example_dags/example_external_task_marker_dag.py
[2023-01-31T10:40:31.541+0000] {logging_mixin.py:137} INFO - [2023-01-31T10:40:31.541+0000] {dag.py:2690} INFO - Sync 2 DAGs
[2023-01-31T10:40:31.617+0000] {logging_mixin.py:137} INFO - [2023-01-31T10:40:31.616+0000] {dag.py:3441} INFO - Setting next_dagrun for example_external_task_marker_child to None, run_after=None
[2023-01-31T10:40:31.625+0000] {logging_mixin.py:137} INFO - [2023-01-31T10:40:31.625+0000] {dag.py:3441} INFO - Setting next_dagrun for example_external_task_marker_parent to None, run_after=None
[2023-01-31T10:40:31.722+0000] {processor.py:175} INFO - Processing /home/airflow/.local/lib/python3.7/site-packages/airflow/example_dags/example_external_task_marker_dag.py took 0.346 seconds
[2023-01-31T10:41:02.239+0000] {processor.py:153} INFO - Started process (PID=4166) to work on /home/airflow/.local/lib/python3.7/site-packages/airflow/example_dags/example_external_task_marker_dag.py
[2023-01-31T10:41:02.241+0000] {processor.py:743} INFO - Processing file /home/airflow/.local/lib/python3.7/site-packages/airflow/example_dags/example_external_task_marker_dag.py for tasks to queue
[2023-01-31T10:41:02.242+0000] {logging_mixin.py:137} INFO - [2023-01-31T10:41:02.242+0000] {dagbag.py:538} INFO - Filling up the DagBag from /home/airflow/.local/lib/python3.7/site-packages/airflow/example_dags/example_external_task_marker_dag.py
[2023-01-31T10:41:02.254+0000] {processor.py:753} INFO - DAG(s) dict_keys(['example_external_task_marker_parent', 'example_external_task_marker_child']) retrieved from /home/airflow/.local/lib/python3.7/site-packages/airflow/example_dags/example_external_task_marker_dag.py
[2023-01-31T10:41:02.281+0000] {logging_mixin.py:137} INFO - [2023-01-31T10:41:02.281+0000] {dag.py:2690} INFO - Sync 2 DAGs
[2023-01-31T10:41:02.297+0000] {logging_mixin.py:137} INFO - [2023-01-31T10:41:02.297+0000] {dag.py:3441} INFO - Setting next_dagrun for example_external_task_marker_child to None, run_after=None
[2023-01-31T10:41:02.301+0000] {logging_mixin.py:137} INFO - [2023-01-31T10:41:02.301+0000] {dag.py:3441} INFO - Setting next_dagrun for example_external_task_marker_parent to None, run_after=None
[2023-01-31T10:41:02.317+0000] {processor.py:175} INFO - Processing /home/airflow/.local/lib/python3.7/site-packages/airflow/example_dags/example_external_task_marker_dag.py took 0.081 seconds
[2023-01-31T10:41:32.704+0000] {processor.py:153} INFO - Started process (PID=4245) to work on /home/airflow/.local/lib/python3.7/site-packages/airflow/example_dags/example_external_task_marker_dag.py
[2023-01-31T10:41:32.709+0000] {processor.py:743} INFO - Processing file /home/airflow/.local/lib/python3.7/site-packages/airflow/example_dags/example_external_task_marker_dag.py for tasks to queue
[2023-01-31T10:41:32.711+0000] {logging_mixin.py:137} INFO - [2023-01-31T10:41:32.711+0000] {dagbag.py:538} INFO - Filling up the DagBag from /home/airflow/.local/lib/python3.7/site-packages/airflow/example_dags/example_external_task_marker_dag.py
[2023-01-31T10:41:32.725+0000] {processor.py:753} INFO - DAG(s) dict_keys(['example_external_task_marker_child', 'example_external_task_marker_parent']) retrieved from /home/airflow/.local/lib/python3.7/site-packages/airflow/example_dags/example_external_task_marker_dag.py
[2023-01-31T10:41:32.756+0000] {logging_mixin.py:137} INFO - [2023-01-31T10:41:32.756+0000] {dag.py:2690} INFO - Sync 2 DAGs
[2023-01-31T10:41:32.782+0000] {logging_mixin.py:137} INFO - [2023-01-31T10:41:32.782+0000] {dag.py:3441} INFO - Setting next_dagrun for example_external_task_marker_child to None, run_after=None
[2023-01-31T10:41:32.786+0000] {logging_mixin.py:137} INFO - [2023-01-31T10:41:32.786+0000] {dag.py:3441} INFO - Setting next_dagrun for example_external_task_marker_parent to None, run_after=None
[2023-01-31T10:41:32.802+0000] {processor.py:175} INFO - Processing /home/airflow/.local/lib/python3.7/site-packages/airflow/example_dags/example_external_task_marker_dag.py took 0.103 seconds
[2023-01-31T10:42:04.615+0000] {processor.py:153} INFO - Started process (PID=4325) to work on /home/airflow/.local/lib/python3.7/site-packages/airflow/example_dags/example_external_task_marker_dag.py
[2023-01-31T10:42:04.618+0000] {processor.py:743} INFO - Processing file /home/airflow/.local/lib/python3.7/site-packages/airflow/example_dags/example_external_task_marker_dag.py for tasks to queue
[2023-01-31T10:42:04.622+0000] {logging_mixin.py:137} INFO - [2023-01-31T10:42:04.622+0000] {dagbag.py:538} INFO - Filling up the DagBag from /home/airflow/.local/lib/python3.7/site-packages/airflow/example_dags/example_external_task_marker_dag.py
[2023-01-31T10:42:04.659+0000] {processor.py:753} INFO - DAG(s) dict_keys(['example_external_task_marker_child', 'example_external_task_marker_parent']) retrieved from /home/airflow/.local/lib/python3.7/site-packages/airflow/example_dags/example_external_task_marker_dag.py
[2023-01-31T10:42:04.719+0000] {logging_mixin.py:137} INFO - [2023-01-31T10:42:04.719+0000] {dag.py:2690} INFO - Sync 2 DAGs
[2023-01-31T10:42:04.769+0000] {logging_mixin.py:137} INFO - [2023-01-31T10:42:04.769+0000] {dag.py:3441} INFO - Setting next_dagrun for example_external_task_marker_child to None, run_after=None
[2023-01-31T10:42:04.773+0000] {logging_mixin.py:137} INFO - [2023-01-31T10:42:04.773+0000] {dag.py:3441} INFO - Setting next_dagrun for example_external_task_marker_parent to None, run_after=None
[2023-01-31T10:42:04.826+0000] {processor.py:175} INFO - Processing /home/airflow/.local/lib/python3.7/site-packages/airflow/example_dags/example_external_task_marker_dag.py took 0.218 seconds
[2023-01-31T10:42:37.659+0000] {processor.py:153} INFO - Started process (PID=4409) to work on /home/airflow/.local/lib/python3.7/site-packages/airflow/example_dags/example_external_task_marker_dag.py
[2023-01-31T10:42:37.661+0000] {processor.py:743} INFO - Processing file /home/airflow/.local/lib/python3.7/site-packages/airflow/example_dags/example_external_task_marker_dag.py for tasks to queue
[2023-01-31T10:42:37.662+0000] {logging_mixin.py:137} INFO - [2023-01-31T10:42:37.662+0000] {dagbag.py:538} INFO - Filling up the DagBag from /home/airflow/.local/lib/python3.7/site-packages/airflow/example_dags/example_external_task_marker_dag.py
[2023-01-31T10:42:37.680+0000] {processor.py:753} INFO - DAG(s) dict_keys(['example_external_task_marker_child', 'example_external_task_marker_parent']) retrieved from /home/airflow/.local/lib/python3.7/site-packages/airflow/example_dags/example_external_task_marker_dag.py
[2023-01-31T10:42:37.733+0000] {logging_mixin.py:137} INFO - [2023-01-31T10:42:37.733+0000] {dag.py:2690} INFO - Sync 2 DAGs
[2023-01-31T10:42:37.770+0000] {logging_mixin.py:137} INFO - [2023-01-31T10:42:37.770+0000] {dag.py:3441} INFO - Setting next_dagrun for example_external_task_marker_child to None, run_after=None
[2023-01-31T10:42:37.794+0000] {logging_mixin.py:137} INFO - [2023-01-31T10:42:37.793+0000] {dag.py:3441} INFO - Setting next_dagrun for example_external_task_marker_parent to None, run_after=None
[2023-01-31T10:42:37.861+0000] {processor.py:175} INFO - Processing /home/airflow/.local/lib/python3.7/site-packages/airflow/example_dags/example_external_task_marker_dag.py took 0.207 seconds
[2023-01-31T10:43:14.171+0000] {processor.py:153} INFO - Started process (PID=4505) to work on /home/airflow/.local/lib/python3.7/site-packages/airflow/example_dags/example_external_task_marker_dag.py
[2023-01-31T10:43:14.175+0000] {processor.py:743} INFO - Processing file /home/airflow/.local/lib/python3.7/site-packages/airflow/example_dags/example_external_task_marker_dag.py for tasks to queue
[2023-01-31T10:43:14.184+0000] {logging_mixin.py:137} INFO - [2023-01-31T10:43:14.183+0000] {dagbag.py:538} INFO - Filling up the DagBag from /home/airflow/.local/lib/python3.7/site-packages/airflow/example_dags/example_external_task_marker_dag.py
[2023-01-31T10:43:14.203+0000] {processor.py:753} INFO - DAG(s) dict_keys(['example_external_task_marker_child', 'example_external_task_marker_parent']) retrieved from /home/airflow/.local/lib/python3.7/site-packages/airflow/example_dags/example_external_task_marker_dag.py
[2023-01-31T10:43:14.278+0000] {logging_mixin.py:137} INFO - [2023-01-31T10:43:14.278+0000] {dag.py:2690} INFO - Sync 2 DAGs
[2023-01-31T10:43:14.302+0000] {logging_mixin.py:137} INFO - [2023-01-31T10:43:14.302+0000] {dag.py:3441} INFO - Setting next_dagrun for example_external_task_marker_child to None, run_after=None
[2023-01-31T10:43:14.306+0000] {logging_mixin.py:137} INFO - [2023-01-31T10:43:14.306+0000] {dag.py:3441} INFO - Setting next_dagrun for example_external_task_marker_parent to None, run_after=None
[2023-01-31T10:43:14.321+0000] {processor.py:175} INFO - Processing /home/airflow/.local/lib/python3.7/site-packages/airflow/example_dags/example_external_task_marker_dag.py took 0.153 seconds
[2023-01-31T10:43:44.548+0000] {processor.py:153} INFO - Started process (PID=4583) to work on /home/airflow/.local/lib/python3.7/site-packages/airflow/example_dags/example_external_task_marker_dag.py
[2023-01-31T10:43:44.553+0000] {processor.py:743} INFO - Processing file /home/airflow/.local/lib/python3.7/site-packages/airflow/example_dags/example_external_task_marker_dag.py for tasks to queue
[2023-01-31T10:43:44.557+0000] {logging_mixin.py:137} INFO - [2023-01-31T10:43:44.557+0000] {dagbag.py:538} INFO - Filling up the DagBag from /home/airflow/.local/lib/python3.7/site-packages/airflow/example_dags/example_external_task_marker_dag.py
[2023-01-31T10:43:44.570+0000] {processor.py:753} INFO - DAG(s) dict_keys(['example_external_task_marker_child', 'example_external_task_marker_parent']) retrieved from /home/airflow/.local/lib/python3.7/site-packages/airflow/example_dags/example_external_task_marker_dag.py
[2023-01-31T10:43:44.607+0000] {logging_mixin.py:137} INFO - [2023-01-31T10:43:44.607+0000] {dag.py:2690} INFO - Sync 2 DAGs
[2023-01-31T10:43:44.633+0000] {logging_mixin.py:137} INFO - [2023-01-31T10:43:44.632+0000] {dag.py:3441} INFO - Setting next_dagrun for example_external_task_marker_child to None, run_after=None
[2023-01-31T10:43:44.636+0000] {logging_mixin.py:137} INFO - [2023-01-31T10:43:44.635+0000] {dag.py:3441} INFO - Setting next_dagrun for example_external_task_marker_parent to None, run_after=None
[2023-01-31T10:43:44.655+0000] {processor.py:175} INFO - Processing /home/airflow/.local/lib/python3.7/site-packages/airflow/example_dags/example_external_task_marker_dag.py took 0.110 seconds
