[2023-01-31T10:15:28.827+0000] {processor.py:153} INFO - Started process (PID=66) to work on /home/airflow/.local/lib/python3.7/site-packages/airflow/example_dags/example_local_kubernetes_executor.py
[2023-01-31T10:15:28.829+0000] {processor.py:743} INFO - Processing file /home/airflow/.local/lib/python3.7/site-packages/airflow/example_dags/example_local_kubernetes_executor.py for tasks to queue
[2023-01-31T10:15:28.831+0000] {logging_mixin.py:137} INFO - [2023-01-31T10:15:28.831+0000] {dagbag.py:538} INFO - Filling up the DagBag from /home/airflow/.local/lib/python3.7/site-packages/airflow/example_dags/example_local_kubernetes_executor.py
[2023-01-31T10:15:28.878+0000] {processor.py:753} INFO - DAG(s) dict_keys(['example_local_kubernetes_executor']) retrieved from /home/airflow/.local/lib/python3.7/site-packages/airflow/example_dags/example_local_kubernetes_executor.py
[2023-01-31T10:15:28.955+0000] {logging_mixin.py:137} INFO - [2023-01-31T10:15:28.955+0000] {dag.py:2690} INFO - Sync 1 DAGs
[2023-01-31T10:15:29.055+0000] {logging_mixin.py:137} INFO - [2023-01-31T10:15:29.055+0000] {dag.py:3441} INFO - Setting next_dagrun for example_local_kubernetes_executor to None, run_after=None
[2023-01-31T10:15:29.145+0000] {processor.py:175} INFO - Processing /home/airflow/.local/lib/python3.7/site-packages/airflow/example_dags/example_local_kubernetes_executor.py took 0.322 seconds
[2023-01-31T10:15:59.664+0000] {processor.py:153} INFO - Started process (PID=149) to work on /home/airflow/.local/lib/python3.7/site-packages/airflow/example_dags/example_local_kubernetes_executor.py
[2023-01-31T10:15:59.665+0000] {processor.py:743} INFO - Processing file /home/airflow/.local/lib/python3.7/site-packages/airflow/example_dags/example_local_kubernetes_executor.py for tasks to queue
[2023-01-31T10:15:59.666+0000] {logging_mixin.py:137} INFO - [2023-01-31T10:15:59.666+0000] {dagbag.py:538} INFO - Filling up the DagBag from /home/airflow/.local/lib/python3.7/site-packages/airflow/example_dags/example_local_kubernetes_executor.py
[2023-01-31T10:15:59.686+0000] {processor.py:753} INFO - DAG(s) dict_keys(['example_local_kubernetes_executor']) retrieved from /home/airflow/.local/lib/python3.7/site-packages/airflow/example_dags/example_local_kubernetes_executor.py
[2023-01-31T10:15:59.729+0000] {logging_mixin.py:137} INFO - [2023-01-31T10:15:59.729+0000] {dag.py:2690} INFO - Sync 1 DAGs
[2023-01-31T10:15:59.744+0000] {logging_mixin.py:137} INFO - [2023-01-31T10:15:59.744+0000] {dag.py:3441} INFO - Setting next_dagrun for example_local_kubernetes_executor to None, run_after=None
[2023-01-31T10:15:59.756+0000] {processor.py:175} INFO - Processing /home/airflow/.local/lib/python3.7/site-packages/airflow/example_dags/example_local_kubernetes_executor.py took 0.094 seconds
[2023-01-31T10:16:29.874+0000] {processor.py:153} INFO - Started process (PID=228) to work on /home/airflow/.local/lib/python3.7/site-packages/airflow/example_dags/example_local_kubernetes_executor.py
[2023-01-31T10:16:29.875+0000] {processor.py:743} INFO - Processing file /home/airflow/.local/lib/python3.7/site-packages/airflow/example_dags/example_local_kubernetes_executor.py for tasks to queue
[2023-01-31T10:16:29.876+0000] {logging_mixin.py:137} INFO - [2023-01-31T10:16:29.876+0000] {dagbag.py:538} INFO - Filling up the DagBag from /home/airflow/.local/lib/python3.7/site-packages/airflow/example_dags/example_local_kubernetes_executor.py
[2023-01-31T10:16:29.895+0000] {processor.py:753} INFO - DAG(s) dict_keys(['example_local_kubernetes_executor']) retrieved from /home/airflow/.local/lib/python3.7/site-packages/airflow/example_dags/example_local_kubernetes_executor.py
[2023-01-31T10:16:29.927+0000] {logging_mixin.py:137} INFO - [2023-01-31T10:16:29.927+0000] {dag.py:2690} INFO - Sync 1 DAGs
[2023-01-31T10:16:29.944+0000] {logging_mixin.py:137} INFO - [2023-01-31T10:16:29.944+0000] {dag.py:3441} INFO - Setting next_dagrun for example_local_kubernetes_executor to None, run_after=None
[2023-01-31T10:16:29.958+0000] {processor.py:175} INFO - Processing /home/airflow/.local/lib/python3.7/site-packages/airflow/example_dags/example_local_kubernetes_executor.py took 0.087 seconds
[2023-01-31T10:17:00.561+0000] {processor.py:153} INFO - Started process (PID=307) to work on /home/airflow/.local/lib/python3.7/site-packages/airflow/example_dags/example_local_kubernetes_executor.py
[2023-01-31T10:17:00.563+0000] {processor.py:743} INFO - Processing file /home/airflow/.local/lib/python3.7/site-packages/airflow/example_dags/example_local_kubernetes_executor.py for tasks to queue
[2023-01-31T10:17:00.565+0000] {logging_mixin.py:137} INFO - [2023-01-31T10:17:00.565+0000] {dagbag.py:538} INFO - Filling up the DagBag from /home/airflow/.local/lib/python3.7/site-packages/airflow/example_dags/example_local_kubernetes_executor.py
[2023-01-31T10:17:00.594+0000] {processor.py:753} INFO - DAG(s) dict_keys(['example_local_kubernetes_executor']) retrieved from /home/airflow/.local/lib/python3.7/site-packages/airflow/example_dags/example_local_kubernetes_executor.py
[2023-01-31T10:17:00.629+0000] {logging_mixin.py:137} INFO - [2023-01-31T10:17:00.629+0000] {dag.py:2690} INFO - Sync 1 DAGs
[2023-01-31T10:17:00.647+0000] {logging_mixin.py:137} INFO - [2023-01-31T10:17:00.647+0000] {dag.py:3441} INFO - Setting next_dagrun for example_local_kubernetes_executor to None, run_after=None
[2023-01-31T10:17:00.668+0000] {processor.py:175} INFO - Processing /home/airflow/.local/lib/python3.7/site-packages/airflow/example_dags/example_local_kubernetes_executor.py took 0.111 seconds
[2023-01-31T10:17:31.334+0000] {processor.py:153} INFO - Started process (PID=386) to work on /home/airflow/.local/lib/python3.7/site-packages/airflow/example_dags/example_local_kubernetes_executor.py
[2023-01-31T10:17:31.343+0000] {processor.py:743} INFO - Processing file /home/airflow/.local/lib/python3.7/site-packages/airflow/example_dags/example_local_kubernetes_executor.py for tasks to queue
[2023-01-31T10:17:31.347+0000] {logging_mixin.py:137} INFO - [2023-01-31T10:17:31.346+0000] {dagbag.py:538} INFO - Filling up the DagBag from /home/airflow/.local/lib/python3.7/site-packages/airflow/example_dags/example_local_kubernetes_executor.py
[2023-01-31T10:17:31.377+0000] {processor.py:753} INFO - DAG(s) dict_keys(['example_local_kubernetes_executor']) retrieved from /home/airflow/.local/lib/python3.7/site-packages/airflow/example_dags/example_local_kubernetes_executor.py
[2023-01-31T10:17:31.416+0000] {logging_mixin.py:137} INFO - [2023-01-31T10:17:31.415+0000] {dag.py:2690} INFO - Sync 1 DAGs
[2023-01-31T10:17:31.461+0000] {logging_mixin.py:137} INFO - [2023-01-31T10:17:31.461+0000] {dag.py:3441} INFO - Setting next_dagrun for example_local_kubernetes_executor to None, run_after=None
[2023-01-31T10:17:31.677+0000] {processor.py:175} INFO - Processing /home/airflow/.local/lib/python3.7/site-packages/airflow/example_dags/example_local_kubernetes_executor.py took 0.348 seconds
[2023-01-31T10:18:01.879+0000] {processor.py:153} INFO - Started process (PID=473) to work on /home/airflow/.local/lib/python3.7/site-packages/airflow/example_dags/example_local_kubernetes_executor.py
[2023-01-31T10:18:01.884+0000] {processor.py:743} INFO - Processing file /home/airflow/.local/lib/python3.7/site-packages/airflow/example_dags/example_local_kubernetes_executor.py for tasks to queue
[2023-01-31T10:18:01.886+0000] {logging_mixin.py:137} INFO - [2023-01-31T10:18:01.885+0000] {dagbag.py:538} INFO - Filling up the DagBag from /home/airflow/.local/lib/python3.7/site-packages/airflow/example_dags/example_local_kubernetes_executor.py
[2023-01-31T10:18:02.003+0000] {processor.py:753} INFO - DAG(s) dict_keys(['example_local_kubernetes_executor']) retrieved from /home/airflow/.local/lib/python3.7/site-packages/airflow/example_dags/example_local_kubernetes_executor.py
[2023-01-31T10:18:02.087+0000] {logging_mixin.py:137} INFO - [2023-01-31T10:18:02.087+0000] {dag.py:2690} INFO - Sync 1 DAGs
[2023-01-31T10:18:02.122+0000] {logging_mixin.py:137} INFO - [2023-01-31T10:18:02.122+0000] {dag.py:3441} INFO - Setting next_dagrun for example_local_kubernetes_executor to None, run_after=None
[2023-01-31T10:18:02.152+0000] {processor.py:175} INFO - Processing /home/airflow/.local/lib/python3.7/site-packages/airflow/example_dags/example_local_kubernetes_executor.py took 0.276 seconds
[2023-01-31T10:18:33.884+0000] {processor.py:153} INFO - Started process (PID=559) to work on /home/airflow/.local/lib/python3.7/site-packages/airflow/example_dags/example_local_kubernetes_executor.py
[2023-01-31T10:18:33.891+0000] {processor.py:743} INFO - Processing file /home/airflow/.local/lib/python3.7/site-packages/airflow/example_dags/example_local_kubernetes_executor.py for tasks to queue
[2023-01-31T10:18:33.896+0000] {logging_mixin.py:137} INFO - [2023-01-31T10:18:33.896+0000] {dagbag.py:538} INFO - Filling up the DagBag from /home/airflow/.local/lib/python3.7/site-packages/airflow/example_dags/example_local_kubernetes_executor.py
[2023-01-31T10:18:34.001+0000] {processor.py:753} INFO - DAG(s) dict_keys(['example_local_kubernetes_executor']) retrieved from /home/airflow/.local/lib/python3.7/site-packages/airflow/example_dags/example_local_kubernetes_executor.py
[2023-01-31T10:18:34.222+0000] {logging_mixin.py:137} INFO - [2023-01-31T10:18:34.221+0000] {dag.py:2690} INFO - Sync 1 DAGs
[2023-01-31T10:18:35.300+0000] {logging_mixin.py:137} INFO - [2023-01-31T10:18:35.300+0000] {dag.py:3441} INFO - Setting next_dagrun for example_local_kubernetes_executor to None, run_after=None
[2023-01-31T10:18:38.025+0000] {processor.py:175} INFO - Processing /home/airflow/.local/lib/python3.7/site-packages/airflow/example_dags/example_local_kubernetes_executor.py took 4.093 seconds
[2023-01-31T10:19:11.168+0000] {processor.py:153} INFO - Started process (PID=642) to work on /home/airflow/.local/lib/python3.7/site-packages/airflow/example_dags/example_local_kubernetes_executor.py
[2023-01-31T10:19:11.193+0000] {processor.py:743} INFO - Processing file /home/airflow/.local/lib/python3.7/site-packages/airflow/example_dags/example_local_kubernetes_executor.py for tasks to queue
[2023-01-31T10:19:11.313+0000] {logging_mixin.py:137} INFO - [2023-01-31T10:19:11.294+0000] {dagbag.py:538} INFO - Filling up the DagBag from /home/airflow/.local/lib/python3.7/site-packages/airflow/example_dags/example_local_kubernetes_executor.py
[2023-01-31T10:19:11.422+0000] {processor.py:753} INFO - DAG(s) dict_keys(['example_local_kubernetes_executor']) retrieved from /home/airflow/.local/lib/python3.7/site-packages/airflow/example_dags/example_local_kubernetes_executor.py
[2023-01-31T10:19:11.532+0000] {logging_mixin.py:137} INFO - [2023-01-31T10:19:11.532+0000] {dag.py:2690} INFO - Sync 1 DAGs
[2023-01-31T10:19:11.560+0000] {logging_mixin.py:137} INFO - [2023-01-31T10:19:11.560+0000] {dag.py:3441} INFO - Setting next_dagrun for example_local_kubernetes_executor to None, run_after=None
[2023-01-31T10:19:11.595+0000] {processor.py:175} INFO - Processing /home/airflow/.local/lib/python3.7/site-packages/airflow/example_dags/example_local_kubernetes_executor.py took 0.496 seconds
[2023-01-31T10:19:42.226+0000] {processor.py:153} INFO - Started process (PID=719) to work on /home/airflow/.local/lib/python3.7/site-packages/airflow/example_dags/example_local_kubernetes_executor.py
[2023-01-31T10:19:42.231+0000] {processor.py:743} INFO - Processing file /home/airflow/.local/lib/python3.7/site-packages/airflow/example_dags/example_local_kubernetes_executor.py for tasks to queue
[2023-01-31T10:19:42.263+0000] {logging_mixin.py:137} INFO - [2023-01-31T10:19:42.255+0000] {dagbag.py:538} INFO - Filling up the DagBag from /home/airflow/.local/lib/python3.7/site-packages/airflow/example_dags/example_local_kubernetes_executor.py
[2023-01-31T10:19:42.390+0000] {processor.py:753} INFO - DAG(s) dict_keys(['example_local_kubernetes_executor']) retrieved from /home/airflow/.local/lib/python3.7/site-packages/airflow/example_dags/example_local_kubernetes_executor.py
[2023-01-31T10:19:42.578+0000] {logging_mixin.py:137} INFO - [2023-01-31T10:19:42.578+0000] {dag.py:2690} INFO - Sync 1 DAGs
[2023-01-31T10:19:42.676+0000] {logging_mixin.py:137} INFO - [2023-01-31T10:19:42.676+0000] {dag.py:3441} INFO - Setting next_dagrun for example_local_kubernetes_executor to None, run_after=None
[2023-01-31T10:19:42.713+0000] {processor.py:175} INFO - Processing /home/airflow/.local/lib/python3.7/site-packages/airflow/example_dags/example_local_kubernetes_executor.py took 0.496 seconds
[2023-01-31T10:20:13.060+0000] {processor.py:153} INFO - Started process (PID=812) to work on /home/airflow/.local/lib/python3.7/site-packages/airflow/example_dags/example_local_kubernetes_executor.py
[2023-01-31T10:20:13.063+0000] {processor.py:743} INFO - Processing file /home/airflow/.local/lib/python3.7/site-packages/airflow/example_dags/example_local_kubernetes_executor.py for tasks to queue
[2023-01-31T10:20:13.065+0000] {logging_mixin.py:137} INFO - [2023-01-31T10:20:13.065+0000] {dagbag.py:538} INFO - Filling up the DagBag from /home/airflow/.local/lib/python3.7/site-packages/airflow/example_dags/example_local_kubernetes_executor.py
[2023-01-31T10:20:13.146+0000] {processor.py:753} INFO - DAG(s) dict_keys(['example_local_kubernetes_executor']) retrieved from /home/airflow/.local/lib/python3.7/site-packages/airflow/example_dags/example_local_kubernetes_executor.py
[2023-01-31T10:20:13.242+0000] {logging_mixin.py:137} INFO - [2023-01-31T10:20:13.241+0000] {dag.py:2690} INFO - Sync 1 DAGs
[2023-01-31T10:20:13.303+0000] {logging_mixin.py:137} INFO - [2023-01-31T10:20:13.302+0000] {dag.py:3441} INFO - Setting next_dagrun for example_local_kubernetes_executor to None, run_after=None
[2023-01-31T10:20:13.368+0000] {processor.py:175} INFO - Processing /home/airflow/.local/lib/python3.7/site-packages/airflow/example_dags/example_local_kubernetes_executor.py took 0.315 seconds
[2023-01-31T10:20:43.585+0000] {processor.py:153} INFO - Started process (PID=898) to work on /home/airflow/.local/lib/python3.7/site-packages/airflow/example_dags/example_local_kubernetes_executor.py
[2023-01-31T10:20:43.588+0000] {processor.py:743} INFO - Processing file /home/airflow/.local/lib/python3.7/site-packages/airflow/example_dags/example_local_kubernetes_executor.py for tasks to queue
[2023-01-31T10:20:43.590+0000] {logging_mixin.py:137} INFO - [2023-01-31T10:20:43.590+0000] {dagbag.py:538} INFO - Filling up the DagBag from /home/airflow/.local/lib/python3.7/site-packages/airflow/example_dags/example_local_kubernetes_executor.py
[2023-01-31T10:20:43.647+0000] {processor.py:753} INFO - DAG(s) dict_keys(['example_local_kubernetes_executor']) retrieved from /home/airflow/.local/lib/python3.7/site-packages/airflow/example_dags/example_local_kubernetes_executor.py
[2023-01-31T10:20:43.707+0000] {logging_mixin.py:137} INFO - [2023-01-31T10:20:43.707+0000] {dag.py:2690} INFO - Sync 1 DAGs
[2023-01-31T10:20:43.802+0000] {logging_mixin.py:137} INFO - [2023-01-31T10:20:43.801+0000] {dag.py:3441} INFO - Setting next_dagrun for example_local_kubernetes_executor to None, run_after=None
[2023-01-31T10:20:43.847+0000] {processor.py:175} INFO - Processing /home/airflow/.local/lib/python3.7/site-packages/airflow/example_dags/example_local_kubernetes_executor.py took 0.268 seconds
[2023-01-31T10:21:14.393+0000] {processor.py:153} INFO - Started process (PID=977) to work on /home/airflow/.local/lib/python3.7/site-packages/airflow/example_dags/example_local_kubernetes_executor.py
[2023-01-31T10:21:14.397+0000] {processor.py:743} INFO - Processing file /home/airflow/.local/lib/python3.7/site-packages/airflow/example_dags/example_local_kubernetes_executor.py for tasks to queue
[2023-01-31T10:21:14.399+0000] {logging_mixin.py:137} INFO - [2023-01-31T10:21:14.399+0000] {dagbag.py:538} INFO - Filling up the DagBag from /home/airflow/.local/lib/python3.7/site-packages/airflow/example_dags/example_local_kubernetes_executor.py
[2023-01-31T10:21:14.450+0000] {processor.py:753} INFO - DAG(s) dict_keys(['example_local_kubernetes_executor']) retrieved from /home/airflow/.local/lib/python3.7/site-packages/airflow/example_dags/example_local_kubernetes_executor.py
[2023-01-31T10:21:14.530+0000] {logging_mixin.py:137} INFO - [2023-01-31T10:21:14.529+0000] {dag.py:2690} INFO - Sync 1 DAGs
[2023-01-31T10:21:14.572+0000] {logging_mixin.py:137} INFO - [2023-01-31T10:21:14.572+0000] {dag.py:3441} INFO - Setting next_dagrun for example_local_kubernetes_executor to None, run_after=None
[2023-01-31T10:21:14.613+0000] {processor.py:175} INFO - Processing /home/airflow/.local/lib/python3.7/site-packages/airflow/example_dags/example_local_kubernetes_executor.py took 0.237 seconds
[2023-01-31T10:21:45.216+0000] {processor.py:153} INFO - Started process (PID=1055) to work on /home/airflow/.local/lib/python3.7/site-packages/airflow/example_dags/example_local_kubernetes_executor.py
[2023-01-31T10:21:45.230+0000] {processor.py:743} INFO - Processing file /home/airflow/.local/lib/python3.7/site-packages/airflow/example_dags/example_local_kubernetes_executor.py for tasks to queue
[2023-01-31T10:21:45.235+0000] {logging_mixin.py:137} INFO - [2023-01-31T10:21:45.235+0000] {dagbag.py:538} INFO - Filling up the DagBag from /home/airflow/.local/lib/python3.7/site-packages/airflow/example_dags/example_local_kubernetes_executor.py
[2023-01-31T10:21:45.334+0000] {processor.py:753} INFO - DAG(s) dict_keys(['example_local_kubernetes_executor']) retrieved from /home/airflow/.local/lib/python3.7/site-packages/airflow/example_dags/example_local_kubernetes_executor.py
[2023-01-31T10:21:45.432+0000] {logging_mixin.py:137} INFO - [2023-01-31T10:21:45.432+0000] {dag.py:2690} INFO - Sync 1 DAGs
[2023-01-31T10:21:45.486+0000] {logging_mixin.py:137} INFO - [2023-01-31T10:21:45.486+0000] {dag.py:3441} INFO - Setting next_dagrun for example_local_kubernetes_executor to None, run_after=None
[2023-01-31T10:21:45.510+0000] {processor.py:175} INFO - Processing /home/airflow/.local/lib/python3.7/site-packages/airflow/example_dags/example_local_kubernetes_executor.py took 0.308 seconds
[2023-01-31T10:22:16.383+0000] {processor.py:153} INFO - Started process (PID=1134) to work on /home/airflow/.local/lib/python3.7/site-packages/airflow/example_dags/example_local_kubernetes_executor.py
[2023-01-31T10:22:16.388+0000] {processor.py:743} INFO - Processing file /home/airflow/.local/lib/python3.7/site-packages/airflow/example_dags/example_local_kubernetes_executor.py for tasks to queue
[2023-01-31T10:22:16.391+0000] {logging_mixin.py:137} INFO - [2023-01-31T10:22:16.390+0000] {dagbag.py:538} INFO - Filling up the DagBag from /home/airflow/.local/lib/python3.7/site-packages/airflow/example_dags/example_local_kubernetes_executor.py
[2023-01-31T10:22:16.444+0000] {processor.py:753} INFO - DAG(s) dict_keys(['example_local_kubernetes_executor']) retrieved from /home/airflow/.local/lib/python3.7/site-packages/airflow/example_dags/example_local_kubernetes_executor.py
[2023-01-31T10:22:16.516+0000] {logging_mixin.py:137} INFO - [2023-01-31T10:22:16.516+0000] {dag.py:2690} INFO - Sync 1 DAGs
[2023-01-31T10:22:16.548+0000] {logging_mixin.py:137} INFO - [2023-01-31T10:22:16.548+0000] {dag.py:3441} INFO - Setting next_dagrun for example_local_kubernetes_executor to None, run_after=None
[2023-01-31T10:22:16.569+0000] {processor.py:175} INFO - Processing /home/airflow/.local/lib/python3.7/site-packages/airflow/example_dags/example_local_kubernetes_executor.py took 0.208 seconds
[2023-01-31T10:22:46.855+0000] {processor.py:153} INFO - Started process (PID=1213) to work on /home/airflow/.local/lib/python3.7/site-packages/airflow/example_dags/example_local_kubernetes_executor.py
[2023-01-31T10:22:46.875+0000] {processor.py:743} INFO - Processing file /home/airflow/.local/lib/python3.7/site-packages/airflow/example_dags/example_local_kubernetes_executor.py for tasks to queue
[2023-01-31T10:22:46.878+0000] {logging_mixin.py:137} INFO - [2023-01-31T10:22:46.878+0000] {dagbag.py:538} INFO - Filling up the DagBag from /home/airflow/.local/lib/python3.7/site-packages/airflow/example_dags/example_local_kubernetes_executor.py
[2023-01-31T10:22:46.980+0000] {processor.py:753} INFO - DAG(s) dict_keys(['example_local_kubernetes_executor']) retrieved from /home/airflow/.local/lib/python3.7/site-packages/airflow/example_dags/example_local_kubernetes_executor.py
[2023-01-31T10:22:47.674+0000] {logging_mixin.py:137} INFO - [2023-01-31T10:22:47.673+0000] {dag.py:2690} INFO - Sync 1 DAGs
[2023-01-31T10:22:47.760+0000] {logging_mixin.py:137} INFO - [2023-01-31T10:22:47.759+0000] {dag.py:3441} INFO - Setting next_dagrun for example_local_kubernetes_executor to None, run_after=None
[2023-01-31T10:22:48.070+0000] {processor.py:175} INFO - Processing /home/airflow/.local/lib/python3.7/site-packages/airflow/example_dags/example_local_kubernetes_executor.py took 1.236 seconds
[2023-01-31T10:23:18.565+0000] {processor.py:153} INFO - Started process (PID=1306) to work on /home/airflow/.local/lib/python3.7/site-packages/airflow/example_dags/example_local_kubernetes_executor.py
[2023-01-31T10:23:18.569+0000] {processor.py:743} INFO - Processing file /home/airflow/.local/lib/python3.7/site-packages/airflow/example_dags/example_local_kubernetes_executor.py for tasks to queue
[2023-01-31T10:23:18.575+0000] {logging_mixin.py:137} INFO - [2023-01-31T10:23:18.574+0000] {dagbag.py:538} INFO - Filling up the DagBag from /home/airflow/.local/lib/python3.7/site-packages/airflow/example_dags/example_local_kubernetes_executor.py
[2023-01-31T10:23:18.628+0000] {processor.py:753} INFO - DAG(s) dict_keys(['example_local_kubernetes_executor']) retrieved from /home/airflow/.local/lib/python3.7/site-packages/airflow/example_dags/example_local_kubernetes_executor.py
[2023-01-31T10:23:18.664+0000] {logging_mixin.py:137} INFO - [2023-01-31T10:23:18.663+0000] {dag.py:2690} INFO - Sync 1 DAGs
[2023-01-31T10:23:18.690+0000] {logging_mixin.py:137} INFO - [2023-01-31T10:23:18.690+0000] {dag.py:3441} INFO - Setting next_dagrun for example_local_kubernetes_executor to None, run_after=None
[2023-01-31T10:23:18.709+0000] {processor.py:175} INFO - Processing /home/airflow/.local/lib/python3.7/site-packages/airflow/example_dags/example_local_kubernetes_executor.py took 0.153 seconds
[2023-01-31T10:23:49.498+0000] {processor.py:153} INFO - Started process (PID=1385) to work on /home/airflow/.local/lib/python3.7/site-packages/airflow/example_dags/example_local_kubernetes_executor.py
[2023-01-31T10:23:49.512+0000] {processor.py:743} INFO - Processing file /home/airflow/.local/lib/python3.7/site-packages/airflow/example_dags/example_local_kubernetes_executor.py for tasks to queue
[2023-01-31T10:23:49.525+0000] {logging_mixin.py:137} INFO - [2023-01-31T10:23:49.525+0000] {dagbag.py:538} INFO - Filling up the DagBag from /home/airflow/.local/lib/python3.7/site-packages/airflow/example_dags/example_local_kubernetes_executor.py
[2023-01-31T10:23:49.606+0000] {processor.py:753} INFO - DAG(s) dict_keys(['example_local_kubernetes_executor']) retrieved from /home/airflow/.local/lib/python3.7/site-packages/airflow/example_dags/example_local_kubernetes_executor.py
[2023-01-31T10:23:49.690+0000] {logging_mixin.py:137} INFO - [2023-01-31T10:23:49.690+0000] {dag.py:2690} INFO - Sync 1 DAGs
[2023-01-31T10:23:49.818+0000] {logging_mixin.py:137} INFO - [2023-01-31T10:23:49.818+0000] {dag.py:3441} INFO - Setting next_dagrun for example_local_kubernetes_executor to None, run_after=None
[2023-01-31T10:23:49.855+0000] {processor.py:175} INFO - Processing /home/airflow/.local/lib/python3.7/site-packages/airflow/example_dags/example_local_kubernetes_executor.py took 0.368 seconds
[2023-01-31T10:24:20.381+0000] {processor.py:153} INFO - Started process (PID=1463) to work on /home/airflow/.local/lib/python3.7/site-packages/airflow/example_dags/example_local_kubernetes_executor.py
[2023-01-31T10:24:20.388+0000] {processor.py:743} INFO - Processing file /home/airflow/.local/lib/python3.7/site-packages/airflow/example_dags/example_local_kubernetes_executor.py for tasks to queue
[2023-01-31T10:24:20.396+0000] {logging_mixin.py:137} INFO - [2023-01-31T10:24:20.396+0000] {dagbag.py:538} INFO - Filling up the DagBag from /home/airflow/.local/lib/python3.7/site-packages/airflow/example_dags/example_local_kubernetes_executor.py
[2023-01-31T10:24:20.503+0000] {processor.py:753} INFO - DAG(s) dict_keys(['example_local_kubernetes_executor']) retrieved from /home/airflow/.local/lib/python3.7/site-packages/airflow/example_dags/example_local_kubernetes_executor.py
[2023-01-31T10:24:20.750+0000] {logging_mixin.py:137} INFO - [2023-01-31T10:24:20.750+0000] {dag.py:2690} INFO - Sync 1 DAGs
[2023-01-31T10:24:20.906+0000] {logging_mixin.py:137} INFO - [2023-01-31T10:24:20.906+0000] {dag.py:3441} INFO - Setting next_dagrun for example_local_kubernetes_executor to None, run_after=None
[2023-01-31T10:24:21.002+0000] {processor.py:175} INFO - Processing /home/airflow/.local/lib/python3.7/site-packages/airflow/example_dags/example_local_kubernetes_executor.py took 0.649 seconds
[2023-01-31T10:24:51.428+0000] {processor.py:153} INFO - Started process (PID=1545) to work on /home/airflow/.local/lib/python3.7/site-packages/airflow/example_dags/example_local_kubernetes_executor.py
[2023-01-31T10:24:51.438+0000] {processor.py:743} INFO - Processing file /home/airflow/.local/lib/python3.7/site-packages/airflow/example_dags/example_local_kubernetes_executor.py for tasks to queue
[2023-01-31T10:24:51.445+0000] {logging_mixin.py:137} INFO - [2023-01-31T10:24:51.444+0000] {dagbag.py:538} INFO - Filling up the DagBag from /home/airflow/.local/lib/python3.7/site-packages/airflow/example_dags/example_local_kubernetes_executor.py
[2023-01-31T10:24:51.536+0000] {processor.py:753} INFO - DAG(s) dict_keys(['example_local_kubernetes_executor']) retrieved from /home/airflow/.local/lib/python3.7/site-packages/airflow/example_dags/example_local_kubernetes_executor.py
[2023-01-31T10:24:51.648+0000] {logging_mixin.py:137} INFO - [2023-01-31T10:24:51.648+0000] {dag.py:2690} INFO - Sync 1 DAGs
[2023-01-31T10:24:51.684+0000] {logging_mixin.py:137} INFO - [2023-01-31T10:24:51.684+0000] {dag.py:3441} INFO - Setting next_dagrun for example_local_kubernetes_executor to None, run_after=None
[2023-01-31T10:24:51.727+0000] {processor.py:175} INFO - Processing /home/airflow/.local/lib/python3.7/site-packages/airflow/example_dags/example_local_kubernetes_executor.py took 0.319 seconds
[2023-01-31T10:25:21.957+0000] {processor.py:153} INFO - Started process (PID=1624) to work on /home/airflow/.local/lib/python3.7/site-packages/airflow/example_dags/example_local_kubernetes_executor.py
[2023-01-31T10:25:21.959+0000] {processor.py:743} INFO - Processing file /home/airflow/.local/lib/python3.7/site-packages/airflow/example_dags/example_local_kubernetes_executor.py for tasks to queue
[2023-01-31T10:25:21.960+0000] {logging_mixin.py:137} INFO - [2023-01-31T10:25:21.960+0000] {dagbag.py:538} INFO - Filling up the DagBag from /home/airflow/.local/lib/python3.7/site-packages/airflow/example_dags/example_local_kubernetes_executor.py
[2023-01-31T10:25:22.020+0000] {processor.py:753} INFO - DAG(s) dict_keys(['example_local_kubernetes_executor']) retrieved from /home/airflow/.local/lib/python3.7/site-packages/airflow/example_dags/example_local_kubernetes_executor.py
[2023-01-31T10:25:22.066+0000] {logging_mixin.py:137} INFO - [2023-01-31T10:25:22.066+0000] {dag.py:2690} INFO - Sync 1 DAGs
[2023-01-31T10:25:22.112+0000] {logging_mixin.py:137} INFO - [2023-01-31T10:25:22.112+0000] {dag.py:3441} INFO - Setting next_dagrun for example_local_kubernetes_executor to None, run_after=None
[2023-01-31T10:25:22.133+0000] {processor.py:175} INFO - Processing /home/airflow/.local/lib/python3.7/site-packages/airflow/example_dags/example_local_kubernetes_executor.py took 0.181 seconds
[2023-01-31T10:25:52.385+0000] {processor.py:153} INFO - Started process (PID=1704) to work on /home/airflow/.local/lib/python3.7/site-packages/airflow/example_dags/example_local_kubernetes_executor.py
[2023-01-31T10:25:52.404+0000] {processor.py:743} INFO - Processing file /home/airflow/.local/lib/python3.7/site-packages/airflow/example_dags/example_local_kubernetes_executor.py for tasks to queue
[2023-01-31T10:25:52.421+0000] {logging_mixin.py:137} INFO - [2023-01-31T10:25:52.419+0000] {dagbag.py:538} INFO - Filling up the DagBag from /home/airflow/.local/lib/python3.7/site-packages/airflow/example_dags/example_local_kubernetes_executor.py
[2023-01-31T10:25:52.548+0000] {processor.py:753} INFO - DAG(s) dict_keys(['example_local_kubernetes_executor']) retrieved from /home/airflow/.local/lib/python3.7/site-packages/airflow/example_dags/example_local_kubernetes_executor.py
[2023-01-31T10:25:52.755+0000] {logging_mixin.py:137} INFO - [2023-01-31T10:25:52.754+0000] {dag.py:2690} INFO - Sync 1 DAGs
[2023-01-31T10:25:52.797+0000] {logging_mixin.py:137} INFO - [2023-01-31T10:25:52.797+0000] {dag.py:3441} INFO - Setting next_dagrun for example_local_kubernetes_executor to None, run_after=None
[2023-01-31T10:25:52.829+0000] {processor.py:175} INFO - Processing /home/airflow/.local/lib/python3.7/site-packages/airflow/example_dags/example_local_kubernetes_executor.py took 0.469 seconds
[2023-01-31T10:26:23.479+0000] {processor.py:153} INFO - Started process (PID=1803) to work on /home/airflow/.local/lib/python3.7/site-packages/airflow/example_dags/example_local_kubernetes_executor.py
[2023-01-31T10:26:23.483+0000] {processor.py:743} INFO - Processing file /home/airflow/.local/lib/python3.7/site-packages/airflow/example_dags/example_local_kubernetes_executor.py for tasks to queue
[2023-01-31T10:26:23.486+0000] {logging_mixin.py:137} INFO - [2023-01-31T10:26:23.486+0000] {dagbag.py:538} INFO - Filling up the DagBag from /home/airflow/.local/lib/python3.7/site-packages/airflow/example_dags/example_local_kubernetes_executor.py
[2023-01-31T10:26:23.538+0000] {processor.py:753} INFO - DAG(s) dict_keys(['example_local_kubernetes_executor']) retrieved from /home/airflow/.local/lib/python3.7/site-packages/airflow/example_dags/example_local_kubernetes_executor.py
[2023-01-31T10:26:23.658+0000] {logging_mixin.py:137} INFO - [2023-01-31T10:26:23.658+0000] {dag.py:2690} INFO - Sync 1 DAGs
[2023-01-31T10:26:23.707+0000] {logging_mixin.py:137} INFO - [2023-01-31T10:26:23.707+0000] {dag.py:3441} INFO - Setting next_dagrun for example_local_kubernetes_executor to None, run_after=None
[2023-01-31T10:26:23.749+0000] {processor.py:175} INFO - Processing /home/airflow/.local/lib/python3.7/site-packages/airflow/example_dags/example_local_kubernetes_executor.py took 0.277 seconds
[2023-01-31T10:26:54.138+0000] {processor.py:153} INFO - Started process (PID=1882) to work on /home/airflow/.local/lib/python3.7/site-packages/airflow/example_dags/example_local_kubernetes_executor.py
[2023-01-31T10:26:54.140+0000] {processor.py:743} INFO - Processing file /home/airflow/.local/lib/python3.7/site-packages/airflow/example_dags/example_local_kubernetes_executor.py for tasks to queue
[2023-01-31T10:26:54.141+0000] {logging_mixin.py:137} INFO - [2023-01-31T10:26:54.141+0000] {dagbag.py:538} INFO - Filling up the DagBag from /home/airflow/.local/lib/python3.7/site-packages/airflow/example_dags/example_local_kubernetes_executor.py
[2023-01-31T10:26:54.170+0000] {processor.py:753} INFO - DAG(s) dict_keys(['example_local_kubernetes_executor']) retrieved from /home/airflow/.local/lib/python3.7/site-packages/airflow/example_dags/example_local_kubernetes_executor.py
[2023-01-31T10:26:54.197+0000] {logging_mixin.py:137} INFO - [2023-01-31T10:26:54.197+0000] {dag.py:2690} INFO - Sync 1 DAGs
[2023-01-31T10:26:54.214+0000] {logging_mixin.py:137} INFO - [2023-01-31T10:26:54.213+0000] {dag.py:3441} INFO - Setting next_dagrun for example_local_kubernetes_executor to None, run_after=None
[2023-01-31T10:26:54.243+0000] {processor.py:175} INFO - Processing /home/airflow/.local/lib/python3.7/site-packages/airflow/example_dags/example_local_kubernetes_executor.py took 0.110 seconds
[2023-01-31T10:27:24.765+0000] {processor.py:153} INFO - Started process (PID=1961) to work on /home/airflow/.local/lib/python3.7/site-packages/airflow/example_dags/example_local_kubernetes_executor.py
[2023-01-31T10:27:24.778+0000] {processor.py:743} INFO - Processing file /home/airflow/.local/lib/python3.7/site-packages/airflow/example_dags/example_local_kubernetes_executor.py for tasks to queue
[2023-01-31T10:27:24.786+0000] {logging_mixin.py:137} INFO - [2023-01-31T10:27:24.785+0000] {dagbag.py:538} INFO - Filling up the DagBag from /home/airflow/.local/lib/python3.7/site-packages/airflow/example_dags/example_local_kubernetes_executor.py
[2023-01-31T10:27:24.834+0000] {processor.py:753} INFO - DAG(s) dict_keys(['example_local_kubernetes_executor']) retrieved from /home/airflow/.local/lib/python3.7/site-packages/airflow/example_dags/example_local_kubernetes_executor.py
[2023-01-31T10:27:24.867+0000] {logging_mixin.py:137} INFO - [2023-01-31T10:27:24.866+0000] {dag.py:2690} INFO - Sync 1 DAGs
[2023-01-31T10:27:24.910+0000] {logging_mixin.py:137} INFO - [2023-01-31T10:27:24.910+0000] {dag.py:3441} INFO - Setting next_dagrun for example_local_kubernetes_executor to None, run_after=None
[2023-01-31T10:27:24.936+0000] {processor.py:175} INFO - Processing /home/airflow/.local/lib/python3.7/site-packages/airflow/example_dags/example_local_kubernetes_executor.py took 0.189 seconds
[2023-01-31T10:27:55.178+0000] {processor.py:153} INFO - Started process (PID=2057) to work on /home/airflow/.local/lib/python3.7/site-packages/airflow/example_dags/example_local_kubernetes_executor.py
[2023-01-31T10:27:55.180+0000] {processor.py:743} INFO - Processing file /home/airflow/.local/lib/python3.7/site-packages/airflow/example_dags/example_local_kubernetes_executor.py for tasks to queue
[2023-01-31T10:27:55.185+0000] {logging_mixin.py:137} INFO - [2023-01-31T10:27:55.185+0000] {dagbag.py:538} INFO - Filling up the DagBag from /home/airflow/.local/lib/python3.7/site-packages/airflow/example_dags/example_local_kubernetes_executor.py
[2023-01-31T10:27:55.223+0000] {processor.py:753} INFO - DAG(s) dict_keys(['example_local_kubernetes_executor']) retrieved from /home/airflow/.local/lib/python3.7/site-packages/airflow/example_dags/example_local_kubernetes_executor.py
[2023-01-31T10:27:55.306+0000] {logging_mixin.py:137} INFO - [2023-01-31T10:27:55.306+0000] {dag.py:2690} INFO - Sync 1 DAGs
[2023-01-31T10:27:55.349+0000] {logging_mixin.py:137} INFO - [2023-01-31T10:27:55.349+0000] {dag.py:3441} INFO - Setting next_dagrun for example_local_kubernetes_executor to None, run_after=None
[2023-01-31T10:27:55.381+0000] {processor.py:175} INFO - Processing /home/airflow/.local/lib/python3.7/site-packages/airflow/example_dags/example_local_kubernetes_executor.py took 0.223 seconds
[2023-01-31T10:28:25.435+0000] {processor.py:153} INFO - Started process (PID=2136) to work on /home/airflow/.local/lib/python3.7/site-packages/airflow/example_dags/example_local_kubernetes_executor.py
[2023-01-31T10:28:25.437+0000] {processor.py:743} INFO - Processing file /home/airflow/.local/lib/python3.7/site-packages/airflow/example_dags/example_local_kubernetes_executor.py for tasks to queue
[2023-01-31T10:28:25.439+0000] {logging_mixin.py:137} INFO - [2023-01-31T10:28:25.439+0000] {dagbag.py:538} INFO - Filling up the DagBag from /home/airflow/.local/lib/python3.7/site-packages/airflow/example_dags/example_local_kubernetes_executor.py
[2023-01-31T10:28:25.467+0000] {processor.py:753} INFO - DAG(s) dict_keys(['example_local_kubernetes_executor']) retrieved from /home/airflow/.local/lib/python3.7/site-packages/airflow/example_dags/example_local_kubernetes_executor.py
[2023-01-31T10:28:25.536+0000] {logging_mixin.py:137} INFO - [2023-01-31T10:28:25.536+0000] {dag.py:2690} INFO - Sync 1 DAGs
[2023-01-31T10:28:25.572+0000] {logging_mixin.py:137} INFO - [2023-01-31T10:28:25.572+0000] {dag.py:3441} INFO - Setting next_dagrun for example_local_kubernetes_executor to None, run_after=None
[2023-01-31T10:28:25.603+0000] {processor.py:175} INFO - Processing /home/airflow/.local/lib/python3.7/site-packages/airflow/example_dags/example_local_kubernetes_executor.py took 0.174 seconds
[2023-01-31T10:28:56.157+0000] {processor.py:153} INFO - Started process (PID=2215) to work on /home/airflow/.local/lib/python3.7/site-packages/airflow/example_dags/example_local_kubernetes_executor.py
[2023-01-31T10:28:56.159+0000] {processor.py:743} INFO - Processing file /home/airflow/.local/lib/python3.7/site-packages/airflow/example_dags/example_local_kubernetes_executor.py for tasks to queue
[2023-01-31T10:28:56.161+0000] {logging_mixin.py:137} INFO - [2023-01-31T10:28:56.161+0000] {dagbag.py:538} INFO - Filling up the DagBag from /home/airflow/.local/lib/python3.7/site-packages/airflow/example_dags/example_local_kubernetes_executor.py
[2023-01-31T10:28:56.196+0000] {processor.py:753} INFO - DAG(s) dict_keys(['example_local_kubernetes_executor']) retrieved from /home/airflow/.local/lib/python3.7/site-packages/airflow/example_dags/example_local_kubernetes_executor.py
[2023-01-31T10:28:56.289+0000] {logging_mixin.py:137} INFO - [2023-01-31T10:28:56.288+0000] {dag.py:2690} INFO - Sync 1 DAGs
[2023-01-31T10:28:56.398+0000] {logging_mixin.py:137} INFO - [2023-01-31T10:28:56.398+0000] {dag.py:3441} INFO - Setting next_dagrun for example_local_kubernetes_executor to None, run_after=None
[2023-01-31T10:28:56.417+0000] {processor.py:175} INFO - Processing /home/airflow/.local/lib/python3.7/site-packages/airflow/example_dags/example_local_kubernetes_executor.py took 0.265 seconds
[2023-01-31T10:29:28.461+0000] {processor.py:153} INFO - Started process (PID=2300) to work on /home/airflow/.local/lib/python3.7/site-packages/airflow/example_dags/example_local_kubernetes_executor.py
[2023-01-31T10:29:28.475+0000] {processor.py:743} INFO - Processing file /home/airflow/.local/lib/python3.7/site-packages/airflow/example_dags/example_local_kubernetes_executor.py for tasks to queue
[2023-01-31T10:29:28.506+0000] {logging_mixin.py:137} INFO - [2023-01-31T10:29:28.505+0000] {dagbag.py:538} INFO - Filling up the DagBag from /home/airflow/.local/lib/python3.7/site-packages/airflow/example_dags/example_local_kubernetes_executor.py
[2023-01-31T10:29:28.646+0000] {processor.py:753} INFO - DAG(s) dict_keys(['example_local_kubernetes_executor']) retrieved from /home/airflow/.local/lib/python3.7/site-packages/airflow/example_dags/example_local_kubernetes_executor.py
[2023-01-31T10:29:28.736+0000] {logging_mixin.py:137} INFO - [2023-01-31T10:29:28.736+0000] {dag.py:2690} INFO - Sync 1 DAGs
[2023-01-31T10:29:28.805+0000] {logging_mixin.py:137} INFO - [2023-01-31T10:29:28.805+0000] {dag.py:3441} INFO - Setting next_dagrun for example_local_kubernetes_executor to None, run_after=None
[2023-01-31T10:29:28.869+0000] {processor.py:175} INFO - Processing /home/airflow/.local/lib/python3.7/site-packages/airflow/example_dags/example_local_kubernetes_executor.py took 0.441 seconds
[2023-01-31T10:29:59.450+0000] {processor.py:153} INFO - Started process (PID=2373) to work on /home/airflow/.local/lib/python3.7/site-packages/airflow/example_dags/example_local_kubernetes_executor.py
[2023-01-31T10:29:59.467+0000] {processor.py:743} INFO - Processing file /home/airflow/.local/lib/python3.7/site-packages/airflow/example_dags/example_local_kubernetes_executor.py for tasks to queue
[2023-01-31T10:29:59.473+0000] {logging_mixin.py:137} INFO - [2023-01-31T10:29:59.472+0000] {dagbag.py:538} INFO - Filling up the DagBag from /home/airflow/.local/lib/python3.7/site-packages/airflow/example_dags/example_local_kubernetes_executor.py
[2023-01-31T10:29:59.551+0000] {processor.py:753} INFO - DAG(s) dict_keys(['example_local_kubernetes_executor']) retrieved from /home/airflow/.local/lib/python3.7/site-packages/airflow/example_dags/example_local_kubernetes_executor.py
[2023-01-31T10:29:59.850+0000] {logging_mixin.py:137} INFO - [2023-01-31T10:29:59.849+0000] {dag.py:2690} INFO - Sync 1 DAGs
[2023-01-31T10:30:00.139+0000] {logging_mixin.py:137} INFO - [2023-01-31T10:30:00.139+0000] {dag.py:3441} INFO - Setting next_dagrun for example_local_kubernetes_executor to None, run_after=None
[2023-01-31T10:30:00.185+0000] {processor.py:175} INFO - Processing /home/airflow/.local/lib/python3.7/site-packages/airflow/example_dags/example_local_kubernetes_executor.py took 0.763 seconds
[2023-01-31T10:30:30.833+0000] {processor.py:153} INFO - Started process (PID=2458) to work on /home/airflow/.local/lib/python3.7/site-packages/airflow/example_dags/example_local_kubernetes_executor.py
[2023-01-31T10:30:30.846+0000] {processor.py:743} INFO - Processing file /home/airflow/.local/lib/python3.7/site-packages/airflow/example_dags/example_local_kubernetes_executor.py for tasks to queue
[2023-01-31T10:30:30.851+0000] {logging_mixin.py:137} INFO - [2023-01-31T10:30:30.850+0000] {dagbag.py:538} INFO - Filling up the DagBag from /home/airflow/.local/lib/python3.7/site-packages/airflow/example_dags/example_local_kubernetes_executor.py
[2023-01-31T10:30:30.971+0000] {processor.py:753} INFO - DAG(s) dict_keys(['example_local_kubernetes_executor']) retrieved from /home/airflow/.local/lib/python3.7/site-packages/airflow/example_dags/example_local_kubernetes_executor.py
[2023-01-31T10:30:31.080+0000] {logging_mixin.py:137} INFO - [2023-01-31T10:30:31.080+0000] {dag.py:2690} INFO - Sync 1 DAGs
[2023-01-31T10:30:31.172+0000] {logging_mixin.py:137} INFO - [2023-01-31T10:30:31.171+0000] {dag.py:3441} INFO - Setting next_dagrun for example_local_kubernetes_executor to None, run_after=None
[2023-01-31T10:30:31.269+0000] {processor.py:175} INFO - Processing /home/airflow/.local/lib/python3.7/site-packages/airflow/example_dags/example_local_kubernetes_executor.py took 0.457 seconds
[2023-01-31T10:31:01.745+0000] {processor.py:153} INFO - Started process (PID=2545) to work on /home/airflow/.local/lib/python3.7/site-packages/airflow/example_dags/example_local_kubernetes_executor.py
[2023-01-31T10:31:01.750+0000] {processor.py:743} INFO - Processing file /home/airflow/.local/lib/python3.7/site-packages/airflow/example_dags/example_local_kubernetes_executor.py for tasks to queue
[2023-01-31T10:31:01.753+0000] {logging_mixin.py:137} INFO - [2023-01-31T10:31:01.753+0000] {dagbag.py:538} INFO - Filling up the DagBag from /home/airflow/.local/lib/python3.7/site-packages/airflow/example_dags/example_local_kubernetes_executor.py
[2023-01-31T10:31:01.835+0000] {processor.py:753} INFO - DAG(s) dict_keys(['example_local_kubernetes_executor']) retrieved from /home/airflow/.local/lib/python3.7/site-packages/airflow/example_dags/example_local_kubernetes_executor.py
[2023-01-31T10:31:01.942+0000] {logging_mixin.py:137} INFO - [2023-01-31T10:31:01.941+0000] {dag.py:2690} INFO - Sync 1 DAGs
[2023-01-31T10:31:01.995+0000] {logging_mixin.py:137} INFO - [2023-01-31T10:31:01.995+0000] {dag.py:3441} INFO - Setting next_dagrun for example_local_kubernetes_executor to None, run_after=None
[2023-01-31T10:31:02.028+0000] {processor.py:175} INFO - Processing /home/airflow/.local/lib/python3.7/site-packages/airflow/example_dags/example_local_kubernetes_executor.py took 0.297 seconds
[2023-01-31T10:31:32.828+0000] {processor.py:153} INFO - Started process (PID=2623) to work on /home/airflow/.local/lib/python3.7/site-packages/airflow/example_dags/example_local_kubernetes_executor.py
[2023-01-31T10:31:32.833+0000] {processor.py:743} INFO - Processing file /home/airflow/.local/lib/python3.7/site-packages/airflow/example_dags/example_local_kubernetes_executor.py for tasks to queue
[2023-01-31T10:31:32.837+0000] {logging_mixin.py:137} INFO - [2023-01-31T10:31:32.837+0000] {dagbag.py:538} INFO - Filling up the DagBag from /home/airflow/.local/lib/python3.7/site-packages/airflow/example_dags/example_local_kubernetes_executor.py
[2023-01-31T10:31:32.907+0000] {processor.py:753} INFO - DAG(s) dict_keys(['example_local_kubernetes_executor']) retrieved from /home/airflow/.local/lib/python3.7/site-packages/airflow/example_dags/example_local_kubernetes_executor.py
[2023-01-31T10:31:33.029+0000] {logging_mixin.py:137} INFO - [2023-01-31T10:31:33.029+0000] {dag.py:2690} INFO - Sync 1 DAGs
[2023-01-31T10:31:33.070+0000] {logging_mixin.py:137} INFO - [2023-01-31T10:31:33.070+0000] {dag.py:3441} INFO - Setting next_dagrun for example_local_kubernetes_executor to None, run_after=None
[2023-01-31T10:31:33.092+0000] {processor.py:175} INFO - Processing /home/airflow/.local/lib/python3.7/site-packages/airflow/example_dags/example_local_kubernetes_executor.py took 0.287 seconds
[2023-01-31T10:32:04.272+0000] {processor.py:153} INFO - Started process (PID=2717) to work on /home/airflow/.local/lib/python3.7/site-packages/airflow/example_dags/example_local_kubernetes_executor.py
[2023-01-31T10:32:04.289+0000] {processor.py:743} INFO - Processing file /home/airflow/.local/lib/python3.7/site-packages/airflow/example_dags/example_local_kubernetes_executor.py for tasks to queue
[2023-01-31T10:32:04.295+0000] {logging_mixin.py:137} INFO - [2023-01-31T10:32:04.295+0000] {dagbag.py:538} INFO - Filling up the DagBag from /home/airflow/.local/lib/python3.7/site-packages/airflow/example_dags/example_local_kubernetes_executor.py
[2023-01-31T10:32:04.403+0000] {processor.py:753} INFO - DAG(s) dict_keys(['example_local_kubernetes_executor']) retrieved from /home/airflow/.local/lib/python3.7/site-packages/airflow/example_dags/example_local_kubernetes_executor.py
[2023-01-31T10:32:04.682+0000] {logging_mixin.py:137} INFO - [2023-01-31T10:32:04.681+0000] {dag.py:2690} INFO - Sync 1 DAGs
[2023-01-31T10:32:04.809+0000] {logging_mixin.py:137} INFO - [2023-01-31T10:32:04.809+0000] {dag.py:3441} INFO - Setting next_dagrun for example_local_kubernetes_executor to None, run_after=None
[2023-01-31T10:32:04.937+0000] {processor.py:175} INFO - Processing /home/airflow/.local/lib/python3.7/site-packages/airflow/example_dags/example_local_kubernetes_executor.py took 0.689 seconds
[2023-01-31T10:32:35.356+0000] {processor.py:153} INFO - Started process (PID=2796) to work on /home/airflow/.local/lib/python3.7/site-packages/airflow/example_dags/example_local_kubernetes_executor.py
[2023-01-31T10:32:35.365+0000] {processor.py:743} INFO - Processing file /home/airflow/.local/lib/python3.7/site-packages/airflow/example_dags/example_local_kubernetes_executor.py for tasks to queue
[2023-01-31T10:32:35.371+0000] {logging_mixin.py:137} INFO - [2023-01-31T10:32:35.371+0000] {dagbag.py:538} INFO - Filling up the DagBag from /home/airflow/.local/lib/python3.7/site-packages/airflow/example_dags/example_local_kubernetes_executor.py
[2023-01-31T10:32:35.456+0000] {processor.py:753} INFO - DAG(s) dict_keys(['example_local_kubernetes_executor']) retrieved from /home/airflow/.local/lib/python3.7/site-packages/airflow/example_dags/example_local_kubernetes_executor.py
[2023-01-31T10:32:35.525+0000] {logging_mixin.py:137} INFO - [2023-01-31T10:32:35.525+0000] {dag.py:2690} INFO - Sync 1 DAGs
[2023-01-31T10:32:35.620+0000] {logging_mixin.py:137} INFO - [2023-01-31T10:32:35.620+0000] {dag.py:3441} INFO - Setting next_dagrun for example_local_kubernetes_executor to None, run_after=None
[2023-01-31T10:32:35.682+0000] {processor.py:175} INFO - Processing /home/airflow/.local/lib/python3.7/site-packages/airflow/example_dags/example_local_kubernetes_executor.py took 0.335 seconds
[2023-01-31T10:33:06.050+0000] {processor.py:153} INFO - Started process (PID=2884) to work on /home/airflow/.local/lib/python3.7/site-packages/airflow/example_dags/example_local_kubernetes_executor.py
[2023-01-31T10:33:06.057+0000] {processor.py:743} INFO - Processing file /home/airflow/.local/lib/python3.7/site-packages/airflow/example_dags/example_local_kubernetes_executor.py for tasks to queue
[2023-01-31T10:33:06.076+0000] {logging_mixin.py:137} INFO - [2023-01-31T10:33:06.075+0000] {dagbag.py:538} INFO - Filling up the DagBag from /home/airflow/.local/lib/python3.7/site-packages/airflow/example_dags/example_local_kubernetes_executor.py
[2023-01-31T10:33:06.199+0000] {processor.py:753} INFO - DAG(s) dict_keys(['example_local_kubernetes_executor']) retrieved from /home/airflow/.local/lib/python3.7/site-packages/airflow/example_dags/example_local_kubernetes_executor.py
[2023-01-31T10:33:06.335+0000] {logging_mixin.py:137} INFO - [2023-01-31T10:33:06.335+0000] {dag.py:2690} INFO - Sync 1 DAGs
[2023-01-31T10:33:06.408+0000] {logging_mixin.py:137} INFO - [2023-01-31T10:33:06.408+0000] {dag.py:3441} INFO - Setting next_dagrun for example_local_kubernetes_executor to None, run_after=None
[2023-01-31T10:33:06.443+0000] {processor.py:175} INFO - Processing /home/airflow/.local/lib/python3.7/site-packages/airflow/example_dags/example_local_kubernetes_executor.py took 0.403 seconds
[2023-01-31T10:33:37.181+0000] {processor.py:153} INFO - Started process (PID=2970) to work on /home/airflow/.local/lib/python3.7/site-packages/airflow/example_dags/example_local_kubernetes_executor.py
[2023-01-31T10:33:37.186+0000] {processor.py:743} INFO - Processing file /home/airflow/.local/lib/python3.7/site-packages/airflow/example_dags/example_local_kubernetes_executor.py for tasks to queue
[2023-01-31T10:33:37.196+0000] {logging_mixin.py:137} INFO - [2023-01-31T10:33:37.194+0000] {dagbag.py:538} INFO - Filling up the DagBag from /home/airflow/.local/lib/python3.7/site-packages/airflow/example_dags/example_local_kubernetes_executor.py
[2023-01-31T10:33:37.269+0000] {processor.py:753} INFO - DAG(s) dict_keys(['example_local_kubernetes_executor']) retrieved from /home/airflow/.local/lib/python3.7/site-packages/airflow/example_dags/example_local_kubernetes_executor.py
[2023-01-31T10:33:37.358+0000] {logging_mixin.py:137} INFO - [2023-01-31T10:33:37.357+0000] {dag.py:2690} INFO - Sync 1 DAGs
[2023-01-31T10:33:37.392+0000] {logging_mixin.py:137} INFO - [2023-01-31T10:33:37.392+0000] {dag.py:3441} INFO - Setting next_dagrun for example_local_kubernetes_executor to None, run_after=None
[2023-01-31T10:33:37.409+0000] {processor.py:175} INFO - Processing /home/airflow/.local/lib/python3.7/site-packages/airflow/example_dags/example_local_kubernetes_executor.py took 0.241 seconds
[2023-01-31T10:34:07.576+0000] {processor.py:153} INFO - Started process (PID=3049) to work on /home/airflow/.local/lib/python3.7/site-packages/airflow/example_dags/example_local_kubernetes_executor.py
[2023-01-31T10:34:07.589+0000] {processor.py:743} INFO - Processing file /home/airflow/.local/lib/python3.7/site-packages/airflow/example_dags/example_local_kubernetes_executor.py for tasks to queue
[2023-01-31T10:34:07.593+0000] {logging_mixin.py:137} INFO - [2023-01-31T10:34:07.592+0000] {dagbag.py:538} INFO - Filling up the DagBag from /home/airflow/.local/lib/python3.7/site-packages/airflow/example_dags/example_local_kubernetes_executor.py
[2023-01-31T10:34:07.667+0000] {processor.py:753} INFO - DAG(s) dict_keys(['example_local_kubernetes_executor']) retrieved from /home/airflow/.local/lib/python3.7/site-packages/airflow/example_dags/example_local_kubernetes_executor.py
[2023-01-31T10:34:07.769+0000] {logging_mixin.py:137} INFO - [2023-01-31T10:34:07.769+0000] {dag.py:2690} INFO - Sync 1 DAGs
[2023-01-31T10:34:07.901+0000] {logging_mixin.py:137} INFO - [2023-01-31T10:34:07.900+0000] {dag.py:3441} INFO - Setting next_dagrun for example_local_kubernetes_executor to None, run_after=None
[2023-01-31T10:34:07.971+0000] {processor.py:175} INFO - Processing /home/airflow/.local/lib/python3.7/site-packages/airflow/example_dags/example_local_kubernetes_executor.py took 0.404 seconds
[2023-01-31T10:34:38.622+0000] {processor.py:153} INFO - Started process (PID=3144) to work on /home/airflow/.local/lib/python3.7/site-packages/airflow/example_dags/example_local_kubernetes_executor.py
[2023-01-31T10:34:38.625+0000] {processor.py:743} INFO - Processing file /home/airflow/.local/lib/python3.7/site-packages/airflow/example_dags/example_local_kubernetes_executor.py for tasks to queue
[2023-01-31T10:34:38.627+0000] {logging_mixin.py:137} INFO - [2023-01-31T10:34:38.626+0000] {dagbag.py:538} INFO - Filling up the DagBag from /home/airflow/.local/lib/python3.7/site-packages/airflow/example_dags/example_local_kubernetes_executor.py
[2023-01-31T10:34:38.674+0000] {processor.py:753} INFO - DAG(s) dict_keys(['example_local_kubernetes_executor']) retrieved from /home/airflow/.local/lib/python3.7/site-packages/airflow/example_dags/example_local_kubernetes_executor.py
[2023-01-31T10:34:38.725+0000] {logging_mixin.py:137} INFO - [2023-01-31T10:34:38.725+0000] {dag.py:2690} INFO - Sync 1 DAGs
[2023-01-31T10:34:38.760+0000] {logging_mixin.py:137} INFO - [2023-01-31T10:34:38.759+0000] {dag.py:3441} INFO - Setting next_dagrun for example_local_kubernetes_executor to None, run_after=None
[2023-01-31T10:34:38.788+0000] {processor.py:175} INFO - Processing /home/airflow/.local/lib/python3.7/site-packages/airflow/example_dags/example_local_kubernetes_executor.py took 0.188 seconds
[2023-01-31T10:35:10.227+0000] {processor.py:153} INFO - Started process (PID=3224) to work on /home/airflow/.local/lib/python3.7/site-packages/airflow/example_dags/example_local_kubernetes_executor.py
[2023-01-31T10:35:10.243+0000] {processor.py:743} INFO - Processing file /home/airflow/.local/lib/python3.7/site-packages/airflow/example_dags/example_local_kubernetes_executor.py for tasks to queue
[2023-01-31T10:35:10.245+0000] {logging_mixin.py:137} INFO - [2023-01-31T10:35:10.245+0000] {dagbag.py:538} INFO - Filling up the DagBag from /home/airflow/.local/lib/python3.7/site-packages/airflow/example_dags/example_local_kubernetes_executor.py
[2023-01-31T10:35:10.290+0000] {processor.py:753} INFO - DAG(s) dict_keys(['example_local_kubernetes_executor']) retrieved from /home/airflow/.local/lib/python3.7/site-packages/airflow/example_dags/example_local_kubernetes_executor.py
[2023-01-31T10:35:10.417+0000] {logging_mixin.py:137} INFO - [2023-01-31T10:35:10.417+0000] {dag.py:2690} INFO - Sync 1 DAGs
[2023-01-31T10:35:10.467+0000] {logging_mixin.py:137} INFO - [2023-01-31T10:35:10.467+0000] {dag.py:3441} INFO - Setting next_dagrun for example_local_kubernetes_executor to None, run_after=None
[2023-01-31T10:35:10.515+0000] {processor.py:175} INFO - Processing /home/airflow/.local/lib/python3.7/site-packages/airflow/example_dags/example_local_kubernetes_executor.py took 0.297 seconds
[2023-01-31T10:35:41.495+0000] {processor.py:153} INFO - Started process (PID=3307) to work on /home/airflow/.local/lib/python3.7/site-packages/airflow/example_dags/example_local_kubernetes_executor.py
[2023-01-31T10:35:41.509+0000] {processor.py:743} INFO - Processing file /home/airflow/.local/lib/python3.7/site-packages/airflow/example_dags/example_local_kubernetes_executor.py for tasks to queue
[2023-01-31T10:35:41.512+0000] {logging_mixin.py:137} INFO - [2023-01-31T10:35:41.512+0000] {dagbag.py:538} INFO - Filling up the DagBag from /home/airflow/.local/lib/python3.7/site-packages/airflow/example_dags/example_local_kubernetes_executor.py
[2023-01-31T10:35:41.563+0000] {processor.py:753} INFO - DAG(s) dict_keys(['example_local_kubernetes_executor']) retrieved from /home/airflow/.local/lib/python3.7/site-packages/airflow/example_dags/example_local_kubernetes_executor.py
[2023-01-31T10:35:41.665+0000] {logging_mixin.py:137} INFO - [2023-01-31T10:35:41.665+0000] {dag.py:2690} INFO - Sync 1 DAGs
[2023-01-31T10:35:41.697+0000] {logging_mixin.py:137} INFO - [2023-01-31T10:35:41.697+0000] {dag.py:3441} INFO - Setting next_dagrun for example_local_kubernetes_executor to None, run_after=None
[2023-01-31T10:35:41.721+0000] {processor.py:175} INFO - Processing /home/airflow/.local/lib/python3.7/site-packages/airflow/example_dags/example_local_kubernetes_executor.py took 0.274 seconds
[2023-01-31T10:36:12.234+0000] {processor.py:153} INFO - Started process (PID=3386) to work on /home/airflow/.local/lib/python3.7/site-packages/airflow/example_dags/example_local_kubernetes_executor.py
[2023-01-31T10:36:12.244+0000] {processor.py:743} INFO - Processing file /home/airflow/.local/lib/python3.7/site-packages/airflow/example_dags/example_local_kubernetes_executor.py for tasks to queue
[2023-01-31T10:36:12.247+0000] {logging_mixin.py:137} INFO - [2023-01-31T10:36:12.246+0000] {dagbag.py:538} INFO - Filling up the DagBag from /home/airflow/.local/lib/python3.7/site-packages/airflow/example_dags/example_local_kubernetes_executor.py
[2023-01-31T10:36:12.333+0000] {processor.py:753} INFO - DAG(s) dict_keys(['example_local_kubernetes_executor']) retrieved from /home/airflow/.local/lib/python3.7/site-packages/airflow/example_dags/example_local_kubernetes_executor.py
[2023-01-31T10:36:12.458+0000] {logging_mixin.py:137} INFO - [2023-01-31T10:36:12.458+0000] {dag.py:2690} INFO - Sync 1 DAGs
[2023-01-31T10:36:12.489+0000] {logging_mixin.py:137} INFO - [2023-01-31T10:36:12.489+0000] {dag.py:3441} INFO - Setting next_dagrun for example_local_kubernetes_executor to None, run_after=None
[2023-01-31T10:36:12.524+0000] {processor.py:175} INFO - Processing /home/airflow/.local/lib/python3.7/site-packages/airflow/example_dags/example_local_kubernetes_executor.py took 0.344 seconds
[2023-01-31T10:36:42.937+0000] {processor.py:153} INFO - Started process (PID=3469) to work on /home/airflow/.local/lib/python3.7/site-packages/airflow/example_dags/example_local_kubernetes_executor.py
[2023-01-31T10:36:42.939+0000] {processor.py:743} INFO - Processing file /home/airflow/.local/lib/python3.7/site-packages/airflow/example_dags/example_local_kubernetes_executor.py for tasks to queue
[2023-01-31T10:36:42.943+0000] {logging_mixin.py:137} INFO - [2023-01-31T10:36:42.943+0000] {dagbag.py:538} INFO - Filling up the DagBag from /home/airflow/.local/lib/python3.7/site-packages/airflow/example_dags/example_local_kubernetes_executor.py
[2023-01-31T10:36:42.979+0000] {processor.py:753} INFO - DAG(s) dict_keys(['example_local_kubernetes_executor']) retrieved from /home/airflow/.local/lib/python3.7/site-packages/airflow/example_dags/example_local_kubernetes_executor.py
[2023-01-31T10:36:43.025+0000] {logging_mixin.py:137} INFO - [2023-01-31T10:36:43.025+0000] {dag.py:2690} INFO - Sync 1 DAGs
[2023-01-31T10:36:43.047+0000] {logging_mixin.py:137} INFO - [2023-01-31T10:36:43.047+0000] {dag.py:3441} INFO - Setting next_dagrun for example_local_kubernetes_executor to None, run_after=None
[2023-01-31T10:36:43.079+0000] {processor.py:175} INFO - Processing /home/airflow/.local/lib/python3.7/site-packages/airflow/example_dags/example_local_kubernetes_executor.py took 0.151 seconds
[2023-01-31T10:37:14.774+0000] {processor.py:153} INFO - Started process (PID=3548) to work on /home/airflow/.local/lib/python3.7/site-packages/airflow/example_dags/example_local_kubernetes_executor.py
[2023-01-31T10:37:14.784+0000] {processor.py:743} INFO - Processing file /home/airflow/.local/lib/python3.7/site-packages/airflow/example_dags/example_local_kubernetes_executor.py for tasks to queue
[2023-01-31T10:37:14.804+0000] {logging_mixin.py:137} INFO - [2023-01-31T10:37:14.804+0000] {dagbag.py:538} INFO - Filling up the DagBag from /home/airflow/.local/lib/python3.7/site-packages/airflow/example_dags/example_local_kubernetes_executor.py
[2023-01-31T10:37:14.909+0000] {processor.py:753} INFO - DAG(s) dict_keys(['example_local_kubernetes_executor']) retrieved from /home/airflow/.local/lib/python3.7/site-packages/airflow/example_dags/example_local_kubernetes_executor.py
[2023-01-31T10:37:15.043+0000] {logging_mixin.py:137} INFO - [2023-01-31T10:37:15.043+0000] {dag.py:2690} INFO - Sync 1 DAGs
[2023-01-31T10:37:15.253+0000] {logging_mixin.py:137} INFO - [2023-01-31T10:37:15.253+0000] {dag.py:3441} INFO - Setting next_dagrun for example_local_kubernetes_executor to None, run_after=None
[2023-01-31T10:37:15.365+0000] {processor.py:175} INFO - Processing /home/airflow/.local/lib/python3.7/site-packages/airflow/example_dags/example_local_kubernetes_executor.py took 0.620 seconds
[2023-01-31T10:37:46.270+0000] {processor.py:153} INFO - Started process (PID=3627) to work on /home/airflow/.local/lib/python3.7/site-packages/airflow/example_dags/example_local_kubernetes_executor.py
[2023-01-31T10:37:46.273+0000] {processor.py:743} INFO - Processing file /home/airflow/.local/lib/python3.7/site-packages/airflow/example_dags/example_local_kubernetes_executor.py for tasks to queue
[2023-01-31T10:37:46.275+0000] {logging_mixin.py:137} INFO - [2023-01-31T10:37:46.275+0000] {dagbag.py:538} INFO - Filling up the DagBag from /home/airflow/.local/lib/python3.7/site-packages/airflow/example_dags/example_local_kubernetes_executor.py
[2023-01-31T10:37:46.334+0000] {processor.py:753} INFO - DAG(s) dict_keys(['example_local_kubernetes_executor']) retrieved from /home/airflow/.local/lib/python3.7/site-packages/airflow/example_dags/example_local_kubernetes_executor.py
[2023-01-31T10:37:46.421+0000] {logging_mixin.py:137} INFO - [2023-01-31T10:37:46.421+0000] {dag.py:2690} INFO - Sync 1 DAGs
[2023-01-31T10:37:46.467+0000] {logging_mixin.py:137} INFO - [2023-01-31T10:37:46.467+0000] {dag.py:3441} INFO - Setting next_dagrun for example_local_kubernetes_executor to None, run_after=None
[2023-01-31T10:37:46.490+0000] {processor.py:175} INFO - Processing /home/airflow/.local/lib/python3.7/site-packages/airflow/example_dags/example_local_kubernetes_executor.py took 0.226 seconds
[2023-01-31T10:38:19.644+0000] {processor.py:153} INFO - Started process (PID=3716) to work on /home/airflow/.local/lib/python3.7/site-packages/airflow/example_dags/example_local_kubernetes_executor.py
[2023-01-31T10:38:19.648+0000] {processor.py:743} INFO - Processing file /home/airflow/.local/lib/python3.7/site-packages/airflow/example_dags/example_local_kubernetes_executor.py for tasks to queue
[2023-01-31T10:38:19.649+0000] {logging_mixin.py:137} INFO - [2023-01-31T10:38:19.649+0000] {dagbag.py:538} INFO - Filling up the DagBag from /home/airflow/.local/lib/python3.7/site-packages/airflow/example_dags/example_local_kubernetes_executor.py
[2023-01-31T10:38:19.681+0000] {processor.py:753} INFO - DAG(s) dict_keys(['example_local_kubernetes_executor']) retrieved from /home/airflow/.local/lib/python3.7/site-packages/airflow/example_dags/example_local_kubernetes_executor.py
[2023-01-31T10:38:19.749+0000] {logging_mixin.py:137} INFO - [2023-01-31T10:38:19.749+0000] {dag.py:2690} INFO - Sync 1 DAGs
[2023-01-31T10:38:19.851+0000] {logging_mixin.py:137} INFO - [2023-01-31T10:38:19.849+0000] {dag.py:3441} INFO - Setting next_dagrun for example_local_kubernetes_executor to None, run_after=None
[2023-01-31T10:38:19.900+0000] {processor.py:175} INFO - Processing /home/airflow/.local/lib/python3.7/site-packages/airflow/example_dags/example_local_kubernetes_executor.py took 0.260 seconds
[2023-01-31T10:38:50.865+0000] {processor.py:153} INFO - Started process (PID=3806) to work on /home/airflow/.local/lib/python3.7/site-packages/airflow/example_dags/example_local_kubernetes_executor.py
[2023-01-31T10:38:50.866+0000] {processor.py:743} INFO - Processing file /home/airflow/.local/lib/python3.7/site-packages/airflow/example_dags/example_local_kubernetes_executor.py for tasks to queue
[2023-01-31T10:38:50.867+0000] {logging_mixin.py:137} INFO - [2023-01-31T10:38:50.867+0000] {dagbag.py:538} INFO - Filling up the DagBag from /home/airflow/.local/lib/python3.7/site-packages/airflow/example_dags/example_local_kubernetes_executor.py
[2023-01-31T10:38:50.887+0000] {processor.py:753} INFO - DAG(s) dict_keys(['example_local_kubernetes_executor']) retrieved from /home/airflow/.local/lib/python3.7/site-packages/airflow/example_dags/example_local_kubernetes_executor.py
[2023-01-31T10:38:50.916+0000] {logging_mixin.py:137} INFO - [2023-01-31T10:38:50.916+0000] {dag.py:2690} INFO - Sync 1 DAGs
[2023-01-31T10:38:50.949+0000] {logging_mixin.py:137} INFO - [2023-01-31T10:38:50.949+0000] {dag.py:3441} INFO - Setting next_dagrun for example_local_kubernetes_executor to None, run_after=None
[2023-01-31T10:38:50.975+0000] {processor.py:175} INFO - Processing /home/airflow/.local/lib/python3.7/site-packages/airflow/example_dags/example_local_kubernetes_executor.py took 0.113 seconds
[2023-01-31T10:39:21.051+0000] {processor.py:153} INFO - Started process (PID=3884) to work on /home/airflow/.local/lib/python3.7/site-packages/airflow/example_dags/example_local_kubernetes_executor.py
[2023-01-31T10:39:21.057+0000] {processor.py:743} INFO - Processing file /home/airflow/.local/lib/python3.7/site-packages/airflow/example_dags/example_local_kubernetes_executor.py for tasks to queue
[2023-01-31T10:39:21.068+0000] {logging_mixin.py:137} INFO - [2023-01-31T10:39:21.068+0000] {dagbag.py:538} INFO - Filling up the DagBag from /home/airflow/.local/lib/python3.7/site-packages/airflow/example_dags/example_local_kubernetes_executor.py
[2023-01-31T10:39:21.111+0000] {processor.py:753} INFO - DAG(s) dict_keys(['example_local_kubernetes_executor']) retrieved from /home/airflow/.local/lib/python3.7/site-packages/airflow/example_dags/example_local_kubernetes_executor.py
[2023-01-31T10:39:21.177+0000] {logging_mixin.py:137} INFO - [2023-01-31T10:39:21.176+0000] {dag.py:2690} INFO - Sync 1 DAGs
[2023-01-31T10:39:21.230+0000] {logging_mixin.py:137} INFO - [2023-01-31T10:39:21.230+0000] {dag.py:3441} INFO - Setting next_dagrun for example_local_kubernetes_executor to None, run_after=None
[2023-01-31T10:39:21.292+0000] {processor.py:175} INFO - Processing /home/airflow/.local/lib/python3.7/site-packages/airflow/example_dags/example_local_kubernetes_executor.py took 0.249 seconds
[2023-01-31T10:39:52.043+0000] {processor.py:153} INFO - Started process (PID=3963) to work on /home/airflow/.local/lib/python3.7/site-packages/airflow/example_dags/example_local_kubernetes_executor.py
[2023-01-31T10:39:52.045+0000] {processor.py:743} INFO - Processing file /home/airflow/.local/lib/python3.7/site-packages/airflow/example_dags/example_local_kubernetes_executor.py for tasks to queue
[2023-01-31T10:39:52.046+0000] {logging_mixin.py:137} INFO - [2023-01-31T10:39:52.046+0000] {dagbag.py:538} INFO - Filling up the DagBag from /home/airflow/.local/lib/python3.7/site-packages/airflow/example_dags/example_local_kubernetes_executor.py
[2023-01-31T10:39:52.076+0000] {processor.py:753} INFO - DAG(s) dict_keys(['example_local_kubernetes_executor']) retrieved from /home/airflow/.local/lib/python3.7/site-packages/airflow/example_dags/example_local_kubernetes_executor.py
[2023-01-31T10:39:52.134+0000] {logging_mixin.py:137} INFO - [2023-01-31T10:39:52.134+0000] {dag.py:2690} INFO - Sync 1 DAGs
[2023-01-31T10:39:52.169+0000] {logging_mixin.py:137} INFO - [2023-01-31T10:39:52.169+0000] {dag.py:3441} INFO - Setting next_dagrun for example_local_kubernetes_executor to None, run_after=None
[2023-01-31T10:39:52.190+0000] {processor.py:175} INFO - Processing /home/airflow/.local/lib/python3.7/site-packages/airflow/example_dags/example_local_kubernetes_executor.py took 0.151 seconds
[2023-01-31T10:40:22.649+0000] {processor.py:153} INFO - Started process (PID=4042) to work on /home/airflow/.local/lib/python3.7/site-packages/airflow/example_dags/example_local_kubernetes_executor.py
[2023-01-31T10:40:22.655+0000] {processor.py:743} INFO - Processing file /home/airflow/.local/lib/python3.7/site-packages/airflow/example_dags/example_local_kubernetes_executor.py for tasks to queue
[2023-01-31T10:40:22.662+0000] {logging_mixin.py:137} INFO - [2023-01-31T10:40:22.662+0000] {dagbag.py:538} INFO - Filling up the DagBag from /home/airflow/.local/lib/python3.7/site-packages/airflow/example_dags/example_local_kubernetes_executor.py
[2023-01-31T10:40:22.682+0000] {processor.py:753} INFO - DAG(s) dict_keys(['example_local_kubernetes_executor']) retrieved from /home/airflow/.local/lib/python3.7/site-packages/airflow/example_dags/example_local_kubernetes_executor.py
[2023-01-31T10:40:22.720+0000] {logging_mixin.py:137} INFO - [2023-01-31T10:40:22.720+0000] {dag.py:2690} INFO - Sync 1 DAGs
[2023-01-31T10:40:22.763+0000] {logging_mixin.py:137} INFO - [2023-01-31T10:40:22.763+0000] {dag.py:3441} INFO - Setting next_dagrun for example_local_kubernetes_executor to None, run_after=None
[2023-01-31T10:40:22.798+0000] {processor.py:175} INFO - Processing /home/airflow/.local/lib/python3.7/site-packages/airflow/example_dags/example_local_kubernetes_executor.py took 0.152 seconds
[2023-01-31T10:40:53.921+0000] {processor.py:153} INFO - Started process (PID=4120) to work on /home/airflow/.local/lib/python3.7/site-packages/airflow/example_dags/example_local_kubernetes_executor.py
[2023-01-31T10:40:53.925+0000] {processor.py:743} INFO - Processing file /home/airflow/.local/lib/python3.7/site-packages/airflow/example_dags/example_local_kubernetes_executor.py for tasks to queue
[2023-01-31T10:40:53.926+0000] {logging_mixin.py:137} INFO - [2023-01-31T10:40:53.926+0000] {dagbag.py:538} INFO - Filling up the DagBag from /home/airflow/.local/lib/python3.7/site-packages/airflow/example_dags/example_local_kubernetes_executor.py
[2023-01-31T10:40:53.951+0000] {processor.py:753} INFO - DAG(s) dict_keys(['example_local_kubernetes_executor']) retrieved from /home/airflow/.local/lib/python3.7/site-packages/airflow/example_dags/example_local_kubernetes_executor.py
[2023-01-31T10:40:53.987+0000] {logging_mixin.py:137} INFO - [2023-01-31T10:40:53.987+0000] {dag.py:2690} INFO - Sync 1 DAGs
[2023-01-31T10:40:54.011+0000] {logging_mixin.py:137} INFO - [2023-01-31T10:40:54.011+0000] {dag.py:3441} INFO - Setting next_dagrun for example_local_kubernetes_executor to None, run_after=None
[2023-01-31T10:40:54.056+0000] {processor.py:175} INFO - Processing /home/airflow/.local/lib/python3.7/site-packages/airflow/example_dags/example_local_kubernetes_executor.py took 0.140 seconds
[2023-01-31T10:41:25.972+0000] {processor.py:153} INFO - Started process (PID=4199) to work on /home/airflow/.local/lib/python3.7/site-packages/airflow/example_dags/example_local_kubernetes_executor.py
[2023-01-31T10:41:25.974+0000] {processor.py:743} INFO - Processing file /home/airflow/.local/lib/python3.7/site-packages/airflow/example_dags/example_local_kubernetes_executor.py for tasks to queue
[2023-01-31T10:41:25.975+0000] {logging_mixin.py:137} INFO - [2023-01-31T10:41:25.975+0000] {dagbag.py:538} INFO - Filling up the DagBag from /home/airflow/.local/lib/python3.7/site-packages/airflow/example_dags/example_local_kubernetes_executor.py
[2023-01-31T10:41:26.008+0000] {processor.py:753} INFO - DAG(s) dict_keys(['example_local_kubernetes_executor']) retrieved from /home/airflow/.local/lib/python3.7/site-packages/airflow/example_dags/example_local_kubernetes_executor.py
[2023-01-31T10:41:26.061+0000] {logging_mixin.py:137} INFO - [2023-01-31T10:41:26.061+0000] {dag.py:2690} INFO - Sync 1 DAGs
[2023-01-31T10:41:26.089+0000] {logging_mixin.py:137} INFO - [2023-01-31T10:41:26.089+0000] {dag.py:3441} INFO - Setting next_dagrun for example_local_kubernetes_executor to None, run_after=None
[2023-01-31T10:41:26.138+0000] {processor.py:175} INFO - Processing /home/airflow/.local/lib/python3.7/site-packages/airflow/example_dags/example_local_kubernetes_executor.py took 0.171 seconds
[2023-01-31T10:41:59.150+0000] {processor.py:153} INFO - Started process (PID=4295) to work on /home/airflow/.local/lib/python3.7/site-packages/airflow/example_dags/example_local_kubernetes_executor.py
[2023-01-31T10:41:59.158+0000] {processor.py:743} INFO - Processing file /home/airflow/.local/lib/python3.7/site-packages/airflow/example_dags/example_local_kubernetes_executor.py for tasks to queue
[2023-01-31T10:41:59.176+0000] {logging_mixin.py:137} INFO - [2023-01-31T10:41:59.176+0000] {dagbag.py:538} INFO - Filling up the DagBag from /home/airflow/.local/lib/python3.7/site-packages/airflow/example_dags/example_local_kubernetes_executor.py
[2023-01-31T10:41:59.248+0000] {processor.py:753} INFO - DAG(s) dict_keys(['example_local_kubernetes_executor']) retrieved from /home/airflow/.local/lib/python3.7/site-packages/airflow/example_dags/example_local_kubernetes_executor.py
[2023-01-31T10:41:59.334+0000] {logging_mixin.py:137} INFO - [2023-01-31T10:41:59.333+0000] {dag.py:2690} INFO - Sync 1 DAGs
[2023-01-31T10:41:59.375+0000] {logging_mixin.py:137} INFO - [2023-01-31T10:41:59.375+0000] {dag.py:3441} INFO - Setting next_dagrun for example_local_kubernetes_executor to None, run_after=None
[2023-01-31T10:41:59.410+0000] {processor.py:175} INFO - Processing /home/airflow/.local/lib/python3.7/site-packages/airflow/example_dags/example_local_kubernetes_executor.py took 0.270 seconds
[2023-01-31T10:42:29.851+0000] {processor.py:153} INFO - Started process (PID=4375) to work on /home/airflow/.local/lib/python3.7/site-packages/airflow/example_dags/example_local_kubernetes_executor.py
[2023-01-31T10:42:29.858+0000] {processor.py:743} INFO - Processing file /home/airflow/.local/lib/python3.7/site-packages/airflow/example_dags/example_local_kubernetes_executor.py for tasks to queue
[2023-01-31T10:42:29.866+0000] {logging_mixin.py:137} INFO - [2023-01-31T10:42:29.866+0000] {dagbag.py:538} INFO - Filling up the DagBag from /home/airflow/.local/lib/python3.7/site-packages/airflow/example_dags/example_local_kubernetes_executor.py
[2023-01-31T10:42:30.011+0000] {processor.py:753} INFO - DAG(s) dict_keys(['example_local_kubernetes_executor']) retrieved from /home/airflow/.local/lib/python3.7/site-packages/airflow/example_dags/example_local_kubernetes_executor.py
[2023-01-31T10:42:30.138+0000] {logging_mixin.py:137} INFO - [2023-01-31T10:42:30.138+0000] {dag.py:2690} INFO - Sync 1 DAGs
[2023-01-31T10:42:30.241+0000] {logging_mixin.py:137} INFO - [2023-01-31T10:42:30.239+0000] {dag.py:3441} INFO - Setting next_dagrun for example_local_kubernetes_executor to None, run_after=None
[2023-01-31T10:42:30.351+0000] {processor.py:175} INFO - Processing /home/airflow/.local/lib/python3.7/site-packages/airflow/example_dags/example_local_kubernetes_executor.py took 0.508 seconds
[2023-01-31T10:43:01.011+0000] {processor.py:153} INFO - Started process (PID=4459) to work on /home/airflow/.local/lib/python3.7/site-packages/airflow/example_dags/example_local_kubernetes_executor.py
[2023-01-31T10:43:01.014+0000] {processor.py:743} INFO - Processing file /home/airflow/.local/lib/python3.7/site-packages/airflow/example_dags/example_local_kubernetes_executor.py for tasks to queue
[2023-01-31T10:43:01.016+0000] {logging_mixin.py:137} INFO - [2023-01-31T10:43:01.016+0000] {dagbag.py:538} INFO - Filling up the DagBag from /home/airflow/.local/lib/python3.7/site-packages/airflow/example_dags/example_local_kubernetes_executor.py
[2023-01-31T10:43:01.044+0000] {processor.py:753} INFO - DAG(s) dict_keys(['example_local_kubernetes_executor']) retrieved from /home/airflow/.local/lib/python3.7/site-packages/airflow/example_dags/example_local_kubernetes_executor.py
[2023-01-31T10:43:01.174+0000] {logging_mixin.py:137} INFO - [2023-01-31T10:43:01.174+0000] {dag.py:2690} INFO - Sync 1 DAGs
[2023-01-31T10:43:01.231+0000] {logging_mixin.py:137} INFO - [2023-01-31T10:43:01.231+0000] {dag.py:3441} INFO - Setting next_dagrun for example_local_kubernetes_executor to None, run_after=None
[2023-01-31T10:43:01.323+0000] {processor.py:175} INFO - Processing /home/airflow/.local/lib/python3.7/site-packages/airflow/example_dags/example_local_kubernetes_executor.py took 0.317 seconds
[2023-01-31T10:43:33.391+0000] {processor.py:153} INFO - Started process (PID=4537) to work on /home/airflow/.local/lib/python3.7/site-packages/airflow/example_dags/example_local_kubernetes_executor.py
[2023-01-31T10:43:33.406+0000] {processor.py:743} INFO - Processing file /home/airflow/.local/lib/python3.7/site-packages/airflow/example_dags/example_local_kubernetes_executor.py for tasks to queue
[2023-01-31T10:43:33.419+0000] {logging_mixin.py:137} INFO - [2023-01-31T10:43:33.419+0000] {dagbag.py:538} INFO - Filling up the DagBag from /home/airflow/.local/lib/python3.7/site-packages/airflow/example_dags/example_local_kubernetes_executor.py
[2023-01-31T10:43:33.708+0000] {processor.py:753} INFO - DAG(s) dict_keys(['example_local_kubernetes_executor']) retrieved from /home/airflow/.local/lib/python3.7/site-packages/airflow/example_dags/example_local_kubernetes_executor.py
[2023-01-31T10:43:33.837+0000] {logging_mixin.py:137} INFO - [2023-01-31T10:43:33.837+0000] {dag.py:2690} INFO - Sync 1 DAGs
[2023-01-31T10:43:33.877+0000] {logging_mixin.py:137} INFO - [2023-01-31T10:43:33.877+0000] {dag.py:3441} INFO - Setting next_dagrun for example_local_kubernetes_executor to None, run_after=None
[2023-01-31T10:43:33.898+0000] {processor.py:175} INFO - Processing /home/airflow/.local/lib/python3.7/site-packages/airflow/example_dags/example_local_kubernetes_executor.py took 0.511 seconds
[2023-01-31T10:44:04.240+0000] {processor.py:153} INFO - Started process (PID=4615) to work on /home/airflow/.local/lib/python3.7/site-packages/airflow/example_dags/example_local_kubernetes_executor.py
[2023-01-31T10:44:04.241+0000] {processor.py:743} INFO - Processing file /home/airflow/.local/lib/python3.7/site-packages/airflow/example_dags/example_local_kubernetes_executor.py for tasks to queue
[2023-01-31T10:44:04.242+0000] {logging_mixin.py:137} INFO - [2023-01-31T10:44:04.242+0000] {dagbag.py:538} INFO - Filling up the DagBag from /home/airflow/.local/lib/python3.7/site-packages/airflow/example_dags/example_local_kubernetes_executor.py
[2023-01-31T10:44:04.274+0000] {processor.py:753} INFO - DAG(s) dict_keys(['example_local_kubernetes_executor']) retrieved from /home/airflow/.local/lib/python3.7/site-packages/airflow/example_dags/example_local_kubernetes_executor.py
[2023-01-31T10:44:04.306+0000] {logging_mixin.py:137} INFO - [2023-01-31T10:44:04.306+0000] {dag.py:2690} INFO - Sync 1 DAGs
[2023-01-31T10:44:04.336+0000] {logging_mixin.py:137} INFO - [2023-01-31T10:44:04.336+0000] {dag.py:3441} INFO - Setting next_dagrun for example_local_kubernetes_executor to None, run_after=None
[2023-01-31T10:44:04.362+0000] {processor.py:175} INFO - Processing /home/airflow/.local/lib/python3.7/site-packages/airflow/example_dags/example_local_kubernetes_executor.py took 0.125 seconds
