[2023-01-31T10:15:35.200+0000] {processor.py:153} INFO - Started process (PID=91) to work on /home/airflow/.local/lib/python3.7/site-packages/airflow/example_dags/example_sensors.py
[2023-01-31T10:15:35.205+0000] {processor.py:743} INFO - Processing file /home/airflow/.local/lib/python3.7/site-packages/airflow/example_dags/example_sensors.py for tasks to queue
[2023-01-31T10:15:35.227+0000] {logging_mixin.py:137} INFO - [2023-01-31T10:15:35.227+0000] {dagbag.py:538} INFO - Filling up the DagBag from /home/airflow/.local/lib/python3.7/site-packages/airflow/example_dags/example_sensors.py
[2023-01-31T10:15:35.295+0000] {processor.py:753} INFO - DAG(s) dict_keys(['example_sensors']) retrieved from /home/airflow/.local/lib/python3.7/site-packages/airflow/example_dags/example_sensors.py
[2023-01-31T10:15:35.373+0000] {logging_mixin.py:137} INFO - [2023-01-31T10:15:35.373+0000] {dag.py:2690} INFO - Sync 1 DAGs
[2023-01-31T10:15:35.411+0000] {logging_mixin.py:137} INFO - [2023-01-31T10:15:35.411+0000] {dag.py:3441} INFO - Setting next_dagrun for example_sensors to None, run_after=None
[2023-01-31T10:15:35.433+0000] {processor.py:175} INFO - Processing /home/airflow/.local/lib/python3.7/site-packages/airflow/example_dags/example_sensors.py took 0.237 seconds
[2023-01-31T10:16:06.009+0000] {processor.py:153} INFO - Started process (PID=174) to work on /home/airflow/.local/lib/python3.7/site-packages/airflow/example_dags/example_sensors.py
[2023-01-31T10:16:06.011+0000] {processor.py:743} INFO - Processing file /home/airflow/.local/lib/python3.7/site-packages/airflow/example_dags/example_sensors.py for tasks to queue
[2023-01-31T10:16:06.012+0000] {logging_mixin.py:137} INFO - [2023-01-31T10:16:06.012+0000] {dagbag.py:538} INFO - Filling up the DagBag from /home/airflow/.local/lib/python3.7/site-packages/airflow/example_dags/example_sensors.py
[2023-01-31T10:16:06.028+0000] {processor.py:753} INFO - DAG(s) dict_keys(['example_sensors']) retrieved from /home/airflow/.local/lib/python3.7/site-packages/airflow/example_dags/example_sensors.py
[2023-01-31T10:16:06.054+0000] {logging_mixin.py:137} INFO - [2023-01-31T10:16:06.054+0000] {dag.py:2690} INFO - Sync 1 DAGs
[2023-01-31T10:16:06.073+0000] {logging_mixin.py:137} INFO - [2023-01-31T10:16:06.073+0000] {dag.py:3441} INFO - Setting next_dagrun for example_sensors to None, run_after=None
[2023-01-31T10:16:06.112+0000] {processor.py:175} INFO - Processing /home/airflow/.local/lib/python3.7/site-packages/airflow/example_dags/example_sensors.py took 0.106 seconds
[2023-01-31T10:16:36.361+0000] {processor.py:153} INFO - Started process (PID=269) to work on /home/airflow/.local/lib/python3.7/site-packages/airflow/example_dags/example_sensors.py
[2023-01-31T10:16:36.362+0000] {processor.py:743} INFO - Processing file /home/airflow/.local/lib/python3.7/site-packages/airflow/example_dags/example_sensors.py for tasks to queue
[2023-01-31T10:16:36.364+0000] {logging_mixin.py:137} INFO - [2023-01-31T10:16:36.363+0000] {dagbag.py:538} INFO - Filling up the DagBag from /home/airflow/.local/lib/python3.7/site-packages/airflow/example_dags/example_sensors.py
[2023-01-31T10:16:36.383+0000] {processor.py:753} INFO - DAG(s) dict_keys(['example_sensors']) retrieved from /home/airflow/.local/lib/python3.7/site-packages/airflow/example_dags/example_sensors.py
[2023-01-31T10:16:36.446+0000] {logging_mixin.py:137} INFO - [2023-01-31T10:16:36.446+0000] {dag.py:2690} INFO - Sync 1 DAGs
[2023-01-31T10:16:36.472+0000] {logging_mixin.py:137} INFO - [2023-01-31T10:16:36.472+0000] {dag.py:3441} INFO - Setting next_dagrun for example_sensors to None, run_after=None
[2023-01-31T10:16:36.502+0000] {processor.py:175} INFO - Processing /home/airflow/.local/lib/python3.7/site-packages/airflow/example_dags/example_sensors.py took 0.146 seconds
[2023-01-31T10:17:07.561+0000] {processor.py:153} INFO - Started process (PID=348) to work on /home/airflow/.local/lib/python3.7/site-packages/airflow/example_dags/example_sensors.py
[2023-01-31T10:17:07.563+0000] {processor.py:743} INFO - Processing file /home/airflow/.local/lib/python3.7/site-packages/airflow/example_dags/example_sensors.py for tasks to queue
[2023-01-31T10:17:07.565+0000] {logging_mixin.py:137} INFO - [2023-01-31T10:17:07.565+0000] {dagbag.py:538} INFO - Filling up the DagBag from /home/airflow/.local/lib/python3.7/site-packages/airflow/example_dags/example_sensors.py
[2023-01-31T10:17:07.589+0000] {processor.py:753} INFO - DAG(s) dict_keys(['example_sensors']) retrieved from /home/airflow/.local/lib/python3.7/site-packages/airflow/example_dags/example_sensors.py
[2023-01-31T10:17:07.621+0000] {logging_mixin.py:137} INFO - [2023-01-31T10:17:07.621+0000] {dag.py:2690} INFO - Sync 1 DAGs
[2023-01-31T10:17:07.647+0000] {logging_mixin.py:137} INFO - [2023-01-31T10:17:07.647+0000] {dag.py:3441} INFO - Setting next_dagrun for example_sensors to None, run_after=None
[2023-01-31T10:17:07.662+0000] {processor.py:175} INFO - Processing /home/airflow/.local/lib/python3.7/site-packages/airflow/example_dags/example_sensors.py took 0.105 seconds
[2023-01-31T10:17:38.308+0000] {processor.py:153} INFO - Started process (PID=426) to work on /home/airflow/.local/lib/python3.7/site-packages/airflow/example_dags/example_sensors.py
[2023-01-31T10:17:38.310+0000] {processor.py:743} INFO - Processing file /home/airflow/.local/lib/python3.7/site-packages/airflow/example_dags/example_sensors.py for tasks to queue
[2023-01-31T10:17:38.311+0000] {logging_mixin.py:137} INFO - [2023-01-31T10:17:38.311+0000] {dagbag.py:538} INFO - Filling up the DagBag from /home/airflow/.local/lib/python3.7/site-packages/airflow/example_dags/example_sensors.py
[2023-01-31T10:17:38.329+0000] {processor.py:753} INFO - DAG(s) dict_keys(['example_sensors']) retrieved from /home/airflow/.local/lib/python3.7/site-packages/airflow/example_dags/example_sensors.py
[2023-01-31T10:17:38.356+0000] {logging_mixin.py:137} INFO - [2023-01-31T10:17:38.355+0000] {dag.py:2690} INFO - Sync 1 DAGs
[2023-01-31T10:17:38.374+0000] {logging_mixin.py:137} INFO - [2023-01-31T10:17:38.373+0000] {dag.py:3441} INFO - Setting next_dagrun for example_sensors to None, run_after=None
[2023-01-31T10:17:38.392+0000] {processor.py:175} INFO - Processing /home/airflow/.local/lib/python3.7/site-packages/airflow/example_dags/example_sensors.py took 0.088 seconds
[2023-01-31T10:18:10.073+0000] {processor.py:153} INFO - Started process (PID=505) to work on /home/airflow/.local/lib/python3.7/site-packages/airflow/example_dags/example_sensors.py
[2023-01-31T10:18:10.086+0000] {processor.py:743} INFO - Processing file /home/airflow/.local/lib/python3.7/site-packages/airflow/example_dags/example_sensors.py for tasks to queue
[2023-01-31T10:18:10.087+0000] {logging_mixin.py:137} INFO - [2023-01-31T10:18:10.087+0000] {dagbag.py:538} INFO - Filling up the DagBag from /home/airflow/.local/lib/python3.7/site-packages/airflow/example_dags/example_sensors.py
[2023-01-31T10:18:10.092+0000] {processor.py:753} INFO - DAG(s) dict_keys(['example_sensors']) retrieved from /home/airflow/.local/lib/python3.7/site-packages/airflow/example_dags/example_sensors.py
[2023-01-31T10:18:10.178+0000] {logging_mixin.py:137} INFO - [2023-01-31T10:18:10.178+0000] {dag.py:2690} INFO - Sync 1 DAGs
[2023-01-31T10:18:10.257+0000] {logging_mixin.py:137} INFO - [2023-01-31T10:18:10.257+0000] {dag.py:3441} INFO - Setting next_dagrun for example_sensors to None, run_after=None
[2023-01-31T10:18:10.295+0000] {processor.py:175} INFO - Processing /home/airflow/.local/lib/python3.7/site-packages/airflow/example_dags/example_sensors.py took 0.259 seconds
[2023-01-31T10:18:44.450+0000] {processor.py:153} INFO - Started process (PID=584) to work on /home/airflow/.local/lib/python3.7/site-packages/airflow/example_dags/example_sensors.py
[2023-01-31T10:18:44.452+0000] {processor.py:743} INFO - Processing file /home/airflow/.local/lib/python3.7/site-packages/airflow/example_dags/example_sensors.py for tasks to queue
[2023-01-31T10:18:44.454+0000] {logging_mixin.py:137} INFO - [2023-01-31T10:18:44.453+0000] {dagbag.py:538} INFO - Filling up the DagBag from /home/airflow/.local/lib/python3.7/site-packages/airflow/example_dags/example_sensors.py
[2023-01-31T10:18:44.479+0000] {processor.py:753} INFO - DAG(s) dict_keys(['example_sensors']) retrieved from /home/airflow/.local/lib/python3.7/site-packages/airflow/example_dags/example_sensors.py
[2023-01-31T10:18:44.518+0000] {logging_mixin.py:137} INFO - [2023-01-31T10:18:44.518+0000] {dag.py:2690} INFO - Sync 1 DAGs
[2023-01-31T10:18:44.543+0000] {logging_mixin.py:137} INFO - [2023-01-31T10:18:44.543+0000] {dag.py:3441} INFO - Setting next_dagrun for example_sensors to None, run_after=None
[2023-01-31T10:18:44.573+0000] {processor.py:175} INFO - Processing /home/airflow/.local/lib/python3.7/site-packages/airflow/example_dags/example_sensors.py took 0.127 seconds
[2023-01-31T10:19:15.932+0000] {processor.py:153} INFO - Started process (PID=673) to work on /home/airflow/.local/lib/python3.7/site-packages/airflow/example_dags/example_sensors.py
[2023-01-31T10:19:15.938+0000] {processor.py:743} INFO - Processing file /home/airflow/.local/lib/python3.7/site-packages/airflow/example_dags/example_sensors.py for tasks to queue
[2023-01-31T10:19:15.945+0000] {logging_mixin.py:137} INFO - [2023-01-31T10:19:15.945+0000] {dagbag.py:538} INFO - Filling up the DagBag from /home/airflow/.local/lib/python3.7/site-packages/airflow/example_dags/example_sensors.py
[2023-01-31T10:19:15.984+0000] {processor.py:753} INFO - DAG(s) dict_keys(['example_sensors']) retrieved from /home/airflow/.local/lib/python3.7/site-packages/airflow/example_dags/example_sensors.py
[2023-01-31T10:19:16.052+0000] {logging_mixin.py:137} INFO - [2023-01-31T10:19:16.052+0000] {dag.py:2690} INFO - Sync 1 DAGs
[2023-01-31T10:19:16.178+0000] {logging_mixin.py:137} INFO - [2023-01-31T10:19:16.177+0000] {dag.py:3441} INFO - Setting next_dagrun for example_sensors to None, run_after=None
[2023-01-31T10:19:16.314+0000] {processor.py:175} INFO - Processing /home/airflow/.local/lib/python3.7/site-packages/airflow/example_dags/example_sensors.py took 0.386 seconds
[2023-01-31T10:19:47.318+0000] {processor.py:153} INFO - Started process (PID=760) to work on /home/airflow/.local/lib/python3.7/site-packages/airflow/example_dags/example_sensors.py
[2023-01-31T10:19:47.321+0000] {processor.py:743} INFO - Processing file /home/airflow/.local/lib/python3.7/site-packages/airflow/example_dags/example_sensors.py for tasks to queue
[2023-01-31T10:19:47.323+0000] {logging_mixin.py:137} INFO - [2023-01-31T10:19:47.323+0000] {dagbag.py:538} INFO - Filling up the DagBag from /home/airflow/.local/lib/python3.7/site-packages/airflow/example_dags/example_sensors.py
[2023-01-31T10:19:47.359+0000] {processor.py:753} INFO - DAG(s) dict_keys(['example_sensors']) retrieved from /home/airflow/.local/lib/python3.7/site-packages/airflow/example_dags/example_sensors.py
[2023-01-31T10:19:47.422+0000] {logging_mixin.py:137} INFO - [2023-01-31T10:19:47.422+0000] {dag.py:2690} INFO - Sync 1 DAGs
[2023-01-31T10:19:47.459+0000] {logging_mixin.py:137} INFO - [2023-01-31T10:19:47.459+0000] {dag.py:3441} INFO - Setting next_dagrun for example_sensors to None, run_after=None
[2023-01-31T10:19:47.498+0000] {processor.py:175} INFO - Processing /home/airflow/.local/lib/python3.7/site-packages/airflow/example_dags/example_sensors.py took 0.183 seconds
[2023-01-31T10:20:21.391+0000] {processor.py:153} INFO - Started process (PID=844) to work on /home/airflow/.local/lib/python3.7/site-packages/airflow/example_dags/example_sensors.py
[2023-01-31T10:20:21.403+0000] {processor.py:743} INFO - Processing file /home/airflow/.local/lib/python3.7/site-packages/airflow/example_dags/example_sensors.py for tasks to queue
[2023-01-31T10:20:21.410+0000] {logging_mixin.py:137} INFO - [2023-01-31T10:20:21.410+0000] {dagbag.py:538} INFO - Filling up the DagBag from /home/airflow/.local/lib/python3.7/site-packages/airflow/example_dags/example_sensors.py
[2023-01-31T10:20:21.439+0000] {processor.py:753} INFO - DAG(s) dict_keys(['example_sensors']) retrieved from /home/airflow/.local/lib/python3.7/site-packages/airflow/example_dags/example_sensors.py
[2023-01-31T10:20:21.502+0000] {logging_mixin.py:137} INFO - [2023-01-31T10:20:21.502+0000] {dag.py:2690} INFO - Sync 1 DAGs
[2023-01-31T10:20:21.542+0000] {logging_mixin.py:137} INFO - [2023-01-31T10:20:21.542+0000] {dag.py:3441} INFO - Setting next_dagrun for example_sensors to None, run_after=None
[2023-01-31T10:20:21.585+0000] {processor.py:175} INFO - Processing /home/airflow/.local/lib/python3.7/site-packages/airflow/example_dags/example_sensors.py took 0.217 seconds
[2023-01-31T10:20:52.044+0000] {processor.py:153} INFO - Started process (PID=923) to work on /home/airflow/.local/lib/python3.7/site-packages/airflow/example_dags/example_sensors.py
[2023-01-31T10:20:52.046+0000] {processor.py:743} INFO - Processing file /home/airflow/.local/lib/python3.7/site-packages/airflow/example_dags/example_sensors.py for tasks to queue
[2023-01-31T10:20:52.047+0000] {logging_mixin.py:137} INFO - [2023-01-31T10:20:52.047+0000] {dagbag.py:538} INFO - Filling up the DagBag from /home/airflow/.local/lib/python3.7/site-packages/airflow/example_dags/example_sensors.py
[2023-01-31T10:20:52.066+0000] {processor.py:753} INFO - DAG(s) dict_keys(['example_sensors']) retrieved from /home/airflow/.local/lib/python3.7/site-packages/airflow/example_dags/example_sensors.py
[2023-01-31T10:20:52.095+0000] {logging_mixin.py:137} INFO - [2023-01-31T10:20:52.095+0000] {dag.py:2690} INFO - Sync 1 DAGs
[2023-01-31T10:20:52.116+0000] {logging_mixin.py:137} INFO - [2023-01-31T10:20:52.116+0000] {dag.py:3441} INFO - Setting next_dagrun for example_sensors to None, run_after=None
[2023-01-31T10:20:52.127+0000] {processor.py:175} INFO - Processing /home/airflow/.local/lib/python3.7/site-packages/airflow/example_dags/example_sensors.py took 0.086 seconds
[2023-01-31T10:21:23.915+0000] {processor.py:153} INFO - Started process (PID=1018) to work on /home/airflow/.local/lib/python3.7/site-packages/airflow/example_dags/example_sensors.py
[2023-01-31T10:21:23.936+0000] {processor.py:743} INFO - Processing file /home/airflow/.local/lib/python3.7/site-packages/airflow/example_dags/example_sensors.py for tasks to queue
[2023-01-31T10:21:23.939+0000] {logging_mixin.py:137} INFO - [2023-01-31T10:21:23.939+0000] {dagbag.py:538} INFO - Filling up the DagBag from /home/airflow/.local/lib/python3.7/site-packages/airflow/example_dags/example_sensors.py
[2023-01-31T10:21:23.995+0000] {processor.py:753} INFO - DAG(s) dict_keys(['example_sensors']) retrieved from /home/airflow/.local/lib/python3.7/site-packages/airflow/example_dags/example_sensors.py
[2023-01-31T10:21:24.051+0000] {logging_mixin.py:137} INFO - [2023-01-31T10:21:24.051+0000] {dag.py:2690} INFO - Sync 1 DAGs
[2023-01-31T10:21:24.092+0000] {logging_mixin.py:137} INFO - [2023-01-31T10:21:24.091+0000] {dag.py:3441} INFO - Setting next_dagrun for example_sensors to None, run_after=None
[2023-01-31T10:21:24.127+0000] {processor.py:175} INFO - Processing /home/airflow/.local/lib/python3.7/site-packages/airflow/example_dags/example_sensors.py took 0.216 seconds
[2023-01-31T10:21:54.606+0000] {processor.py:153} INFO - Started process (PID=1096) to work on /home/airflow/.local/lib/python3.7/site-packages/airflow/example_dags/example_sensors.py
[2023-01-31T10:21:54.607+0000] {processor.py:743} INFO - Processing file /home/airflow/.local/lib/python3.7/site-packages/airflow/example_dags/example_sensors.py for tasks to queue
[2023-01-31T10:21:54.610+0000] {logging_mixin.py:137} INFO - [2023-01-31T10:21:54.609+0000] {dagbag.py:538} INFO - Filling up the DagBag from /home/airflow/.local/lib/python3.7/site-packages/airflow/example_dags/example_sensors.py
[2023-01-31T10:21:54.631+0000] {processor.py:753} INFO - DAG(s) dict_keys(['example_sensors']) retrieved from /home/airflow/.local/lib/python3.7/site-packages/airflow/example_dags/example_sensors.py
[2023-01-31T10:21:54.675+0000] {logging_mixin.py:137} INFO - [2023-01-31T10:21:54.675+0000] {dag.py:2690} INFO - Sync 1 DAGs
[2023-01-31T10:21:54.698+0000] {logging_mixin.py:137} INFO - [2023-01-31T10:21:54.698+0000] {dag.py:3441} INFO - Setting next_dagrun for example_sensors to None, run_after=None
[2023-01-31T10:21:54.720+0000] {processor.py:175} INFO - Processing /home/airflow/.local/lib/python3.7/site-packages/airflow/example_dags/example_sensors.py took 0.119 seconds
[2023-01-31T10:22:26.546+0000] {processor.py:153} INFO - Started process (PID=1175) to work on /home/airflow/.local/lib/python3.7/site-packages/airflow/example_dags/example_sensors.py
[2023-01-31T10:22:26.562+0000] {processor.py:743} INFO - Processing file /home/airflow/.local/lib/python3.7/site-packages/airflow/example_dags/example_sensors.py for tasks to queue
[2023-01-31T10:22:26.571+0000] {logging_mixin.py:137} INFO - [2023-01-31T10:22:26.571+0000] {dagbag.py:538} INFO - Filling up the DagBag from /home/airflow/.local/lib/python3.7/site-packages/airflow/example_dags/example_sensors.py
[2023-01-31T10:22:26.612+0000] {processor.py:753} INFO - DAG(s) dict_keys(['example_sensors']) retrieved from /home/airflow/.local/lib/python3.7/site-packages/airflow/example_dags/example_sensors.py
[2023-01-31T10:22:26.670+0000] {logging_mixin.py:137} INFO - [2023-01-31T10:22:26.669+0000] {dag.py:2690} INFO - Sync 1 DAGs
[2023-01-31T10:22:26.697+0000] {logging_mixin.py:137} INFO - [2023-01-31T10:22:26.697+0000] {dag.py:3441} INFO - Setting next_dagrun for example_sensors to None, run_after=None
[2023-01-31T10:22:26.733+0000] {processor.py:175} INFO - Processing /home/airflow/.local/lib/python3.7/site-packages/airflow/example_dags/example_sensors.py took 0.193 seconds
[2023-01-31T10:22:57.390+0000] {processor.py:153} INFO - Started process (PID=1253) to work on /home/airflow/.local/lib/python3.7/site-packages/airflow/example_dags/example_sensors.py
[2023-01-31T10:22:57.392+0000] {processor.py:743} INFO - Processing file /home/airflow/.local/lib/python3.7/site-packages/airflow/example_dags/example_sensors.py for tasks to queue
[2023-01-31T10:22:57.393+0000] {logging_mixin.py:137} INFO - [2023-01-31T10:22:57.392+0000] {dagbag.py:538} INFO - Filling up the DagBag from /home/airflow/.local/lib/python3.7/site-packages/airflow/example_dags/example_sensors.py
[2023-01-31T10:22:57.409+0000] {processor.py:753} INFO - DAG(s) dict_keys(['example_sensors']) retrieved from /home/airflow/.local/lib/python3.7/site-packages/airflow/example_dags/example_sensors.py
[2023-01-31T10:22:57.438+0000] {logging_mixin.py:137} INFO - [2023-01-31T10:22:57.438+0000] {dag.py:2690} INFO - Sync 1 DAGs
[2023-01-31T10:22:57.472+0000] {logging_mixin.py:137} INFO - [2023-01-31T10:22:57.472+0000] {dag.py:3441} INFO - Setting next_dagrun for example_sensors to None, run_after=None
[2023-01-31T10:22:57.491+0000] {processor.py:175} INFO - Processing /home/airflow/.local/lib/python3.7/site-packages/airflow/example_dags/example_sensors.py took 0.104 seconds
[2023-01-31T10:23:28.672+0000] {processor.py:153} INFO - Started process (PID=1338) to work on /home/airflow/.local/lib/python3.7/site-packages/airflow/example_dags/example_sensors.py
[2023-01-31T10:23:28.677+0000] {processor.py:743} INFO - Processing file /home/airflow/.local/lib/python3.7/site-packages/airflow/example_dags/example_sensors.py for tasks to queue
[2023-01-31T10:23:28.684+0000] {logging_mixin.py:137} INFO - [2023-01-31T10:23:28.683+0000] {dagbag.py:538} INFO - Filling up the DagBag from /home/airflow/.local/lib/python3.7/site-packages/airflow/example_dags/example_sensors.py
[2023-01-31T10:23:28.717+0000] {processor.py:753} INFO - DAG(s) dict_keys(['example_sensors']) retrieved from /home/airflow/.local/lib/python3.7/site-packages/airflow/example_dags/example_sensors.py
[2023-01-31T10:23:28.757+0000] {logging_mixin.py:137} INFO - [2023-01-31T10:23:28.757+0000] {dag.py:2690} INFO - Sync 1 DAGs
[2023-01-31T10:23:28.791+0000] {logging_mixin.py:137} INFO - [2023-01-31T10:23:28.791+0000] {dag.py:3441} INFO - Setting next_dagrun for example_sensors to None, run_after=None
[2023-01-31T10:23:28.826+0000] {processor.py:175} INFO - Processing /home/airflow/.local/lib/python3.7/site-packages/airflow/example_dags/example_sensors.py took 0.156 seconds
[2023-01-31T10:24:00.303+0000] {processor.py:153} INFO - Started process (PID=1419) to work on /home/airflow/.local/lib/python3.7/site-packages/airflow/example_dags/example_sensors.py
[2023-01-31T10:24:00.308+0000] {processor.py:743} INFO - Processing file /home/airflow/.local/lib/python3.7/site-packages/airflow/example_dags/example_sensors.py for tasks to queue
[2023-01-31T10:24:00.311+0000] {logging_mixin.py:137} INFO - [2023-01-31T10:24:00.311+0000] {dagbag.py:538} INFO - Filling up the DagBag from /home/airflow/.local/lib/python3.7/site-packages/airflow/example_dags/example_sensors.py
[2023-01-31T10:24:00.412+0000] {processor.py:753} INFO - DAG(s) dict_keys(['example_sensors']) retrieved from /home/airflow/.local/lib/python3.7/site-packages/airflow/example_dags/example_sensors.py
[2023-01-31T10:24:00.551+0000] {logging_mixin.py:137} INFO - [2023-01-31T10:24:00.551+0000] {dag.py:2690} INFO - Sync 1 DAGs
[2023-01-31T10:24:00.609+0000] {logging_mixin.py:137} INFO - [2023-01-31T10:24:00.609+0000] {dag.py:3441} INFO - Setting next_dagrun for example_sensors to None, run_after=None
[2023-01-31T10:24:00.699+0000] {processor.py:175} INFO - Processing /home/airflow/.local/lib/python3.7/site-packages/airflow/example_dags/example_sensors.py took 0.403 seconds
[2023-01-31T10:24:31.708+0000] {processor.py:153} INFO - Started process (PID=1488) to work on /home/airflow/.local/lib/python3.7/site-packages/airflow/example_dags/example_sensors.py
[2023-01-31T10:24:31.709+0000] {processor.py:743} INFO - Processing file /home/airflow/.local/lib/python3.7/site-packages/airflow/example_dags/example_sensors.py for tasks to queue
[2023-01-31T10:24:31.711+0000] {logging_mixin.py:137} INFO - [2023-01-31T10:24:31.710+0000] {dagbag.py:538} INFO - Filling up the DagBag from /home/airflow/.local/lib/python3.7/site-packages/airflow/example_dags/example_sensors.py
[2023-01-31T10:24:31.732+0000] {processor.py:753} INFO - DAG(s) dict_keys(['example_sensors']) retrieved from /home/airflow/.local/lib/python3.7/site-packages/airflow/example_dags/example_sensors.py
[2023-01-31T10:24:31.787+0000] {logging_mixin.py:137} INFO - [2023-01-31T10:24:31.787+0000] {dag.py:2690} INFO - Sync 1 DAGs
[2023-01-31T10:24:31.804+0000] {logging_mixin.py:137} INFO - [2023-01-31T10:24:31.804+0000] {dag.py:3441} INFO - Setting next_dagrun for example_sensors to None, run_after=None
[2023-01-31T10:24:31.826+0000] {processor.py:175} INFO - Processing /home/airflow/.local/lib/python3.7/site-packages/airflow/example_dags/example_sensors.py took 0.120 seconds
[2023-01-31T10:25:02.412+0000] {processor.py:153} INFO - Started process (PID=1586) to work on /home/airflow/.local/lib/python3.7/site-packages/airflow/example_dags/example_sensors.py
[2023-01-31T10:25:02.415+0000] {processor.py:743} INFO - Processing file /home/airflow/.local/lib/python3.7/site-packages/airflow/example_dags/example_sensors.py for tasks to queue
[2023-01-31T10:25:02.418+0000] {logging_mixin.py:137} INFO - [2023-01-31T10:25:02.418+0000] {dagbag.py:538} INFO - Filling up the DagBag from /home/airflow/.local/lib/python3.7/site-packages/airflow/example_dags/example_sensors.py
[2023-01-31T10:25:02.458+0000] {processor.py:753} INFO - DAG(s) dict_keys(['example_sensors']) retrieved from /home/airflow/.local/lib/python3.7/site-packages/airflow/example_dags/example_sensors.py
[2023-01-31T10:25:02.487+0000] {logging_mixin.py:137} INFO - [2023-01-31T10:25:02.486+0000] {dag.py:2690} INFO - Sync 1 DAGs
[2023-01-31T10:25:02.503+0000] {logging_mixin.py:137} INFO - [2023-01-31T10:25:02.503+0000] {dag.py:3441} INFO - Setting next_dagrun for example_sensors to None, run_after=None
[2023-01-31T10:25:02.515+0000] {processor.py:175} INFO - Processing /home/airflow/.local/lib/python3.7/site-packages/airflow/example_dags/example_sensors.py took 0.113 seconds
[2023-01-31T10:25:32.659+0000] {processor.py:153} INFO - Started process (PID=1665) to work on /home/airflow/.local/lib/python3.7/site-packages/airflow/example_dags/example_sensors.py
[2023-01-31T10:25:32.660+0000] {processor.py:743} INFO - Processing file /home/airflow/.local/lib/python3.7/site-packages/airflow/example_dags/example_sensors.py for tasks to queue
[2023-01-31T10:25:32.661+0000] {logging_mixin.py:137} INFO - [2023-01-31T10:25:32.661+0000] {dagbag.py:538} INFO - Filling up the DagBag from /home/airflow/.local/lib/python3.7/site-packages/airflow/example_dags/example_sensors.py
[2023-01-31T10:25:32.679+0000] {processor.py:753} INFO - DAG(s) dict_keys(['example_sensors']) retrieved from /home/airflow/.local/lib/python3.7/site-packages/airflow/example_dags/example_sensors.py
[2023-01-31T10:25:32.707+0000] {logging_mixin.py:137} INFO - [2023-01-31T10:25:32.707+0000] {dag.py:2690} INFO - Sync 1 DAGs
[2023-01-31T10:25:32.733+0000] {logging_mixin.py:137} INFO - [2023-01-31T10:25:32.733+0000] {dag.py:3441} INFO - Setting next_dagrun for example_sensors to None, run_after=None
[2023-01-31T10:25:32.754+0000] {processor.py:175} INFO - Processing /home/airflow/.local/lib/python3.7/site-packages/airflow/example_dags/example_sensors.py took 0.098 seconds
[2023-01-31T10:26:03.517+0000] {processor.py:153} INFO - Started process (PID=1745) to work on /home/airflow/.local/lib/python3.7/site-packages/airflow/example_dags/example_sensors.py
[2023-01-31T10:26:03.518+0000] {processor.py:743} INFO - Processing file /home/airflow/.local/lib/python3.7/site-packages/airflow/example_dags/example_sensors.py for tasks to queue
[2023-01-31T10:26:03.520+0000] {logging_mixin.py:137} INFO - [2023-01-31T10:26:03.520+0000] {dagbag.py:538} INFO - Filling up the DagBag from /home/airflow/.local/lib/python3.7/site-packages/airflow/example_dags/example_sensors.py
[2023-01-31T10:26:03.541+0000] {processor.py:753} INFO - DAG(s) dict_keys(['example_sensors']) retrieved from /home/airflow/.local/lib/python3.7/site-packages/airflow/example_dags/example_sensors.py
[2023-01-31T10:26:03.576+0000] {logging_mixin.py:137} INFO - [2023-01-31T10:26:03.576+0000] {dag.py:2690} INFO - Sync 1 DAGs
[2023-01-31T10:26:03.599+0000] {logging_mixin.py:137} INFO - [2023-01-31T10:26:03.599+0000] {dag.py:3441} INFO - Setting next_dagrun for example_sensors to None, run_after=None
[2023-01-31T10:26:03.625+0000] {processor.py:175} INFO - Processing /home/airflow/.local/lib/python3.7/site-packages/airflow/example_dags/example_sensors.py took 0.112 seconds
[2023-01-31T10:26:33.713+0000] {processor.py:153} INFO - Started process (PID=1828) to work on /home/airflow/.local/lib/python3.7/site-packages/airflow/example_dags/example_sensors.py
[2023-01-31T10:26:33.717+0000] {processor.py:743} INFO - Processing file /home/airflow/.local/lib/python3.7/site-packages/airflow/example_dags/example_sensors.py for tasks to queue
[2023-01-31T10:26:33.720+0000] {logging_mixin.py:137} INFO - [2023-01-31T10:26:33.720+0000] {dagbag.py:538} INFO - Filling up the DagBag from /home/airflow/.local/lib/python3.7/site-packages/airflow/example_dags/example_sensors.py
[2023-01-31T10:26:33.746+0000] {processor.py:753} INFO - DAG(s) dict_keys(['example_sensors']) retrieved from /home/airflow/.local/lib/python3.7/site-packages/airflow/example_dags/example_sensors.py
[2023-01-31T10:26:33.781+0000] {logging_mixin.py:137} INFO - [2023-01-31T10:26:33.781+0000] {dag.py:2690} INFO - Sync 1 DAGs
[2023-01-31T10:26:33.800+0000] {logging_mixin.py:137} INFO - [2023-01-31T10:26:33.800+0000] {dag.py:3441} INFO - Setting next_dagrun for example_sensors to None, run_after=None
[2023-01-31T10:26:33.820+0000] {processor.py:175} INFO - Processing /home/airflow/.local/lib/python3.7/site-packages/airflow/example_dags/example_sensors.py took 0.111 seconds
[2023-01-31T10:27:04.513+0000] {processor.py:153} INFO - Started process (PID=1923) to work on /home/airflow/.local/lib/python3.7/site-packages/airflow/example_dags/example_sensors.py
[2023-01-31T10:27:04.514+0000] {processor.py:743} INFO - Processing file /home/airflow/.local/lib/python3.7/site-packages/airflow/example_dags/example_sensors.py for tasks to queue
[2023-01-31T10:27:04.515+0000] {logging_mixin.py:137} INFO - [2023-01-31T10:27:04.515+0000] {dagbag.py:538} INFO - Filling up the DagBag from /home/airflow/.local/lib/python3.7/site-packages/airflow/example_dags/example_sensors.py
[2023-01-31T10:27:04.531+0000] {processor.py:753} INFO - DAG(s) dict_keys(['example_sensors']) retrieved from /home/airflow/.local/lib/python3.7/site-packages/airflow/example_dags/example_sensors.py
[2023-01-31T10:27:04.559+0000] {logging_mixin.py:137} INFO - [2023-01-31T10:27:04.559+0000] {dag.py:2690} INFO - Sync 1 DAGs
[2023-01-31T10:27:04.574+0000] {logging_mixin.py:137} INFO - [2023-01-31T10:27:04.574+0000] {dag.py:3441} INFO - Setting next_dagrun for example_sensors to None, run_after=None
[2023-01-31T10:27:04.585+0000] {processor.py:175} INFO - Processing /home/airflow/.local/lib/python3.7/site-packages/airflow/example_dags/example_sensors.py took 0.075 seconds
[2023-01-31T10:27:35.885+0000] {processor.py:153} INFO - Started process (PID=2002) to work on /home/airflow/.local/lib/python3.7/site-packages/airflow/example_dags/example_sensors.py
[2023-01-31T10:27:35.900+0000] {processor.py:743} INFO - Processing file /home/airflow/.local/lib/python3.7/site-packages/airflow/example_dags/example_sensors.py for tasks to queue
[2023-01-31T10:27:35.901+0000] {logging_mixin.py:137} INFO - [2023-01-31T10:27:35.901+0000] {dagbag.py:538} INFO - Filling up the DagBag from /home/airflow/.local/lib/python3.7/site-packages/airflow/example_dags/example_sensors.py
[2023-01-31T10:27:36.061+0000] {processor.py:753} INFO - DAG(s) dict_keys(['example_sensors']) retrieved from /home/airflow/.local/lib/python3.7/site-packages/airflow/example_dags/example_sensors.py
[2023-01-31T10:27:36.173+0000] {logging_mixin.py:137} INFO - [2023-01-31T10:27:36.172+0000] {dag.py:2690} INFO - Sync 1 DAGs
[2023-01-31T10:27:36.202+0000] {logging_mixin.py:137} INFO - [2023-01-31T10:27:36.201+0000] {dag.py:3441} INFO - Setting next_dagrun for example_sensors to None, run_after=None
[2023-01-31T10:27:36.226+0000] {processor.py:175} INFO - Processing /home/airflow/.local/lib/python3.7/site-packages/airflow/example_dags/example_sensors.py took 0.349 seconds
[2023-01-31T10:28:07.257+0000] {processor.py:153} INFO - Started process (PID=2091) to work on /home/airflow/.local/lib/python3.7/site-packages/airflow/example_dags/example_sensors.py
[2023-01-31T10:28:07.260+0000] {processor.py:743} INFO - Processing file /home/airflow/.local/lib/python3.7/site-packages/airflow/example_dags/example_sensors.py for tasks to queue
[2023-01-31T10:28:07.261+0000] {logging_mixin.py:137} INFO - [2023-01-31T10:28:07.261+0000] {dagbag.py:538} INFO - Filling up the DagBag from /home/airflow/.local/lib/python3.7/site-packages/airflow/example_dags/example_sensors.py
[2023-01-31T10:28:07.366+0000] {processor.py:753} INFO - DAG(s) dict_keys(['example_sensors']) retrieved from /home/airflow/.local/lib/python3.7/site-packages/airflow/example_dags/example_sensors.py
[2023-01-31T10:28:07.454+0000] {logging_mixin.py:137} INFO - [2023-01-31T10:28:07.454+0000] {dag.py:2690} INFO - Sync 1 DAGs
[2023-01-31T10:28:07.490+0000] {logging_mixin.py:137} INFO - [2023-01-31T10:28:07.490+0000] {dag.py:3441} INFO - Setting next_dagrun for example_sensors to None, run_after=None
[2023-01-31T10:28:07.529+0000] {processor.py:175} INFO - Processing /home/airflow/.local/lib/python3.7/site-packages/airflow/example_dags/example_sensors.py took 0.277 seconds
[2023-01-31T10:28:38.044+0000] {processor.py:153} INFO - Started process (PID=2177) to work on /home/airflow/.local/lib/python3.7/site-packages/airflow/example_dags/example_sensors.py
[2023-01-31T10:28:38.046+0000] {processor.py:743} INFO - Processing file /home/airflow/.local/lib/python3.7/site-packages/airflow/example_dags/example_sensors.py for tasks to queue
[2023-01-31T10:28:38.048+0000] {logging_mixin.py:137} INFO - [2023-01-31T10:28:38.048+0000] {dagbag.py:538} INFO - Filling up the DagBag from /home/airflow/.local/lib/python3.7/site-packages/airflow/example_dags/example_sensors.py
[2023-01-31T10:28:38.076+0000] {processor.py:753} INFO - DAG(s) dict_keys(['example_sensors']) retrieved from /home/airflow/.local/lib/python3.7/site-packages/airflow/example_dags/example_sensors.py
[2023-01-31T10:28:38.115+0000] {logging_mixin.py:137} INFO - [2023-01-31T10:28:38.115+0000] {dag.py:2690} INFO - Sync 1 DAGs
[2023-01-31T10:28:38.135+0000] {logging_mixin.py:137} INFO - [2023-01-31T10:28:38.135+0000] {dag.py:3441} INFO - Setting next_dagrun for example_sensors to None, run_after=None
[2023-01-31T10:28:38.171+0000] {processor.py:175} INFO - Processing /home/airflow/.local/lib/python3.7/site-packages/airflow/example_dags/example_sensors.py took 0.132 seconds
[2023-01-31T10:29:08.572+0000] {processor.py:153} INFO - Started process (PID=2255) to work on /home/airflow/.local/lib/python3.7/site-packages/airflow/example_dags/example_sensors.py
[2023-01-31T10:29:08.575+0000] {processor.py:743} INFO - Processing file /home/airflow/.local/lib/python3.7/site-packages/airflow/example_dags/example_sensors.py for tasks to queue
[2023-01-31T10:29:08.577+0000] {logging_mixin.py:137} INFO - [2023-01-31T10:29:08.577+0000] {dagbag.py:538} INFO - Filling up the DagBag from /home/airflow/.local/lib/python3.7/site-packages/airflow/example_dags/example_sensors.py
[2023-01-31T10:29:08.608+0000] {processor.py:753} INFO - DAG(s) dict_keys(['example_sensors']) retrieved from /home/airflow/.local/lib/python3.7/site-packages/airflow/example_dags/example_sensors.py
[2023-01-31T10:29:08.696+0000] {logging_mixin.py:137} INFO - [2023-01-31T10:29:08.696+0000] {dag.py:2690} INFO - Sync 1 DAGs
[2023-01-31T10:29:08.750+0000] {logging_mixin.py:137} INFO - [2023-01-31T10:29:08.750+0000] {dag.py:3441} INFO - Setting next_dagrun for example_sensors to None, run_after=None
[2023-01-31T10:29:08.794+0000] {processor.py:175} INFO - Processing /home/airflow/.local/lib/python3.7/site-packages/airflow/example_dags/example_sensors.py took 0.231 seconds
[2023-01-31T10:29:39.296+0000] {processor.py:153} INFO - Started process (PID=2334) to work on /home/airflow/.local/lib/python3.7/site-packages/airflow/example_dags/example_sensors.py
[2023-01-31T10:29:39.298+0000] {processor.py:743} INFO - Processing file /home/airflow/.local/lib/python3.7/site-packages/airflow/example_dags/example_sensors.py for tasks to queue
[2023-01-31T10:29:39.299+0000] {logging_mixin.py:137} INFO - [2023-01-31T10:29:39.299+0000] {dagbag.py:538} INFO - Filling up the DagBag from /home/airflow/.local/lib/python3.7/site-packages/airflow/example_dags/example_sensors.py
[2023-01-31T10:29:39.318+0000] {processor.py:753} INFO - DAG(s) dict_keys(['example_sensors']) retrieved from /home/airflow/.local/lib/python3.7/site-packages/airflow/example_dags/example_sensors.py
[2023-01-31T10:29:39.345+0000] {logging_mixin.py:137} INFO - [2023-01-31T10:29:39.345+0000] {dag.py:2690} INFO - Sync 1 DAGs
[2023-01-31T10:29:39.364+0000] {logging_mixin.py:137} INFO - [2023-01-31T10:29:39.363+0000] {dag.py:3441} INFO - Setting next_dagrun for example_sensors to None, run_after=None
[2023-01-31T10:29:39.383+0000] {processor.py:175} INFO - Processing /home/airflow/.local/lib/python3.7/site-packages/airflow/example_dags/example_sensors.py took 0.090 seconds
[2023-01-31T10:30:10.285+0000] {processor.py:153} INFO - Started process (PID=2413) to work on /home/airflow/.local/lib/python3.7/site-packages/airflow/example_dags/example_sensors.py
[2023-01-31T10:30:10.287+0000] {processor.py:743} INFO - Processing file /home/airflow/.local/lib/python3.7/site-packages/airflow/example_dags/example_sensors.py for tasks to queue
[2023-01-31T10:30:10.288+0000] {logging_mixin.py:137} INFO - [2023-01-31T10:30:10.288+0000] {dagbag.py:538} INFO - Filling up the DagBag from /home/airflow/.local/lib/python3.7/site-packages/airflow/example_dags/example_sensors.py
[2023-01-31T10:30:10.311+0000] {processor.py:753} INFO - DAG(s) dict_keys(['example_sensors']) retrieved from /home/airflow/.local/lib/python3.7/site-packages/airflow/example_dags/example_sensors.py
[2023-01-31T10:30:10.339+0000] {logging_mixin.py:137} INFO - [2023-01-31T10:30:10.339+0000] {dag.py:2690} INFO - Sync 1 DAGs
[2023-01-31T10:30:10.358+0000] {logging_mixin.py:137} INFO - [2023-01-31T10:30:10.358+0000] {dag.py:3441} INFO - Setting next_dagrun for example_sensors to None, run_after=None
[2023-01-31T10:30:10.370+0000] {processor.py:175} INFO - Processing /home/airflow/.local/lib/python3.7/site-packages/airflow/example_dags/example_sensors.py took 0.089 seconds
[2023-01-31T10:30:40.977+0000] {processor.py:153} INFO - Started process (PID=2492) to work on /home/airflow/.local/lib/python3.7/site-packages/airflow/example_dags/example_sensors.py
[2023-01-31T10:30:40.978+0000] {processor.py:743} INFO - Processing file /home/airflow/.local/lib/python3.7/site-packages/airflow/example_dags/example_sensors.py for tasks to queue
[2023-01-31T10:30:40.979+0000] {logging_mixin.py:137} INFO - [2023-01-31T10:30:40.979+0000] {dagbag.py:538} INFO - Filling up the DagBag from /home/airflow/.local/lib/python3.7/site-packages/airflow/example_dags/example_sensors.py
[2023-01-31T10:30:40.994+0000] {processor.py:753} INFO - DAG(s) dict_keys(['example_sensors']) retrieved from /home/airflow/.local/lib/python3.7/site-packages/airflow/example_dags/example_sensors.py
[2023-01-31T10:30:41.026+0000] {logging_mixin.py:137} INFO - [2023-01-31T10:30:41.026+0000] {dag.py:2690} INFO - Sync 1 DAGs
[2023-01-31T10:30:41.041+0000] {logging_mixin.py:137} INFO - [2023-01-31T10:30:41.041+0000] {dag.py:3441} INFO - Setting next_dagrun for example_sensors to None, run_after=None
[2023-01-31T10:30:41.067+0000] {processor.py:175} INFO - Processing /home/airflow/.local/lib/python3.7/site-packages/airflow/example_dags/example_sensors.py took 0.099 seconds
[2023-01-31T10:31:12.121+0000] {processor.py:153} INFO - Started process (PID=2587) to work on /home/airflow/.local/lib/python3.7/site-packages/airflow/example_dags/example_sensors.py
[2023-01-31T10:31:12.126+0000] {processor.py:743} INFO - Processing file /home/airflow/.local/lib/python3.7/site-packages/airflow/example_dags/example_sensors.py for tasks to queue
[2023-01-31T10:31:12.128+0000] {logging_mixin.py:137} INFO - [2023-01-31T10:31:12.128+0000] {dagbag.py:538} INFO - Filling up the DagBag from /home/airflow/.local/lib/python3.7/site-packages/airflow/example_dags/example_sensors.py
[2023-01-31T10:31:12.153+0000] {processor.py:753} INFO - DAG(s) dict_keys(['example_sensors']) retrieved from /home/airflow/.local/lib/python3.7/site-packages/airflow/example_dags/example_sensors.py
[2023-01-31T10:31:12.191+0000] {logging_mixin.py:137} INFO - [2023-01-31T10:31:12.191+0000] {dag.py:2690} INFO - Sync 1 DAGs
[2023-01-31T10:31:12.221+0000] {logging_mixin.py:137} INFO - [2023-01-31T10:31:12.221+0000] {dag.py:3441} INFO - Setting next_dagrun for example_sensors to None, run_after=None
[2023-01-31T10:31:12.243+0000] {processor.py:175} INFO - Processing /home/airflow/.local/lib/python3.7/site-packages/airflow/example_dags/example_sensors.py took 0.127 seconds
[2023-01-31T10:31:42.970+0000] {processor.py:153} INFO - Started process (PID=2664) to work on /home/airflow/.local/lib/python3.7/site-packages/airflow/example_dags/example_sensors.py
[2023-01-31T10:31:42.972+0000] {processor.py:743} INFO - Processing file /home/airflow/.local/lib/python3.7/site-packages/airflow/example_dags/example_sensors.py for tasks to queue
[2023-01-31T10:31:42.973+0000] {logging_mixin.py:137} INFO - [2023-01-31T10:31:42.973+0000] {dagbag.py:538} INFO - Filling up the DagBag from /home/airflow/.local/lib/python3.7/site-packages/airflow/example_dags/example_sensors.py
[2023-01-31T10:31:42.988+0000] {processor.py:753} INFO - DAG(s) dict_keys(['example_sensors']) retrieved from /home/airflow/.local/lib/python3.7/site-packages/airflow/example_dags/example_sensors.py
[2023-01-31T10:31:43.014+0000] {logging_mixin.py:137} INFO - [2023-01-31T10:31:43.014+0000] {dag.py:2690} INFO - Sync 1 DAGs
[2023-01-31T10:31:43.034+0000] {logging_mixin.py:137} INFO - [2023-01-31T10:31:43.033+0000] {dag.py:3441} INFO - Setting next_dagrun for example_sensors to None, run_after=None
[2023-01-31T10:31:43.048+0000] {processor.py:175} INFO - Processing /home/airflow/.local/lib/python3.7/site-packages/airflow/example_dags/example_sensors.py took 0.081 seconds
[2023-01-31T10:32:14.595+0000] {processor.py:153} INFO - Started process (PID=2750) to work on /home/airflow/.local/lib/python3.7/site-packages/airflow/example_dags/example_sensors.py
[2023-01-31T10:32:14.615+0000] {processor.py:743} INFO - Processing file /home/airflow/.local/lib/python3.7/site-packages/airflow/example_dags/example_sensors.py for tasks to queue
[2023-01-31T10:32:14.622+0000] {logging_mixin.py:137} INFO - [2023-01-31T10:32:14.622+0000] {dagbag.py:538} INFO - Filling up the DagBag from /home/airflow/.local/lib/python3.7/site-packages/airflow/example_dags/example_sensors.py
[2023-01-31T10:32:14.714+0000] {processor.py:753} INFO - DAG(s) dict_keys(['example_sensors']) retrieved from /home/airflow/.local/lib/python3.7/site-packages/airflow/example_dags/example_sensors.py
[2023-01-31T10:32:14.855+0000] {logging_mixin.py:137} INFO - [2023-01-31T10:32:14.854+0000] {dag.py:2690} INFO - Sync 1 DAGs
[2023-01-31T10:32:14.911+0000] {logging_mixin.py:137} INFO - [2023-01-31T10:32:14.911+0000] {dag.py:3441} INFO - Setting next_dagrun for example_sensors to None, run_after=None
[2023-01-31T10:32:14.946+0000] {processor.py:175} INFO - Processing /home/airflow/.local/lib/python3.7/site-packages/airflow/example_dags/example_sensors.py took 0.372 seconds
[2023-01-31T10:32:45.054+0000] {processor.py:153} INFO - Started process (PID=2838) to work on /home/airflow/.local/lib/python3.7/site-packages/airflow/example_dags/example_sensors.py
[2023-01-31T10:32:45.056+0000] {processor.py:743} INFO - Processing file /home/airflow/.local/lib/python3.7/site-packages/airflow/example_dags/example_sensors.py for tasks to queue
[2023-01-31T10:32:45.057+0000] {logging_mixin.py:137} INFO - [2023-01-31T10:32:45.057+0000] {dagbag.py:538} INFO - Filling up the DagBag from /home/airflow/.local/lib/python3.7/site-packages/airflow/example_dags/example_sensors.py
[2023-01-31T10:32:45.090+0000] {processor.py:753} INFO - DAG(s) dict_keys(['example_sensors']) retrieved from /home/airflow/.local/lib/python3.7/site-packages/airflow/example_dags/example_sensors.py
[2023-01-31T10:32:45.138+0000] {logging_mixin.py:137} INFO - [2023-01-31T10:32:45.138+0000] {dag.py:2690} INFO - Sync 1 DAGs
[2023-01-31T10:32:45.164+0000] {logging_mixin.py:137} INFO - [2023-01-31T10:32:45.164+0000] {dag.py:3441} INFO - Setting next_dagrun for example_sensors to None, run_after=None
[2023-01-31T10:32:45.181+0000] {processor.py:175} INFO - Processing /home/airflow/.local/lib/python3.7/site-packages/airflow/example_dags/example_sensors.py took 0.134 seconds
[2023-01-31T10:33:15.365+0000] {processor.py:153} INFO - Started process (PID=2917) to work on /home/airflow/.local/lib/python3.7/site-packages/airflow/example_dags/example_sensors.py
[2023-01-31T10:33:15.377+0000] {processor.py:743} INFO - Processing file /home/airflow/.local/lib/python3.7/site-packages/airflow/example_dags/example_sensors.py for tasks to queue
[2023-01-31T10:33:15.394+0000] {logging_mixin.py:137} INFO - [2023-01-31T10:33:15.394+0000] {dagbag.py:538} INFO - Filling up the DagBag from /home/airflow/.local/lib/python3.7/site-packages/airflow/example_dags/example_sensors.py
[2023-01-31T10:33:15.509+0000] {processor.py:753} INFO - DAG(s) dict_keys(['example_sensors']) retrieved from /home/airflow/.local/lib/python3.7/site-packages/airflow/example_dags/example_sensors.py
[2023-01-31T10:33:15.779+0000] {logging_mixin.py:137} INFO - [2023-01-31T10:33:15.778+0000] {dag.py:2690} INFO - Sync 1 DAGs
[2023-01-31T10:33:15.848+0000] {logging_mixin.py:137} INFO - [2023-01-31T10:33:15.847+0000] {dag.py:3441} INFO - Setting next_dagrun for example_sensors to None, run_after=None
[2023-01-31T10:33:15.919+0000] {processor.py:175} INFO - Processing /home/airflow/.local/lib/python3.7/site-packages/airflow/example_dags/example_sensors.py took 0.560 seconds
[2023-01-31T10:33:46.993+0000] {processor.py:153} INFO - Started process (PID=3012) to work on /home/airflow/.local/lib/python3.7/site-packages/airflow/example_dags/example_sensors.py
[2023-01-31T10:33:47.006+0000] {processor.py:743} INFO - Processing file /home/airflow/.local/lib/python3.7/site-packages/airflow/example_dags/example_sensors.py for tasks to queue
[2023-01-31T10:33:47.018+0000] {logging_mixin.py:137} INFO - [2023-01-31T10:33:47.018+0000] {dagbag.py:538} INFO - Filling up the DagBag from /home/airflow/.local/lib/python3.7/site-packages/airflow/example_dags/example_sensors.py
[2023-01-31T10:33:47.093+0000] {processor.py:753} INFO - DAG(s) dict_keys(['example_sensors']) retrieved from /home/airflow/.local/lib/python3.7/site-packages/airflow/example_dags/example_sensors.py
[2023-01-31T10:33:47.135+0000] {logging_mixin.py:137} INFO - [2023-01-31T10:33:47.135+0000] {dag.py:2690} INFO - Sync 1 DAGs
[2023-01-31T10:33:47.186+0000] {logging_mixin.py:137} INFO - [2023-01-31T10:33:47.186+0000] {dag.py:3441} INFO - Setting next_dagrun for example_sensors to None, run_after=None
[2023-01-31T10:33:47.209+0000] {processor.py:175} INFO - Processing /home/airflow/.local/lib/python3.7/site-packages/airflow/example_dags/example_sensors.py took 0.220 seconds
[2023-01-31T10:34:17.941+0000] {processor.py:153} INFO - Started process (PID=3091) to work on /home/airflow/.local/lib/python3.7/site-packages/airflow/example_dags/example_sensors.py
[2023-01-31T10:34:17.943+0000] {processor.py:743} INFO - Processing file /home/airflow/.local/lib/python3.7/site-packages/airflow/example_dags/example_sensors.py for tasks to queue
[2023-01-31T10:34:17.944+0000] {logging_mixin.py:137} INFO - [2023-01-31T10:34:17.944+0000] {dagbag.py:538} INFO - Filling up the DagBag from /home/airflow/.local/lib/python3.7/site-packages/airflow/example_dags/example_sensors.py
[2023-01-31T10:34:17.959+0000] {processor.py:753} INFO - DAG(s) dict_keys(['example_sensors']) retrieved from /home/airflow/.local/lib/python3.7/site-packages/airflow/example_dags/example_sensors.py
[2023-01-31T10:34:17.981+0000] {logging_mixin.py:137} INFO - [2023-01-31T10:34:17.981+0000] {dag.py:2690} INFO - Sync 1 DAGs
[2023-01-31T10:34:17.997+0000] {logging_mixin.py:137} INFO - [2023-01-31T10:34:17.997+0000] {dag.py:3441} INFO - Setting next_dagrun for example_sensors to None, run_after=None
[2023-01-31T10:34:18.012+0000] {processor.py:175} INFO - Processing /home/airflow/.local/lib/python3.7/site-packages/airflow/example_dags/example_sensors.py took 0.074 seconds
[2023-01-31T10:34:48.896+0000] {processor.py:153} INFO - Started process (PID=3180) to work on /home/airflow/.local/lib/python3.7/site-packages/airflow/example_dags/example_sensors.py
[2023-01-31T10:34:48.898+0000] {processor.py:743} INFO - Processing file /home/airflow/.local/lib/python3.7/site-packages/airflow/example_dags/example_sensors.py for tasks to queue
[2023-01-31T10:34:48.901+0000] {logging_mixin.py:137} INFO - [2023-01-31T10:34:48.901+0000] {dagbag.py:538} INFO - Filling up the DagBag from /home/airflow/.local/lib/python3.7/site-packages/airflow/example_dags/example_sensors.py
[2023-01-31T10:34:48.922+0000] {processor.py:753} INFO - DAG(s) dict_keys(['example_sensors']) retrieved from /home/airflow/.local/lib/python3.7/site-packages/airflow/example_dags/example_sensors.py
[2023-01-31T10:34:48.958+0000] {logging_mixin.py:137} INFO - [2023-01-31T10:34:48.958+0000] {dag.py:2690} INFO - Sync 1 DAGs
[2023-01-31T10:34:48.986+0000] {logging_mixin.py:137} INFO - [2023-01-31T10:34:48.986+0000] {dag.py:3441} INFO - Setting next_dagrun for example_sensors to None, run_after=None
[2023-01-31T10:34:49.009+0000] {processor.py:175} INFO - Processing /home/airflow/.local/lib/python3.7/site-packages/airflow/example_dags/example_sensors.py took 0.117 seconds
[2023-01-31T10:35:19.238+0000] {processor.py:153} INFO - Started process (PID=3253) to work on /home/airflow/.local/lib/python3.7/site-packages/airflow/example_dags/example_sensors.py
[2023-01-31T10:35:19.240+0000] {processor.py:743} INFO - Processing file /home/airflow/.local/lib/python3.7/site-packages/airflow/example_dags/example_sensors.py for tasks to queue
[2023-01-31T10:35:19.241+0000] {logging_mixin.py:137} INFO - [2023-01-31T10:35:19.241+0000] {dagbag.py:538} INFO - Filling up the DagBag from /home/airflow/.local/lib/python3.7/site-packages/airflow/example_dags/example_sensors.py
[2023-01-31T10:35:19.268+0000] {processor.py:753} INFO - DAG(s) dict_keys(['example_sensors']) retrieved from /home/airflow/.local/lib/python3.7/site-packages/airflow/example_dags/example_sensors.py
[2023-01-31T10:35:19.303+0000] {logging_mixin.py:137} INFO - [2023-01-31T10:35:19.303+0000] {dag.py:2690} INFO - Sync 1 DAGs
[2023-01-31T10:35:19.325+0000] {logging_mixin.py:137} INFO - [2023-01-31T10:35:19.325+0000] {dag.py:3441} INFO - Setting next_dagrun for example_sensors to None, run_after=None
[2023-01-31T10:35:19.344+0000] {processor.py:175} INFO - Processing /home/airflow/.local/lib/python3.7/site-packages/airflow/example_dags/example_sensors.py took 0.112 seconds
[2023-01-31T10:35:49.961+0000] {processor.py:153} INFO - Started process (PID=3349) to work on /home/airflow/.local/lib/python3.7/site-packages/airflow/example_dags/example_sensors.py
[2023-01-31T10:35:49.963+0000] {processor.py:743} INFO - Processing file /home/airflow/.local/lib/python3.7/site-packages/airflow/example_dags/example_sensors.py for tasks to queue
[2023-01-31T10:35:49.964+0000] {logging_mixin.py:137} INFO - [2023-01-31T10:35:49.964+0000] {dagbag.py:538} INFO - Filling up the DagBag from /home/airflow/.local/lib/python3.7/site-packages/airflow/example_dags/example_sensors.py
[2023-01-31T10:35:49.980+0000] {processor.py:753} INFO - DAG(s) dict_keys(['example_sensors']) retrieved from /home/airflow/.local/lib/python3.7/site-packages/airflow/example_dags/example_sensors.py
[2023-01-31T10:35:50.014+0000] {logging_mixin.py:137} INFO - [2023-01-31T10:35:50.014+0000] {dag.py:2690} INFO - Sync 1 DAGs
[2023-01-31T10:35:50.029+0000] {logging_mixin.py:137} INFO - [2023-01-31T10:35:50.029+0000] {dag.py:3441} INFO - Setting next_dagrun for example_sensors to None, run_after=None
[2023-01-31T10:35:50.043+0000] {processor.py:175} INFO - Processing /home/airflow/.local/lib/python3.7/site-packages/airflow/example_dags/example_sensors.py took 0.085 seconds
[2023-01-31T10:36:21.199+0000] {processor.py:153} INFO - Started process (PID=3421) to work on /home/airflow/.local/lib/python3.7/site-packages/airflow/example_dags/example_sensors.py
[2023-01-31T10:36:21.201+0000] {processor.py:743} INFO - Processing file /home/airflow/.local/lib/python3.7/site-packages/airflow/example_dags/example_sensors.py for tasks to queue
[2023-01-31T10:36:21.202+0000] {logging_mixin.py:137} INFO - [2023-01-31T10:36:21.202+0000] {dagbag.py:538} INFO - Filling up the DagBag from /home/airflow/.local/lib/python3.7/site-packages/airflow/example_dags/example_sensors.py
[2023-01-31T10:36:21.248+0000] {processor.py:753} INFO - DAG(s) dict_keys(['example_sensors']) retrieved from /home/airflow/.local/lib/python3.7/site-packages/airflow/example_dags/example_sensors.py
[2023-01-31T10:36:21.380+0000] {logging_mixin.py:137} INFO - [2023-01-31T10:36:21.380+0000] {dag.py:2690} INFO - Sync 1 DAGs
[2023-01-31T10:36:21.455+0000] {logging_mixin.py:137} INFO - [2023-01-31T10:36:21.455+0000] {dag.py:3441} INFO - Setting next_dagrun for example_sensors to None, run_after=None
[2023-01-31T10:36:21.622+0000] {processor.py:175} INFO - Processing /home/airflow/.local/lib/python3.7/site-packages/airflow/example_dags/example_sensors.py took 0.427 seconds
[2023-01-31T10:36:52.288+0000] {processor.py:153} INFO - Started process (PID=3504) to work on /home/airflow/.local/lib/python3.7/site-packages/airflow/example_dags/example_sensors.py
[2023-01-31T10:36:52.296+0000] {processor.py:743} INFO - Processing file /home/airflow/.local/lib/python3.7/site-packages/airflow/example_dags/example_sensors.py for tasks to queue
[2023-01-31T10:36:52.297+0000] {logging_mixin.py:137} INFO - [2023-01-31T10:36:52.297+0000] {dagbag.py:538} INFO - Filling up the DagBag from /home/airflow/.local/lib/python3.7/site-packages/airflow/example_dags/example_sensors.py
[2023-01-31T10:36:52.327+0000] {processor.py:753} INFO - DAG(s) dict_keys(['example_sensors']) retrieved from /home/airflow/.local/lib/python3.7/site-packages/airflow/example_dags/example_sensors.py
[2023-01-31T10:36:52.413+0000] {logging_mixin.py:137} INFO - [2023-01-31T10:36:52.413+0000] {dag.py:2690} INFO - Sync 1 DAGs
[2023-01-31T10:36:52.434+0000] {logging_mixin.py:137} INFO - [2023-01-31T10:36:52.434+0000] {dag.py:3441} INFO - Setting next_dagrun for example_sensors to None, run_after=None
[2023-01-31T10:36:52.460+0000] {processor.py:175} INFO - Processing /home/airflow/.local/lib/python3.7/site-packages/airflow/example_dags/example_sensors.py took 0.186 seconds
[2023-01-31T10:37:22.623+0000] {processor.py:153} INFO - Started process (PID=3583) to work on /home/airflow/.local/lib/python3.7/site-packages/airflow/example_dags/example_sensors.py
[2023-01-31T10:37:22.625+0000] {processor.py:743} INFO - Processing file /home/airflow/.local/lib/python3.7/site-packages/airflow/example_dags/example_sensors.py for tasks to queue
[2023-01-31T10:37:22.627+0000] {logging_mixin.py:137} INFO - [2023-01-31T10:37:22.627+0000] {dagbag.py:538} INFO - Filling up the DagBag from /home/airflow/.local/lib/python3.7/site-packages/airflow/example_dags/example_sensors.py
[2023-01-31T10:37:22.646+0000] {processor.py:753} INFO - DAG(s) dict_keys(['example_sensors']) retrieved from /home/airflow/.local/lib/python3.7/site-packages/airflow/example_dags/example_sensors.py
[2023-01-31T10:37:22.709+0000] {logging_mixin.py:137} INFO - [2023-01-31T10:37:22.707+0000] {dag.py:2690} INFO - Sync 1 DAGs
[2023-01-31T10:37:22.791+0000] {logging_mixin.py:137} INFO - [2023-01-31T10:37:22.790+0000] {dag.py:3441} INFO - Setting next_dagrun for example_sensors to None, run_after=None
[2023-01-31T10:37:22.868+0000] {processor.py:175} INFO - Processing /home/airflow/.local/lib/python3.7/site-packages/airflow/example_dags/example_sensors.py took 0.249 seconds
[2023-01-31T10:37:54.158+0000] {processor.py:153} INFO - Started process (PID=3669) to work on /home/airflow/.local/lib/python3.7/site-packages/airflow/example_dags/example_sensors.py
[2023-01-31T10:37:54.160+0000] {processor.py:743} INFO - Processing file /home/airflow/.local/lib/python3.7/site-packages/airflow/example_dags/example_sensors.py for tasks to queue
[2023-01-31T10:37:54.162+0000] {logging_mixin.py:137} INFO - [2023-01-31T10:37:54.162+0000] {dagbag.py:538} INFO - Filling up the DagBag from /home/airflow/.local/lib/python3.7/site-packages/airflow/example_dags/example_sensors.py
[2023-01-31T10:37:54.179+0000] {processor.py:753} INFO - DAG(s) dict_keys(['example_sensors']) retrieved from /home/airflow/.local/lib/python3.7/site-packages/airflow/example_dags/example_sensors.py
[2023-01-31T10:37:54.221+0000] {logging_mixin.py:137} INFO - [2023-01-31T10:37:54.221+0000] {dag.py:2690} INFO - Sync 1 DAGs
[2023-01-31T10:37:54.243+0000] {logging_mixin.py:137} INFO - [2023-01-31T10:37:54.242+0000] {dag.py:3441} INFO - Setting next_dagrun for example_sensors to None, run_after=None
[2023-01-31T10:37:54.260+0000] {processor.py:175} INFO - Processing /home/airflow/.local/lib/python3.7/site-packages/airflow/example_dags/example_sensors.py took 0.105 seconds
[2023-01-31T10:38:24.975+0000] {processor.py:153} INFO - Started process (PID=3748) to work on /home/airflow/.local/lib/python3.7/site-packages/airflow/example_dags/example_sensors.py
[2023-01-31T10:38:24.989+0000] {processor.py:743} INFO - Processing file /home/airflow/.local/lib/python3.7/site-packages/airflow/example_dags/example_sensors.py for tasks to queue
[2023-01-31T10:38:24.996+0000] {logging_mixin.py:137} INFO - [2023-01-31T10:38:24.996+0000] {dagbag.py:538} INFO - Filling up the DagBag from /home/airflow/.local/lib/python3.7/site-packages/airflow/example_dags/example_sensors.py
[2023-01-31T10:38:25.025+0000] {processor.py:753} INFO - DAG(s) dict_keys(['example_sensors']) retrieved from /home/airflow/.local/lib/python3.7/site-packages/airflow/example_dags/example_sensors.py
[2023-01-31T10:38:25.057+0000] {logging_mixin.py:137} INFO - [2023-01-31T10:38:25.057+0000] {dag.py:2690} INFO - Sync 1 DAGs
[2023-01-31T10:38:25.086+0000] {logging_mixin.py:137} INFO - [2023-01-31T10:38:25.086+0000] {dag.py:3441} INFO - Setting next_dagrun for example_sensors to None, run_after=None
[2023-01-31T10:38:25.127+0000] {processor.py:175} INFO - Processing /home/airflow/.local/lib/python3.7/site-packages/airflow/example_dags/example_sensors.py took 0.156 seconds
[2023-01-31T10:38:55.829+0000] {processor.py:153} INFO - Started process (PID=3831) to work on /home/airflow/.local/lib/python3.7/site-packages/airflow/example_dags/example_sensors.py
[2023-01-31T10:38:55.832+0000] {processor.py:743} INFO - Processing file /home/airflow/.local/lib/python3.7/site-packages/airflow/example_dags/example_sensors.py for tasks to queue
[2023-01-31T10:38:55.834+0000] {logging_mixin.py:137} INFO - [2023-01-31T10:38:55.834+0000] {dagbag.py:538} INFO - Filling up the DagBag from /home/airflow/.local/lib/python3.7/site-packages/airflow/example_dags/example_sensors.py
[2023-01-31T10:38:55.854+0000] {processor.py:753} INFO - DAG(s) dict_keys(['example_sensors']) retrieved from /home/airflow/.local/lib/python3.7/site-packages/airflow/example_dags/example_sensors.py
[2023-01-31T10:38:55.883+0000] {logging_mixin.py:137} INFO - [2023-01-31T10:38:55.883+0000] {dag.py:2690} INFO - Sync 1 DAGs
[2023-01-31T10:38:55.899+0000] {logging_mixin.py:137} INFO - [2023-01-31T10:38:55.899+0000] {dag.py:3441} INFO - Setting next_dagrun for example_sensors to None, run_after=None
[2023-01-31T10:38:55.914+0000] {processor.py:175} INFO - Processing /home/airflow/.local/lib/python3.7/site-packages/airflow/example_dags/example_sensors.py took 0.088 seconds
[2023-01-31T10:39:27.001+0000] {processor.py:153} INFO - Started process (PID=3909) to work on /home/airflow/.local/lib/python3.7/site-packages/airflow/example_dags/example_sensors.py
[2023-01-31T10:39:27.010+0000] {processor.py:743} INFO - Processing file /home/airflow/.local/lib/python3.7/site-packages/airflow/example_dags/example_sensors.py for tasks to queue
[2023-01-31T10:39:27.013+0000] {logging_mixin.py:137} INFO - [2023-01-31T10:39:27.013+0000] {dagbag.py:538} INFO - Filling up the DagBag from /home/airflow/.local/lib/python3.7/site-packages/airflow/example_dags/example_sensors.py
[2023-01-31T10:39:27.066+0000] {processor.py:753} INFO - DAG(s) dict_keys(['example_sensors']) retrieved from /home/airflow/.local/lib/python3.7/site-packages/airflow/example_dags/example_sensors.py
[2023-01-31T10:39:27.193+0000] {logging_mixin.py:137} INFO - [2023-01-31T10:39:27.189+0000] {dag.py:2690} INFO - Sync 1 DAGs
[2023-01-31T10:39:27.225+0000] {logging_mixin.py:137} INFO - [2023-01-31T10:39:27.225+0000] {dag.py:3441} INFO - Setting next_dagrun for example_sensors to None, run_after=None
[2023-01-31T10:39:27.284+0000] {processor.py:175} INFO - Processing /home/airflow/.local/lib/python3.7/site-packages/airflow/example_dags/example_sensors.py took 0.286 seconds
[2023-01-31T10:39:57.901+0000] {processor.py:153} INFO - Started process (PID=3988) to work on /home/airflow/.local/lib/python3.7/site-packages/airflow/example_dags/example_sensors.py
[2023-01-31T10:39:57.903+0000] {processor.py:743} INFO - Processing file /home/airflow/.local/lib/python3.7/site-packages/airflow/example_dags/example_sensors.py for tasks to queue
[2023-01-31T10:39:57.904+0000] {logging_mixin.py:137} INFO - [2023-01-31T10:39:57.904+0000] {dagbag.py:538} INFO - Filling up the DagBag from /home/airflow/.local/lib/python3.7/site-packages/airflow/example_dags/example_sensors.py
[2023-01-31T10:39:57.935+0000] {processor.py:753} INFO - DAG(s) dict_keys(['example_sensors']) retrieved from /home/airflow/.local/lib/python3.7/site-packages/airflow/example_dags/example_sensors.py
[2023-01-31T10:39:58.009+0000] {logging_mixin.py:137} INFO - [2023-01-31T10:39:58.008+0000] {dag.py:2690} INFO - Sync 1 DAGs
[2023-01-31T10:39:58.563+0000] {logging_mixin.py:137} INFO - [2023-01-31T10:39:58.563+0000] {dag.py:3441} INFO - Setting next_dagrun for example_sensors to None, run_after=None
[2023-01-31T10:39:58.774+0000] {processor.py:175} INFO - Processing /home/airflow/.local/lib/python3.7/site-packages/airflow/example_dags/example_sensors.py took 0.875 seconds
[2023-01-31T10:40:29.336+0000] {processor.py:153} INFO - Started process (PID=4075) to work on /home/airflow/.local/lib/python3.7/site-packages/airflow/example_dags/example_sensors.py
[2023-01-31T10:40:29.356+0000] {processor.py:743} INFO - Processing file /home/airflow/.local/lib/python3.7/site-packages/airflow/example_dags/example_sensors.py for tasks to queue
[2023-01-31T10:40:29.391+0000] {logging_mixin.py:137} INFO - [2023-01-31T10:40:29.391+0000] {dagbag.py:538} INFO - Filling up the DagBag from /home/airflow/.local/lib/python3.7/site-packages/airflow/example_dags/example_sensors.py
[2023-01-31T10:40:29.452+0000] {processor.py:753} INFO - DAG(s) dict_keys(['example_sensors']) retrieved from /home/airflow/.local/lib/python3.7/site-packages/airflow/example_dags/example_sensors.py
[2023-01-31T10:40:29.556+0000] {logging_mixin.py:137} INFO - [2023-01-31T10:40:29.555+0000] {dag.py:2690} INFO - Sync 1 DAGs
[2023-01-31T10:40:29.607+0000] {logging_mixin.py:137} INFO - [2023-01-31T10:40:29.606+0000] {dag.py:3441} INFO - Setting next_dagrun for example_sensors to None, run_after=None
[2023-01-31T10:40:29.673+0000] {processor.py:175} INFO - Processing /home/airflow/.local/lib/python3.7/site-packages/airflow/example_dags/example_sensors.py took 0.346 seconds
[2023-01-31T10:40:59.798+0000] {processor.py:153} INFO - Started process (PID=4161) to work on /home/airflow/.local/lib/python3.7/site-packages/airflow/example_dags/example_sensors.py
[2023-01-31T10:40:59.805+0000] {processor.py:743} INFO - Processing file /home/airflow/.local/lib/python3.7/site-packages/airflow/example_dags/example_sensors.py for tasks to queue
[2023-01-31T10:40:59.808+0000] {logging_mixin.py:137} INFO - [2023-01-31T10:40:59.807+0000] {dagbag.py:538} INFO - Filling up the DagBag from /home/airflow/.local/lib/python3.7/site-packages/airflow/example_dags/example_sensors.py
[2023-01-31T10:40:59.826+0000] {processor.py:753} INFO - DAG(s) dict_keys(['example_sensors']) retrieved from /home/airflow/.local/lib/python3.7/site-packages/airflow/example_dags/example_sensors.py
[2023-01-31T10:40:59.856+0000] {logging_mixin.py:137} INFO - [2023-01-31T10:40:59.855+0000] {dag.py:2690} INFO - Sync 1 DAGs
[2023-01-31T10:40:59.876+0000] {logging_mixin.py:137} INFO - [2023-01-31T10:40:59.876+0000] {dag.py:3441} INFO - Setting next_dagrun for example_sensors to None, run_after=None
[2023-01-31T10:40:59.894+0000] {processor.py:175} INFO - Processing /home/airflow/.local/lib/python3.7/site-packages/airflow/example_dags/example_sensors.py took 0.099 seconds
[2023-01-31T10:41:30.165+0000] {processor.py:153} INFO - Started process (PID=4224) to work on /home/airflow/.local/lib/python3.7/site-packages/airflow/example_dags/example_sensors.py
[2023-01-31T10:41:30.167+0000] {processor.py:743} INFO - Processing file /home/airflow/.local/lib/python3.7/site-packages/airflow/example_dags/example_sensors.py for tasks to queue
[2023-01-31T10:41:30.168+0000] {logging_mixin.py:137} INFO - [2023-01-31T10:41:30.168+0000] {dagbag.py:538} INFO - Filling up the DagBag from /home/airflow/.local/lib/python3.7/site-packages/airflow/example_dags/example_sensors.py
[2023-01-31T10:41:30.188+0000] {processor.py:753} INFO - DAG(s) dict_keys(['example_sensors']) retrieved from /home/airflow/.local/lib/python3.7/site-packages/airflow/example_dags/example_sensors.py
[2023-01-31T10:41:30.274+0000] {logging_mixin.py:137} INFO - [2023-01-31T10:41:30.273+0000] {dag.py:2690} INFO - Sync 1 DAGs
[2023-01-31T10:41:30.297+0000] {logging_mixin.py:137} INFO - [2023-01-31T10:41:30.297+0000] {dag.py:3441} INFO - Setting next_dagrun for example_sensors to None, run_after=None
[2023-01-31T10:41:30.321+0000] {processor.py:175} INFO - Processing /home/airflow/.local/lib/python3.7/site-packages/airflow/example_dags/example_sensors.py took 0.160 seconds
[2023-01-31T10:42:03.561+0000] {processor.py:153} INFO - Started process (PID=4320) to work on /home/airflow/.local/lib/python3.7/site-packages/airflow/example_dags/example_sensors.py
[2023-01-31T10:42:03.573+0000] {processor.py:743} INFO - Processing file /home/airflow/.local/lib/python3.7/site-packages/airflow/example_dags/example_sensors.py for tasks to queue
[2023-01-31T10:42:03.576+0000] {logging_mixin.py:137} INFO - [2023-01-31T10:42:03.575+0000] {dagbag.py:538} INFO - Filling up the DagBag from /home/airflow/.local/lib/python3.7/site-packages/airflow/example_dags/example_sensors.py
[2023-01-31T10:42:03.623+0000] {processor.py:753} INFO - DAG(s) dict_keys(['example_sensors']) retrieved from /home/airflow/.local/lib/python3.7/site-packages/airflow/example_dags/example_sensors.py
[2023-01-31T10:42:03.672+0000] {logging_mixin.py:137} INFO - [2023-01-31T10:42:03.672+0000] {dag.py:2690} INFO - Sync 1 DAGs
[2023-01-31T10:42:03.700+0000] {logging_mixin.py:137} INFO - [2023-01-31T10:42:03.700+0000] {dag.py:3441} INFO - Setting next_dagrun for example_sensors to None, run_after=None
[2023-01-31T10:42:03.727+0000] {processor.py:175} INFO - Processing /home/airflow/.local/lib/python3.7/site-packages/airflow/example_dags/example_sensors.py took 0.170 seconds
[2023-01-31T10:42:36.878+0000] {processor.py:153} INFO - Started process (PID=4404) to work on /home/airflow/.local/lib/python3.7/site-packages/airflow/example_dags/example_sensors.py
[2023-01-31T10:42:36.883+0000] {processor.py:743} INFO - Processing file /home/airflow/.local/lib/python3.7/site-packages/airflow/example_dags/example_sensors.py for tasks to queue
[2023-01-31T10:42:36.885+0000] {logging_mixin.py:137} INFO - [2023-01-31T10:42:36.884+0000] {dagbag.py:538} INFO - Filling up the DagBag from /home/airflow/.local/lib/python3.7/site-packages/airflow/example_dags/example_sensors.py
[2023-01-31T10:42:36.916+0000] {processor.py:753} INFO - DAG(s) dict_keys(['example_sensors']) retrieved from /home/airflow/.local/lib/python3.7/site-packages/airflow/example_dags/example_sensors.py
[2023-01-31T10:42:36.985+0000] {logging_mixin.py:137} INFO - [2023-01-31T10:42:36.985+0000] {dag.py:2690} INFO - Sync 1 DAGs
[2023-01-31T10:42:37.017+0000] {logging_mixin.py:137} INFO - [2023-01-31T10:42:37.017+0000] {dag.py:3441} INFO - Setting next_dagrun for example_sensors to None, run_after=None
[2023-01-31T10:42:37.047+0000] {processor.py:175} INFO - Processing /home/airflow/.local/lib/python3.7/site-packages/airflow/example_dags/example_sensors.py took 0.178 seconds
[2023-01-31T10:43:13.602+0000] {processor.py:153} INFO - Started process (PID=4500) to work on /home/airflow/.local/lib/python3.7/site-packages/airflow/example_dags/example_sensors.py
[2023-01-31T10:43:13.633+0000] {processor.py:743} INFO - Processing file /home/airflow/.local/lib/python3.7/site-packages/airflow/example_dags/example_sensors.py for tasks to queue
[2023-01-31T10:43:13.637+0000] {logging_mixin.py:137} INFO - [2023-01-31T10:43:13.637+0000] {dagbag.py:538} INFO - Filling up the DagBag from /home/airflow/.local/lib/python3.7/site-packages/airflow/example_dags/example_sensors.py
[2023-01-31T10:43:13.668+0000] {processor.py:753} INFO - DAG(s) dict_keys(['example_sensors']) retrieved from /home/airflow/.local/lib/python3.7/site-packages/airflow/example_dags/example_sensors.py
[2023-01-31T10:43:13.714+0000] {logging_mixin.py:137} INFO - [2023-01-31T10:43:13.714+0000] {dag.py:2690} INFO - Sync 1 DAGs
[2023-01-31T10:43:13.770+0000] {logging_mixin.py:137} INFO - [2023-01-31T10:43:13.770+0000] {dag.py:3441} INFO - Setting next_dagrun for example_sensors to None, run_after=None
[2023-01-31T10:43:13.843+0000] {processor.py:175} INFO - Processing /home/airflow/.local/lib/python3.7/site-packages/airflow/example_dags/example_sensors.py took 0.247 seconds
[2023-01-31T10:43:44.115+0000] {processor.py:153} INFO - Started process (PID=4578) to work on /home/airflow/.local/lib/python3.7/site-packages/airflow/example_dags/example_sensors.py
[2023-01-31T10:43:44.119+0000] {processor.py:743} INFO - Processing file /home/airflow/.local/lib/python3.7/site-packages/airflow/example_dags/example_sensors.py for tasks to queue
[2023-01-31T10:43:44.122+0000] {logging_mixin.py:137} INFO - [2023-01-31T10:43:44.122+0000] {dagbag.py:538} INFO - Filling up the DagBag from /home/airflow/.local/lib/python3.7/site-packages/airflow/example_dags/example_sensors.py
[2023-01-31T10:43:44.161+0000] {processor.py:753} INFO - DAG(s) dict_keys(['example_sensors']) retrieved from /home/airflow/.local/lib/python3.7/site-packages/airflow/example_dags/example_sensors.py
[2023-01-31T10:43:44.213+0000] {logging_mixin.py:137} INFO - [2023-01-31T10:43:44.213+0000] {dag.py:2690} INFO - Sync 1 DAGs
[2023-01-31T10:43:44.253+0000] {logging_mixin.py:137} INFO - [2023-01-31T10:43:44.253+0000] {dag.py:3441} INFO - Setting next_dagrun for example_sensors to None, run_after=None
[2023-01-31T10:43:44.278+0000] {processor.py:175} INFO - Processing /home/airflow/.local/lib/python3.7/site-packages/airflow/example_dags/example_sensors.py took 0.168 seconds
