[2023-01-31T10:15:29.257+0000] {processor.py:153} INFO - Started process (PID=68) to work on /home/airflow/.local/lib/python3.7/site-packages/airflow/example_dags/example_task_group_decorator.py
[2023-01-31T10:15:29.268+0000] {processor.py:743} INFO - Processing file /home/airflow/.local/lib/python3.7/site-packages/airflow/example_dags/example_task_group_decorator.py for tasks to queue
[2023-01-31T10:15:29.286+0000] {logging_mixin.py:137} INFO - [2023-01-31T10:15:29.286+0000] {dagbag.py:538} INFO - Filling up the DagBag from /home/airflow/.local/lib/python3.7/site-packages/airflow/example_dags/example_task_group_decorator.py
[2023-01-31T10:15:29.453+0000] {processor.py:753} INFO - DAG(s) dict_keys(['example_task_group_decorator']) retrieved from /home/airflow/.local/lib/python3.7/site-packages/airflow/example_dags/example_task_group_decorator.py
[2023-01-31T10:15:29.559+0000] {logging_mixin.py:137} INFO - [2023-01-31T10:15:29.558+0000] {dag.py:2690} INFO - Sync 1 DAGs
[2023-01-31T10:15:29.655+0000] {logging_mixin.py:137} INFO - [2023-01-31T10:15:29.655+0000] {dag.py:3441} INFO - Setting next_dagrun for example_task_group_decorator to 2023-01-30T10:15:29.654698+00:00, run_after=2023-01-31T10:15:29.654698+00:00
[2023-01-31T10:15:29.707+0000] {processor.py:175} INFO - Processing /home/airflow/.local/lib/python3.7/site-packages/airflow/example_dags/example_task_group_decorator.py took 0.454 seconds
[2023-01-31T10:15:59.792+0000] {processor.py:153} INFO - Started process (PID=151) to work on /home/airflow/.local/lib/python3.7/site-packages/airflow/example_dags/example_task_group_decorator.py
[2023-01-31T10:15:59.795+0000] {processor.py:743} INFO - Processing file /home/airflow/.local/lib/python3.7/site-packages/airflow/example_dags/example_task_group_decorator.py for tasks to queue
[2023-01-31T10:15:59.797+0000] {logging_mixin.py:137} INFO - [2023-01-31T10:15:59.797+0000] {dagbag.py:538} INFO - Filling up the DagBag from /home/airflow/.local/lib/python3.7/site-packages/airflow/example_dags/example_task_group_decorator.py
[2023-01-31T10:15:59.822+0000] {processor.py:753} INFO - DAG(s) dict_keys(['example_task_group_decorator']) retrieved from /home/airflow/.local/lib/python3.7/site-packages/airflow/example_dags/example_task_group_decorator.py
[2023-01-31T10:15:59.864+0000] {logging_mixin.py:137} INFO - [2023-01-31T10:15:59.864+0000] {dag.py:2690} INFO - Sync 1 DAGs
[2023-01-31T10:15:59.897+0000] {logging_mixin.py:137} INFO - [2023-01-31T10:15:59.896+0000] {dag.py:3441} INFO - Setting next_dagrun for example_task_group_decorator to 2023-01-30T10:15:59.896648+00:00, run_after=2023-01-31T10:15:59.896648+00:00
[2023-01-31T10:15:59.920+0000] {processor.py:175} INFO - Processing /home/airflow/.local/lib/python3.7/site-packages/airflow/example_dags/example_task_group_decorator.py took 0.132 seconds
[2023-01-31T10:16:29.987+0000] {processor.py:153} INFO - Started process (PID=230) to work on /home/airflow/.local/lib/python3.7/site-packages/airflow/example_dags/example_task_group_decorator.py
[2023-01-31T10:16:29.991+0000] {processor.py:743} INFO - Processing file /home/airflow/.local/lib/python3.7/site-packages/airflow/example_dags/example_task_group_decorator.py for tasks to queue
[2023-01-31T10:16:29.993+0000] {logging_mixin.py:137} INFO - [2023-01-31T10:16:29.993+0000] {dagbag.py:538} INFO - Filling up the DagBag from /home/airflow/.local/lib/python3.7/site-packages/airflow/example_dags/example_task_group_decorator.py
[2023-01-31T10:16:30.014+0000] {processor.py:753} INFO - DAG(s) dict_keys(['example_task_group_decorator']) retrieved from /home/airflow/.local/lib/python3.7/site-packages/airflow/example_dags/example_task_group_decorator.py
[2023-01-31T10:16:30.045+0000] {logging_mixin.py:137} INFO - [2023-01-31T10:16:30.045+0000] {dag.py:2690} INFO - Sync 1 DAGs
[2023-01-31T10:16:30.063+0000] {logging_mixin.py:137} INFO - [2023-01-31T10:16:30.063+0000] {dag.py:3441} INFO - Setting next_dagrun for example_task_group_decorator to 2023-01-30T10:16:30.063521+00:00, run_after=2023-01-31T10:16:30.063521+00:00
[2023-01-31T10:16:30.078+0000] {processor.py:175} INFO - Processing /home/airflow/.local/lib/python3.7/site-packages/airflow/example_dags/example_task_group_decorator.py took 0.094 seconds
[2023-01-31T10:17:00.703+0000] {processor.py:153} INFO - Started process (PID=309) to work on /home/airflow/.local/lib/python3.7/site-packages/airflow/example_dags/example_task_group_decorator.py
[2023-01-31T10:17:00.705+0000] {processor.py:743} INFO - Processing file /home/airflow/.local/lib/python3.7/site-packages/airflow/example_dags/example_task_group_decorator.py for tasks to queue
[2023-01-31T10:17:00.706+0000] {logging_mixin.py:137} INFO - [2023-01-31T10:17:00.705+0000] {dagbag.py:538} INFO - Filling up the DagBag from /home/airflow/.local/lib/python3.7/site-packages/airflow/example_dags/example_task_group_decorator.py
[2023-01-31T10:17:00.726+0000] {processor.py:753} INFO - DAG(s) dict_keys(['example_task_group_decorator']) retrieved from /home/airflow/.local/lib/python3.7/site-packages/airflow/example_dags/example_task_group_decorator.py
[2023-01-31T10:17:00.748+0000] {logging_mixin.py:137} INFO - [2023-01-31T10:17:00.748+0000] {dag.py:2690} INFO - Sync 1 DAGs
[2023-01-31T10:17:00.765+0000] {logging_mixin.py:137} INFO - [2023-01-31T10:17:00.765+0000] {dag.py:3441} INFO - Setting next_dagrun for example_task_group_decorator to 2023-01-30T10:17:00.765270+00:00, run_after=2023-01-31T10:17:00.765270+00:00
[2023-01-31T10:17:00.781+0000] {processor.py:175} INFO - Processing /home/airflow/.local/lib/python3.7/site-packages/airflow/example_dags/example_task_group_decorator.py took 0.081 seconds
[2023-01-31T10:17:31.995+0000] {processor.py:153} INFO - Started process (PID=395) to work on /home/airflow/.local/lib/python3.7/site-packages/airflow/example_dags/example_task_group_decorator.py
[2023-01-31T10:17:31.997+0000] {processor.py:743} INFO - Processing file /home/airflow/.local/lib/python3.7/site-packages/airflow/example_dags/example_task_group_decorator.py for tasks to queue
[2023-01-31T10:17:31.999+0000] {logging_mixin.py:137} INFO - [2023-01-31T10:17:31.999+0000] {dagbag.py:538} INFO - Filling up the DagBag from /home/airflow/.local/lib/python3.7/site-packages/airflow/example_dags/example_task_group_decorator.py
[2023-01-31T10:17:32.024+0000] {processor.py:753} INFO - DAG(s) dict_keys(['example_task_group_decorator']) retrieved from /home/airflow/.local/lib/python3.7/site-packages/airflow/example_dags/example_task_group_decorator.py
[2023-01-31T10:17:32.065+0000] {logging_mixin.py:137} INFO - [2023-01-31T10:17:32.064+0000] {dag.py:2690} INFO - Sync 1 DAGs
[2023-01-31T10:17:32.089+0000] {logging_mixin.py:137} INFO - [2023-01-31T10:17:32.089+0000] {dag.py:3441} INFO - Setting next_dagrun for example_task_group_decorator to 2023-01-30T10:17:32.089299+00:00, run_after=2023-01-31T10:17:32.089299+00:00
[2023-01-31T10:17:32.120+0000] {processor.py:175} INFO - Processing /home/airflow/.local/lib/python3.7/site-packages/airflow/example_dags/example_task_group_decorator.py took 0.129 seconds
[2023-01-31T10:18:02.213+0000] {processor.py:153} INFO - Started process (PID=482) to work on /home/airflow/.local/lib/python3.7/site-packages/airflow/example_dags/example_task_group_decorator.py
[2023-01-31T10:18:02.218+0000] {processor.py:743} INFO - Processing file /home/airflow/.local/lib/python3.7/site-packages/airflow/example_dags/example_task_group_decorator.py for tasks to queue
[2023-01-31T10:18:02.222+0000] {logging_mixin.py:137} INFO - [2023-01-31T10:18:02.221+0000] {dagbag.py:538} INFO - Filling up the DagBag from /home/airflow/.local/lib/python3.7/site-packages/airflow/example_dags/example_task_group_decorator.py
[2023-01-31T10:18:02.259+0000] {processor.py:753} INFO - DAG(s) dict_keys(['example_task_group_decorator']) retrieved from /home/airflow/.local/lib/python3.7/site-packages/airflow/example_dags/example_task_group_decorator.py
[2023-01-31T10:18:02.318+0000] {logging_mixin.py:137} INFO - [2023-01-31T10:18:02.318+0000] {dag.py:2690} INFO - Sync 1 DAGs
[2023-01-31T10:18:02.340+0000] {logging_mixin.py:137} INFO - [2023-01-31T10:18:02.340+0000] {dag.py:3441} INFO - Setting next_dagrun for example_task_group_decorator to 2023-01-30T10:18:02.339866+00:00, run_after=2023-01-31T10:18:02.339866+00:00
[2023-01-31T10:18:02.361+0000] {processor.py:175} INFO - Processing /home/airflow/.local/lib/python3.7/site-packages/airflow/example_dags/example_task_group_decorator.py took 0.152 seconds
[2023-01-31T10:18:40.362+0000] {processor.py:153} INFO - Started process (PID=561) to work on /home/airflow/.local/lib/python3.7/site-packages/airflow/example_dags/example_task_group_decorator.py
[2023-01-31T10:18:40.385+0000] {processor.py:743} INFO - Processing file /home/airflow/.local/lib/python3.7/site-packages/airflow/example_dags/example_task_group_decorator.py for tasks to queue
[2023-01-31T10:18:40.389+0000] {logging_mixin.py:137} INFO - [2023-01-31T10:18:40.388+0000] {dagbag.py:538} INFO - Filling up the DagBag from /home/airflow/.local/lib/python3.7/site-packages/airflow/example_dags/example_task_group_decorator.py
[2023-01-31T10:18:40.671+0000] {processor.py:753} INFO - DAG(s) dict_keys(['example_task_group_decorator']) retrieved from /home/airflow/.local/lib/python3.7/site-packages/airflow/example_dags/example_task_group_decorator.py
[2023-01-31T10:18:40.904+0000] {logging_mixin.py:137} INFO - [2023-01-31T10:18:40.904+0000] {dag.py:2690} INFO - Sync 1 DAGs
[2023-01-31T10:18:41.051+0000] {logging_mixin.py:137} INFO - [2023-01-31T10:18:41.051+0000] {dag.py:3441} INFO - Setting next_dagrun for example_task_group_decorator to 2023-01-30T10:18:41.051278+00:00, run_after=2023-01-31T10:18:41.051278+00:00
[2023-01-31T10:18:41.263+0000] {processor.py:175} INFO - Processing /home/airflow/.local/lib/python3.7/site-packages/airflow/example_dags/example_task_group_decorator.py took 0.917 seconds
[2023-01-31T10:19:11.656+0000] {processor.py:153} INFO - Started process (PID=644) to work on /home/airflow/.local/lib/python3.7/site-packages/airflow/example_dags/example_task_group_decorator.py
[2023-01-31T10:19:11.671+0000] {processor.py:743} INFO - Processing file /home/airflow/.local/lib/python3.7/site-packages/airflow/example_dags/example_task_group_decorator.py for tasks to queue
[2023-01-31T10:19:11.673+0000] {logging_mixin.py:137} INFO - [2023-01-31T10:19:11.673+0000] {dagbag.py:538} INFO - Filling up the DagBag from /home/airflow/.local/lib/python3.7/site-packages/airflow/example_dags/example_task_group_decorator.py
[2023-01-31T10:19:11.717+0000] {processor.py:753} INFO - DAG(s) dict_keys(['example_task_group_decorator']) retrieved from /home/airflow/.local/lib/python3.7/site-packages/airflow/example_dags/example_task_group_decorator.py
[2023-01-31T10:19:11.764+0000] {logging_mixin.py:137} INFO - [2023-01-31T10:19:11.764+0000] {dag.py:2690} INFO - Sync 1 DAGs
[2023-01-31T10:19:11.809+0000] {logging_mixin.py:137} INFO - [2023-01-31T10:19:11.809+0000] {dag.py:3441} INFO - Setting next_dagrun for example_task_group_decorator to 2023-01-30T10:19:11.808920+00:00, run_after=2023-01-31T10:19:11.808920+00:00
[2023-01-31T10:19:11.970+0000] {processor.py:175} INFO - Processing /home/airflow/.local/lib/python3.7/site-packages/airflow/example_dags/example_task_group_decorator.py took 0.323 seconds
[2023-01-31T10:19:42.779+0000] {processor.py:153} INFO - Started process (PID=721) to work on /home/airflow/.local/lib/python3.7/site-packages/airflow/example_dags/example_task_group_decorator.py
[2023-01-31T10:19:42.781+0000] {processor.py:743} INFO - Processing file /home/airflow/.local/lib/python3.7/site-packages/airflow/example_dags/example_task_group_decorator.py for tasks to queue
[2023-01-31T10:19:42.782+0000] {logging_mixin.py:137} INFO - [2023-01-31T10:19:42.782+0000] {dagbag.py:538} INFO - Filling up the DagBag from /home/airflow/.local/lib/python3.7/site-packages/airflow/example_dags/example_task_group_decorator.py
[2023-01-31T10:19:42.832+0000] {processor.py:753} INFO - DAG(s) dict_keys(['example_task_group_decorator']) retrieved from /home/airflow/.local/lib/python3.7/site-packages/airflow/example_dags/example_task_group_decorator.py
[2023-01-31T10:19:42.878+0000] {logging_mixin.py:137} INFO - [2023-01-31T10:19:42.878+0000] {dag.py:2690} INFO - Sync 1 DAGs
[2023-01-31T10:19:42.910+0000] {logging_mixin.py:137} INFO - [2023-01-31T10:19:42.910+0000] {dag.py:3441} INFO - Setting next_dagrun for example_task_group_decorator to 2023-01-30T10:19:42.909203+00:00, run_after=2023-01-31T10:19:42.909203+00:00
[2023-01-31T10:19:42.948+0000] {processor.py:175} INFO - Processing /home/airflow/.local/lib/python3.7/site-packages/airflow/example_dags/example_task_group_decorator.py took 0.173 seconds
[2023-01-31T10:20:13.703+0000] {processor.py:153} INFO - Started process (PID=814) to work on /home/airflow/.local/lib/python3.7/site-packages/airflow/example_dags/example_task_group_decorator.py
[2023-01-31T10:20:13.761+0000] {processor.py:743} INFO - Processing file /home/airflow/.local/lib/python3.7/site-packages/airflow/example_dags/example_task_group_decorator.py for tasks to queue
[2023-01-31T10:20:13.770+0000] {logging_mixin.py:137} INFO - [2023-01-31T10:20:13.769+0000] {dagbag.py:538} INFO - Filling up the DagBag from /home/airflow/.local/lib/python3.7/site-packages/airflow/example_dags/example_task_group_decorator.py
[2023-01-31T10:20:13.921+0000] {processor.py:753} INFO - DAG(s) dict_keys(['example_task_group_decorator']) retrieved from /home/airflow/.local/lib/python3.7/site-packages/airflow/example_dags/example_task_group_decorator.py
[2023-01-31T10:20:14.015+0000] {logging_mixin.py:137} INFO - [2023-01-31T10:20:13.995+0000] {dag.py:2690} INFO - Sync 1 DAGs
[2023-01-31T10:20:14.049+0000] {logging_mixin.py:137} INFO - [2023-01-31T10:20:14.049+0000] {dag.py:3441} INFO - Setting next_dagrun for example_task_group_decorator to 2023-01-30T10:20:14.048871+00:00, run_after=2023-01-31T10:20:14.048871+00:00
[2023-01-31T10:20:14.072+0000] {processor.py:175} INFO - Processing /home/airflow/.local/lib/python3.7/site-packages/airflow/example_dags/example_task_group_decorator.py took 0.373 seconds
[2023-01-31T10:20:44.621+0000] {processor.py:153} INFO - Started process (PID=900) to work on /home/airflow/.local/lib/python3.7/site-packages/airflow/example_dags/example_task_group_decorator.py
[2023-01-31T10:20:44.624+0000] {processor.py:743} INFO - Processing file /home/airflow/.local/lib/python3.7/site-packages/airflow/example_dags/example_task_group_decorator.py for tasks to queue
[2023-01-31T10:20:44.625+0000] {logging_mixin.py:137} INFO - [2023-01-31T10:20:44.625+0000] {dagbag.py:538} INFO - Filling up the DagBag from /home/airflow/.local/lib/python3.7/site-packages/airflow/example_dags/example_task_group_decorator.py
[2023-01-31T10:20:44.650+0000] {processor.py:753} INFO - DAG(s) dict_keys(['example_task_group_decorator']) retrieved from /home/airflow/.local/lib/python3.7/site-packages/airflow/example_dags/example_task_group_decorator.py
[2023-01-31T10:20:44.677+0000] {logging_mixin.py:137} INFO - [2023-01-31T10:20:44.677+0000] {dag.py:2690} INFO - Sync 1 DAGs
[2023-01-31T10:20:44.698+0000] {logging_mixin.py:137} INFO - [2023-01-31T10:20:44.698+0000] {dag.py:3441} INFO - Setting next_dagrun for example_task_group_decorator to 2023-01-30T10:20:44.698241+00:00, run_after=2023-01-31T10:20:44.698241+00:00
[2023-01-31T10:20:44.712+0000] {processor.py:175} INFO - Processing /home/airflow/.local/lib/python3.7/site-packages/airflow/example_dags/example_task_group_decorator.py took 0.096 seconds
[2023-01-31T10:21:15.780+0000] {processor.py:153} INFO - Started process (PID=979) to work on /home/airflow/.local/lib/python3.7/site-packages/airflow/example_dags/example_task_group_decorator.py
[2023-01-31T10:21:15.786+0000] {processor.py:743} INFO - Processing file /home/airflow/.local/lib/python3.7/site-packages/airflow/example_dags/example_task_group_decorator.py for tasks to queue
[2023-01-31T10:21:15.790+0000] {logging_mixin.py:137} INFO - [2023-01-31T10:21:15.790+0000] {dagbag.py:538} INFO - Filling up the DagBag from /home/airflow/.local/lib/python3.7/site-packages/airflow/example_dags/example_task_group_decorator.py
[2023-01-31T10:21:15.851+0000] {processor.py:753} INFO - DAG(s) dict_keys(['example_task_group_decorator']) retrieved from /home/airflow/.local/lib/python3.7/site-packages/airflow/example_dags/example_task_group_decorator.py
[2023-01-31T10:21:15.898+0000] {logging_mixin.py:137} INFO - [2023-01-31T10:21:15.898+0000] {dag.py:2690} INFO - Sync 1 DAGs
[2023-01-31T10:21:15.928+0000] {logging_mixin.py:137} INFO - [2023-01-31T10:21:15.928+0000] {dag.py:3441} INFO - Setting next_dagrun for example_task_group_decorator to 2023-01-30T10:21:15.928272+00:00, run_after=2023-01-31T10:21:15.928272+00:00
[2023-01-31T10:21:15.956+0000] {processor.py:175} INFO - Processing /home/airflow/.local/lib/python3.7/site-packages/airflow/example_dags/example_task_group_decorator.py took 0.186 seconds
[2023-01-31T10:21:46.223+0000] {processor.py:153} INFO - Started process (PID=1057) to work on /home/airflow/.local/lib/python3.7/site-packages/airflow/example_dags/example_task_group_decorator.py
[2023-01-31T10:21:46.226+0000] {processor.py:743} INFO - Processing file /home/airflow/.local/lib/python3.7/site-packages/airflow/example_dags/example_task_group_decorator.py for tasks to queue
[2023-01-31T10:21:46.227+0000] {logging_mixin.py:137} INFO - [2023-01-31T10:21:46.227+0000] {dagbag.py:538} INFO - Filling up the DagBag from /home/airflow/.local/lib/python3.7/site-packages/airflow/example_dags/example_task_group_decorator.py
[2023-01-31T10:21:46.255+0000] {processor.py:753} INFO - DAG(s) dict_keys(['example_task_group_decorator']) retrieved from /home/airflow/.local/lib/python3.7/site-packages/airflow/example_dags/example_task_group_decorator.py
[2023-01-31T10:21:46.293+0000] {logging_mixin.py:137} INFO - [2023-01-31T10:21:46.293+0000] {dag.py:2690} INFO - Sync 1 DAGs
[2023-01-31T10:21:46.313+0000] {logging_mixin.py:137} INFO - [2023-01-31T10:21:46.313+0000] {dag.py:3441} INFO - Setting next_dagrun for example_task_group_decorator to 2023-01-30T10:21:46.313084+00:00, run_after=2023-01-31T10:21:46.313084+00:00
[2023-01-31T10:21:46.327+0000] {processor.py:175} INFO - Processing /home/airflow/.local/lib/python3.7/site-packages/airflow/example_dags/example_task_group_decorator.py took 0.107 seconds
[2023-01-31T10:22:16.610+0000] {processor.py:153} INFO - Started process (PID=1136) to work on /home/airflow/.local/lib/python3.7/site-packages/airflow/example_dags/example_task_group_decorator.py
[2023-01-31T10:22:16.612+0000] {processor.py:743} INFO - Processing file /home/airflow/.local/lib/python3.7/site-packages/airflow/example_dags/example_task_group_decorator.py for tasks to queue
[2023-01-31T10:22:16.613+0000] {logging_mixin.py:137} INFO - [2023-01-31T10:22:16.613+0000] {dagbag.py:538} INFO - Filling up the DagBag from /home/airflow/.local/lib/python3.7/site-packages/airflow/example_dags/example_task_group_decorator.py
[2023-01-31T10:22:16.640+0000] {processor.py:753} INFO - DAG(s) dict_keys(['example_task_group_decorator']) retrieved from /home/airflow/.local/lib/python3.7/site-packages/airflow/example_dags/example_task_group_decorator.py
[2023-01-31T10:22:16.667+0000] {logging_mixin.py:137} INFO - [2023-01-31T10:22:16.667+0000] {dag.py:2690} INFO - Sync 1 DAGs
[2023-01-31T10:22:16.780+0000] {logging_mixin.py:137} INFO - [2023-01-31T10:22:16.780+0000] {dag.py:3441} INFO - Setting next_dagrun for example_task_group_decorator to 2023-01-30T10:22:16.780020+00:00, run_after=2023-01-31T10:22:16.780020+00:00
[2023-01-31T10:22:16.817+0000] {processor.py:175} INFO - Processing /home/airflow/.local/lib/python3.7/site-packages/airflow/example_dags/example_task_group_decorator.py took 0.212 seconds
[2023-01-31T10:22:48.540+0000] {processor.py:153} INFO - Started process (PID=1217) to work on /home/airflow/.local/lib/python3.7/site-packages/airflow/example_dags/example_task_group_decorator.py
[2023-01-31T10:22:48.573+0000] {processor.py:743} INFO - Processing file /home/airflow/.local/lib/python3.7/site-packages/airflow/example_dags/example_task_group_decorator.py for tasks to queue
[2023-01-31T10:22:48.586+0000] {logging_mixin.py:137} INFO - [2023-01-31T10:22:48.585+0000] {dagbag.py:538} INFO - Filling up the DagBag from /home/airflow/.local/lib/python3.7/site-packages/airflow/example_dags/example_task_group_decorator.py
[2023-01-31T10:22:48.648+0000] {processor.py:753} INFO - DAG(s) dict_keys(['example_task_group_decorator']) retrieved from /home/airflow/.local/lib/python3.7/site-packages/airflow/example_dags/example_task_group_decorator.py
[2023-01-31T10:22:48.730+0000] {logging_mixin.py:137} INFO - [2023-01-31T10:22:48.730+0000] {dag.py:2690} INFO - Sync 1 DAGs
[2023-01-31T10:22:48.800+0000] {logging_mixin.py:137} INFO - [2023-01-31T10:22:48.799+0000] {dag.py:3441} INFO - Setting next_dagrun for example_task_group_decorator to 2023-01-30T10:22:48.798909+00:00, run_after=2023-01-31T10:22:48.798909+00:00
[2023-01-31T10:22:48.918+0000] {processor.py:175} INFO - Processing /home/airflow/.local/lib/python3.7/site-packages/airflow/example_dags/example_task_group_decorator.py took 0.391 seconds
[2023-01-31T10:23:19.855+0000] {processor.py:153} INFO - Started process (PID=1308) to work on /home/airflow/.local/lib/python3.7/site-packages/airflow/example_dags/example_task_group_decorator.py
[2023-01-31T10:23:19.864+0000] {processor.py:743} INFO - Processing file /home/airflow/.local/lib/python3.7/site-packages/airflow/example_dags/example_task_group_decorator.py for tasks to queue
[2023-01-31T10:23:19.868+0000] {logging_mixin.py:137} INFO - [2023-01-31T10:23:19.868+0000] {dagbag.py:538} INFO - Filling up the DagBag from /home/airflow/.local/lib/python3.7/site-packages/airflow/example_dags/example_task_group_decorator.py
[2023-01-31T10:23:19.931+0000] {processor.py:753} INFO - DAG(s) dict_keys(['example_task_group_decorator']) retrieved from /home/airflow/.local/lib/python3.7/site-packages/airflow/example_dags/example_task_group_decorator.py
[2023-01-31T10:23:19.980+0000] {logging_mixin.py:137} INFO - [2023-01-31T10:23:19.980+0000] {dag.py:2690} INFO - Sync 1 DAGs
[2023-01-31T10:23:20.036+0000] {logging_mixin.py:137} INFO - [2023-01-31T10:23:20.036+0000] {dag.py:3441} INFO - Setting next_dagrun for example_task_group_decorator to 2023-01-30T10:23:20.036035+00:00, run_after=2023-01-31T10:23:20.036035+00:00
[2023-01-31T10:23:20.087+0000] {processor.py:175} INFO - Processing /home/airflow/.local/lib/python3.7/site-packages/airflow/example_dags/example_task_group_decorator.py took 0.245 seconds
[2023-01-31T10:23:50.469+0000] {processor.py:153} INFO - Started process (PID=1387) to work on /home/airflow/.local/lib/python3.7/site-packages/airflow/example_dags/example_task_group_decorator.py
[2023-01-31T10:23:50.471+0000] {processor.py:743} INFO - Processing file /home/airflow/.local/lib/python3.7/site-packages/airflow/example_dags/example_task_group_decorator.py for tasks to queue
[2023-01-31T10:23:50.473+0000] {logging_mixin.py:137} INFO - [2023-01-31T10:23:50.473+0000] {dagbag.py:538} INFO - Filling up the DagBag from /home/airflow/.local/lib/python3.7/site-packages/airflow/example_dags/example_task_group_decorator.py
[2023-01-31T10:23:50.511+0000] {processor.py:753} INFO - DAG(s) dict_keys(['example_task_group_decorator']) retrieved from /home/airflow/.local/lib/python3.7/site-packages/airflow/example_dags/example_task_group_decorator.py
[2023-01-31T10:23:50.551+0000] {logging_mixin.py:137} INFO - [2023-01-31T10:23:50.550+0000] {dag.py:2690} INFO - Sync 1 DAGs
[2023-01-31T10:23:50.580+0000] {logging_mixin.py:137} INFO - [2023-01-31T10:23:50.580+0000] {dag.py:3441} INFO - Setting next_dagrun for example_task_group_decorator to 2023-01-30T10:23:50.580044+00:00, run_after=2023-01-31T10:23:50.580044+00:00
[2023-01-31T10:23:50.602+0000] {processor.py:175} INFO - Processing /home/airflow/.local/lib/python3.7/site-packages/airflow/example_dags/example_task_group_decorator.py took 0.138 seconds
[2023-01-31T10:24:21.076+0000] {processor.py:153} INFO - Started process (PID=1465) to work on /home/airflow/.local/lib/python3.7/site-packages/airflow/example_dags/example_task_group_decorator.py
[2023-01-31T10:24:21.085+0000] {processor.py:743} INFO - Processing file /home/airflow/.local/lib/python3.7/site-packages/airflow/example_dags/example_task_group_decorator.py for tasks to queue
[2023-01-31T10:24:21.102+0000] {logging_mixin.py:137} INFO - [2023-01-31T10:24:21.101+0000] {dagbag.py:538} INFO - Filling up the DagBag from /home/airflow/.local/lib/python3.7/site-packages/airflow/example_dags/example_task_group_decorator.py
[2023-01-31T10:24:21.173+0000] {processor.py:753} INFO - DAG(s) dict_keys(['example_task_group_decorator']) retrieved from /home/airflow/.local/lib/python3.7/site-packages/airflow/example_dags/example_task_group_decorator.py
[2023-01-31T10:24:21.266+0000] {logging_mixin.py:137} INFO - [2023-01-31T10:24:21.266+0000] {dag.py:2690} INFO - Sync 1 DAGs
[2023-01-31T10:24:21.288+0000] {logging_mixin.py:137} INFO - [2023-01-31T10:24:21.288+0000] {dag.py:3441} INFO - Setting next_dagrun for example_task_group_decorator to 2023-01-30T10:24:21.287883+00:00, run_after=2023-01-31T10:24:21.287883+00:00
[2023-01-31T10:24:21.310+0000] {processor.py:175} INFO - Processing /home/airflow/.local/lib/python3.7/site-packages/airflow/example_dags/example_task_group_decorator.py took 0.241 seconds
[2023-01-31T10:24:51.755+0000] {processor.py:153} INFO - Started process (PID=1547) to work on /home/airflow/.local/lib/python3.7/site-packages/airflow/example_dags/example_task_group_decorator.py
[2023-01-31T10:24:51.756+0000] {processor.py:743} INFO - Processing file /home/airflow/.local/lib/python3.7/site-packages/airflow/example_dags/example_task_group_decorator.py for tasks to queue
[2023-01-31T10:24:51.757+0000] {logging_mixin.py:137} INFO - [2023-01-31T10:24:51.757+0000] {dagbag.py:538} INFO - Filling up the DagBag from /home/airflow/.local/lib/python3.7/site-packages/airflow/example_dags/example_task_group_decorator.py
[2023-01-31T10:24:51.775+0000] {processor.py:753} INFO - DAG(s) dict_keys(['example_task_group_decorator']) retrieved from /home/airflow/.local/lib/python3.7/site-packages/airflow/example_dags/example_task_group_decorator.py
[2023-01-31T10:24:51.800+0000] {logging_mixin.py:137} INFO - [2023-01-31T10:24:51.800+0000] {dag.py:2690} INFO - Sync 1 DAGs
[2023-01-31T10:24:51.817+0000] {logging_mixin.py:137} INFO - [2023-01-31T10:24:51.817+0000] {dag.py:3441} INFO - Setting next_dagrun for example_task_group_decorator to 2023-01-30T10:24:51.816999+00:00, run_after=2023-01-31T10:24:51.816999+00:00
[2023-01-31T10:24:51.832+0000] {processor.py:175} INFO - Processing /home/airflow/.local/lib/python3.7/site-packages/airflow/example_dags/example_task_group_decorator.py took 0.080 seconds
[2023-01-31T10:25:22.162+0000] {processor.py:153} INFO - Started process (PID=1626) to work on /home/airflow/.local/lib/python3.7/site-packages/airflow/example_dags/example_task_group_decorator.py
[2023-01-31T10:25:22.164+0000] {processor.py:743} INFO - Processing file /home/airflow/.local/lib/python3.7/site-packages/airflow/example_dags/example_task_group_decorator.py for tasks to queue
[2023-01-31T10:25:22.165+0000] {logging_mixin.py:137} INFO - [2023-01-31T10:25:22.165+0000] {dagbag.py:538} INFO - Filling up the DagBag from /home/airflow/.local/lib/python3.7/site-packages/airflow/example_dags/example_task_group_decorator.py
[2023-01-31T10:25:22.194+0000] {processor.py:753} INFO - DAG(s) dict_keys(['example_task_group_decorator']) retrieved from /home/airflow/.local/lib/python3.7/site-packages/airflow/example_dags/example_task_group_decorator.py
[2023-01-31T10:25:22.248+0000] {logging_mixin.py:137} INFO - [2023-01-31T10:25:22.248+0000] {dag.py:2690} INFO - Sync 1 DAGs
[2023-01-31T10:25:22.267+0000] {logging_mixin.py:137} INFO - [2023-01-31T10:25:22.267+0000] {dag.py:3441} INFO - Setting next_dagrun for example_task_group_decorator to 2023-01-30T10:25:22.267206+00:00, run_after=2023-01-31T10:25:22.267206+00:00
[2023-01-31T10:25:22.354+0000] {processor.py:175} INFO - Processing /home/airflow/.local/lib/python3.7/site-packages/airflow/example_dags/example_task_group_decorator.py took 0.194 seconds
[2023-01-31T10:25:52.919+0000] {processor.py:153} INFO - Started process (PID=1706) to work on /home/airflow/.local/lib/python3.7/site-packages/airflow/example_dags/example_task_group_decorator.py
[2023-01-31T10:25:52.924+0000] {processor.py:743} INFO - Processing file /home/airflow/.local/lib/python3.7/site-packages/airflow/example_dags/example_task_group_decorator.py for tasks to queue
[2023-01-31T10:25:52.928+0000] {logging_mixin.py:137} INFO - [2023-01-31T10:25:52.928+0000] {dagbag.py:538} INFO - Filling up the DagBag from /home/airflow/.local/lib/python3.7/site-packages/airflow/example_dags/example_task_group_decorator.py
[2023-01-31T10:25:53.024+0000] {processor.py:753} INFO - DAG(s) dict_keys(['example_task_group_decorator']) retrieved from /home/airflow/.local/lib/python3.7/site-packages/airflow/example_dags/example_task_group_decorator.py
[2023-01-31T10:25:53.095+0000] {logging_mixin.py:137} INFO - [2023-01-31T10:25:53.095+0000] {dag.py:2690} INFO - Sync 1 DAGs
[2023-01-31T10:25:53.134+0000] {logging_mixin.py:137} INFO - [2023-01-31T10:25:53.134+0000] {dag.py:3441} INFO - Setting next_dagrun for example_task_group_decorator to 2023-01-30T10:25:53.133867+00:00, run_after=2023-01-31T10:25:53.133867+00:00
[2023-01-31T10:25:53.248+0000] {processor.py:175} INFO - Processing /home/airflow/.local/lib/python3.7/site-packages/airflow/example_dags/example_task_group_decorator.py took 0.337 seconds
[2023-01-31T10:26:23.811+0000] {processor.py:153} INFO - Started process (PID=1805) to work on /home/airflow/.local/lib/python3.7/site-packages/airflow/example_dags/example_task_group_decorator.py
[2023-01-31T10:26:23.828+0000] {processor.py:743} INFO - Processing file /home/airflow/.local/lib/python3.7/site-packages/airflow/example_dags/example_task_group_decorator.py for tasks to queue
[2023-01-31T10:26:23.832+0000] {logging_mixin.py:137} INFO - [2023-01-31T10:26:23.831+0000] {dagbag.py:538} INFO - Filling up the DagBag from /home/airflow/.local/lib/python3.7/site-packages/airflow/example_dags/example_task_group_decorator.py
[2023-01-31T10:26:23.859+0000] {processor.py:753} INFO - DAG(s) dict_keys(['example_task_group_decorator']) retrieved from /home/airflow/.local/lib/python3.7/site-packages/airflow/example_dags/example_task_group_decorator.py
[2023-01-31T10:26:23.905+0000] {logging_mixin.py:137} INFO - [2023-01-31T10:26:23.905+0000] {dag.py:2690} INFO - Sync 1 DAGs
[2023-01-31T10:26:23.932+0000] {logging_mixin.py:137} INFO - [2023-01-31T10:26:23.932+0000] {dag.py:3441} INFO - Setting next_dagrun for example_task_group_decorator to 2023-01-30T10:26:23.932111+00:00, run_after=2023-01-31T10:26:23.932111+00:00
[2023-01-31T10:26:23.948+0000] {processor.py:175} INFO - Processing /home/airflow/.local/lib/python3.7/site-packages/airflow/example_dags/example_task_group_decorator.py took 0.141 seconds
[2023-01-31T10:26:54.279+0000] {processor.py:153} INFO - Started process (PID=1884) to work on /home/airflow/.local/lib/python3.7/site-packages/airflow/example_dags/example_task_group_decorator.py
[2023-01-31T10:26:54.281+0000] {processor.py:743} INFO - Processing file /home/airflow/.local/lib/python3.7/site-packages/airflow/example_dags/example_task_group_decorator.py for tasks to queue
[2023-01-31T10:26:54.282+0000] {logging_mixin.py:137} INFO - [2023-01-31T10:26:54.282+0000] {dagbag.py:538} INFO - Filling up the DagBag from /home/airflow/.local/lib/python3.7/site-packages/airflow/example_dags/example_task_group_decorator.py
[2023-01-31T10:26:54.304+0000] {processor.py:753} INFO - DAG(s) dict_keys(['example_task_group_decorator']) retrieved from /home/airflow/.local/lib/python3.7/site-packages/airflow/example_dags/example_task_group_decorator.py
[2023-01-31T10:26:54.335+0000] {logging_mixin.py:137} INFO - [2023-01-31T10:26:54.335+0000] {dag.py:2690} INFO - Sync 1 DAGs
[2023-01-31T10:26:54.359+0000] {logging_mixin.py:137} INFO - [2023-01-31T10:26:54.359+0000] {dag.py:3441} INFO - Setting next_dagrun for example_task_group_decorator to 2023-01-30T10:26:54.358856+00:00, run_after=2023-01-31T10:26:54.358856+00:00
[2023-01-31T10:26:54.384+0000] {processor.py:175} INFO - Processing /home/airflow/.local/lib/python3.7/site-packages/airflow/example_dags/example_task_group_decorator.py took 0.108 seconds
[2023-01-31T10:27:24.913+0000] {processor.py:153} INFO - Started process (PID=1963) to work on /home/airflow/.local/lib/python3.7/site-packages/airflow/example_dags/example_task_group_decorator.py
[2023-01-31T10:27:24.917+0000] {processor.py:743} INFO - Processing file /home/airflow/.local/lib/python3.7/site-packages/airflow/example_dags/example_task_group_decorator.py for tasks to queue
[2023-01-31T10:27:24.919+0000] {logging_mixin.py:137} INFO - [2023-01-31T10:27:24.919+0000] {dagbag.py:538} INFO - Filling up the DagBag from /home/airflow/.local/lib/python3.7/site-packages/airflow/example_dags/example_task_group_decorator.py
[2023-01-31T10:27:24.947+0000] {processor.py:753} INFO - DAG(s) dict_keys(['example_task_group_decorator']) retrieved from /home/airflow/.local/lib/python3.7/site-packages/airflow/example_dags/example_task_group_decorator.py
[2023-01-31T10:27:24.969+0000] {logging_mixin.py:137} INFO - [2023-01-31T10:27:24.969+0000] {dag.py:2690} INFO - Sync 1 DAGs
[2023-01-31T10:27:25.005+0000] {logging_mixin.py:137} INFO - [2023-01-31T10:27:25.005+0000] {dag.py:3441} INFO - Setting next_dagrun for example_task_group_decorator to 2023-01-30T10:27:25.004789+00:00, run_after=2023-01-31T10:27:25.004789+00:00
[2023-01-31T10:27:25.033+0000] {processor.py:175} INFO - Processing /home/airflow/.local/lib/python3.7/site-packages/airflow/example_dags/example_task_group_decorator.py took 0.124 seconds
[2023-01-31T10:27:55.418+0000] {processor.py:153} INFO - Started process (PID=2059) to work on /home/airflow/.local/lib/python3.7/site-packages/airflow/example_dags/example_task_group_decorator.py
[2023-01-31T10:27:55.420+0000] {processor.py:743} INFO - Processing file /home/airflow/.local/lib/python3.7/site-packages/airflow/example_dags/example_task_group_decorator.py for tasks to queue
[2023-01-31T10:27:55.421+0000] {logging_mixin.py:137} INFO - [2023-01-31T10:27:55.420+0000] {dagbag.py:538} INFO - Filling up the DagBag from /home/airflow/.local/lib/python3.7/site-packages/airflow/example_dags/example_task_group_decorator.py
[2023-01-31T10:27:55.461+0000] {processor.py:753} INFO - DAG(s) dict_keys(['example_task_group_decorator']) retrieved from /home/airflow/.local/lib/python3.7/site-packages/airflow/example_dags/example_task_group_decorator.py
[2023-01-31T10:27:55.505+0000] {logging_mixin.py:137} INFO - [2023-01-31T10:27:55.504+0000] {dag.py:2690} INFO - Sync 1 DAGs
[2023-01-31T10:27:55.528+0000] {logging_mixin.py:137} INFO - [2023-01-31T10:27:55.528+0000] {dag.py:3441} INFO - Setting next_dagrun for example_task_group_decorator to 2023-01-30T10:27:55.528396+00:00, run_after=2023-01-31T10:27:55.528396+00:00
[2023-01-31T10:27:55.564+0000] {processor.py:175} INFO - Processing /home/airflow/.local/lib/python3.7/site-packages/airflow/example_dags/example_task_group_decorator.py took 0.149 seconds
[2023-01-31T10:28:25.637+0000] {processor.py:153} INFO - Started process (PID=2138) to work on /home/airflow/.local/lib/python3.7/site-packages/airflow/example_dags/example_task_group_decorator.py
[2023-01-31T10:28:25.638+0000] {processor.py:743} INFO - Processing file /home/airflow/.local/lib/python3.7/site-packages/airflow/example_dags/example_task_group_decorator.py for tasks to queue
[2023-01-31T10:28:25.639+0000] {logging_mixin.py:137} INFO - [2023-01-31T10:28:25.639+0000] {dagbag.py:538} INFO - Filling up the DagBag from /home/airflow/.local/lib/python3.7/site-packages/airflow/example_dags/example_task_group_decorator.py
[2023-01-31T10:28:25.658+0000] {processor.py:753} INFO - DAG(s) dict_keys(['example_task_group_decorator']) retrieved from /home/airflow/.local/lib/python3.7/site-packages/airflow/example_dags/example_task_group_decorator.py
[2023-01-31T10:28:25.693+0000] {logging_mixin.py:137} INFO - [2023-01-31T10:28:25.693+0000] {dag.py:2690} INFO - Sync 1 DAGs
[2023-01-31T10:28:25.709+0000] {logging_mixin.py:137} INFO - [2023-01-31T10:28:25.709+0000] {dag.py:3441} INFO - Setting next_dagrun for example_task_group_decorator to 2023-01-30T10:28:25.708921+00:00, run_after=2023-01-31T10:28:25.708921+00:00
[2023-01-31T10:28:25.720+0000] {processor.py:175} INFO - Processing /home/airflow/.local/lib/python3.7/site-packages/airflow/example_dags/example_task_group_decorator.py took 0.087 seconds
[2023-01-31T10:28:56.471+0000] {processor.py:153} INFO - Started process (PID=2217) to work on /home/airflow/.local/lib/python3.7/site-packages/airflow/example_dags/example_task_group_decorator.py
[2023-01-31T10:28:56.475+0000] {processor.py:743} INFO - Processing file /home/airflow/.local/lib/python3.7/site-packages/airflow/example_dags/example_task_group_decorator.py for tasks to queue
[2023-01-31T10:28:56.477+0000] {logging_mixin.py:137} INFO - [2023-01-31T10:28:56.477+0000] {dagbag.py:538} INFO - Filling up the DagBag from /home/airflow/.local/lib/python3.7/site-packages/airflow/example_dags/example_task_group_decorator.py
[2023-01-31T10:28:56.509+0000] {processor.py:753} INFO - DAG(s) dict_keys(['example_task_group_decorator']) retrieved from /home/airflow/.local/lib/python3.7/site-packages/airflow/example_dags/example_task_group_decorator.py
[2023-01-31T10:28:56.557+0000] {logging_mixin.py:137} INFO - [2023-01-31T10:28:56.557+0000] {dag.py:2690} INFO - Sync 1 DAGs
[2023-01-31T10:28:56.599+0000] {logging_mixin.py:137} INFO - [2023-01-31T10:28:56.599+0000] {dag.py:3441} INFO - Setting next_dagrun for example_task_group_decorator to 2023-01-30T10:28:56.599356+00:00, run_after=2023-01-31T10:28:56.599356+00:00
[2023-01-31T10:28:56.617+0000] {processor.py:175} INFO - Processing /home/airflow/.local/lib/python3.7/site-packages/airflow/example_dags/example_task_group_decorator.py took 0.150 seconds
[2023-01-31T10:29:28.977+0000] {processor.py:153} INFO - Started process (PID=2304) to work on /home/airflow/.local/lib/python3.7/site-packages/airflow/example_dags/example_task_group_decorator.py
[2023-01-31T10:29:28.985+0000] {processor.py:743} INFO - Processing file /home/airflow/.local/lib/python3.7/site-packages/airflow/example_dags/example_task_group_decorator.py for tasks to queue
[2023-01-31T10:29:28.990+0000] {logging_mixin.py:137} INFO - [2023-01-31T10:29:28.990+0000] {dagbag.py:538} INFO - Filling up the DagBag from /home/airflow/.local/lib/python3.7/site-packages/airflow/example_dags/example_task_group_decorator.py
[2023-01-31T10:29:29.110+0000] {processor.py:753} INFO - DAG(s) dict_keys(['example_task_group_decorator']) retrieved from /home/airflow/.local/lib/python3.7/site-packages/airflow/example_dags/example_task_group_decorator.py
[2023-01-31T10:29:29.280+0000] {logging_mixin.py:137} INFO - [2023-01-31T10:29:29.280+0000] {dag.py:2690} INFO - Sync 1 DAGs
[2023-01-31T10:29:29.362+0000] {logging_mixin.py:137} INFO - [2023-01-31T10:29:29.362+0000] {dag.py:3441} INFO - Setting next_dagrun for example_task_group_decorator to 2023-01-30T10:29:29.362203+00:00, run_after=2023-01-31T10:29:29.362203+00:00
[2023-01-31T10:29:29.584+0000] {processor.py:175} INFO - Processing /home/airflow/.local/lib/python3.7/site-packages/airflow/example_dags/example_task_group_decorator.py took 0.609 seconds
[2023-01-31T10:30:00.301+0000] {processor.py:153} INFO - Started process (PID=2381) to work on /home/airflow/.local/lib/python3.7/site-packages/airflow/example_dags/example_task_group_decorator.py
[2023-01-31T10:30:00.318+0000] {processor.py:743} INFO - Processing file /home/airflow/.local/lib/python3.7/site-packages/airflow/example_dags/example_task_group_decorator.py for tasks to queue
[2023-01-31T10:30:00.325+0000] {logging_mixin.py:137} INFO - [2023-01-31T10:30:00.325+0000] {dagbag.py:538} INFO - Filling up the DagBag from /home/airflow/.local/lib/python3.7/site-packages/airflow/example_dags/example_task_group_decorator.py
[2023-01-31T10:30:00.364+0000] {processor.py:753} INFO - DAG(s) dict_keys(['example_task_group_decorator']) retrieved from /home/airflow/.local/lib/python3.7/site-packages/airflow/example_dags/example_task_group_decorator.py
[2023-01-31T10:30:00.434+0000] {logging_mixin.py:137} INFO - [2023-01-31T10:30:00.434+0000] {dag.py:2690} INFO - Sync 1 DAGs
[2023-01-31T10:30:00.514+0000] {logging_mixin.py:137} INFO - [2023-01-31T10:30:00.514+0000] {dag.py:3441} INFO - Setting next_dagrun for example_task_group_decorator to 2023-01-30T10:30:00.514381+00:00, run_after=2023-01-31T10:30:00.514381+00:00
[2023-01-31T10:30:01.092+0000] {processor.py:175} INFO - Processing /home/airflow/.local/lib/python3.7/site-packages/airflow/example_dags/example_task_group_decorator.py took 0.795 seconds
[2023-01-31T10:30:31.633+0000] {processor.py:153} INFO - Started process (PID=2462) to work on /home/airflow/.local/lib/python3.7/site-packages/airflow/example_dags/example_task_group_decorator.py
[2023-01-31T10:30:31.667+0000] {processor.py:743} INFO - Processing file /home/airflow/.local/lib/python3.7/site-packages/airflow/example_dags/example_task_group_decorator.py for tasks to queue
[2023-01-31T10:30:31.677+0000] {logging_mixin.py:137} INFO - [2023-01-31T10:30:31.676+0000] {dagbag.py:538} INFO - Filling up the DagBag from /home/airflow/.local/lib/python3.7/site-packages/airflow/example_dags/example_task_group_decorator.py
[2023-01-31T10:30:31.767+0000] {processor.py:753} INFO - DAG(s) dict_keys(['example_task_group_decorator']) retrieved from /home/airflow/.local/lib/python3.7/site-packages/airflow/example_dags/example_task_group_decorator.py
[2023-01-31T10:30:31.867+0000] {logging_mixin.py:137} INFO - [2023-01-31T10:30:31.867+0000] {dag.py:2690} INFO - Sync 1 DAGs
[2023-01-31T10:30:31.934+0000] {logging_mixin.py:137} INFO - [2023-01-31T10:30:31.934+0000] {dag.py:3441} INFO - Setting next_dagrun for example_task_group_decorator to 2023-01-30T10:30:31.934279+00:00, run_after=2023-01-31T10:30:31.934279+00:00
[2023-01-31T10:30:31.999+0000] {processor.py:175} INFO - Processing /home/airflow/.local/lib/python3.7/site-packages/airflow/example_dags/example_task_group_decorator.py took 0.371 seconds
[2023-01-31T10:31:02.344+0000] {processor.py:153} INFO - Started process (PID=2547) to work on /home/airflow/.local/lib/python3.7/site-packages/airflow/example_dags/example_task_group_decorator.py
[2023-01-31T10:31:02.345+0000] {processor.py:743} INFO - Processing file /home/airflow/.local/lib/python3.7/site-packages/airflow/example_dags/example_task_group_decorator.py for tasks to queue
[2023-01-31T10:31:02.346+0000] {logging_mixin.py:137} INFO - [2023-01-31T10:31:02.346+0000] {dagbag.py:538} INFO - Filling up the DagBag from /home/airflow/.local/lib/python3.7/site-packages/airflow/example_dags/example_task_group_decorator.py
[2023-01-31T10:31:02.366+0000] {processor.py:753} INFO - DAG(s) dict_keys(['example_task_group_decorator']) retrieved from /home/airflow/.local/lib/python3.7/site-packages/airflow/example_dags/example_task_group_decorator.py
[2023-01-31T10:31:02.388+0000] {logging_mixin.py:137} INFO - [2023-01-31T10:31:02.388+0000] {dag.py:2690} INFO - Sync 1 DAGs
[2023-01-31T10:31:02.409+0000] {logging_mixin.py:137} INFO - [2023-01-31T10:31:02.409+0000] {dag.py:3441} INFO - Setting next_dagrun for example_task_group_decorator to 2023-01-30T10:31:02.408956+00:00, run_after=2023-01-31T10:31:02.408956+00:00
[2023-01-31T10:31:02.429+0000] {processor.py:175} INFO - Processing /home/airflow/.local/lib/python3.7/site-packages/airflow/example_dags/example_task_group_decorator.py took 0.088 seconds
[2023-01-31T10:31:33.248+0000] {processor.py:153} INFO - Started process (PID=2625) to work on /home/airflow/.local/lib/python3.7/site-packages/airflow/example_dags/example_task_group_decorator.py
[2023-01-31T10:31:33.254+0000] {processor.py:743} INFO - Processing file /home/airflow/.local/lib/python3.7/site-packages/airflow/example_dags/example_task_group_decorator.py for tasks to queue
[2023-01-31T10:31:33.261+0000] {logging_mixin.py:137} INFO - [2023-01-31T10:31:33.260+0000] {dagbag.py:538} INFO - Filling up the DagBag from /home/airflow/.local/lib/python3.7/site-packages/airflow/example_dags/example_task_group_decorator.py
[2023-01-31T10:31:33.295+0000] {processor.py:753} INFO - DAG(s) dict_keys(['example_task_group_decorator']) retrieved from /home/airflow/.local/lib/python3.7/site-packages/airflow/example_dags/example_task_group_decorator.py
[2023-01-31T10:31:33.330+0000] {logging_mixin.py:137} INFO - [2023-01-31T10:31:33.330+0000] {dag.py:2690} INFO - Sync 1 DAGs
[2023-01-31T10:31:33.349+0000] {logging_mixin.py:137} INFO - [2023-01-31T10:31:33.349+0000] {dag.py:3441} INFO - Setting next_dagrun for example_task_group_decorator to 2023-01-30T10:31:33.349305+00:00, run_after=2023-01-31T10:31:33.349305+00:00
[2023-01-31T10:31:33.395+0000] {processor.py:175} INFO - Processing /home/airflow/.local/lib/python3.7/site-packages/airflow/example_dags/example_task_group_decorator.py took 0.150 seconds
[2023-01-31T10:32:05.453+0000] {processor.py:153} INFO - Started process (PID=2719) to work on /home/airflow/.local/lib/python3.7/site-packages/airflow/example_dags/example_task_group_decorator.py
[2023-01-31T10:32:05.473+0000] {processor.py:743} INFO - Processing file /home/airflow/.local/lib/python3.7/site-packages/airflow/example_dags/example_task_group_decorator.py for tasks to queue
[2023-01-31T10:32:05.519+0000] {logging_mixin.py:137} INFO - [2023-01-31T10:32:05.519+0000] {dagbag.py:538} INFO - Filling up the DagBag from /home/airflow/.local/lib/python3.7/site-packages/airflow/example_dags/example_task_group_decorator.py
[2023-01-31T10:32:05.624+0000] {processor.py:753} INFO - DAG(s) dict_keys(['example_task_group_decorator']) retrieved from /home/airflow/.local/lib/python3.7/site-packages/airflow/example_dags/example_task_group_decorator.py
[2023-01-31T10:32:05.718+0000] {logging_mixin.py:137} INFO - [2023-01-31T10:32:05.718+0000] {dag.py:2690} INFO - Sync 1 DAGs
[2023-01-31T10:32:05.815+0000] {logging_mixin.py:137} INFO - [2023-01-31T10:32:05.814+0000] {dag.py:3441} INFO - Setting next_dagrun for example_task_group_decorator to 2023-01-30T10:32:05.807132+00:00, run_after=2023-01-31T10:32:05.807132+00:00
[2023-01-31T10:32:05.914+0000] {processor.py:175} INFO - Processing /home/airflow/.local/lib/python3.7/site-packages/airflow/example_dags/example_task_group_decorator.py took 0.473 seconds
[2023-01-31T10:32:36.794+0000] {processor.py:153} INFO - Started process (PID=2798) to work on /home/airflow/.local/lib/python3.7/site-packages/airflow/example_dags/example_task_group_decorator.py
[2023-01-31T10:32:36.796+0000] {processor.py:743} INFO - Processing file /home/airflow/.local/lib/python3.7/site-packages/airflow/example_dags/example_task_group_decorator.py for tasks to queue
[2023-01-31T10:32:36.797+0000] {logging_mixin.py:137} INFO - [2023-01-31T10:32:36.797+0000] {dagbag.py:538} INFO - Filling up the DagBag from /home/airflow/.local/lib/python3.7/site-packages/airflow/example_dags/example_task_group_decorator.py
[2023-01-31T10:32:36.828+0000] {processor.py:753} INFO - DAG(s) dict_keys(['example_task_group_decorator']) retrieved from /home/airflow/.local/lib/python3.7/site-packages/airflow/example_dags/example_task_group_decorator.py
[2023-01-31T10:32:36.868+0000] {logging_mixin.py:137} INFO - [2023-01-31T10:32:36.868+0000] {dag.py:2690} INFO - Sync 1 DAGs
[2023-01-31T10:32:36.894+0000] {logging_mixin.py:137} INFO - [2023-01-31T10:32:36.894+0000] {dag.py:3441} INFO - Setting next_dagrun for example_task_group_decorator to 2023-01-30T10:32:36.894364+00:00, run_after=2023-01-31T10:32:36.894364+00:00
[2023-01-31T10:32:36.911+0000] {processor.py:175} INFO - Processing /home/airflow/.local/lib/python3.7/site-packages/airflow/example_dags/example_task_group_decorator.py took 0.122 seconds
[2023-01-31T10:33:07.519+0000] {processor.py:153} INFO - Started process (PID=2893) to work on /home/airflow/.local/lib/python3.7/site-packages/airflow/example_dags/example_task_group_decorator.py
[2023-01-31T10:33:07.522+0000] {processor.py:743} INFO - Processing file /home/airflow/.local/lib/python3.7/site-packages/airflow/example_dags/example_task_group_decorator.py for tasks to queue
[2023-01-31T10:33:07.535+0000] {logging_mixin.py:137} INFO - [2023-01-31T10:33:07.534+0000] {dagbag.py:538} INFO - Filling up the DagBag from /home/airflow/.local/lib/python3.7/site-packages/airflow/example_dags/example_task_group_decorator.py
[2023-01-31T10:33:07.564+0000] {processor.py:753} INFO - DAG(s) dict_keys(['example_task_group_decorator']) retrieved from /home/airflow/.local/lib/python3.7/site-packages/airflow/example_dags/example_task_group_decorator.py
[2023-01-31T10:33:07.653+0000] {logging_mixin.py:137} INFO - [2023-01-31T10:33:07.652+0000] {dag.py:2690} INFO - Sync 1 DAGs
[2023-01-31T10:33:07.688+0000] {logging_mixin.py:137} INFO - [2023-01-31T10:33:07.688+0000] {dag.py:3441} INFO - Setting next_dagrun for example_task_group_decorator to 2023-01-30T10:33:07.687783+00:00, run_after=2023-01-31T10:33:07.687783+00:00
[2023-01-31T10:33:07.704+0000] {processor.py:175} INFO - Processing /home/airflow/.local/lib/python3.7/site-packages/airflow/example_dags/example_task_group_decorator.py took 0.190 seconds
[2023-01-31T10:33:38.500+0000] {processor.py:153} INFO - Started process (PID=2972) to work on /home/airflow/.local/lib/python3.7/site-packages/airflow/example_dags/example_task_group_decorator.py
[2023-01-31T10:33:38.504+0000] {processor.py:743} INFO - Processing file /home/airflow/.local/lib/python3.7/site-packages/airflow/example_dags/example_task_group_decorator.py for tasks to queue
[2023-01-31T10:33:38.506+0000] {logging_mixin.py:137} INFO - [2023-01-31T10:33:38.506+0000] {dagbag.py:538} INFO - Filling up the DagBag from /home/airflow/.local/lib/python3.7/site-packages/airflow/example_dags/example_task_group_decorator.py
[2023-01-31T10:33:38.561+0000] {processor.py:753} INFO - DAG(s) dict_keys(['example_task_group_decorator']) retrieved from /home/airflow/.local/lib/python3.7/site-packages/airflow/example_dags/example_task_group_decorator.py
[2023-01-31T10:33:38.629+0000] {logging_mixin.py:137} INFO - [2023-01-31T10:33:38.629+0000] {dag.py:2690} INFO - Sync 1 DAGs
[2023-01-31T10:33:38.672+0000] {logging_mixin.py:137} INFO - [2023-01-31T10:33:38.672+0000] {dag.py:3441} INFO - Setting next_dagrun for example_task_group_decorator to 2023-01-30T10:33:38.671708+00:00, run_after=2023-01-31T10:33:38.671708+00:00
[2023-01-31T10:33:38.728+0000] {processor.py:175} INFO - Processing /home/airflow/.local/lib/python3.7/site-packages/airflow/example_dags/example_task_group_decorator.py took 0.235 seconds
[2023-01-31T10:34:09.028+0000] {processor.py:153} INFO - Started process (PID=3051) to work on /home/airflow/.local/lib/python3.7/site-packages/airflow/example_dags/example_task_group_decorator.py
[2023-01-31T10:34:09.030+0000] {processor.py:743} INFO - Processing file /home/airflow/.local/lib/python3.7/site-packages/airflow/example_dags/example_task_group_decorator.py for tasks to queue
[2023-01-31T10:34:09.033+0000] {logging_mixin.py:137} INFO - [2023-01-31T10:34:09.032+0000] {dagbag.py:538} INFO - Filling up the DagBag from /home/airflow/.local/lib/python3.7/site-packages/airflow/example_dags/example_task_group_decorator.py
[2023-01-31T10:34:09.082+0000] {processor.py:753} INFO - DAG(s) dict_keys(['example_task_group_decorator']) retrieved from /home/airflow/.local/lib/python3.7/site-packages/airflow/example_dags/example_task_group_decorator.py
[2023-01-31T10:34:09.133+0000] {logging_mixin.py:137} INFO - [2023-01-31T10:34:09.132+0000] {dag.py:2690} INFO - Sync 1 DAGs
[2023-01-31T10:34:09.163+0000] {logging_mixin.py:137} INFO - [2023-01-31T10:34:09.162+0000] {dag.py:3441} INFO - Setting next_dagrun for example_task_group_decorator to 2023-01-30T10:34:09.162779+00:00, run_after=2023-01-31T10:34:09.162779+00:00
[2023-01-31T10:34:09.178+0000] {processor.py:175} INFO - Processing /home/airflow/.local/lib/python3.7/site-packages/airflow/example_dags/example_task_group_decorator.py took 0.155 seconds
[2023-01-31T10:34:39.864+0000] {processor.py:153} INFO - Started process (PID=3146) to work on /home/airflow/.local/lib/python3.7/site-packages/airflow/example_dags/example_task_group_decorator.py
[2023-01-31T10:34:39.867+0000] {processor.py:743} INFO - Processing file /home/airflow/.local/lib/python3.7/site-packages/airflow/example_dags/example_task_group_decorator.py for tasks to queue
[2023-01-31T10:34:39.869+0000] {logging_mixin.py:137} INFO - [2023-01-31T10:34:39.868+0000] {dagbag.py:538} INFO - Filling up the DagBag from /home/airflow/.local/lib/python3.7/site-packages/airflow/example_dags/example_task_group_decorator.py
[2023-01-31T10:34:39.918+0000] {processor.py:753} INFO - DAG(s) dict_keys(['example_task_group_decorator']) retrieved from /home/airflow/.local/lib/python3.7/site-packages/airflow/example_dags/example_task_group_decorator.py
[2023-01-31T10:34:39.980+0000] {logging_mixin.py:137} INFO - [2023-01-31T10:34:39.980+0000] {dag.py:2690} INFO - Sync 1 DAGs
[2023-01-31T10:34:40.014+0000] {logging_mixin.py:137} INFO - [2023-01-31T10:34:40.014+0000] {dag.py:3441} INFO - Setting next_dagrun for example_task_group_decorator to 2023-01-30T10:34:40.014312+00:00, run_after=2023-01-31T10:34:40.014312+00:00
[2023-01-31T10:34:40.084+0000] {processor.py:175} INFO - Processing /home/airflow/.local/lib/python3.7/site-packages/airflow/example_dags/example_task_group_decorator.py took 0.227 seconds
[2023-01-31T10:35:10.568+0000] {processor.py:153} INFO - Started process (PID=3226) to work on /home/airflow/.local/lib/python3.7/site-packages/airflow/example_dags/example_task_group_decorator.py
[2023-01-31T10:35:10.576+0000] {processor.py:743} INFO - Processing file /home/airflow/.local/lib/python3.7/site-packages/airflow/example_dags/example_task_group_decorator.py for tasks to queue
[2023-01-31T10:35:10.580+0000] {logging_mixin.py:137} INFO - [2023-01-31T10:35:10.580+0000] {dagbag.py:538} INFO - Filling up the DagBag from /home/airflow/.local/lib/python3.7/site-packages/airflow/example_dags/example_task_group_decorator.py
[2023-01-31T10:35:10.609+0000] {processor.py:753} INFO - DAG(s) dict_keys(['example_task_group_decorator']) retrieved from /home/airflow/.local/lib/python3.7/site-packages/airflow/example_dags/example_task_group_decorator.py
[2023-01-31T10:35:10.685+0000] {logging_mixin.py:137} INFO - [2023-01-31T10:35:10.685+0000] {dag.py:2690} INFO - Sync 1 DAGs
[2023-01-31T10:35:10.745+0000] {logging_mixin.py:137} INFO - [2023-01-31T10:35:10.745+0000] {dag.py:3441} INFO - Setting next_dagrun for example_task_group_decorator to 2023-01-30T10:35:10.744605+00:00, run_after=2023-01-31T10:35:10.744605+00:00
[2023-01-31T10:35:10.849+0000] {processor.py:175} INFO - Processing /home/airflow/.local/lib/python3.7/site-packages/airflow/example_dags/example_task_group_decorator.py took 0.285 seconds
[2023-01-31T10:35:41.766+0000] {processor.py:153} INFO - Started process (PID=3309) to work on /home/airflow/.local/lib/python3.7/site-packages/airflow/example_dags/example_task_group_decorator.py
[2023-01-31T10:35:41.768+0000] {processor.py:743} INFO - Processing file /home/airflow/.local/lib/python3.7/site-packages/airflow/example_dags/example_task_group_decorator.py for tasks to queue
[2023-01-31T10:35:41.769+0000] {logging_mixin.py:137} INFO - [2023-01-31T10:35:41.769+0000] {dagbag.py:538} INFO - Filling up the DagBag from /home/airflow/.local/lib/python3.7/site-packages/airflow/example_dags/example_task_group_decorator.py
[2023-01-31T10:35:41.788+0000] {processor.py:753} INFO - DAG(s) dict_keys(['example_task_group_decorator']) retrieved from /home/airflow/.local/lib/python3.7/site-packages/airflow/example_dags/example_task_group_decorator.py
[2023-01-31T10:35:41.832+0000] {logging_mixin.py:137} INFO - [2023-01-31T10:35:41.832+0000] {dag.py:2690} INFO - Sync 1 DAGs
[2023-01-31T10:35:41.860+0000] {logging_mixin.py:137} INFO - [2023-01-31T10:35:41.860+0000] {dag.py:3441} INFO - Setting next_dagrun for example_task_group_decorator to 2023-01-30T10:35:41.859485+00:00, run_after=2023-01-31T10:35:41.859485+00:00
[2023-01-31T10:35:41.885+0000] {processor.py:175} INFO - Processing /home/airflow/.local/lib/python3.7/site-packages/airflow/example_dags/example_task_group_decorator.py took 0.121 seconds
[2023-01-31T10:36:12.700+0000] {processor.py:153} INFO - Started process (PID=3388) to work on /home/airflow/.local/lib/python3.7/site-packages/airflow/example_dags/example_task_group_decorator.py
[2023-01-31T10:36:12.703+0000] {processor.py:743} INFO - Processing file /home/airflow/.local/lib/python3.7/site-packages/airflow/example_dags/example_task_group_decorator.py for tasks to queue
[2023-01-31T10:36:12.705+0000] {logging_mixin.py:137} INFO - [2023-01-31T10:36:12.705+0000] {dagbag.py:538} INFO - Filling up the DagBag from /home/airflow/.local/lib/python3.7/site-packages/airflow/example_dags/example_task_group_decorator.py
[2023-01-31T10:36:12.729+0000] {processor.py:753} INFO - DAG(s) dict_keys(['example_task_group_decorator']) retrieved from /home/airflow/.local/lib/python3.7/site-packages/airflow/example_dags/example_task_group_decorator.py
[2023-01-31T10:36:12.760+0000] {logging_mixin.py:137} INFO - [2023-01-31T10:36:12.760+0000] {dag.py:2690} INFO - Sync 1 DAGs
[2023-01-31T10:36:12.782+0000] {logging_mixin.py:137} INFO - [2023-01-31T10:36:12.781+0000] {dag.py:3441} INFO - Setting next_dagrun for example_task_group_decorator to 2023-01-30T10:36:12.781699+00:00, run_after=2023-01-31T10:36:12.781699+00:00
[2023-01-31T10:36:12.797+0000] {processor.py:175} INFO - Processing /home/airflow/.local/lib/python3.7/site-packages/airflow/example_dags/example_task_group_decorator.py took 0.102 seconds
[2023-01-31T10:36:43.219+0000] {processor.py:153} INFO - Started process (PID=3471) to work on /home/airflow/.local/lib/python3.7/site-packages/airflow/example_dags/example_task_group_decorator.py
[2023-01-31T10:36:43.221+0000] {processor.py:743} INFO - Processing file /home/airflow/.local/lib/python3.7/site-packages/airflow/example_dags/example_task_group_decorator.py for tasks to queue
[2023-01-31T10:36:43.222+0000] {logging_mixin.py:137} INFO - [2023-01-31T10:36:43.222+0000] {dagbag.py:538} INFO - Filling up the DagBag from /home/airflow/.local/lib/python3.7/site-packages/airflow/example_dags/example_task_group_decorator.py
[2023-01-31T10:36:43.241+0000] {processor.py:753} INFO - DAG(s) dict_keys(['example_task_group_decorator']) retrieved from /home/airflow/.local/lib/python3.7/site-packages/airflow/example_dags/example_task_group_decorator.py
[2023-01-31T10:36:43.267+0000] {logging_mixin.py:137} INFO - [2023-01-31T10:36:43.266+0000] {dag.py:2690} INFO - Sync 1 DAGs
[2023-01-31T10:36:43.292+0000] {logging_mixin.py:137} INFO - [2023-01-31T10:36:43.292+0000] {dag.py:3441} INFO - Setting next_dagrun for example_task_group_decorator to 2023-01-30T10:36:43.292403+00:00, run_after=2023-01-31T10:36:43.292403+00:00
[2023-01-31T10:36:43.310+0000] {processor.py:175} INFO - Processing /home/airflow/.local/lib/python3.7/site-packages/airflow/example_dags/example_task_group_decorator.py took 0.095 seconds
[2023-01-31T10:37:15.834+0000] {processor.py:153} INFO - Started process (PID=3550) to work on /home/airflow/.local/lib/python3.7/site-packages/airflow/example_dags/example_task_group_decorator.py
[2023-01-31T10:37:15.841+0000] {processor.py:743} INFO - Processing file /home/airflow/.local/lib/python3.7/site-packages/airflow/example_dags/example_task_group_decorator.py for tasks to queue
[2023-01-31T10:37:15.854+0000] {logging_mixin.py:137} INFO - [2023-01-31T10:37:15.853+0000] {dagbag.py:538} INFO - Filling up the DagBag from /home/airflow/.local/lib/python3.7/site-packages/airflow/example_dags/example_task_group_decorator.py
[2023-01-31T10:37:15.928+0000] {processor.py:753} INFO - DAG(s) dict_keys(['example_task_group_decorator']) retrieved from /home/airflow/.local/lib/python3.7/site-packages/airflow/example_dags/example_task_group_decorator.py
[2023-01-31T10:37:16.035+0000] {logging_mixin.py:137} INFO - [2023-01-31T10:37:16.035+0000] {dag.py:2690} INFO - Sync 1 DAGs
[2023-01-31T10:37:16.090+0000] {logging_mixin.py:137} INFO - [2023-01-31T10:37:16.090+0000] {dag.py:3441} INFO - Setting next_dagrun for example_task_group_decorator to 2023-01-30T10:37:16.089322+00:00, run_after=2023-01-31T10:37:16.089322+00:00
[2023-01-31T10:37:16.148+0000] {processor.py:175} INFO - Processing /home/airflow/.local/lib/python3.7/site-packages/airflow/example_dags/example_task_group_decorator.py took 0.322 seconds
[2023-01-31T10:37:46.628+0000] {processor.py:153} INFO - Started process (PID=3629) to work on /home/airflow/.local/lib/python3.7/site-packages/airflow/example_dags/example_task_group_decorator.py
[2023-01-31T10:37:46.631+0000] {processor.py:743} INFO - Processing file /home/airflow/.local/lib/python3.7/site-packages/airflow/example_dags/example_task_group_decorator.py for tasks to queue
[2023-01-31T10:37:46.634+0000] {logging_mixin.py:137} INFO - [2023-01-31T10:37:46.634+0000] {dagbag.py:538} INFO - Filling up the DagBag from /home/airflow/.local/lib/python3.7/site-packages/airflow/example_dags/example_task_group_decorator.py
[2023-01-31T10:37:46.660+0000] {processor.py:753} INFO - DAG(s) dict_keys(['example_task_group_decorator']) retrieved from /home/airflow/.local/lib/python3.7/site-packages/airflow/example_dags/example_task_group_decorator.py
[2023-01-31T10:37:46.691+0000] {logging_mixin.py:137} INFO - [2023-01-31T10:37:46.691+0000] {dag.py:2690} INFO - Sync 1 DAGs
[2023-01-31T10:37:46.707+0000] {logging_mixin.py:137} INFO - [2023-01-31T10:37:46.707+0000] {dag.py:3441} INFO - Setting next_dagrun for example_task_group_decorator to 2023-01-30T10:37:46.707574+00:00, run_after=2023-01-31T10:37:46.707574+00:00
[2023-01-31T10:37:46.720+0000] {processor.py:175} INFO - Processing /home/airflow/.local/lib/python3.7/site-packages/airflow/example_dags/example_task_group_decorator.py took 0.095 seconds
[2023-01-31T10:38:20.002+0000] {processor.py:153} INFO - Started process (PID=3725) to work on /home/airflow/.local/lib/python3.7/site-packages/airflow/example_dags/example_task_group_decorator.py
[2023-01-31T10:38:20.043+0000] {processor.py:743} INFO - Processing file /home/airflow/.local/lib/python3.7/site-packages/airflow/example_dags/example_task_group_decorator.py for tasks to queue
[2023-01-31T10:38:20.064+0000] {logging_mixin.py:137} INFO - [2023-01-31T10:38:20.064+0000] {dagbag.py:538} INFO - Filling up the DagBag from /home/airflow/.local/lib/python3.7/site-packages/airflow/example_dags/example_task_group_decorator.py
[2023-01-31T10:38:20.183+0000] {processor.py:753} INFO - DAG(s) dict_keys(['example_task_group_decorator']) retrieved from /home/airflow/.local/lib/python3.7/site-packages/airflow/example_dags/example_task_group_decorator.py
[2023-01-31T10:38:20.241+0000] {logging_mixin.py:137} INFO - [2023-01-31T10:38:20.241+0000] {dag.py:2690} INFO - Sync 1 DAGs
[2023-01-31T10:38:20.272+0000] {logging_mixin.py:137} INFO - [2023-01-31T10:38:20.272+0000] {dag.py:3441} INFO - Setting next_dagrun for example_task_group_decorator to 2023-01-30T10:38:20.272318+00:00, run_after=2023-01-31T10:38:20.272318+00:00
[2023-01-31T10:38:20.301+0000] {processor.py:175} INFO - Processing /home/airflow/.local/lib/python3.7/site-packages/airflow/example_dags/example_task_group_decorator.py took 0.307 seconds
[2023-01-31T10:38:51.022+0000] {processor.py:153} INFO - Started process (PID=3808) to work on /home/airflow/.local/lib/python3.7/site-packages/airflow/example_dags/example_task_group_decorator.py
[2023-01-31T10:38:51.025+0000] {processor.py:743} INFO - Processing file /home/airflow/.local/lib/python3.7/site-packages/airflow/example_dags/example_task_group_decorator.py for tasks to queue
[2023-01-31T10:38:51.030+0000] {logging_mixin.py:137} INFO - [2023-01-31T10:38:51.030+0000] {dagbag.py:538} INFO - Filling up the DagBag from /home/airflow/.local/lib/python3.7/site-packages/airflow/example_dags/example_task_group_decorator.py
[2023-01-31T10:38:51.060+0000] {processor.py:753} INFO - DAG(s) dict_keys(['example_task_group_decorator']) retrieved from /home/airflow/.local/lib/python3.7/site-packages/airflow/example_dags/example_task_group_decorator.py
[2023-01-31T10:38:51.117+0000] {logging_mixin.py:137} INFO - [2023-01-31T10:38:51.117+0000] {dag.py:2690} INFO - Sync 1 DAGs
[2023-01-31T10:38:51.159+0000] {logging_mixin.py:137} INFO - [2023-01-31T10:38:51.159+0000] {dag.py:3441} INFO - Setting next_dagrun for example_task_group_decorator to 2023-01-30T10:38:51.159188+00:00, run_after=2023-01-31T10:38:51.159188+00:00
[2023-01-31T10:38:51.213+0000] {processor.py:175} INFO - Processing /home/airflow/.local/lib/python3.7/site-packages/airflow/example_dags/example_task_group_decorator.py took 0.195 seconds
[2023-01-31T10:39:21.372+0000] {processor.py:153} INFO - Started process (PID=3886) to work on /home/airflow/.local/lib/python3.7/site-packages/airflow/example_dags/example_task_group_decorator.py
[2023-01-31T10:39:21.375+0000] {processor.py:743} INFO - Processing file /home/airflow/.local/lib/python3.7/site-packages/airflow/example_dags/example_task_group_decorator.py for tasks to queue
[2023-01-31T10:39:21.377+0000] {logging_mixin.py:137} INFO - [2023-01-31T10:39:21.377+0000] {dagbag.py:538} INFO - Filling up the DagBag from /home/airflow/.local/lib/python3.7/site-packages/airflow/example_dags/example_task_group_decorator.py
[2023-01-31T10:39:21.477+0000] {processor.py:753} INFO - DAG(s) dict_keys(['example_task_group_decorator']) retrieved from /home/airflow/.local/lib/python3.7/site-packages/airflow/example_dags/example_task_group_decorator.py
[2023-01-31T10:39:21.517+0000] {logging_mixin.py:137} INFO - [2023-01-31T10:39:21.516+0000] {dag.py:2690} INFO - Sync 1 DAGs
[2023-01-31T10:39:21.544+0000] {logging_mixin.py:137} INFO - [2023-01-31T10:39:21.544+0000] {dag.py:3441} INFO - Setting next_dagrun for example_task_group_decorator to 2023-01-30T10:39:21.544560+00:00, run_after=2023-01-31T10:39:21.544560+00:00
[2023-01-31T10:39:21.608+0000] {processor.py:175} INFO - Processing /home/airflow/.local/lib/python3.7/site-packages/airflow/example_dags/example_task_group_decorator.py took 0.243 seconds
[2023-01-31T10:39:52.253+0000] {processor.py:153} INFO - Started process (PID=3965) to work on /home/airflow/.local/lib/python3.7/site-packages/airflow/example_dags/example_task_group_decorator.py
[2023-01-31T10:39:52.255+0000] {processor.py:743} INFO - Processing file /home/airflow/.local/lib/python3.7/site-packages/airflow/example_dags/example_task_group_decorator.py for tasks to queue
[2023-01-31T10:39:52.256+0000] {logging_mixin.py:137} INFO - [2023-01-31T10:39:52.255+0000] {dagbag.py:538} INFO - Filling up the DagBag from /home/airflow/.local/lib/python3.7/site-packages/airflow/example_dags/example_task_group_decorator.py
[2023-01-31T10:39:52.275+0000] {processor.py:753} INFO - DAG(s) dict_keys(['example_task_group_decorator']) retrieved from /home/airflow/.local/lib/python3.7/site-packages/airflow/example_dags/example_task_group_decorator.py
[2023-01-31T10:39:52.299+0000] {logging_mixin.py:137} INFO - [2023-01-31T10:39:52.298+0000] {dag.py:2690} INFO - Sync 1 DAGs
[2023-01-31T10:39:52.317+0000] {logging_mixin.py:137} INFO - [2023-01-31T10:39:52.317+0000] {dag.py:3441} INFO - Setting next_dagrun for example_task_group_decorator to 2023-01-30T10:39:52.317166+00:00, run_after=2023-01-31T10:39:52.317166+00:00
[2023-01-31T10:39:52.346+0000] {processor.py:175} INFO - Processing /home/airflow/.local/lib/python3.7/site-packages/airflow/example_dags/example_task_group_decorator.py took 0.096 seconds
[2023-01-31T10:40:22.864+0000] {processor.py:153} INFO - Started process (PID=4044) to work on /home/airflow/.local/lib/python3.7/site-packages/airflow/example_dags/example_task_group_decorator.py
[2023-01-31T10:40:22.867+0000] {processor.py:743} INFO - Processing file /home/airflow/.local/lib/python3.7/site-packages/airflow/example_dags/example_task_group_decorator.py for tasks to queue
[2023-01-31T10:40:22.869+0000] {logging_mixin.py:137} INFO - [2023-01-31T10:40:22.868+0000] {dagbag.py:538} INFO - Filling up the DagBag from /home/airflow/.local/lib/python3.7/site-packages/airflow/example_dags/example_task_group_decorator.py
[2023-01-31T10:40:22.900+0000] {processor.py:753} INFO - DAG(s) dict_keys(['example_task_group_decorator']) retrieved from /home/airflow/.local/lib/python3.7/site-packages/airflow/example_dags/example_task_group_decorator.py
[2023-01-31T10:40:22.927+0000] {logging_mixin.py:137} INFO - [2023-01-31T10:40:22.927+0000] {dag.py:2690} INFO - Sync 1 DAGs
[2023-01-31T10:40:22.946+0000] {logging_mixin.py:137} INFO - [2023-01-31T10:40:22.945+0000] {dag.py:3441} INFO - Setting next_dagrun for example_task_group_decorator to 2023-01-30T10:40:22.945714+00:00, run_after=2023-01-31T10:40:22.945714+00:00
[2023-01-31T10:40:22.990+0000] {processor.py:175} INFO - Processing /home/airflow/.local/lib/python3.7/site-packages/airflow/example_dags/example_task_group_decorator.py took 0.130 seconds
[2023-01-31T10:40:54.096+0000] {processor.py:153} INFO - Started process (PID=4122) to work on /home/airflow/.local/lib/python3.7/site-packages/airflow/example_dags/example_task_group_decorator.py
[2023-01-31T10:40:54.099+0000] {processor.py:743} INFO - Processing file /home/airflow/.local/lib/python3.7/site-packages/airflow/example_dags/example_task_group_decorator.py for tasks to queue
[2023-01-31T10:40:54.101+0000] {logging_mixin.py:137} INFO - [2023-01-31T10:40:54.101+0000] {dagbag.py:538} INFO - Filling up the DagBag from /home/airflow/.local/lib/python3.7/site-packages/airflow/example_dags/example_task_group_decorator.py
[2023-01-31T10:40:54.147+0000] {processor.py:753} INFO - DAG(s) dict_keys(['example_task_group_decorator']) retrieved from /home/airflow/.local/lib/python3.7/site-packages/airflow/example_dags/example_task_group_decorator.py
[2023-01-31T10:40:54.190+0000] {logging_mixin.py:137} INFO - [2023-01-31T10:40:54.190+0000] {dag.py:2690} INFO - Sync 1 DAGs
[2023-01-31T10:40:54.211+0000] {logging_mixin.py:137} INFO - [2023-01-31T10:40:54.211+0000] {dag.py:3441} INFO - Setting next_dagrun for example_task_group_decorator to 2023-01-30T10:40:54.211111+00:00, run_after=2023-01-31T10:40:54.211111+00:00
[2023-01-31T10:40:54.227+0000] {processor.py:175} INFO - Processing /home/airflow/.local/lib/python3.7/site-packages/airflow/example_dags/example_task_group_decorator.py took 0.136 seconds
[2023-01-31T10:41:26.200+0000] {processor.py:153} INFO - Started process (PID=4201) to work on /home/airflow/.local/lib/python3.7/site-packages/airflow/example_dags/example_task_group_decorator.py
[2023-01-31T10:41:26.205+0000] {processor.py:743} INFO - Processing file /home/airflow/.local/lib/python3.7/site-packages/airflow/example_dags/example_task_group_decorator.py for tasks to queue
[2023-01-31T10:41:26.211+0000] {logging_mixin.py:137} INFO - [2023-01-31T10:41:26.211+0000] {dagbag.py:538} INFO - Filling up the DagBag from /home/airflow/.local/lib/python3.7/site-packages/airflow/example_dags/example_task_group_decorator.py
[2023-01-31T10:41:26.262+0000] {processor.py:753} INFO - DAG(s) dict_keys(['example_task_group_decorator']) retrieved from /home/airflow/.local/lib/python3.7/site-packages/airflow/example_dags/example_task_group_decorator.py
[2023-01-31T10:41:26.326+0000] {logging_mixin.py:137} INFO - [2023-01-31T10:41:26.325+0000] {dag.py:2690} INFO - Sync 1 DAGs
[2023-01-31T10:41:26.373+0000] {logging_mixin.py:137} INFO - [2023-01-31T10:41:26.373+0000] {dag.py:3441} INFO - Setting next_dagrun for example_task_group_decorator to 2023-01-30T10:41:26.373144+00:00, run_after=2023-01-31T10:41:26.373144+00:00
[2023-01-31T10:41:26.418+0000] {processor.py:175} INFO - Processing /home/airflow/.local/lib/python3.7/site-packages/airflow/example_dags/example_task_group_decorator.py took 0.232 seconds
[2023-01-31T10:41:59.472+0000] {processor.py:153} INFO - Started process (PID=4297) to work on /home/airflow/.local/lib/python3.7/site-packages/airflow/example_dags/example_task_group_decorator.py
[2023-01-31T10:41:59.477+0000] {processor.py:743} INFO - Processing file /home/airflow/.local/lib/python3.7/site-packages/airflow/example_dags/example_task_group_decorator.py for tasks to queue
[2023-01-31T10:41:59.481+0000] {logging_mixin.py:137} INFO - [2023-01-31T10:41:59.481+0000] {dagbag.py:538} INFO - Filling up the DagBag from /home/airflow/.local/lib/python3.7/site-packages/airflow/example_dags/example_task_group_decorator.py
[2023-01-31T10:41:59.547+0000] {processor.py:753} INFO - DAG(s) dict_keys(['example_task_group_decorator']) retrieved from /home/airflow/.local/lib/python3.7/site-packages/airflow/example_dags/example_task_group_decorator.py
[2023-01-31T10:41:59.679+0000] {logging_mixin.py:137} INFO - [2023-01-31T10:41:59.679+0000] {dag.py:2690} INFO - Sync 1 DAGs
[2023-01-31T10:41:59.755+0000] {logging_mixin.py:137} INFO - [2023-01-31T10:41:59.755+0000] {dag.py:3441} INFO - Setting next_dagrun for example_task_group_decorator to 2023-01-30T10:41:59.754438+00:00, run_after=2023-01-31T10:41:59.754438+00:00
[2023-01-31T10:41:59.843+0000] {processor.py:175} INFO - Processing /home/airflow/.local/lib/python3.7/site-packages/airflow/example_dags/example_task_group_decorator.py took 0.369 seconds
[2023-01-31T10:42:30.548+0000] {processor.py:153} INFO - Started process (PID=4377) to work on /home/airflow/.local/lib/python3.7/site-packages/airflow/example_dags/example_task_group_decorator.py
[2023-01-31T10:42:30.551+0000] {processor.py:743} INFO - Processing file /home/airflow/.local/lib/python3.7/site-packages/airflow/example_dags/example_task_group_decorator.py for tasks to queue
[2023-01-31T10:42:30.555+0000] {logging_mixin.py:137} INFO - [2023-01-31T10:42:30.555+0000] {dagbag.py:538} INFO - Filling up the DagBag from /home/airflow/.local/lib/python3.7/site-packages/airflow/example_dags/example_task_group_decorator.py
[2023-01-31T10:42:30.921+0000] {processor.py:753} INFO - DAG(s) dict_keys(['example_task_group_decorator']) retrieved from /home/airflow/.local/lib/python3.7/site-packages/airflow/example_dags/example_task_group_decorator.py
[2023-01-31T10:42:31.197+0000] {logging_mixin.py:137} INFO - [2023-01-31T10:42:31.197+0000] {dag.py:2690} INFO - Sync 1 DAGs
[2023-01-31T10:42:31.660+0000] {logging_mixin.py:137} INFO - [2023-01-31T10:42:31.660+0000] {dag.py:3441} INFO - Setting next_dagrun for example_task_group_decorator to 2023-01-30T10:42:31.659403+00:00, run_after=2023-01-31T10:42:31.659403+00:00
[2023-01-31T10:42:32.976+0000] {processor.py:175} INFO - Processing /home/airflow/.local/lib/python3.7/site-packages/airflow/example_dags/example_task_group_decorator.py took 2.510 seconds
[2023-01-31T10:43:03.483+0000] {processor.py:153} INFO - Started process (PID=4461) to work on /home/airflow/.local/lib/python3.7/site-packages/airflow/example_dags/example_task_group_decorator.py
[2023-01-31T10:43:03.487+0000] {processor.py:743} INFO - Processing file /home/airflow/.local/lib/python3.7/site-packages/airflow/example_dags/example_task_group_decorator.py for tasks to queue
[2023-01-31T10:43:03.489+0000] {logging_mixin.py:137} INFO - [2023-01-31T10:43:03.488+0000] {dagbag.py:538} INFO - Filling up the DagBag from /home/airflow/.local/lib/python3.7/site-packages/airflow/example_dags/example_task_group_decorator.py
[2023-01-31T10:43:03.538+0000] {processor.py:753} INFO - DAG(s) dict_keys(['example_task_group_decorator']) retrieved from /home/airflow/.local/lib/python3.7/site-packages/airflow/example_dags/example_task_group_decorator.py
[2023-01-31T10:43:03.590+0000] {logging_mixin.py:137} INFO - [2023-01-31T10:43:03.590+0000] {dag.py:2690} INFO - Sync 1 DAGs
[2023-01-31T10:43:03.623+0000] {logging_mixin.py:137} INFO - [2023-01-31T10:43:03.623+0000] {dag.py:3441} INFO - Setting next_dagrun for example_task_group_decorator to 2023-01-30T10:43:03.622641+00:00, run_after=2023-01-31T10:43:03.622641+00:00
[2023-01-31T10:43:03.646+0000] {processor.py:175} INFO - Processing /home/airflow/.local/lib/python3.7/site-packages/airflow/example_dags/example_task_group_decorator.py took 0.173 seconds
[2023-01-31T10:43:33.940+0000] {processor.py:153} INFO - Started process (PID=4539) to work on /home/airflow/.local/lib/python3.7/site-packages/airflow/example_dags/example_task_group_decorator.py
[2023-01-31T10:43:33.941+0000] {processor.py:743} INFO - Processing file /home/airflow/.local/lib/python3.7/site-packages/airflow/example_dags/example_task_group_decorator.py for tasks to queue
[2023-01-31T10:43:33.942+0000] {logging_mixin.py:137} INFO - [2023-01-31T10:43:33.942+0000] {dagbag.py:538} INFO - Filling up the DagBag from /home/airflow/.local/lib/python3.7/site-packages/airflow/example_dags/example_task_group_decorator.py
[2023-01-31T10:43:33.970+0000] {processor.py:753} INFO - DAG(s) dict_keys(['example_task_group_decorator']) retrieved from /home/airflow/.local/lib/python3.7/site-packages/airflow/example_dags/example_task_group_decorator.py
[2023-01-31T10:43:34.000+0000] {logging_mixin.py:137} INFO - [2023-01-31T10:43:34.000+0000] {dag.py:2690} INFO - Sync 1 DAGs
[2023-01-31T10:43:34.017+0000] {logging_mixin.py:137} INFO - [2023-01-31T10:43:34.017+0000] {dag.py:3441} INFO - Setting next_dagrun for example_task_group_decorator to 2023-01-30T10:43:34.017058+00:00, run_after=2023-01-31T10:43:34.017058+00:00
[2023-01-31T10:43:34.036+0000] {processor.py:175} INFO - Processing /home/airflow/.local/lib/python3.7/site-packages/airflow/example_dags/example_task_group_decorator.py took 0.100 seconds
[2023-01-31T10:44:04.543+0000] {processor.py:153} INFO - Started process (PID=4617) to work on /home/airflow/.local/lib/python3.7/site-packages/airflow/example_dags/example_task_group_decorator.py
[2023-01-31T10:44:04.544+0000] {processor.py:743} INFO - Processing file /home/airflow/.local/lib/python3.7/site-packages/airflow/example_dags/example_task_group_decorator.py for tasks to queue
[2023-01-31T10:44:04.545+0000] {logging_mixin.py:137} INFO - [2023-01-31T10:44:04.545+0000] {dagbag.py:538} INFO - Filling up the DagBag from /home/airflow/.local/lib/python3.7/site-packages/airflow/example_dags/example_task_group_decorator.py
[2023-01-31T10:44:04.565+0000] {processor.py:753} INFO - DAG(s) dict_keys(['example_task_group_decorator']) retrieved from /home/airflow/.local/lib/python3.7/site-packages/airflow/example_dags/example_task_group_decorator.py
[2023-01-31T10:44:04.587+0000] {logging_mixin.py:137} INFO - [2023-01-31T10:44:04.587+0000] {dag.py:2690} INFO - Sync 1 DAGs
[2023-01-31T10:44:04.604+0000] {logging_mixin.py:137} INFO - [2023-01-31T10:44:04.603+0000] {dag.py:3441} INFO - Setting next_dagrun for example_task_group_decorator to 2023-01-30T10:44:04.603704+00:00, run_after=2023-01-31T10:44:04.603704+00:00
[2023-01-31T10:44:04.619+0000] {processor.py:175} INFO - Processing /home/airflow/.local/lib/python3.7/site-packages/airflow/example_dags/example_task_group_decorator.py took 0.079 seconds
