[2023-01-31T10:15:30.992+0000] {processor.py:153} INFO - Started process (PID=73) to work on /home/airflow/.local/lib/python3.7/site-packages/airflow/example_dags/example_branch_python_dop_operator_3.py
[2023-01-31T10:15:30.994+0000] {processor.py:743} INFO - Processing file /home/airflow/.local/lib/python3.7/site-packages/airflow/example_dags/example_branch_python_dop_operator_3.py for tasks to queue
[2023-01-31T10:15:30.997+0000] {logging_mixin.py:137} INFO - [2023-01-31T10:15:30.996+0000] {dagbag.py:538} INFO - Filling up the DagBag from /home/airflow/.local/lib/python3.7/site-packages/airflow/example_dags/example_branch_python_dop_operator_3.py
[2023-01-31T10:15:31.112+0000] {processor.py:753} INFO - DAG(s) dict_keys(['example_branch_dop_operator_v3']) retrieved from /home/airflow/.local/lib/python3.7/site-packages/airflow/example_dags/example_branch_python_dop_operator_3.py
[2023-01-31T10:15:31.183+0000] {logging_mixin.py:137} INFO - [2023-01-31T10:15:31.183+0000] {dag.py:2690} INFO - Sync 1 DAGs
[2023-01-31T10:15:31.236+0000] {logging_mixin.py:137} INFO - [2023-01-31T10:15:31.236+0000] {dag.py:3441} INFO - Setting next_dagrun for example_branch_dop_operator_v3 to 2023-01-31T10:14:00+00:00, run_after=2023-01-31T10:15:00+00:00
[2023-01-31T10:15:31.304+0000] {processor.py:175} INFO - Processing /home/airflow/.local/lib/python3.7/site-packages/airflow/example_dags/example_branch_python_dop_operator_3.py took 0.317 seconds
[2023-01-31T10:16:02.343+0000] {processor.py:153} INFO - Started process (PID=156) to work on /home/airflow/.local/lib/python3.7/site-packages/airflow/example_dags/example_branch_python_dop_operator_3.py
[2023-01-31T10:16:02.359+0000] {processor.py:743} INFO - Processing file /home/airflow/.local/lib/python3.7/site-packages/airflow/example_dags/example_branch_python_dop_operator_3.py for tasks to queue
[2023-01-31T10:16:02.365+0000] {logging_mixin.py:137} INFO - [2023-01-31T10:16:02.365+0000] {dagbag.py:538} INFO - Filling up the DagBag from /home/airflow/.local/lib/python3.7/site-packages/airflow/example_dags/example_branch_python_dop_operator_3.py
[2023-01-31T10:16:02.439+0000] {processor.py:753} INFO - DAG(s) dict_keys(['example_branch_dop_operator_v3']) retrieved from /home/airflow/.local/lib/python3.7/site-packages/airflow/example_dags/example_branch_python_dop_operator_3.py
[2023-01-31T10:16:02.507+0000] {logging_mixin.py:137} INFO - [2023-01-31T10:16:02.507+0000] {dag.py:2690} INFO - Sync 1 DAGs
[2023-01-31T10:16:02.545+0000] {logging_mixin.py:137} INFO - [2023-01-31T10:16:02.545+0000] {dag.py:3441} INFO - Setting next_dagrun for example_branch_dop_operator_v3 to 2023-01-31T10:15:00+00:00, run_after=2023-01-31T10:16:00+00:00
[2023-01-31T10:16:02.601+0000] {processor.py:175} INFO - Processing /home/airflow/.local/lib/python3.7/site-packages/airflow/example_dags/example_branch_python_dop_operator_3.py took 0.278 seconds
[2023-01-31T10:16:33.517+0000] {processor.py:153} INFO - Started process (PID=251) to work on /home/airflow/.local/lib/python3.7/site-packages/airflow/example_dags/example_branch_python_dop_operator_3.py
[2023-01-31T10:16:33.531+0000] {processor.py:743} INFO - Processing file /home/airflow/.local/lib/python3.7/site-packages/airflow/example_dags/example_branch_python_dop_operator_3.py for tasks to queue
[2023-01-31T10:16:33.535+0000] {logging_mixin.py:137} INFO - [2023-01-31T10:16:33.535+0000] {dagbag.py:538} INFO - Filling up the DagBag from /home/airflow/.local/lib/python3.7/site-packages/airflow/example_dags/example_branch_python_dop_operator_3.py
[2023-01-31T10:16:33.595+0000] {processor.py:753} INFO - DAG(s) dict_keys(['example_branch_dop_operator_v3']) retrieved from /home/airflow/.local/lib/python3.7/site-packages/airflow/example_dags/example_branch_python_dop_operator_3.py
[2023-01-31T10:16:33.694+0000] {logging_mixin.py:137} INFO - [2023-01-31T10:16:33.694+0000] {dag.py:2690} INFO - Sync 1 DAGs
[2023-01-31T10:16:33.735+0000] {logging_mixin.py:137} INFO - [2023-01-31T10:16:33.735+0000] {dag.py:3441} INFO - Setting next_dagrun for example_branch_dop_operator_v3 to 2023-01-31T10:15:00+00:00, run_after=2023-01-31T10:16:00+00:00
[2023-01-31T10:16:33.753+0000] {processor.py:175} INFO - Processing /home/airflow/.local/lib/python3.7/site-packages/airflow/example_dags/example_branch_python_dop_operator_3.py took 0.248 seconds
[2023-01-31T10:17:04.251+0000] {processor.py:153} INFO - Started process (PID=323) to work on /home/airflow/.local/lib/python3.7/site-packages/airflow/example_dags/example_branch_python_dop_operator_3.py
[2023-01-31T10:17:04.255+0000] {processor.py:743} INFO - Processing file /home/airflow/.local/lib/python3.7/site-packages/airflow/example_dags/example_branch_python_dop_operator_3.py for tasks to queue
[2023-01-31T10:17:04.259+0000] {logging_mixin.py:137} INFO - [2023-01-31T10:17:04.259+0000] {dagbag.py:538} INFO - Filling up the DagBag from /home/airflow/.local/lib/python3.7/site-packages/airflow/example_dags/example_branch_python_dop_operator_3.py
[2023-01-31T10:17:04.349+0000] {processor.py:753} INFO - DAG(s) dict_keys(['example_branch_dop_operator_v3']) retrieved from /home/airflow/.local/lib/python3.7/site-packages/airflow/example_dags/example_branch_python_dop_operator_3.py
[2023-01-31T10:17:04.504+0000] {logging_mixin.py:137} INFO - [2023-01-31T10:17:04.504+0000] {dag.py:2690} INFO - Sync 1 DAGs
[2023-01-31T10:17:04.610+0000] {logging_mixin.py:137} INFO - [2023-01-31T10:17:04.610+0000] {dag.py:3441} INFO - Setting next_dagrun for example_branch_dop_operator_v3 to 2023-01-31T10:16:00+00:00, run_after=2023-01-31T10:17:00+00:00
[2023-01-31T10:17:04.684+0000] {processor.py:175} INFO - Processing /home/airflow/.local/lib/python3.7/site-packages/airflow/example_dags/example_branch_python_dop_operator_3.py took 0.444 seconds
[2023-01-31T10:17:34.895+0000] {processor.py:153} INFO - Started process (PID=408) to work on /home/airflow/.local/lib/python3.7/site-packages/airflow/example_dags/example_branch_python_dop_operator_3.py
[2023-01-31T10:17:34.941+0000] {processor.py:743} INFO - Processing file /home/airflow/.local/lib/python3.7/site-packages/airflow/example_dags/example_branch_python_dop_operator_3.py for tasks to queue
[2023-01-31T10:17:34.965+0000] {logging_mixin.py:137} INFO - [2023-01-31T10:17:34.965+0000] {dagbag.py:538} INFO - Filling up the DagBag from /home/airflow/.local/lib/python3.7/site-packages/airflow/example_dags/example_branch_python_dop_operator_3.py
[2023-01-31T10:17:35.321+0000] {processor.py:753} INFO - DAG(s) dict_keys(['example_branch_dop_operator_v3']) retrieved from /home/airflow/.local/lib/python3.7/site-packages/airflow/example_dags/example_branch_python_dop_operator_3.py
[2023-01-31T10:17:35.495+0000] {logging_mixin.py:137} INFO - [2023-01-31T10:17:35.495+0000] {dag.py:2690} INFO - Sync 1 DAGs
[2023-01-31T10:17:35.552+0000] {logging_mixin.py:137} INFO - [2023-01-31T10:17:35.552+0000] {dag.py:3441} INFO - Setting next_dagrun for example_branch_dop_operator_v3 to 2023-01-31T10:16:00+00:00, run_after=2023-01-31T10:17:00+00:00
[2023-01-31T10:17:35.624+0000] {processor.py:175} INFO - Processing /home/airflow/.local/lib/python3.7/site-packages/airflow/example_dags/example_branch_python_dop_operator_3.py took 0.738 seconds
[2023-01-31T10:18:05.726+0000] {processor.py:153} INFO - Started process (PID=487) to work on /home/airflow/.local/lib/python3.7/site-packages/airflow/example_dags/example_branch_python_dop_operator_3.py
[2023-01-31T10:18:05.729+0000] {processor.py:743} INFO - Processing file /home/airflow/.local/lib/python3.7/site-packages/airflow/example_dags/example_branch_python_dop_operator_3.py for tasks to queue
[2023-01-31T10:18:05.731+0000] {logging_mixin.py:137} INFO - [2023-01-31T10:18:05.731+0000] {dagbag.py:538} INFO - Filling up the DagBag from /home/airflow/.local/lib/python3.7/site-packages/airflow/example_dags/example_branch_python_dop_operator_3.py
[2023-01-31T10:18:05.804+0000] {processor.py:753} INFO - DAG(s) dict_keys(['example_branch_dop_operator_v3']) retrieved from /home/airflow/.local/lib/python3.7/site-packages/airflow/example_dags/example_branch_python_dop_operator_3.py
[2023-01-31T10:18:05.869+0000] {logging_mixin.py:137} INFO - [2023-01-31T10:18:05.869+0000] {dag.py:2690} INFO - Sync 1 DAGs
[2023-01-31T10:18:05.911+0000] {logging_mixin.py:137} INFO - [2023-01-31T10:18:05.911+0000] {dag.py:3441} INFO - Setting next_dagrun for example_branch_dop_operator_v3 to 2023-01-31T10:17:00+00:00, run_after=2023-01-31T10:18:00+00:00
[2023-01-31T10:18:05.944+0000] {processor.py:175} INFO - Processing /home/airflow/.local/lib/python3.7/site-packages/airflow/example_dags/example_branch_python_dop_operator_3.py took 0.224 seconds
[2023-01-31T10:18:42.275+0000] {processor.py:153} INFO - Started process (PID=566) to work on /home/airflow/.local/lib/python3.7/site-packages/airflow/example_dags/example_branch_python_dop_operator_3.py
[2023-01-31T10:18:42.281+0000] {processor.py:743} INFO - Processing file /home/airflow/.local/lib/python3.7/site-packages/airflow/example_dags/example_branch_python_dop_operator_3.py for tasks to queue
[2023-01-31T10:18:42.283+0000] {logging_mixin.py:137} INFO - [2023-01-31T10:18:42.283+0000] {dagbag.py:538} INFO - Filling up the DagBag from /home/airflow/.local/lib/python3.7/site-packages/airflow/example_dags/example_branch_python_dop_operator_3.py
[2023-01-31T10:18:42.335+0000] {processor.py:753} INFO - DAG(s) dict_keys(['example_branch_dop_operator_v3']) retrieved from /home/airflow/.local/lib/python3.7/site-packages/airflow/example_dags/example_branch_python_dop_operator_3.py
[2023-01-31T10:18:42.398+0000] {logging_mixin.py:137} INFO - [2023-01-31T10:18:42.398+0000] {dag.py:2690} INFO - Sync 1 DAGs
[2023-01-31T10:18:42.434+0000] {logging_mixin.py:137} INFO - [2023-01-31T10:18:42.434+0000] {dag.py:3441} INFO - Setting next_dagrun for example_branch_dop_operator_v3 to 2023-01-31T10:17:00+00:00, run_after=2023-01-31T10:18:00+00:00
[2023-01-31T10:18:42.468+0000] {processor.py:175} INFO - Processing /home/airflow/.local/lib/python3.7/site-packages/airflow/example_dags/example_branch_python_dop_operator_3.py took 0.198 seconds
[2023-01-31T10:19:12.647+0000] {processor.py:153} INFO - Started process (PID=649) to work on /home/airflow/.local/lib/python3.7/site-packages/airflow/example_dags/example_branch_python_dop_operator_3.py
[2023-01-31T10:19:12.650+0000] {processor.py:743} INFO - Processing file /home/airflow/.local/lib/python3.7/site-packages/airflow/example_dags/example_branch_python_dop_operator_3.py for tasks to queue
[2023-01-31T10:19:12.653+0000] {logging_mixin.py:137} INFO - [2023-01-31T10:19:12.653+0000] {dagbag.py:538} INFO - Filling up the DagBag from /home/airflow/.local/lib/python3.7/site-packages/airflow/example_dags/example_branch_python_dop_operator_3.py
[2023-01-31T10:19:12.682+0000] {processor.py:753} INFO - DAG(s) dict_keys(['example_branch_dop_operator_v3']) retrieved from /home/airflow/.local/lib/python3.7/site-packages/airflow/example_dags/example_branch_python_dop_operator_3.py
[2023-01-31T10:19:12.709+0000] {logging_mixin.py:137} INFO - [2023-01-31T10:19:12.709+0000] {dag.py:2690} INFO - Sync 1 DAGs
[2023-01-31T10:19:12.743+0000] {logging_mixin.py:137} INFO - [2023-01-31T10:19:12.742+0000] {dag.py:3441} INFO - Setting next_dagrun for example_branch_dop_operator_v3 to 2023-01-31T10:18:00+00:00, run_after=2023-01-31T10:19:00+00:00
[2023-01-31T10:19:12.762+0000] {processor.py:175} INFO - Processing /home/airflow/.local/lib/python3.7/site-packages/airflow/example_dags/example_branch_python_dop_operator_3.py took 0.119 seconds
[2023-01-31T10:19:43.257+0000] {processor.py:153} INFO - Started process (PID=726) to work on /home/airflow/.local/lib/python3.7/site-packages/airflow/example_dags/example_branch_python_dop_operator_3.py
[2023-01-31T10:19:43.258+0000] {processor.py:743} INFO - Processing file /home/airflow/.local/lib/python3.7/site-packages/airflow/example_dags/example_branch_python_dop_operator_3.py for tasks to queue
[2023-01-31T10:19:43.259+0000] {logging_mixin.py:137} INFO - [2023-01-31T10:19:43.259+0000] {dagbag.py:538} INFO - Filling up the DagBag from /home/airflow/.local/lib/python3.7/site-packages/airflow/example_dags/example_branch_python_dop_operator_3.py
[2023-01-31T10:19:43.276+0000] {processor.py:753} INFO - DAG(s) dict_keys(['example_branch_dop_operator_v3']) retrieved from /home/airflow/.local/lib/python3.7/site-packages/airflow/example_dags/example_branch_python_dop_operator_3.py
[2023-01-31T10:19:43.313+0000] {logging_mixin.py:137} INFO - [2023-01-31T10:19:43.313+0000] {dag.py:2690} INFO - Sync 1 DAGs
[2023-01-31T10:19:43.337+0000] {logging_mixin.py:137} INFO - [2023-01-31T10:19:43.337+0000] {dag.py:3441} INFO - Setting next_dagrun for example_branch_dop_operator_v3 to 2023-01-31T10:18:00+00:00, run_after=2023-01-31T10:19:00+00:00
[2023-01-31T10:19:43.353+0000] {processor.py:175} INFO - Processing /home/airflow/.local/lib/python3.7/site-packages/airflow/example_dags/example_branch_python_dop_operator_3.py took 0.100 seconds
[2023-01-31T10:20:14.886+0000] {processor.py:153} INFO - Started process (PID=826) to work on /home/airflow/.local/lib/python3.7/site-packages/airflow/example_dags/example_branch_python_dop_operator_3.py
[2023-01-31T10:20:14.889+0000] {processor.py:743} INFO - Processing file /home/airflow/.local/lib/python3.7/site-packages/airflow/example_dags/example_branch_python_dop_operator_3.py for tasks to queue
[2023-01-31T10:20:14.890+0000] {logging_mixin.py:137} INFO - [2023-01-31T10:20:14.890+0000] {dagbag.py:538} INFO - Filling up the DagBag from /home/airflow/.local/lib/python3.7/site-packages/airflow/example_dags/example_branch_python_dop_operator_3.py
[2023-01-31T10:20:14.931+0000] {processor.py:753} INFO - DAG(s) dict_keys(['example_branch_dop_operator_v3']) retrieved from /home/airflow/.local/lib/python3.7/site-packages/airflow/example_dags/example_branch_python_dop_operator_3.py
[2023-01-31T10:20:14.988+0000] {logging_mixin.py:137} INFO - [2023-01-31T10:20:14.987+0000] {dag.py:2690} INFO - Sync 1 DAGs
[2023-01-31T10:20:15.034+0000] {logging_mixin.py:137} INFO - [2023-01-31T10:20:15.034+0000] {dag.py:3441} INFO - Setting next_dagrun for example_branch_dop_operator_v3 to 2023-01-31T10:19:00+00:00, run_after=2023-01-31T10:20:00+00:00
[2023-01-31T10:20:15.097+0000] {processor.py:175} INFO - Processing /home/airflow/.local/lib/python3.7/site-packages/airflow/example_dags/example_branch_python_dop_operator_3.py took 0.215 seconds
[2023-01-31T10:20:45.260+0000] {processor.py:153} INFO - Started process (PID=906) to work on /home/airflow/.local/lib/python3.7/site-packages/airflow/example_dags/example_branch_python_dop_operator_3.py
[2023-01-31T10:20:45.262+0000] {processor.py:743} INFO - Processing file /home/airflow/.local/lib/python3.7/site-packages/airflow/example_dags/example_branch_python_dop_operator_3.py for tasks to queue
[2023-01-31T10:20:45.264+0000] {logging_mixin.py:137} INFO - [2023-01-31T10:20:45.264+0000] {dagbag.py:538} INFO - Filling up the DagBag from /home/airflow/.local/lib/python3.7/site-packages/airflow/example_dags/example_branch_python_dop_operator_3.py
[2023-01-31T10:20:45.291+0000] {processor.py:753} INFO - DAG(s) dict_keys(['example_branch_dop_operator_v3']) retrieved from /home/airflow/.local/lib/python3.7/site-packages/airflow/example_dags/example_branch_python_dop_operator_3.py
[2023-01-31T10:20:45.328+0000] {logging_mixin.py:137} INFO - [2023-01-31T10:20:45.327+0000] {dag.py:2690} INFO - Sync 1 DAGs
[2023-01-31T10:20:45.352+0000] {logging_mixin.py:137} INFO - [2023-01-31T10:20:45.352+0000] {dag.py:3441} INFO - Setting next_dagrun for example_branch_dop_operator_v3 to 2023-01-31T10:19:00+00:00, run_after=2023-01-31T10:20:00+00:00
[2023-01-31T10:20:45.373+0000] {processor.py:175} INFO - Processing /home/airflow/.local/lib/python3.7/site-packages/airflow/example_dags/example_branch_python_dop_operator_3.py took 0.122 seconds
[2023-01-31T10:21:16.736+0000] {processor.py:153} INFO - Started process (PID=984) to work on /home/airflow/.local/lib/python3.7/site-packages/airflow/example_dags/example_branch_python_dop_operator_3.py
[2023-01-31T10:21:16.739+0000] {processor.py:743} INFO - Processing file /home/airflow/.local/lib/python3.7/site-packages/airflow/example_dags/example_branch_python_dop_operator_3.py for tasks to queue
[2023-01-31T10:21:16.742+0000] {logging_mixin.py:137} INFO - [2023-01-31T10:21:16.741+0000] {dagbag.py:538} INFO - Filling up the DagBag from /home/airflow/.local/lib/python3.7/site-packages/airflow/example_dags/example_branch_python_dop_operator_3.py
[2023-01-31T10:21:16.776+0000] {processor.py:753} INFO - DAG(s) dict_keys(['example_branch_dop_operator_v3']) retrieved from /home/airflow/.local/lib/python3.7/site-packages/airflow/example_dags/example_branch_python_dop_operator_3.py
[2023-01-31T10:21:16.863+0000] {logging_mixin.py:137} INFO - [2023-01-31T10:21:16.862+0000] {dag.py:2690} INFO - Sync 1 DAGs
[2023-01-31T10:21:16.901+0000] {logging_mixin.py:137} INFO - [2023-01-31T10:21:16.901+0000] {dag.py:3441} INFO - Setting next_dagrun for example_branch_dop_operator_v3 to 2023-01-31T10:20:00+00:00, run_after=2023-01-31T10:21:00+00:00
[2023-01-31T10:21:16.925+0000] {processor.py:175} INFO - Processing /home/airflow/.local/lib/python3.7/site-packages/airflow/example_dags/example_branch_python_dop_operator_3.py took 0.194 seconds
[2023-01-31T10:21:47.480+0000] {processor.py:153} INFO - Started process (PID=1062) to work on /home/airflow/.local/lib/python3.7/site-packages/airflow/example_dags/example_branch_python_dop_operator_3.py
[2023-01-31T10:21:47.483+0000] {processor.py:743} INFO - Processing file /home/airflow/.local/lib/python3.7/site-packages/airflow/example_dags/example_branch_python_dop_operator_3.py for tasks to queue
[2023-01-31T10:21:47.485+0000] {logging_mixin.py:137} INFO - [2023-01-31T10:21:47.485+0000] {dagbag.py:538} INFO - Filling up the DagBag from /home/airflow/.local/lib/python3.7/site-packages/airflow/example_dags/example_branch_python_dop_operator_3.py
[2023-01-31T10:21:47.507+0000] {processor.py:753} INFO - DAG(s) dict_keys(['example_branch_dop_operator_v3']) retrieved from /home/airflow/.local/lib/python3.7/site-packages/airflow/example_dags/example_branch_python_dop_operator_3.py
[2023-01-31T10:21:47.546+0000] {logging_mixin.py:137} INFO - [2023-01-31T10:21:47.546+0000] {dag.py:2690} INFO - Sync 1 DAGs
[2023-01-31T10:21:47.570+0000] {logging_mixin.py:137} INFO - [2023-01-31T10:21:47.569+0000] {dag.py:3441} INFO - Setting next_dagrun for example_branch_dop_operator_v3 to 2023-01-31T10:20:00+00:00, run_after=2023-01-31T10:21:00+00:00
[2023-01-31T10:21:47.604+0000] {processor.py:175} INFO - Processing /home/airflow/.local/lib/python3.7/site-packages/airflow/example_dags/example_branch_python_dop_operator_3.py took 0.127 seconds
[2023-01-31T10:22:18.038+0000] {processor.py:153} INFO - Started process (PID=1141) to work on /home/airflow/.local/lib/python3.7/site-packages/airflow/example_dags/example_branch_python_dop_operator_3.py
[2023-01-31T10:22:18.039+0000] {processor.py:743} INFO - Processing file /home/airflow/.local/lib/python3.7/site-packages/airflow/example_dags/example_branch_python_dop_operator_3.py for tasks to queue
[2023-01-31T10:22:18.041+0000] {logging_mixin.py:137} INFO - [2023-01-31T10:22:18.041+0000] {dagbag.py:538} INFO - Filling up the DagBag from /home/airflow/.local/lib/python3.7/site-packages/airflow/example_dags/example_branch_python_dop_operator_3.py
[2023-01-31T10:22:18.058+0000] {processor.py:753} INFO - DAG(s) dict_keys(['example_branch_dop_operator_v3']) retrieved from /home/airflow/.local/lib/python3.7/site-packages/airflow/example_dags/example_branch_python_dop_operator_3.py
[2023-01-31T10:22:18.083+0000] {logging_mixin.py:137} INFO - [2023-01-31T10:22:18.083+0000] {dag.py:2690} INFO - Sync 1 DAGs
[2023-01-31T10:22:18.104+0000] {logging_mixin.py:137} INFO - [2023-01-31T10:22:18.104+0000] {dag.py:3441} INFO - Setting next_dagrun for example_branch_dop_operator_v3 to 2023-01-31T10:21:00+00:00, run_after=2023-01-31T10:22:00+00:00
[2023-01-31T10:22:18.123+0000] {processor.py:175} INFO - Processing /home/airflow/.local/lib/python3.7/site-packages/airflow/example_dags/example_branch_python_dop_operator_3.py took 0.088 seconds
[2023-01-31T10:22:49.734+0000] {processor.py:153} INFO - Started process (PID=1228) to work on /home/airflow/.local/lib/python3.7/site-packages/airflow/example_dags/example_branch_python_dop_operator_3.py
[2023-01-31T10:22:49.749+0000] {processor.py:743} INFO - Processing file /home/airflow/.local/lib/python3.7/site-packages/airflow/example_dags/example_branch_python_dop_operator_3.py for tasks to queue
[2023-01-31T10:22:49.751+0000] {logging_mixin.py:137} INFO - [2023-01-31T10:22:49.751+0000] {dagbag.py:538} INFO - Filling up the DagBag from /home/airflow/.local/lib/python3.7/site-packages/airflow/example_dags/example_branch_python_dop_operator_3.py
[2023-01-31T10:22:49.780+0000] {processor.py:753} INFO - DAG(s) dict_keys(['example_branch_dop_operator_v3']) retrieved from /home/airflow/.local/lib/python3.7/site-packages/airflow/example_dags/example_branch_python_dop_operator_3.py
[2023-01-31T10:22:49.882+0000] {logging_mixin.py:137} INFO - [2023-01-31T10:22:49.882+0000] {dag.py:2690} INFO - Sync 1 DAGs
[2023-01-31T10:22:49.956+0000] {logging_mixin.py:137} INFO - [2023-01-31T10:22:49.956+0000] {dag.py:3441} INFO - Setting next_dagrun for example_branch_dop_operator_v3 to 2023-01-31T10:21:00+00:00, run_after=2023-01-31T10:22:00+00:00
[2023-01-31T10:22:50.058+0000] {processor.py:175} INFO - Processing /home/airflow/.local/lib/python3.7/site-packages/airflow/example_dags/example_branch_python_dop_operator_3.py took 0.329 seconds
[2023-01-31T10:23:20.415+0000] {processor.py:153} INFO - Started process (PID=1313) to work on /home/airflow/.local/lib/python3.7/site-packages/airflow/example_dags/example_branch_python_dop_operator_3.py
[2023-01-31T10:23:20.416+0000] {processor.py:743} INFO - Processing file /home/airflow/.local/lib/python3.7/site-packages/airflow/example_dags/example_branch_python_dop_operator_3.py for tasks to queue
[2023-01-31T10:23:20.417+0000] {logging_mixin.py:137} INFO - [2023-01-31T10:23:20.417+0000] {dagbag.py:538} INFO - Filling up the DagBag from /home/airflow/.local/lib/python3.7/site-packages/airflow/example_dags/example_branch_python_dop_operator_3.py
[2023-01-31T10:23:20.434+0000] {processor.py:753} INFO - DAG(s) dict_keys(['example_branch_dop_operator_v3']) retrieved from /home/airflow/.local/lib/python3.7/site-packages/airflow/example_dags/example_branch_python_dop_operator_3.py
[2023-01-31T10:23:20.459+0000] {logging_mixin.py:137} INFO - [2023-01-31T10:23:20.459+0000] {dag.py:2690} INFO - Sync 1 DAGs
[2023-01-31T10:23:20.493+0000] {logging_mixin.py:137} INFO - [2023-01-31T10:23:20.493+0000] {dag.py:3441} INFO - Setting next_dagrun for example_branch_dop_operator_v3 to 2023-01-31T10:22:00+00:00, run_after=2023-01-31T10:23:00+00:00
[2023-01-31T10:23:20.518+0000] {processor.py:175} INFO - Processing /home/airflow/.local/lib/python3.7/site-packages/airflow/example_dags/example_branch_python_dop_operator_3.py took 0.105 seconds
[2023-01-31T10:23:51.042+0000] {processor.py:153} INFO - Started process (PID=1392) to work on /home/airflow/.local/lib/python3.7/site-packages/airflow/example_dags/example_branch_python_dop_operator_3.py
[2023-01-31T10:23:51.050+0000] {processor.py:743} INFO - Processing file /home/airflow/.local/lib/python3.7/site-packages/airflow/example_dags/example_branch_python_dop_operator_3.py for tasks to queue
[2023-01-31T10:23:51.052+0000] {logging_mixin.py:137} INFO - [2023-01-31T10:23:51.052+0000] {dagbag.py:538} INFO - Filling up the DagBag from /home/airflow/.local/lib/python3.7/site-packages/airflow/example_dags/example_branch_python_dop_operator_3.py
[2023-01-31T10:23:51.083+0000] {processor.py:753} INFO - DAG(s) dict_keys(['example_branch_dop_operator_v3']) retrieved from /home/airflow/.local/lib/python3.7/site-packages/airflow/example_dags/example_branch_python_dop_operator_3.py
[2023-01-31T10:23:51.210+0000] {logging_mixin.py:137} INFO - [2023-01-31T10:23:51.209+0000] {dag.py:2690} INFO - Sync 1 DAGs
[2023-01-31T10:23:51.263+0000] {logging_mixin.py:137} INFO - [2023-01-31T10:23:51.263+0000] {dag.py:3441} INFO - Setting next_dagrun for example_branch_dop_operator_v3 to 2023-01-31T10:22:00+00:00, run_after=2023-01-31T10:23:00+00:00
[2023-01-31T10:23:51.300+0000] {processor.py:175} INFO - Processing /home/airflow/.local/lib/python3.7/site-packages/airflow/example_dags/example_branch_python_dop_operator_3.py took 0.262 seconds
[2023-01-31T10:24:22.092+0000] {processor.py:153} INFO - Started process (PID=1470) to work on /home/airflow/.local/lib/python3.7/site-packages/airflow/example_dags/example_branch_python_dop_operator_3.py
[2023-01-31T10:24:22.096+0000] {processor.py:743} INFO - Processing file /home/airflow/.local/lib/python3.7/site-packages/airflow/example_dags/example_branch_python_dop_operator_3.py for tasks to queue
[2023-01-31T10:24:22.097+0000] {logging_mixin.py:137} INFO - [2023-01-31T10:24:22.097+0000] {dagbag.py:538} INFO - Filling up the DagBag from /home/airflow/.local/lib/python3.7/site-packages/airflow/example_dags/example_branch_python_dop_operator_3.py
[2023-01-31T10:24:22.123+0000] {processor.py:753} INFO - DAG(s) dict_keys(['example_branch_dop_operator_v3']) retrieved from /home/airflow/.local/lib/python3.7/site-packages/airflow/example_dags/example_branch_python_dop_operator_3.py
[2023-01-31T10:24:22.160+0000] {logging_mixin.py:137} INFO - [2023-01-31T10:24:22.160+0000] {dag.py:2690} INFO - Sync 1 DAGs
[2023-01-31T10:24:22.196+0000] {logging_mixin.py:137} INFO - [2023-01-31T10:24:22.196+0000] {dag.py:3441} INFO - Setting next_dagrun for example_branch_dop_operator_v3 to 2023-01-31T10:23:00+00:00, run_after=2023-01-31T10:24:00+00:00
[2023-01-31T10:24:22.222+0000] {processor.py:175} INFO - Processing /home/airflow/.local/lib/python3.7/site-packages/airflow/example_dags/example_branch_python_dop_operator_3.py took 0.133 seconds
[2023-01-31T10:24:53.007+0000] {processor.py:153} INFO - Started process (PID=1552) to work on /home/airflow/.local/lib/python3.7/site-packages/airflow/example_dags/example_branch_python_dop_operator_3.py
[2023-01-31T10:24:53.008+0000] {processor.py:743} INFO - Processing file /home/airflow/.local/lib/python3.7/site-packages/airflow/example_dags/example_branch_python_dop_operator_3.py for tasks to queue
[2023-01-31T10:24:53.009+0000] {logging_mixin.py:137} INFO - [2023-01-31T10:24:53.009+0000] {dagbag.py:538} INFO - Filling up the DagBag from /home/airflow/.local/lib/python3.7/site-packages/airflow/example_dags/example_branch_python_dop_operator_3.py
[2023-01-31T10:24:53.027+0000] {processor.py:753} INFO - DAG(s) dict_keys(['example_branch_dop_operator_v3']) retrieved from /home/airflow/.local/lib/python3.7/site-packages/airflow/example_dags/example_branch_python_dop_operator_3.py
[2023-01-31T10:24:53.052+0000] {logging_mixin.py:137} INFO - [2023-01-31T10:24:53.052+0000] {dag.py:2690} INFO - Sync 1 DAGs
[2023-01-31T10:24:53.074+0000] {logging_mixin.py:137} INFO - [2023-01-31T10:24:53.074+0000] {dag.py:3441} INFO - Setting next_dagrun for example_branch_dop_operator_v3 to 2023-01-31T10:23:00+00:00, run_after=2023-01-31T10:24:00+00:00
[2023-01-31T10:24:53.089+0000] {processor.py:175} INFO - Processing /home/airflow/.local/lib/python3.7/site-packages/airflow/example_dags/example_branch_python_dop_operator_3.py took 0.085 seconds
[2023-01-31T10:25:23.776+0000] {processor.py:153} INFO - Started process (PID=1631) to work on /home/airflow/.local/lib/python3.7/site-packages/airflow/example_dags/example_branch_python_dop_operator_3.py
[2023-01-31T10:25:23.778+0000] {processor.py:743} INFO - Processing file /home/airflow/.local/lib/python3.7/site-packages/airflow/example_dags/example_branch_python_dop_operator_3.py for tasks to queue
[2023-01-31T10:25:23.780+0000] {logging_mixin.py:137} INFO - [2023-01-31T10:25:23.780+0000] {dagbag.py:538} INFO - Filling up the DagBag from /home/airflow/.local/lib/python3.7/site-packages/airflow/example_dags/example_branch_python_dop_operator_3.py
[2023-01-31T10:25:23.812+0000] {processor.py:753} INFO - DAG(s) dict_keys(['example_branch_dop_operator_v3']) retrieved from /home/airflow/.local/lib/python3.7/site-packages/airflow/example_dags/example_branch_python_dop_operator_3.py
[2023-01-31T10:25:23.868+0000] {logging_mixin.py:137} INFO - [2023-01-31T10:25:23.868+0000] {dag.py:2690} INFO - Sync 1 DAGs
[2023-01-31T10:25:23.903+0000] {logging_mixin.py:137} INFO - [2023-01-31T10:25:23.903+0000] {dag.py:3441} INFO - Setting next_dagrun for example_branch_dop_operator_v3 to 2023-01-31T10:24:00+00:00, run_after=2023-01-31T10:25:00+00:00
[2023-01-31T10:25:23.932+0000] {processor.py:175} INFO - Processing /home/airflow/.local/lib/python3.7/site-packages/airflow/example_dags/example_branch_python_dop_operator_3.py took 0.160 seconds
[2023-01-31T10:25:54.312+0000] {processor.py:153} INFO - Started process (PID=1718) to work on /home/airflow/.local/lib/python3.7/site-packages/airflow/example_dags/example_branch_python_dop_operator_3.py
[2023-01-31T10:25:54.314+0000] {processor.py:743} INFO - Processing file /home/airflow/.local/lib/python3.7/site-packages/airflow/example_dags/example_branch_python_dop_operator_3.py for tasks to queue
[2023-01-31T10:25:54.315+0000] {logging_mixin.py:137} INFO - [2023-01-31T10:25:54.315+0000] {dagbag.py:538} INFO - Filling up the DagBag from /home/airflow/.local/lib/python3.7/site-packages/airflow/example_dags/example_branch_python_dop_operator_3.py
[2023-01-31T10:25:54.416+0000] {processor.py:753} INFO - DAG(s) dict_keys(['example_branch_dop_operator_v3']) retrieved from /home/airflow/.local/lib/python3.7/site-packages/airflow/example_dags/example_branch_python_dop_operator_3.py
[2023-01-31T10:25:54.482+0000] {logging_mixin.py:137} INFO - [2023-01-31T10:25:54.482+0000] {dag.py:2690} INFO - Sync 1 DAGs
[2023-01-31T10:25:54.528+0000] {logging_mixin.py:137} INFO - [2023-01-31T10:25:54.528+0000] {dag.py:3441} INFO - Setting next_dagrun for example_branch_dop_operator_v3 to 2023-01-31T10:24:00+00:00, run_after=2023-01-31T10:25:00+00:00
[2023-01-31T10:25:54.559+0000] {processor.py:175} INFO - Processing /home/airflow/.local/lib/python3.7/site-packages/airflow/example_dags/example_branch_python_dop_operator_3.py took 0.250 seconds
[2023-01-31T10:26:25.346+0000] {processor.py:153} INFO - Started process (PID=1810) to work on /home/airflow/.local/lib/python3.7/site-packages/airflow/example_dags/example_branch_python_dop_operator_3.py
[2023-01-31T10:26:25.348+0000] {processor.py:743} INFO - Processing file /home/airflow/.local/lib/python3.7/site-packages/airflow/example_dags/example_branch_python_dop_operator_3.py for tasks to queue
[2023-01-31T10:26:25.349+0000] {logging_mixin.py:137} INFO - [2023-01-31T10:26:25.349+0000] {dagbag.py:538} INFO - Filling up the DagBag from /home/airflow/.local/lib/python3.7/site-packages/airflow/example_dags/example_branch_python_dop_operator_3.py
[2023-01-31T10:26:25.369+0000] {processor.py:753} INFO - DAG(s) dict_keys(['example_branch_dop_operator_v3']) retrieved from /home/airflow/.local/lib/python3.7/site-packages/airflow/example_dags/example_branch_python_dop_operator_3.py
[2023-01-31T10:26:25.395+0000] {logging_mixin.py:137} INFO - [2023-01-31T10:26:25.395+0000] {dag.py:2690} INFO - Sync 1 DAGs
[2023-01-31T10:26:25.415+0000] {logging_mixin.py:137} INFO - [2023-01-31T10:26:25.415+0000] {dag.py:3441} INFO - Setting next_dagrun for example_branch_dop_operator_v3 to 2023-01-31T10:25:00+00:00, run_after=2023-01-31T10:26:00+00:00
[2023-01-31T10:26:25.429+0000] {processor.py:175} INFO - Processing /home/airflow/.local/lib/python3.7/site-packages/airflow/example_dags/example_branch_python_dop_operator_3.py took 0.086 seconds
[2023-01-31T10:26:55.691+0000] {processor.py:153} INFO - Started process (PID=1889) to work on /home/airflow/.local/lib/python3.7/site-packages/airflow/example_dags/example_branch_python_dop_operator_3.py
[2023-01-31T10:26:55.703+0000] {processor.py:743} INFO - Processing file /home/airflow/.local/lib/python3.7/site-packages/airflow/example_dags/example_branch_python_dop_operator_3.py for tasks to queue
[2023-01-31T10:26:55.714+0000] {logging_mixin.py:137} INFO - [2023-01-31T10:26:55.714+0000] {dagbag.py:538} INFO - Filling up the DagBag from /home/airflow/.local/lib/python3.7/site-packages/airflow/example_dags/example_branch_python_dop_operator_3.py
[2023-01-31T10:26:55.805+0000] {processor.py:753} INFO - DAG(s) dict_keys(['example_branch_dop_operator_v3']) retrieved from /home/airflow/.local/lib/python3.7/site-packages/airflow/example_dags/example_branch_python_dop_operator_3.py
[2023-01-31T10:26:55.906+0000] {logging_mixin.py:137} INFO - [2023-01-31T10:26:55.906+0000] {dag.py:2690} INFO - Sync 1 DAGs
[2023-01-31T10:26:55.946+0000] {logging_mixin.py:137} INFO - [2023-01-31T10:26:55.946+0000] {dag.py:3441} INFO - Setting next_dagrun for example_branch_dop_operator_v3 to 2023-01-31T10:25:00+00:00, run_after=2023-01-31T10:26:00+00:00
[2023-01-31T10:26:55.988+0000] {processor.py:175} INFO - Processing /home/airflow/.local/lib/python3.7/site-packages/airflow/example_dags/example_branch_python_dop_operator_3.py took 0.320 seconds
[2023-01-31T10:27:26.245+0000] {processor.py:153} INFO - Started process (PID=1968) to work on /home/airflow/.local/lib/python3.7/site-packages/airflow/example_dags/example_branch_python_dop_operator_3.py
[2023-01-31T10:27:26.247+0000] {processor.py:743} INFO - Processing file /home/airflow/.local/lib/python3.7/site-packages/airflow/example_dags/example_branch_python_dop_operator_3.py for tasks to queue
[2023-01-31T10:27:26.249+0000] {logging_mixin.py:137} INFO - [2023-01-31T10:27:26.249+0000] {dagbag.py:538} INFO - Filling up the DagBag from /home/airflow/.local/lib/python3.7/site-packages/airflow/example_dags/example_branch_python_dop_operator_3.py
[2023-01-31T10:27:26.281+0000] {processor.py:753} INFO - DAG(s) dict_keys(['example_branch_dop_operator_v3']) retrieved from /home/airflow/.local/lib/python3.7/site-packages/airflow/example_dags/example_branch_python_dop_operator_3.py
[2023-01-31T10:27:26.322+0000] {logging_mixin.py:137} INFO - [2023-01-31T10:27:26.322+0000] {dag.py:2690} INFO - Sync 1 DAGs
[2023-01-31T10:27:26.350+0000] {logging_mixin.py:137} INFO - [2023-01-31T10:27:26.350+0000] {dag.py:3441} INFO - Setting next_dagrun for example_branch_dop_operator_v3 to 2023-01-31T10:26:00+00:00, run_after=2023-01-31T10:27:00+00:00
[2023-01-31T10:27:26.372+0000] {processor.py:175} INFO - Processing /home/airflow/.local/lib/python3.7/site-packages/airflow/example_dags/example_branch_python_dop_operator_3.py took 0.135 seconds
[2023-01-31T10:27:56.896+0000] {processor.py:153} INFO - Started process (PID=2064) to work on /home/airflow/.local/lib/python3.7/site-packages/airflow/example_dags/example_branch_python_dop_operator_3.py
[2023-01-31T10:27:56.899+0000] {processor.py:743} INFO - Processing file /home/airflow/.local/lib/python3.7/site-packages/airflow/example_dags/example_branch_python_dop_operator_3.py for tasks to queue
[2023-01-31T10:27:56.902+0000] {logging_mixin.py:137} INFO - [2023-01-31T10:27:56.902+0000] {dagbag.py:538} INFO - Filling up the DagBag from /home/airflow/.local/lib/python3.7/site-packages/airflow/example_dags/example_branch_python_dop_operator_3.py
[2023-01-31T10:27:56.921+0000] {processor.py:753} INFO - DAG(s) dict_keys(['example_branch_dop_operator_v3']) retrieved from /home/airflow/.local/lib/python3.7/site-packages/airflow/example_dags/example_branch_python_dop_operator_3.py
[2023-01-31T10:27:56.955+0000] {logging_mixin.py:137} INFO - [2023-01-31T10:27:56.955+0000] {dag.py:2690} INFO - Sync 1 DAGs
[2023-01-31T10:27:56.976+0000] {logging_mixin.py:137} INFO - [2023-01-31T10:27:56.976+0000] {dag.py:3441} INFO - Setting next_dagrun for example_branch_dop_operator_v3 to 2023-01-31T10:26:00+00:00, run_after=2023-01-31T10:27:00+00:00
[2023-01-31T10:27:56.992+0000] {processor.py:175} INFO - Processing /home/airflow/.local/lib/python3.7/site-packages/airflow/example_dags/example_branch_python_dop_operator_3.py took 0.101 seconds
[2023-01-31T10:28:27.088+0000] {processor.py:153} INFO - Started process (PID=2143) to work on /home/airflow/.local/lib/python3.7/site-packages/airflow/example_dags/example_branch_python_dop_operator_3.py
[2023-01-31T10:28:27.089+0000] {processor.py:743} INFO - Processing file /home/airflow/.local/lib/python3.7/site-packages/airflow/example_dags/example_branch_python_dop_operator_3.py for tasks to queue
[2023-01-31T10:28:27.090+0000] {logging_mixin.py:137} INFO - [2023-01-31T10:28:27.090+0000] {dagbag.py:538} INFO - Filling up the DagBag from /home/airflow/.local/lib/python3.7/site-packages/airflow/example_dags/example_branch_python_dop_operator_3.py
[2023-01-31T10:28:27.114+0000] {processor.py:753} INFO - DAG(s) dict_keys(['example_branch_dop_operator_v3']) retrieved from /home/airflow/.local/lib/python3.7/site-packages/airflow/example_dags/example_branch_python_dop_operator_3.py
[2023-01-31T10:28:27.169+0000] {logging_mixin.py:137} INFO - [2023-01-31T10:28:27.169+0000] {dag.py:2690} INFO - Sync 1 DAGs
[2023-01-31T10:28:27.187+0000] {logging_mixin.py:137} INFO - [2023-01-31T10:28:27.187+0000] {dag.py:3441} INFO - Setting next_dagrun for example_branch_dop_operator_v3 to 2023-01-31T10:27:00+00:00, run_after=2023-01-31T10:28:00+00:00
[2023-01-31T10:28:27.201+0000] {processor.py:175} INFO - Processing /home/airflow/.local/lib/python3.7/site-packages/airflow/example_dags/example_branch_python_dop_operator_3.py took 0.116 seconds
[2023-01-31T10:28:57.840+0000] {processor.py:153} INFO - Started process (PID=2222) to work on /home/airflow/.local/lib/python3.7/site-packages/airflow/example_dags/example_branch_python_dop_operator_3.py
[2023-01-31T10:28:57.842+0000] {processor.py:743} INFO - Processing file /home/airflow/.local/lib/python3.7/site-packages/airflow/example_dags/example_branch_python_dop_operator_3.py for tasks to queue
[2023-01-31T10:28:57.843+0000] {logging_mixin.py:137} INFO - [2023-01-31T10:28:57.843+0000] {dagbag.py:538} INFO - Filling up the DagBag from /home/airflow/.local/lib/python3.7/site-packages/airflow/example_dags/example_branch_python_dop_operator_3.py
[2023-01-31T10:28:57.878+0000] {processor.py:753} INFO - DAG(s) dict_keys(['example_branch_dop_operator_v3']) retrieved from /home/airflow/.local/lib/python3.7/site-packages/airflow/example_dags/example_branch_python_dop_operator_3.py
[2023-01-31T10:28:57.926+0000] {logging_mixin.py:137} INFO - [2023-01-31T10:28:57.926+0000] {dag.py:2690} INFO - Sync 1 DAGs
[2023-01-31T10:28:57.985+0000] {logging_mixin.py:137} INFO - [2023-01-31T10:28:57.985+0000] {dag.py:3441} INFO - Setting next_dagrun for example_branch_dop_operator_v3 to 2023-01-31T10:27:00+00:00, run_after=2023-01-31T10:28:00+00:00
[2023-01-31T10:28:58.008+0000] {processor.py:175} INFO - Processing /home/airflow/.local/lib/python3.7/site-packages/airflow/example_dags/example_branch_python_dop_operator_3.py took 0.171 seconds
[2023-01-31T10:29:33.049+0000] {processor.py:153} INFO - Started process (PID=2316) to work on /home/airflow/.local/lib/python3.7/site-packages/airflow/example_dags/example_branch_python_dop_operator_3.py
[2023-01-31T10:29:33.061+0000] {processor.py:743} INFO - Processing file /home/airflow/.local/lib/python3.7/site-packages/airflow/example_dags/example_branch_python_dop_operator_3.py for tasks to queue
[2023-01-31T10:29:33.066+0000] {logging_mixin.py:137} INFO - [2023-01-31T10:29:33.065+0000] {dagbag.py:538} INFO - Filling up the DagBag from /home/airflow/.local/lib/python3.7/site-packages/airflow/example_dags/example_branch_python_dop_operator_3.py
[2023-01-31T10:29:33.129+0000] {processor.py:753} INFO - DAG(s) dict_keys(['example_branch_dop_operator_v3']) retrieved from /home/airflow/.local/lib/python3.7/site-packages/airflow/example_dags/example_branch_python_dop_operator_3.py
[2023-01-31T10:29:33.201+0000] {logging_mixin.py:137} INFO - [2023-01-31T10:29:33.200+0000] {dag.py:2690} INFO - Sync 1 DAGs
[2023-01-31T10:29:33.310+0000] {logging_mixin.py:137} INFO - [2023-01-31T10:29:33.310+0000] {dag.py:3441} INFO - Setting next_dagrun for example_branch_dop_operator_v3 to 2023-01-31T10:28:00+00:00, run_after=2023-01-31T10:29:00+00:00
[2023-01-31T10:29:33.369+0000] {processor.py:175} INFO - Processing /home/airflow/.local/lib/python3.7/site-packages/airflow/example_dags/example_branch_python_dop_operator_3.py took 0.374 seconds
[2023-01-31T10:30:03.543+0000] {processor.py:153} INFO - Started process (PID=2395) to work on /home/airflow/.local/lib/python3.7/site-packages/airflow/example_dags/example_branch_python_dop_operator_3.py
[2023-01-31T10:30:03.545+0000] {processor.py:743} INFO - Processing file /home/airflow/.local/lib/python3.7/site-packages/airflow/example_dags/example_branch_python_dop_operator_3.py for tasks to queue
[2023-01-31T10:30:03.548+0000] {logging_mixin.py:137} INFO - [2023-01-31T10:30:03.548+0000] {dagbag.py:538} INFO - Filling up the DagBag from /home/airflow/.local/lib/python3.7/site-packages/airflow/example_dags/example_branch_python_dop_operator_3.py
[2023-01-31T10:30:03.592+0000] {processor.py:753} INFO - DAG(s) dict_keys(['example_branch_dop_operator_v3']) retrieved from /home/airflow/.local/lib/python3.7/site-packages/airflow/example_dags/example_branch_python_dop_operator_3.py
[2023-01-31T10:30:03.741+0000] {logging_mixin.py:137} INFO - [2023-01-31T10:30:03.741+0000] {dag.py:2690} INFO - Sync 1 DAGs
[2023-01-31T10:30:03.812+0000] {logging_mixin.py:137} INFO - [2023-01-31T10:30:03.812+0000] {dag.py:3441} INFO - Setting next_dagrun for example_branch_dop_operator_v3 to 2023-01-31T10:29:00+00:00, run_after=2023-01-31T10:30:00+00:00
[2023-01-31T10:30:03.929+0000] {processor.py:175} INFO - Processing /home/airflow/.local/lib/python3.7/site-packages/airflow/example_dags/example_branch_python_dop_operator_3.py took 0.389 seconds
[2023-01-31T10:30:34.234+0000] {processor.py:153} INFO - Started process (PID=2474) to work on /home/airflow/.local/lib/python3.7/site-packages/airflow/example_dags/example_branch_python_dop_operator_3.py
[2023-01-31T10:30:34.243+0000] {processor.py:743} INFO - Processing file /home/airflow/.local/lib/python3.7/site-packages/airflow/example_dags/example_branch_python_dop_operator_3.py for tasks to queue
[2023-01-31T10:30:34.248+0000] {logging_mixin.py:137} INFO - [2023-01-31T10:30:34.247+0000] {dagbag.py:538} INFO - Filling up the DagBag from /home/airflow/.local/lib/python3.7/site-packages/airflow/example_dags/example_branch_python_dop_operator_3.py
[2023-01-31T10:30:34.283+0000] {processor.py:753} INFO - DAG(s) dict_keys(['example_branch_dop_operator_v3']) retrieved from /home/airflow/.local/lib/python3.7/site-packages/airflow/example_dags/example_branch_python_dop_operator_3.py
[2023-01-31T10:30:34.317+0000] {logging_mixin.py:137} INFO - [2023-01-31T10:30:34.317+0000] {dag.py:2690} INFO - Sync 1 DAGs
[2023-01-31T10:30:34.351+0000] {logging_mixin.py:137} INFO - [2023-01-31T10:30:34.351+0000] {dag.py:3441} INFO - Setting next_dagrun for example_branch_dop_operator_v3 to 2023-01-31T10:29:00+00:00, run_after=2023-01-31T10:30:00+00:00
[2023-01-31T10:30:34.373+0000] {processor.py:175} INFO - Processing /home/airflow/.local/lib/python3.7/site-packages/airflow/example_dags/example_branch_python_dop_operator_3.py took 0.145 seconds
[2023-01-31T10:31:04.639+0000] {processor.py:153} INFO - Started process (PID=2552) to work on /home/airflow/.local/lib/python3.7/site-packages/airflow/example_dags/example_branch_python_dop_operator_3.py
[2023-01-31T10:31:04.640+0000] {processor.py:743} INFO - Processing file /home/airflow/.local/lib/python3.7/site-packages/airflow/example_dags/example_branch_python_dop_operator_3.py for tasks to queue
[2023-01-31T10:31:04.641+0000] {logging_mixin.py:137} INFO - [2023-01-31T10:31:04.641+0000] {dagbag.py:538} INFO - Filling up the DagBag from /home/airflow/.local/lib/python3.7/site-packages/airflow/example_dags/example_branch_python_dop_operator_3.py
[2023-01-31T10:31:04.657+0000] {processor.py:753} INFO - DAG(s) dict_keys(['example_branch_dop_operator_v3']) retrieved from /home/airflow/.local/lib/python3.7/site-packages/airflow/example_dags/example_branch_python_dop_operator_3.py
[2023-01-31T10:31:04.680+0000] {logging_mixin.py:137} INFO - [2023-01-31T10:31:04.680+0000] {dag.py:2690} INFO - Sync 1 DAGs
[2023-01-31T10:31:04.710+0000] {logging_mixin.py:137} INFO - [2023-01-31T10:31:04.710+0000] {dag.py:3441} INFO - Setting next_dagrun for example_branch_dop_operator_v3 to 2023-01-31T10:30:00+00:00, run_after=2023-01-31T10:31:00+00:00
[2023-01-31T10:31:04.731+0000] {processor.py:175} INFO - Processing /home/airflow/.local/lib/python3.7/site-packages/airflow/example_dags/example_branch_python_dop_operator_3.py took 0.094 seconds
[2023-01-31T10:31:36.765+0000] {processor.py:153} INFO - Started process (PID=2645) to work on /home/airflow/.local/lib/python3.7/site-packages/airflow/example_dags/example_branch_python_dop_operator_3.py
[2023-01-31T10:31:36.767+0000] {processor.py:743} INFO - Processing file /home/airflow/.local/lib/python3.7/site-packages/airflow/example_dags/example_branch_python_dop_operator_3.py for tasks to queue
[2023-01-31T10:31:36.768+0000] {logging_mixin.py:137} INFO - [2023-01-31T10:31:36.768+0000] {dagbag.py:538} INFO - Filling up the DagBag from /home/airflow/.local/lib/python3.7/site-packages/airflow/example_dags/example_branch_python_dop_operator_3.py
[2023-01-31T10:31:36.788+0000] {processor.py:753} INFO - DAG(s) dict_keys(['example_branch_dop_operator_v3']) retrieved from /home/airflow/.local/lib/python3.7/site-packages/airflow/example_dags/example_branch_python_dop_operator_3.py
[2023-01-31T10:31:36.832+0000] {logging_mixin.py:137} INFO - [2023-01-31T10:31:36.832+0000] {dag.py:2690} INFO - Sync 1 DAGs
[2023-01-31T10:31:36.869+0000] {logging_mixin.py:137} INFO - [2023-01-31T10:31:36.869+0000] {dag.py:3441} INFO - Setting next_dagrun for example_branch_dop_operator_v3 to 2023-01-31T10:30:00+00:00, run_after=2023-01-31T10:31:00+00:00
[2023-01-31T10:31:36.886+0000] {processor.py:175} INFO - Processing /home/airflow/.local/lib/python3.7/site-packages/airflow/example_dags/example_branch_python_dop_operator_3.py took 0.123 seconds
[2023-01-31T10:32:07.281+0000] {processor.py:153} INFO - Started process (PID=2724) to work on /home/airflow/.local/lib/python3.7/site-packages/airflow/example_dags/example_branch_python_dop_operator_3.py
[2023-01-31T10:32:07.282+0000] {processor.py:743} INFO - Processing file /home/airflow/.local/lib/python3.7/site-packages/airflow/example_dags/example_branch_python_dop_operator_3.py for tasks to queue
[2023-01-31T10:32:07.283+0000] {logging_mixin.py:137} INFO - [2023-01-31T10:32:07.283+0000] {dagbag.py:538} INFO - Filling up the DagBag from /home/airflow/.local/lib/python3.7/site-packages/airflow/example_dags/example_branch_python_dop_operator_3.py
[2023-01-31T10:32:07.310+0000] {processor.py:753} INFO - DAG(s) dict_keys(['example_branch_dop_operator_v3']) retrieved from /home/airflow/.local/lib/python3.7/site-packages/airflow/example_dags/example_branch_python_dop_operator_3.py
[2023-01-31T10:32:07.337+0000] {logging_mixin.py:137} INFO - [2023-01-31T10:32:07.337+0000] {dag.py:2690} INFO - Sync 1 DAGs
[2023-01-31T10:32:07.360+0000] {logging_mixin.py:137} INFO - [2023-01-31T10:32:07.360+0000] {dag.py:3441} INFO - Setting next_dagrun for example_branch_dop_operator_v3 to 2023-01-31T10:31:00+00:00, run_after=2023-01-31T10:32:00+00:00
[2023-01-31T10:32:07.380+0000] {processor.py:175} INFO - Processing /home/airflow/.local/lib/python3.7/site-packages/airflow/example_dags/example_branch_python_dop_operator_3.py took 0.102 seconds
[2023-01-31T10:32:38.195+0000] {processor.py:153} INFO - Started process (PID=2803) to work on /home/airflow/.local/lib/python3.7/site-packages/airflow/example_dags/example_branch_python_dop_operator_3.py
[2023-01-31T10:32:38.197+0000] {processor.py:743} INFO - Processing file /home/airflow/.local/lib/python3.7/site-packages/airflow/example_dags/example_branch_python_dop_operator_3.py for tasks to queue
[2023-01-31T10:32:38.198+0000] {logging_mixin.py:137} INFO - [2023-01-31T10:32:38.198+0000] {dagbag.py:538} INFO - Filling up the DagBag from /home/airflow/.local/lib/python3.7/site-packages/airflow/example_dags/example_branch_python_dop_operator_3.py
[2023-01-31T10:32:38.217+0000] {processor.py:753} INFO - DAG(s) dict_keys(['example_branch_dop_operator_v3']) retrieved from /home/airflow/.local/lib/python3.7/site-packages/airflow/example_dags/example_branch_python_dop_operator_3.py
[2023-01-31T10:32:38.240+0000] {logging_mixin.py:137} INFO - [2023-01-31T10:32:38.239+0000] {dag.py:2690} INFO - Sync 1 DAGs
[2023-01-31T10:32:38.256+0000] {logging_mixin.py:137} INFO - [2023-01-31T10:32:38.256+0000] {dag.py:3441} INFO - Setting next_dagrun for example_branch_dop_operator_v3 to 2023-01-31T10:31:00+00:00, run_after=2023-01-31T10:32:00+00:00
[2023-01-31T10:32:38.269+0000] {processor.py:175} INFO - Processing /home/airflow/.local/lib/python3.7/site-packages/airflow/example_dags/example_branch_python_dop_operator_3.py took 0.077 seconds
[2023-01-31T10:33:09.002+0000] {processor.py:153} INFO - Started process (PID=2898) to work on /home/airflow/.local/lib/python3.7/site-packages/airflow/example_dags/example_branch_python_dop_operator_3.py
[2023-01-31T10:33:09.004+0000] {processor.py:743} INFO - Processing file /home/airflow/.local/lib/python3.7/site-packages/airflow/example_dags/example_branch_python_dop_operator_3.py for tasks to queue
[2023-01-31T10:33:09.006+0000] {logging_mixin.py:137} INFO - [2023-01-31T10:33:09.006+0000] {dagbag.py:538} INFO - Filling up the DagBag from /home/airflow/.local/lib/python3.7/site-packages/airflow/example_dags/example_branch_python_dop_operator_3.py
[2023-01-31T10:33:09.024+0000] {processor.py:753} INFO - DAG(s) dict_keys(['example_branch_dop_operator_v3']) retrieved from /home/airflow/.local/lib/python3.7/site-packages/airflow/example_dags/example_branch_python_dop_operator_3.py
[2023-01-31T10:33:09.048+0000] {logging_mixin.py:137} INFO - [2023-01-31T10:33:09.048+0000] {dag.py:2690} INFO - Sync 1 DAGs
[2023-01-31T10:33:09.070+0000] {logging_mixin.py:137} INFO - [2023-01-31T10:33:09.070+0000] {dag.py:3441} INFO - Setting next_dagrun for example_branch_dop_operator_v3 to 2023-01-31T10:32:00+00:00, run_after=2023-01-31T10:33:00+00:00
[2023-01-31T10:33:09.083+0000] {processor.py:175} INFO - Processing /home/airflow/.local/lib/python3.7/site-packages/airflow/example_dags/example_branch_python_dop_operator_3.py took 0.084 seconds
[2023-01-31T10:33:40.041+0000] {processor.py:153} INFO - Started process (PID=2977) to work on /home/airflow/.local/lib/python3.7/site-packages/airflow/example_dags/example_branch_python_dop_operator_3.py
[2023-01-31T10:33:40.043+0000] {processor.py:743} INFO - Processing file /home/airflow/.local/lib/python3.7/site-packages/airflow/example_dags/example_branch_python_dop_operator_3.py for tasks to queue
[2023-01-31T10:33:40.045+0000] {logging_mixin.py:137} INFO - [2023-01-31T10:33:40.045+0000] {dagbag.py:538} INFO - Filling up the DagBag from /home/airflow/.local/lib/python3.7/site-packages/airflow/example_dags/example_branch_python_dop_operator_3.py
[2023-01-31T10:33:40.072+0000] {processor.py:753} INFO - DAG(s) dict_keys(['example_branch_dop_operator_v3']) retrieved from /home/airflow/.local/lib/python3.7/site-packages/airflow/example_dags/example_branch_python_dop_operator_3.py
[2023-01-31T10:33:40.107+0000] {logging_mixin.py:137} INFO - [2023-01-31T10:33:40.107+0000] {dag.py:2690} INFO - Sync 1 DAGs
[2023-01-31T10:33:40.140+0000] {logging_mixin.py:137} INFO - [2023-01-31T10:33:40.139+0000] {dag.py:3441} INFO - Setting next_dagrun for example_branch_dop_operator_v3 to 2023-01-31T10:32:00+00:00, run_after=2023-01-31T10:33:00+00:00
[2023-01-31T10:33:40.155+0000] {processor.py:175} INFO - Processing /home/airflow/.local/lib/python3.7/site-packages/airflow/example_dags/example_branch_python_dop_operator_3.py took 0.121 seconds
[2023-01-31T10:34:10.604+0000] {processor.py:153} INFO - Started process (PID=3056) to work on /home/airflow/.local/lib/python3.7/site-packages/airflow/example_dags/example_branch_python_dop_operator_3.py
[2023-01-31T10:34:10.606+0000] {processor.py:743} INFO - Processing file /home/airflow/.local/lib/python3.7/site-packages/airflow/example_dags/example_branch_python_dop_operator_3.py for tasks to queue
[2023-01-31T10:34:10.607+0000] {logging_mixin.py:137} INFO - [2023-01-31T10:34:10.607+0000] {dagbag.py:538} INFO - Filling up the DagBag from /home/airflow/.local/lib/python3.7/site-packages/airflow/example_dags/example_branch_python_dop_operator_3.py
[2023-01-31T10:34:10.628+0000] {processor.py:753} INFO - DAG(s) dict_keys(['example_branch_dop_operator_v3']) retrieved from /home/airflow/.local/lib/python3.7/site-packages/airflow/example_dags/example_branch_python_dop_operator_3.py
[2023-01-31T10:34:10.660+0000] {logging_mixin.py:137} INFO - [2023-01-31T10:34:10.660+0000] {dag.py:2690} INFO - Sync 1 DAGs
[2023-01-31T10:34:10.683+0000] {logging_mixin.py:137} INFO - [2023-01-31T10:34:10.683+0000] {dag.py:3441} INFO - Setting next_dagrun for example_branch_dop_operator_v3 to 2023-01-31T10:33:00+00:00, run_after=2023-01-31T10:34:00+00:00
[2023-01-31T10:34:10.710+0000] {processor.py:175} INFO - Processing /home/airflow/.local/lib/python3.7/site-packages/airflow/example_dags/example_branch_python_dop_operator_3.py took 0.111 seconds
[2023-01-31T10:34:41.494+0000] {processor.py:153} INFO - Started process (PID=3151) to work on /home/airflow/.local/lib/python3.7/site-packages/airflow/example_dags/example_branch_python_dop_operator_3.py
[2023-01-31T10:34:41.496+0000] {processor.py:743} INFO - Processing file /home/airflow/.local/lib/python3.7/site-packages/airflow/example_dags/example_branch_python_dop_operator_3.py for tasks to queue
[2023-01-31T10:34:41.499+0000] {logging_mixin.py:137} INFO - [2023-01-31T10:34:41.499+0000] {dagbag.py:538} INFO - Filling up the DagBag from /home/airflow/.local/lib/python3.7/site-packages/airflow/example_dags/example_branch_python_dop_operator_3.py
[2023-01-31T10:34:41.527+0000] {processor.py:753} INFO - DAG(s) dict_keys(['example_branch_dop_operator_v3']) retrieved from /home/airflow/.local/lib/python3.7/site-packages/airflow/example_dags/example_branch_python_dop_operator_3.py
[2023-01-31T10:34:41.557+0000] {logging_mixin.py:137} INFO - [2023-01-31T10:34:41.557+0000] {dag.py:2690} INFO - Sync 1 DAGs
[2023-01-31T10:34:41.706+0000] {logging_mixin.py:137} INFO - [2023-01-31T10:34:41.706+0000] {dag.py:3441} INFO - Setting next_dagrun for example_branch_dop_operator_v3 to 2023-01-31T10:33:00+00:00, run_after=2023-01-31T10:34:00+00:00
[2023-01-31T10:34:41.734+0000] {processor.py:175} INFO - Processing /home/airflow/.local/lib/python3.7/site-packages/airflow/example_dags/example_branch_python_dop_operator_3.py took 0.244 seconds
[2023-01-31T10:35:11.908+0000] {processor.py:153} INFO - Started process (PID=3231) to work on /home/airflow/.local/lib/python3.7/site-packages/airflow/example_dags/example_branch_python_dop_operator_3.py
[2023-01-31T10:35:11.911+0000] {processor.py:743} INFO - Processing file /home/airflow/.local/lib/python3.7/site-packages/airflow/example_dags/example_branch_python_dop_operator_3.py for tasks to queue
[2023-01-31T10:35:11.913+0000] {logging_mixin.py:137} INFO - [2023-01-31T10:35:11.913+0000] {dagbag.py:538} INFO - Filling up the DagBag from /home/airflow/.local/lib/python3.7/site-packages/airflow/example_dags/example_branch_python_dop_operator_3.py
[2023-01-31T10:35:11.946+0000] {processor.py:753} INFO - DAG(s) dict_keys(['example_branch_dop_operator_v3']) retrieved from /home/airflow/.local/lib/python3.7/site-packages/airflow/example_dags/example_branch_python_dop_operator_3.py
[2023-01-31T10:35:11.981+0000] {logging_mixin.py:137} INFO - [2023-01-31T10:35:11.981+0000] {dag.py:2690} INFO - Sync 1 DAGs
[2023-01-31T10:35:12.011+0000] {logging_mixin.py:137} INFO - [2023-01-31T10:35:12.011+0000] {dag.py:3441} INFO - Setting next_dagrun for example_branch_dop_operator_v3 to 2023-01-31T10:34:00+00:00, run_after=2023-01-31T10:35:00+00:00
[2023-01-31T10:35:12.032+0000] {processor.py:175} INFO - Processing /home/airflow/.local/lib/python3.7/site-packages/airflow/example_dags/example_branch_python_dop_operator_3.py took 0.129 seconds
[2023-01-31T10:35:42.210+0000] {processor.py:153} INFO - Started process (PID=3314) to work on /home/airflow/.local/lib/python3.7/site-packages/airflow/example_dags/example_branch_python_dop_operator_3.py
[2023-01-31T10:35:42.212+0000] {processor.py:743} INFO - Processing file /home/airflow/.local/lib/python3.7/site-packages/airflow/example_dags/example_branch_python_dop_operator_3.py for tasks to queue
[2023-01-31T10:35:42.213+0000] {logging_mixin.py:137} INFO - [2023-01-31T10:35:42.213+0000] {dagbag.py:538} INFO - Filling up the DagBag from /home/airflow/.local/lib/python3.7/site-packages/airflow/example_dags/example_branch_python_dop_operator_3.py
[2023-01-31T10:35:42.240+0000] {processor.py:753} INFO - DAG(s) dict_keys(['example_branch_dop_operator_v3']) retrieved from /home/airflow/.local/lib/python3.7/site-packages/airflow/example_dags/example_branch_python_dop_operator_3.py
[2023-01-31T10:35:42.274+0000] {logging_mixin.py:137} INFO - [2023-01-31T10:35:42.274+0000] {dag.py:2690} INFO - Sync 1 DAGs
[2023-01-31T10:35:42.298+0000] {logging_mixin.py:137} INFO - [2023-01-31T10:35:42.298+0000] {dag.py:3441} INFO - Setting next_dagrun for example_branch_dop_operator_v3 to 2023-01-31T10:34:00+00:00, run_after=2023-01-31T10:35:00+00:00
[2023-01-31T10:35:42.312+0000] {processor.py:175} INFO - Processing /home/airflow/.local/lib/python3.7/site-packages/airflow/example_dags/example_branch_python_dop_operator_3.py took 0.105 seconds
[2023-01-31T10:36:13.128+0000] {processor.py:153} INFO - Started process (PID=3393) to work on /home/airflow/.local/lib/python3.7/site-packages/airflow/example_dags/example_branch_python_dop_operator_3.py
[2023-01-31T10:36:13.130+0000] {processor.py:743} INFO - Processing file /home/airflow/.local/lib/python3.7/site-packages/airflow/example_dags/example_branch_python_dop_operator_3.py for tasks to queue
[2023-01-31T10:36:13.131+0000] {logging_mixin.py:137} INFO - [2023-01-31T10:36:13.131+0000] {dagbag.py:538} INFO - Filling up the DagBag from /home/airflow/.local/lib/python3.7/site-packages/airflow/example_dags/example_branch_python_dop_operator_3.py
[2023-01-31T10:36:13.165+0000] {processor.py:753} INFO - DAG(s) dict_keys(['example_branch_dop_operator_v3']) retrieved from /home/airflow/.local/lib/python3.7/site-packages/airflow/example_dags/example_branch_python_dop_operator_3.py
[2023-01-31T10:36:13.192+0000] {logging_mixin.py:137} INFO - [2023-01-31T10:36:13.192+0000] {dag.py:2690} INFO - Sync 1 DAGs
[2023-01-31T10:36:13.213+0000] {logging_mixin.py:137} INFO - [2023-01-31T10:36:13.213+0000] {dag.py:3441} INFO - Setting next_dagrun for example_branch_dop_operator_v3 to 2023-01-31T10:35:00+00:00, run_after=2023-01-31T10:36:00+00:00
[2023-01-31T10:36:13.230+0000] {processor.py:175} INFO - Processing /home/airflow/.local/lib/python3.7/site-packages/airflow/example_dags/example_branch_python_dop_operator_3.py took 0.105 seconds
[2023-01-31T10:36:43.685+0000] {processor.py:153} INFO - Started process (PID=3476) to work on /home/airflow/.local/lib/python3.7/site-packages/airflow/example_dags/example_branch_python_dop_operator_3.py
[2023-01-31T10:36:43.687+0000] {processor.py:743} INFO - Processing file /home/airflow/.local/lib/python3.7/site-packages/airflow/example_dags/example_branch_python_dop_operator_3.py for tasks to queue
[2023-01-31T10:36:43.688+0000] {logging_mixin.py:137} INFO - [2023-01-31T10:36:43.688+0000] {dagbag.py:538} INFO - Filling up the DagBag from /home/airflow/.local/lib/python3.7/site-packages/airflow/example_dags/example_branch_python_dop_operator_3.py
[2023-01-31T10:36:43.705+0000] {processor.py:753} INFO - DAG(s) dict_keys(['example_branch_dop_operator_v3']) retrieved from /home/airflow/.local/lib/python3.7/site-packages/airflow/example_dags/example_branch_python_dop_operator_3.py
[2023-01-31T10:36:43.753+0000] {logging_mixin.py:137} INFO - [2023-01-31T10:36:43.752+0000] {dag.py:2690} INFO - Sync 1 DAGs
[2023-01-31T10:36:43.787+0000] {logging_mixin.py:137} INFO - [2023-01-31T10:36:43.787+0000] {dag.py:3441} INFO - Setting next_dagrun for example_branch_dop_operator_v3 to 2023-01-31T10:35:00+00:00, run_after=2023-01-31T10:36:00+00:00
[2023-01-31T10:36:43.803+0000] {processor.py:175} INFO - Processing /home/airflow/.local/lib/python3.7/site-packages/airflow/example_dags/example_branch_python_dop_operator_3.py took 0.122 seconds
[2023-01-31T10:37:18.869+0000] {processor.py:153} INFO - Started process (PID=3555) to work on /home/airflow/.local/lib/python3.7/site-packages/airflow/example_dags/example_branch_python_dop_operator_3.py
[2023-01-31T10:37:18.919+0000] {processor.py:743} INFO - Processing file /home/airflow/.local/lib/python3.7/site-packages/airflow/example_dags/example_branch_python_dop_operator_3.py for tasks to queue
[2023-01-31T10:37:18.944+0000] {logging_mixin.py:137} INFO - [2023-01-31T10:37:18.943+0000] {dagbag.py:538} INFO - Filling up the DagBag from /home/airflow/.local/lib/python3.7/site-packages/airflow/example_dags/example_branch_python_dop_operator_3.py
[2023-01-31T10:37:19.180+0000] {processor.py:753} INFO - DAG(s) dict_keys(['example_branch_dop_operator_v3']) retrieved from /home/airflow/.local/lib/python3.7/site-packages/airflow/example_dags/example_branch_python_dop_operator_3.py
[2023-01-31T10:37:19.311+0000] {logging_mixin.py:137} INFO - [2023-01-31T10:37:19.310+0000] {dag.py:2690} INFO - Sync 1 DAGs
[2023-01-31T10:37:19.388+0000] {logging_mixin.py:137} INFO - [2023-01-31T10:37:19.388+0000] {dag.py:3441} INFO - Setting next_dagrun for example_branch_dop_operator_v3 to 2023-01-31T10:36:00+00:00, run_after=2023-01-31T10:37:00+00:00
[2023-01-31T10:37:19.518+0000] {processor.py:175} INFO - Processing /home/airflow/.local/lib/python3.7/site-packages/airflow/example_dags/example_branch_python_dop_operator_3.py took 0.653 seconds
[2023-01-31T10:37:49.820+0000] {processor.py:153} INFO - Started process (PID=3651) to work on /home/airflow/.local/lib/python3.7/site-packages/airflow/example_dags/example_branch_python_dop_operator_3.py
[2023-01-31T10:37:49.823+0000] {processor.py:743} INFO - Processing file /home/airflow/.local/lib/python3.7/site-packages/airflow/example_dags/example_branch_python_dop_operator_3.py for tasks to queue
[2023-01-31T10:37:49.825+0000] {logging_mixin.py:137} INFO - [2023-01-31T10:37:49.825+0000] {dagbag.py:538} INFO - Filling up the DagBag from /home/airflow/.local/lib/python3.7/site-packages/airflow/example_dags/example_branch_python_dop_operator_3.py
[2023-01-31T10:37:49.862+0000] {processor.py:753} INFO - DAG(s) dict_keys(['example_branch_dop_operator_v3']) retrieved from /home/airflow/.local/lib/python3.7/site-packages/airflow/example_dags/example_branch_python_dop_operator_3.py
[2023-01-31T10:37:49.906+0000] {logging_mixin.py:137} INFO - [2023-01-31T10:37:49.906+0000] {dag.py:2690} INFO - Sync 1 DAGs
[2023-01-31T10:37:49.955+0000] {logging_mixin.py:137} INFO - [2023-01-31T10:37:49.953+0000] {dag.py:3441} INFO - Setting next_dagrun for example_branch_dop_operator_v3 to 2023-01-31T10:36:00+00:00, run_after=2023-01-31T10:37:00+00:00
[2023-01-31T10:37:50.000+0000] {processor.py:175} INFO - Processing /home/airflow/.local/lib/python3.7/site-packages/airflow/example_dags/example_branch_python_dop_operator_3.py took 0.185 seconds
[2023-01-31T10:38:20.920+0000] {processor.py:153} INFO - Started process (PID=3730) to work on /home/airflow/.local/lib/python3.7/site-packages/airflow/example_dags/example_branch_python_dop_operator_3.py
[2023-01-31T10:38:20.921+0000] {processor.py:743} INFO - Processing file /home/airflow/.local/lib/python3.7/site-packages/airflow/example_dags/example_branch_python_dop_operator_3.py for tasks to queue
[2023-01-31T10:38:20.923+0000] {logging_mixin.py:137} INFO - [2023-01-31T10:38:20.922+0000] {dagbag.py:538} INFO - Filling up the DagBag from /home/airflow/.local/lib/python3.7/site-packages/airflow/example_dags/example_branch_python_dop_operator_3.py
[2023-01-31T10:38:20.977+0000] {processor.py:753} INFO - DAG(s) dict_keys(['example_branch_dop_operator_v3']) retrieved from /home/airflow/.local/lib/python3.7/site-packages/airflow/example_dags/example_branch_python_dop_operator_3.py
[2023-01-31T10:38:21.063+0000] {logging_mixin.py:137} INFO - [2023-01-31T10:38:21.063+0000] {dag.py:2690} INFO - Sync 1 DAGs
[2023-01-31T10:38:21.133+0000] {logging_mixin.py:137} INFO - [2023-01-31T10:38:21.132+0000] {dag.py:3441} INFO - Setting next_dagrun for example_branch_dop_operator_v3 to 2023-01-31T10:37:00+00:00, run_after=2023-01-31T10:38:00+00:00
[2023-01-31T10:38:21.238+0000] {processor.py:175} INFO - Processing /home/airflow/.local/lib/python3.7/site-packages/airflow/example_dags/example_branch_python_dop_operator_3.py took 0.321 seconds
[2023-01-31T10:38:51.631+0000] {processor.py:153} INFO - Started process (PID=3813) to work on /home/airflow/.local/lib/python3.7/site-packages/airflow/example_dags/example_branch_python_dop_operator_3.py
[2023-01-31T10:38:51.637+0000] {processor.py:743} INFO - Processing file /home/airflow/.local/lib/python3.7/site-packages/airflow/example_dags/example_branch_python_dop_operator_3.py for tasks to queue
[2023-01-31T10:38:51.641+0000] {logging_mixin.py:137} INFO - [2023-01-31T10:38:51.641+0000] {dagbag.py:538} INFO - Filling up the DagBag from /home/airflow/.local/lib/python3.7/site-packages/airflow/example_dags/example_branch_python_dop_operator_3.py
[2023-01-31T10:38:51.670+0000] {processor.py:753} INFO - DAG(s) dict_keys(['example_branch_dop_operator_v3']) retrieved from /home/airflow/.local/lib/python3.7/site-packages/airflow/example_dags/example_branch_python_dop_operator_3.py
[2023-01-31T10:38:51.713+0000] {logging_mixin.py:137} INFO - [2023-01-31T10:38:51.713+0000] {dag.py:2690} INFO - Sync 1 DAGs
[2023-01-31T10:38:51.738+0000] {logging_mixin.py:137} INFO - [2023-01-31T10:38:51.737+0000] {dag.py:3441} INFO - Setting next_dagrun for example_branch_dop_operator_v3 to 2023-01-31T10:37:00+00:00, run_after=2023-01-31T10:38:00+00:00
[2023-01-31T10:38:51.764+0000] {processor.py:175} INFO - Processing /home/airflow/.local/lib/python3.7/site-packages/airflow/example_dags/example_branch_python_dop_operator_3.py took 0.138 seconds
[2023-01-31T10:39:22.361+0000] {processor.py:153} INFO - Started process (PID=3891) to work on /home/airflow/.local/lib/python3.7/site-packages/airflow/example_dags/example_branch_python_dop_operator_3.py
[2023-01-31T10:39:22.368+0000] {processor.py:743} INFO - Processing file /home/airflow/.local/lib/python3.7/site-packages/airflow/example_dags/example_branch_python_dop_operator_3.py for tasks to queue
[2023-01-31T10:39:22.370+0000] {logging_mixin.py:137} INFO - [2023-01-31T10:39:22.370+0000] {dagbag.py:538} INFO - Filling up the DagBag from /home/airflow/.local/lib/python3.7/site-packages/airflow/example_dags/example_branch_python_dop_operator_3.py
[2023-01-31T10:39:22.392+0000] {processor.py:753} INFO - DAG(s) dict_keys(['example_branch_dop_operator_v3']) retrieved from /home/airflow/.local/lib/python3.7/site-packages/airflow/example_dags/example_branch_python_dop_operator_3.py
[2023-01-31T10:39:22.419+0000] {logging_mixin.py:137} INFO - [2023-01-31T10:39:22.419+0000] {dag.py:2690} INFO - Sync 1 DAGs
[2023-01-31T10:39:22.441+0000] {logging_mixin.py:137} INFO - [2023-01-31T10:39:22.441+0000] {dag.py:3441} INFO - Setting next_dagrun for example_branch_dop_operator_v3 to 2023-01-31T10:38:00+00:00, run_after=2023-01-31T10:39:00+00:00
[2023-01-31T10:39:22.470+0000] {processor.py:175} INFO - Processing /home/airflow/.local/lib/python3.7/site-packages/airflow/example_dags/example_branch_python_dop_operator_3.py took 0.114 seconds
[2023-01-31T10:39:52.720+0000] {processor.py:153} INFO - Started process (PID=3970) to work on /home/airflow/.local/lib/python3.7/site-packages/airflow/example_dags/example_branch_python_dop_operator_3.py
[2023-01-31T10:39:52.722+0000] {processor.py:743} INFO - Processing file /home/airflow/.local/lib/python3.7/site-packages/airflow/example_dags/example_branch_python_dop_operator_3.py for tasks to queue
[2023-01-31T10:39:52.723+0000] {logging_mixin.py:137} INFO - [2023-01-31T10:39:52.723+0000] {dagbag.py:538} INFO - Filling up the DagBag from /home/airflow/.local/lib/python3.7/site-packages/airflow/example_dags/example_branch_python_dop_operator_3.py
[2023-01-31T10:39:52.741+0000] {processor.py:753} INFO - DAG(s) dict_keys(['example_branch_dop_operator_v3']) retrieved from /home/airflow/.local/lib/python3.7/site-packages/airflow/example_dags/example_branch_python_dop_operator_3.py
[2023-01-31T10:39:52.783+0000] {logging_mixin.py:137} INFO - [2023-01-31T10:39:52.783+0000] {dag.py:2690} INFO - Sync 1 DAGs
[2023-01-31T10:39:52.803+0000] {logging_mixin.py:137} INFO - [2023-01-31T10:39:52.803+0000] {dag.py:3441} INFO - Setting next_dagrun for example_branch_dop_operator_v3 to 2023-01-31T10:38:00+00:00, run_after=2023-01-31T10:39:00+00:00
[2023-01-31T10:39:52.824+0000] {processor.py:175} INFO - Processing /home/airflow/.local/lib/python3.7/site-packages/airflow/example_dags/example_branch_python_dop_operator_3.py took 0.108 seconds
[2023-01-31T10:40:23.668+0000] {processor.py:153} INFO - Started process (PID=4049) to work on /home/airflow/.local/lib/python3.7/site-packages/airflow/example_dags/example_branch_python_dop_operator_3.py
[2023-01-31T10:40:23.671+0000] {processor.py:743} INFO - Processing file /home/airflow/.local/lib/python3.7/site-packages/airflow/example_dags/example_branch_python_dop_operator_3.py for tasks to queue
[2023-01-31T10:40:23.672+0000] {logging_mixin.py:137} INFO - [2023-01-31T10:40:23.672+0000] {dagbag.py:538} INFO - Filling up the DagBag from /home/airflow/.local/lib/python3.7/site-packages/airflow/example_dags/example_branch_python_dop_operator_3.py
[2023-01-31T10:40:23.691+0000] {processor.py:753} INFO - DAG(s) dict_keys(['example_branch_dop_operator_v3']) retrieved from /home/airflow/.local/lib/python3.7/site-packages/airflow/example_dags/example_branch_python_dop_operator_3.py
[2023-01-31T10:40:23.731+0000] {logging_mixin.py:137} INFO - [2023-01-31T10:40:23.731+0000] {dag.py:2690} INFO - Sync 1 DAGs
[2023-01-31T10:40:23.792+0000] {logging_mixin.py:137} INFO - [2023-01-31T10:40:23.792+0000] {dag.py:3441} INFO - Setting next_dagrun for example_branch_dop_operator_v3 to 2023-01-31T10:39:00+00:00, run_after=2023-01-31T10:40:00+00:00
[2023-01-31T10:40:23.933+0000] {processor.py:175} INFO - Processing /home/airflow/.local/lib/python3.7/site-packages/airflow/example_dags/example_branch_python_dop_operator_3.py took 0.269 seconds
[2023-01-31T10:40:54.774+0000] {processor.py:153} INFO - Started process (PID=4127) to work on /home/airflow/.local/lib/python3.7/site-packages/airflow/example_dags/example_branch_python_dop_operator_3.py
[2023-01-31T10:40:54.782+0000] {processor.py:743} INFO - Processing file /home/airflow/.local/lib/python3.7/site-packages/airflow/example_dags/example_branch_python_dop_operator_3.py for tasks to queue
[2023-01-31T10:40:54.784+0000] {logging_mixin.py:137} INFO - [2023-01-31T10:40:54.784+0000] {dagbag.py:538} INFO - Filling up the DagBag from /home/airflow/.local/lib/python3.7/site-packages/airflow/example_dags/example_branch_python_dop_operator_3.py
[2023-01-31T10:40:54.806+0000] {processor.py:753} INFO - DAG(s) dict_keys(['example_branch_dop_operator_v3']) retrieved from /home/airflow/.local/lib/python3.7/site-packages/airflow/example_dags/example_branch_python_dop_operator_3.py
[2023-01-31T10:40:54.833+0000] {logging_mixin.py:137} INFO - [2023-01-31T10:40:54.832+0000] {dag.py:2690} INFO - Sync 1 DAGs
[2023-01-31T10:40:54.859+0000] {logging_mixin.py:137} INFO - [2023-01-31T10:40:54.859+0000] {dag.py:3441} INFO - Setting next_dagrun for example_branch_dop_operator_v3 to 2023-01-31T10:39:00+00:00, run_after=2023-01-31T10:40:00+00:00
[2023-01-31T10:40:54.879+0000] {processor.py:175} INFO - Processing /home/airflow/.local/lib/python3.7/site-packages/airflow/example_dags/example_branch_python_dop_operator_3.py took 0.109 seconds
[2023-01-31T10:41:26.800+0000] {processor.py:153} INFO - Started process (PID=4206) to work on /home/airflow/.local/lib/python3.7/site-packages/airflow/example_dags/example_branch_python_dop_operator_3.py
[2023-01-31T10:41:26.803+0000] {processor.py:743} INFO - Processing file /home/airflow/.local/lib/python3.7/site-packages/airflow/example_dags/example_branch_python_dop_operator_3.py for tasks to queue
[2023-01-31T10:41:26.806+0000] {logging_mixin.py:137} INFO - [2023-01-31T10:41:26.805+0000] {dagbag.py:538} INFO - Filling up the DagBag from /home/airflow/.local/lib/python3.7/site-packages/airflow/example_dags/example_branch_python_dop_operator_3.py
[2023-01-31T10:41:26.829+0000] {processor.py:753} INFO - DAG(s) dict_keys(['example_branch_dop_operator_v3']) retrieved from /home/airflow/.local/lib/python3.7/site-packages/airflow/example_dags/example_branch_python_dop_operator_3.py
[2023-01-31T10:41:26.874+0000] {logging_mixin.py:137} INFO - [2023-01-31T10:41:26.874+0000] {dag.py:2690} INFO - Sync 1 DAGs
[2023-01-31T10:41:26.906+0000] {logging_mixin.py:137} INFO - [2023-01-31T10:41:26.906+0000] {dag.py:3441} INFO - Setting next_dagrun for example_branch_dop_operator_v3 to 2023-01-31T10:40:00+00:00, run_after=2023-01-31T10:41:00+00:00
[2023-01-31T10:41:26.936+0000] {processor.py:175} INFO - Processing /home/airflow/.local/lib/python3.7/site-packages/airflow/example_dags/example_branch_python_dop_operator_3.py took 0.139 seconds
[2023-01-31T10:42:01.441+0000] {processor.py:153} INFO - Started process (PID=4302) to work on /home/airflow/.local/lib/python3.7/site-packages/airflow/example_dags/example_branch_python_dop_operator_3.py
[2023-01-31T10:42:01.443+0000] {processor.py:743} INFO - Processing file /home/airflow/.local/lib/python3.7/site-packages/airflow/example_dags/example_branch_python_dop_operator_3.py for tasks to queue
[2023-01-31T10:42:01.450+0000] {logging_mixin.py:137} INFO - [2023-01-31T10:42:01.449+0000] {dagbag.py:538} INFO - Filling up the DagBag from /home/airflow/.local/lib/python3.7/site-packages/airflow/example_dags/example_branch_python_dop_operator_3.py
[2023-01-31T10:42:01.508+0000] {processor.py:753} INFO - DAG(s) dict_keys(['example_branch_dop_operator_v3']) retrieved from /home/airflow/.local/lib/python3.7/site-packages/airflow/example_dags/example_branch_python_dop_operator_3.py
[2023-01-31T10:42:01.599+0000] {logging_mixin.py:137} INFO - [2023-01-31T10:42:01.598+0000] {dag.py:2690} INFO - Sync 1 DAGs
[2023-01-31T10:42:01.635+0000] {logging_mixin.py:137} INFO - [2023-01-31T10:42:01.634+0000] {dag.py:3441} INFO - Setting next_dagrun for example_branch_dop_operator_v3 to 2023-01-31T10:41:00+00:00, run_after=2023-01-31T10:42:00+00:00
[2023-01-31T10:42:01.679+0000] {processor.py:175} INFO - Processing /home/airflow/.local/lib/python3.7/site-packages/airflow/example_dags/example_branch_python_dop_operator_3.py took 0.255 seconds
[2023-01-31T10:42:35.005+0000] {processor.py:153} INFO - Started process (PID=4382) to work on /home/airflow/.local/lib/python3.7/site-packages/airflow/example_dags/example_branch_python_dop_operator_3.py
[2023-01-31T10:42:35.015+0000] {processor.py:743} INFO - Processing file /home/airflow/.local/lib/python3.7/site-packages/airflow/example_dags/example_branch_python_dop_operator_3.py for tasks to queue
[2023-01-31T10:42:35.020+0000] {logging_mixin.py:137} INFO - [2023-01-31T10:42:35.019+0000] {dagbag.py:538} INFO - Filling up the DagBag from /home/airflow/.local/lib/python3.7/site-packages/airflow/example_dags/example_branch_python_dop_operator_3.py
[2023-01-31T10:42:35.127+0000] {processor.py:753} INFO - DAG(s) dict_keys(['example_branch_dop_operator_v3']) retrieved from /home/airflow/.local/lib/python3.7/site-packages/airflow/example_dags/example_branch_python_dop_operator_3.py
[2023-01-31T10:42:35.189+0000] {logging_mixin.py:137} INFO - [2023-01-31T10:42:35.189+0000] {dag.py:2690} INFO - Sync 1 DAGs
[2023-01-31T10:42:35.240+0000] {logging_mixin.py:137} INFO - [2023-01-31T10:42:35.240+0000] {dag.py:3441} INFO - Setting next_dagrun for example_branch_dop_operator_v3 to 2023-01-31T10:41:00+00:00, run_after=2023-01-31T10:42:00+00:00
[2023-01-31T10:42:35.296+0000] {processor.py:175} INFO - Processing /home/airflow/.local/lib/python3.7/site-packages/airflow/example_dags/example_branch_python_dop_operator_3.py took 0.297 seconds
[2023-01-31T10:43:05.587+0000] {processor.py:153} INFO - Started process (PID=4466) to work on /home/airflow/.local/lib/python3.7/site-packages/airflow/example_dags/example_branch_python_dop_operator_3.py
[2023-01-31T10:43:05.589+0000] {processor.py:743} INFO - Processing file /home/airflow/.local/lib/python3.7/site-packages/airflow/example_dags/example_branch_python_dop_operator_3.py for tasks to queue
[2023-01-31T10:43:05.595+0000] {logging_mixin.py:137} INFO - [2023-01-31T10:43:05.595+0000] {dagbag.py:538} INFO - Filling up the DagBag from /home/airflow/.local/lib/python3.7/site-packages/airflow/example_dags/example_branch_python_dop_operator_3.py
[2023-01-31T10:43:05.675+0000] {processor.py:753} INFO - DAG(s) dict_keys(['example_branch_dop_operator_v3']) retrieved from /home/airflow/.local/lib/python3.7/site-packages/airflow/example_dags/example_branch_python_dop_operator_3.py
[2023-01-31T10:43:05.945+0000] {logging_mixin.py:137} INFO - [2023-01-31T10:43:05.945+0000] {dag.py:2690} INFO - Sync 1 DAGs
[2023-01-31T10:43:06.442+0000] {logging_mixin.py:137} INFO - [2023-01-31T10:43:06.441+0000] {dag.py:3441} INFO - Setting next_dagrun for example_branch_dop_operator_v3 to 2023-01-31T10:42:00+00:00, run_after=2023-01-31T10:43:00+00:00
[2023-01-31T10:43:07.299+0000] {processor.py:175} INFO - Processing /home/airflow/.local/lib/python3.7/site-packages/airflow/example_dags/example_branch_python_dop_operator_3.py took 1.715 seconds
[2023-01-31T10:43:37.564+0000] {processor.py:153} INFO - Started process (PID=4544) to work on /home/airflow/.local/lib/python3.7/site-packages/airflow/example_dags/example_branch_python_dop_operator_3.py
[2023-01-31T10:43:37.566+0000] {processor.py:743} INFO - Processing file /home/airflow/.local/lib/python3.7/site-packages/airflow/example_dags/example_branch_python_dop_operator_3.py for tasks to queue
[2023-01-31T10:43:37.569+0000] {logging_mixin.py:137} INFO - [2023-01-31T10:43:37.569+0000] {dagbag.py:538} INFO - Filling up the DagBag from /home/airflow/.local/lib/python3.7/site-packages/airflow/example_dags/example_branch_python_dop_operator_3.py
[2023-01-31T10:43:37.588+0000] {processor.py:753} INFO - DAG(s) dict_keys(['example_branch_dop_operator_v3']) retrieved from /home/airflow/.local/lib/python3.7/site-packages/airflow/example_dags/example_branch_python_dop_operator_3.py
[2023-01-31T10:43:37.614+0000] {logging_mixin.py:137} INFO - [2023-01-31T10:43:37.614+0000] {dag.py:2690} INFO - Sync 1 DAGs
[2023-01-31T10:43:37.634+0000] {logging_mixin.py:137} INFO - [2023-01-31T10:43:37.634+0000] {dag.py:3441} INFO - Setting next_dagrun for example_branch_dop_operator_v3 to 2023-01-31T10:42:00+00:00, run_after=2023-01-31T10:43:00+00:00
[2023-01-31T10:43:37.646+0000] {processor.py:175} INFO - Processing /home/airflow/.local/lib/python3.7/site-packages/airflow/example_dags/example_branch_python_dop_operator_3.py took 0.086 seconds
[2023-01-31T10:44:08.110+0000] {processor.py:153} INFO - Started process (PID=4632) to work on /home/airflow/.local/lib/python3.7/site-packages/airflow/example_dags/example_branch_python_dop_operator_3.py
[2023-01-31T10:44:08.115+0000] {processor.py:743} INFO - Processing file /home/airflow/.local/lib/python3.7/site-packages/airflow/example_dags/example_branch_python_dop_operator_3.py for tasks to queue
[2023-01-31T10:44:08.119+0000] {logging_mixin.py:137} INFO - [2023-01-31T10:44:08.119+0000] {dagbag.py:538} INFO - Filling up the DagBag from /home/airflow/.local/lib/python3.7/site-packages/airflow/example_dags/example_branch_python_dop_operator_3.py
[2023-01-31T10:44:08.164+0000] {processor.py:753} INFO - DAG(s) dict_keys(['example_branch_dop_operator_v3']) retrieved from /home/airflow/.local/lib/python3.7/site-packages/airflow/example_dags/example_branch_python_dop_operator_3.py
[2023-01-31T10:44:08.246+0000] {logging_mixin.py:137} INFO - [2023-01-31T10:44:08.245+0000] {dag.py:2690} INFO - Sync 1 DAGs
[2023-01-31T10:44:08.384+0000] {logging_mixin.py:137} INFO - [2023-01-31T10:44:08.384+0000] {dag.py:3441} INFO - Setting next_dagrun for example_branch_dop_operator_v3 to 2023-01-31T10:43:00+00:00, run_after=2023-01-31T10:44:00+00:00
[2023-01-31T10:44:08.430+0000] {processor.py:175} INFO - Processing /home/airflow/.local/lib/python3.7/site-packages/airflow/example_dags/example_branch_python_dop_operator_3.py took 0.328 seconds
