[2023-01-31T10:15:32.369+0000] {processor.py:153} INFO - Started process (PID=82) to work on /home/airflow/.local/lib/python3.7/site-packages/airflow/example_dags/example_bash_operator.py
[2023-01-31T10:15:32.383+0000] {processor.py:743} INFO - Processing file /home/airflow/.local/lib/python3.7/site-packages/airflow/example_dags/example_bash_operator.py for tasks to queue
[2023-01-31T10:15:32.392+0000] {logging_mixin.py:137} INFO - [2023-01-31T10:15:32.392+0000] {dagbag.py:538} INFO - Filling up the DagBag from /home/airflow/.local/lib/python3.7/site-packages/airflow/example_dags/example_bash_operator.py
[2023-01-31T10:15:32.431+0000] {processor.py:753} INFO - DAG(s) dict_keys(['example_bash_operator']) retrieved from /home/airflow/.local/lib/python3.7/site-packages/airflow/example_dags/example_bash_operator.py
[2023-01-31T10:15:32.489+0000] {logging_mixin.py:137} INFO - [2023-01-31T10:15:32.488+0000] {dag.py:2690} INFO - Sync 1 DAGs
[2023-01-31T10:15:32.673+0000] {logging_mixin.py:137} INFO - [2023-01-31T10:15:32.672+0000] {dag.py:3441} INFO - Setting next_dagrun for example_bash_operator to 2023-01-30T00:00:00+00:00, run_after=2023-01-31T00:00:00+00:00
[2023-01-31T10:15:32.796+0000] {processor.py:175} INFO - Processing /home/airflow/.local/lib/python3.7/site-packages/airflow/example_dags/example_bash_operator.py took 0.431 seconds
[2023-01-31T10:16:03.299+0000] {processor.py:153} INFO - Started process (PID=165) to work on /home/airflow/.local/lib/python3.7/site-packages/airflow/example_dags/example_bash_operator.py
[2023-01-31T10:16:03.302+0000] {processor.py:743} INFO - Processing file /home/airflow/.local/lib/python3.7/site-packages/airflow/example_dags/example_bash_operator.py for tasks to queue
[2023-01-31T10:16:03.310+0000] {logging_mixin.py:137} INFO - [2023-01-31T10:16:03.310+0000] {dagbag.py:538} INFO - Filling up the DagBag from /home/airflow/.local/lib/python3.7/site-packages/airflow/example_dags/example_bash_operator.py
[2023-01-31T10:16:03.330+0000] {processor.py:753} INFO - DAG(s) dict_keys(['example_bash_operator']) retrieved from /home/airflow/.local/lib/python3.7/site-packages/airflow/example_dags/example_bash_operator.py
[2023-01-31T10:16:03.363+0000] {logging_mixin.py:137} INFO - [2023-01-31T10:16:03.363+0000] {dag.py:2690} INFO - Sync 1 DAGs
[2023-01-31T10:16:03.384+0000] {logging_mixin.py:137} INFO - [2023-01-31T10:16:03.384+0000] {dag.py:3441} INFO - Setting next_dagrun for example_bash_operator to 2023-01-30T00:00:00+00:00, run_after=2023-01-31T00:00:00+00:00
[2023-01-31T10:16:03.396+0000] {processor.py:175} INFO - Processing /home/airflow/.local/lib/python3.7/site-packages/airflow/example_dags/example_bash_operator.py took 0.101 seconds
[2023-01-31T10:16:34.499+0000] {processor.py:153} INFO - Started process (PID=260) to work on /home/airflow/.local/lib/python3.7/site-packages/airflow/example_dags/example_bash_operator.py
[2023-01-31T10:16:34.501+0000] {processor.py:743} INFO - Processing file /home/airflow/.local/lib/python3.7/site-packages/airflow/example_dags/example_bash_operator.py for tasks to queue
[2023-01-31T10:16:34.502+0000] {logging_mixin.py:137} INFO - [2023-01-31T10:16:34.502+0000] {dagbag.py:538} INFO - Filling up the DagBag from /home/airflow/.local/lib/python3.7/site-packages/airflow/example_dags/example_bash_operator.py
[2023-01-31T10:16:34.556+0000] {processor.py:753} INFO - DAG(s) dict_keys(['example_bash_operator']) retrieved from /home/airflow/.local/lib/python3.7/site-packages/airflow/example_dags/example_bash_operator.py
[2023-01-31T10:16:34.602+0000] {logging_mixin.py:137} INFO - [2023-01-31T10:16:34.601+0000] {dag.py:2690} INFO - Sync 1 DAGs
[2023-01-31T10:16:34.621+0000] {logging_mixin.py:137} INFO - [2023-01-31T10:16:34.621+0000] {dag.py:3441} INFO - Setting next_dagrun for example_bash_operator to 2023-01-30T00:00:00+00:00, run_after=2023-01-31T00:00:00+00:00
[2023-01-31T10:16:34.638+0000] {processor.py:175} INFO - Processing /home/airflow/.local/lib/python3.7/site-packages/airflow/example_dags/example_bash_operator.py took 0.142 seconds
[2023-01-31T10:17:06.313+0000] {processor.py:153} INFO - Started process (PID=339) to work on /home/airflow/.local/lib/python3.7/site-packages/airflow/example_dags/example_bash_operator.py
[2023-01-31T10:17:06.393+0000] {processor.py:743} INFO - Processing file /home/airflow/.local/lib/python3.7/site-packages/airflow/example_dags/example_bash_operator.py for tasks to queue
[2023-01-31T10:17:06.402+0000] {logging_mixin.py:137} INFO - [2023-01-31T10:17:06.402+0000] {dagbag.py:538} INFO - Filling up the DagBag from /home/airflow/.local/lib/python3.7/site-packages/airflow/example_dags/example_bash_operator.py
[2023-01-31T10:17:06.498+0000] {processor.py:753} INFO - DAG(s) dict_keys(['example_bash_operator']) retrieved from /home/airflow/.local/lib/python3.7/site-packages/airflow/example_dags/example_bash_operator.py
[2023-01-31T10:17:06.552+0000] {logging_mixin.py:137} INFO - [2023-01-31T10:17:06.552+0000] {dag.py:2690} INFO - Sync 1 DAGs
[2023-01-31T10:17:06.595+0000] {logging_mixin.py:137} INFO - [2023-01-31T10:17:06.595+0000] {dag.py:3441} INFO - Setting next_dagrun for example_bash_operator to 2023-01-30T00:00:00+00:00, run_after=2023-01-31T00:00:00+00:00
[2023-01-31T10:17:06.629+0000] {processor.py:175} INFO - Processing /home/airflow/.local/lib/python3.7/site-packages/airflow/example_dags/example_bash_operator.py took 0.326 seconds
[2023-01-31T10:17:37.411+0000] {processor.py:153} INFO - Started process (PID=417) to work on /home/airflow/.local/lib/python3.7/site-packages/airflow/example_dags/example_bash_operator.py
[2023-01-31T10:17:37.418+0000] {processor.py:743} INFO - Processing file /home/airflow/.local/lib/python3.7/site-packages/airflow/example_dags/example_bash_operator.py for tasks to queue
[2023-01-31T10:17:37.420+0000] {logging_mixin.py:137} INFO - [2023-01-31T10:17:37.420+0000] {dagbag.py:538} INFO - Filling up the DagBag from /home/airflow/.local/lib/python3.7/site-packages/airflow/example_dags/example_bash_operator.py
[2023-01-31T10:17:37.471+0000] {processor.py:753} INFO - DAG(s) dict_keys(['example_bash_operator']) retrieved from /home/airflow/.local/lib/python3.7/site-packages/airflow/example_dags/example_bash_operator.py
[2023-01-31T10:17:37.536+0000] {logging_mixin.py:137} INFO - [2023-01-31T10:17:37.536+0000] {dag.py:2690} INFO - Sync 1 DAGs
[2023-01-31T10:17:37.568+0000] {logging_mixin.py:137} INFO - [2023-01-31T10:17:37.568+0000] {dag.py:3441} INFO - Setting next_dagrun for example_bash_operator to 2023-01-30T00:00:00+00:00, run_after=2023-01-31T00:00:00+00:00
[2023-01-31T10:17:37.602+0000] {processor.py:175} INFO - Processing /home/airflow/.local/lib/python3.7/site-packages/airflow/example_dags/example_bash_operator.py took 0.198 seconds
[2023-01-31T10:18:08.442+0000] {processor.py:153} INFO - Started process (PID=496) to work on /home/airflow/.local/lib/python3.7/site-packages/airflow/example_dags/example_bash_operator.py
[2023-01-31T10:18:08.445+0000] {processor.py:743} INFO - Processing file /home/airflow/.local/lib/python3.7/site-packages/airflow/example_dags/example_bash_operator.py for tasks to queue
[2023-01-31T10:18:08.447+0000] {logging_mixin.py:137} INFO - [2023-01-31T10:18:08.447+0000] {dagbag.py:538} INFO - Filling up the DagBag from /home/airflow/.local/lib/python3.7/site-packages/airflow/example_dags/example_bash_operator.py
[2023-01-31T10:18:08.512+0000] {processor.py:753} INFO - DAG(s) dict_keys(['example_bash_operator']) retrieved from /home/airflow/.local/lib/python3.7/site-packages/airflow/example_dags/example_bash_operator.py
[2023-01-31T10:18:08.561+0000] {logging_mixin.py:137} INFO - [2023-01-31T10:18:08.561+0000] {dag.py:2690} INFO - Sync 1 DAGs
[2023-01-31T10:18:08.602+0000] {logging_mixin.py:137} INFO - [2023-01-31T10:18:08.602+0000] {dag.py:3441} INFO - Setting next_dagrun for example_bash_operator to 2023-01-30T00:00:00+00:00, run_after=2023-01-31T00:00:00+00:00
[2023-01-31T10:18:08.666+0000] {processor.py:175} INFO - Processing /home/airflow/.local/lib/python3.7/site-packages/airflow/example_dags/example_bash_operator.py took 0.228 seconds
[2023-01-31T10:18:43.394+0000] {processor.py:153} INFO - Started process (PID=575) to work on /home/airflow/.local/lib/python3.7/site-packages/airflow/example_dags/example_bash_operator.py
[2023-01-31T10:18:43.399+0000] {processor.py:743} INFO - Processing file /home/airflow/.local/lib/python3.7/site-packages/airflow/example_dags/example_bash_operator.py for tasks to queue
[2023-01-31T10:18:43.403+0000] {logging_mixin.py:137} INFO - [2023-01-31T10:18:43.402+0000] {dagbag.py:538} INFO - Filling up the DagBag from /home/airflow/.local/lib/python3.7/site-packages/airflow/example_dags/example_bash_operator.py
[2023-01-31T10:18:43.427+0000] {processor.py:753} INFO - DAG(s) dict_keys(['example_bash_operator']) retrieved from /home/airflow/.local/lib/python3.7/site-packages/airflow/example_dags/example_bash_operator.py
[2023-01-31T10:18:43.472+0000] {logging_mixin.py:137} INFO - [2023-01-31T10:18:43.472+0000] {dag.py:2690} INFO - Sync 1 DAGs
[2023-01-31T10:18:43.501+0000] {logging_mixin.py:137} INFO - [2023-01-31T10:18:43.501+0000] {dag.py:3441} INFO - Setting next_dagrun for example_bash_operator to 2023-01-30T00:00:00+00:00, run_after=2023-01-31T00:00:00+00:00
[2023-01-31T10:18:43.526+0000] {processor.py:175} INFO - Processing /home/airflow/.local/lib/python3.7/site-packages/airflow/example_dags/example_bash_operator.py took 0.135 seconds
[2023-01-31T10:19:14.635+0000] {processor.py:153} INFO - Started process (PID=658) to work on /home/airflow/.local/lib/python3.7/site-packages/airflow/example_dags/example_bash_operator.py
[2023-01-31T10:19:14.638+0000] {processor.py:743} INFO - Processing file /home/airflow/.local/lib/python3.7/site-packages/airflow/example_dags/example_bash_operator.py for tasks to queue
[2023-01-31T10:19:14.640+0000] {logging_mixin.py:137} INFO - [2023-01-31T10:19:14.640+0000] {dagbag.py:538} INFO - Filling up the DagBag from /home/airflow/.local/lib/python3.7/site-packages/airflow/example_dags/example_bash_operator.py
[2023-01-31T10:19:14.659+0000] {processor.py:753} INFO - DAG(s) dict_keys(['example_bash_operator']) retrieved from /home/airflow/.local/lib/python3.7/site-packages/airflow/example_dags/example_bash_operator.py
[2023-01-31T10:19:14.690+0000] {logging_mixin.py:137} INFO - [2023-01-31T10:19:14.690+0000] {dag.py:2690} INFO - Sync 1 DAGs
[2023-01-31T10:19:14.714+0000] {logging_mixin.py:137} INFO - [2023-01-31T10:19:14.714+0000] {dag.py:3441} INFO - Setting next_dagrun for example_bash_operator to 2023-01-30T00:00:00+00:00, run_after=2023-01-31T00:00:00+00:00
[2023-01-31T10:19:14.733+0000] {processor.py:175} INFO - Processing /home/airflow/.local/lib/python3.7/site-packages/airflow/example_dags/example_bash_operator.py took 0.107 seconds
[2023-01-31T10:19:45.200+0000] {processor.py:153} INFO - Started process (PID=735) to work on /home/airflow/.local/lib/python3.7/site-packages/airflow/example_dags/example_bash_operator.py
[2023-01-31T10:19:45.201+0000] {processor.py:743} INFO - Processing file /home/airflow/.local/lib/python3.7/site-packages/airflow/example_dags/example_bash_operator.py for tasks to queue
[2023-01-31T10:19:45.203+0000] {logging_mixin.py:137} INFO - [2023-01-31T10:19:45.203+0000] {dagbag.py:538} INFO - Filling up the DagBag from /home/airflow/.local/lib/python3.7/site-packages/airflow/example_dags/example_bash_operator.py
[2023-01-31T10:19:45.223+0000] {processor.py:753} INFO - DAG(s) dict_keys(['example_bash_operator']) retrieved from /home/airflow/.local/lib/python3.7/site-packages/airflow/example_dags/example_bash_operator.py
[2023-01-31T10:19:45.259+0000] {logging_mixin.py:137} INFO - [2023-01-31T10:19:45.259+0000] {dag.py:2690} INFO - Sync 1 DAGs
[2023-01-31T10:19:45.282+0000] {logging_mixin.py:137} INFO - [2023-01-31T10:19:45.282+0000] {dag.py:3441} INFO - Setting next_dagrun for example_bash_operator to 2023-01-30T00:00:00+00:00, run_after=2023-01-31T00:00:00+00:00
[2023-01-31T10:19:45.301+0000] {processor.py:175} INFO - Processing /home/airflow/.local/lib/python3.7/site-packages/airflow/example_dags/example_bash_operator.py took 0.105 seconds
[2023-01-31T10:20:16.593+0000] {processor.py:153} INFO - Started process (PID=835) to work on /home/airflow/.local/lib/python3.7/site-packages/airflow/example_dags/example_bash_operator.py
[2023-01-31T10:20:16.631+0000] {processor.py:743} INFO - Processing file /home/airflow/.local/lib/python3.7/site-packages/airflow/example_dags/example_bash_operator.py for tasks to queue
[2023-01-31T10:20:16.638+0000] {logging_mixin.py:137} INFO - [2023-01-31T10:20:16.638+0000] {dagbag.py:538} INFO - Filling up the DagBag from /home/airflow/.local/lib/python3.7/site-packages/airflow/example_dags/example_bash_operator.py
[2023-01-31T10:20:16.695+0000] {processor.py:753} INFO - DAG(s) dict_keys(['example_bash_operator']) retrieved from /home/airflow/.local/lib/python3.7/site-packages/airflow/example_dags/example_bash_operator.py
[2023-01-31T10:20:16.827+0000] {logging_mixin.py:137} INFO - [2023-01-31T10:20:16.827+0000] {dag.py:2690} INFO - Sync 1 DAGs
[2023-01-31T10:20:16.893+0000] {logging_mixin.py:137} INFO - [2023-01-31T10:20:16.892+0000] {dag.py:3441} INFO - Setting next_dagrun for example_bash_operator to 2023-01-30T00:00:00+00:00, run_after=2023-01-31T00:00:00+00:00
[2023-01-31T10:20:16.935+0000] {processor.py:175} INFO - Processing /home/airflow/.local/lib/python3.7/site-packages/airflow/example_dags/example_bash_operator.py took 0.350 seconds
[2023-01-31T10:20:47.482+0000] {processor.py:153} INFO - Started process (PID=914) to work on /home/airflow/.local/lib/python3.7/site-packages/airflow/example_dags/example_bash_operator.py
[2023-01-31T10:20:47.486+0000] {processor.py:743} INFO - Processing file /home/airflow/.local/lib/python3.7/site-packages/airflow/example_dags/example_bash_operator.py for tasks to queue
[2023-01-31T10:20:47.488+0000] {logging_mixin.py:137} INFO - [2023-01-31T10:20:47.487+0000] {dagbag.py:538} INFO - Filling up the DagBag from /home/airflow/.local/lib/python3.7/site-packages/airflow/example_dags/example_bash_operator.py
[2023-01-31T10:20:47.511+0000] {processor.py:753} INFO - DAG(s) dict_keys(['example_bash_operator']) retrieved from /home/airflow/.local/lib/python3.7/site-packages/airflow/example_dags/example_bash_operator.py
[2023-01-31T10:20:47.551+0000] {logging_mixin.py:137} INFO - [2023-01-31T10:20:47.551+0000] {dag.py:2690} INFO - Sync 1 DAGs
[2023-01-31T10:20:47.581+0000] {logging_mixin.py:137} INFO - [2023-01-31T10:20:47.581+0000] {dag.py:3441} INFO - Setting next_dagrun for example_bash_operator to 2023-01-30T00:00:00+00:00, run_after=2023-01-31T00:00:00+00:00
[2023-01-31T10:20:47.599+0000] {processor.py:175} INFO - Processing /home/airflow/.local/lib/python3.7/site-packages/airflow/example_dags/example_bash_operator.py took 0.122 seconds
[2023-01-31T10:21:17.830+0000] {processor.py:153} INFO - Started process (PID=993) to work on /home/airflow/.local/lib/python3.7/site-packages/airflow/example_dags/example_bash_operator.py
[2023-01-31T10:21:17.846+0000] {processor.py:743} INFO - Processing file /home/airflow/.local/lib/python3.7/site-packages/airflow/example_dags/example_bash_operator.py for tasks to queue
[2023-01-31T10:21:17.851+0000] {logging_mixin.py:137} INFO - [2023-01-31T10:21:17.851+0000] {dagbag.py:538} INFO - Filling up the DagBag from /home/airflow/.local/lib/python3.7/site-packages/airflow/example_dags/example_bash_operator.py
[2023-01-31T10:21:17.870+0000] {processor.py:753} INFO - DAG(s) dict_keys(['example_bash_operator']) retrieved from /home/airflow/.local/lib/python3.7/site-packages/airflow/example_dags/example_bash_operator.py
[2023-01-31T10:21:17.896+0000] {logging_mixin.py:137} INFO - [2023-01-31T10:21:17.896+0000] {dag.py:2690} INFO - Sync 1 DAGs
[2023-01-31T10:21:17.923+0000] {logging_mixin.py:137} INFO - [2023-01-31T10:21:17.923+0000] {dag.py:3441} INFO - Setting next_dagrun for example_bash_operator to 2023-01-30T00:00:00+00:00, run_after=2023-01-31T00:00:00+00:00
[2023-01-31T10:21:17.992+0000] {processor.py:175} INFO - Processing /home/airflow/.local/lib/python3.7/site-packages/airflow/example_dags/example_bash_operator.py took 0.176 seconds
[2023-01-31T10:21:48.200+0000] {processor.py:153} INFO - Started process (PID=1071) to work on /home/airflow/.local/lib/python3.7/site-packages/airflow/example_dags/example_bash_operator.py
[2023-01-31T10:21:48.202+0000] {processor.py:743} INFO - Processing file /home/airflow/.local/lib/python3.7/site-packages/airflow/example_dags/example_bash_operator.py for tasks to queue
[2023-01-31T10:21:48.204+0000] {logging_mixin.py:137} INFO - [2023-01-31T10:21:48.203+0000] {dagbag.py:538} INFO - Filling up the DagBag from /home/airflow/.local/lib/python3.7/site-packages/airflow/example_dags/example_bash_operator.py
[2023-01-31T10:21:48.224+0000] {processor.py:753} INFO - DAG(s) dict_keys(['example_bash_operator']) retrieved from /home/airflow/.local/lib/python3.7/site-packages/airflow/example_dags/example_bash_operator.py
[2023-01-31T10:21:48.273+0000] {logging_mixin.py:137} INFO - [2023-01-31T10:21:48.272+0000] {dag.py:2690} INFO - Sync 1 DAGs
[2023-01-31T10:21:48.316+0000] {logging_mixin.py:137} INFO - [2023-01-31T10:21:48.316+0000] {dag.py:3441} INFO - Setting next_dagrun for example_bash_operator to 2023-01-30T00:00:00+00:00, run_after=2023-01-31T00:00:00+00:00
[2023-01-31T10:21:48.341+0000] {processor.py:175} INFO - Processing /home/airflow/.local/lib/python3.7/site-packages/airflow/example_dags/example_bash_operator.py took 0.144 seconds
[2023-01-31T10:22:19.153+0000] {processor.py:153} INFO - Started process (PID=1150) to work on /home/airflow/.local/lib/python3.7/site-packages/airflow/example_dags/example_bash_operator.py
[2023-01-31T10:22:19.155+0000] {processor.py:743} INFO - Processing file /home/airflow/.local/lib/python3.7/site-packages/airflow/example_dags/example_bash_operator.py for tasks to queue
[2023-01-31T10:22:19.156+0000] {logging_mixin.py:137} INFO - [2023-01-31T10:22:19.156+0000] {dagbag.py:538} INFO - Filling up the DagBag from /home/airflow/.local/lib/python3.7/site-packages/airflow/example_dags/example_bash_operator.py
[2023-01-31T10:22:19.193+0000] {processor.py:753} INFO - DAG(s) dict_keys(['example_bash_operator']) retrieved from /home/airflow/.local/lib/python3.7/site-packages/airflow/example_dags/example_bash_operator.py
[2023-01-31T10:22:19.254+0000] {logging_mixin.py:137} INFO - [2023-01-31T10:22:19.254+0000] {dag.py:2690} INFO - Sync 1 DAGs
[2023-01-31T10:22:19.285+0000] {logging_mixin.py:137} INFO - [2023-01-31T10:22:19.285+0000] {dag.py:3441} INFO - Setting next_dagrun for example_bash_operator to 2023-01-30T00:00:00+00:00, run_after=2023-01-31T00:00:00+00:00
[2023-01-31T10:22:19.299+0000] {processor.py:175} INFO - Processing /home/airflow/.local/lib/python3.7/site-packages/airflow/example_dags/example_bash_operator.py took 0.149 seconds
[2023-01-31T10:22:51.927+0000] {processor.py:153} INFO - Started process (PID=1244) to work on /home/airflow/.local/lib/python3.7/site-packages/airflow/example_dags/example_bash_operator.py
[2023-01-31T10:22:51.930+0000] {processor.py:743} INFO - Processing file /home/airflow/.local/lib/python3.7/site-packages/airflow/example_dags/example_bash_operator.py for tasks to queue
[2023-01-31T10:22:51.933+0000] {logging_mixin.py:137} INFO - [2023-01-31T10:22:51.933+0000] {dagbag.py:538} INFO - Filling up the DagBag from /home/airflow/.local/lib/python3.7/site-packages/airflow/example_dags/example_bash_operator.py
[2023-01-31T10:22:51.966+0000] {processor.py:753} INFO - DAG(s) dict_keys(['example_bash_operator']) retrieved from /home/airflow/.local/lib/python3.7/site-packages/airflow/example_dags/example_bash_operator.py
[2023-01-31T10:22:52.031+0000] {logging_mixin.py:137} INFO - [2023-01-31T10:22:52.031+0000] {dag.py:2690} INFO - Sync 1 DAGs
[2023-01-31T10:22:52.072+0000] {logging_mixin.py:137} INFO - [2023-01-31T10:22:52.071+0000] {dag.py:3441} INFO - Setting next_dagrun for example_bash_operator to 2023-01-30T00:00:00+00:00, run_after=2023-01-31T00:00:00+00:00
[2023-01-31T10:22:52.100+0000] {processor.py:175} INFO - Processing /home/airflow/.local/lib/python3.7/site-packages/airflow/example_dags/example_bash_operator.py took 0.179 seconds
[2023-01-31T10:23:22.213+0000] {processor.py:153} INFO - Started process (PID=1322) to work on /home/airflow/.local/lib/python3.7/site-packages/airflow/example_dags/example_bash_operator.py
[2023-01-31T10:23:22.217+0000] {processor.py:743} INFO - Processing file /home/airflow/.local/lib/python3.7/site-packages/airflow/example_dags/example_bash_operator.py for tasks to queue
[2023-01-31T10:23:22.218+0000] {logging_mixin.py:137} INFO - [2023-01-31T10:23:22.218+0000] {dagbag.py:538} INFO - Filling up the DagBag from /home/airflow/.local/lib/python3.7/site-packages/airflow/example_dags/example_bash_operator.py
[2023-01-31T10:23:22.239+0000] {processor.py:753} INFO - DAG(s) dict_keys(['example_bash_operator']) retrieved from /home/airflow/.local/lib/python3.7/site-packages/airflow/example_dags/example_bash_operator.py
[2023-01-31T10:23:22.299+0000] {logging_mixin.py:137} INFO - [2023-01-31T10:23:22.299+0000] {dag.py:2690} INFO - Sync 1 DAGs
[2023-01-31T10:23:22.333+0000] {logging_mixin.py:137} INFO - [2023-01-31T10:23:22.333+0000] {dag.py:3441} INFO - Setting next_dagrun for example_bash_operator to 2023-01-30T00:00:00+00:00, run_after=2023-01-31T00:00:00+00:00
[2023-01-31T10:23:22.361+0000] {processor.py:175} INFO - Processing /home/airflow/.local/lib/python3.7/site-packages/airflow/example_dags/example_bash_operator.py took 0.151 seconds
[2023-01-31T10:23:53.463+0000] {processor.py:153} INFO - Started process (PID=1401) to work on /home/airflow/.local/lib/python3.7/site-packages/airflow/example_dags/example_bash_operator.py
[2023-01-31T10:23:53.465+0000] {processor.py:743} INFO - Processing file /home/airflow/.local/lib/python3.7/site-packages/airflow/example_dags/example_bash_operator.py for tasks to queue
[2023-01-31T10:23:53.466+0000] {logging_mixin.py:137} INFO - [2023-01-31T10:23:53.466+0000] {dagbag.py:538} INFO - Filling up the DagBag from /home/airflow/.local/lib/python3.7/site-packages/airflow/example_dags/example_bash_operator.py
[2023-01-31T10:23:53.489+0000] {processor.py:753} INFO - DAG(s) dict_keys(['example_bash_operator']) retrieved from /home/airflow/.local/lib/python3.7/site-packages/airflow/example_dags/example_bash_operator.py
[2023-01-31T10:23:53.532+0000] {logging_mixin.py:137} INFO - [2023-01-31T10:23:53.531+0000] {dag.py:2690} INFO - Sync 1 DAGs
[2023-01-31T10:23:53.555+0000] {logging_mixin.py:137} INFO - [2023-01-31T10:23:53.555+0000] {dag.py:3441} INFO - Setting next_dagrun for example_bash_operator to 2023-01-30T00:00:00+00:00, run_after=2023-01-31T00:00:00+00:00
[2023-01-31T10:23:53.572+0000] {processor.py:175} INFO - Processing /home/airflow/.local/lib/python3.7/site-packages/airflow/example_dags/example_bash_operator.py took 0.112 seconds
[2023-01-31T10:24:23.785+0000] {processor.py:153} INFO - Started process (PID=1479) to work on /home/airflow/.local/lib/python3.7/site-packages/airflow/example_dags/example_bash_operator.py
[2023-01-31T10:24:23.788+0000] {processor.py:743} INFO - Processing file /home/airflow/.local/lib/python3.7/site-packages/airflow/example_dags/example_bash_operator.py for tasks to queue
[2023-01-31T10:24:23.789+0000] {logging_mixin.py:137} INFO - [2023-01-31T10:24:23.789+0000] {dagbag.py:538} INFO - Filling up the DagBag from /home/airflow/.local/lib/python3.7/site-packages/airflow/example_dags/example_bash_operator.py
[2023-01-31T10:24:23.807+0000] {processor.py:753} INFO - DAG(s) dict_keys(['example_bash_operator']) retrieved from /home/airflow/.local/lib/python3.7/site-packages/airflow/example_dags/example_bash_operator.py
[2023-01-31T10:24:23.839+0000] {logging_mixin.py:137} INFO - [2023-01-31T10:24:23.838+0000] {dag.py:2690} INFO - Sync 1 DAGs
[2023-01-31T10:24:23.865+0000] {logging_mixin.py:137} INFO - [2023-01-31T10:24:23.865+0000] {dag.py:3441} INFO - Setting next_dagrun for example_bash_operator to 2023-01-30T00:00:00+00:00, run_after=2023-01-31T00:00:00+00:00
[2023-01-31T10:24:23.883+0000] {processor.py:175} INFO - Processing /home/airflow/.local/lib/python3.7/site-packages/airflow/example_dags/example_bash_operator.py took 0.101 seconds
[2023-01-31T10:24:54.768+0000] {processor.py:153} INFO - Started process (PID=1561) to work on /home/airflow/.local/lib/python3.7/site-packages/airflow/example_dags/example_bash_operator.py
[2023-01-31T10:24:54.775+0000] {processor.py:743} INFO - Processing file /home/airflow/.local/lib/python3.7/site-packages/airflow/example_dags/example_bash_operator.py for tasks to queue
[2023-01-31T10:24:54.776+0000] {logging_mixin.py:137} INFO - [2023-01-31T10:24:54.776+0000] {dagbag.py:538} INFO - Filling up the DagBag from /home/airflow/.local/lib/python3.7/site-packages/airflow/example_dags/example_bash_operator.py
[2023-01-31T10:24:54.795+0000] {processor.py:753} INFO - DAG(s) dict_keys(['example_bash_operator']) retrieved from /home/airflow/.local/lib/python3.7/site-packages/airflow/example_dags/example_bash_operator.py
[2023-01-31T10:24:54.823+0000] {logging_mixin.py:137} INFO - [2023-01-31T10:24:54.823+0000] {dag.py:2690} INFO - Sync 1 DAGs
[2023-01-31T10:24:54.842+0000] {logging_mixin.py:137} INFO - [2023-01-31T10:24:54.842+0000] {dag.py:3441} INFO - Setting next_dagrun for example_bash_operator to 2023-01-30T00:00:00+00:00, run_after=2023-01-31T00:00:00+00:00
[2023-01-31T10:24:54.856+0000] {processor.py:175} INFO - Processing /home/airflow/.local/lib/python3.7/site-packages/airflow/example_dags/example_bash_operator.py took 0.092 seconds
[2023-01-31T10:25:29.388+0000] {processor.py:153} INFO - Started process (PID=1656) to work on /home/airflow/.local/lib/python3.7/site-packages/airflow/example_dags/example_bash_operator.py
[2023-01-31T10:25:29.390+0000] {processor.py:743} INFO - Processing file /home/airflow/.local/lib/python3.7/site-packages/airflow/example_dags/example_bash_operator.py for tasks to queue
[2023-01-31T10:25:29.392+0000] {logging_mixin.py:137} INFO - [2023-01-31T10:25:29.392+0000] {dagbag.py:538} INFO - Filling up the DagBag from /home/airflow/.local/lib/python3.7/site-packages/airflow/example_dags/example_bash_operator.py
[2023-01-31T10:25:29.423+0000] {processor.py:753} INFO - DAG(s) dict_keys(['example_bash_operator']) retrieved from /home/airflow/.local/lib/python3.7/site-packages/airflow/example_dags/example_bash_operator.py
[2023-01-31T10:25:29.537+0000] {logging_mixin.py:137} INFO - [2023-01-31T10:25:29.535+0000] {dag.py:2690} INFO - Sync 1 DAGs
[2023-01-31T10:25:29.601+0000] {logging_mixin.py:137} INFO - [2023-01-31T10:25:29.601+0000] {dag.py:3441} INFO - Setting next_dagrun for example_bash_operator to 2023-01-30T00:00:00+00:00, run_after=2023-01-31T00:00:00+00:00
[2023-01-31T10:25:29.676+0000] {processor.py:175} INFO - Processing /home/airflow/.local/lib/python3.7/site-packages/airflow/example_dags/example_bash_operator.py took 0.292 seconds
[2023-01-31T10:26:00.344+0000] {processor.py:153} INFO - Started process (PID=1736) to work on /home/airflow/.local/lib/python3.7/site-packages/airflow/example_dags/example_bash_operator.py
[2023-01-31T10:26:00.346+0000] {processor.py:743} INFO - Processing file /home/airflow/.local/lib/python3.7/site-packages/airflow/example_dags/example_bash_operator.py for tasks to queue
[2023-01-31T10:26:00.349+0000] {logging_mixin.py:137} INFO - [2023-01-31T10:26:00.349+0000] {dagbag.py:538} INFO - Filling up the DagBag from /home/airflow/.local/lib/python3.7/site-packages/airflow/example_dags/example_bash_operator.py
[2023-01-31T10:26:00.378+0000] {processor.py:753} INFO - DAG(s) dict_keys(['example_bash_operator']) retrieved from /home/airflow/.local/lib/python3.7/site-packages/airflow/example_dags/example_bash_operator.py
[2023-01-31T10:26:00.421+0000] {logging_mixin.py:137} INFO - [2023-01-31T10:26:00.421+0000] {dag.py:2690} INFO - Sync 1 DAGs
[2023-01-31T10:26:00.460+0000] {logging_mixin.py:137} INFO - [2023-01-31T10:26:00.459+0000] {dag.py:3441} INFO - Setting next_dagrun for example_bash_operator to 2023-01-30T00:00:00+00:00, run_after=2023-01-31T00:00:00+00:00
[2023-01-31T10:26:00.489+0000] {processor.py:175} INFO - Processing /home/airflow/.local/lib/python3.7/site-packages/airflow/example_dags/example_bash_operator.py took 0.151 seconds
[2023-01-31T10:26:30.649+0000] {processor.py:153} INFO - Started process (PID=1819) to work on /home/airflow/.local/lib/python3.7/site-packages/airflow/example_dags/example_bash_operator.py
[2023-01-31T10:26:30.651+0000] {processor.py:743} INFO - Processing file /home/airflow/.local/lib/python3.7/site-packages/airflow/example_dags/example_bash_operator.py for tasks to queue
[2023-01-31T10:26:30.652+0000] {logging_mixin.py:137} INFO - [2023-01-31T10:26:30.651+0000] {dagbag.py:538} INFO - Filling up the DagBag from /home/airflow/.local/lib/python3.7/site-packages/airflow/example_dags/example_bash_operator.py
[2023-01-31T10:26:30.669+0000] {processor.py:753} INFO - DAG(s) dict_keys(['example_bash_operator']) retrieved from /home/airflow/.local/lib/python3.7/site-packages/airflow/example_dags/example_bash_operator.py
[2023-01-31T10:26:30.715+0000] {logging_mixin.py:137} INFO - [2023-01-31T10:26:30.715+0000] {dag.py:2690} INFO - Sync 1 DAGs
[2023-01-31T10:26:30.744+0000] {logging_mixin.py:137} INFO - [2023-01-31T10:26:30.744+0000] {dag.py:3441} INFO - Setting next_dagrun for example_bash_operator to 2023-01-30T00:00:00+00:00, run_after=2023-01-31T00:00:00+00:00
[2023-01-31T10:26:30.778+0000] {processor.py:175} INFO - Processing /home/airflow/.local/lib/python3.7/site-packages/airflow/example_dags/example_bash_operator.py took 0.133 seconds
[2023-01-31T10:27:01.697+0000] {processor.py:153} INFO - Started process (PID=1898) to work on /home/airflow/.local/lib/python3.7/site-packages/airflow/example_dags/example_bash_operator.py
[2023-01-31T10:27:01.698+0000] {processor.py:743} INFO - Processing file /home/airflow/.local/lib/python3.7/site-packages/airflow/example_dags/example_bash_operator.py for tasks to queue
[2023-01-31T10:27:01.699+0000] {logging_mixin.py:137} INFO - [2023-01-31T10:27:01.699+0000] {dagbag.py:538} INFO - Filling up the DagBag from /home/airflow/.local/lib/python3.7/site-packages/airflow/example_dags/example_bash_operator.py
[2023-01-31T10:27:01.717+0000] {processor.py:753} INFO - DAG(s) dict_keys(['example_bash_operator']) retrieved from /home/airflow/.local/lib/python3.7/site-packages/airflow/example_dags/example_bash_operator.py
[2023-01-31T10:27:01.760+0000] {logging_mixin.py:137} INFO - [2023-01-31T10:27:01.760+0000] {dag.py:2690} INFO - Sync 1 DAGs
[2023-01-31T10:27:01.779+0000] {logging_mixin.py:137} INFO - [2023-01-31T10:27:01.778+0000] {dag.py:3441} INFO - Setting next_dagrun for example_bash_operator to 2023-01-30T00:00:00+00:00, run_after=2023-01-31T00:00:00+00:00
[2023-01-31T10:27:01.793+0000] {processor.py:175} INFO - Processing /home/airflow/.local/lib/python3.7/site-packages/airflow/example_dags/example_bash_operator.py took 0.099 seconds
[2023-01-31T10:27:32.135+0000] {processor.py:153} INFO - Started process (PID=1993) to work on /home/airflow/.local/lib/python3.7/site-packages/airflow/example_dags/example_bash_operator.py
[2023-01-31T10:27:32.137+0000] {processor.py:743} INFO - Processing file /home/airflow/.local/lib/python3.7/site-packages/airflow/example_dags/example_bash_operator.py for tasks to queue
[2023-01-31T10:27:32.141+0000] {logging_mixin.py:137} INFO - [2023-01-31T10:27:32.140+0000] {dagbag.py:538} INFO - Filling up the DagBag from /home/airflow/.local/lib/python3.7/site-packages/airflow/example_dags/example_bash_operator.py
[2023-01-31T10:27:32.167+0000] {processor.py:753} INFO - DAG(s) dict_keys(['example_bash_operator']) retrieved from /home/airflow/.local/lib/python3.7/site-packages/airflow/example_dags/example_bash_operator.py
[2023-01-31T10:27:32.213+0000] {logging_mixin.py:137} INFO - [2023-01-31T10:27:32.213+0000] {dag.py:2690} INFO - Sync 1 DAGs
[2023-01-31T10:27:32.238+0000] {logging_mixin.py:137} INFO - [2023-01-31T10:27:32.238+0000] {dag.py:3441} INFO - Setting next_dagrun for example_bash_operator to 2023-01-30T00:00:00+00:00, run_after=2023-01-31T00:00:00+00:00
[2023-01-31T10:27:32.257+0000] {processor.py:175} INFO - Processing /home/airflow/.local/lib/python3.7/site-packages/airflow/example_dags/example_bash_operator.py took 0.124 seconds
[2023-01-31T10:28:02.717+0000] {processor.py:153} INFO - Started process (PID=2073) to work on /home/airflow/.local/lib/python3.7/site-packages/airflow/example_dags/example_bash_operator.py
[2023-01-31T10:28:02.718+0000] {processor.py:743} INFO - Processing file /home/airflow/.local/lib/python3.7/site-packages/airflow/example_dags/example_bash_operator.py for tasks to queue
[2023-01-31T10:28:02.720+0000] {logging_mixin.py:137} INFO - [2023-01-31T10:28:02.720+0000] {dagbag.py:538} INFO - Filling up the DagBag from /home/airflow/.local/lib/python3.7/site-packages/airflow/example_dags/example_bash_operator.py
[2023-01-31T10:28:02.736+0000] {processor.py:753} INFO - DAG(s) dict_keys(['example_bash_operator']) retrieved from /home/airflow/.local/lib/python3.7/site-packages/airflow/example_dags/example_bash_operator.py
[2023-01-31T10:28:02.768+0000] {logging_mixin.py:137} INFO - [2023-01-31T10:28:02.768+0000] {dag.py:2690} INFO - Sync 1 DAGs
[2023-01-31T10:28:02.788+0000] {logging_mixin.py:137} INFO - [2023-01-31T10:28:02.788+0000] {dag.py:3441} INFO - Setting next_dagrun for example_bash_operator to 2023-01-30T00:00:00+00:00, run_after=2023-01-31T00:00:00+00:00
[2023-01-31T10:28:02.800+0000] {processor.py:175} INFO - Processing /home/airflow/.local/lib/python3.7/site-packages/airflow/example_dags/example_bash_operator.py took 0.086 seconds
[2023-01-31T10:28:33.189+0000] {processor.py:153} INFO - Started process (PID=2161) to work on /home/airflow/.local/lib/python3.7/site-packages/airflow/example_dags/example_bash_operator.py
[2023-01-31T10:28:33.193+0000] {processor.py:743} INFO - Processing file /home/airflow/.local/lib/python3.7/site-packages/airflow/example_dags/example_bash_operator.py for tasks to queue
[2023-01-31T10:28:33.194+0000] {logging_mixin.py:137} INFO - [2023-01-31T10:28:33.194+0000] {dagbag.py:538} INFO - Filling up the DagBag from /home/airflow/.local/lib/python3.7/site-packages/airflow/example_dags/example_bash_operator.py
[2023-01-31T10:28:33.225+0000] {processor.py:753} INFO - DAG(s) dict_keys(['example_bash_operator']) retrieved from /home/airflow/.local/lib/python3.7/site-packages/airflow/example_dags/example_bash_operator.py
[2023-01-31T10:28:33.273+0000] {logging_mixin.py:137} INFO - [2023-01-31T10:28:33.272+0000] {dag.py:2690} INFO - Sync 1 DAGs
[2023-01-31T10:28:33.363+0000] {logging_mixin.py:137} INFO - [2023-01-31T10:28:33.363+0000] {dag.py:3441} INFO - Setting next_dagrun for example_bash_operator to 2023-01-30T00:00:00+00:00, run_after=2023-01-31T00:00:00+00:00
[2023-01-31T10:28:33.387+0000] {processor.py:175} INFO - Processing /home/airflow/.local/lib/python3.7/site-packages/airflow/example_dags/example_bash_operator.py took 0.202 seconds
[2023-01-31T10:29:03.646+0000] {processor.py:153} INFO - Started process (PID=2246) to work on /home/airflow/.local/lib/python3.7/site-packages/airflow/example_dags/example_bash_operator.py
[2023-01-31T10:29:03.647+0000] {processor.py:743} INFO - Processing file /home/airflow/.local/lib/python3.7/site-packages/airflow/example_dags/example_bash_operator.py for tasks to queue
[2023-01-31T10:29:03.649+0000] {logging_mixin.py:137} INFO - [2023-01-31T10:29:03.648+0000] {dagbag.py:538} INFO - Filling up the DagBag from /home/airflow/.local/lib/python3.7/site-packages/airflow/example_dags/example_bash_operator.py
[2023-01-31T10:29:03.665+0000] {processor.py:753} INFO - DAG(s) dict_keys(['example_bash_operator']) retrieved from /home/airflow/.local/lib/python3.7/site-packages/airflow/example_dags/example_bash_operator.py
[2023-01-31T10:29:03.693+0000] {logging_mixin.py:137} INFO - [2023-01-31T10:29:03.693+0000] {dag.py:2690} INFO - Sync 1 DAGs
[2023-01-31T10:29:03.710+0000] {logging_mixin.py:137} INFO - [2023-01-31T10:29:03.710+0000] {dag.py:3441} INFO - Setting next_dagrun for example_bash_operator to 2023-01-30T00:00:00+00:00, run_after=2023-01-31T00:00:00+00:00
[2023-01-31T10:29:03.746+0000] {processor.py:175} INFO - Processing /home/airflow/.local/lib/python3.7/site-packages/airflow/example_dags/example_bash_operator.py took 0.103 seconds
[2023-01-31T10:29:34.833+0000] {processor.py:153} INFO - Started process (PID=2325) to work on /home/airflow/.local/lib/python3.7/site-packages/airflow/example_dags/example_bash_operator.py
[2023-01-31T10:29:34.838+0000] {processor.py:743} INFO - Processing file /home/airflow/.local/lib/python3.7/site-packages/airflow/example_dags/example_bash_operator.py for tasks to queue
[2023-01-31T10:29:34.847+0000] {logging_mixin.py:137} INFO - [2023-01-31T10:29:34.846+0000] {dagbag.py:538} INFO - Filling up the DagBag from /home/airflow/.local/lib/python3.7/site-packages/airflow/example_dags/example_bash_operator.py
[2023-01-31T10:29:34.876+0000] {processor.py:753} INFO - DAG(s) dict_keys(['example_bash_operator']) retrieved from /home/airflow/.local/lib/python3.7/site-packages/airflow/example_dags/example_bash_operator.py
[2023-01-31T10:29:34.947+0000] {logging_mixin.py:137} INFO - [2023-01-31T10:29:34.947+0000] {dag.py:2690} INFO - Sync 1 DAGs
[2023-01-31T10:29:34.981+0000] {logging_mixin.py:137} INFO - [2023-01-31T10:29:34.981+0000] {dag.py:3441} INFO - Setting next_dagrun for example_bash_operator to 2023-01-30T00:00:00+00:00, run_after=2023-01-31T00:00:00+00:00
[2023-01-31T10:29:35.034+0000] {processor.py:175} INFO - Processing /home/airflow/.local/lib/python3.7/site-packages/airflow/example_dags/example_bash_operator.py took 0.205 seconds
[2023-01-31T10:30:05.979+0000] {processor.py:153} INFO - Started process (PID=2404) to work on /home/airflow/.local/lib/python3.7/site-packages/airflow/example_dags/example_bash_operator.py
[2023-01-31T10:30:05.983+0000] {processor.py:743} INFO - Processing file /home/airflow/.local/lib/python3.7/site-packages/airflow/example_dags/example_bash_operator.py for tasks to queue
[2023-01-31T10:30:05.985+0000] {logging_mixin.py:137} INFO - [2023-01-31T10:30:05.985+0000] {dagbag.py:538} INFO - Filling up the DagBag from /home/airflow/.local/lib/python3.7/site-packages/airflow/example_dags/example_bash_operator.py
[2023-01-31T10:30:06.012+0000] {processor.py:753} INFO - DAG(s) dict_keys(['example_bash_operator']) retrieved from /home/airflow/.local/lib/python3.7/site-packages/airflow/example_dags/example_bash_operator.py
[2023-01-31T10:30:06.065+0000] {logging_mixin.py:137} INFO - [2023-01-31T10:30:06.065+0000] {dag.py:2690} INFO - Sync 1 DAGs
[2023-01-31T10:30:06.094+0000] {logging_mixin.py:137} INFO - [2023-01-31T10:30:06.094+0000] {dag.py:3441} INFO - Setting next_dagrun for example_bash_operator to 2023-01-30T00:00:00+00:00, run_after=2023-01-31T00:00:00+00:00
[2023-01-31T10:30:06.124+0000] {processor.py:175} INFO - Processing /home/airflow/.local/lib/python3.7/site-packages/airflow/example_dags/example_bash_operator.py took 0.150 seconds
[2023-01-31T10:30:36.217+0000] {processor.py:153} INFO - Started process (PID=2483) to work on /home/airflow/.local/lib/python3.7/site-packages/airflow/example_dags/example_bash_operator.py
[2023-01-31T10:30:36.219+0000] {processor.py:743} INFO - Processing file /home/airflow/.local/lib/python3.7/site-packages/airflow/example_dags/example_bash_operator.py for tasks to queue
[2023-01-31T10:30:36.221+0000] {logging_mixin.py:137} INFO - [2023-01-31T10:30:36.221+0000] {dagbag.py:538} INFO - Filling up the DagBag from /home/airflow/.local/lib/python3.7/site-packages/airflow/example_dags/example_bash_operator.py
[2023-01-31T10:30:36.245+0000] {processor.py:753} INFO - DAG(s) dict_keys(['example_bash_operator']) retrieved from /home/airflow/.local/lib/python3.7/site-packages/airflow/example_dags/example_bash_operator.py
[2023-01-31T10:30:36.302+0000] {logging_mixin.py:137} INFO - [2023-01-31T10:30:36.301+0000] {dag.py:2690} INFO - Sync 1 DAGs
[2023-01-31T10:30:36.345+0000] {logging_mixin.py:137} INFO - [2023-01-31T10:30:36.345+0000] {dag.py:3441} INFO - Setting next_dagrun for example_bash_operator to 2023-01-30T00:00:00+00:00, run_after=2023-01-31T00:00:00+00:00
[2023-01-31T10:30:36.374+0000] {processor.py:175} INFO - Processing /home/airflow/.local/lib/python3.7/site-packages/airflow/example_dags/example_bash_operator.py took 0.163 seconds
[2023-01-31T10:31:06.546+0000] {processor.py:153} INFO - Started process (PID=2561) to work on /home/airflow/.local/lib/python3.7/site-packages/airflow/example_dags/example_bash_operator.py
[2023-01-31T10:31:06.549+0000] {processor.py:743} INFO - Processing file /home/airflow/.local/lib/python3.7/site-packages/airflow/example_dags/example_bash_operator.py for tasks to queue
[2023-01-31T10:31:06.563+0000] {logging_mixin.py:137} INFO - [2023-01-31T10:31:06.562+0000] {dagbag.py:538} INFO - Filling up the DagBag from /home/airflow/.local/lib/python3.7/site-packages/airflow/example_dags/example_bash_operator.py
[2023-01-31T10:31:06.592+0000] {processor.py:753} INFO - DAG(s) dict_keys(['example_bash_operator']) retrieved from /home/airflow/.local/lib/python3.7/site-packages/airflow/example_dags/example_bash_operator.py
[2023-01-31T10:31:06.627+0000] {logging_mixin.py:137} INFO - [2023-01-31T10:31:06.627+0000] {dag.py:2690} INFO - Sync 1 DAGs
[2023-01-31T10:31:06.645+0000] {logging_mixin.py:137} INFO - [2023-01-31T10:31:06.645+0000] {dag.py:3441} INFO - Setting next_dagrun for example_bash_operator to 2023-01-30T00:00:00+00:00, run_after=2023-01-31T00:00:00+00:00
[2023-01-31T10:31:06.667+0000] {processor.py:175} INFO - Processing /home/airflow/.local/lib/python3.7/site-packages/airflow/example_dags/example_bash_operator.py took 0.140 seconds
[2023-01-31T10:31:37.720+0000] {processor.py:153} INFO - Started process (PID=2654) to work on /home/airflow/.local/lib/python3.7/site-packages/airflow/example_dags/example_bash_operator.py
[2023-01-31T10:31:37.725+0000] {processor.py:743} INFO - Processing file /home/airflow/.local/lib/python3.7/site-packages/airflow/example_dags/example_bash_operator.py for tasks to queue
[2023-01-31T10:31:37.731+0000] {logging_mixin.py:137} INFO - [2023-01-31T10:31:37.730+0000] {dagbag.py:538} INFO - Filling up the DagBag from /home/airflow/.local/lib/python3.7/site-packages/airflow/example_dags/example_bash_operator.py
[2023-01-31T10:31:37.752+0000] {processor.py:753} INFO - DAG(s) dict_keys(['example_bash_operator']) retrieved from /home/airflow/.local/lib/python3.7/site-packages/airflow/example_dags/example_bash_operator.py
[2023-01-31T10:31:37.803+0000] {logging_mixin.py:137} INFO - [2023-01-31T10:31:37.803+0000] {dag.py:2690} INFO - Sync 1 DAGs
[2023-01-31T10:31:37.844+0000] {logging_mixin.py:137} INFO - [2023-01-31T10:31:37.843+0000] {dag.py:3441} INFO - Setting next_dagrun for example_bash_operator to 2023-01-30T00:00:00+00:00, run_after=2023-01-31T00:00:00+00:00
[2023-01-31T10:31:37.912+0000] {processor.py:175} INFO - Processing /home/airflow/.local/lib/python3.7/site-packages/airflow/example_dags/example_bash_operator.py took 0.196 seconds
[2023-01-31T10:32:08.945+0000] {processor.py:153} INFO - Started process (PID=2733) to work on /home/airflow/.local/lib/python3.7/site-packages/airflow/example_dags/example_bash_operator.py
[2023-01-31T10:32:08.948+0000] {processor.py:743} INFO - Processing file /home/airflow/.local/lib/python3.7/site-packages/airflow/example_dags/example_bash_operator.py for tasks to queue
[2023-01-31T10:32:08.950+0000] {logging_mixin.py:137} INFO - [2023-01-31T10:32:08.950+0000] {dagbag.py:538} INFO - Filling up the DagBag from /home/airflow/.local/lib/python3.7/site-packages/airflow/example_dags/example_bash_operator.py
[2023-01-31T10:32:08.998+0000] {processor.py:753} INFO - DAG(s) dict_keys(['example_bash_operator']) retrieved from /home/airflow/.local/lib/python3.7/site-packages/airflow/example_dags/example_bash_operator.py
[2023-01-31T10:32:09.054+0000] {logging_mixin.py:137} INFO - [2023-01-31T10:32:09.053+0000] {dag.py:2690} INFO - Sync 1 DAGs
[2023-01-31T10:32:09.074+0000] {logging_mixin.py:137} INFO - [2023-01-31T10:32:09.074+0000] {dag.py:3441} INFO - Setting next_dagrun for example_bash_operator to 2023-01-30T00:00:00+00:00, run_after=2023-01-31T00:00:00+00:00
[2023-01-31T10:32:09.093+0000] {processor.py:175} INFO - Processing /home/airflow/.local/lib/python3.7/site-packages/airflow/example_dags/example_bash_operator.py took 0.154 seconds
[2023-01-31T10:32:39.903+0000] {processor.py:153} INFO - Started process (PID=2812) to work on /home/airflow/.local/lib/python3.7/site-packages/airflow/example_dags/example_bash_operator.py
[2023-01-31T10:32:39.905+0000] {processor.py:743} INFO - Processing file /home/airflow/.local/lib/python3.7/site-packages/airflow/example_dags/example_bash_operator.py for tasks to queue
[2023-01-31T10:32:39.908+0000] {logging_mixin.py:137} INFO - [2023-01-31T10:32:39.907+0000] {dagbag.py:538} INFO - Filling up the DagBag from /home/airflow/.local/lib/python3.7/site-packages/airflow/example_dags/example_bash_operator.py
[2023-01-31T10:32:39.934+0000] {processor.py:753} INFO - DAG(s) dict_keys(['example_bash_operator']) retrieved from /home/airflow/.local/lib/python3.7/site-packages/airflow/example_dags/example_bash_operator.py
[2023-01-31T10:32:39.965+0000] {logging_mixin.py:137} INFO - [2023-01-31T10:32:39.965+0000] {dag.py:2690} INFO - Sync 1 DAGs
[2023-01-31T10:32:39.983+0000] {logging_mixin.py:137} INFO - [2023-01-31T10:32:39.983+0000] {dag.py:3441} INFO - Setting next_dagrun for example_bash_operator to 2023-01-30T00:00:00+00:00, run_after=2023-01-31T00:00:00+00:00
[2023-01-31T10:32:39.996+0000] {processor.py:175} INFO - Processing /home/airflow/.local/lib/python3.7/site-packages/airflow/example_dags/example_bash_operator.py took 0.099 seconds
[2023-01-31T10:33:10.699+0000] {processor.py:153} INFO - Started process (PID=2907) to work on /home/airflow/.local/lib/python3.7/site-packages/airflow/example_dags/example_bash_operator.py
[2023-01-31T10:33:10.706+0000] {processor.py:743} INFO - Processing file /home/airflow/.local/lib/python3.7/site-packages/airflow/example_dags/example_bash_operator.py for tasks to queue
[2023-01-31T10:33:10.708+0000] {logging_mixin.py:137} INFO - [2023-01-31T10:33:10.708+0000] {dagbag.py:538} INFO - Filling up the DagBag from /home/airflow/.local/lib/python3.7/site-packages/airflow/example_dags/example_bash_operator.py
[2023-01-31T10:33:10.747+0000] {processor.py:753} INFO - DAG(s) dict_keys(['example_bash_operator']) retrieved from /home/airflow/.local/lib/python3.7/site-packages/airflow/example_dags/example_bash_operator.py
[2023-01-31T10:33:10.782+0000] {logging_mixin.py:137} INFO - [2023-01-31T10:33:10.782+0000] {dag.py:2690} INFO - Sync 1 DAGs
[2023-01-31T10:33:10.806+0000] {logging_mixin.py:137} INFO - [2023-01-31T10:33:10.806+0000] {dag.py:3441} INFO - Setting next_dagrun for example_bash_operator to 2023-01-30T00:00:00+00:00, run_after=2023-01-31T00:00:00+00:00
[2023-01-31T10:33:10.821+0000] {processor.py:175} INFO - Processing /home/airflow/.local/lib/python3.7/site-packages/airflow/example_dags/example_bash_operator.py took 0.128 seconds
[2023-01-31T10:33:41.395+0000] {processor.py:153} INFO - Started process (PID=2986) to work on /home/airflow/.local/lib/python3.7/site-packages/airflow/example_dags/example_bash_operator.py
[2023-01-31T10:33:41.400+0000] {processor.py:743} INFO - Processing file /home/airflow/.local/lib/python3.7/site-packages/airflow/example_dags/example_bash_operator.py for tasks to queue
[2023-01-31T10:33:41.402+0000] {logging_mixin.py:137} INFO - [2023-01-31T10:33:41.401+0000] {dagbag.py:538} INFO - Filling up the DagBag from /home/airflow/.local/lib/python3.7/site-packages/airflow/example_dags/example_bash_operator.py
[2023-01-31T10:33:41.419+0000] {processor.py:753} INFO - DAG(s) dict_keys(['example_bash_operator']) retrieved from /home/airflow/.local/lib/python3.7/site-packages/airflow/example_dags/example_bash_operator.py
[2023-01-31T10:33:41.483+0000] {logging_mixin.py:137} INFO - [2023-01-31T10:33:41.483+0000] {dag.py:2690} INFO - Sync 1 DAGs
[2023-01-31T10:33:41.519+0000] {logging_mixin.py:137} INFO - [2023-01-31T10:33:41.519+0000] {dag.py:3441} INFO - Setting next_dagrun for example_bash_operator to 2023-01-30T00:00:00+00:00, run_after=2023-01-31T00:00:00+00:00
[2023-01-31T10:33:41.539+0000] {processor.py:175} INFO - Processing /home/airflow/.local/lib/python3.7/site-packages/airflow/example_dags/example_bash_operator.py took 0.149 seconds
[2023-01-31T10:34:11.589+0000] {processor.py:153} INFO - Started process (PID=3074) to work on /home/airflow/.local/lib/python3.7/site-packages/airflow/example_dags/example_bash_operator.py
[2023-01-31T10:34:11.590+0000] {processor.py:743} INFO - Processing file /home/airflow/.local/lib/python3.7/site-packages/airflow/example_dags/example_bash_operator.py for tasks to queue
[2023-01-31T10:34:11.594+0000] {logging_mixin.py:137} INFO - [2023-01-31T10:34:11.594+0000] {dagbag.py:538} INFO - Filling up the DagBag from /home/airflow/.local/lib/python3.7/site-packages/airflow/example_dags/example_bash_operator.py
[2023-01-31T10:34:11.613+0000] {processor.py:753} INFO - DAG(s) dict_keys(['example_bash_operator']) retrieved from /home/airflow/.local/lib/python3.7/site-packages/airflow/example_dags/example_bash_operator.py
[2023-01-31T10:34:11.653+0000] {logging_mixin.py:137} INFO - [2023-01-31T10:34:11.653+0000] {dag.py:2690} INFO - Sync 1 DAGs
[2023-01-31T10:34:11.699+0000] {logging_mixin.py:137} INFO - [2023-01-31T10:34:11.699+0000] {dag.py:3441} INFO - Setting next_dagrun for example_bash_operator to 2023-01-30T00:00:00+00:00, run_after=2023-01-31T00:00:00+00:00
[2023-01-31T10:34:11.736+0000] {processor.py:175} INFO - Processing /home/airflow/.local/lib/python3.7/site-packages/airflow/example_dags/example_bash_operator.py took 0.151 seconds
[2023-01-31T10:34:42.795+0000] {processor.py:153} INFO - Started process (PID=3160) to work on /home/airflow/.local/lib/python3.7/site-packages/airflow/example_dags/example_bash_operator.py
[2023-01-31T10:34:42.799+0000] {processor.py:743} INFO - Processing file /home/airflow/.local/lib/python3.7/site-packages/airflow/example_dags/example_bash_operator.py for tasks to queue
[2023-01-31T10:34:42.804+0000] {logging_mixin.py:137} INFO - [2023-01-31T10:34:42.804+0000] {dagbag.py:538} INFO - Filling up the DagBag from /home/airflow/.local/lib/python3.7/site-packages/airflow/example_dags/example_bash_operator.py
[2023-01-31T10:34:42.845+0000] {processor.py:753} INFO - DAG(s) dict_keys(['example_bash_operator']) retrieved from /home/airflow/.local/lib/python3.7/site-packages/airflow/example_dags/example_bash_operator.py
[2023-01-31T10:34:42.897+0000] {logging_mixin.py:137} INFO - [2023-01-31T10:34:42.897+0000] {dag.py:2690} INFO - Sync 1 DAGs
[2023-01-31T10:34:42.940+0000] {logging_mixin.py:137} INFO - [2023-01-31T10:34:42.940+0000] {dag.py:3441} INFO - Setting next_dagrun for example_bash_operator to 2023-01-30T00:00:00+00:00, run_after=2023-01-31T00:00:00+00:00
[2023-01-31T10:34:42.959+0000] {processor.py:175} INFO - Processing /home/airflow/.local/lib/python3.7/site-packages/airflow/example_dags/example_bash_operator.py took 0.167 seconds
[2023-01-31T10:35:13.037+0000] {processor.py:153} INFO - Started process (PID=3244) to work on /home/airflow/.local/lib/python3.7/site-packages/airflow/example_dags/example_bash_operator.py
[2023-01-31T10:35:13.038+0000] {processor.py:743} INFO - Processing file /home/airflow/.local/lib/python3.7/site-packages/airflow/example_dags/example_bash_operator.py for tasks to queue
[2023-01-31T10:35:13.039+0000] {logging_mixin.py:137} INFO - [2023-01-31T10:35:13.039+0000] {dagbag.py:538} INFO - Filling up the DagBag from /home/airflow/.local/lib/python3.7/site-packages/airflow/example_dags/example_bash_operator.py
[2023-01-31T10:35:13.060+0000] {processor.py:753} INFO - DAG(s) dict_keys(['example_bash_operator']) retrieved from /home/airflow/.local/lib/python3.7/site-packages/airflow/example_dags/example_bash_operator.py
[2023-01-31T10:35:13.127+0000] {logging_mixin.py:137} INFO - [2023-01-31T10:35:13.126+0000] {dag.py:2690} INFO - Sync 1 DAGs
[2023-01-31T10:35:13.166+0000] {logging_mixin.py:137} INFO - [2023-01-31T10:35:13.166+0000] {dag.py:3441} INFO - Setting next_dagrun for example_bash_operator to 2023-01-30T00:00:00+00:00, run_after=2023-01-31T00:00:00+00:00
[2023-01-31T10:35:13.216+0000] {processor.py:175} INFO - Processing /home/airflow/.local/lib/python3.7/site-packages/airflow/example_dags/example_bash_operator.py took 0.183 seconds
[2023-01-31T10:35:44.018+0000] {processor.py:153} INFO - Started process (PID=3323) to work on /home/airflow/.local/lib/python3.7/site-packages/airflow/example_dags/example_bash_operator.py
[2023-01-31T10:35:44.020+0000] {processor.py:743} INFO - Processing file /home/airflow/.local/lib/python3.7/site-packages/airflow/example_dags/example_bash_operator.py for tasks to queue
[2023-01-31T10:35:44.022+0000] {logging_mixin.py:137} INFO - [2023-01-31T10:35:44.021+0000] {dagbag.py:538} INFO - Filling up the DagBag from /home/airflow/.local/lib/python3.7/site-packages/airflow/example_dags/example_bash_operator.py
[2023-01-31T10:35:44.040+0000] {processor.py:753} INFO - DAG(s) dict_keys(['example_bash_operator']) retrieved from /home/airflow/.local/lib/python3.7/site-packages/airflow/example_dags/example_bash_operator.py
[2023-01-31T10:35:44.090+0000] {logging_mixin.py:137} INFO - [2023-01-31T10:35:44.090+0000] {dag.py:2690} INFO - Sync 1 DAGs
[2023-01-31T10:35:44.116+0000] {logging_mixin.py:137} INFO - [2023-01-31T10:35:44.116+0000] {dag.py:3441} INFO - Setting next_dagrun for example_bash_operator to 2023-01-30T00:00:00+00:00, run_after=2023-01-31T00:00:00+00:00
[2023-01-31T10:35:44.130+0000] {processor.py:175} INFO - Processing /home/airflow/.local/lib/python3.7/site-packages/airflow/example_dags/example_bash_operator.py took 0.118 seconds
[2023-01-31T10:36:15.556+0000] {processor.py:153} INFO - Started process (PID=3402) to work on /home/airflow/.local/lib/python3.7/site-packages/airflow/example_dags/example_bash_operator.py
[2023-01-31T10:36:15.557+0000] {processor.py:743} INFO - Processing file /home/airflow/.local/lib/python3.7/site-packages/airflow/example_dags/example_bash_operator.py for tasks to queue
[2023-01-31T10:36:15.558+0000] {logging_mixin.py:137} INFO - [2023-01-31T10:36:15.558+0000] {dagbag.py:538} INFO - Filling up the DagBag from /home/airflow/.local/lib/python3.7/site-packages/airflow/example_dags/example_bash_operator.py
[2023-01-31T10:36:15.574+0000] {processor.py:753} INFO - DAG(s) dict_keys(['example_bash_operator']) retrieved from /home/airflow/.local/lib/python3.7/site-packages/airflow/example_dags/example_bash_operator.py
[2023-01-31T10:36:15.606+0000] {logging_mixin.py:137} INFO - [2023-01-31T10:36:15.606+0000] {dag.py:2690} INFO - Sync 1 DAGs
[2023-01-31T10:36:15.626+0000] {logging_mixin.py:137} INFO - [2023-01-31T10:36:15.626+0000] {dag.py:3441} INFO - Setting next_dagrun for example_bash_operator to 2023-01-30T00:00:00+00:00, run_after=2023-01-31T00:00:00+00:00
[2023-01-31T10:36:15.641+0000] {processor.py:175} INFO - Processing /home/airflow/.local/lib/python3.7/site-packages/airflow/example_dags/example_bash_operator.py took 0.089 seconds
[2023-01-31T10:36:47.497+0000] {processor.py:153} INFO - Started process (PID=3485) to work on /home/airflow/.local/lib/python3.7/site-packages/airflow/example_dags/example_bash_operator.py
[2023-01-31T10:36:47.513+0000] {processor.py:743} INFO - Processing file /home/airflow/.local/lib/python3.7/site-packages/airflow/example_dags/example_bash_operator.py for tasks to queue
[2023-01-31T10:36:47.527+0000] {logging_mixin.py:137} INFO - [2023-01-31T10:36:47.527+0000] {dagbag.py:538} INFO - Filling up the DagBag from /home/airflow/.local/lib/python3.7/site-packages/airflow/example_dags/example_bash_operator.py
[2023-01-31T10:36:47.585+0000] {processor.py:753} INFO - DAG(s) dict_keys(['example_bash_operator']) retrieved from /home/airflow/.local/lib/python3.7/site-packages/airflow/example_dags/example_bash_operator.py
[2023-01-31T10:36:47.648+0000] {logging_mixin.py:137} INFO - [2023-01-31T10:36:47.648+0000] {dag.py:2690} INFO - Sync 1 DAGs
[2023-01-31T10:36:47.689+0000] {logging_mixin.py:137} INFO - [2023-01-31T10:36:47.689+0000] {dag.py:3441} INFO - Setting next_dagrun for example_bash_operator to 2023-01-30T00:00:00+00:00, run_after=2023-01-31T00:00:00+00:00
[2023-01-31T10:36:47.737+0000] {processor.py:175} INFO - Processing /home/airflow/.local/lib/python3.7/site-packages/airflow/example_dags/example_bash_operator.py took 0.254 seconds
[2023-01-31T10:37:20.656+0000] {processor.py:153} INFO - Started process (PID=3565) to work on /home/airflow/.local/lib/python3.7/site-packages/airflow/example_dags/example_bash_operator.py
[2023-01-31T10:37:20.658+0000] {processor.py:743} INFO - Processing file /home/airflow/.local/lib/python3.7/site-packages/airflow/example_dags/example_bash_operator.py for tasks to queue
[2023-01-31T10:37:20.661+0000] {logging_mixin.py:137} INFO - [2023-01-31T10:37:20.661+0000] {dagbag.py:538} INFO - Filling up the DagBag from /home/airflow/.local/lib/python3.7/site-packages/airflow/example_dags/example_bash_operator.py
[2023-01-31T10:37:20.680+0000] {processor.py:753} INFO - DAG(s) dict_keys(['example_bash_operator']) retrieved from /home/airflow/.local/lib/python3.7/site-packages/airflow/example_dags/example_bash_operator.py
[2023-01-31T10:37:20.710+0000] {logging_mixin.py:137} INFO - [2023-01-31T10:37:20.710+0000] {dag.py:2690} INFO - Sync 1 DAGs
[2023-01-31T10:37:20.727+0000] {logging_mixin.py:137} INFO - [2023-01-31T10:37:20.727+0000] {dag.py:3441} INFO - Setting next_dagrun for example_bash_operator to 2023-01-30T00:00:00+00:00, run_after=2023-01-31T00:00:00+00:00
[2023-01-31T10:37:20.745+0000] {processor.py:175} INFO - Processing /home/airflow/.local/lib/python3.7/site-packages/airflow/example_dags/example_bash_operator.py took 0.092 seconds
[2023-01-31T10:37:53.170+0000] {processor.py:153} INFO - Started process (PID=3660) to work on /home/airflow/.local/lib/python3.7/site-packages/airflow/example_dags/example_bash_operator.py
[2023-01-31T10:37:53.173+0000] {processor.py:743} INFO - Processing file /home/airflow/.local/lib/python3.7/site-packages/airflow/example_dags/example_bash_operator.py for tasks to queue
[2023-01-31T10:37:53.178+0000] {logging_mixin.py:137} INFO - [2023-01-31T10:37:53.178+0000] {dagbag.py:538} INFO - Filling up the DagBag from /home/airflow/.local/lib/python3.7/site-packages/airflow/example_dags/example_bash_operator.py
[2023-01-31T10:37:53.213+0000] {processor.py:753} INFO - DAG(s) dict_keys(['example_bash_operator']) retrieved from /home/airflow/.local/lib/python3.7/site-packages/airflow/example_dags/example_bash_operator.py
[2023-01-31T10:37:53.272+0000] {logging_mixin.py:137} INFO - [2023-01-31T10:37:53.272+0000] {dag.py:2690} INFO - Sync 1 DAGs
[2023-01-31T10:37:53.296+0000] {logging_mixin.py:137} INFO - [2023-01-31T10:37:53.296+0000] {dag.py:3441} INFO - Setting next_dagrun for example_bash_operator to 2023-01-30T00:00:00+00:00, run_after=2023-01-31T00:00:00+00:00
[2023-01-31T10:37:53.318+0000] {processor.py:175} INFO - Processing /home/airflow/.local/lib/python3.7/site-packages/airflow/example_dags/example_bash_operator.py took 0.151 seconds
[2023-01-31T10:38:24.260+0000] {processor.py:153} INFO - Started process (PID=3739) to work on /home/airflow/.local/lib/python3.7/site-packages/airflow/example_dags/example_bash_operator.py
[2023-01-31T10:38:24.262+0000] {processor.py:743} INFO - Processing file /home/airflow/.local/lib/python3.7/site-packages/airflow/example_dags/example_bash_operator.py for tasks to queue
[2023-01-31T10:38:24.264+0000] {logging_mixin.py:137} INFO - [2023-01-31T10:38:24.264+0000] {dagbag.py:538} INFO - Filling up the DagBag from /home/airflow/.local/lib/python3.7/site-packages/airflow/example_dags/example_bash_operator.py
[2023-01-31T10:38:24.301+0000] {processor.py:753} INFO - DAG(s) dict_keys(['example_bash_operator']) retrieved from /home/airflow/.local/lib/python3.7/site-packages/airflow/example_dags/example_bash_operator.py
[2023-01-31T10:38:24.332+0000] {logging_mixin.py:137} INFO - [2023-01-31T10:38:24.331+0000] {dag.py:2690} INFO - Sync 1 DAGs
[2023-01-31T10:38:24.350+0000] {logging_mixin.py:137} INFO - [2023-01-31T10:38:24.350+0000] {dag.py:3441} INFO - Setting next_dagrun for example_bash_operator to 2023-01-30T00:00:00+00:00, run_after=2023-01-31T00:00:00+00:00
[2023-01-31T10:38:24.365+0000] {processor.py:175} INFO - Processing /home/airflow/.local/lib/python3.7/site-packages/airflow/example_dags/example_bash_operator.py took 0.110 seconds
[2023-01-31T10:38:54.542+0000] {processor.py:153} INFO - Started process (PID=3822) to work on /home/airflow/.local/lib/python3.7/site-packages/airflow/example_dags/example_bash_operator.py
[2023-01-31T10:38:54.544+0000] {processor.py:743} INFO - Processing file /home/airflow/.local/lib/python3.7/site-packages/airflow/example_dags/example_bash_operator.py for tasks to queue
[2023-01-31T10:38:54.545+0000] {logging_mixin.py:137} INFO - [2023-01-31T10:38:54.545+0000] {dagbag.py:538} INFO - Filling up the DagBag from /home/airflow/.local/lib/python3.7/site-packages/airflow/example_dags/example_bash_operator.py
[2023-01-31T10:38:54.581+0000] {processor.py:753} INFO - DAG(s) dict_keys(['example_bash_operator']) retrieved from /home/airflow/.local/lib/python3.7/site-packages/airflow/example_dags/example_bash_operator.py
[2023-01-31T10:38:54.631+0000] {logging_mixin.py:137} INFO - [2023-01-31T10:38:54.631+0000] {dag.py:2690} INFO - Sync 1 DAGs
[2023-01-31T10:38:54.664+0000] {logging_mixin.py:137} INFO - [2023-01-31T10:38:54.664+0000] {dag.py:3441} INFO - Setting next_dagrun for example_bash_operator to 2023-01-30T00:00:00+00:00, run_after=2023-01-31T00:00:00+00:00
[2023-01-31T10:38:54.681+0000] {processor.py:175} INFO - Processing /home/airflow/.local/lib/python3.7/site-packages/airflow/example_dags/example_bash_operator.py took 0.143 seconds
[2023-01-31T10:39:25.095+0000] {processor.py:153} INFO - Started process (PID=3900) to work on /home/airflow/.local/lib/python3.7/site-packages/airflow/example_dags/example_bash_operator.py
[2023-01-31T10:39:25.096+0000] {processor.py:743} INFO - Processing file /home/airflow/.local/lib/python3.7/site-packages/airflow/example_dags/example_bash_operator.py for tasks to queue
[2023-01-31T10:39:25.097+0000] {logging_mixin.py:137} INFO - [2023-01-31T10:39:25.097+0000] {dagbag.py:538} INFO - Filling up the DagBag from /home/airflow/.local/lib/python3.7/site-packages/airflow/example_dags/example_bash_operator.py
[2023-01-31T10:39:25.114+0000] {processor.py:753} INFO - DAG(s) dict_keys(['example_bash_operator']) retrieved from /home/airflow/.local/lib/python3.7/site-packages/airflow/example_dags/example_bash_operator.py
[2023-01-31T10:39:25.147+0000] {logging_mixin.py:137} INFO - [2023-01-31T10:39:25.147+0000] {dag.py:2690} INFO - Sync 1 DAGs
[2023-01-31T10:39:25.167+0000] {logging_mixin.py:137} INFO - [2023-01-31T10:39:25.167+0000] {dag.py:3441} INFO - Setting next_dagrun for example_bash_operator to 2023-01-30T00:00:00+00:00, run_after=2023-01-31T00:00:00+00:00
[2023-01-31T10:39:25.181+0000] {processor.py:175} INFO - Processing /home/airflow/.local/lib/python3.7/site-packages/airflow/example_dags/example_bash_operator.py took 0.090 seconds
[2023-01-31T10:39:55.494+0000] {processor.py:153} INFO - Started process (PID=3979) to work on /home/airflow/.local/lib/python3.7/site-packages/airflow/example_dags/example_bash_operator.py
[2023-01-31T10:39:55.497+0000] {processor.py:743} INFO - Processing file /home/airflow/.local/lib/python3.7/site-packages/airflow/example_dags/example_bash_operator.py for tasks to queue
[2023-01-31T10:39:55.498+0000] {logging_mixin.py:137} INFO - [2023-01-31T10:39:55.498+0000] {dagbag.py:538} INFO - Filling up the DagBag from /home/airflow/.local/lib/python3.7/site-packages/airflow/example_dags/example_bash_operator.py
[2023-01-31T10:39:55.516+0000] {processor.py:753} INFO - DAG(s) dict_keys(['example_bash_operator']) retrieved from /home/airflow/.local/lib/python3.7/site-packages/airflow/example_dags/example_bash_operator.py
[2023-01-31T10:39:55.560+0000] {logging_mixin.py:137} INFO - [2023-01-31T10:39:55.560+0000] {dag.py:2690} INFO - Sync 1 DAGs
[2023-01-31T10:39:55.580+0000] {logging_mixin.py:137} INFO - [2023-01-31T10:39:55.580+0000] {dag.py:3441} INFO - Setting next_dagrun for example_bash_operator to 2023-01-30T00:00:00+00:00, run_after=2023-01-31T00:00:00+00:00
[2023-01-31T10:39:55.603+0000] {processor.py:175} INFO - Processing /home/airflow/.local/lib/python3.7/site-packages/airflow/example_dags/example_bash_operator.py took 0.112 seconds
[2023-01-31T10:40:25.688+0000] {processor.py:153} INFO - Started process (PID=4058) to work on /home/airflow/.local/lib/python3.7/site-packages/airflow/example_dags/example_bash_operator.py
[2023-01-31T10:40:25.690+0000] {processor.py:743} INFO - Processing file /home/airflow/.local/lib/python3.7/site-packages/airflow/example_dags/example_bash_operator.py for tasks to queue
[2023-01-31T10:40:25.691+0000] {logging_mixin.py:137} INFO - [2023-01-31T10:40:25.691+0000] {dagbag.py:538} INFO - Filling up the DagBag from /home/airflow/.local/lib/python3.7/site-packages/airflow/example_dags/example_bash_operator.py
[2023-01-31T10:40:25.708+0000] {processor.py:753} INFO - DAG(s) dict_keys(['example_bash_operator']) retrieved from /home/airflow/.local/lib/python3.7/site-packages/airflow/example_dags/example_bash_operator.py
[2023-01-31T10:40:25.734+0000] {logging_mixin.py:137} INFO - [2023-01-31T10:40:25.734+0000] {dag.py:2690} INFO - Sync 1 DAGs
[2023-01-31T10:40:25.757+0000] {logging_mixin.py:137} INFO - [2023-01-31T10:40:25.756+0000] {dag.py:3441} INFO - Setting next_dagrun for example_bash_operator to 2023-01-30T00:00:00+00:00, run_after=2023-01-31T00:00:00+00:00
[2023-01-31T10:40:25.770+0000] {processor.py:175} INFO - Processing /home/airflow/.local/lib/python3.7/site-packages/airflow/example_dags/example_bash_operator.py took 0.085 seconds
[2023-01-31T10:40:57.553+0000] {processor.py:153} INFO - Started process (PID=4145) to work on /home/airflow/.local/lib/python3.7/site-packages/airflow/example_dags/example_bash_operator.py
[2023-01-31T10:40:57.555+0000] {processor.py:743} INFO - Processing file /home/airflow/.local/lib/python3.7/site-packages/airflow/example_dags/example_bash_operator.py for tasks to queue
[2023-01-31T10:40:57.561+0000] {logging_mixin.py:137} INFO - [2023-01-31T10:40:57.561+0000] {dagbag.py:538} INFO - Filling up the DagBag from /home/airflow/.local/lib/python3.7/site-packages/airflow/example_dags/example_bash_operator.py
[2023-01-31T10:40:57.649+0000] {processor.py:753} INFO - DAG(s) dict_keys(['example_bash_operator']) retrieved from /home/airflow/.local/lib/python3.7/site-packages/airflow/example_dags/example_bash_operator.py
[2023-01-31T10:40:57.721+0000] {logging_mixin.py:137} INFO - [2023-01-31T10:40:57.721+0000] {dag.py:2690} INFO - Sync 1 DAGs
[2023-01-31T10:40:57.901+0000] {logging_mixin.py:137} INFO - [2023-01-31T10:40:57.901+0000] {dag.py:3441} INFO - Setting next_dagrun for example_bash_operator to 2023-01-30T00:00:00+00:00, run_after=2023-01-31T00:00:00+00:00
[2023-01-31T10:40:58.026+0000] {processor.py:175} INFO - Processing /home/airflow/.local/lib/python3.7/site-packages/airflow/example_dags/example_bash_operator.py took 0.477 seconds
[2023-01-31T10:41:28.664+0000] {processor.py:153} INFO - Started process (PID=4215) to work on /home/airflow/.local/lib/python3.7/site-packages/airflow/example_dags/example_bash_operator.py
[2023-01-31T10:41:28.678+0000] {processor.py:743} INFO - Processing file /home/airflow/.local/lib/python3.7/site-packages/airflow/example_dags/example_bash_operator.py for tasks to queue
[2023-01-31T10:41:28.682+0000] {logging_mixin.py:137} INFO - [2023-01-31T10:41:28.682+0000] {dagbag.py:538} INFO - Filling up the DagBag from /home/airflow/.local/lib/python3.7/site-packages/airflow/example_dags/example_bash_operator.py
[2023-01-31T10:41:28.770+0000] {processor.py:753} INFO - DAG(s) dict_keys(['example_bash_operator']) retrieved from /home/airflow/.local/lib/python3.7/site-packages/airflow/example_dags/example_bash_operator.py
[2023-01-31T10:41:28.852+0000] {logging_mixin.py:137} INFO - [2023-01-31T10:41:28.852+0000] {dag.py:2690} INFO - Sync 1 DAGs
[2023-01-31T10:41:28.886+0000] {logging_mixin.py:137} INFO - [2023-01-31T10:41:28.886+0000] {dag.py:3441} INFO - Setting next_dagrun for example_bash_operator to 2023-01-30T00:00:00+00:00, run_after=2023-01-31T00:00:00+00:00
[2023-01-31T10:41:28.923+0000] {processor.py:175} INFO - Processing /home/airflow/.local/lib/python3.7/site-packages/airflow/example_dags/example_bash_operator.py took 0.266 seconds
[2023-01-31T10:42:02.614+0000] {processor.py:153} INFO - Started process (PID=4311) to work on /home/airflow/.local/lib/python3.7/site-packages/airflow/example_dags/example_bash_operator.py
[2023-01-31T10:42:02.616+0000] {processor.py:743} INFO - Processing file /home/airflow/.local/lib/python3.7/site-packages/airflow/example_dags/example_bash_operator.py for tasks to queue
[2023-01-31T10:42:02.621+0000] {logging_mixin.py:137} INFO - [2023-01-31T10:42:02.621+0000] {dagbag.py:538} INFO - Filling up the DagBag from /home/airflow/.local/lib/python3.7/site-packages/airflow/example_dags/example_bash_operator.py
[2023-01-31T10:42:02.640+0000] {processor.py:753} INFO - DAG(s) dict_keys(['example_bash_operator']) retrieved from /home/airflow/.local/lib/python3.7/site-packages/airflow/example_dags/example_bash_operator.py
[2023-01-31T10:42:02.682+0000] {logging_mixin.py:137} INFO - [2023-01-31T10:42:02.682+0000] {dag.py:2690} INFO - Sync 1 DAGs
[2023-01-31T10:42:02.724+0000] {logging_mixin.py:137} INFO - [2023-01-31T10:42:02.724+0000] {dag.py:3441} INFO - Setting next_dagrun for example_bash_operator to 2023-01-30T00:00:00+00:00, run_after=2023-01-31T00:00:00+00:00
[2023-01-31T10:42:02.759+0000] {processor.py:175} INFO - Processing /home/airflow/.local/lib/python3.7/site-packages/airflow/example_dags/example_bash_operator.py took 0.148 seconds
[2023-01-31T10:42:36.277+0000] {processor.py:153} INFO - Started process (PID=4391) to work on /home/airflow/.local/lib/python3.7/site-packages/airflow/example_dags/example_bash_operator.py
[2023-01-31T10:42:36.279+0000] {processor.py:743} INFO - Processing file /home/airflow/.local/lib/python3.7/site-packages/airflow/example_dags/example_bash_operator.py for tasks to queue
[2023-01-31T10:42:36.280+0000] {logging_mixin.py:137} INFO - [2023-01-31T10:42:36.280+0000] {dagbag.py:538} INFO - Filling up the DagBag from /home/airflow/.local/lib/python3.7/site-packages/airflow/example_dags/example_bash_operator.py
[2023-01-31T10:42:36.299+0000] {processor.py:753} INFO - DAG(s) dict_keys(['example_bash_operator']) retrieved from /home/airflow/.local/lib/python3.7/site-packages/airflow/example_dags/example_bash_operator.py
[2023-01-31T10:42:36.329+0000] {logging_mixin.py:137} INFO - [2023-01-31T10:42:36.328+0000] {dag.py:2690} INFO - Sync 1 DAGs
[2023-01-31T10:42:36.354+0000] {logging_mixin.py:137} INFO - [2023-01-31T10:42:36.354+0000] {dag.py:3441} INFO - Setting next_dagrun for example_bash_operator to 2023-01-30T00:00:00+00:00, run_after=2023-01-31T00:00:00+00:00
[2023-01-31T10:42:36.368+0000] {processor.py:175} INFO - Processing /home/airflow/.local/lib/python3.7/site-packages/airflow/example_dags/example_bash_operator.py took 0.095 seconds
[2023-01-31T10:43:11.886+0000] {processor.py:153} INFO - Started process (PID=4491) to work on /home/airflow/.local/lib/python3.7/site-packages/airflow/example_dags/example_bash_operator.py
[2023-01-31T10:43:11.895+0000] {processor.py:743} INFO - Processing file /home/airflow/.local/lib/python3.7/site-packages/airflow/example_dags/example_bash_operator.py for tasks to queue
[2023-01-31T10:43:11.901+0000] {logging_mixin.py:137} INFO - [2023-01-31T10:43:11.901+0000] {dagbag.py:538} INFO - Filling up the DagBag from /home/airflow/.local/lib/python3.7/site-packages/airflow/example_dags/example_bash_operator.py
[2023-01-31T10:43:11.949+0000] {processor.py:753} INFO - DAG(s) dict_keys(['example_bash_operator']) retrieved from /home/airflow/.local/lib/python3.7/site-packages/airflow/example_dags/example_bash_operator.py
[2023-01-31T10:43:12.152+0000] {logging_mixin.py:137} INFO - [2023-01-31T10:43:12.152+0000] {dag.py:2690} INFO - Sync 1 DAGs
[2023-01-31T10:43:12.189+0000] {logging_mixin.py:137} INFO - [2023-01-31T10:43:12.189+0000] {dag.py:3441} INFO - Setting next_dagrun for example_bash_operator to 2023-01-30T00:00:00+00:00, run_after=2023-01-31T00:00:00+00:00
[2023-01-31T10:43:12.272+0000] {processor.py:175} INFO - Processing /home/airflow/.local/lib/python3.7/site-packages/airflow/example_dags/example_bash_operator.py took 0.390 seconds
[2023-01-31T10:43:42.935+0000] {processor.py:153} INFO - Started process (PID=4569) to work on /home/airflow/.local/lib/python3.7/site-packages/airflow/example_dags/example_bash_operator.py
[2023-01-31T10:43:42.951+0000] {processor.py:743} INFO - Processing file /home/airflow/.local/lib/python3.7/site-packages/airflow/example_dags/example_bash_operator.py for tasks to queue
[2023-01-31T10:43:42.965+0000] {logging_mixin.py:137} INFO - [2023-01-31T10:43:42.965+0000] {dagbag.py:538} INFO - Filling up the DagBag from /home/airflow/.local/lib/python3.7/site-packages/airflow/example_dags/example_bash_operator.py
[2023-01-31T10:43:43.009+0000] {processor.py:753} INFO - DAG(s) dict_keys(['example_bash_operator']) retrieved from /home/airflow/.local/lib/python3.7/site-packages/airflow/example_dags/example_bash_operator.py
[2023-01-31T10:43:43.076+0000] {logging_mixin.py:137} INFO - [2023-01-31T10:43:43.076+0000] {dag.py:2690} INFO - Sync 1 DAGs
[2023-01-31T10:43:43.109+0000] {logging_mixin.py:137} INFO - [2023-01-31T10:43:43.109+0000] {dag.py:3441} INFO - Setting next_dagrun for example_bash_operator to 2023-01-30T00:00:00+00:00, run_after=2023-01-31T00:00:00+00:00
[2023-01-31T10:43:43.137+0000] {processor.py:175} INFO - Processing /home/airflow/.local/lib/python3.7/site-packages/airflow/example_dags/example_bash_operator.py took 0.210 seconds
