[2023-01-31T10:15:30.638+0000] {processor.py:153} INFO - Started process (PID=72) to work on /home/airflow/.local/lib/python3.7/site-packages/airflow/example_dags/example_nested_branch_dag.py
[2023-01-31T10:15:30.640+0000] {processor.py:743} INFO - Processing file /home/airflow/.local/lib/python3.7/site-packages/airflow/example_dags/example_nested_branch_dag.py for tasks to queue
[2023-01-31T10:15:30.641+0000] {logging_mixin.py:137} INFO - [2023-01-31T10:15:30.641+0000] {dagbag.py:538} INFO - Filling up the DagBag from /home/airflow/.local/lib/python3.7/site-packages/airflow/example_dags/example_nested_branch_dag.py
[2023-01-31T10:15:30.692+0000] {processor.py:753} INFO - DAG(s) dict_keys(['example_nested_branch_dag']) retrieved from /home/airflow/.local/lib/python3.7/site-packages/airflow/example_dags/example_nested_branch_dag.py
[2023-01-31T10:15:30.815+0000] {logging_mixin.py:137} INFO - [2023-01-31T10:15:30.815+0000] {dag.py:2690} INFO - Sync 1 DAGs
[2023-01-31T10:15:30.919+0000] {logging_mixin.py:137} INFO - [2023-01-31T10:15:30.919+0000] {dag.py:3441} INFO - Setting next_dagrun for example_nested_branch_dag to 2023-01-30T00:00:00+00:00, run_after=2023-01-31T00:00:00+00:00
[2023-01-31T10:15:30.983+0000] {processor.py:175} INFO - Processing /home/airflow/.local/lib/python3.7/site-packages/airflow/example_dags/example_nested_branch_dag.py took 0.349 seconds
[2023-01-31T10:16:01.188+0000] {processor.py:153} INFO - Started process (PID=155) to work on /home/airflow/.local/lib/python3.7/site-packages/airflow/example_dags/example_nested_branch_dag.py
[2023-01-31T10:16:01.189+0000] {processor.py:743} INFO - Processing file /home/airflow/.local/lib/python3.7/site-packages/airflow/example_dags/example_nested_branch_dag.py for tasks to queue
[2023-01-31T10:16:01.190+0000] {logging_mixin.py:137} INFO - [2023-01-31T10:16:01.190+0000] {dagbag.py:538} INFO - Filling up the DagBag from /home/airflow/.local/lib/python3.7/site-packages/airflow/example_dags/example_nested_branch_dag.py
[2023-01-31T10:16:01.207+0000] {processor.py:753} INFO - DAG(s) dict_keys(['example_nested_branch_dag']) retrieved from /home/airflow/.local/lib/python3.7/site-packages/airflow/example_dags/example_nested_branch_dag.py
[2023-01-31T10:16:01.235+0000] {logging_mixin.py:137} INFO - [2023-01-31T10:16:01.235+0000] {dag.py:2690} INFO - Sync 1 DAGs
[2023-01-31T10:16:01.255+0000] {logging_mixin.py:137} INFO - [2023-01-31T10:16:01.255+0000] {dag.py:3441} INFO - Setting next_dagrun for example_nested_branch_dag to 2023-01-30T00:00:00+00:00, run_after=2023-01-31T00:00:00+00:00
[2023-01-31T10:16:01.269+0000] {processor.py:175} INFO - Processing /home/airflow/.local/lib/python3.7/site-packages/airflow/example_dags/example_nested_branch_dag.py took 0.085 seconds
[2023-01-31T10:16:31.356+0000] {processor.py:153} INFO - Started process (PID=234) to work on /home/airflow/.local/lib/python3.7/site-packages/airflow/example_dags/example_nested_branch_dag.py
[2023-01-31T10:16:31.361+0000] {processor.py:743} INFO - Processing file /home/airflow/.local/lib/python3.7/site-packages/airflow/example_dags/example_nested_branch_dag.py for tasks to queue
[2023-01-31T10:16:31.364+0000] {logging_mixin.py:137} INFO - [2023-01-31T10:16:31.363+0000] {dagbag.py:538} INFO - Filling up the DagBag from /home/airflow/.local/lib/python3.7/site-packages/airflow/example_dags/example_nested_branch_dag.py
[2023-01-31T10:16:31.383+0000] {processor.py:753} INFO - DAG(s) dict_keys(['example_nested_branch_dag']) retrieved from /home/airflow/.local/lib/python3.7/site-packages/airflow/example_dags/example_nested_branch_dag.py
[2023-01-31T10:16:31.405+0000] {logging_mixin.py:137} INFO - [2023-01-31T10:16:31.405+0000] {dag.py:2690} INFO - Sync 1 DAGs
[2023-01-31T10:16:31.425+0000] {logging_mixin.py:137} INFO - [2023-01-31T10:16:31.425+0000] {dag.py:3441} INFO - Setting next_dagrun for example_nested_branch_dag to 2023-01-30T00:00:00+00:00, run_after=2023-01-31T00:00:00+00:00
[2023-01-31T10:16:31.437+0000] {processor.py:175} INFO - Processing /home/airflow/.local/lib/python3.7/site-packages/airflow/example_dags/example_nested_branch_dag.py took 0.084 seconds
[2023-01-31T10:17:02.126+0000] {processor.py:153} INFO - Started process (PID=313) to work on /home/airflow/.local/lib/python3.7/site-packages/airflow/example_dags/example_nested_branch_dag.py
[2023-01-31T10:17:02.129+0000] {processor.py:743} INFO - Processing file /home/airflow/.local/lib/python3.7/site-packages/airflow/example_dags/example_nested_branch_dag.py for tasks to queue
[2023-01-31T10:17:02.132+0000] {logging_mixin.py:137} INFO - [2023-01-31T10:17:02.132+0000] {dagbag.py:538} INFO - Filling up the DagBag from /home/airflow/.local/lib/python3.7/site-packages/airflow/example_dags/example_nested_branch_dag.py
[2023-01-31T10:17:02.246+0000] {processor.py:753} INFO - DAG(s) dict_keys(['example_nested_branch_dag']) retrieved from /home/airflow/.local/lib/python3.7/site-packages/airflow/example_dags/example_nested_branch_dag.py
[2023-01-31T10:17:02.295+0000] {logging_mixin.py:137} INFO - [2023-01-31T10:17:02.295+0000] {dag.py:2690} INFO - Sync 1 DAGs
[2023-01-31T10:17:02.364+0000] {logging_mixin.py:137} INFO - [2023-01-31T10:17:02.363+0000] {dag.py:3441} INFO - Setting next_dagrun for example_nested_branch_dag to 2023-01-30T00:00:00+00:00, run_after=2023-01-31T00:00:00+00:00
[2023-01-31T10:17:02.392+0000] {processor.py:175} INFO - Processing /home/airflow/.local/lib/python3.7/site-packages/airflow/example_dags/example_nested_branch_dag.py took 0.269 seconds
[2023-01-31T10:17:32.453+0000] {processor.py:153} INFO - Started process (PID=400) to work on /home/airflow/.local/lib/python3.7/site-packages/airflow/example_dags/example_nested_branch_dag.py
[2023-01-31T10:17:32.457+0000] {processor.py:743} INFO - Processing file /home/airflow/.local/lib/python3.7/site-packages/airflow/example_dags/example_nested_branch_dag.py for tasks to queue
[2023-01-31T10:17:32.460+0000] {logging_mixin.py:137} INFO - [2023-01-31T10:17:32.460+0000] {dagbag.py:538} INFO - Filling up the DagBag from /home/airflow/.local/lib/python3.7/site-packages/airflow/example_dags/example_nested_branch_dag.py
[2023-01-31T10:17:32.489+0000] {processor.py:753} INFO - DAG(s) dict_keys(['example_nested_branch_dag']) retrieved from /home/airflow/.local/lib/python3.7/site-packages/airflow/example_dags/example_nested_branch_dag.py
[2023-01-31T10:17:32.548+0000] {logging_mixin.py:137} INFO - [2023-01-31T10:17:32.548+0000] {dag.py:2690} INFO - Sync 1 DAGs
[2023-01-31T10:17:32.600+0000] {logging_mixin.py:137} INFO - [2023-01-31T10:17:32.600+0000] {dag.py:3441} INFO - Setting next_dagrun for example_nested_branch_dag to 2023-01-30T00:00:00+00:00, run_after=2023-01-31T00:00:00+00:00
[2023-01-31T10:17:32.644+0000] {processor.py:175} INFO - Processing /home/airflow/.local/lib/python3.7/site-packages/airflow/example_dags/example_nested_branch_dag.py took 0.198 seconds
[2023-01-31T10:18:03.566+0000] {processor.py:153} INFO - Started process (PID=486) to work on /home/airflow/.local/lib/python3.7/site-packages/airflow/example_dags/example_nested_branch_dag.py
[2023-01-31T10:18:03.577+0000] {processor.py:743} INFO - Processing file /home/airflow/.local/lib/python3.7/site-packages/airflow/example_dags/example_nested_branch_dag.py for tasks to queue
[2023-01-31T10:18:03.584+0000] {logging_mixin.py:137} INFO - [2023-01-31T10:18:03.584+0000] {dagbag.py:538} INFO - Filling up the DagBag from /home/airflow/.local/lib/python3.7/site-packages/airflow/example_dags/example_nested_branch_dag.py
[2023-01-31T10:18:03.604+0000] {processor.py:753} INFO - DAG(s) dict_keys(['example_nested_branch_dag']) retrieved from /home/airflow/.local/lib/python3.7/site-packages/airflow/example_dags/example_nested_branch_dag.py
[2023-01-31T10:18:03.629+0000] {logging_mixin.py:137} INFO - [2023-01-31T10:18:03.629+0000] {dag.py:2690} INFO - Sync 1 DAGs
[2023-01-31T10:18:03.648+0000] {logging_mixin.py:137} INFO - [2023-01-31T10:18:03.648+0000] {dag.py:3441} INFO - Setting next_dagrun for example_nested_branch_dag to 2023-01-30T00:00:00+00:00, run_after=2023-01-31T00:00:00+00:00
[2023-01-31T10:18:03.660+0000] {processor.py:175} INFO - Processing /home/airflow/.local/lib/python3.7/site-packages/airflow/example_dags/example_nested_branch_dag.py took 0.098 seconds
[2023-01-31T10:18:41.938+0000] {processor.py:153} INFO - Started process (PID=565) to work on /home/airflow/.local/lib/python3.7/site-packages/airflow/example_dags/example_nested_branch_dag.py
[2023-01-31T10:18:41.947+0000] {processor.py:743} INFO - Processing file /home/airflow/.local/lib/python3.7/site-packages/airflow/example_dags/example_nested_branch_dag.py for tasks to queue
[2023-01-31T10:18:41.954+0000] {logging_mixin.py:137} INFO - [2023-01-31T10:18:41.954+0000] {dagbag.py:538} INFO - Filling up the DagBag from /home/airflow/.local/lib/python3.7/site-packages/airflow/example_dags/example_nested_branch_dag.py
[2023-01-31T10:18:41.977+0000] {processor.py:753} INFO - DAG(s) dict_keys(['example_nested_branch_dag']) retrieved from /home/airflow/.local/lib/python3.7/site-packages/airflow/example_dags/example_nested_branch_dag.py
[2023-01-31T10:18:42.061+0000] {logging_mixin.py:137} INFO - [2023-01-31T10:18:42.061+0000] {dag.py:2690} INFO - Sync 1 DAGs
[2023-01-31T10:18:42.125+0000] {logging_mixin.py:137} INFO - [2023-01-31T10:18:42.125+0000] {dag.py:3441} INFO - Setting next_dagrun for example_nested_branch_dag to 2023-01-30T00:00:00+00:00, run_after=2023-01-31T00:00:00+00:00
[2023-01-31T10:18:42.176+0000] {processor.py:175} INFO - Processing /home/airflow/.local/lib/python3.7/site-packages/airflow/example_dags/example_nested_branch_dag.py took 0.245 seconds
[2023-01-31T10:19:12.432+0000] {processor.py:153} INFO - Started process (PID=648) to work on /home/airflow/.local/lib/python3.7/site-packages/airflow/example_dags/example_nested_branch_dag.py
[2023-01-31T10:19:12.440+0000] {processor.py:743} INFO - Processing file /home/airflow/.local/lib/python3.7/site-packages/airflow/example_dags/example_nested_branch_dag.py for tasks to queue
[2023-01-31T10:19:12.465+0000] {logging_mixin.py:137} INFO - [2023-01-31T10:19:12.465+0000] {dagbag.py:538} INFO - Filling up the DagBag from /home/airflow/.local/lib/python3.7/site-packages/airflow/example_dags/example_nested_branch_dag.py
[2023-01-31T10:19:12.490+0000] {processor.py:753} INFO - DAG(s) dict_keys(['example_nested_branch_dag']) retrieved from /home/airflow/.local/lib/python3.7/site-packages/airflow/example_dags/example_nested_branch_dag.py
[2023-01-31T10:19:12.515+0000] {logging_mixin.py:137} INFO - [2023-01-31T10:19:12.515+0000] {dag.py:2690} INFO - Sync 1 DAGs
[2023-01-31T10:19:12.573+0000] {logging_mixin.py:137} INFO - [2023-01-31T10:19:12.572+0000] {dag.py:3441} INFO - Setting next_dagrun for example_nested_branch_dag to 2023-01-30T00:00:00+00:00, run_after=2023-01-31T00:00:00+00:00
[2023-01-31T10:19:12.601+0000] {processor.py:175} INFO - Processing /home/airflow/.local/lib/python3.7/site-packages/airflow/example_dags/example_nested_branch_dag.py took 0.172 seconds
[2023-01-31T10:19:43.123+0000] {processor.py:153} INFO - Started process (PID=725) to work on /home/airflow/.local/lib/python3.7/site-packages/airflow/example_dags/example_nested_branch_dag.py
[2023-01-31T10:19:43.125+0000] {processor.py:743} INFO - Processing file /home/airflow/.local/lib/python3.7/site-packages/airflow/example_dags/example_nested_branch_dag.py for tasks to queue
[2023-01-31T10:19:43.127+0000] {logging_mixin.py:137} INFO - [2023-01-31T10:19:43.126+0000] {dagbag.py:538} INFO - Filling up the DagBag from /home/airflow/.local/lib/python3.7/site-packages/airflow/example_dags/example_nested_branch_dag.py
[2023-01-31T10:19:43.146+0000] {processor.py:753} INFO - DAG(s) dict_keys(['example_nested_branch_dag']) retrieved from /home/airflow/.local/lib/python3.7/site-packages/airflow/example_dags/example_nested_branch_dag.py
[2023-01-31T10:19:43.172+0000] {logging_mixin.py:137} INFO - [2023-01-31T10:19:43.172+0000] {dag.py:2690} INFO - Sync 1 DAGs
[2023-01-31T10:19:43.197+0000] {logging_mixin.py:137} INFO - [2023-01-31T10:19:43.197+0000] {dag.py:3441} INFO - Setting next_dagrun for example_nested_branch_dag to 2023-01-30T00:00:00+00:00, run_after=2023-01-31T00:00:00+00:00
[2023-01-31T10:19:43.222+0000] {processor.py:175} INFO - Processing /home/airflow/.local/lib/python3.7/site-packages/airflow/example_dags/example_nested_branch_dag.py took 0.102 seconds
[2023-01-31T10:20:14.684+0000] {processor.py:153} INFO - Started process (PID=825) to work on /home/airflow/.local/lib/python3.7/site-packages/airflow/example_dags/example_nested_branch_dag.py
[2023-01-31T10:20:14.686+0000] {processor.py:743} INFO - Processing file /home/airflow/.local/lib/python3.7/site-packages/airflow/example_dags/example_nested_branch_dag.py for tasks to queue
[2023-01-31T10:20:14.687+0000] {logging_mixin.py:137} INFO - [2023-01-31T10:20:14.687+0000] {dagbag.py:538} INFO - Filling up the DagBag from /home/airflow/.local/lib/python3.7/site-packages/airflow/example_dags/example_nested_branch_dag.py
[2023-01-31T10:20:14.719+0000] {processor.py:753} INFO - DAG(s) dict_keys(['example_nested_branch_dag']) retrieved from /home/airflow/.local/lib/python3.7/site-packages/airflow/example_dags/example_nested_branch_dag.py
[2023-01-31T10:20:14.752+0000] {logging_mixin.py:137} INFO - [2023-01-31T10:20:14.752+0000] {dag.py:2690} INFO - Sync 1 DAGs
[2023-01-31T10:20:14.781+0000] {logging_mixin.py:137} INFO - [2023-01-31T10:20:14.781+0000] {dag.py:3441} INFO - Setting next_dagrun for example_nested_branch_dag to 2023-01-30T00:00:00+00:00, run_after=2023-01-31T00:00:00+00:00
[2023-01-31T10:20:14.813+0000] {processor.py:175} INFO - Processing /home/airflow/.local/lib/python3.7/site-packages/airflow/example_dags/example_nested_branch_dag.py took 0.134 seconds
[2023-01-31T10:20:44.986+0000] {processor.py:153} INFO - Started process (PID=904) to work on /home/airflow/.local/lib/python3.7/site-packages/airflow/example_dags/example_nested_branch_dag.py
[2023-01-31T10:20:44.988+0000] {processor.py:743} INFO - Processing file /home/airflow/.local/lib/python3.7/site-packages/airflow/example_dags/example_nested_branch_dag.py for tasks to queue
[2023-01-31T10:20:44.989+0000] {logging_mixin.py:137} INFO - [2023-01-31T10:20:44.989+0000] {dagbag.py:538} INFO - Filling up the DagBag from /home/airflow/.local/lib/python3.7/site-packages/airflow/example_dags/example_nested_branch_dag.py
[2023-01-31T10:20:45.009+0000] {processor.py:753} INFO - DAG(s) dict_keys(['example_nested_branch_dag']) retrieved from /home/airflow/.local/lib/python3.7/site-packages/airflow/example_dags/example_nested_branch_dag.py
[2023-01-31T10:20:45.032+0000] {logging_mixin.py:137} INFO - [2023-01-31T10:20:45.032+0000] {dag.py:2690} INFO - Sync 1 DAGs
[2023-01-31T10:20:45.072+0000] {logging_mixin.py:137} INFO - [2023-01-31T10:20:45.072+0000] {dag.py:3441} INFO - Setting next_dagrun for example_nested_branch_dag to 2023-01-30T00:00:00+00:00, run_after=2023-01-31T00:00:00+00:00
[2023-01-31T10:20:45.089+0000] {processor.py:175} INFO - Processing /home/airflow/.local/lib/python3.7/site-packages/airflow/example_dags/example_nested_branch_dag.py took 0.107 seconds
[2023-01-31T10:21:16.537+0000] {processor.py:153} INFO - Started process (PID=983) to work on /home/airflow/.local/lib/python3.7/site-packages/airflow/example_dags/example_nested_branch_dag.py
[2023-01-31T10:21:16.544+0000] {processor.py:743} INFO - Processing file /home/airflow/.local/lib/python3.7/site-packages/airflow/example_dags/example_nested_branch_dag.py for tasks to queue
[2023-01-31T10:21:16.549+0000] {logging_mixin.py:137} INFO - [2023-01-31T10:21:16.549+0000] {dagbag.py:538} INFO - Filling up the DagBag from /home/airflow/.local/lib/python3.7/site-packages/airflow/example_dags/example_nested_branch_dag.py
[2023-01-31T10:21:16.599+0000] {processor.py:753} INFO - DAG(s) dict_keys(['example_nested_branch_dag']) retrieved from /home/airflow/.local/lib/python3.7/site-packages/airflow/example_dags/example_nested_branch_dag.py
[2023-01-31T10:21:16.630+0000] {logging_mixin.py:137} INFO - [2023-01-31T10:21:16.630+0000] {dag.py:2690} INFO - Sync 1 DAGs
[2023-01-31T10:21:16.651+0000] {logging_mixin.py:137} INFO - [2023-01-31T10:21:16.651+0000] {dag.py:3441} INFO - Setting next_dagrun for example_nested_branch_dag to 2023-01-30T00:00:00+00:00, run_after=2023-01-31T00:00:00+00:00
[2023-01-31T10:21:16.681+0000] {processor.py:175} INFO - Processing /home/airflow/.local/lib/python3.7/site-packages/airflow/example_dags/example_nested_branch_dag.py took 0.147 seconds
[2023-01-31T10:21:47.463+0000] {processor.py:153} INFO - Started process (PID=1061) to work on /home/airflow/.local/lib/python3.7/site-packages/airflow/example_dags/example_nested_branch_dag.py
[2023-01-31T10:21:47.465+0000] {processor.py:743} INFO - Processing file /home/airflow/.local/lib/python3.7/site-packages/airflow/example_dags/example_nested_branch_dag.py for tasks to queue
[2023-01-31T10:21:47.466+0000] {logging_mixin.py:137} INFO - [2023-01-31T10:21:47.466+0000] {dagbag.py:538} INFO - Filling up the DagBag from /home/airflow/.local/lib/python3.7/site-packages/airflow/example_dags/example_nested_branch_dag.py
[2023-01-31T10:21:47.489+0000] {processor.py:753} INFO - DAG(s) dict_keys(['example_nested_branch_dag']) retrieved from /home/airflow/.local/lib/python3.7/site-packages/airflow/example_dags/example_nested_branch_dag.py
[2023-01-31T10:21:47.518+0000] {logging_mixin.py:137} INFO - [2023-01-31T10:21:47.518+0000] {dag.py:2690} INFO - Sync 1 DAGs
[2023-01-31T10:21:47.549+0000] {logging_mixin.py:137} INFO - [2023-01-31T10:21:47.549+0000] {dag.py:3441} INFO - Setting next_dagrun for example_nested_branch_dag to 2023-01-30T00:00:00+00:00, run_after=2023-01-31T00:00:00+00:00
[2023-01-31T10:21:47.566+0000] {processor.py:175} INFO - Processing /home/airflow/.local/lib/python3.7/site-packages/airflow/example_dags/example_nested_branch_dag.py took 0.106 seconds
[2023-01-31T10:22:18.016+0000] {processor.py:153} INFO - Started process (PID=1140) to work on /home/airflow/.local/lib/python3.7/site-packages/airflow/example_dags/example_nested_branch_dag.py
[2023-01-31T10:22:18.018+0000] {processor.py:743} INFO - Processing file /home/airflow/.local/lib/python3.7/site-packages/airflow/example_dags/example_nested_branch_dag.py for tasks to queue
[2023-01-31T10:22:18.019+0000] {logging_mixin.py:137} INFO - [2023-01-31T10:22:18.019+0000] {dagbag.py:538} INFO - Filling up the DagBag from /home/airflow/.local/lib/python3.7/site-packages/airflow/example_dags/example_nested_branch_dag.py
[2023-01-31T10:22:18.039+0000] {processor.py:753} INFO - DAG(s) dict_keys(['example_nested_branch_dag']) retrieved from /home/airflow/.local/lib/python3.7/site-packages/airflow/example_dags/example_nested_branch_dag.py
[2023-01-31T10:22:18.063+0000] {logging_mixin.py:137} INFO - [2023-01-31T10:22:18.063+0000] {dag.py:2690} INFO - Sync 1 DAGs
[2023-01-31T10:22:18.083+0000] {logging_mixin.py:137} INFO - [2023-01-31T10:22:18.083+0000] {dag.py:3441} INFO - Setting next_dagrun for example_nested_branch_dag to 2023-01-30T00:00:00+00:00, run_after=2023-01-31T00:00:00+00:00
[2023-01-31T10:22:18.096+0000] {processor.py:175} INFO - Processing /home/airflow/.local/lib/python3.7/site-packages/airflow/example_dags/example_nested_branch_dag.py took 0.084 seconds
[2023-01-31T10:22:49.734+0000] {processor.py:153} INFO - Started process (PID=1227) to work on /home/airflow/.local/lib/python3.7/site-packages/airflow/example_dags/example_nested_branch_dag.py
[2023-01-31T10:22:49.741+0000] {processor.py:743} INFO - Processing file /home/airflow/.local/lib/python3.7/site-packages/airflow/example_dags/example_nested_branch_dag.py for tasks to queue
[2023-01-31T10:22:49.749+0000] {logging_mixin.py:137} INFO - [2023-01-31T10:22:49.748+0000] {dagbag.py:538} INFO - Filling up the DagBag from /home/airflow/.local/lib/python3.7/site-packages/airflow/example_dags/example_nested_branch_dag.py
[2023-01-31T10:22:49.788+0000] {processor.py:753} INFO - DAG(s) dict_keys(['example_nested_branch_dag']) retrieved from /home/airflow/.local/lib/python3.7/site-packages/airflow/example_dags/example_nested_branch_dag.py
[2023-01-31T10:22:49.931+0000] {logging_mixin.py:137} INFO - [2023-01-31T10:22:49.931+0000] {dag.py:2690} INFO - Sync 1 DAGs
[2023-01-31T10:22:50.063+0000] {logging_mixin.py:137} INFO - [2023-01-31T10:22:50.062+0000] {dag.py:3441} INFO - Setting next_dagrun for example_nested_branch_dag to 2023-01-30T00:00:00+00:00, run_after=2023-01-31T00:00:00+00:00
[2023-01-31T10:22:50.112+0000] {processor.py:175} INFO - Processing /home/airflow/.local/lib/python3.7/site-packages/airflow/example_dags/example_nested_branch_dag.py took 0.383 seconds
[2023-01-31T10:23:20.412+0000] {processor.py:153} INFO - Started process (PID=1312) to work on /home/airflow/.local/lib/python3.7/site-packages/airflow/example_dags/example_nested_branch_dag.py
[2023-01-31T10:23:20.413+0000] {processor.py:743} INFO - Processing file /home/airflow/.local/lib/python3.7/site-packages/airflow/example_dags/example_nested_branch_dag.py for tasks to queue
[2023-01-31T10:23:20.414+0000] {logging_mixin.py:137} INFO - [2023-01-31T10:23:20.414+0000] {dagbag.py:538} INFO - Filling up the DagBag from /home/airflow/.local/lib/python3.7/site-packages/airflow/example_dags/example_nested_branch_dag.py
[2023-01-31T10:23:20.433+0000] {processor.py:753} INFO - DAG(s) dict_keys(['example_nested_branch_dag']) retrieved from /home/airflow/.local/lib/python3.7/site-packages/airflow/example_dags/example_nested_branch_dag.py
[2023-01-31T10:23:20.460+0000] {logging_mixin.py:137} INFO - [2023-01-31T10:23:20.460+0000] {dag.py:2690} INFO - Sync 1 DAGs
[2023-01-31T10:23:20.499+0000] {logging_mixin.py:137} INFO - [2023-01-31T10:23:20.499+0000] {dag.py:3441} INFO - Setting next_dagrun for example_nested_branch_dag to 2023-01-30T00:00:00+00:00, run_after=2023-01-31T00:00:00+00:00
[2023-01-31T10:23:20.518+0000] {processor.py:175} INFO - Processing /home/airflow/.local/lib/python3.7/site-packages/airflow/example_dags/example_nested_branch_dag.py took 0.109 seconds
[2023-01-31T10:23:50.910+0000] {processor.py:153} INFO - Started process (PID=1391) to work on /home/airflow/.local/lib/python3.7/site-packages/airflow/example_dags/example_nested_branch_dag.py
[2023-01-31T10:23:50.912+0000] {processor.py:743} INFO - Processing file /home/airflow/.local/lib/python3.7/site-packages/airflow/example_dags/example_nested_branch_dag.py for tasks to queue
[2023-01-31T10:23:50.914+0000] {logging_mixin.py:137} INFO - [2023-01-31T10:23:50.913+0000] {dagbag.py:538} INFO - Filling up the DagBag from /home/airflow/.local/lib/python3.7/site-packages/airflow/example_dags/example_nested_branch_dag.py
[2023-01-31T10:23:50.932+0000] {processor.py:753} INFO - DAG(s) dict_keys(['example_nested_branch_dag']) retrieved from /home/airflow/.local/lib/python3.7/site-packages/airflow/example_dags/example_nested_branch_dag.py
[2023-01-31T10:23:50.982+0000] {logging_mixin.py:137} INFO - [2023-01-31T10:23:50.982+0000] {dag.py:2690} INFO - Sync 1 DAGs
[2023-01-31T10:23:51.017+0000] {logging_mixin.py:137} INFO - [2023-01-31T10:23:51.016+0000] {dag.py:3441} INFO - Setting next_dagrun for example_nested_branch_dag to 2023-01-30T00:00:00+00:00, run_after=2023-01-31T00:00:00+00:00
[2023-01-31T10:23:51.056+0000] {processor.py:175} INFO - Processing /home/airflow/.local/lib/python3.7/site-packages/airflow/example_dags/example_nested_branch_dag.py took 0.149 seconds
[2023-01-31T10:24:21.832+0000] {processor.py:153} INFO - Started process (PID=1469) to work on /home/airflow/.local/lib/python3.7/site-packages/airflow/example_dags/example_nested_branch_dag.py
[2023-01-31T10:24:21.834+0000] {processor.py:743} INFO - Processing file /home/airflow/.local/lib/python3.7/site-packages/airflow/example_dags/example_nested_branch_dag.py for tasks to queue
[2023-01-31T10:24:21.836+0000] {logging_mixin.py:137} INFO - [2023-01-31T10:24:21.836+0000] {dagbag.py:538} INFO - Filling up the DagBag from /home/airflow/.local/lib/python3.7/site-packages/airflow/example_dags/example_nested_branch_dag.py
[2023-01-31T10:24:21.869+0000] {processor.py:753} INFO - DAG(s) dict_keys(['example_nested_branch_dag']) retrieved from /home/airflow/.local/lib/python3.7/site-packages/airflow/example_dags/example_nested_branch_dag.py
[2023-01-31T10:24:21.977+0000] {logging_mixin.py:137} INFO - [2023-01-31T10:24:21.969+0000] {dag.py:2690} INFO - Sync 1 DAGs
[2023-01-31T10:24:22.043+0000] {logging_mixin.py:137} INFO - [2023-01-31T10:24:22.042+0000] {dag.py:3441} INFO - Setting next_dagrun for example_nested_branch_dag to 2023-01-30T00:00:00+00:00, run_after=2023-01-31T00:00:00+00:00
[2023-01-31T10:24:22.091+0000] {processor.py:175} INFO - Processing /home/airflow/.local/lib/python3.7/site-packages/airflow/example_dags/example_nested_branch_dag.py took 0.263 seconds
[2023-01-31T10:24:52.894+0000] {processor.py:153} INFO - Started process (PID=1551) to work on /home/airflow/.local/lib/python3.7/site-packages/airflow/example_dags/example_nested_branch_dag.py
[2023-01-31T10:24:52.895+0000] {processor.py:743} INFO - Processing file /home/airflow/.local/lib/python3.7/site-packages/airflow/example_dags/example_nested_branch_dag.py for tasks to queue
[2023-01-31T10:24:52.896+0000] {logging_mixin.py:137} INFO - [2023-01-31T10:24:52.896+0000] {dagbag.py:538} INFO - Filling up the DagBag from /home/airflow/.local/lib/python3.7/site-packages/airflow/example_dags/example_nested_branch_dag.py
[2023-01-31T10:24:52.917+0000] {processor.py:753} INFO - DAG(s) dict_keys(['example_nested_branch_dag']) retrieved from /home/airflow/.local/lib/python3.7/site-packages/airflow/example_dags/example_nested_branch_dag.py
[2023-01-31T10:24:52.942+0000] {logging_mixin.py:137} INFO - [2023-01-31T10:24:52.942+0000] {dag.py:2690} INFO - Sync 1 DAGs
[2023-01-31T10:24:52.966+0000] {logging_mixin.py:137} INFO - [2023-01-31T10:24:52.966+0000] {dag.py:3441} INFO - Setting next_dagrun for example_nested_branch_dag to 2023-01-30T00:00:00+00:00, run_after=2023-01-31T00:00:00+00:00
[2023-01-31T10:24:52.982+0000] {processor.py:175} INFO - Processing /home/airflow/.local/lib/python3.7/site-packages/airflow/example_dags/example_nested_branch_dag.py took 0.091 seconds
[2023-01-31T10:25:23.489+0000] {processor.py:153} INFO - Started process (PID=1630) to work on /home/airflow/.local/lib/python3.7/site-packages/airflow/example_dags/example_nested_branch_dag.py
[2023-01-31T10:25:23.494+0000] {processor.py:743} INFO - Processing file /home/airflow/.local/lib/python3.7/site-packages/airflow/example_dags/example_nested_branch_dag.py for tasks to queue
[2023-01-31T10:25:23.505+0000] {logging_mixin.py:137} INFO - [2023-01-31T10:25:23.504+0000] {dagbag.py:538} INFO - Filling up the DagBag from /home/airflow/.local/lib/python3.7/site-packages/airflow/example_dags/example_nested_branch_dag.py
[2023-01-31T10:25:23.541+0000] {processor.py:753} INFO - DAG(s) dict_keys(['example_nested_branch_dag']) retrieved from /home/airflow/.local/lib/python3.7/site-packages/airflow/example_dags/example_nested_branch_dag.py
[2023-01-31T10:25:23.649+0000] {logging_mixin.py:137} INFO - [2023-01-31T10:25:23.649+0000] {dag.py:2690} INFO - Sync 1 DAGs
[2023-01-31T10:25:23.698+0000] {logging_mixin.py:137} INFO - [2023-01-31T10:25:23.698+0000] {dag.py:3441} INFO - Setting next_dagrun for example_nested_branch_dag to 2023-01-30T00:00:00+00:00, run_after=2023-01-31T00:00:00+00:00
[2023-01-31T10:25:23.728+0000] {processor.py:175} INFO - Processing /home/airflow/.local/lib/python3.7/site-packages/airflow/example_dags/example_nested_branch_dag.py took 0.243 seconds
[2023-01-31T10:25:53.914+0000] {processor.py:153} INFO - Started process (PID=1710) to work on /home/airflow/.local/lib/python3.7/site-packages/airflow/example_dags/example_nested_branch_dag.py
[2023-01-31T10:25:53.921+0000] {processor.py:743} INFO - Processing file /home/airflow/.local/lib/python3.7/site-packages/airflow/example_dags/example_nested_branch_dag.py for tasks to queue
[2023-01-31T10:25:53.930+0000] {logging_mixin.py:137} INFO - [2023-01-31T10:25:53.930+0000] {dagbag.py:538} INFO - Filling up the DagBag from /home/airflow/.local/lib/python3.7/site-packages/airflow/example_dags/example_nested_branch_dag.py
[2023-01-31T10:25:54.013+0000] {processor.py:753} INFO - DAG(s) dict_keys(['example_nested_branch_dag']) retrieved from /home/airflow/.local/lib/python3.7/site-packages/airflow/example_dags/example_nested_branch_dag.py
[2023-01-31T10:25:54.104+0000] {logging_mixin.py:137} INFO - [2023-01-31T10:25:54.104+0000] {dag.py:2690} INFO - Sync 1 DAGs
[2023-01-31T10:25:54.138+0000] {logging_mixin.py:137} INFO - [2023-01-31T10:25:54.138+0000] {dag.py:3441} INFO - Setting next_dagrun for example_nested_branch_dag to 2023-01-30T00:00:00+00:00, run_after=2023-01-31T00:00:00+00:00
[2023-01-31T10:25:54.213+0000] {processor.py:175} INFO - Processing /home/airflow/.local/lib/python3.7/site-packages/airflow/example_dags/example_nested_branch_dag.py took 0.305 seconds
[2023-01-31T10:26:24.324+0000] {processor.py:153} INFO - Started process (PID=1809) to work on /home/airflow/.local/lib/python3.7/site-packages/airflow/example_dags/example_nested_branch_dag.py
[2023-01-31T10:26:24.328+0000] {processor.py:743} INFO - Processing file /home/airflow/.local/lib/python3.7/site-packages/airflow/example_dags/example_nested_branch_dag.py for tasks to queue
[2023-01-31T10:26:24.333+0000] {logging_mixin.py:137} INFO - [2023-01-31T10:26:24.333+0000] {dagbag.py:538} INFO - Filling up the DagBag from /home/airflow/.local/lib/python3.7/site-packages/airflow/example_dags/example_nested_branch_dag.py
[2023-01-31T10:26:24.357+0000] {processor.py:753} INFO - DAG(s) dict_keys(['example_nested_branch_dag']) retrieved from /home/airflow/.local/lib/python3.7/site-packages/airflow/example_dags/example_nested_branch_dag.py
[2023-01-31T10:26:24.385+0000] {logging_mixin.py:137} INFO - [2023-01-31T10:26:24.385+0000] {dag.py:2690} INFO - Sync 1 DAGs
[2023-01-31T10:26:24.411+0000] {logging_mixin.py:137} INFO - [2023-01-31T10:26:24.411+0000] {dag.py:3441} INFO - Setting next_dagrun for example_nested_branch_dag to 2023-01-30T00:00:00+00:00, run_after=2023-01-31T00:00:00+00:00
[2023-01-31T10:26:24.460+0000] {processor.py:175} INFO - Processing /home/airflow/.local/lib/python3.7/site-packages/airflow/example_dags/example_nested_branch_dag.py took 0.140 seconds
[2023-01-31T10:26:54.598+0000] {processor.py:153} INFO - Started process (PID=1888) to work on /home/airflow/.local/lib/python3.7/site-packages/airflow/example_dags/example_nested_branch_dag.py
[2023-01-31T10:26:54.603+0000] {processor.py:743} INFO - Processing file /home/airflow/.local/lib/python3.7/site-packages/airflow/example_dags/example_nested_branch_dag.py for tasks to queue
[2023-01-31T10:26:54.605+0000] {logging_mixin.py:137} INFO - [2023-01-31T10:26:54.605+0000] {dagbag.py:538} INFO - Filling up the DagBag from /home/airflow/.local/lib/python3.7/site-packages/airflow/example_dags/example_nested_branch_dag.py
[2023-01-31T10:26:54.634+0000] {processor.py:753} INFO - DAG(s) dict_keys(['example_nested_branch_dag']) retrieved from /home/airflow/.local/lib/python3.7/site-packages/airflow/example_dags/example_nested_branch_dag.py
[2023-01-31T10:26:54.665+0000] {logging_mixin.py:137} INFO - [2023-01-31T10:26:54.665+0000] {dag.py:2690} INFO - Sync 1 DAGs
[2023-01-31T10:26:54.684+0000] {logging_mixin.py:137} INFO - [2023-01-31T10:26:54.684+0000] {dag.py:3441} INFO - Setting next_dagrun for example_nested_branch_dag to 2023-01-30T00:00:00+00:00, run_after=2023-01-31T00:00:00+00:00
[2023-01-31T10:26:54.700+0000] {processor.py:175} INFO - Processing /home/airflow/.local/lib/python3.7/site-packages/airflow/example_dags/example_nested_branch_dag.py took 0.108 seconds
[2023-01-31T10:27:25.107+0000] {processor.py:153} INFO - Started process (PID=1966) to work on /home/airflow/.local/lib/python3.7/site-packages/airflow/example_dags/example_nested_branch_dag.py
[2023-01-31T10:27:25.108+0000] {processor.py:743} INFO - Processing file /home/airflow/.local/lib/python3.7/site-packages/airflow/example_dags/example_nested_branch_dag.py for tasks to queue
[2023-01-31T10:27:25.109+0000] {logging_mixin.py:137} INFO - [2023-01-31T10:27:25.109+0000] {dagbag.py:538} INFO - Filling up the DagBag from /home/airflow/.local/lib/python3.7/site-packages/airflow/example_dags/example_nested_branch_dag.py
[2023-01-31T10:27:25.126+0000] {processor.py:753} INFO - DAG(s) dict_keys(['example_nested_branch_dag']) retrieved from /home/airflow/.local/lib/python3.7/site-packages/airflow/example_dags/example_nested_branch_dag.py
[2023-01-31T10:27:25.152+0000] {logging_mixin.py:137} INFO - [2023-01-31T10:27:25.152+0000] {dag.py:2690} INFO - Sync 1 DAGs
[2023-01-31T10:27:25.169+0000] {logging_mixin.py:137} INFO - [2023-01-31T10:27:25.169+0000] {dag.py:3441} INFO - Setting next_dagrun for example_nested_branch_dag to 2023-01-30T00:00:00+00:00, run_after=2023-01-31T00:00:00+00:00
[2023-01-31T10:27:25.179+0000] {processor.py:175} INFO - Processing /home/airflow/.local/lib/python3.7/site-packages/airflow/example_dags/example_nested_branch_dag.py took 0.076 seconds
[2023-01-31T10:27:56.653+0000] {processor.py:153} INFO - Started process (PID=2063) to work on /home/airflow/.local/lib/python3.7/site-packages/airflow/example_dags/example_nested_branch_dag.py
[2023-01-31T10:27:56.655+0000] {processor.py:743} INFO - Processing file /home/airflow/.local/lib/python3.7/site-packages/airflow/example_dags/example_nested_branch_dag.py for tasks to queue
[2023-01-31T10:27:56.657+0000] {logging_mixin.py:137} INFO - [2023-01-31T10:27:56.657+0000] {dagbag.py:538} INFO - Filling up the DagBag from /home/airflow/.local/lib/python3.7/site-packages/airflow/example_dags/example_nested_branch_dag.py
[2023-01-31T10:27:56.700+0000] {processor.py:753} INFO - DAG(s) dict_keys(['example_nested_branch_dag']) retrieved from /home/airflow/.local/lib/python3.7/site-packages/airflow/example_dags/example_nested_branch_dag.py
[2023-01-31T10:27:56.811+0000] {logging_mixin.py:137} INFO - [2023-01-31T10:27:56.811+0000] {dag.py:2690} INFO - Sync 1 DAGs
[2023-01-31T10:27:56.853+0000] {logging_mixin.py:137} INFO - [2023-01-31T10:27:56.852+0000] {dag.py:3441} INFO - Setting next_dagrun for example_nested_branch_dag to 2023-01-30T00:00:00+00:00, run_after=2023-01-31T00:00:00+00:00
[2023-01-31T10:27:56.872+0000] {processor.py:175} INFO - Processing /home/airflow/.local/lib/python3.7/site-packages/airflow/example_dags/example_nested_branch_dag.py took 0.225 seconds
[2023-01-31T10:28:26.948+0000] {processor.py:153} INFO - Started process (PID=2142) to work on /home/airflow/.local/lib/python3.7/site-packages/airflow/example_dags/example_nested_branch_dag.py
[2023-01-31T10:28:26.950+0000] {processor.py:743} INFO - Processing file /home/airflow/.local/lib/python3.7/site-packages/airflow/example_dags/example_nested_branch_dag.py for tasks to queue
[2023-01-31T10:28:26.951+0000] {logging_mixin.py:137} INFO - [2023-01-31T10:28:26.951+0000] {dagbag.py:538} INFO - Filling up the DagBag from /home/airflow/.local/lib/python3.7/site-packages/airflow/example_dags/example_nested_branch_dag.py
[2023-01-31T10:28:26.972+0000] {processor.py:753} INFO - DAG(s) dict_keys(['example_nested_branch_dag']) retrieved from /home/airflow/.local/lib/python3.7/site-packages/airflow/example_dags/example_nested_branch_dag.py
[2023-01-31T10:28:27.002+0000] {logging_mixin.py:137} INFO - [2023-01-31T10:28:27.002+0000] {dag.py:2690} INFO - Sync 1 DAGs
[2023-01-31T10:28:27.030+0000] {logging_mixin.py:137} INFO - [2023-01-31T10:28:27.030+0000] {dag.py:3441} INFO - Setting next_dagrun for example_nested_branch_dag to 2023-01-30T00:00:00+00:00, run_after=2023-01-31T00:00:00+00:00
[2023-01-31T10:28:27.057+0000] {processor.py:175} INFO - Processing /home/airflow/.local/lib/python3.7/site-packages/airflow/example_dags/example_nested_branch_dag.py took 0.112 seconds
[2023-01-31T10:28:57.797+0000] {processor.py:153} INFO - Started process (PID=2221) to work on /home/airflow/.local/lib/python3.7/site-packages/airflow/example_dags/example_nested_branch_dag.py
[2023-01-31T10:28:57.800+0000] {processor.py:743} INFO - Processing file /home/airflow/.local/lib/python3.7/site-packages/airflow/example_dags/example_nested_branch_dag.py for tasks to queue
[2023-01-31T10:28:57.801+0000] {logging_mixin.py:137} INFO - [2023-01-31T10:28:57.801+0000] {dagbag.py:538} INFO - Filling up the DagBag from /home/airflow/.local/lib/python3.7/site-packages/airflow/example_dags/example_nested_branch_dag.py
[2023-01-31T10:28:57.833+0000] {processor.py:753} INFO - DAG(s) dict_keys(['example_nested_branch_dag']) retrieved from /home/airflow/.local/lib/python3.7/site-packages/airflow/example_dags/example_nested_branch_dag.py
[2023-01-31T10:28:57.882+0000] {logging_mixin.py:137} INFO - [2023-01-31T10:28:57.882+0000] {dag.py:2690} INFO - Sync 1 DAGs
[2023-01-31T10:28:57.923+0000] {logging_mixin.py:137} INFO - [2023-01-31T10:28:57.923+0000] {dag.py:3441} INFO - Setting next_dagrun for example_nested_branch_dag to 2023-01-30T00:00:00+00:00, run_after=2023-01-31T00:00:00+00:00
[2023-01-31T10:28:57.949+0000] {processor.py:175} INFO - Processing /home/airflow/.local/lib/python3.7/site-packages/airflow/example_dags/example_nested_branch_dag.py took 0.155 seconds
[2023-01-31T10:29:32.022+0000] {processor.py:153} INFO - Started process (PID=2308) to work on /home/airflow/.local/lib/python3.7/site-packages/airflow/example_dags/example_nested_branch_dag.py
[2023-01-31T10:29:32.100+0000] {processor.py:743} INFO - Processing file /home/airflow/.local/lib/python3.7/site-packages/airflow/example_dags/example_nested_branch_dag.py for tasks to queue
[2023-01-31T10:29:32.102+0000] {logging_mixin.py:137} INFO - [2023-01-31T10:29:32.101+0000] {dagbag.py:538} INFO - Filling up the DagBag from /home/airflow/.local/lib/python3.7/site-packages/airflow/example_dags/example_nested_branch_dag.py
[2023-01-31T10:29:32.207+0000] {processor.py:753} INFO - DAG(s) dict_keys(['example_nested_branch_dag']) retrieved from /home/airflow/.local/lib/python3.7/site-packages/airflow/example_dags/example_nested_branch_dag.py
[2023-01-31T10:29:32.325+0000] {logging_mixin.py:137} INFO - [2023-01-31T10:29:32.325+0000] {dag.py:2690} INFO - Sync 1 DAGs
[2023-01-31T10:29:32.408+0000] {logging_mixin.py:137} INFO - [2023-01-31T10:29:32.408+0000] {dag.py:3441} INFO - Setting next_dagrun for example_nested_branch_dag to 2023-01-30T00:00:00+00:00, run_after=2023-01-31T00:00:00+00:00
[2023-01-31T10:29:32.551+0000] {processor.py:175} INFO - Processing /home/airflow/.local/lib/python3.7/site-packages/airflow/example_dags/example_nested_branch_dag.py took 0.549 seconds
[2023-01-31T10:30:03.295+0000] {processor.py:153} INFO - Started process (PID=2394) to work on /home/airflow/.local/lib/python3.7/site-packages/airflow/example_dags/example_nested_branch_dag.py
[2023-01-31T10:30:03.312+0000] {processor.py:743} INFO - Processing file /home/airflow/.local/lib/python3.7/site-packages/airflow/example_dags/example_nested_branch_dag.py for tasks to queue
[2023-01-31T10:30:03.314+0000] {logging_mixin.py:137} INFO - [2023-01-31T10:30:03.314+0000] {dagbag.py:538} INFO - Filling up the DagBag from /home/airflow/.local/lib/python3.7/site-packages/airflow/example_dags/example_nested_branch_dag.py
[2023-01-31T10:30:03.345+0000] {processor.py:753} INFO - DAG(s) dict_keys(['example_nested_branch_dag']) retrieved from /home/airflow/.local/lib/python3.7/site-packages/airflow/example_dags/example_nested_branch_dag.py
[2023-01-31T10:30:03.408+0000] {logging_mixin.py:137} INFO - [2023-01-31T10:30:03.408+0000] {dag.py:2690} INFO - Sync 1 DAGs
[2023-01-31T10:30:03.458+0000] {logging_mixin.py:137} INFO - [2023-01-31T10:30:03.458+0000] {dag.py:3441} INFO - Setting next_dagrun for example_nested_branch_dag to 2023-01-30T00:00:00+00:00, run_after=2023-01-31T00:00:00+00:00
[2023-01-31T10:30:03.496+0000] {processor.py:175} INFO - Processing /home/airflow/.local/lib/python3.7/site-packages/airflow/example_dags/example_nested_branch_dag.py took 0.218 seconds
[2023-01-31T10:30:34.234+0000] {processor.py:153} INFO - Started process (PID=2473) to work on /home/airflow/.local/lib/python3.7/site-packages/airflow/example_dags/example_nested_branch_dag.py
[2023-01-31T10:30:34.238+0000] {processor.py:743} INFO - Processing file /home/airflow/.local/lib/python3.7/site-packages/airflow/example_dags/example_nested_branch_dag.py for tasks to queue
[2023-01-31T10:30:34.241+0000] {logging_mixin.py:137} INFO - [2023-01-31T10:30:34.240+0000] {dagbag.py:538} INFO - Filling up the DagBag from /home/airflow/.local/lib/python3.7/site-packages/airflow/example_dags/example_nested_branch_dag.py
[2023-01-31T10:30:34.283+0000] {processor.py:753} INFO - DAG(s) dict_keys(['example_nested_branch_dag']) retrieved from /home/airflow/.local/lib/python3.7/site-packages/airflow/example_dags/example_nested_branch_dag.py
[2023-01-31T10:30:34.317+0000] {logging_mixin.py:137} INFO - [2023-01-31T10:30:34.316+0000] {dag.py:2690} INFO - Sync 1 DAGs
[2023-01-31T10:30:34.348+0000] {logging_mixin.py:137} INFO - [2023-01-31T10:30:34.348+0000] {dag.py:3441} INFO - Setting next_dagrun for example_nested_branch_dag to 2023-01-30T00:00:00+00:00, run_after=2023-01-31T00:00:00+00:00
[2023-01-31T10:30:34.373+0000] {processor.py:175} INFO - Processing /home/airflow/.local/lib/python3.7/site-packages/airflow/example_dags/example_nested_branch_dag.py took 0.145 seconds
[2023-01-31T10:31:04.519+0000] {processor.py:153} INFO - Started process (PID=2551) to work on /home/airflow/.local/lib/python3.7/site-packages/airflow/example_dags/example_nested_branch_dag.py
[2023-01-31T10:31:04.521+0000] {processor.py:743} INFO - Processing file /home/airflow/.local/lib/python3.7/site-packages/airflow/example_dags/example_nested_branch_dag.py for tasks to queue
[2023-01-31T10:31:04.523+0000] {logging_mixin.py:137} INFO - [2023-01-31T10:31:04.523+0000] {dagbag.py:538} INFO - Filling up the DagBag from /home/airflow/.local/lib/python3.7/site-packages/airflow/example_dags/example_nested_branch_dag.py
[2023-01-31T10:31:04.547+0000] {processor.py:753} INFO - DAG(s) dict_keys(['example_nested_branch_dag']) retrieved from /home/airflow/.local/lib/python3.7/site-packages/airflow/example_dags/example_nested_branch_dag.py
[2023-01-31T10:31:04.570+0000] {logging_mixin.py:137} INFO - [2023-01-31T10:31:04.569+0000] {dag.py:2690} INFO - Sync 1 DAGs
[2023-01-31T10:31:04.592+0000] {logging_mixin.py:137} INFO - [2023-01-31T10:31:04.592+0000] {dag.py:3441} INFO - Setting next_dagrun for example_nested_branch_dag to 2023-01-30T00:00:00+00:00, run_after=2023-01-31T00:00:00+00:00
[2023-01-31T10:31:04.613+0000] {processor.py:175} INFO - Processing /home/airflow/.local/lib/python3.7/site-packages/airflow/example_dags/example_nested_branch_dag.py took 0.099 seconds
[2023-01-31T10:31:36.163+0000] {processor.py:153} INFO - Started process (PID=2637) to work on /home/airflow/.local/lib/python3.7/site-packages/airflow/example_dags/example_nested_branch_dag.py
[2023-01-31T10:31:36.221+0000] {processor.py:743} INFO - Processing file /home/airflow/.local/lib/python3.7/site-packages/airflow/example_dags/example_nested_branch_dag.py for tasks to queue
[2023-01-31T10:31:36.295+0000] {logging_mixin.py:137} INFO - [2023-01-31T10:31:36.294+0000] {dagbag.py:538} INFO - Filling up the DagBag from /home/airflow/.local/lib/python3.7/site-packages/airflow/example_dags/example_nested_branch_dag.py
[2023-01-31T10:31:36.482+0000] {processor.py:753} INFO - DAG(s) dict_keys(['example_nested_branch_dag']) retrieved from /home/airflow/.local/lib/python3.7/site-packages/airflow/example_dags/example_nested_branch_dag.py
[2023-01-31T10:31:36.593+0000] {logging_mixin.py:137} INFO - [2023-01-31T10:31:36.593+0000] {dag.py:2690} INFO - Sync 1 DAGs
[2023-01-31T10:31:36.670+0000] {logging_mixin.py:137} INFO - [2023-01-31T10:31:36.669+0000] {dag.py:3441} INFO - Setting next_dagrun for example_nested_branch_dag to 2023-01-30T00:00:00+00:00, run_after=2023-01-31T00:00:00+00:00
[2023-01-31T10:31:36.709+0000] {processor.py:175} INFO - Processing /home/airflow/.local/lib/python3.7/site-packages/airflow/example_dags/example_nested_branch_dag.py took 0.651 seconds
[2023-01-31T10:32:07.115+0000] {processor.py:153} INFO - Started process (PID=2723) to work on /home/airflow/.local/lib/python3.7/site-packages/airflow/example_dags/example_nested_branch_dag.py
[2023-01-31T10:32:07.117+0000] {processor.py:743} INFO - Processing file /home/airflow/.local/lib/python3.7/site-packages/airflow/example_dags/example_nested_branch_dag.py for tasks to queue
[2023-01-31T10:32:07.119+0000] {logging_mixin.py:137} INFO - [2023-01-31T10:32:07.119+0000] {dagbag.py:538} INFO - Filling up the DagBag from /home/airflow/.local/lib/python3.7/site-packages/airflow/example_dags/example_nested_branch_dag.py
[2023-01-31T10:32:07.145+0000] {processor.py:753} INFO - DAG(s) dict_keys(['example_nested_branch_dag']) retrieved from /home/airflow/.local/lib/python3.7/site-packages/airflow/example_dags/example_nested_branch_dag.py
[2023-01-31T10:32:07.177+0000] {logging_mixin.py:137} INFO - [2023-01-31T10:32:07.177+0000] {dag.py:2690} INFO - Sync 1 DAGs
[2023-01-31T10:32:07.199+0000] {logging_mixin.py:137} INFO - [2023-01-31T10:32:07.199+0000] {dag.py:3441} INFO - Setting next_dagrun for example_nested_branch_dag to 2023-01-30T00:00:00+00:00, run_after=2023-01-31T00:00:00+00:00
[2023-01-31T10:32:07.235+0000] {processor.py:175} INFO - Processing /home/airflow/.local/lib/python3.7/site-packages/airflow/example_dags/example_nested_branch_dag.py took 0.126 seconds
[2023-01-31T10:32:38.003+0000] {processor.py:153} INFO - Started process (PID=2802) to work on /home/airflow/.local/lib/python3.7/site-packages/airflow/example_dags/example_nested_branch_dag.py
[2023-01-31T10:32:38.006+0000] {processor.py:743} INFO - Processing file /home/airflow/.local/lib/python3.7/site-packages/airflow/example_dags/example_nested_branch_dag.py for tasks to queue
[2023-01-31T10:32:38.009+0000] {logging_mixin.py:137} INFO - [2023-01-31T10:32:38.009+0000] {dagbag.py:538} INFO - Filling up the DagBag from /home/airflow/.local/lib/python3.7/site-packages/airflow/example_dags/example_nested_branch_dag.py
[2023-01-31T10:32:38.047+0000] {processor.py:753} INFO - DAG(s) dict_keys(['example_nested_branch_dag']) retrieved from /home/airflow/.local/lib/python3.7/site-packages/airflow/example_dags/example_nested_branch_dag.py
[2023-01-31T10:32:38.095+0000] {logging_mixin.py:137} INFO - [2023-01-31T10:32:38.095+0000] {dag.py:2690} INFO - Sync 1 DAGs
[2023-01-31T10:32:38.140+0000] {logging_mixin.py:137} INFO - [2023-01-31T10:32:38.139+0000] {dag.py:3441} INFO - Setting next_dagrun for example_nested_branch_dag to 2023-01-30T00:00:00+00:00, run_after=2023-01-31T00:00:00+00:00
[2023-01-31T10:32:38.155+0000] {processor.py:175} INFO - Processing /home/airflow/.local/lib/python3.7/site-packages/airflow/example_dags/example_nested_branch_dag.py took 0.157 seconds
[2023-01-31T10:33:08.792+0000] {processor.py:153} INFO - Started process (PID=2897) to work on /home/airflow/.local/lib/python3.7/site-packages/airflow/example_dags/example_nested_branch_dag.py
[2023-01-31T10:33:08.795+0000] {processor.py:743} INFO - Processing file /home/airflow/.local/lib/python3.7/site-packages/airflow/example_dags/example_nested_branch_dag.py for tasks to queue
[2023-01-31T10:33:08.797+0000] {logging_mixin.py:137} INFO - [2023-01-31T10:33:08.797+0000] {dagbag.py:538} INFO - Filling up the DagBag from /home/airflow/.local/lib/python3.7/site-packages/airflow/example_dags/example_nested_branch_dag.py
[2023-01-31T10:33:08.836+0000] {processor.py:753} INFO - DAG(s) dict_keys(['example_nested_branch_dag']) retrieved from /home/airflow/.local/lib/python3.7/site-packages/airflow/example_dags/example_nested_branch_dag.py
[2023-01-31T10:33:08.914+0000] {logging_mixin.py:137} INFO - [2023-01-31T10:33:08.913+0000] {dag.py:2690} INFO - Sync 1 DAGs
[2023-01-31T10:33:08.950+0000] {logging_mixin.py:137} INFO - [2023-01-31T10:33:08.950+0000] {dag.py:3441} INFO - Setting next_dagrun for example_nested_branch_dag to 2023-01-30T00:00:00+00:00, run_after=2023-01-31T00:00:00+00:00
[2023-01-31T10:33:08.968+0000] {processor.py:175} INFO - Processing /home/airflow/.local/lib/python3.7/site-packages/airflow/example_dags/example_nested_branch_dag.py took 0.187 seconds
[2023-01-31T10:33:39.843+0000] {processor.py:153} INFO - Started process (PID=2976) to work on /home/airflow/.local/lib/python3.7/site-packages/airflow/example_dags/example_nested_branch_dag.py
[2023-01-31T10:33:39.846+0000] {processor.py:743} INFO - Processing file /home/airflow/.local/lib/python3.7/site-packages/airflow/example_dags/example_nested_branch_dag.py for tasks to queue
[2023-01-31T10:33:39.851+0000] {logging_mixin.py:137} INFO - [2023-01-31T10:33:39.850+0000] {dagbag.py:538} INFO - Filling up the DagBag from /home/airflow/.local/lib/python3.7/site-packages/airflow/example_dags/example_nested_branch_dag.py
[2023-01-31T10:33:39.879+0000] {processor.py:753} INFO - DAG(s) dict_keys(['example_nested_branch_dag']) retrieved from /home/airflow/.local/lib/python3.7/site-packages/airflow/example_dags/example_nested_branch_dag.py
[2023-01-31T10:33:39.948+0000] {logging_mixin.py:137} INFO - [2023-01-31T10:33:39.947+0000] {dag.py:2690} INFO - Sync 1 DAGs
[2023-01-31T10:33:39.972+0000] {logging_mixin.py:137} INFO - [2023-01-31T10:33:39.972+0000] {dag.py:3441} INFO - Setting next_dagrun for example_nested_branch_dag to 2023-01-30T00:00:00+00:00, run_after=2023-01-31T00:00:00+00:00
[2023-01-31T10:33:39.988+0000] {processor.py:175} INFO - Processing /home/airflow/.local/lib/python3.7/site-packages/airflow/example_dags/example_nested_branch_dag.py took 0.159 seconds
[2023-01-31T10:34:10.315+0000] {processor.py:153} INFO - Started process (PID=3055) to work on /home/airflow/.local/lib/python3.7/site-packages/airflow/example_dags/example_nested_branch_dag.py
[2023-01-31T10:34:10.329+0000] {processor.py:743} INFO - Processing file /home/airflow/.local/lib/python3.7/site-packages/airflow/example_dags/example_nested_branch_dag.py for tasks to queue
[2023-01-31T10:34:10.346+0000] {logging_mixin.py:137} INFO - [2023-01-31T10:34:10.345+0000] {dagbag.py:538} INFO - Filling up the DagBag from /home/airflow/.local/lib/python3.7/site-packages/airflow/example_dags/example_nested_branch_dag.py
[2023-01-31T10:34:10.413+0000] {processor.py:753} INFO - DAG(s) dict_keys(['example_nested_branch_dag']) retrieved from /home/airflow/.local/lib/python3.7/site-packages/airflow/example_dags/example_nested_branch_dag.py
[2023-01-31T10:34:10.503+0000] {logging_mixin.py:137} INFO - [2023-01-31T10:34:10.503+0000] {dag.py:2690} INFO - Sync 1 DAGs
[2023-01-31T10:34:10.538+0000] {logging_mixin.py:137} INFO - [2023-01-31T10:34:10.537+0000] {dag.py:3441} INFO - Setting next_dagrun for example_nested_branch_dag to 2023-01-30T00:00:00+00:00, run_after=2023-01-31T00:00:00+00:00
[2023-01-31T10:34:10.559+0000] {processor.py:175} INFO - Processing /home/airflow/.local/lib/python3.7/site-packages/airflow/example_dags/example_nested_branch_dag.py took 0.253 seconds
[2023-01-31T10:34:41.257+0000] {processor.py:153} INFO - Started process (PID=3150) to work on /home/airflow/.local/lib/python3.7/site-packages/airflow/example_dags/example_nested_branch_dag.py
[2023-01-31T10:34:41.260+0000] {processor.py:743} INFO - Processing file /home/airflow/.local/lib/python3.7/site-packages/airflow/example_dags/example_nested_branch_dag.py for tasks to queue
[2023-01-31T10:34:41.265+0000] {logging_mixin.py:137} INFO - [2023-01-31T10:34:41.264+0000] {dagbag.py:538} INFO - Filling up the DagBag from /home/airflow/.local/lib/python3.7/site-packages/airflow/example_dags/example_nested_branch_dag.py
[2023-01-31T10:34:41.324+0000] {processor.py:753} INFO - DAG(s) dict_keys(['example_nested_branch_dag']) retrieved from /home/airflow/.local/lib/python3.7/site-packages/airflow/example_dags/example_nested_branch_dag.py
[2023-01-31T10:34:41.371+0000] {logging_mixin.py:137} INFO - [2023-01-31T10:34:41.371+0000] {dag.py:2690} INFO - Sync 1 DAGs
[2023-01-31T10:34:41.400+0000] {logging_mixin.py:137} INFO - [2023-01-31T10:34:41.399+0000] {dag.py:3441} INFO - Setting next_dagrun for example_nested_branch_dag to 2023-01-30T00:00:00+00:00, run_after=2023-01-31T00:00:00+00:00
[2023-01-31T10:34:41.431+0000] {processor.py:175} INFO - Processing /home/airflow/.local/lib/python3.7/site-packages/airflow/example_dags/example_nested_branch_dag.py took 0.179 seconds
[2023-01-31T10:35:11.519+0000] {processor.py:153} INFO - Started process (PID=3229) to work on /home/airflow/.local/lib/python3.7/site-packages/airflow/example_dags/example_nested_branch_dag.py
[2023-01-31T10:35:11.536+0000] {processor.py:743} INFO - Processing file /home/airflow/.local/lib/python3.7/site-packages/airflow/example_dags/example_nested_branch_dag.py for tasks to queue
[2023-01-31T10:35:11.549+0000] {logging_mixin.py:137} INFO - [2023-01-31T10:35:11.549+0000] {dagbag.py:538} INFO - Filling up the DagBag from /home/airflow/.local/lib/python3.7/site-packages/airflow/example_dags/example_nested_branch_dag.py
[2023-01-31T10:35:11.650+0000] {processor.py:753} INFO - DAG(s) dict_keys(['example_nested_branch_dag']) retrieved from /home/airflow/.local/lib/python3.7/site-packages/airflow/example_dags/example_nested_branch_dag.py
[2023-01-31T10:35:11.734+0000] {logging_mixin.py:137} INFO - [2023-01-31T10:35:11.733+0000] {dag.py:2690} INFO - Sync 1 DAGs
[2023-01-31T10:35:11.793+0000] {logging_mixin.py:137} INFO - [2023-01-31T10:35:11.792+0000] {dag.py:3441} INFO - Setting next_dagrun for example_nested_branch_dag to 2023-01-30T00:00:00+00:00, run_after=2023-01-31T00:00:00+00:00
[2023-01-31T10:35:11.839+0000] {processor.py:175} INFO - Processing /home/airflow/.local/lib/python3.7/site-packages/airflow/example_dags/example_nested_branch_dag.py took 0.329 seconds
[2023-01-31T10:35:42.107+0000] {processor.py:153} INFO - Started process (PID=3312) to work on /home/airflow/.local/lib/python3.7/site-packages/airflow/example_dags/example_nested_branch_dag.py
[2023-01-31T10:35:42.108+0000] {processor.py:743} INFO - Processing file /home/airflow/.local/lib/python3.7/site-packages/airflow/example_dags/example_nested_branch_dag.py for tasks to queue
[2023-01-31T10:35:42.110+0000] {logging_mixin.py:137} INFO - [2023-01-31T10:35:42.109+0000] {dagbag.py:538} INFO - Filling up the DagBag from /home/airflow/.local/lib/python3.7/site-packages/airflow/example_dags/example_nested_branch_dag.py
[2023-01-31T10:35:42.129+0000] {processor.py:753} INFO - DAG(s) dict_keys(['example_nested_branch_dag']) retrieved from /home/airflow/.local/lib/python3.7/site-packages/airflow/example_dags/example_nested_branch_dag.py
[2023-01-31T10:35:42.154+0000] {logging_mixin.py:137} INFO - [2023-01-31T10:35:42.154+0000] {dag.py:2690} INFO - Sync 1 DAGs
[2023-01-31T10:35:42.171+0000] {logging_mixin.py:137} INFO - [2023-01-31T10:35:42.171+0000] {dag.py:3441} INFO - Setting next_dagrun for example_nested_branch_dag to 2023-01-30T00:00:00+00:00, run_after=2023-01-31T00:00:00+00:00
[2023-01-31T10:35:42.182+0000] {processor.py:175} INFO - Processing /home/airflow/.local/lib/python3.7/site-packages/airflow/example_dags/example_nested_branch_dag.py took 0.079 seconds
[2023-01-31T10:36:13.128+0000] {processor.py:153} INFO - Started process (PID=3392) to work on /home/airflow/.local/lib/python3.7/site-packages/airflow/example_dags/example_nested_branch_dag.py
[2023-01-31T10:36:13.129+0000] {processor.py:743} INFO - Processing file /home/airflow/.local/lib/python3.7/site-packages/airflow/example_dags/example_nested_branch_dag.py for tasks to queue
[2023-01-31T10:36:13.131+0000] {logging_mixin.py:137} INFO - [2023-01-31T10:36:13.131+0000] {dagbag.py:538} INFO - Filling up the DagBag from /home/airflow/.local/lib/python3.7/site-packages/airflow/example_dags/example_nested_branch_dag.py
[2023-01-31T10:36:13.162+0000] {processor.py:753} INFO - DAG(s) dict_keys(['example_nested_branch_dag']) retrieved from /home/airflow/.local/lib/python3.7/site-packages/airflow/example_dags/example_nested_branch_dag.py
[2023-01-31T10:36:13.192+0000] {logging_mixin.py:137} INFO - [2023-01-31T10:36:13.192+0000] {dag.py:2690} INFO - Sync 1 DAGs
[2023-01-31T10:36:13.212+0000] {logging_mixin.py:137} INFO - [2023-01-31T10:36:13.212+0000] {dag.py:3441} INFO - Setting next_dagrun for example_nested_branch_dag to 2023-01-30T00:00:00+00:00, run_after=2023-01-31T00:00:00+00:00
[2023-01-31T10:36:13.230+0000] {processor.py:175} INFO - Processing /home/airflow/.local/lib/python3.7/site-packages/airflow/example_dags/example_nested_branch_dag.py took 0.105 seconds
[2023-01-31T10:36:43.685+0000] {processor.py:153} INFO - Started process (PID=3475) to work on /home/airflow/.local/lib/python3.7/site-packages/airflow/example_dags/example_nested_branch_dag.py
[2023-01-31T10:36:43.687+0000] {processor.py:743} INFO - Processing file /home/airflow/.local/lib/python3.7/site-packages/airflow/example_dags/example_nested_branch_dag.py for tasks to queue
[2023-01-31T10:36:43.688+0000] {logging_mixin.py:137} INFO - [2023-01-31T10:36:43.688+0000] {dagbag.py:538} INFO - Filling up the DagBag from /home/airflow/.local/lib/python3.7/site-packages/airflow/example_dags/example_nested_branch_dag.py
[2023-01-31T10:36:43.706+0000] {processor.py:753} INFO - DAG(s) dict_keys(['example_nested_branch_dag']) retrieved from /home/airflow/.local/lib/python3.7/site-packages/airflow/example_dags/example_nested_branch_dag.py
[2023-01-31T10:36:43.753+0000] {logging_mixin.py:137} INFO - [2023-01-31T10:36:43.752+0000] {dag.py:2690} INFO - Sync 1 DAGs
[2023-01-31T10:36:43.783+0000] {logging_mixin.py:137} INFO - [2023-01-31T10:36:43.783+0000] {dag.py:3441} INFO - Setting next_dagrun for example_nested_branch_dag to 2023-01-30T00:00:00+00:00, run_after=2023-01-31T00:00:00+00:00
[2023-01-31T10:36:43.799+0000] {processor.py:175} INFO - Processing /home/airflow/.local/lib/python3.7/site-packages/airflow/example_dags/example_nested_branch_dag.py took 0.119 seconds
[2023-01-31T10:37:18.332+0000] {processor.py:153} INFO - Started process (PID=3554) to work on /home/airflow/.local/lib/python3.7/site-packages/airflow/example_dags/example_nested_branch_dag.py
[2023-01-31T10:37:18.618+0000] {processor.py:743} INFO - Processing file /home/airflow/.local/lib/python3.7/site-packages/airflow/example_dags/example_nested_branch_dag.py for tasks to queue
[2023-01-31T10:37:18.673+0000] {logging_mixin.py:137} INFO - [2023-01-31T10:37:18.665+0000] {dagbag.py:538} INFO - Filling up the DagBag from /home/airflow/.local/lib/python3.7/site-packages/airflow/example_dags/example_nested_branch_dag.py
[2023-01-31T10:37:18.861+0000] {processor.py:753} INFO - DAG(s) dict_keys(['example_nested_branch_dag']) retrieved from /home/airflow/.local/lib/python3.7/site-packages/airflow/example_dags/example_nested_branch_dag.py
[2023-01-31T10:37:19.118+0000] {logging_mixin.py:137} INFO - [2023-01-31T10:37:19.117+0000] {dag.py:2690} INFO - Sync 1 DAGs
[2023-01-31T10:37:19.249+0000] {logging_mixin.py:137} INFO - [2023-01-31T10:37:19.248+0000] {dag.py:3441} INFO - Setting next_dagrun for example_nested_branch_dag to 2023-01-30T00:00:00+00:00, run_after=2023-01-31T00:00:00+00:00
[2023-01-31T10:37:19.354+0000] {processor.py:175} INFO - Processing /home/airflow/.local/lib/python3.7/site-packages/airflow/example_dags/example_nested_branch_dag.py took 1.034 seconds
[2023-01-31T10:37:49.816+0000] {processor.py:153} INFO - Started process (PID=3650) to work on /home/airflow/.local/lib/python3.7/site-packages/airflow/example_dags/example_nested_branch_dag.py
[2023-01-31T10:37:49.820+0000] {processor.py:743} INFO - Processing file /home/airflow/.local/lib/python3.7/site-packages/airflow/example_dags/example_nested_branch_dag.py for tasks to queue
[2023-01-31T10:37:49.824+0000] {logging_mixin.py:137} INFO - [2023-01-31T10:37:49.824+0000] {dagbag.py:538} INFO - Filling up the DagBag from /home/airflow/.local/lib/python3.7/site-packages/airflow/example_dags/example_nested_branch_dag.py
[2023-01-31T10:37:49.894+0000] {processor.py:753} INFO - DAG(s) dict_keys(['example_nested_branch_dag']) retrieved from /home/airflow/.local/lib/python3.7/site-packages/airflow/example_dags/example_nested_branch_dag.py
[2023-01-31T10:37:49.966+0000] {logging_mixin.py:137} INFO - [2023-01-31T10:37:49.966+0000] {dag.py:2690} INFO - Sync 1 DAGs
[2023-01-31T10:37:50.005+0000] {logging_mixin.py:137} INFO - [2023-01-31T10:37:50.005+0000] {dag.py:3441} INFO - Setting next_dagrun for example_nested_branch_dag to 2023-01-30T00:00:00+00:00, run_after=2023-01-31T00:00:00+00:00
[2023-01-31T10:37:50.038+0000] {processor.py:175} INFO - Processing /home/airflow/.local/lib/python3.7/site-packages/airflow/example_dags/example_nested_branch_dag.py took 0.228 seconds
[2023-01-31T10:38:20.651+0000] {processor.py:153} INFO - Started process (PID=3729) to work on /home/airflow/.local/lib/python3.7/site-packages/airflow/example_dags/example_nested_branch_dag.py
[2023-01-31T10:38:20.669+0000] {processor.py:743} INFO - Processing file /home/airflow/.local/lib/python3.7/site-packages/airflow/example_dags/example_nested_branch_dag.py for tasks to queue
[2023-01-31T10:38:20.671+0000] {logging_mixin.py:137} INFO - [2023-01-31T10:38:20.671+0000] {dagbag.py:538} INFO - Filling up the DagBag from /home/airflow/.local/lib/python3.7/site-packages/airflow/example_dags/example_nested_branch_dag.py
[2023-01-31T10:38:20.714+0000] {processor.py:753} INFO - DAG(s) dict_keys(['example_nested_branch_dag']) retrieved from /home/airflow/.local/lib/python3.7/site-packages/airflow/example_dags/example_nested_branch_dag.py
[2023-01-31T10:38:20.781+0000] {logging_mixin.py:137} INFO - [2023-01-31T10:38:20.781+0000] {dag.py:2690} INFO - Sync 1 DAGs
[2023-01-31T10:38:20.834+0000] {logging_mixin.py:137} INFO - [2023-01-31T10:38:20.834+0000] {dag.py:3441} INFO - Setting next_dagrun for example_nested_branch_dag to 2023-01-30T00:00:00+00:00, run_after=2023-01-31T00:00:00+00:00
[2023-01-31T10:38:20.890+0000] {processor.py:175} INFO - Processing /home/airflow/.local/lib/python3.7/site-packages/airflow/example_dags/example_nested_branch_dag.py took 0.243 seconds
[2023-01-31T10:38:51.459+0000] {processor.py:153} INFO - Started process (PID=3812) to work on /home/airflow/.local/lib/python3.7/site-packages/airflow/example_dags/example_nested_branch_dag.py
[2023-01-31T10:38:51.462+0000] {processor.py:743} INFO - Processing file /home/airflow/.local/lib/python3.7/site-packages/airflow/example_dags/example_nested_branch_dag.py for tasks to queue
[2023-01-31T10:38:51.468+0000] {logging_mixin.py:137} INFO - [2023-01-31T10:38:51.467+0000] {dagbag.py:538} INFO - Filling up the DagBag from /home/airflow/.local/lib/python3.7/site-packages/airflow/example_dags/example_nested_branch_dag.py
[2023-01-31T10:38:51.499+0000] {processor.py:753} INFO - DAG(s) dict_keys(['example_nested_branch_dag']) retrieved from /home/airflow/.local/lib/python3.7/site-packages/airflow/example_dags/example_nested_branch_dag.py
[2023-01-31T10:38:51.529+0000] {logging_mixin.py:137} INFO - [2023-01-31T10:38:51.529+0000] {dag.py:2690} INFO - Sync 1 DAGs
[2023-01-31T10:38:51.563+0000] {logging_mixin.py:137} INFO - [2023-01-31T10:38:51.563+0000] {dag.py:3441} INFO - Setting next_dagrun for example_nested_branch_dag to 2023-01-30T00:00:00+00:00, run_after=2023-01-31T00:00:00+00:00
[2023-01-31T10:38:51.589+0000] {processor.py:175} INFO - Processing /home/airflow/.local/lib/python3.7/site-packages/airflow/example_dags/example_nested_branch_dag.py took 0.134 seconds
[2023-01-31T10:39:22.182+0000] {processor.py:153} INFO - Started process (PID=3890) to work on /home/airflow/.local/lib/python3.7/site-packages/airflow/example_dags/example_nested_branch_dag.py
[2023-01-31T10:39:22.184+0000] {processor.py:743} INFO - Processing file /home/airflow/.local/lib/python3.7/site-packages/airflow/example_dags/example_nested_branch_dag.py for tasks to queue
[2023-01-31T10:39:22.185+0000] {logging_mixin.py:137} INFO - [2023-01-31T10:39:22.185+0000] {dagbag.py:538} INFO - Filling up the DagBag from /home/airflow/.local/lib/python3.7/site-packages/airflow/example_dags/example_nested_branch_dag.py
[2023-01-31T10:39:22.225+0000] {processor.py:753} INFO - DAG(s) dict_keys(['example_nested_branch_dag']) retrieved from /home/airflow/.local/lib/python3.7/site-packages/airflow/example_dags/example_nested_branch_dag.py
[2023-01-31T10:39:22.275+0000] {logging_mixin.py:137} INFO - [2023-01-31T10:39:22.275+0000] {dag.py:2690} INFO - Sync 1 DAGs
[2023-01-31T10:39:22.297+0000] {logging_mixin.py:137} INFO - [2023-01-31T10:39:22.297+0000] {dag.py:3441} INFO - Setting next_dagrun for example_nested_branch_dag to 2023-01-30T00:00:00+00:00, run_after=2023-01-31T00:00:00+00:00
[2023-01-31T10:39:22.316+0000] {processor.py:175} INFO - Processing /home/airflow/.local/lib/python3.7/site-packages/airflow/example_dags/example_nested_branch_dag.py took 0.138 seconds
[2023-01-31T10:39:52.594+0000] {processor.py:153} INFO - Started process (PID=3969) to work on /home/airflow/.local/lib/python3.7/site-packages/airflow/example_dags/example_nested_branch_dag.py
[2023-01-31T10:39:52.596+0000] {processor.py:743} INFO - Processing file /home/airflow/.local/lib/python3.7/site-packages/airflow/example_dags/example_nested_branch_dag.py for tasks to queue
[2023-01-31T10:39:52.597+0000] {logging_mixin.py:137} INFO - [2023-01-31T10:39:52.597+0000] {dagbag.py:538} INFO - Filling up the DagBag from /home/airflow/.local/lib/python3.7/site-packages/airflow/example_dags/example_nested_branch_dag.py
[2023-01-31T10:39:52.615+0000] {processor.py:753} INFO - DAG(s) dict_keys(['example_nested_branch_dag']) retrieved from /home/airflow/.local/lib/python3.7/site-packages/airflow/example_dags/example_nested_branch_dag.py
[2023-01-31T10:39:52.654+0000] {logging_mixin.py:137} INFO - [2023-01-31T10:39:52.654+0000] {dag.py:2690} INFO - Sync 1 DAGs
[2023-01-31T10:39:52.678+0000] {logging_mixin.py:137} INFO - [2023-01-31T10:39:52.678+0000] {dag.py:3441} INFO - Setting next_dagrun for example_nested_branch_dag to 2023-01-30T00:00:00+00:00, run_after=2023-01-31T00:00:00+00:00
[2023-01-31T10:39:52.691+0000] {processor.py:175} INFO - Processing /home/airflow/.local/lib/python3.7/site-packages/airflow/example_dags/example_nested_branch_dag.py took 0.100 seconds
[2023-01-31T10:40:23.541+0000] {processor.py:153} INFO - Started process (PID=4048) to work on /home/airflow/.local/lib/python3.7/site-packages/airflow/example_dags/example_nested_branch_dag.py
[2023-01-31T10:40:23.544+0000] {processor.py:743} INFO - Processing file /home/airflow/.local/lib/python3.7/site-packages/airflow/example_dags/example_nested_branch_dag.py for tasks to queue
[2023-01-31T10:40:23.546+0000] {logging_mixin.py:137} INFO - [2023-01-31T10:40:23.546+0000] {dagbag.py:538} INFO - Filling up the DagBag from /home/airflow/.local/lib/python3.7/site-packages/airflow/example_dags/example_nested_branch_dag.py
[2023-01-31T10:40:23.580+0000] {processor.py:753} INFO - DAG(s) dict_keys(['example_nested_branch_dag']) retrieved from /home/airflow/.local/lib/python3.7/site-packages/airflow/example_dags/example_nested_branch_dag.py
[2023-01-31T10:40:23.628+0000] {logging_mixin.py:137} INFO - [2023-01-31T10:40:23.628+0000] {dag.py:2690} INFO - Sync 1 DAGs
[2023-01-31T10:40:23.652+0000] {logging_mixin.py:137} INFO - [2023-01-31T10:40:23.652+0000] {dag.py:3441} INFO - Setting next_dagrun for example_nested_branch_dag to 2023-01-30T00:00:00+00:00, run_after=2023-01-31T00:00:00+00:00
[2023-01-31T10:40:23.671+0000] {processor.py:175} INFO - Processing /home/airflow/.local/lib/python3.7/site-packages/airflow/example_dags/example_nested_branch_dag.py took 0.135 seconds
[2023-01-31T10:40:54.706+0000] {processor.py:153} INFO - Started process (PID=4126) to work on /home/airflow/.local/lib/python3.7/site-packages/airflow/example_dags/example_nested_branch_dag.py
[2023-01-31T10:40:54.707+0000] {processor.py:743} INFO - Processing file /home/airflow/.local/lib/python3.7/site-packages/airflow/example_dags/example_nested_branch_dag.py for tasks to queue
[2023-01-31T10:40:54.708+0000] {logging_mixin.py:137} INFO - [2023-01-31T10:40:54.708+0000] {dagbag.py:538} INFO - Filling up the DagBag from /home/airflow/.local/lib/python3.7/site-packages/airflow/example_dags/example_nested_branch_dag.py
[2023-01-31T10:40:54.735+0000] {processor.py:753} INFO - DAG(s) dict_keys(['example_nested_branch_dag']) retrieved from /home/airflow/.local/lib/python3.7/site-packages/airflow/example_dags/example_nested_branch_dag.py
[2023-01-31T10:40:54.785+0000] {logging_mixin.py:137} INFO - [2023-01-31T10:40:54.785+0000] {dag.py:2690} INFO - Sync 1 DAGs
[2023-01-31T10:40:54.810+0000] {logging_mixin.py:137} INFO - [2023-01-31T10:40:54.810+0000] {dag.py:3441} INFO - Setting next_dagrun for example_nested_branch_dag to 2023-01-30T00:00:00+00:00, run_after=2023-01-31T00:00:00+00:00
[2023-01-31T10:40:54.826+0000] {processor.py:175} INFO - Processing /home/airflow/.local/lib/python3.7/site-packages/airflow/example_dags/example_nested_branch_dag.py took 0.123 seconds
[2023-01-31T10:41:26.691+0000] {processor.py:153} INFO - Started process (PID=4205) to work on /home/airflow/.local/lib/python3.7/site-packages/airflow/example_dags/example_nested_branch_dag.py
[2023-01-31T10:41:26.692+0000] {processor.py:743} INFO - Processing file /home/airflow/.local/lib/python3.7/site-packages/airflow/example_dags/example_nested_branch_dag.py for tasks to queue
[2023-01-31T10:41:26.693+0000] {logging_mixin.py:137} INFO - [2023-01-31T10:41:26.693+0000] {dagbag.py:538} INFO - Filling up the DagBag from /home/airflow/.local/lib/python3.7/site-packages/airflow/example_dags/example_nested_branch_dag.py
[2023-01-31T10:41:26.720+0000] {processor.py:753} INFO - DAG(s) dict_keys(['example_nested_branch_dag']) retrieved from /home/airflow/.local/lib/python3.7/site-packages/airflow/example_dags/example_nested_branch_dag.py
[2023-01-31T10:41:26.779+0000] {logging_mixin.py:137} INFO - [2023-01-31T10:41:26.779+0000] {dag.py:2690} INFO - Sync 1 DAGs
[2023-01-31T10:41:26.802+0000] {logging_mixin.py:137} INFO - [2023-01-31T10:41:26.802+0000] {dag.py:3441} INFO - Setting next_dagrun for example_nested_branch_dag to 2023-01-30T00:00:00+00:00, run_after=2023-01-31T00:00:00+00:00
[2023-01-31T10:41:26.821+0000] {processor.py:175} INFO - Processing /home/airflow/.local/lib/python3.7/site-packages/airflow/example_dags/example_nested_branch_dag.py took 0.133 seconds
[2023-01-31T10:42:00.613+0000] {processor.py:153} INFO - Started process (PID=4301) to work on /home/airflow/.local/lib/python3.7/site-packages/airflow/example_dags/example_nested_branch_dag.py
[2023-01-31T10:42:00.627+0000] {processor.py:743} INFO - Processing file /home/airflow/.local/lib/python3.7/site-packages/airflow/example_dags/example_nested_branch_dag.py for tasks to queue
[2023-01-31T10:42:00.629+0000] {logging_mixin.py:137} INFO - [2023-01-31T10:42:00.629+0000] {dagbag.py:538} INFO - Filling up the DagBag from /home/airflow/.local/lib/python3.7/site-packages/airflow/example_dags/example_nested_branch_dag.py
[2023-01-31T10:42:00.686+0000] {processor.py:753} INFO - DAG(s) dict_keys(['example_nested_branch_dag']) retrieved from /home/airflow/.local/lib/python3.7/site-packages/airflow/example_dags/example_nested_branch_dag.py
[2023-01-31T10:42:00.781+0000] {logging_mixin.py:137} INFO - [2023-01-31T10:42:00.781+0000] {dag.py:2690} INFO - Sync 1 DAGs
[2023-01-31T10:42:01.102+0000] {logging_mixin.py:137} INFO - [2023-01-31T10:42:01.101+0000] {dag.py:3441} INFO - Setting next_dagrun for example_nested_branch_dag to 2023-01-30T00:00:00+00:00, run_after=2023-01-31T00:00:00+00:00
[2023-01-31T10:42:01.262+0000] {processor.py:175} INFO - Processing /home/airflow/.local/lib/python3.7/site-packages/airflow/example_dags/example_nested_branch_dag.py took 0.654 seconds
[2023-01-31T10:42:34.557+0000] {processor.py:153} INFO - Started process (PID=4381) to work on /home/airflow/.local/lib/python3.7/site-packages/airflow/example_dags/example_nested_branch_dag.py
[2023-01-31T10:42:34.575+0000] {processor.py:743} INFO - Processing file /home/airflow/.local/lib/python3.7/site-packages/airflow/example_dags/example_nested_branch_dag.py for tasks to queue
[2023-01-31T10:42:34.577+0000] {logging_mixin.py:137} INFO - [2023-01-31T10:42:34.576+0000] {dagbag.py:538} INFO - Filling up the DagBag from /home/airflow/.local/lib/python3.7/site-packages/airflow/example_dags/example_nested_branch_dag.py
[2023-01-31T10:42:34.644+0000] {processor.py:753} INFO - DAG(s) dict_keys(['example_nested_branch_dag']) retrieved from /home/airflow/.local/lib/python3.7/site-packages/airflow/example_dags/example_nested_branch_dag.py
[2023-01-31T10:42:34.766+0000] {logging_mixin.py:137} INFO - [2023-01-31T10:42:34.766+0000] {dag.py:2690} INFO - Sync 1 DAGs
[2023-01-31T10:42:34.828+0000] {logging_mixin.py:137} INFO - [2023-01-31T10:42:34.828+0000] {dag.py:3441} INFO - Setting next_dagrun for example_nested_branch_dag to 2023-01-30T00:00:00+00:00, run_after=2023-01-31T00:00:00+00:00
[2023-01-31T10:42:35.029+0000] {processor.py:175} INFO - Processing /home/airflow/.local/lib/python3.7/site-packages/airflow/example_dags/example_nested_branch_dag.py took 0.479 seconds
[2023-01-31T10:43:05.566+0000] {processor.py:153} INFO - Started process (PID=4465) to work on /home/airflow/.local/lib/python3.7/site-packages/airflow/example_dags/example_nested_branch_dag.py
[2023-01-31T10:43:05.580+0000] {processor.py:743} INFO - Processing file /home/airflow/.local/lib/python3.7/site-packages/airflow/example_dags/example_nested_branch_dag.py for tasks to queue
[2023-01-31T10:43:05.583+0000] {logging_mixin.py:137} INFO - [2023-01-31T10:43:05.583+0000] {dagbag.py:538} INFO - Filling up the DagBag from /home/airflow/.local/lib/python3.7/site-packages/airflow/example_dags/example_nested_branch_dag.py
[2023-01-31T10:43:05.649+0000] {processor.py:753} INFO - DAG(s) dict_keys(['example_nested_branch_dag']) retrieved from /home/airflow/.local/lib/python3.7/site-packages/airflow/example_dags/example_nested_branch_dag.py
[2023-01-31T10:43:05.852+0000] {logging_mixin.py:137} INFO - [2023-01-31T10:43:05.852+0000] {dag.py:2690} INFO - Sync 1 DAGs
[2023-01-31T10:43:05.970+0000] {logging_mixin.py:137} INFO - [2023-01-31T10:43:05.970+0000] {dag.py:3441} INFO - Setting next_dagrun for example_nested_branch_dag to 2023-01-30T00:00:00+00:00, run_after=2023-01-31T00:00:00+00:00
[2023-01-31T10:43:06.222+0000] {processor.py:175} INFO - Processing /home/airflow/.local/lib/python3.7/site-packages/airflow/example_dags/example_nested_branch_dag.py took 0.659 seconds
[2023-01-31T10:43:36.342+0000] {processor.py:153} INFO - Started process (PID=4543) to work on /home/airflow/.local/lib/python3.7/site-packages/airflow/example_dags/example_nested_branch_dag.py
[2023-01-31T10:43:36.347+0000] {processor.py:743} INFO - Processing file /home/airflow/.local/lib/python3.7/site-packages/airflow/example_dags/example_nested_branch_dag.py for tasks to queue
[2023-01-31T10:43:36.360+0000] {logging_mixin.py:137} INFO - [2023-01-31T10:43:36.360+0000] {dagbag.py:538} INFO - Filling up the DagBag from /home/airflow/.local/lib/python3.7/site-packages/airflow/example_dags/example_nested_branch_dag.py
[2023-01-31T10:43:36.389+0000] {processor.py:753} INFO - DAG(s) dict_keys(['example_nested_branch_dag']) retrieved from /home/airflow/.local/lib/python3.7/site-packages/airflow/example_dags/example_nested_branch_dag.py
[2023-01-31T10:43:36.434+0000] {logging_mixin.py:137} INFO - [2023-01-31T10:43:36.434+0000] {dag.py:2690} INFO - Sync 1 DAGs
[2023-01-31T10:43:36.463+0000] {logging_mixin.py:137} INFO - [2023-01-31T10:43:36.463+0000] {dag.py:3441} INFO - Setting next_dagrun for example_nested_branch_dag to 2023-01-30T00:00:00+00:00, run_after=2023-01-31T00:00:00+00:00
[2023-01-31T10:43:36.486+0000] {processor.py:175} INFO - Processing /home/airflow/.local/lib/python3.7/site-packages/airflow/example_dags/example_nested_branch_dag.py took 0.151 seconds
[2023-01-31T10:44:06.733+0000] {processor.py:153} INFO - Started process (PID=4621) to work on /home/airflow/.local/lib/python3.7/site-packages/airflow/example_dags/example_nested_branch_dag.py
[2023-01-31T10:44:06.741+0000] {processor.py:743} INFO - Processing file /home/airflow/.local/lib/python3.7/site-packages/airflow/example_dags/example_nested_branch_dag.py for tasks to queue
[2023-01-31T10:44:06.753+0000] {logging_mixin.py:137} INFO - [2023-01-31T10:44:06.753+0000] {dagbag.py:538} INFO - Filling up the DagBag from /home/airflow/.local/lib/python3.7/site-packages/airflow/example_dags/example_nested_branch_dag.py
[2023-01-31T10:44:06.822+0000] {processor.py:753} INFO - DAG(s) dict_keys(['example_nested_branch_dag']) retrieved from /home/airflow/.local/lib/python3.7/site-packages/airflow/example_dags/example_nested_branch_dag.py
[2023-01-31T10:44:06.884+0000] {logging_mixin.py:137} INFO - [2023-01-31T10:44:06.883+0000] {dag.py:2690} INFO - Sync 1 DAGs
[2023-01-31T10:44:06.948+0000] {logging_mixin.py:137} INFO - [2023-01-31T10:44:06.948+0000] {dag.py:3441} INFO - Setting next_dagrun for example_nested_branch_dag to 2023-01-30T00:00:00+00:00, run_after=2023-01-31T00:00:00+00:00
[2023-01-31T10:44:07.020+0000] {processor.py:175} INFO - Processing /home/airflow/.local/lib/python3.7/site-packages/airflow/example_dags/example_nested_branch_dag.py took 0.292 seconds
