[2023-01-31T10:15:31.594+0000] {processor.py:153} INFO - Started process (PID=77) to work on /home/airflow/.local/lib/python3.7/site-packages/airflow/example_dags/example_short_circuit_decorator.py
[2023-01-31T10:15:31.597+0000] {processor.py:743} INFO - Processing file /home/airflow/.local/lib/python3.7/site-packages/airflow/example_dags/example_short_circuit_decorator.py for tasks to queue
[2023-01-31T10:15:31.598+0000] {logging_mixin.py:137} INFO - [2023-01-31T10:15:31.598+0000] {dagbag.py:538} INFO - Filling up the DagBag from /home/airflow/.local/lib/python3.7/site-packages/airflow/example_dags/example_short_circuit_decorator.py
[2023-01-31T10:15:31.629+0000] {processor.py:753} INFO - DAG(s) dict_keys(['example_short_circuit_decorator']) retrieved from /home/airflow/.local/lib/python3.7/site-packages/airflow/example_dags/example_short_circuit_decorator.py
[2023-01-31T10:15:31.696+0000] {logging_mixin.py:137} INFO - [2023-01-31T10:15:31.696+0000] {dag.py:2690} INFO - Sync 1 DAGs
[2023-01-31T10:15:31.746+0000] {logging_mixin.py:137} INFO - [2023-01-31T10:15:31.745+0000] {dag.py:3441} INFO - Setting next_dagrun for example_short_circuit_decorator to 2023-01-30T10:15:31.745398+00:00, run_after=2023-01-31T10:15:31.745398+00:00
[2023-01-31T10:15:31.799+0000] {processor.py:175} INFO - Processing /home/airflow/.local/lib/python3.7/site-packages/airflow/example_dags/example_short_circuit_decorator.py took 0.211 seconds
[2023-01-31T10:16:02.780+0000] {processor.py:153} INFO - Started process (PID=160) to work on /home/airflow/.local/lib/python3.7/site-packages/airflow/example_dags/example_short_circuit_decorator.py
[2023-01-31T10:16:02.782+0000] {processor.py:743} INFO - Processing file /home/airflow/.local/lib/python3.7/site-packages/airflow/example_dags/example_short_circuit_decorator.py for tasks to queue
[2023-01-31T10:16:02.783+0000] {logging_mixin.py:137} INFO - [2023-01-31T10:16:02.783+0000] {dagbag.py:538} INFO - Filling up the DagBag from /home/airflow/.local/lib/python3.7/site-packages/airflow/example_dags/example_short_circuit_decorator.py
[2023-01-31T10:16:02.811+0000] {processor.py:753} INFO - DAG(s) dict_keys(['example_short_circuit_decorator']) retrieved from /home/airflow/.local/lib/python3.7/site-packages/airflow/example_dags/example_short_circuit_decorator.py
[2023-01-31T10:16:02.838+0000] {logging_mixin.py:137} INFO - [2023-01-31T10:16:02.837+0000] {dag.py:2690} INFO - Sync 1 DAGs
[2023-01-31T10:16:02.858+0000] {logging_mixin.py:137} INFO - [2023-01-31T10:16:02.858+0000] {dag.py:3441} INFO - Setting next_dagrun for example_short_circuit_decorator to 2023-01-30T10:16:02.857786+00:00, run_after=2023-01-31T10:16:02.857786+00:00
[2023-01-31T10:16:02.876+0000] {processor.py:175} INFO - Processing /home/airflow/.local/lib/python3.7/site-packages/airflow/example_dags/example_short_circuit_decorator.py took 0.099 seconds
[2023-01-31T10:16:33.975+0000] {processor.py:153} INFO - Started process (PID=255) to work on /home/airflow/.local/lib/python3.7/site-packages/airflow/example_dags/example_short_circuit_decorator.py
[2023-01-31T10:16:33.977+0000] {processor.py:743} INFO - Processing file /home/airflow/.local/lib/python3.7/site-packages/airflow/example_dags/example_short_circuit_decorator.py for tasks to queue
[2023-01-31T10:16:33.978+0000] {logging_mixin.py:137} INFO - [2023-01-31T10:16:33.978+0000] {dagbag.py:538} INFO - Filling up the DagBag from /home/airflow/.local/lib/python3.7/site-packages/airflow/example_dags/example_short_circuit_decorator.py
[2023-01-31T10:16:34.003+0000] {processor.py:753} INFO - DAG(s) dict_keys(['example_short_circuit_decorator']) retrieved from /home/airflow/.local/lib/python3.7/site-packages/airflow/example_dags/example_short_circuit_decorator.py
[2023-01-31T10:16:34.050+0000] {logging_mixin.py:137} INFO - [2023-01-31T10:16:34.050+0000] {dag.py:2690} INFO - Sync 1 DAGs
[2023-01-31T10:16:34.080+0000] {logging_mixin.py:137} INFO - [2023-01-31T10:16:34.079+0000] {dag.py:3441} INFO - Setting next_dagrun for example_short_circuit_decorator to 2023-01-30T10:16:34.079750+00:00, run_after=2023-01-31T10:16:34.079750+00:00
[2023-01-31T10:16:34.121+0000] {processor.py:175} INFO - Processing /home/airflow/.local/lib/python3.7/site-packages/airflow/example_dags/example_short_circuit_decorator.py took 0.149 seconds
[2023-01-31T10:17:05.291+0000] {processor.py:153} INFO - Started process (PID=333) to work on /home/airflow/.local/lib/python3.7/site-packages/airflow/example_dags/example_short_circuit_decorator.py
[2023-01-31T10:17:05.303+0000] {processor.py:743} INFO - Processing file /home/airflow/.local/lib/python3.7/site-packages/airflow/example_dags/example_short_circuit_decorator.py for tasks to queue
[2023-01-31T10:17:05.347+0000] {logging_mixin.py:137} INFO - [2023-01-31T10:17:05.347+0000] {dagbag.py:538} INFO - Filling up the DagBag from /home/airflow/.local/lib/python3.7/site-packages/airflow/example_dags/example_short_circuit_decorator.py
[2023-01-31T10:17:05.443+0000] {processor.py:753} INFO - DAG(s) dict_keys(['example_short_circuit_decorator']) retrieved from /home/airflow/.local/lib/python3.7/site-packages/airflow/example_dags/example_short_circuit_decorator.py
[2023-01-31T10:17:05.543+0000] {logging_mixin.py:137} INFO - [2023-01-31T10:17:05.542+0000] {dag.py:2690} INFO - Sync 1 DAGs
[2023-01-31T10:17:05.583+0000] {logging_mixin.py:137} INFO - [2023-01-31T10:17:05.582+0000] {dag.py:3441} INFO - Setting next_dagrun for example_short_circuit_decorator to 2023-01-30T10:17:05.582595+00:00, run_after=2023-01-31T10:17:05.582595+00:00
[2023-01-31T10:17:05.609+0000] {processor.py:175} INFO - Processing /home/airflow/.local/lib/python3.7/site-packages/airflow/example_dags/example_short_circuit_decorator.py took 0.322 seconds
[2023-01-31T10:17:35.826+0000] {processor.py:153} INFO - Started process (PID=411) to work on /home/airflow/.local/lib/python3.7/site-packages/airflow/example_dags/example_short_circuit_decorator.py
[2023-01-31T10:17:35.827+0000] {processor.py:743} INFO - Processing file /home/airflow/.local/lib/python3.7/site-packages/airflow/example_dags/example_short_circuit_decorator.py for tasks to queue
[2023-01-31T10:17:35.828+0000] {logging_mixin.py:137} INFO - [2023-01-31T10:17:35.828+0000] {dagbag.py:538} INFO - Filling up the DagBag from /home/airflow/.local/lib/python3.7/site-packages/airflow/example_dags/example_short_circuit_decorator.py
[2023-01-31T10:17:35.851+0000] {processor.py:753} INFO - DAG(s) dict_keys(['example_short_circuit_decorator']) retrieved from /home/airflow/.local/lib/python3.7/site-packages/airflow/example_dags/example_short_circuit_decorator.py
[2023-01-31T10:17:35.879+0000] {logging_mixin.py:137} INFO - [2023-01-31T10:17:35.879+0000] {dag.py:2690} INFO - Sync 1 DAGs
[2023-01-31T10:17:35.904+0000] {logging_mixin.py:137} INFO - [2023-01-31T10:17:35.904+0000] {dag.py:3441} INFO - Setting next_dagrun for example_short_circuit_decorator to 2023-01-30T10:17:35.904402+00:00, run_after=2023-01-31T10:17:35.904402+00:00
[2023-01-31T10:17:35.920+0000] {processor.py:175} INFO - Processing /home/airflow/.local/lib/python3.7/site-packages/airflow/example_dags/example_short_circuit_decorator.py took 0.099 seconds
[2023-01-31T10:18:06.094+0000] {processor.py:153} INFO - Started process (PID=490) to work on /home/airflow/.local/lib/python3.7/site-packages/airflow/example_dags/example_short_circuit_decorator.py
[2023-01-31T10:18:06.096+0000] {processor.py:743} INFO - Processing file /home/airflow/.local/lib/python3.7/site-packages/airflow/example_dags/example_short_circuit_decorator.py for tasks to queue
[2023-01-31T10:18:06.098+0000] {logging_mixin.py:137} INFO - [2023-01-31T10:18:06.098+0000] {dagbag.py:538} INFO - Filling up the DagBag from /home/airflow/.local/lib/python3.7/site-packages/airflow/example_dags/example_short_circuit_decorator.py
[2023-01-31T10:18:06.122+0000] {processor.py:753} INFO - DAG(s) dict_keys(['example_short_circuit_decorator']) retrieved from /home/airflow/.local/lib/python3.7/site-packages/airflow/example_dags/example_short_circuit_decorator.py
[2023-01-31T10:18:06.146+0000] {logging_mixin.py:137} INFO - [2023-01-31T10:18:06.146+0000] {dag.py:2690} INFO - Sync 1 DAGs
[2023-01-31T10:18:06.163+0000] {logging_mixin.py:137} INFO - [2023-01-31T10:18:06.163+0000] {dag.py:3441} INFO - Setting next_dagrun for example_short_circuit_decorator to 2023-01-30T10:18:06.163628+00:00, run_after=2023-01-31T10:18:06.163628+00:00
[2023-01-31T10:18:06.174+0000] {processor.py:175} INFO - Processing /home/airflow/.local/lib/python3.7/site-packages/airflow/example_dags/example_short_circuit_decorator.py took 0.083 seconds
[2023-01-31T10:18:42.697+0000] {processor.py:153} INFO - Started process (PID=570) to work on /home/airflow/.local/lib/python3.7/site-packages/airflow/example_dags/example_short_circuit_decorator.py
[2023-01-31T10:18:42.698+0000] {processor.py:743} INFO - Processing file /home/airflow/.local/lib/python3.7/site-packages/airflow/example_dags/example_short_circuit_decorator.py for tasks to queue
[2023-01-31T10:18:42.700+0000] {logging_mixin.py:137} INFO - [2023-01-31T10:18:42.700+0000] {dagbag.py:538} INFO - Filling up the DagBag from /home/airflow/.local/lib/python3.7/site-packages/airflow/example_dags/example_short_circuit_decorator.py
[2023-01-31T10:18:42.731+0000] {processor.py:753} INFO - DAG(s) dict_keys(['example_short_circuit_decorator']) retrieved from /home/airflow/.local/lib/python3.7/site-packages/airflow/example_dags/example_short_circuit_decorator.py
[2023-01-31T10:18:42.766+0000] {logging_mixin.py:137} INFO - [2023-01-31T10:18:42.766+0000] {dag.py:2690} INFO - Sync 1 DAGs
[2023-01-31T10:18:42.796+0000] {logging_mixin.py:137} INFO - [2023-01-31T10:18:42.796+0000] {dag.py:3441} INFO - Setting next_dagrun for example_short_circuit_decorator to 2023-01-30T10:18:42.795885+00:00, run_after=2023-01-31T10:18:42.795885+00:00
[2023-01-31T10:18:42.821+0000] {processor.py:175} INFO - Processing /home/airflow/.local/lib/python3.7/site-packages/airflow/example_dags/example_short_circuit_decorator.py took 0.130 seconds
[2023-01-31T10:19:12.902+0000] {processor.py:153} INFO - Started process (PID=652) to work on /home/airflow/.local/lib/python3.7/site-packages/airflow/example_dags/example_short_circuit_decorator.py
[2023-01-31T10:19:12.903+0000] {processor.py:743} INFO - Processing file /home/airflow/.local/lib/python3.7/site-packages/airflow/example_dags/example_short_circuit_decorator.py for tasks to queue
[2023-01-31T10:19:12.904+0000] {logging_mixin.py:137} INFO - [2023-01-31T10:19:12.904+0000] {dagbag.py:538} INFO - Filling up the DagBag from /home/airflow/.local/lib/python3.7/site-packages/airflow/example_dags/example_short_circuit_decorator.py
[2023-01-31T10:19:12.924+0000] {processor.py:753} INFO - DAG(s) dict_keys(['example_short_circuit_decorator']) retrieved from /home/airflow/.local/lib/python3.7/site-packages/airflow/example_dags/example_short_circuit_decorator.py
[2023-01-31T10:19:12.949+0000] {logging_mixin.py:137} INFO - [2023-01-31T10:19:12.949+0000] {dag.py:2690} INFO - Sync 1 DAGs
[2023-01-31T10:19:12.974+0000] {logging_mixin.py:137} INFO - [2023-01-31T10:19:12.974+0000] {dag.py:3441} INFO - Setting next_dagrun for example_short_circuit_decorator to 2023-01-30T10:19:12.974617+00:00, run_after=2023-01-31T10:19:12.974617+00:00
[2023-01-31T10:19:12.988+0000] {processor.py:175} INFO - Processing /home/airflow/.local/lib/python3.7/site-packages/airflow/example_dags/example_short_circuit_decorator.py took 0.089 seconds
[2023-01-31T10:19:43.839+0000] {processor.py:153} INFO - Started process (PID=730) to work on /home/airflow/.local/lib/python3.7/site-packages/airflow/example_dags/example_short_circuit_decorator.py
[2023-01-31T10:19:43.842+0000] {processor.py:743} INFO - Processing file /home/airflow/.local/lib/python3.7/site-packages/airflow/example_dags/example_short_circuit_decorator.py for tasks to queue
[2023-01-31T10:19:43.844+0000] {logging_mixin.py:137} INFO - [2023-01-31T10:19:43.844+0000] {dagbag.py:538} INFO - Filling up the DagBag from /home/airflow/.local/lib/python3.7/site-packages/airflow/example_dags/example_short_circuit_decorator.py
[2023-01-31T10:19:43.877+0000] {processor.py:753} INFO - DAG(s) dict_keys(['example_short_circuit_decorator']) retrieved from /home/airflow/.local/lib/python3.7/site-packages/airflow/example_dags/example_short_circuit_decorator.py
[2023-01-31T10:19:43.927+0000] {logging_mixin.py:137} INFO - [2023-01-31T10:19:43.927+0000] {dag.py:2690} INFO - Sync 1 DAGs
[2023-01-31T10:19:43.980+0000] {logging_mixin.py:137} INFO - [2023-01-31T10:19:43.980+0000] {dag.py:3441} INFO - Setting next_dagrun for example_short_circuit_decorator to 2023-01-30T10:19:43.980308+00:00, run_after=2023-01-31T10:19:43.980308+00:00
[2023-01-31T10:19:44.031+0000] {processor.py:175} INFO - Processing /home/airflow/.local/lib/python3.7/site-packages/airflow/example_dags/example_short_circuit_decorator.py took 0.198 seconds
[2023-01-31T10:20:15.614+0000] {processor.py:153} INFO - Started process (PID=830) to work on /home/airflow/.local/lib/python3.7/site-packages/airflow/example_dags/example_short_circuit_decorator.py
[2023-01-31T10:20:15.619+0000] {processor.py:743} INFO - Processing file /home/airflow/.local/lib/python3.7/site-packages/airflow/example_dags/example_short_circuit_decorator.py for tasks to queue
[2023-01-31T10:20:15.621+0000] {logging_mixin.py:137} INFO - [2023-01-31T10:20:15.621+0000] {dagbag.py:538} INFO - Filling up the DagBag from /home/airflow/.local/lib/python3.7/site-packages/airflow/example_dags/example_short_circuit_decorator.py
[2023-01-31T10:20:15.648+0000] {processor.py:753} INFO - DAG(s) dict_keys(['example_short_circuit_decorator']) retrieved from /home/airflow/.local/lib/python3.7/site-packages/airflow/example_dags/example_short_circuit_decorator.py
[2023-01-31T10:20:15.714+0000] {logging_mixin.py:137} INFO - [2023-01-31T10:20:15.714+0000] {dag.py:2690} INFO - Sync 1 DAGs
[2023-01-31T10:20:15.751+0000] {logging_mixin.py:137} INFO - [2023-01-31T10:20:15.751+0000] {dag.py:3441} INFO - Setting next_dagrun for example_short_circuit_decorator to 2023-01-30T10:20:15.751065+00:00, run_after=2023-01-31T10:20:15.751065+00:00
[2023-01-31T10:20:15.784+0000] {processor.py:175} INFO - Processing /home/airflow/.local/lib/python3.7/site-packages/airflow/example_dags/example_short_circuit_decorator.py took 0.174 seconds
[2023-01-31T10:20:46.718+0000] {processor.py:153} INFO - Started process (PID=909) to work on /home/airflow/.local/lib/python3.7/site-packages/airflow/example_dags/example_short_circuit_decorator.py
[2023-01-31T10:20:46.723+0000] {processor.py:743} INFO - Processing file /home/airflow/.local/lib/python3.7/site-packages/airflow/example_dags/example_short_circuit_decorator.py for tasks to queue
[2023-01-31T10:20:46.734+0000] {logging_mixin.py:137} INFO - [2023-01-31T10:20:46.734+0000] {dagbag.py:538} INFO - Filling up the DagBag from /home/airflow/.local/lib/python3.7/site-packages/airflow/example_dags/example_short_circuit_decorator.py
[2023-01-31T10:20:46.793+0000] {processor.py:753} INFO - DAG(s) dict_keys(['example_short_circuit_decorator']) retrieved from /home/airflow/.local/lib/python3.7/site-packages/airflow/example_dags/example_short_circuit_decorator.py
[2023-01-31T10:20:46.832+0000] {logging_mixin.py:137} INFO - [2023-01-31T10:20:46.831+0000] {dag.py:2690} INFO - Sync 1 DAGs
[2023-01-31T10:20:46.851+0000] {logging_mixin.py:137} INFO - [2023-01-31T10:20:46.851+0000] {dag.py:3441} INFO - Setting next_dagrun for example_short_circuit_decorator to 2023-01-30T10:20:46.850873+00:00, run_after=2023-01-31T10:20:46.850873+00:00
[2023-01-31T10:20:46.873+0000] {processor.py:175} INFO - Processing /home/airflow/.local/lib/python3.7/site-packages/airflow/example_dags/example_short_circuit_decorator.py took 0.159 seconds
[2023-01-31T10:21:17.282+0000] {processor.py:153} INFO - Started process (PID=988) to work on /home/airflow/.local/lib/python3.7/site-packages/airflow/example_dags/example_short_circuit_decorator.py
[2023-01-31T10:21:17.284+0000] {processor.py:743} INFO - Processing file /home/airflow/.local/lib/python3.7/site-packages/airflow/example_dags/example_short_circuit_decorator.py for tasks to queue
[2023-01-31T10:21:17.285+0000] {logging_mixin.py:137} INFO - [2023-01-31T10:21:17.285+0000] {dagbag.py:538} INFO - Filling up the DagBag from /home/airflow/.local/lib/python3.7/site-packages/airflow/example_dags/example_short_circuit_decorator.py
[2023-01-31T10:21:17.313+0000] {processor.py:753} INFO - DAG(s) dict_keys(['example_short_circuit_decorator']) retrieved from /home/airflow/.local/lib/python3.7/site-packages/airflow/example_dags/example_short_circuit_decorator.py
[2023-01-31T10:21:17.367+0000] {logging_mixin.py:137} INFO - [2023-01-31T10:21:17.367+0000] {dag.py:2690} INFO - Sync 1 DAGs
[2023-01-31T10:21:17.404+0000] {logging_mixin.py:137} INFO - [2023-01-31T10:21:17.404+0000] {dag.py:3441} INFO - Setting next_dagrun for example_short_circuit_decorator to 2023-01-30T10:21:17.404175+00:00, run_after=2023-01-31T10:21:17.404175+00:00
[2023-01-31T10:21:17.434+0000] {processor.py:175} INFO - Processing /home/airflow/.local/lib/python3.7/site-packages/airflow/example_dags/example_short_circuit_decorator.py took 0.155 seconds
[2023-01-31T10:21:47.821+0000] {processor.py:153} INFO - Started process (PID=1066) to work on /home/airflow/.local/lib/python3.7/site-packages/airflow/example_dags/example_short_circuit_decorator.py
[2023-01-31T10:21:47.823+0000] {processor.py:743} INFO - Processing file /home/airflow/.local/lib/python3.7/site-packages/airflow/example_dags/example_short_circuit_decorator.py for tasks to queue
[2023-01-31T10:21:47.824+0000] {logging_mixin.py:137} INFO - [2023-01-31T10:21:47.824+0000] {dagbag.py:538} INFO - Filling up the DagBag from /home/airflow/.local/lib/python3.7/site-packages/airflow/example_dags/example_short_circuit_decorator.py
[2023-01-31T10:21:47.843+0000] {processor.py:753} INFO - DAG(s) dict_keys(['example_short_circuit_decorator']) retrieved from /home/airflow/.local/lib/python3.7/site-packages/airflow/example_dags/example_short_circuit_decorator.py
[2023-01-31T10:21:47.865+0000] {logging_mixin.py:137} INFO - [2023-01-31T10:21:47.865+0000] {dag.py:2690} INFO - Sync 1 DAGs
[2023-01-31T10:21:47.887+0000] {logging_mixin.py:137} INFO - [2023-01-31T10:21:47.887+0000] {dag.py:3441} INFO - Setting next_dagrun for example_short_circuit_decorator to 2023-01-30T10:21:47.887267+00:00, run_after=2023-01-31T10:21:47.887267+00:00
[2023-01-31T10:21:47.908+0000] {processor.py:175} INFO - Processing /home/airflow/.local/lib/python3.7/site-packages/airflow/example_dags/example_short_circuit_decorator.py took 0.090 seconds
[2023-01-31T10:22:18.393+0000] {processor.py:153} INFO - Started process (PID=1145) to work on /home/airflow/.local/lib/python3.7/site-packages/airflow/example_dags/example_short_circuit_decorator.py
[2023-01-31T10:22:18.396+0000] {processor.py:743} INFO - Processing file /home/airflow/.local/lib/python3.7/site-packages/airflow/example_dags/example_short_circuit_decorator.py for tasks to queue
[2023-01-31T10:22:18.399+0000] {logging_mixin.py:137} INFO - [2023-01-31T10:22:18.399+0000] {dagbag.py:538} INFO - Filling up the DagBag from /home/airflow/.local/lib/python3.7/site-packages/airflow/example_dags/example_short_circuit_decorator.py
[2023-01-31T10:22:18.434+0000] {processor.py:753} INFO - DAG(s) dict_keys(['example_short_circuit_decorator']) retrieved from /home/airflow/.local/lib/python3.7/site-packages/airflow/example_dags/example_short_circuit_decorator.py
[2023-01-31T10:22:18.476+0000] {logging_mixin.py:137} INFO - [2023-01-31T10:22:18.476+0000] {dag.py:2690} INFO - Sync 1 DAGs
[2023-01-31T10:22:18.509+0000] {logging_mixin.py:137} INFO - [2023-01-31T10:22:18.509+0000] {dag.py:3441} INFO - Setting next_dagrun for example_short_circuit_decorator to 2023-01-30T10:22:18.509319+00:00, run_after=2023-01-31T10:22:18.509319+00:00
[2023-01-31T10:22:18.526+0000] {processor.py:175} INFO - Processing /home/airflow/.local/lib/python3.7/site-packages/airflow/example_dags/example_short_circuit_decorator.py took 0.138 seconds
[2023-01-31T10:22:50.851+0000] {processor.py:153} INFO - Started process (PID=1239) to work on /home/airflow/.local/lib/python3.7/site-packages/airflow/example_dags/example_short_circuit_decorator.py
[2023-01-31T10:22:50.856+0000] {processor.py:743} INFO - Processing file /home/airflow/.local/lib/python3.7/site-packages/airflow/example_dags/example_short_circuit_decorator.py for tasks to queue
[2023-01-31T10:22:50.858+0000] {logging_mixin.py:137} INFO - [2023-01-31T10:22:50.858+0000] {dagbag.py:538} INFO - Filling up the DagBag from /home/airflow/.local/lib/python3.7/site-packages/airflow/example_dags/example_short_circuit_decorator.py
[2023-01-31T10:22:50.896+0000] {processor.py:753} INFO - DAG(s) dict_keys(['example_short_circuit_decorator']) retrieved from /home/airflow/.local/lib/python3.7/site-packages/airflow/example_dags/example_short_circuit_decorator.py
[2023-01-31T10:22:50.961+0000] {logging_mixin.py:137} INFO - [2023-01-31T10:22:50.961+0000] {dag.py:2690} INFO - Sync 1 DAGs
[2023-01-31T10:22:51.003+0000] {logging_mixin.py:137} INFO - [2023-01-31T10:22:51.003+0000] {dag.py:3441} INFO - Setting next_dagrun for example_short_circuit_decorator to 2023-01-30T10:22:51.003022+00:00, run_after=2023-01-31T10:22:51.003022+00:00
[2023-01-31T10:22:51.236+0000] {processor.py:175} INFO - Processing /home/airflow/.local/lib/python3.7/site-packages/airflow/example_dags/example_short_circuit_decorator.py took 0.389 seconds
[2023-01-31T10:23:21.720+0000] {processor.py:153} INFO - Started process (PID=1317) to work on /home/airflow/.local/lib/python3.7/site-packages/airflow/example_dags/example_short_circuit_decorator.py
[2023-01-31T10:23:21.722+0000] {processor.py:743} INFO - Processing file /home/airflow/.local/lib/python3.7/site-packages/airflow/example_dags/example_short_circuit_decorator.py for tasks to queue
[2023-01-31T10:23:21.723+0000] {logging_mixin.py:137} INFO - [2023-01-31T10:23:21.723+0000] {dagbag.py:538} INFO - Filling up the DagBag from /home/airflow/.local/lib/python3.7/site-packages/airflow/example_dags/example_short_circuit_decorator.py
[2023-01-31T10:23:21.743+0000] {processor.py:753} INFO - DAG(s) dict_keys(['example_short_circuit_decorator']) retrieved from /home/airflow/.local/lib/python3.7/site-packages/airflow/example_dags/example_short_circuit_decorator.py
[2023-01-31T10:23:21.765+0000] {logging_mixin.py:137} INFO - [2023-01-31T10:23:21.764+0000] {dag.py:2690} INFO - Sync 1 DAGs
[2023-01-31T10:23:21.788+0000] {logging_mixin.py:137} INFO - [2023-01-31T10:23:21.788+0000] {dag.py:3441} INFO - Setting next_dagrun for example_short_circuit_decorator to 2023-01-30T10:23:21.788386+00:00, run_after=2023-01-31T10:23:21.788386+00:00
[2023-01-31T10:23:21.802+0000] {processor.py:175} INFO - Processing /home/airflow/.local/lib/python3.7/site-packages/airflow/example_dags/example_short_circuit_decorator.py took 0.084 seconds
[2023-01-31T10:23:53.042+0000] {processor.py:153} INFO - Started process (PID=1396) to work on /home/airflow/.local/lib/python3.7/site-packages/airflow/example_dags/example_short_circuit_decorator.py
[2023-01-31T10:23:53.046+0000] {processor.py:743} INFO - Processing file /home/airflow/.local/lib/python3.7/site-packages/airflow/example_dags/example_short_circuit_decorator.py for tasks to queue
[2023-01-31T10:23:53.049+0000] {logging_mixin.py:137} INFO - [2023-01-31T10:23:53.049+0000] {dagbag.py:538} INFO - Filling up the DagBag from /home/airflow/.local/lib/python3.7/site-packages/airflow/example_dags/example_short_circuit_decorator.py
[2023-01-31T10:23:53.081+0000] {processor.py:753} INFO - DAG(s) dict_keys(['example_short_circuit_decorator']) retrieved from /home/airflow/.local/lib/python3.7/site-packages/airflow/example_dags/example_short_circuit_decorator.py
[2023-01-31T10:23:53.179+0000] {logging_mixin.py:137} INFO - [2023-01-31T10:23:53.178+0000] {dag.py:2690} INFO - Sync 1 DAGs
[2023-01-31T10:23:53.199+0000] {logging_mixin.py:137} INFO - [2023-01-31T10:23:53.198+0000] {dag.py:3441} INFO - Setting next_dagrun for example_short_circuit_decorator to 2023-01-30T10:23:53.198757+00:00, run_after=2023-01-31T10:23:53.198757+00:00
[2023-01-31T10:23:53.225+0000] {processor.py:175} INFO - Processing /home/airflow/.local/lib/python3.7/site-packages/airflow/example_dags/example_short_circuit_decorator.py took 0.193 seconds
[2023-01-31T10:24:23.438+0000] {processor.py:153} INFO - Started process (PID=1474) to work on /home/airflow/.local/lib/python3.7/site-packages/airflow/example_dags/example_short_circuit_decorator.py
[2023-01-31T10:24:23.442+0000] {processor.py:743} INFO - Processing file /home/airflow/.local/lib/python3.7/site-packages/airflow/example_dags/example_short_circuit_decorator.py for tasks to queue
[2023-01-31T10:24:23.445+0000] {logging_mixin.py:137} INFO - [2023-01-31T10:24:23.445+0000] {dagbag.py:538} INFO - Filling up the DagBag from /home/airflow/.local/lib/python3.7/site-packages/airflow/example_dags/example_short_circuit_decorator.py
[2023-01-31T10:24:23.464+0000] {processor.py:753} INFO - DAG(s) dict_keys(['example_short_circuit_decorator']) retrieved from /home/airflow/.local/lib/python3.7/site-packages/airflow/example_dags/example_short_circuit_decorator.py
[2023-01-31T10:24:23.489+0000] {logging_mixin.py:137} INFO - [2023-01-31T10:24:23.489+0000] {dag.py:2690} INFO - Sync 1 DAGs
[2023-01-31T10:24:23.509+0000] {logging_mixin.py:137} INFO - [2023-01-31T10:24:23.509+0000] {dag.py:3441} INFO - Setting next_dagrun for example_short_circuit_decorator to 2023-01-30T10:24:23.509241+00:00, run_after=2023-01-31T10:24:23.509241+00:00
[2023-01-31T10:24:23.524+0000] {processor.py:175} INFO - Processing /home/airflow/.local/lib/python3.7/site-packages/airflow/example_dags/example_short_circuit_decorator.py took 0.088 seconds
[2023-01-31T10:24:54.453+0000] {processor.py:153} INFO - Started process (PID=1556) to work on /home/airflow/.local/lib/python3.7/site-packages/airflow/example_dags/example_short_circuit_decorator.py
[2023-01-31T10:24:54.458+0000] {processor.py:743} INFO - Processing file /home/airflow/.local/lib/python3.7/site-packages/airflow/example_dags/example_short_circuit_decorator.py for tasks to queue
[2023-01-31T10:24:54.459+0000] {logging_mixin.py:137} INFO - [2023-01-31T10:24:54.459+0000] {dagbag.py:538} INFO - Filling up the DagBag from /home/airflow/.local/lib/python3.7/site-packages/airflow/example_dags/example_short_circuit_decorator.py
[2023-01-31T10:24:54.478+0000] {processor.py:753} INFO - DAG(s) dict_keys(['example_short_circuit_decorator']) retrieved from /home/airflow/.local/lib/python3.7/site-packages/airflow/example_dags/example_short_circuit_decorator.py
[2023-01-31T10:24:54.502+0000] {logging_mixin.py:137} INFO - [2023-01-31T10:24:54.502+0000] {dag.py:2690} INFO - Sync 1 DAGs
[2023-01-31T10:24:54.525+0000] {logging_mixin.py:137} INFO - [2023-01-31T10:24:54.524+0000] {dag.py:3441} INFO - Setting next_dagrun for example_short_circuit_decorator to 2023-01-30T10:24:54.524605+00:00, run_after=2023-01-31T10:24:54.524605+00:00
[2023-01-31T10:24:54.545+0000] {processor.py:175} INFO - Processing /home/airflow/.local/lib/python3.7/site-packages/airflow/example_dags/example_short_circuit_decorator.py took 0.095 seconds
[2023-01-31T10:25:26.919+0000] {processor.py:153} INFO - Started process (PID=1644) to work on /home/airflow/.local/lib/python3.7/site-packages/airflow/example_dags/example_short_circuit_decorator.py
[2023-01-31T10:25:26.970+0000] {processor.py:743} INFO - Processing file /home/airflow/.local/lib/python3.7/site-packages/airflow/example_dags/example_short_circuit_decorator.py for tasks to queue
[2023-01-31T10:25:27.040+0000] {logging_mixin.py:137} INFO - [2023-01-31T10:25:27.040+0000] {dagbag.py:538} INFO - Filling up the DagBag from /home/airflow/.local/lib/python3.7/site-packages/airflow/example_dags/example_short_circuit_decorator.py
[2023-01-31T10:25:27.200+0000] {processor.py:753} INFO - DAG(s) dict_keys(['example_short_circuit_decorator']) retrieved from /home/airflow/.local/lib/python3.7/site-packages/airflow/example_dags/example_short_circuit_decorator.py
[2023-01-31T10:25:27.650+0000] {logging_mixin.py:137} INFO - [2023-01-31T10:25:27.650+0000] {dag.py:2690} INFO - Sync 1 DAGs
[2023-01-31T10:25:27.844+0000] {logging_mixin.py:137} INFO - [2023-01-31T10:25:27.844+0000] {dag.py:3441} INFO - Setting next_dagrun for example_short_circuit_decorator to 2023-01-30T10:25:27.841531+00:00, run_after=2023-01-31T10:25:27.841531+00:00
[2023-01-31T10:25:27.953+0000] {processor.py:175} INFO - Processing /home/airflow/.local/lib/python3.7/site-packages/airflow/example_dags/example_short_circuit_decorator.py took 1.039 seconds
[2023-01-31T10:25:58.311+0000] {processor.py:153} INFO - Started process (PID=1730) to work on /home/airflow/.local/lib/python3.7/site-packages/airflow/example_dags/example_short_circuit_decorator.py
[2023-01-31T10:25:58.320+0000] {processor.py:743} INFO - Processing file /home/airflow/.local/lib/python3.7/site-packages/airflow/example_dags/example_short_circuit_decorator.py for tasks to queue
[2023-01-31T10:25:58.322+0000] {logging_mixin.py:137} INFO - [2023-01-31T10:25:58.322+0000] {dagbag.py:538} INFO - Filling up the DagBag from /home/airflow/.local/lib/python3.7/site-packages/airflow/example_dags/example_short_circuit_decorator.py
[2023-01-31T10:25:58.365+0000] {processor.py:753} INFO - DAG(s) dict_keys(['example_short_circuit_decorator']) retrieved from /home/airflow/.local/lib/python3.7/site-packages/airflow/example_dags/example_short_circuit_decorator.py
[2023-01-31T10:25:58.423+0000] {logging_mixin.py:137} INFO - [2023-01-31T10:25:58.423+0000] {dag.py:2690} INFO - Sync 1 DAGs
[2023-01-31T10:25:58.455+0000] {logging_mixin.py:137} INFO - [2023-01-31T10:25:58.455+0000] {dag.py:3441} INFO - Setting next_dagrun for example_short_circuit_decorator to 2023-01-30T10:25:58.454813+00:00, run_after=2023-01-31T10:25:58.454813+00:00
[2023-01-31T10:25:58.479+0000] {processor.py:175} INFO - Processing /home/airflow/.local/lib/python3.7/site-packages/airflow/example_dags/example_short_circuit_decorator.py took 0.193 seconds
[2023-01-31T10:26:28.799+0000] {processor.py:153} INFO - Started process (PID=1814) to work on /home/airflow/.local/lib/python3.7/site-packages/airflow/example_dags/example_short_circuit_decorator.py
[2023-01-31T10:26:28.802+0000] {processor.py:743} INFO - Processing file /home/airflow/.local/lib/python3.7/site-packages/airflow/example_dags/example_short_circuit_decorator.py for tasks to queue
[2023-01-31T10:26:28.804+0000] {logging_mixin.py:137} INFO - [2023-01-31T10:26:28.803+0000] {dagbag.py:538} INFO - Filling up the DagBag from /home/airflow/.local/lib/python3.7/site-packages/airflow/example_dags/example_short_circuit_decorator.py
[2023-01-31T10:26:28.834+0000] {processor.py:753} INFO - DAG(s) dict_keys(['example_short_circuit_decorator']) retrieved from /home/airflow/.local/lib/python3.7/site-packages/airflow/example_dags/example_short_circuit_decorator.py
[2023-01-31T10:26:28.878+0000] {logging_mixin.py:137} INFO - [2023-01-31T10:26:28.878+0000] {dag.py:2690} INFO - Sync 1 DAGs
[2023-01-31T10:26:28.904+0000] {logging_mixin.py:137} INFO - [2023-01-31T10:26:28.904+0000] {dag.py:3441} INFO - Setting next_dagrun for example_short_circuit_decorator to 2023-01-30T10:26:28.904032+00:00, run_after=2023-01-31T10:26:28.904032+00:00
[2023-01-31T10:26:28.933+0000] {processor.py:175} INFO - Processing /home/airflow/.local/lib/python3.7/site-packages/airflow/example_dags/example_short_circuit_decorator.py took 0.141 seconds
[2023-01-31T10:26:59.016+0000] {processor.py:153} INFO - Started process (PID=1892) to work on /home/airflow/.local/lib/python3.7/site-packages/airflow/example_dags/example_short_circuit_decorator.py
[2023-01-31T10:26:59.018+0000] {processor.py:743} INFO - Processing file /home/airflow/.local/lib/python3.7/site-packages/airflow/example_dags/example_short_circuit_decorator.py for tasks to queue
[2023-01-31T10:26:59.020+0000] {logging_mixin.py:137} INFO - [2023-01-31T10:26:59.019+0000] {dagbag.py:538} INFO - Filling up the DagBag from /home/airflow/.local/lib/python3.7/site-packages/airflow/example_dags/example_short_circuit_decorator.py
[2023-01-31T10:26:59.048+0000] {processor.py:753} INFO - DAG(s) dict_keys(['example_short_circuit_decorator']) retrieved from /home/airflow/.local/lib/python3.7/site-packages/airflow/example_dags/example_short_circuit_decorator.py
[2023-01-31T10:26:59.076+0000] {logging_mixin.py:137} INFO - [2023-01-31T10:26:59.076+0000] {dag.py:2690} INFO - Sync 1 DAGs
[2023-01-31T10:26:59.097+0000] {logging_mixin.py:137} INFO - [2023-01-31T10:26:59.096+0000] {dag.py:3441} INFO - Setting next_dagrun for example_short_circuit_decorator to 2023-01-30T10:26:59.096707+00:00, run_after=2023-01-31T10:26:59.096707+00:00
[2023-01-31T10:26:59.113+0000] {processor.py:175} INFO - Processing /home/airflow/.local/lib/python3.7/site-packages/airflow/example_dags/example_short_circuit_decorator.py took 0.102 seconds
[2023-01-31T10:27:29.466+0000] {processor.py:153} INFO - Started process (PID=1988) to work on /home/airflow/.local/lib/python3.7/site-packages/airflow/example_dags/example_short_circuit_decorator.py
[2023-01-31T10:27:29.470+0000] {processor.py:743} INFO - Processing file /home/airflow/.local/lib/python3.7/site-packages/airflow/example_dags/example_short_circuit_decorator.py for tasks to queue
[2023-01-31T10:27:29.471+0000] {logging_mixin.py:137} INFO - [2023-01-31T10:27:29.471+0000] {dagbag.py:538} INFO - Filling up the DagBag from /home/airflow/.local/lib/python3.7/site-packages/airflow/example_dags/example_short_circuit_decorator.py
[2023-01-31T10:27:29.507+0000] {processor.py:753} INFO - DAG(s) dict_keys(['example_short_circuit_decorator']) retrieved from /home/airflow/.local/lib/python3.7/site-packages/airflow/example_dags/example_short_circuit_decorator.py
[2023-01-31T10:27:29.583+0000] {logging_mixin.py:137} INFO - [2023-01-31T10:27:29.583+0000] {dag.py:2690} INFO - Sync 1 DAGs
[2023-01-31T10:27:29.646+0000] {logging_mixin.py:137} INFO - [2023-01-31T10:27:29.646+0000] {dag.py:3441} INFO - Setting next_dagrun for example_short_circuit_decorator to 2023-01-30T10:27:29.645702+00:00, run_after=2023-01-31T10:27:29.645702+00:00
[2023-01-31T10:27:29.681+0000] {processor.py:175} INFO - Processing /home/airflow/.local/lib/python3.7/site-packages/airflow/example_dags/example_short_circuit_decorator.py took 0.221 seconds
[2023-01-31T10:28:00.127+0000] {processor.py:153} INFO - Started process (PID=2068) to work on /home/airflow/.local/lib/python3.7/site-packages/airflow/example_dags/example_short_circuit_decorator.py
[2023-01-31T10:28:00.130+0000] {processor.py:743} INFO - Processing file /home/airflow/.local/lib/python3.7/site-packages/airflow/example_dags/example_short_circuit_decorator.py for tasks to queue
[2023-01-31T10:28:00.132+0000] {logging_mixin.py:137} INFO - [2023-01-31T10:28:00.132+0000] {dagbag.py:538} INFO - Filling up the DagBag from /home/airflow/.local/lib/python3.7/site-packages/airflow/example_dags/example_short_circuit_decorator.py
[2023-01-31T10:28:00.183+0000] {processor.py:753} INFO - DAG(s) dict_keys(['example_short_circuit_decorator']) retrieved from /home/airflow/.local/lib/python3.7/site-packages/airflow/example_dags/example_short_circuit_decorator.py
[2023-01-31T10:28:00.219+0000] {logging_mixin.py:137} INFO - [2023-01-31T10:28:00.219+0000] {dag.py:2690} INFO - Sync 1 DAGs
[2023-01-31T10:28:00.240+0000] {logging_mixin.py:137} INFO - [2023-01-31T10:28:00.240+0000] {dag.py:3441} INFO - Setting next_dagrun for example_short_circuit_decorator to 2023-01-30T10:28:00.240221+00:00, run_after=2023-01-31T10:28:00.240221+00:00
[2023-01-31T10:28:00.267+0000] {processor.py:175} INFO - Processing /home/airflow/.local/lib/python3.7/site-packages/airflow/example_dags/example_short_circuit_decorator.py took 0.148 seconds
[2023-01-31T10:28:30.328+0000] {processor.py:153} INFO - Started process (PID=2146) to work on /home/airflow/.local/lib/python3.7/site-packages/airflow/example_dags/example_short_circuit_decorator.py
[2023-01-31T10:28:30.331+0000] {processor.py:743} INFO - Processing file /home/airflow/.local/lib/python3.7/site-packages/airflow/example_dags/example_short_circuit_decorator.py for tasks to queue
[2023-01-31T10:28:30.332+0000] {logging_mixin.py:137} INFO - [2023-01-31T10:28:30.332+0000] {dagbag.py:538} INFO - Filling up the DagBag from /home/airflow/.local/lib/python3.7/site-packages/airflow/example_dags/example_short_circuit_decorator.py
[2023-01-31T10:28:30.362+0000] {processor.py:753} INFO - DAG(s) dict_keys(['example_short_circuit_decorator']) retrieved from /home/airflow/.local/lib/python3.7/site-packages/airflow/example_dags/example_short_circuit_decorator.py
[2023-01-31T10:28:30.393+0000] {logging_mixin.py:137} INFO - [2023-01-31T10:28:30.392+0000] {dag.py:2690} INFO - Sync 1 DAGs
[2023-01-31T10:28:30.417+0000] {logging_mixin.py:137} INFO - [2023-01-31T10:28:30.416+0000] {dag.py:3441} INFO - Setting next_dagrun for example_short_circuit_decorator to 2023-01-30T10:28:30.416559+00:00, run_after=2023-01-31T10:28:30.416559+00:00
[2023-01-31T10:28:30.442+0000] {processor.py:175} INFO - Processing /home/airflow/.local/lib/python3.7/site-packages/airflow/example_dags/example_short_circuit_decorator.py took 0.119 seconds
[2023-01-31T10:29:00.538+0000] {processor.py:153} INFO - Started process (PID=2240) to work on /home/airflow/.local/lib/python3.7/site-packages/airflow/example_dags/example_short_circuit_decorator.py
[2023-01-31T10:29:00.557+0000] {processor.py:743} INFO - Processing file /home/airflow/.local/lib/python3.7/site-packages/airflow/example_dags/example_short_circuit_decorator.py for tasks to queue
[2023-01-31T10:29:00.566+0000] {logging_mixin.py:137} INFO - [2023-01-31T10:29:00.565+0000] {dagbag.py:538} INFO - Filling up the DagBag from /home/airflow/.local/lib/python3.7/site-packages/airflow/example_dags/example_short_circuit_decorator.py
[2023-01-31T10:29:00.599+0000] {processor.py:753} INFO - DAG(s) dict_keys(['example_short_circuit_decorator']) retrieved from /home/airflow/.local/lib/python3.7/site-packages/airflow/example_dags/example_short_circuit_decorator.py
[2023-01-31T10:29:00.666+0000] {logging_mixin.py:137} INFO - [2023-01-31T10:29:00.666+0000] {dag.py:2690} INFO - Sync 1 DAGs
[2023-01-31T10:29:00.735+0000] {logging_mixin.py:137} INFO - [2023-01-31T10:29:00.735+0000] {dag.py:3441} INFO - Setting next_dagrun for example_short_circuit_decorator to 2023-01-30T10:29:00.734881+00:00, run_after=2023-01-31T10:29:00.734881+00:00
[2023-01-31T10:29:00.820+0000] {processor.py:175} INFO - Processing /home/airflow/.local/lib/python3.7/site-packages/airflow/example_dags/example_short_circuit_decorator.py took 0.293 seconds
[2023-01-31T10:29:33.796+0000] {processor.py:153} INFO - Started process (PID=2320) to work on /home/airflow/.local/lib/python3.7/site-packages/airflow/example_dags/example_short_circuit_decorator.py
[2023-01-31T10:29:33.812+0000] {processor.py:743} INFO - Processing file /home/airflow/.local/lib/python3.7/site-packages/airflow/example_dags/example_short_circuit_decorator.py for tasks to queue
[2023-01-31T10:29:33.830+0000] {logging_mixin.py:137} INFO - [2023-01-31T10:29:33.829+0000] {dagbag.py:538} INFO - Filling up the DagBag from /home/airflow/.local/lib/python3.7/site-packages/airflow/example_dags/example_short_circuit_decorator.py
[2023-01-31T10:29:33.947+0000] {processor.py:753} INFO - DAG(s) dict_keys(['example_short_circuit_decorator']) retrieved from /home/airflow/.local/lib/python3.7/site-packages/airflow/example_dags/example_short_circuit_decorator.py
[2023-01-31T10:29:34.004+0000] {logging_mixin.py:137} INFO - [2023-01-31T10:29:34.003+0000] {dag.py:2690} INFO - Sync 1 DAGs
[2023-01-31T10:29:34.077+0000] {logging_mixin.py:137} INFO - [2023-01-31T10:29:34.076+0000] {dag.py:3441} INFO - Setting next_dagrun for example_short_circuit_decorator to 2023-01-30T10:29:34.075824+00:00, run_after=2023-01-31T10:29:34.075824+00:00
[2023-01-31T10:29:34.124+0000] {processor.py:175} INFO - Processing /home/airflow/.local/lib/python3.7/site-packages/airflow/example_dags/example_short_circuit_decorator.py took 0.335 seconds
[2023-01-31T10:30:04.264+0000] {processor.py:153} INFO - Started process (PID=2399) to work on /home/airflow/.local/lib/python3.7/site-packages/airflow/example_dags/example_short_circuit_decorator.py
[2023-01-31T10:30:04.278+0000] {processor.py:743} INFO - Processing file /home/airflow/.local/lib/python3.7/site-packages/airflow/example_dags/example_short_circuit_decorator.py for tasks to queue
[2023-01-31T10:30:04.288+0000] {logging_mixin.py:137} INFO - [2023-01-31T10:30:04.288+0000] {dagbag.py:538} INFO - Filling up the DagBag from /home/airflow/.local/lib/python3.7/site-packages/airflow/example_dags/example_short_circuit_decorator.py
[2023-01-31T10:30:04.325+0000] {processor.py:753} INFO - DAG(s) dict_keys(['example_short_circuit_decorator']) retrieved from /home/airflow/.local/lib/python3.7/site-packages/airflow/example_dags/example_short_circuit_decorator.py
[2023-01-31T10:30:04.413+0000] {logging_mixin.py:137} INFO - [2023-01-31T10:30:04.413+0000] {dag.py:2690} INFO - Sync 1 DAGs
[2023-01-31T10:30:04.467+0000] {logging_mixin.py:137} INFO - [2023-01-31T10:30:04.467+0000] {dag.py:3441} INFO - Setting next_dagrun for example_short_circuit_decorator to 2023-01-30T10:30:04.466878+00:00, run_after=2023-01-31T10:30:04.466878+00:00
[2023-01-31T10:30:04.489+0000] {processor.py:175} INFO - Processing /home/airflow/.local/lib/python3.7/site-packages/airflow/example_dags/example_short_circuit_decorator.py took 0.232 seconds
[2023-01-31T10:30:34.704+0000] {processor.py:153} INFO - Started process (PID=2478) to work on /home/airflow/.local/lib/python3.7/site-packages/airflow/example_dags/example_short_circuit_decorator.py
[2023-01-31T10:30:34.706+0000] {processor.py:743} INFO - Processing file /home/airflow/.local/lib/python3.7/site-packages/airflow/example_dags/example_short_circuit_decorator.py for tasks to queue
[2023-01-31T10:30:34.707+0000] {logging_mixin.py:137} INFO - [2023-01-31T10:30:34.707+0000] {dagbag.py:538} INFO - Filling up the DagBag from /home/airflow/.local/lib/python3.7/site-packages/airflow/example_dags/example_short_circuit_decorator.py
[2023-01-31T10:30:34.728+0000] {processor.py:753} INFO - DAG(s) dict_keys(['example_short_circuit_decorator']) retrieved from /home/airflow/.local/lib/python3.7/site-packages/airflow/example_dags/example_short_circuit_decorator.py
[2023-01-31T10:30:34.755+0000] {logging_mixin.py:137} INFO - [2023-01-31T10:30:34.755+0000] {dag.py:2690} INFO - Sync 1 DAGs
[2023-01-31T10:30:34.776+0000] {logging_mixin.py:137} INFO - [2023-01-31T10:30:34.776+0000] {dag.py:3441} INFO - Setting next_dagrun for example_short_circuit_decorator to 2023-01-30T10:30:34.776156+00:00, run_after=2023-01-31T10:30:34.776156+00:00
[2023-01-31T10:30:34.795+0000] {processor.py:175} INFO - Processing /home/airflow/.local/lib/python3.7/site-packages/airflow/example_dags/example_short_circuit_decorator.py took 0.094 seconds
[2023-01-31T10:31:04.997+0000] {processor.py:153} INFO - Started process (PID=2556) to work on /home/airflow/.local/lib/python3.7/site-packages/airflow/example_dags/example_short_circuit_decorator.py
[2023-01-31T10:31:04.999+0000] {processor.py:743} INFO - Processing file /home/airflow/.local/lib/python3.7/site-packages/airflow/example_dags/example_short_circuit_decorator.py for tasks to queue
[2023-01-31T10:31:05.000+0000] {logging_mixin.py:137} INFO - [2023-01-31T10:31:05.000+0000] {dagbag.py:538} INFO - Filling up the DagBag from /home/airflow/.local/lib/python3.7/site-packages/airflow/example_dags/example_short_circuit_decorator.py
[2023-01-31T10:31:05.023+0000] {processor.py:753} INFO - DAG(s) dict_keys(['example_short_circuit_decorator']) retrieved from /home/airflow/.local/lib/python3.7/site-packages/airflow/example_dags/example_short_circuit_decorator.py
[2023-01-31T10:31:05.053+0000] {logging_mixin.py:137} INFO - [2023-01-31T10:31:05.053+0000] {dag.py:2690} INFO - Sync 1 DAGs
[2023-01-31T10:31:05.074+0000] {logging_mixin.py:137} INFO - [2023-01-31T10:31:05.074+0000] {dag.py:3441} INFO - Setting next_dagrun for example_short_circuit_decorator to 2023-01-30T10:31:05.074490+00:00, run_after=2023-01-31T10:31:05.074490+00:00
[2023-01-31T10:31:05.091+0000] {processor.py:175} INFO - Processing /home/airflow/.local/lib/python3.7/site-packages/airflow/example_dags/example_short_circuit_decorator.py took 0.097 seconds
[2023-01-31T10:31:37.214+0000] {processor.py:153} INFO - Started process (PID=2649) to work on /home/airflow/.local/lib/python3.7/site-packages/airflow/example_dags/example_short_circuit_decorator.py
[2023-01-31T10:31:37.218+0000] {processor.py:743} INFO - Processing file /home/airflow/.local/lib/python3.7/site-packages/airflow/example_dags/example_short_circuit_decorator.py for tasks to queue
[2023-01-31T10:31:37.219+0000] {logging_mixin.py:137} INFO - [2023-01-31T10:31:37.219+0000] {dagbag.py:538} INFO - Filling up the DagBag from /home/airflow/.local/lib/python3.7/site-packages/airflow/example_dags/example_short_circuit_decorator.py
[2023-01-31T10:31:37.245+0000] {processor.py:753} INFO - DAG(s) dict_keys(['example_short_circuit_decorator']) retrieved from /home/airflow/.local/lib/python3.7/site-packages/airflow/example_dags/example_short_circuit_decorator.py
[2023-01-31T10:31:37.287+0000] {logging_mixin.py:137} INFO - [2023-01-31T10:31:37.287+0000] {dag.py:2690} INFO - Sync 1 DAGs
[2023-01-31T10:31:37.307+0000] {logging_mixin.py:137} INFO - [2023-01-31T10:31:37.307+0000] {dag.py:3441} INFO - Setting next_dagrun for example_short_circuit_decorator to 2023-01-30T10:31:37.307073+00:00, run_after=2023-01-31T10:31:37.307073+00:00
[2023-01-31T10:31:37.334+0000] {processor.py:175} INFO - Processing /home/airflow/.local/lib/python3.7/site-packages/airflow/example_dags/example_short_circuit_decorator.py took 0.124 seconds
[2023-01-31T10:32:07.538+0000] {processor.py:153} INFO - Started process (PID=2728) to work on /home/airflow/.local/lib/python3.7/site-packages/airflow/example_dags/example_short_circuit_decorator.py
[2023-01-31T10:32:07.542+0000] {processor.py:743} INFO - Processing file /home/airflow/.local/lib/python3.7/site-packages/airflow/example_dags/example_short_circuit_decorator.py for tasks to queue
[2023-01-31T10:32:07.544+0000] {logging_mixin.py:137} INFO - [2023-01-31T10:32:07.544+0000] {dagbag.py:538} INFO - Filling up the DagBag from /home/airflow/.local/lib/python3.7/site-packages/airflow/example_dags/example_short_circuit_decorator.py
[2023-01-31T10:32:07.566+0000] {processor.py:753} INFO - DAG(s) dict_keys(['example_short_circuit_decorator']) retrieved from /home/airflow/.local/lib/python3.7/site-packages/airflow/example_dags/example_short_circuit_decorator.py
[2023-01-31T10:32:07.599+0000] {logging_mixin.py:137} INFO - [2023-01-31T10:32:07.599+0000] {dag.py:2690} INFO - Sync 1 DAGs
[2023-01-31T10:32:07.615+0000] {logging_mixin.py:137} INFO - [2023-01-31T10:32:07.615+0000] {dag.py:3441} INFO - Setting next_dagrun for example_short_circuit_decorator to 2023-01-30T10:32:07.615399+00:00, run_after=2023-01-31T10:32:07.615399+00:00
[2023-01-31T10:32:07.631+0000] {processor.py:175} INFO - Processing /home/airflow/.local/lib/python3.7/site-packages/airflow/example_dags/example_short_circuit_decorator.py took 0.097 seconds
[2023-01-31T10:32:38.543+0000] {processor.py:153} INFO - Started process (PID=2807) to work on /home/airflow/.local/lib/python3.7/site-packages/airflow/example_dags/example_short_circuit_decorator.py
[2023-01-31T10:32:38.545+0000] {processor.py:743} INFO - Processing file /home/airflow/.local/lib/python3.7/site-packages/airflow/example_dags/example_short_circuit_decorator.py for tasks to queue
[2023-01-31T10:32:38.546+0000] {logging_mixin.py:137} INFO - [2023-01-31T10:32:38.546+0000] {dagbag.py:538} INFO - Filling up the DagBag from /home/airflow/.local/lib/python3.7/site-packages/airflow/example_dags/example_short_circuit_decorator.py
[2023-01-31T10:32:38.564+0000] {processor.py:753} INFO - DAG(s) dict_keys(['example_short_circuit_decorator']) retrieved from /home/airflow/.local/lib/python3.7/site-packages/airflow/example_dags/example_short_circuit_decorator.py
[2023-01-31T10:32:38.593+0000] {logging_mixin.py:137} INFO - [2023-01-31T10:32:38.592+0000] {dag.py:2690} INFO - Sync 1 DAGs
[2023-01-31T10:32:38.611+0000] {logging_mixin.py:137} INFO - [2023-01-31T10:32:38.611+0000] {dag.py:3441} INFO - Setting next_dagrun for example_short_circuit_decorator to 2023-01-30T10:32:38.610958+00:00, run_after=2023-01-31T10:32:38.610958+00:00
[2023-01-31T10:32:38.638+0000] {processor.py:175} INFO - Processing /home/airflow/.local/lib/python3.7/site-packages/airflow/example_dags/example_short_circuit_decorator.py took 0.099 seconds
[2023-01-31T10:33:09.338+0000] {processor.py:153} INFO - Started process (PID=2902) to work on /home/airflow/.local/lib/python3.7/site-packages/airflow/example_dags/example_short_circuit_decorator.py
[2023-01-31T10:33:09.343+0000] {processor.py:743} INFO - Processing file /home/airflow/.local/lib/python3.7/site-packages/airflow/example_dags/example_short_circuit_decorator.py for tasks to queue
[2023-01-31T10:33:09.344+0000] {logging_mixin.py:137} INFO - [2023-01-31T10:33:09.344+0000] {dagbag.py:538} INFO - Filling up the DagBag from /home/airflow/.local/lib/python3.7/site-packages/airflow/example_dags/example_short_circuit_decorator.py
[2023-01-31T10:33:09.362+0000] {processor.py:753} INFO - DAG(s) dict_keys(['example_short_circuit_decorator']) retrieved from /home/airflow/.local/lib/python3.7/site-packages/airflow/example_dags/example_short_circuit_decorator.py
[2023-01-31T10:33:09.385+0000] {logging_mixin.py:137} INFO - [2023-01-31T10:33:09.385+0000] {dag.py:2690} INFO - Sync 1 DAGs
[2023-01-31T10:33:09.401+0000] {logging_mixin.py:137} INFO - [2023-01-31T10:33:09.401+0000] {dag.py:3441} INFO - Setting next_dagrun for example_short_circuit_decorator to 2023-01-30T10:33:09.401585+00:00, run_after=2023-01-31T10:33:09.401585+00:00
[2023-01-31T10:33:09.414+0000] {processor.py:175} INFO - Processing /home/airflow/.local/lib/python3.7/site-packages/airflow/example_dags/example_short_circuit_decorator.py took 0.079 seconds
[2023-01-31T10:33:40.555+0000] {processor.py:153} INFO - Started process (PID=2981) to work on /home/airflow/.local/lib/python3.7/site-packages/airflow/example_dags/example_short_circuit_decorator.py
[2023-01-31T10:33:40.559+0000] {processor.py:743} INFO - Processing file /home/airflow/.local/lib/python3.7/site-packages/airflow/example_dags/example_short_circuit_decorator.py for tasks to queue
[2023-01-31T10:33:40.561+0000] {logging_mixin.py:137} INFO - [2023-01-31T10:33:40.561+0000] {dagbag.py:538} INFO - Filling up the DagBag from /home/airflow/.local/lib/python3.7/site-packages/airflow/example_dags/example_short_circuit_decorator.py
[2023-01-31T10:33:40.600+0000] {processor.py:753} INFO - DAG(s) dict_keys(['example_short_circuit_decorator']) retrieved from /home/airflow/.local/lib/python3.7/site-packages/airflow/example_dags/example_short_circuit_decorator.py
[2023-01-31T10:33:40.672+0000] {logging_mixin.py:137} INFO - [2023-01-31T10:33:40.671+0000] {dag.py:2690} INFO - Sync 1 DAGs
[2023-01-31T10:33:40.699+0000] {logging_mixin.py:137} INFO - [2023-01-31T10:33:40.699+0000] {dag.py:3441} INFO - Setting next_dagrun for example_short_circuit_decorator to 2023-01-30T10:33:40.699114+00:00, run_after=2023-01-31T10:33:40.699114+00:00
[2023-01-31T10:33:40.730+0000] {processor.py:175} INFO - Processing /home/airflow/.local/lib/python3.7/site-packages/airflow/example_dags/example_short_circuit_decorator.py took 0.180 seconds
[2023-01-31T10:34:10.976+0000] {processor.py:153} INFO - Started process (PID=3060) to work on /home/airflow/.local/lib/python3.7/site-packages/airflow/example_dags/example_short_circuit_decorator.py
[2023-01-31T10:34:10.978+0000] {processor.py:743} INFO - Processing file /home/airflow/.local/lib/python3.7/site-packages/airflow/example_dags/example_short_circuit_decorator.py for tasks to queue
[2023-01-31T10:34:10.979+0000] {logging_mixin.py:137} INFO - [2023-01-31T10:34:10.979+0000] {dagbag.py:538} INFO - Filling up the DagBag from /home/airflow/.local/lib/python3.7/site-packages/airflow/example_dags/example_short_circuit_decorator.py
[2023-01-31T10:34:11.001+0000] {processor.py:753} INFO - DAG(s) dict_keys(['example_short_circuit_decorator']) retrieved from /home/airflow/.local/lib/python3.7/site-packages/airflow/example_dags/example_short_circuit_decorator.py
[2023-01-31T10:34:11.065+0000] {logging_mixin.py:137} INFO - [2023-01-31T10:34:11.064+0000] {dag.py:2690} INFO - Sync 1 DAGs
[2023-01-31T10:34:11.111+0000] {logging_mixin.py:137} INFO - [2023-01-31T10:34:11.111+0000] {dag.py:3441} INFO - Setting next_dagrun for example_short_circuit_decorator to 2023-01-30T10:34:11.107038+00:00, run_after=2023-01-31T10:34:11.107038+00:00
[2023-01-31T10:34:11.171+0000] {processor.py:175} INFO - Processing /home/airflow/.local/lib/python3.7/site-packages/airflow/example_dags/example_short_circuit_decorator.py took 0.204 seconds
[2023-01-31T10:34:42.159+0000] {processor.py:153} INFO - Started process (PID=3155) to work on /home/airflow/.local/lib/python3.7/site-packages/airflow/example_dags/example_short_circuit_decorator.py
[2023-01-31T10:34:42.161+0000] {processor.py:743} INFO - Processing file /home/airflow/.local/lib/python3.7/site-packages/airflow/example_dags/example_short_circuit_decorator.py for tasks to queue
[2023-01-31T10:34:42.164+0000] {logging_mixin.py:137} INFO - [2023-01-31T10:34:42.164+0000] {dagbag.py:538} INFO - Filling up the DagBag from /home/airflow/.local/lib/python3.7/site-packages/airflow/example_dags/example_short_circuit_decorator.py
[2023-01-31T10:34:42.199+0000] {processor.py:753} INFO - DAG(s) dict_keys(['example_short_circuit_decorator']) retrieved from /home/airflow/.local/lib/python3.7/site-packages/airflow/example_dags/example_short_circuit_decorator.py
[2023-01-31T10:34:42.237+0000] {logging_mixin.py:137} INFO - [2023-01-31T10:34:42.237+0000] {dag.py:2690} INFO - Sync 1 DAGs
[2023-01-31T10:34:42.257+0000] {logging_mixin.py:137} INFO - [2023-01-31T10:34:42.257+0000] {dag.py:3441} INFO - Setting next_dagrun for example_short_circuit_decorator to 2023-01-30T10:34:42.256770+00:00, run_after=2023-01-31T10:34:42.256770+00:00
[2023-01-31T10:34:42.285+0000] {processor.py:175} INFO - Processing /home/airflow/.local/lib/python3.7/site-packages/airflow/example_dags/example_short_circuit_decorator.py took 0.131 seconds
[2023-01-31T10:35:12.477+0000] {processor.py:153} INFO - Started process (PID=3239) to work on /home/airflow/.local/lib/python3.7/site-packages/airflow/example_dags/example_short_circuit_decorator.py
[2023-01-31T10:35:12.488+0000] {processor.py:743} INFO - Processing file /home/airflow/.local/lib/python3.7/site-packages/airflow/example_dags/example_short_circuit_decorator.py for tasks to queue
[2023-01-31T10:35:12.503+0000] {logging_mixin.py:137} INFO - [2023-01-31T10:35:12.503+0000] {dagbag.py:538} INFO - Filling up the DagBag from /home/airflow/.local/lib/python3.7/site-packages/airflow/example_dags/example_short_circuit_decorator.py
[2023-01-31T10:35:12.537+0000] {processor.py:753} INFO - DAG(s) dict_keys(['example_short_circuit_decorator']) retrieved from /home/airflow/.local/lib/python3.7/site-packages/airflow/example_dags/example_short_circuit_decorator.py
[2023-01-31T10:35:12.585+0000] {logging_mixin.py:137} INFO - [2023-01-31T10:35:12.585+0000] {dag.py:2690} INFO - Sync 1 DAGs
[2023-01-31T10:35:12.619+0000] {logging_mixin.py:137} INFO - [2023-01-31T10:35:12.619+0000] {dag.py:3441} INFO - Setting next_dagrun for example_short_circuit_decorator to 2023-01-30T10:35:12.619354+00:00, run_after=2023-01-31T10:35:12.619354+00:00
[2023-01-31T10:35:12.674+0000] {processor.py:175} INFO - Processing /home/airflow/.local/lib/python3.7/site-packages/airflow/example_dags/example_short_circuit_decorator.py took 0.203 seconds
[2023-01-31T10:35:43.535+0000] {processor.py:153} INFO - Started process (PID=3318) to work on /home/airflow/.local/lib/python3.7/site-packages/airflow/example_dags/example_short_circuit_decorator.py
[2023-01-31T10:35:43.539+0000] {processor.py:743} INFO - Processing file /home/airflow/.local/lib/python3.7/site-packages/airflow/example_dags/example_short_circuit_decorator.py for tasks to queue
[2023-01-31T10:35:43.542+0000] {logging_mixin.py:137} INFO - [2023-01-31T10:35:43.541+0000] {dagbag.py:538} INFO - Filling up the DagBag from /home/airflow/.local/lib/python3.7/site-packages/airflow/example_dags/example_short_circuit_decorator.py
[2023-01-31T10:35:43.616+0000] {processor.py:753} INFO - DAG(s) dict_keys(['example_short_circuit_decorator']) retrieved from /home/airflow/.local/lib/python3.7/site-packages/airflow/example_dags/example_short_circuit_decorator.py
[2023-01-31T10:35:43.677+0000] {logging_mixin.py:137} INFO - [2023-01-31T10:35:43.677+0000] {dag.py:2690} INFO - Sync 1 DAGs
[2023-01-31T10:35:43.708+0000] {logging_mixin.py:137} INFO - [2023-01-31T10:35:43.708+0000] {dag.py:3441} INFO - Setting next_dagrun for example_short_circuit_decorator to 2023-01-30T10:35:43.707598+00:00, run_after=2023-01-31T10:35:43.707598+00:00
[2023-01-31T10:35:43.745+0000] {processor.py:175} INFO - Processing /home/airflow/.local/lib/python3.7/site-packages/airflow/example_dags/example_short_circuit_decorator.py took 0.220 seconds
[2023-01-31T10:36:15.085+0000] {processor.py:153} INFO - Started process (PID=3397) to work on /home/airflow/.local/lib/python3.7/site-packages/airflow/example_dags/example_short_circuit_decorator.py
[2023-01-31T10:36:15.088+0000] {processor.py:743} INFO - Processing file /home/airflow/.local/lib/python3.7/site-packages/airflow/example_dags/example_short_circuit_decorator.py for tasks to queue
[2023-01-31T10:36:15.089+0000] {logging_mixin.py:137} INFO - [2023-01-31T10:36:15.089+0000] {dagbag.py:538} INFO - Filling up the DagBag from /home/airflow/.local/lib/python3.7/site-packages/airflow/example_dags/example_short_circuit_decorator.py
[2023-01-31T10:36:15.125+0000] {processor.py:753} INFO - DAG(s) dict_keys(['example_short_circuit_decorator']) retrieved from /home/airflow/.local/lib/python3.7/site-packages/airflow/example_dags/example_short_circuit_decorator.py
[2023-01-31T10:36:15.208+0000] {logging_mixin.py:137} INFO - [2023-01-31T10:36:15.208+0000] {dag.py:2690} INFO - Sync 1 DAGs
[2023-01-31T10:36:15.285+0000] {logging_mixin.py:137} INFO - [2023-01-31T10:36:15.284+0000] {dag.py:3441} INFO - Setting next_dagrun for example_short_circuit_decorator to 2023-01-30T10:36:15.283648+00:00, run_after=2023-01-31T10:36:15.283648+00:00
[2023-01-31T10:36:15.316+0000] {processor.py:175} INFO - Processing /home/airflow/.local/lib/python3.7/site-packages/airflow/example_dags/example_short_circuit_decorator.py took 0.235 seconds
[2023-01-31T10:36:46.644+0000] {processor.py:153} INFO - Started process (PID=3480) to work on /home/airflow/.local/lib/python3.7/site-packages/airflow/example_dags/example_short_circuit_decorator.py
[2023-01-31T10:36:46.648+0000] {processor.py:743} INFO - Processing file /home/airflow/.local/lib/python3.7/site-packages/airflow/example_dags/example_short_circuit_decorator.py for tasks to queue
[2023-01-31T10:36:46.650+0000] {logging_mixin.py:137} INFO - [2023-01-31T10:36:46.650+0000] {dagbag.py:538} INFO - Filling up the DagBag from /home/airflow/.local/lib/python3.7/site-packages/airflow/example_dags/example_short_circuit_decorator.py
[2023-01-31T10:36:46.686+0000] {processor.py:753} INFO - DAG(s) dict_keys(['example_short_circuit_decorator']) retrieved from /home/airflow/.local/lib/python3.7/site-packages/airflow/example_dags/example_short_circuit_decorator.py
[2023-01-31T10:36:46.717+0000] {logging_mixin.py:137} INFO - [2023-01-31T10:36:46.717+0000] {dag.py:2690} INFO - Sync 1 DAGs
[2023-01-31T10:36:46.746+0000] {logging_mixin.py:137} INFO - [2023-01-31T10:36:46.746+0000] {dag.py:3441} INFO - Setting next_dagrun for example_short_circuit_decorator to 2023-01-30T10:36:46.746589+00:00, run_after=2023-01-31T10:36:46.746589+00:00
[2023-01-31T10:36:46.772+0000] {processor.py:175} INFO - Processing /home/airflow/.local/lib/python3.7/site-packages/airflow/example_dags/example_short_circuit_decorator.py took 0.131 seconds
[2023-01-31T10:37:20.093+0000] {processor.py:153} INFO - Started process (PID=3560) to work on /home/airflow/.local/lib/python3.7/site-packages/airflow/example_dags/example_short_circuit_decorator.py
[2023-01-31T10:37:20.095+0000] {processor.py:743} INFO - Processing file /home/airflow/.local/lib/python3.7/site-packages/airflow/example_dags/example_short_circuit_decorator.py for tasks to queue
[2023-01-31T10:37:20.096+0000] {logging_mixin.py:137} INFO - [2023-01-31T10:37:20.096+0000] {dagbag.py:538} INFO - Filling up the DagBag from /home/airflow/.local/lib/python3.7/site-packages/airflow/example_dags/example_short_circuit_decorator.py
[2023-01-31T10:37:20.127+0000] {processor.py:753} INFO - DAG(s) dict_keys(['example_short_circuit_decorator']) retrieved from /home/airflow/.local/lib/python3.7/site-packages/airflow/example_dags/example_short_circuit_decorator.py
[2023-01-31T10:37:20.199+0000] {logging_mixin.py:137} INFO - [2023-01-31T10:37:20.199+0000] {dag.py:2690} INFO - Sync 1 DAGs
[2023-01-31T10:37:20.228+0000] {logging_mixin.py:137} INFO - [2023-01-31T10:37:20.228+0000] {dag.py:3441} INFO - Setting next_dagrun for example_short_circuit_decorator to 2023-01-30T10:37:20.228205+00:00, run_after=2023-01-31T10:37:20.228205+00:00
[2023-01-31T10:37:20.265+0000] {processor.py:175} INFO - Processing /home/airflow/.local/lib/python3.7/site-packages/airflow/example_dags/example_short_circuit_decorator.py took 0.175 seconds
[2023-01-31T10:37:51.410+0000] {processor.py:153} INFO - Started process (PID=3655) to work on /home/airflow/.local/lib/python3.7/site-packages/airflow/example_dags/example_short_circuit_decorator.py
[2023-01-31T10:37:51.453+0000] {processor.py:743} INFO - Processing file /home/airflow/.local/lib/python3.7/site-packages/airflow/example_dags/example_short_circuit_decorator.py for tasks to queue
[2023-01-31T10:37:51.482+0000] {logging_mixin.py:137} INFO - [2023-01-31T10:37:51.482+0000] {dagbag.py:538} INFO - Filling up the DagBag from /home/airflow/.local/lib/python3.7/site-packages/airflow/example_dags/example_short_circuit_decorator.py
[2023-01-31T10:37:51.796+0000] {processor.py:753} INFO - DAG(s) dict_keys(['example_short_circuit_decorator']) retrieved from /home/airflow/.local/lib/python3.7/site-packages/airflow/example_dags/example_short_circuit_decorator.py
[2023-01-31T10:37:52.108+0000] {logging_mixin.py:137} INFO - [2023-01-31T10:37:52.107+0000] {dag.py:2690} INFO - Sync 1 DAGs
[2023-01-31T10:37:52.228+0000] {logging_mixin.py:137} INFO - [2023-01-31T10:37:52.228+0000] {dag.py:3441} INFO - Setting next_dagrun for example_short_circuit_decorator to 2023-01-30T10:37:52.214952+00:00, run_after=2023-01-31T10:37:52.214952+00:00
[2023-01-31T10:37:52.299+0000] {processor.py:175} INFO - Processing /home/airflow/.local/lib/python3.7/site-packages/airflow/example_dags/example_short_circuit_decorator.py took 0.896 seconds
[2023-01-31T10:38:22.503+0000] {processor.py:153} INFO - Started process (PID=3733) to work on /home/airflow/.local/lib/python3.7/site-packages/airflow/example_dags/example_short_circuit_decorator.py
[2023-01-31T10:38:22.507+0000] {processor.py:743} INFO - Processing file /home/airflow/.local/lib/python3.7/site-packages/airflow/example_dags/example_short_circuit_decorator.py for tasks to queue
[2023-01-31T10:38:22.510+0000] {logging_mixin.py:137} INFO - [2023-01-31T10:38:22.510+0000] {dagbag.py:538} INFO - Filling up the DagBag from /home/airflow/.local/lib/python3.7/site-packages/airflow/example_dags/example_short_circuit_decorator.py
[2023-01-31T10:38:22.542+0000] {processor.py:753} INFO - DAG(s) dict_keys(['example_short_circuit_decorator']) retrieved from /home/airflow/.local/lib/python3.7/site-packages/airflow/example_dags/example_short_circuit_decorator.py
[2023-01-31T10:38:22.585+0000] {logging_mixin.py:137} INFO - [2023-01-31T10:38:22.585+0000] {dag.py:2690} INFO - Sync 1 DAGs
[2023-01-31T10:38:22.625+0000] {logging_mixin.py:137} INFO - [2023-01-31T10:38:22.625+0000] {dag.py:3441} INFO - Setting next_dagrun for example_short_circuit_decorator to 2023-01-30T10:38:22.625420+00:00, run_after=2023-01-31T10:38:22.625420+00:00
[2023-01-31T10:38:22.648+0000] {processor.py:175} INFO - Processing /home/airflow/.local/lib/python3.7/site-packages/airflow/example_dags/example_short_circuit_decorator.py took 0.150 seconds
[2023-01-31T10:38:52.855+0000] {processor.py:153} INFO - Started process (PID=3816) to work on /home/airflow/.local/lib/python3.7/site-packages/airflow/example_dags/example_short_circuit_decorator.py
[2023-01-31T10:38:52.858+0000] {processor.py:743} INFO - Processing file /home/airflow/.local/lib/python3.7/site-packages/airflow/example_dags/example_short_circuit_decorator.py for tasks to queue
[2023-01-31T10:38:52.859+0000] {logging_mixin.py:137} INFO - [2023-01-31T10:38:52.859+0000] {dagbag.py:538} INFO - Filling up the DagBag from /home/airflow/.local/lib/python3.7/site-packages/airflow/example_dags/example_short_circuit_decorator.py
[2023-01-31T10:38:52.892+0000] {processor.py:753} INFO - DAG(s) dict_keys(['example_short_circuit_decorator']) retrieved from /home/airflow/.local/lib/python3.7/site-packages/airflow/example_dags/example_short_circuit_decorator.py
[2023-01-31T10:38:52.989+0000] {logging_mixin.py:137} INFO - [2023-01-31T10:38:52.989+0000] {dag.py:2690} INFO - Sync 1 DAGs
[2023-01-31T10:38:53.063+0000] {logging_mixin.py:137} INFO - [2023-01-31T10:38:53.063+0000] {dag.py:3441} INFO - Setting next_dagrun for example_short_circuit_decorator to 2023-01-30T10:38:53.063330+00:00, run_after=2023-01-31T10:38:53.063330+00:00
[2023-01-31T10:38:53.096+0000] {processor.py:175} INFO - Processing /home/airflow/.local/lib/python3.7/site-packages/airflow/example_dags/example_short_circuit_decorator.py took 0.248 seconds
[2023-01-31T10:39:23.606+0000] {processor.py:153} INFO - Started process (PID=3895) to work on /home/airflow/.local/lib/python3.7/site-packages/airflow/example_dags/example_short_circuit_decorator.py
[2023-01-31T10:39:23.610+0000] {processor.py:743} INFO - Processing file /home/airflow/.local/lib/python3.7/site-packages/airflow/example_dags/example_short_circuit_decorator.py for tasks to queue
[2023-01-31T10:39:23.612+0000] {logging_mixin.py:137} INFO - [2023-01-31T10:39:23.612+0000] {dagbag.py:538} INFO - Filling up the DagBag from /home/airflow/.local/lib/python3.7/site-packages/airflow/example_dags/example_short_circuit_decorator.py
[2023-01-31T10:39:23.659+0000] {processor.py:753} INFO - DAG(s) dict_keys(['example_short_circuit_decorator']) retrieved from /home/airflow/.local/lib/python3.7/site-packages/airflow/example_dags/example_short_circuit_decorator.py
[2023-01-31T10:39:23.738+0000] {logging_mixin.py:137} INFO - [2023-01-31T10:39:23.738+0000] {dag.py:2690} INFO - Sync 1 DAGs
[2023-01-31T10:39:23.764+0000] {logging_mixin.py:137} INFO - [2023-01-31T10:39:23.764+0000] {dag.py:3441} INFO - Setting next_dagrun for example_short_circuit_decorator to 2023-01-30T10:39:23.764461+00:00, run_after=2023-01-31T10:39:23.764461+00:00
[2023-01-31T10:39:23.785+0000] {processor.py:175} INFO - Processing /home/airflow/.local/lib/python3.7/site-packages/airflow/example_dags/example_short_circuit_decorator.py took 0.188 seconds
[2023-01-31T10:39:53.924+0000] {processor.py:153} INFO - Started process (PID=3974) to work on /home/airflow/.local/lib/python3.7/site-packages/airflow/example_dags/example_short_circuit_decorator.py
[2023-01-31T10:39:53.927+0000] {processor.py:743} INFO - Processing file /home/airflow/.local/lib/python3.7/site-packages/airflow/example_dags/example_short_circuit_decorator.py for tasks to queue
[2023-01-31T10:39:53.929+0000] {logging_mixin.py:137} INFO - [2023-01-31T10:39:53.929+0000] {dagbag.py:538} INFO - Filling up the DagBag from /home/airflow/.local/lib/python3.7/site-packages/airflow/example_dags/example_short_circuit_decorator.py
[2023-01-31T10:39:53.960+0000] {processor.py:753} INFO - DAG(s) dict_keys(['example_short_circuit_decorator']) retrieved from /home/airflow/.local/lib/python3.7/site-packages/airflow/example_dags/example_short_circuit_decorator.py
[2023-01-31T10:39:54.001+0000] {logging_mixin.py:137} INFO - [2023-01-31T10:39:54.000+0000] {dag.py:2690} INFO - Sync 1 DAGs
[2023-01-31T10:39:54.019+0000] {logging_mixin.py:137} INFO - [2023-01-31T10:39:54.019+0000] {dag.py:3441} INFO - Setting next_dagrun for example_short_circuit_decorator to 2023-01-30T10:39:54.019509+00:00, run_after=2023-01-31T10:39:54.019509+00:00
[2023-01-31T10:39:54.037+0000] {processor.py:175} INFO - Processing /home/airflow/.local/lib/python3.7/site-packages/airflow/example_dags/example_short_circuit_decorator.py took 0.121 seconds
[2023-01-31T10:40:24.261+0000] {processor.py:153} INFO - Started process (PID=4053) to work on /home/airflow/.local/lib/python3.7/site-packages/airflow/example_dags/example_short_circuit_decorator.py
[2023-01-31T10:40:24.263+0000] {processor.py:743} INFO - Processing file /home/airflow/.local/lib/python3.7/site-packages/airflow/example_dags/example_short_circuit_decorator.py for tasks to queue
[2023-01-31T10:40:24.264+0000] {logging_mixin.py:137} INFO - [2023-01-31T10:40:24.263+0000] {dagbag.py:538} INFO - Filling up the DagBag from /home/airflow/.local/lib/python3.7/site-packages/airflow/example_dags/example_short_circuit_decorator.py
[2023-01-31T10:40:24.286+0000] {processor.py:753} INFO - DAG(s) dict_keys(['example_short_circuit_decorator']) retrieved from /home/airflow/.local/lib/python3.7/site-packages/airflow/example_dags/example_short_circuit_decorator.py
[2023-01-31T10:40:24.315+0000] {logging_mixin.py:137} INFO - [2023-01-31T10:40:24.315+0000] {dag.py:2690} INFO - Sync 1 DAGs
[2023-01-31T10:40:24.337+0000] {logging_mixin.py:137} INFO - [2023-01-31T10:40:24.337+0000] {dag.py:3441} INFO - Setting next_dagrun for example_short_circuit_decorator to 2023-01-30T10:40:24.337257+00:00, run_after=2023-01-31T10:40:24.337257+00:00
[2023-01-31T10:40:24.354+0000] {processor.py:175} INFO - Processing /home/airflow/.local/lib/python3.7/site-packages/airflow/example_dags/example_short_circuit_decorator.py took 0.097 seconds
[2023-01-31T10:40:55.091+0000] {processor.py:153} INFO - Started process (PID=4131) to work on /home/airflow/.local/lib/python3.7/site-packages/airflow/example_dags/example_short_circuit_decorator.py
[2023-01-31T10:40:55.099+0000] {processor.py:743} INFO - Processing file /home/airflow/.local/lib/python3.7/site-packages/airflow/example_dags/example_short_circuit_decorator.py for tasks to queue
[2023-01-31T10:40:55.101+0000] {logging_mixin.py:137} INFO - [2023-01-31T10:40:55.101+0000] {dagbag.py:538} INFO - Filling up the DagBag from /home/airflow/.local/lib/python3.7/site-packages/airflow/example_dags/example_short_circuit_decorator.py
[2023-01-31T10:40:55.128+0000] {processor.py:753} INFO - DAG(s) dict_keys(['example_short_circuit_decorator']) retrieved from /home/airflow/.local/lib/python3.7/site-packages/airflow/example_dags/example_short_circuit_decorator.py
[2023-01-31T10:40:55.169+0000] {logging_mixin.py:137} INFO - [2023-01-31T10:40:55.169+0000] {dag.py:2690} INFO - Sync 1 DAGs
[2023-01-31T10:40:55.196+0000] {logging_mixin.py:137} INFO - [2023-01-31T10:40:55.196+0000] {dag.py:3441} INFO - Setting next_dagrun for example_short_circuit_decorator to 2023-01-30T10:40:55.196159+00:00, run_after=2023-01-31T10:40:55.196159+00:00
[2023-01-31T10:40:55.224+0000] {processor.py:175} INFO - Processing /home/airflow/.local/lib/python3.7/site-packages/airflow/example_dags/example_short_circuit_decorator.py took 0.137 seconds
[2023-01-31T10:41:27.259+0000] {processor.py:153} INFO - Started process (PID=4210) to work on /home/airflow/.local/lib/python3.7/site-packages/airflow/example_dags/example_short_circuit_decorator.py
[2023-01-31T10:41:27.265+0000] {processor.py:743} INFO - Processing file /home/airflow/.local/lib/python3.7/site-packages/airflow/example_dags/example_short_circuit_decorator.py for tasks to queue
[2023-01-31T10:41:27.267+0000] {logging_mixin.py:137} INFO - [2023-01-31T10:41:27.267+0000] {dagbag.py:538} INFO - Filling up the DagBag from /home/airflow/.local/lib/python3.7/site-packages/airflow/example_dags/example_short_circuit_decorator.py
[2023-01-31T10:41:27.292+0000] {processor.py:753} INFO - DAG(s) dict_keys(['example_short_circuit_decorator']) retrieved from /home/airflow/.local/lib/python3.7/site-packages/airflow/example_dags/example_short_circuit_decorator.py
[2023-01-31T10:41:27.320+0000] {logging_mixin.py:137} INFO - [2023-01-31T10:41:27.320+0000] {dag.py:2690} INFO - Sync 1 DAGs
[2023-01-31T10:41:27.340+0000] {logging_mixin.py:137} INFO - [2023-01-31T10:41:27.340+0000] {dag.py:3441} INFO - Setting next_dagrun for example_short_circuit_decorator to 2023-01-30T10:41:27.339806+00:00, run_after=2023-01-31T10:41:27.339806+00:00
[2023-01-31T10:41:27.379+0000] {processor.py:175} INFO - Processing /home/airflow/.local/lib/python3.7/site-packages/airflow/example_dags/example_short_circuit_decorator.py took 0.125 seconds
[2023-01-31T10:42:02.023+0000] {processor.py:153} INFO - Started process (PID=4306) to work on /home/airflow/.local/lib/python3.7/site-packages/airflow/example_dags/example_short_circuit_decorator.py
[2023-01-31T10:42:02.027+0000] {processor.py:743} INFO - Processing file /home/airflow/.local/lib/python3.7/site-packages/airflow/example_dags/example_short_circuit_decorator.py for tasks to queue
[2023-01-31T10:42:02.030+0000] {logging_mixin.py:137} INFO - [2023-01-31T10:42:02.030+0000] {dagbag.py:538} INFO - Filling up the DagBag from /home/airflow/.local/lib/python3.7/site-packages/airflow/example_dags/example_short_circuit_decorator.py
[2023-01-31T10:42:02.075+0000] {processor.py:753} INFO - DAG(s) dict_keys(['example_short_circuit_decorator']) retrieved from /home/airflow/.local/lib/python3.7/site-packages/airflow/example_dags/example_short_circuit_decorator.py
[2023-01-31T10:42:02.129+0000] {logging_mixin.py:137} INFO - [2023-01-31T10:42:02.129+0000] {dag.py:2690} INFO - Sync 1 DAGs
[2023-01-31T10:42:02.159+0000] {logging_mixin.py:137} INFO - [2023-01-31T10:42:02.159+0000] {dag.py:3441} INFO - Setting next_dagrun for example_short_circuit_decorator to 2023-01-30T10:42:02.158768+00:00, run_after=2023-01-31T10:42:02.158768+00:00
[2023-01-31T10:42:02.199+0000] {processor.py:175} INFO - Processing /home/airflow/.local/lib/python3.7/site-packages/airflow/example_dags/example_short_circuit_decorator.py took 0.184 seconds
[2023-01-31T10:42:35.511+0000] {processor.py:153} INFO - Started process (PID=4386) to work on /home/airflow/.local/lib/python3.7/site-packages/airflow/example_dags/example_short_circuit_decorator.py
[2023-01-31T10:42:35.513+0000] {processor.py:743} INFO - Processing file /home/airflow/.local/lib/python3.7/site-packages/airflow/example_dags/example_short_circuit_decorator.py for tasks to queue
[2023-01-31T10:42:35.514+0000] {logging_mixin.py:137} INFO - [2023-01-31T10:42:35.514+0000] {dagbag.py:538} INFO - Filling up the DagBag from /home/airflow/.local/lib/python3.7/site-packages/airflow/example_dags/example_short_circuit_decorator.py
[2023-01-31T10:42:35.569+0000] {processor.py:753} INFO - DAG(s) dict_keys(['example_short_circuit_decorator']) retrieved from /home/airflow/.local/lib/python3.7/site-packages/airflow/example_dags/example_short_circuit_decorator.py
[2023-01-31T10:42:35.735+0000] {logging_mixin.py:137} INFO - [2023-01-31T10:42:35.735+0000] {dag.py:2690} INFO - Sync 1 DAGs
[2023-01-31T10:42:35.804+0000] {logging_mixin.py:137} INFO - [2023-01-31T10:42:35.804+0000] {dag.py:3441} INFO - Setting next_dagrun for example_short_circuit_decorator to 2023-01-30T10:42:35.803107+00:00, run_after=2023-01-31T10:42:35.803107+00:00
[2023-01-31T10:42:35.886+0000] {processor.py:175} INFO - Processing /home/airflow/.local/lib/python3.7/site-packages/airflow/example_dags/example_short_circuit_decorator.py took 0.379 seconds
[2023-01-31T10:43:08.699+0000] {processor.py:153} INFO - Started process (PID=4479) to work on /home/airflow/.local/lib/python3.7/site-packages/airflow/example_dags/example_short_circuit_decorator.py
[2023-01-31T10:43:08.704+0000] {processor.py:743} INFO - Processing file /home/airflow/.local/lib/python3.7/site-packages/airflow/example_dags/example_short_circuit_decorator.py for tasks to queue
[2023-01-31T10:43:08.707+0000] {logging_mixin.py:137} INFO - [2023-01-31T10:43:08.707+0000] {dagbag.py:538} INFO - Filling up the DagBag from /home/airflow/.local/lib/python3.7/site-packages/airflow/example_dags/example_short_circuit_decorator.py
[2023-01-31T10:43:08.770+0000] {processor.py:753} INFO - DAG(s) dict_keys(['example_short_circuit_decorator']) retrieved from /home/airflow/.local/lib/python3.7/site-packages/airflow/example_dags/example_short_circuit_decorator.py
[2023-01-31T10:43:08.966+0000] {logging_mixin.py:137} INFO - [2023-01-31T10:43:08.966+0000] {dag.py:2690} INFO - Sync 1 DAGs
[2023-01-31T10:43:09.049+0000] {logging_mixin.py:137} INFO - [2023-01-31T10:43:09.049+0000] {dag.py:3441} INFO - Setting next_dagrun for example_short_circuit_decorator to 2023-01-30T10:43:09.048747+00:00, run_after=2023-01-31T10:43:09.048747+00:00
[2023-01-31T10:43:09.286+0000] {processor.py:175} INFO - Processing /home/airflow/.local/lib/python3.7/site-packages/airflow/example_dags/example_short_circuit_decorator.py took 0.647 seconds
[2023-01-31T10:43:40.003+0000] {processor.py:153} INFO - Started process (PID=4557) to work on /home/airflow/.local/lib/python3.7/site-packages/airflow/example_dags/example_short_circuit_decorator.py
[2023-01-31T10:43:40.013+0000] {processor.py:743} INFO - Processing file /home/airflow/.local/lib/python3.7/site-packages/airflow/example_dags/example_short_circuit_decorator.py for tasks to queue
[2023-01-31T10:43:40.017+0000] {logging_mixin.py:137} INFO - [2023-01-31T10:43:40.017+0000] {dagbag.py:538} INFO - Filling up the DagBag from /home/airflow/.local/lib/python3.7/site-packages/airflow/example_dags/example_short_circuit_decorator.py
[2023-01-31T10:43:40.140+0000] {processor.py:753} INFO - DAG(s) dict_keys(['example_short_circuit_decorator']) retrieved from /home/airflow/.local/lib/python3.7/site-packages/airflow/example_dags/example_short_circuit_decorator.py
[2023-01-31T10:43:40.255+0000] {logging_mixin.py:137} INFO - [2023-01-31T10:43:40.255+0000] {dag.py:2690} INFO - Sync 1 DAGs
[2023-01-31T10:43:40.349+0000] {logging_mixin.py:137} INFO - [2023-01-31T10:43:40.349+0000] {dag.py:3441} INFO - Setting next_dagrun for example_short_circuit_decorator to 2023-01-30T10:43:40.349116+00:00, run_after=2023-01-31T10:43:40.349116+00:00
[2023-01-31T10:43:40.459+0000] {processor.py:175} INFO - Processing /home/airflow/.local/lib/python3.7/site-packages/airflow/example_dags/example_short_circuit_decorator.py took 0.500 seconds
