[2023-01-31T10:15:34.337+0000] {processor.py:153} INFO - Started process (PID=88) to work on /home/airflow/.local/lib/python3.7/site-packages/airflow/example_dags/example_branch_operator_decorator.py
[2023-01-31T10:15:34.350+0000] {processor.py:743} INFO - Processing file /home/airflow/.local/lib/python3.7/site-packages/airflow/example_dags/example_branch_operator_decorator.py for tasks to queue
[2023-01-31T10:15:34.363+0000] {logging_mixin.py:137} INFO - [2023-01-31T10:15:34.363+0000] {dagbag.py:538} INFO - Filling up the DagBag from /home/airflow/.local/lib/python3.7/site-packages/airflow/example_dags/example_branch_operator_decorator.py
[2023-01-31T10:15:34.460+0000] {processor.py:753} INFO - DAG(s) dict_keys(['example_branch_python_operator_decorator']) retrieved from /home/airflow/.local/lib/python3.7/site-packages/airflow/example_dags/example_branch_operator_decorator.py
[2023-01-31T10:15:34.519+0000] {logging_mixin.py:137} INFO - [2023-01-31T10:15:34.519+0000] {dag.py:2690} INFO - Sync 1 DAGs
[2023-01-31T10:15:34.617+0000] {logging_mixin.py:137} INFO - [2023-01-31T10:15:34.617+0000] {dag.py:3441} INFO - Setting next_dagrun for example_branch_python_operator_decorator to 2023-01-30T00:00:00+00:00, run_after=2023-01-31T00:00:00+00:00
[2023-01-31T10:15:34.711+0000] {processor.py:175} INFO - Processing /home/airflow/.local/lib/python3.7/site-packages/airflow/example_dags/example_branch_operator_decorator.py took 0.379 seconds
[2023-01-31T10:16:04.844+0000] {processor.py:153} INFO - Started process (PID=171) to work on /home/airflow/.local/lib/python3.7/site-packages/airflow/example_dags/example_branch_operator_decorator.py
[2023-01-31T10:16:04.847+0000] {processor.py:743} INFO - Processing file /home/airflow/.local/lib/python3.7/site-packages/airflow/example_dags/example_branch_operator_decorator.py for tasks to queue
[2023-01-31T10:16:04.851+0000] {logging_mixin.py:137} INFO - [2023-01-31T10:16:04.851+0000] {dagbag.py:538} INFO - Filling up the DagBag from /home/airflow/.local/lib/python3.7/site-packages/airflow/example_dags/example_branch_operator_decorator.py
[2023-01-31T10:16:04.891+0000] {processor.py:753} INFO - DAG(s) dict_keys(['example_branch_python_operator_decorator']) retrieved from /home/airflow/.local/lib/python3.7/site-packages/airflow/example_dags/example_branch_operator_decorator.py
[2023-01-31T10:16:04.916+0000] {logging_mixin.py:137} INFO - [2023-01-31T10:16:04.916+0000] {dag.py:2690} INFO - Sync 1 DAGs
[2023-01-31T10:16:04.940+0000] {logging_mixin.py:137} INFO - [2023-01-31T10:16:04.939+0000] {dag.py:3441} INFO - Setting next_dagrun for example_branch_python_operator_decorator to 2023-01-30T00:00:00+00:00, run_after=2023-01-31T00:00:00+00:00
[2023-01-31T10:16:04.954+0000] {processor.py:175} INFO - Processing /home/airflow/.local/lib/python3.7/site-packages/airflow/example_dags/example_branch_operator_decorator.py took 0.114 seconds
[2023-01-31T10:16:34.993+0000] {processor.py:153} INFO - Started process (PID=266) to work on /home/airflow/.local/lib/python3.7/site-packages/airflow/example_dags/example_branch_operator_decorator.py
[2023-01-31T10:16:34.995+0000] {processor.py:743} INFO - Processing file /home/airflow/.local/lib/python3.7/site-packages/airflow/example_dags/example_branch_operator_decorator.py for tasks to queue
[2023-01-31T10:16:34.996+0000] {logging_mixin.py:137} INFO - [2023-01-31T10:16:34.996+0000] {dagbag.py:538} INFO - Filling up the DagBag from /home/airflow/.local/lib/python3.7/site-packages/airflow/example_dags/example_branch_operator_decorator.py
[2023-01-31T10:16:35.015+0000] {processor.py:753} INFO - DAG(s) dict_keys(['example_branch_python_operator_decorator']) retrieved from /home/airflow/.local/lib/python3.7/site-packages/airflow/example_dags/example_branch_operator_decorator.py
[2023-01-31T10:16:35.040+0000] {logging_mixin.py:137} INFO - [2023-01-31T10:16:35.039+0000] {dag.py:2690} INFO - Sync 1 DAGs
[2023-01-31T10:16:35.060+0000] {logging_mixin.py:137} INFO - [2023-01-31T10:16:35.059+0000] {dag.py:3441} INFO - Setting next_dagrun for example_branch_python_operator_decorator to 2023-01-30T00:00:00+00:00, run_after=2023-01-31T00:00:00+00:00
[2023-01-31T10:16:35.080+0000] {processor.py:175} INFO - Processing /home/airflow/.local/lib/python3.7/site-packages/airflow/example_dags/example_branch_operator_decorator.py took 0.091 seconds
[2023-01-31T10:17:07.283+0000] {processor.py:153} INFO - Started process (PID=345) to work on /home/airflow/.local/lib/python3.7/site-packages/airflow/example_dags/example_branch_operator_decorator.py
[2023-01-31T10:17:07.285+0000] {processor.py:743} INFO - Processing file /home/airflow/.local/lib/python3.7/site-packages/airflow/example_dags/example_branch_operator_decorator.py for tasks to queue
[2023-01-31T10:17:07.286+0000] {logging_mixin.py:137} INFO - [2023-01-31T10:17:07.286+0000] {dagbag.py:538} INFO - Filling up the DagBag from /home/airflow/.local/lib/python3.7/site-packages/airflow/example_dags/example_branch_operator_decorator.py
[2023-01-31T10:17:07.307+0000] {processor.py:753} INFO - DAG(s) dict_keys(['example_branch_python_operator_decorator']) retrieved from /home/airflow/.local/lib/python3.7/site-packages/airflow/example_dags/example_branch_operator_decorator.py
[2023-01-31T10:17:07.339+0000] {logging_mixin.py:137} INFO - [2023-01-31T10:17:07.338+0000] {dag.py:2690} INFO - Sync 1 DAGs
[2023-01-31T10:17:07.369+0000] {logging_mixin.py:137} INFO - [2023-01-31T10:17:07.369+0000] {dag.py:3441} INFO - Setting next_dagrun for example_branch_python_operator_decorator to 2023-01-30T00:00:00+00:00, run_after=2023-01-31T00:00:00+00:00
[2023-01-31T10:17:07.397+0000] {processor.py:175} INFO - Processing /home/airflow/.local/lib/python3.7/site-packages/airflow/example_dags/example_branch_operator_decorator.py took 0.117 seconds
[2023-01-31T10:17:38.032+0000] {processor.py:153} INFO - Started process (PID=423) to work on /home/airflow/.local/lib/python3.7/site-packages/airflow/example_dags/example_branch_operator_decorator.py
[2023-01-31T10:17:38.033+0000] {processor.py:743} INFO - Processing file /home/airflow/.local/lib/python3.7/site-packages/airflow/example_dags/example_branch_operator_decorator.py for tasks to queue
[2023-01-31T10:17:38.034+0000] {logging_mixin.py:137} INFO - [2023-01-31T10:17:38.034+0000] {dagbag.py:538} INFO - Filling up the DagBag from /home/airflow/.local/lib/python3.7/site-packages/airflow/example_dags/example_branch_operator_decorator.py
[2023-01-31T10:17:38.062+0000] {processor.py:753} INFO - DAG(s) dict_keys(['example_branch_python_operator_decorator']) retrieved from /home/airflow/.local/lib/python3.7/site-packages/airflow/example_dags/example_branch_operator_decorator.py
[2023-01-31T10:17:38.112+0000] {logging_mixin.py:137} INFO - [2023-01-31T10:17:38.112+0000] {dag.py:2690} INFO - Sync 1 DAGs
[2023-01-31T10:17:38.134+0000] {logging_mixin.py:137} INFO - [2023-01-31T10:17:38.133+0000] {dag.py:3441} INFO - Setting next_dagrun for example_branch_python_operator_decorator to 2023-01-30T00:00:00+00:00, run_after=2023-01-31T00:00:00+00:00
[2023-01-31T10:17:38.152+0000] {processor.py:175} INFO - Processing /home/airflow/.local/lib/python3.7/site-packages/airflow/example_dags/example_branch_operator_decorator.py took 0.125 seconds
[2023-01-31T10:18:09.537+0000] {processor.py:153} INFO - Started process (PID=502) to work on /home/airflow/.local/lib/python3.7/site-packages/airflow/example_dags/example_branch_operator_decorator.py
[2023-01-31T10:18:09.551+0000] {processor.py:743} INFO - Processing file /home/airflow/.local/lib/python3.7/site-packages/airflow/example_dags/example_branch_operator_decorator.py for tasks to queue
[2023-01-31T10:18:09.555+0000] {logging_mixin.py:137} INFO - [2023-01-31T10:18:09.555+0000] {dagbag.py:538} INFO - Filling up the DagBag from /home/airflow/.local/lib/python3.7/site-packages/airflow/example_dags/example_branch_operator_decorator.py
[2023-01-31T10:18:09.581+0000] {processor.py:753} INFO - DAG(s) dict_keys(['example_branch_python_operator_decorator']) retrieved from /home/airflow/.local/lib/python3.7/site-packages/airflow/example_dags/example_branch_operator_decorator.py
[2023-01-31T10:18:09.636+0000] {logging_mixin.py:137} INFO - [2023-01-31T10:18:09.636+0000] {dag.py:2690} INFO - Sync 1 DAGs
[2023-01-31T10:18:09.744+0000] {logging_mixin.py:137} INFO - [2023-01-31T10:18:09.744+0000] {dag.py:3441} INFO - Setting next_dagrun for example_branch_python_operator_decorator to 2023-01-30T00:00:00+00:00, run_after=2023-01-31T00:00:00+00:00
[2023-01-31T10:18:09.804+0000] {processor.py:175} INFO - Processing /home/airflow/.local/lib/python3.7/site-packages/airflow/example_dags/example_branch_operator_decorator.py took 0.270 seconds
[2023-01-31T10:18:44.055+0000] {processor.py:153} INFO - Started process (PID=581) to work on /home/airflow/.local/lib/python3.7/site-packages/airflow/example_dags/example_branch_operator_decorator.py
[2023-01-31T10:18:44.059+0000] {processor.py:743} INFO - Processing file /home/airflow/.local/lib/python3.7/site-packages/airflow/example_dags/example_branch_operator_decorator.py for tasks to queue
[2023-01-31T10:18:44.063+0000] {logging_mixin.py:137} INFO - [2023-01-31T10:18:44.062+0000] {dagbag.py:538} INFO - Filling up the DagBag from /home/airflow/.local/lib/python3.7/site-packages/airflow/example_dags/example_branch_operator_decorator.py
[2023-01-31T10:18:44.096+0000] {processor.py:753} INFO - DAG(s) dict_keys(['example_branch_python_operator_decorator']) retrieved from /home/airflow/.local/lib/python3.7/site-packages/airflow/example_dags/example_branch_operator_decorator.py
[2023-01-31T10:18:44.140+0000] {logging_mixin.py:137} INFO - [2023-01-31T10:18:44.140+0000] {dag.py:2690} INFO - Sync 1 DAGs
[2023-01-31T10:18:44.175+0000] {logging_mixin.py:137} INFO - [2023-01-31T10:18:44.175+0000] {dag.py:3441} INFO - Setting next_dagrun for example_branch_python_operator_decorator to 2023-01-30T00:00:00+00:00, run_after=2023-01-31T00:00:00+00:00
[2023-01-31T10:18:44.222+0000] {processor.py:175} INFO - Processing /home/airflow/.local/lib/python3.7/site-packages/airflow/example_dags/example_branch_operator_decorator.py took 0.173 seconds
[2023-01-31T10:19:15.097+0000] {processor.py:153} INFO - Started process (PID=664) to work on /home/airflow/.local/lib/python3.7/site-packages/airflow/example_dags/example_branch_operator_decorator.py
[2023-01-31T10:19:15.099+0000] {processor.py:743} INFO - Processing file /home/airflow/.local/lib/python3.7/site-packages/airflow/example_dags/example_branch_operator_decorator.py for tasks to queue
[2023-01-31T10:19:15.100+0000] {logging_mixin.py:137} INFO - [2023-01-31T10:19:15.100+0000] {dagbag.py:538} INFO - Filling up the DagBag from /home/airflow/.local/lib/python3.7/site-packages/airflow/example_dags/example_branch_operator_decorator.py
[2023-01-31T10:19:15.136+0000] {processor.py:753} INFO - DAG(s) dict_keys(['example_branch_python_operator_decorator']) retrieved from /home/airflow/.local/lib/python3.7/site-packages/airflow/example_dags/example_branch_operator_decorator.py
[2023-01-31T10:19:15.235+0000] {logging_mixin.py:137} INFO - [2023-01-31T10:19:15.233+0000] {dag.py:2690} INFO - Sync 1 DAGs
[2023-01-31T10:19:15.373+0000] {logging_mixin.py:137} INFO - [2023-01-31T10:19:15.373+0000] {dag.py:3441} INFO - Setting next_dagrun for example_branch_python_operator_decorator to 2023-01-30T00:00:00+00:00, run_after=2023-01-31T00:00:00+00:00
[2023-01-31T10:19:15.583+0000] {processor.py:175} INFO - Processing /home/airflow/.local/lib/python3.7/site-packages/airflow/example_dags/example_branch_operator_decorator.py took 0.494 seconds
[2023-01-31T10:19:46.606+0000] {processor.py:153} INFO - Started process (PID=750) to work on /home/airflow/.local/lib/python3.7/site-packages/airflow/example_dags/example_branch_operator_decorator.py
[2023-01-31T10:19:46.618+0000] {processor.py:743} INFO - Processing file /home/airflow/.local/lib/python3.7/site-packages/airflow/example_dags/example_branch_operator_decorator.py for tasks to queue
[2023-01-31T10:19:46.625+0000] {logging_mixin.py:137} INFO - [2023-01-31T10:19:46.624+0000] {dagbag.py:538} INFO - Filling up the DagBag from /home/airflow/.local/lib/python3.7/site-packages/airflow/example_dags/example_branch_operator_decorator.py
[2023-01-31T10:19:46.728+0000] {processor.py:753} INFO - DAG(s) dict_keys(['example_branch_python_operator_decorator']) retrieved from /home/airflow/.local/lib/python3.7/site-packages/airflow/example_dags/example_branch_operator_decorator.py
[2023-01-31T10:19:46.908+0000] {logging_mixin.py:137} INFO - [2023-01-31T10:19:46.908+0000] {dag.py:2690} INFO - Sync 1 DAGs
[2023-01-31T10:19:46.958+0000] {logging_mixin.py:137} INFO - [2023-01-31T10:19:46.958+0000] {dag.py:3441} INFO - Setting next_dagrun for example_branch_python_operator_decorator to 2023-01-30T00:00:00+00:00, run_after=2023-01-31T00:00:00+00:00
[2023-01-31T10:19:47.001+0000] {processor.py:175} INFO - Processing /home/airflow/.local/lib/python3.7/site-packages/airflow/example_dags/example_branch_operator_decorator.py took 0.407 seconds
[2023-01-31T10:20:20.316+0000] {processor.py:153} INFO - Started process (PID=841) to work on /home/airflow/.local/lib/python3.7/site-packages/airflow/example_dags/example_branch_operator_decorator.py
[2023-01-31T10:20:20.327+0000] {processor.py:743} INFO - Processing file /home/airflow/.local/lib/python3.7/site-packages/airflow/example_dags/example_branch_operator_decorator.py for tasks to queue
[2023-01-31T10:20:20.344+0000] {logging_mixin.py:137} INFO - [2023-01-31T10:20:20.343+0000] {dagbag.py:538} INFO - Filling up the DagBag from /home/airflow/.local/lib/python3.7/site-packages/airflow/example_dags/example_branch_operator_decorator.py
[2023-01-31T10:20:20.538+0000] {processor.py:753} INFO - DAG(s) dict_keys(['example_branch_python_operator_decorator']) retrieved from /home/airflow/.local/lib/python3.7/site-packages/airflow/example_dags/example_branch_operator_decorator.py
[2023-01-31T10:20:20.731+0000] {logging_mixin.py:137} INFO - [2023-01-31T10:20:20.731+0000] {dag.py:2690} INFO - Sync 1 DAGs
[2023-01-31T10:20:20.798+0000] {logging_mixin.py:137} INFO - [2023-01-31T10:20:20.797+0000] {dag.py:3441} INFO - Setting next_dagrun for example_branch_python_operator_decorator to 2023-01-30T00:00:00+00:00, run_after=2023-01-31T00:00:00+00:00
[2023-01-31T10:20:20.823+0000] {processor.py:175} INFO - Processing /home/airflow/.local/lib/python3.7/site-packages/airflow/example_dags/example_branch_operator_decorator.py took 0.529 seconds
[2023-01-31T10:20:51.611+0000] {processor.py:153} INFO - Started process (PID=920) to work on /home/airflow/.local/lib/python3.7/site-packages/airflow/example_dags/example_branch_operator_decorator.py
[2023-01-31T10:20:51.624+0000] {processor.py:743} INFO - Processing file /home/airflow/.local/lib/python3.7/site-packages/airflow/example_dags/example_branch_operator_decorator.py for tasks to queue
[2023-01-31T10:20:51.628+0000] {logging_mixin.py:137} INFO - [2023-01-31T10:20:51.628+0000] {dagbag.py:538} INFO - Filling up the DagBag from /home/airflow/.local/lib/python3.7/site-packages/airflow/example_dags/example_branch_operator_decorator.py
[2023-01-31T10:20:51.711+0000] {processor.py:753} INFO - DAG(s) dict_keys(['example_branch_python_operator_decorator']) retrieved from /home/airflow/.local/lib/python3.7/site-packages/airflow/example_dags/example_branch_operator_decorator.py
[2023-01-31T10:20:51.809+0000] {logging_mixin.py:137} INFO - [2023-01-31T10:20:51.809+0000] {dag.py:2690} INFO - Sync 1 DAGs
[2023-01-31T10:20:51.839+0000] {logging_mixin.py:137} INFO - [2023-01-31T10:20:51.839+0000] {dag.py:3441} INFO - Setting next_dagrun for example_branch_python_operator_decorator to 2023-01-30T00:00:00+00:00, run_after=2023-01-31T00:00:00+00:00
[2023-01-31T10:20:51.868+0000] {processor.py:175} INFO - Processing /home/airflow/.local/lib/python3.7/site-packages/airflow/example_dags/example_branch_operator_decorator.py took 0.279 seconds
[2023-01-31T10:21:22.502+0000] {processor.py:153} INFO - Started process (PID=1015) to work on /home/airflow/.local/lib/python3.7/site-packages/airflow/example_dags/example_branch_operator_decorator.py
[2023-01-31T10:21:22.510+0000] {processor.py:743} INFO - Processing file /home/airflow/.local/lib/python3.7/site-packages/airflow/example_dags/example_branch_operator_decorator.py for tasks to queue
[2023-01-31T10:21:22.521+0000] {logging_mixin.py:137} INFO - [2023-01-31T10:21:22.521+0000] {dagbag.py:538} INFO - Filling up the DagBag from /home/airflow/.local/lib/python3.7/site-packages/airflow/example_dags/example_branch_operator_decorator.py
[2023-01-31T10:21:22.563+0000] {processor.py:753} INFO - DAG(s) dict_keys(['example_branch_python_operator_decorator']) retrieved from /home/airflow/.local/lib/python3.7/site-packages/airflow/example_dags/example_branch_operator_decorator.py
[2023-01-31T10:21:22.708+0000] {logging_mixin.py:137} INFO - [2023-01-31T10:21:22.708+0000] {dag.py:2690} INFO - Sync 1 DAGs
[2023-01-31T10:21:22.766+0000] {logging_mixin.py:137} INFO - [2023-01-31T10:21:22.766+0000] {dag.py:3441} INFO - Setting next_dagrun for example_branch_python_operator_decorator to 2023-01-30T00:00:00+00:00, run_after=2023-01-31T00:00:00+00:00
[2023-01-31T10:21:22.860+0000] {processor.py:175} INFO - Processing /home/airflow/.local/lib/python3.7/site-packages/airflow/example_dags/example_branch_operator_decorator.py took 0.365 seconds
[2023-01-31T10:21:53.022+0000] {processor.py:153} INFO - Started process (PID=1084) to work on /home/airflow/.local/lib/python3.7/site-packages/airflow/example_dags/example_branch_operator_decorator.py
[2023-01-31T10:21:53.023+0000] {processor.py:743} INFO - Processing file /home/airflow/.local/lib/python3.7/site-packages/airflow/example_dags/example_branch_operator_decorator.py for tasks to queue
[2023-01-31T10:21:53.025+0000] {logging_mixin.py:137} INFO - [2023-01-31T10:21:53.024+0000] {dagbag.py:538} INFO - Filling up the DagBag from /home/airflow/.local/lib/python3.7/site-packages/airflow/example_dags/example_branch_operator_decorator.py
[2023-01-31T10:21:53.056+0000] {processor.py:753} INFO - DAG(s) dict_keys(['example_branch_python_operator_decorator']) retrieved from /home/airflow/.local/lib/python3.7/site-packages/airflow/example_dags/example_branch_operator_decorator.py
[2023-01-31T10:21:53.097+0000] {logging_mixin.py:137} INFO - [2023-01-31T10:21:53.097+0000] {dag.py:2690} INFO - Sync 1 DAGs
[2023-01-31T10:21:53.116+0000] {logging_mixin.py:137} INFO - [2023-01-31T10:21:53.116+0000] {dag.py:3441} INFO - Setting next_dagrun for example_branch_python_operator_decorator to 2023-01-30T00:00:00+00:00, run_after=2023-01-31T00:00:00+00:00
[2023-01-31T10:21:53.140+0000] {processor.py:175} INFO - Processing /home/airflow/.local/lib/python3.7/site-packages/airflow/example_dags/example_branch_operator_decorator.py took 0.121 seconds
[2023-01-31T10:22:25.634+0000] {processor.py:153} INFO - Started process (PID=1172) to work on /home/airflow/.local/lib/python3.7/site-packages/airflow/example_dags/example_branch_operator_decorator.py
[2023-01-31T10:22:25.637+0000] {processor.py:743} INFO - Processing file /home/airflow/.local/lib/python3.7/site-packages/airflow/example_dags/example_branch_operator_decorator.py for tasks to queue
[2023-01-31T10:22:25.638+0000] {logging_mixin.py:137} INFO - [2023-01-31T10:22:25.638+0000] {dagbag.py:538} INFO - Filling up the DagBag from /home/airflow/.local/lib/python3.7/site-packages/airflow/example_dags/example_branch_operator_decorator.py
[2023-01-31T10:22:25.704+0000] {processor.py:753} INFO - DAG(s) dict_keys(['example_branch_python_operator_decorator']) retrieved from /home/airflow/.local/lib/python3.7/site-packages/airflow/example_dags/example_branch_operator_decorator.py
[2023-01-31T10:22:26.023+0000] {logging_mixin.py:137} INFO - [2023-01-31T10:22:26.020+0000] {dag.py:2690} INFO - Sync 1 DAGs
[2023-01-31T10:22:26.106+0000] {logging_mixin.py:137} INFO - [2023-01-31T10:22:26.106+0000] {dag.py:3441} INFO - Setting next_dagrun for example_branch_python_operator_decorator to 2023-01-30T00:00:00+00:00, run_after=2023-01-31T00:00:00+00:00
[2023-01-31T10:22:26.224+0000] {processor.py:175} INFO - Processing /home/airflow/.local/lib/python3.7/site-packages/airflow/example_dags/example_branch_operator_decorator.py took 0.593 seconds
[2023-01-31T10:22:56.981+0000] {processor.py:153} INFO - Started process (PID=1250) to work on /home/airflow/.local/lib/python3.7/site-packages/airflow/example_dags/example_branch_operator_decorator.py
[2023-01-31T10:22:56.983+0000] {processor.py:743} INFO - Processing file /home/airflow/.local/lib/python3.7/site-packages/airflow/example_dags/example_branch_operator_decorator.py for tasks to queue
[2023-01-31T10:22:56.988+0000] {logging_mixin.py:137} INFO - [2023-01-31T10:22:56.988+0000] {dagbag.py:538} INFO - Filling up the DagBag from /home/airflow/.local/lib/python3.7/site-packages/airflow/example_dags/example_branch_operator_decorator.py
[2023-01-31T10:22:57.010+0000] {processor.py:753} INFO - DAG(s) dict_keys(['example_branch_python_operator_decorator']) retrieved from /home/airflow/.local/lib/python3.7/site-packages/airflow/example_dags/example_branch_operator_decorator.py
[2023-01-31T10:22:57.038+0000] {logging_mixin.py:137} INFO - [2023-01-31T10:22:57.038+0000] {dag.py:2690} INFO - Sync 1 DAGs
[2023-01-31T10:22:57.067+0000] {logging_mixin.py:137} INFO - [2023-01-31T10:22:57.066+0000] {dag.py:3441} INFO - Setting next_dagrun for example_branch_python_operator_decorator to 2023-01-30T00:00:00+00:00, run_after=2023-01-31T00:00:00+00:00
[2023-01-31T10:22:57.108+0000] {processor.py:175} INFO - Processing /home/airflow/.local/lib/python3.7/site-packages/airflow/example_dags/example_branch_operator_decorator.py took 0.130 seconds
[2023-01-31T10:23:28.254+0000] {processor.py:153} INFO - Started process (PID=1328) to work on /home/airflow/.local/lib/python3.7/site-packages/airflow/example_dags/example_branch_operator_decorator.py
[2023-01-31T10:23:28.258+0000] {processor.py:743} INFO - Processing file /home/airflow/.local/lib/python3.7/site-packages/airflow/example_dags/example_branch_operator_decorator.py for tasks to queue
[2023-01-31T10:23:28.259+0000] {logging_mixin.py:137} INFO - [2023-01-31T10:23:28.259+0000] {dagbag.py:538} INFO - Filling up the DagBag from /home/airflow/.local/lib/python3.7/site-packages/airflow/example_dags/example_branch_operator_decorator.py
[2023-01-31T10:23:28.279+0000] {processor.py:753} INFO - DAG(s) dict_keys(['example_branch_python_operator_decorator']) retrieved from /home/airflow/.local/lib/python3.7/site-packages/airflow/example_dags/example_branch_operator_decorator.py
[2023-01-31T10:23:28.317+0000] {logging_mixin.py:137} INFO - [2023-01-31T10:23:28.317+0000] {dag.py:2690} INFO - Sync 1 DAGs
[2023-01-31T10:23:28.346+0000] {logging_mixin.py:137} INFO - [2023-01-31T10:23:28.346+0000] {dag.py:3441} INFO - Setting next_dagrun for example_branch_python_operator_decorator to 2023-01-30T00:00:00+00:00, run_after=2023-01-31T00:00:00+00:00
[2023-01-31T10:23:28.363+0000] {processor.py:175} INFO - Processing /home/airflow/.local/lib/python3.7/site-packages/airflow/example_dags/example_branch_operator_decorator.py took 0.112 seconds
[2023-01-31T10:23:59.766+0000] {processor.py:153} INFO - Started process (PID=1414) to work on /home/airflow/.local/lib/python3.7/site-packages/airflow/example_dags/example_branch_operator_decorator.py
[2023-01-31T10:23:59.787+0000] {processor.py:743} INFO - Processing file /home/airflow/.local/lib/python3.7/site-packages/airflow/example_dags/example_branch_operator_decorator.py for tasks to queue
[2023-01-31T10:23:59.795+0000] {logging_mixin.py:137} INFO - [2023-01-31T10:23:59.795+0000] {dagbag.py:538} INFO - Filling up the DagBag from /home/airflow/.local/lib/python3.7/site-packages/airflow/example_dags/example_branch_operator_decorator.py
[2023-01-31T10:23:59.891+0000] {processor.py:753} INFO - DAG(s) dict_keys(['example_branch_python_operator_decorator']) retrieved from /home/airflow/.local/lib/python3.7/site-packages/airflow/example_dags/example_branch_operator_decorator.py
[2023-01-31T10:23:59.952+0000] {logging_mixin.py:137} INFO - [2023-01-31T10:23:59.951+0000] {dag.py:2690} INFO - Sync 1 DAGs
[2023-01-31T10:24:00.011+0000] {logging_mixin.py:137} INFO - [2023-01-31T10:24:00.009+0000] {dag.py:3441} INFO - Setting next_dagrun for example_branch_python_operator_decorator to 2023-01-30T00:00:00+00:00, run_after=2023-01-31T00:00:00+00:00
[2023-01-31T10:24:00.115+0000] {processor.py:175} INFO - Processing /home/airflow/.local/lib/python3.7/site-packages/airflow/example_dags/example_branch_operator_decorator.py took 0.355 seconds
[2023-01-31T10:24:30.567+0000] {processor.py:153} INFO - Started process (PID=1485) to work on /home/airflow/.local/lib/python3.7/site-packages/airflow/example_dags/example_branch_operator_decorator.py
[2023-01-31T10:24:30.569+0000] {processor.py:743} INFO - Processing file /home/airflow/.local/lib/python3.7/site-packages/airflow/example_dags/example_branch_operator_decorator.py for tasks to queue
[2023-01-31T10:24:30.570+0000] {logging_mixin.py:137} INFO - [2023-01-31T10:24:30.570+0000] {dagbag.py:538} INFO - Filling up the DagBag from /home/airflow/.local/lib/python3.7/site-packages/airflow/example_dags/example_branch_operator_decorator.py
[2023-01-31T10:24:30.587+0000] {processor.py:753} INFO - DAG(s) dict_keys(['example_branch_python_operator_decorator']) retrieved from /home/airflow/.local/lib/python3.7/site-packages/airflow/example_dags/example_branch_operator_decorator.py
[2023-01-31T10:24:30.621+0000] {logging_mixin.py:137} INFO - [2023-01-31T10:24:30.621+0000] {dag.py:2690} INFO - Sync 1 DAGs
[2023-01-31T10:24:30.647+0000] {logging_mixin.py:137} INFO - [2023-01-31T10:24:30.647+0000] {dag.py:3441} INFO - Setting next_dagrun for example_branch_python_operator_decorator to 2023-01-30T00:00:00+00:00, run_after=2023-01-31T00:00:00+00:00
[2023-01-31T10:24:30.659+0000] {processor.py:175} INFO - Processing /home/airflow/.local/lib/python3.7/site-packages/airflow/example_dags/example_branch_operator_decorator.py took 0.095 seconds
[2023-01-31T10:25:01.370+0000] {processor.py:153} INFO - Started process (PID=1583) to work on /home/airflow/.local/lib/python3.7/site-packages/airflow/example_dags/example_branch_operator_decorator.py
[2023-01-31T10:25:01.371+0000] {processor.py:743} INFO - Processing file /home/airflow/.local/lib/python3.7/site-packages/airflow/example_dags/example_branch_operator_decorator.py for tasks to queue
[2023-01-31T10:25:01.372+0000] {logging_mixin.py:137} INFO - [2023-01-31T10:25:01.372+0000] {dagbag.py:538} INFO - Filling up the DagBag from /home/airflow/.local/lib/python3.7/site-packages/airflow/example_dags/example_branch_operator_decorator.py
[2023-01-31T10:25:01.391+0000] {processor.py:753} INFO - DAG(s) dict_keys(['example_branch_python_operator_decorator']) retrieved from /home/airflow/.local/lib/python3.7/site-packages/airflow/example_dags/example_branch_operator_decorator.py
[2023-01-31T10:25:01.418+0000] {logging_mixin.py:137} INFO - [2023-01-31T10:25:01.418+0000] {dag.py:2690} INFO - Sync 1 DAGs
[2023-01-31T10:25:01.437+0000] {logging_mixin.py:137} INFO - [2023-01-31T10:25:01.437+0000] {dag.py:3441} INFO - Setting next_dagrun for example_branch_python_operator_decorator to 2023-01-30T00:00:00+00:00, run_after=2023-01-31T00:00:00+00:00
[2023-01-31T10:25:01.450+0000] {processor.py:175} INFO - Processing /home/airflow/.local/lib/python3.7/site-packages/airflow/example_dags/example_branch_operator_decorator.py took 0.083 seconds
[2023-01-31T10:25:32.396+0000] {processor.py:153} INFO - Started process (PID=1662) to work on /home/airflow/.local/lib/python3.7/site-packages/airflow/example_dags/example_branch_operator_decorator.py
[2023-01-31T10:25:32.401+0000] {processor.py:743} INFO - Processing file /home/airflow/.local/lib/python3.7/site-packages/airflow/example_dags/example_branch_operator_decorator.py for tasks to queue
[2023-01-31T10:25:32.407+0000] {logging_mixin.py:137} INFO - [2023-01-31T10:25:32.406+0000] {dagbag.py:538} INFO - Filling up the DagBag from /home/airflow/.local/lib/python3.7/site-packages/airflow/example_dags/example_branch_operator_decorator.py
[2023-01-31T10:25:32.446+0000] {processor.py:753} INFO - DAG(s) dict_keys(['example_branch_python_operator_decorator']) retrieved from /home/airflow/.local/lib/python3.7/site-packages/airflow/example_dags/example_branch_operator_decorator.py
[2023-01-31T10:25:32.482+0000] {logging_mixin.py:137} INFO - [2023-01-31T10:25:32.482+0000] {dag.py:2690} INFO - Sync 1 DAGs
[2023-01-31T10:25:32.508+0000] {logging_mixin.py:137} INFO - [2023-01-31T10:25:32.508+0000] {dag.py:3441} INFO - Setting next_dagrun for example_branch_python_operator_decorator to 2023-01-30T00:00:00+00:00, run_after=2023-01-31T00:00:00+00:00
[2023-01-31T10:25:32.526+0000] {processor.py:175} INFO - Processing /home/airflow/.local/lib/python3.7/site-packages/airflow/example_dags/example_branch_operator_decorator.py took 0.136 seconds
[2023-01-31T10:26:03.125+0000] {processor.py:153} INFO - Started process (PID=1742) to work on /home/airflow/.local/lib/python3.7/site-packages/airflow/example_dags/example_branch_operator_decorator.py
[2023-01-31T10:26:03.129+0000] {processor.py:743} INFO - Processing file /home/airflow/.local/lib/python3.7/site-packages/airflow/example_dags/example_branch_operator_decorator.py for tasks to queue
[2023-01-31T10:26:03.132+0000] {logging_mixin.py:137} INFO - [2023-01-31T10:26:03.132+0000] {dagbag.py:538} INFO - Filling up the DagBag from /home/airflow/.local/lib/python3.7/site-packages/airflow/example_dags/example_branch_operator_decorator.py
[2023-01-31T10:26:03.203+0000] {processor.py:753} INFO - DAG(s) dict_keys(['example_branch_python_operator_decorator']) retrieved from /home/airflow/.local/lib/python3.7/site-packages/airflow/example_dags/example_branch_operator_decorator.py
[2023-01-31T10:26:03.278+0000] {logging_mixin.py:137} INFO - [2023-01-31T10:26:03.277+0000] {dag.py:2690} INFO - Sync 1 DAGs
[2023-01-31T10:26:03.308+0000] {logging_mixin.py:137} INFO - [2023-01-31T10:26:03.308+0000] {dag.py:3441} INFO - Setting next_dagrun for example_branch_python_operator_decorator to 2023-01-30T00:00:00+00:00, run_after=2023-01-31T00:00:00+00:00
[2023-01-31T10:26:03.325+0000] {processor.py:175} INFO - Processing /home/airflow/.local/lib/python3.7/site-packages/airflow/example_dags/example_branch_operator_decorator.py took 0.213 seconds
[2023-01-31T10:26:33.452+0000] {processor.py:153} INFO - Started process (PID=1825) to work on /home/airflow/.local/lib/python3.7/site-packages/airflow/example_dags/example_branch_operator_decorator.py
[2023-01-31T10:26:33.455+0000] {processor.py:743} INFO - Processing file /home/airflow/.local/lib/python3.7/site-packages/airflow/example_dags/example_branch_operator_decorator.py for tasks to queue
[2023-01-31T10:26:33.457+0000] {logging_mixin.py:137} INFO - [2023-01-31T10:26:33.457+0000] {dagbag.py:538} INFO - Filling up the DagBag from /home/airflow/.local/lib/python3.7/site-packages/airflow/example_dags/example_branch_operator_decorator.py
[2023-01-31T10:26:33.486+0000] {processor.py:753} INFO - DAG(s) dict_keys(['example_branch_python_operator_decorator']) retrieved from /home/airflow/.local/lib/python3.7/site-packages/airflow/example_dags/example_branch_operator_decorator.py
[2023-01-31T10:26:33.526+0000] {logging_mixin.py:137} INFO - [2023-01-31T10:26:33.526+0000] {dag.py:2690} INFO - Sync 1 DAGs
[2023-01-31T10:26:33.552+0000] {logging_mixin.py:137} INFO - [2023-01-31T10:26:33.552+0000] {dag.py:3441} INFO - Setting next_dagrun for example_branch_python_operator_decorator to 2023-01-30T00:00:00+00:00, run_after=2023-01-31T00:00:00+00:00
[2023-01-31T10:26:33.569+0000] {processor.py:175} INFO - Processing /home/airflow/.local/lib/python3.7/site-packages/airflow/example_dags/example_branch_operator_decorator.py took 0.123 seconds
[2023-01-31T10:27:04.258+0000] {processor.py:153} INFO - Started process (PID=1920) to work on /home/airflow/.local/lib/python3.7/site-packages/airflow/example_dags/example_branch_operator_decorator.py
[2023-01-31T10:27:04.260+0000] {processor.py:743} INFO - Processing file /home/airflow/.local/lib/python3.7/site-packages/airflow/example_dags/example_branch_operator_decorator.py for tasks to queue
[2023-01-31T10:27:04.261+0000] {logging_mixin.py:137} INFO - [2023-01-31T10:27:04.261+0000] {dagbag.py:538} INFO - Filling up the DagBag from /home/airflow/.local/lib/python3.7/site-packages/airflow/example_dags/example_branch_operator_decorator.py
[2023-01-31T10:27:04.279+0000] {processor.py:753} INFO - DAG(s) dict_keys(['example_branch_python_operator_decorator']) retrieved from /home/airflow/.local/lib/python3.7/site-packages/airflow/example_dags/example_branch_operator_decorator.py
[2023-01-31T10:27:04.319+0000] {logging_mixin.py:137} INFO - [2023-01-31T10:27:04.319+0000] {dag.py:2690} INFO - Sync 1 DAGs
[2023-01-31T10:27:04.350+0000] {logging_mixin.py:137} INFO - [2023-01-31T10:27:04.350+0000] {dag.py:3441} INFO - Setting next_dagrun for example_branch_python_operator_decorator to 2023-01-30T00:00:00+00:00, run_after=2023-01-31T00:00:00+00:00
[2023-01-31T10:27:04.364+0000] {processor.py:175} INFO - Processing /home/airflow/.local/lib/python3.7/site-packages/airflow/example_dags/example_branch_operator_decorator.py took 0.111 seconds
[2023-01-31T10:27:34.720+0000] {processor.py:153} INFO - Started process (PID=1999) to work on /home/airflow/.local/lib/python3.7/site-packages/airflow/example_dags/example_branch_operator_decorator.py
[2023-01-31T10:27:34.723+0000] {processor.py:743} INFO - Processing file /home/airflow/.local/lib/python3.7/site-packages/airflow/example_dags/example_branch_operator_decorator.py for tasks to queue
[2023-01-31T10:27:34.728+0000] {logging_mixin.py:137} INFO - [2023-01-31T10:27:34.728+0000] {dagbag.py:538} INFO - Filling up the DagBag from /home/airflow/.local/lib/python3.7/site-packages/airflow/example_dags/example_branch_operator_decorator.py
[2023-01-31T10:27:34.788+0000] {processor.py:753} INFO - DAG(s) dict_keys(['example_branch_python_operator_decorator']) retrieved from /home/airflow/.local/lib/python3.7/site-packages/airflow/example_dags/example_branch_operator_decorator.py
[2023-01-31T10:27:34.882+0000] {logging_mixin.py:137} INFO - [2023-01-31T10:27:34.882+0000] {dag.py:2690} INFO - Sync 1 DAGs
[2023-01-31T10:27:34.980+0000] {logging_mixin.py:137} INFO - [2023-01-31T10:27:34.980+0000] {dag.py:3441} INFO - Setting next_dagrun for example_branch_python_operator_decorator to 2023-01-30T00:00:00+00:00, run_after=2023-01-31T00:00:00+00:00
[2023-01-31T10:27:35.188+0000] {processor.py:175} INFO - Processing /home/airflow/.local/lib/python3.7/site-packages/airflow/example_dags/example_branch_operator_decorator.py took 0.485 seconds
[2023-01-31T10:28:06.102+0000] {processor.py:153} INFO - Started process (PID=2079) to work on /home/airflow/.local/lib/python3.7/site-packages/airflow/example_dags/example_branch_operator_decorator.py
[2023-01-31T10:28:06.104+0000] {processor.py:743} INFO - Processing file /home/airflow/.local/lib/python3.7/site-packages/airflow/example_dags/example_branch_operator_decorator.py for tasks to queue
[2023-01-31T10:28:06.105+0000] {logging_mixin.py:137} INFO - [2023-01-31T10:28:06.105+0000] {dagbag.py:538} INFO - Filling up the DagBag from /home/airflow/.local/lib/python3.7/site-packages/airflow/example_dags/example_branch_operator_decorator.py
[2023-01-31T10:28:06.128+0000] {processor.py:753} INFO - DAG(s) dict_keys(['example_branch_python_operator_decorator']) retrieved from /home/airflow/.local/lib/python3.7/site-packages/airflow/example_dags/example_branch_operator_decorator.py
[2023-01-31T10:28:06.152+0000] {logging_mixin.py:137} INFO - [2023-01-31T10:28:06.152+0000] {dag.py:2690} INFO - Sync 1 DAGs
[2023-01-31T10:28:06.169+0000] {logging_mixin.py:137} INFO - [2023-01-31T10:28:06.169+0000] {dag.py:3441} INFO - Setting next_dagrun for example_branch_python_operator_decorator to 2023-01-30T00:00:00+00:00, run_after=2023-01-31T00:00:00+00:00
[2023-01-31T10:28:06.191+0000] {processor.py:175} INFO - Processing /home/airflow/.local/lib/python3.7/site-packages/airflow/example_dags/example_branch_operator_decorator.py took 0.094 seconds
[2023-01-31T10:28:36.898+0000] {processor.py:153} INFO - Started process (PID=2174) to work on /home/airflow/.local/lib/python3.7/site-packages/airflow/example_dags/example_branch_operator_decorator.py
[2023-01-31T10:28:36.901+0000] {processor.py:743} INFO - Processing file /home/airflow/.local/lib/python3.7/site-packages/airflow/example_dags/example_branch_operator_decorator.py for tasks to queue
[2023-01-31T10:28:36.903+0000] {logging_mixin.py:137} INFO - [2023-01-31T10:28:36.903+0000] {dagbag.py:538} INFO - Filling up the DagBag from /home/airflow/.local/lib/python3.7/site-packages/airflow/example_dags/example_branch_operator_decorator.py
[2023-01-31T10:28:36.961+0000] {processor.py:753} INFO - DAG(s) dict_keys(['example_branch_python_operator_decorator']) retrieved from /home/airflow/.local/lib/python3.7/site-packages/airflow/example_dags/example_branch_operator_decorator.py
[2023-01-31T10:28:37.008+0000] {logging_mixin.py:137} INFO - [2023-01-31T10:28:37.008+0000] {dag.py:2690} INFO - Sync 1 DAGs
[2023-01-31T10:28:37.041+0000] {logging_mixin.py:137} INFO - [2023-01-31T10:28:37.041+0000] {dag.py:3441} INFO - Setting next_dagrun for example_branch_python_operator_decorator to 2023-01-30T00:00:00+00:00, run_after=2023-01-31T00:00:00+00:00
[2023-01-31T10:28:37.056+0000] {processor.py:175} INFO - Processing /home/airflow/.local/lib/python3.7/site-packages/airflow/example_dags/example_branch_operator_decorator.py took 0.168 seconds
[2023-01-31T10:29:07.510+0000] {processor.py:153} INFO - Started process (PID=2252) to work on /home/airflow/.local/lib/python3.7/site-packages/airflow/example_dags/example_branch_operator_decorator.py
[2023-01-31T10:29:07.516+0000] {processor.py:743} INFO - Processing file /home/airflow/.local/lib/python3.7/site-packages/airflow/example_dags/example_branch_operator_decorator.py for tasks to queue
[2023-01-31T10:29:07.518+0000] {logging_mixin.py:137} INFO - [2023-01-31T10:29:07.518+0000] {dagbag.py:538} INFO - Filling up the DagBag from /home/airflow/.local/lib/python3.7/site-packages/airflow/example_dags/example_branch_operator_decorator.py
[2023-01-31T10:29:07.594+0000] {processor.py:753} INFO - DAG(s) dict_keys(['example_branch_python_operator_decorator']) retrieved from /home/airflow/.local/lib/python3.7/site-packages/airflow/example_dags/example_branch_operator_decorator.py
[2023-01-31T10:29:07.688+0000] {logging_mixin.py:137} INFO - [2023-01-31T10:29:07.688+0000] {dag.py:2690} INFO - Sync 1 DAGs
[2023-01-31T10:29:07.739+0000] {logging_mixin.py:137} INFO - [2023-01-31T10:29:07.739+0000] {dag.py:3441} INFO - Setting next_dagrun for example_branch_python_operator_decorator to 2023-01-30T00:00:00+00:00, run_after=2023-01-31T00:00:00+00:00
[2023-01-31T10:29:07.758+0000] {processor.py:175} INFO - Processing /home/airflow/.local/lib/python3.7/site-packages/airflow/example_dags/example_branch_operator_decorator.py took 0.272 seconds
[2023-01-31T10:29:38.035+0000] {processor.py:153} INFO - Started process (PID=2331) to work on /home/airflow/.local/lib/python3.7/site-packages/airflow/example_dags/example_branch_operator_decorator.py
[2023-01-31T10:29:38.043+0000] {processor.py:743} INFO - Processing file /home/airflow/.local/lib/python3.7/site-packages/airflow/example_dags/example_branch_operator_decorator.py for tasks to queue
[2023-01-31T10:29:38.045+0000] {logging_mixin.py:137} INFO - [2023-01-31T10:29:38.045+0000] {dagbag.py:538} INFO - Filling up the DagBag from /home/airflow/.local/lib/python3.7/site-packages/airflow/example_dags/example_branch_operator_decorator.py
[2023-01-31T10:29:38.134+0000] {processor.py:753} INFO - DAG(s) dict_keys(['example_branch_python_operator_decorator']) retrieved from /home/airflow/.local/lib/python3.7/site-packages/airflow/example_dags/example_branch_operator_decorator.py
[2023-01-31T10:29:38.194+0000] {logging_mixin.py:137} INFO - [2023-01-31T10:29:38.194+0000] {dag.py:2690} INFO - Sync 1 DAGs
[2023-01-31T10:29:38.233+0000] {logging_mixin.py:137} INFO - [2023-01-31T10:29:38.233+0000] {dag.py:3441} INFO - Setting next_dagrun for example_branch_python_operator_decorator to 2023-01-30T00:00:00+00:00, run_after=2023-01-31T00:00:00+00:00
[2023-01-31T10:29:38.252+0000] {processor.py:175} INFO - Processing /home/airflow/.local/lib/python3.7/site-packages/airflow/example_dags/example_branch_operator_decorator.py took 0.252 seconds
[2023-01-31T10:30:09.017+0000] {processor.py:153} INFO - Started process (PID=2410) to work on /home/airflow/.local/lib/python3.7/site-packages/airflow/example_dags/example_branch_operator_decorator.py
[2023-01-31T10:30:09.025+0000] {processor.py:743} INFO - Processing file /home/airflow/.local/lib/python3.7/site-packages/airflow/example_dags/example_branch_operator_decorator.py for tasks to queue
[2023-01-31T10:30:09.033+0000] {logging_mixin.py:137} INFO - [2023-01-31T10:30:09.031+0000] {dagbag.py:538} INFO - Filling up the DagBag from /home/airflow/.local/lib/python3.7/site-packages/airflow/example_dags/example_branch_operator_decorator.py
[2023-01-31T10:30:09.081+0000] {processor.py:753} INFO - DAG(s) dict_keys(['example_branch_python_operator_decorator']) retrieved from /home/airflow/.local/lib/python3.7/site-packages/airflow/example_dags/example_branch_operator_decorator.py
[2023-01-31T10:30:09.151+0000] {logging_mixin.py:137} INFO - [2023-01-31T10:30:09.151+0000] {dag.py:2690} INFO - Sync 1 DAGs
[2023-01-31T10:30:09.180+0000] {logging_mixin.py:137} INFO - [2023-01-31T10:30:09.180+0000] {dag.py:3441} INFO - Setting next_dagrun for example_branch_python_operator_decorator to 2023-01-30T00:00:00+00:00, run_after=2023-01-31T00:00:00+00:00
[2023-01-31T10:30:09.212+0000] {processor.py:175} INFO - Processing /home/airflow/.local/lib/python3.7/site-packages/airflow/example_dags/example_branch_operator_decorator.py took 0.204 seconds
[2023-01-31T10:30:39.946+0000] {processor.py:153} INFO - Started process (PID=2489) to work on /home/airflow/.local/lib/python3.7/site-packages/airflow/example_dags/example_branch_operator_decorator.py
[2023-01-31T10:30:39.956+0000] {processor.py:743} INFO - Processing file /home/airflow/.local/lib/python3.7/site-packages/airflow/example_dags/example_branch_operator_decorator.py for tasks to queue
[2023-01-31T10:30:39.960+0000] {logging_mixin.py:137} INFO - [2023-01-31T10:30:39.959+0000] {dagbag.py:538} INFO - Filling up the DagBag from /home/airflow/.local/lib/python3.7/site-packages/airflow/example_dags/example_branch_operator_decorator.py
[2023-01-31T10:30:40.028+0000] {processor.py:753} INFO - DAG(s) dict_keys(['example_branch_python_operator_decorator']) retrieved from /home/airflow/.local/lib/python3.7/site-packages/airflow/example_dags/example_branch_operator_decorator.py
[2023-01-31T10:30:40.110+0000] {logging_mixin.py:137} INFO - [2023-01-31T10:30:40.110+0000] {dag.py:2690} INFO - Sync 1 DAGs
[2023-01-31T10:30:40.142+0000] {logging_mixin.py:137} INFO - [2023-01-31T10:30:40.142+0000] {dag.py:3441} INFO - Setting next_dagrun for example_branch_python_operator_decorator to 2023-01-30T00:00:00+00:00, run_after=2023-01-31T00:00:00+00:00
[2023-01-31T10:30:40.170+0000] {processor.py:175} INFO - Processing /home/airflow/.local/lib/python3.7/site-packages/airflow/example_dags/example_branch_operator_decorator.py took 0.234 seconds
[2023-01-31T10:31:10.859+0000] {processor.py:153} INFO - Started process (PID=2584) to work on /home/airflow/.local/lib/python3.7/site-packages/airflow/example_dags/example_branch_operator_decorator.py
[2023-01-31T10:31:10.869+0000] {processor.py:743} INFO - Processing file /home/airflow/.local/lib/python3.7/site-packages/airflow/example_dags/example_branch_operator_decorator.py for tasks to queue
[2023-01-31T10:31:10.875+0000] {logging_mixin.py:137} INFO - [2023-01-31T10:31:10.875+0000] {dagbag.py:538} INFO - Filling up the DagBag from /home/airflow/.local/lib/python3.7/site-packages/airflow/example_dags/example_branch_operator_decorator.py
[2023-01-31T10:31:10.908+0000] {processor.py:753} INFO - DAG(s) dict_keys(['example_branch_python_operator_decorator']) retrieved from /home/airflow/.local/lib/python3.7/site-packages/airflow/example_dags/example_branch_operator_decorator.py
[2023-01-31T10:31:10.967+0000] {logging_mixin.py:137} INFO - [2023-01-31T10:31:10.967+0000] {dag.py:2690} INFO - Sync 1 DAGs
[2023-01-31T10:31:10.996+0000] {logging_mixin.py:137} INFO - [2023-01-31T10:31:10.996+0000] {dag.py:3441} INFO - Setting next_dagrun for example_branch_python_operator_decorator to 2023-01-30T00:00:00+00:00, run_after=2023-01-31T00:00:00+00:00
[2023-01-31T10:31:11.025+0000] {processor.py:175} INFO - Processing /home/airflow/.local/lib/python3.7/site-packages/airflow/example_dags/example_branch_operator_decorator.py took 0.179 seconds
[2023-01-31T10:31:41.684+0000] {processor.py:153} INFO - Started process (PID=2661) to work on /home/airflow/.local/lib/python3.7/site-packages/airflow/example_dags/example_branch_operator_decorator.py
[2023-01-31T10:31:41.690+0000] {processor.py:743} INFO - Processing file /home/airflow/.local/lib/python3.7/site-packages/airflow/example_dags/example_branch_operator_decorator.py for tasks to queue
[2023-01-31T10:31:41.692+0000] {logging_mixin.py:137} INFO - [2023-01-31T10:31:41.692+0000] {dagbag.py:538} INFO - Filling up the DagBag from /home/airflow/.local/lib/python3.7/site-packages/airflow/example_dags/example_branch_operator_decorator.py
[2023-01-31T10:31:41.774+0000] {processor.py:753} INFO - DAG(s) dict_keys(['example_branch_python_operator_decorator']) retrieved from /home/airflow/.local/lib/python3.7/site-packages/airflow/example_dags/example_branch_operator_decorator.py
[2023-01-31T10:31:41.844+0000] {logging_mixin.py:137} INFO - [2023-01-31T10:31:41.844+0000] {dag.py:2690} INFO - Sync 1 DAGs
[2023-01-31T10:31:41.895+0000] {logging_mixin.py:137} INFO - [2023-01-31T10:31:41.895+0000] {dag.py:3441} INFO - Setting next_dagrun for example_branch_python_operator_decorator to 2023-01-30T00:00:00+00:00, run_after=2023-01-31T00:00:00+00:00
[2023-01-31T10:31:41.912+0000] {processor.py:175} INFO - Processing /home/airflow/.local/lib/python3.7/site-packages/airflow/example_dags/example_branch_operator_decorator.py took 0.240 seconds
[2023-01-31T10:32:12.659+0000] {processor.py:153} INFO - Started process (PID=2740) to work on /home/airflow/.local/lib/python3.7/site-packages/airflow/example_dags/example_branch_operator_decorator.py
[2023-01-31T10:32:12.661+0000] {processor.py:743} INFO - Processing file /home/airflow/.local/lib/python3.7/site-packages/airflow/example_dags/example_branch_operator_decorator.py for tasks to queue
[2023-01-31T10:32:12.663+0000] {logging_mixin.py:137} INFO - [2023-01-31T10:32:12.663+0000] {dagbag.py:538} INFO - Filling up the DagBag from /home/airflow/.local/lib/python3.7/site-packages/airflow/example_dags/example_branch_operator_decorator.py
[2023-01-31T10:32:12.694+0000] {processor.py:753} INFO - DAG(s) dict_keys(['example_branch_python_operator_decorator']) retrieved from /home/airflow/.local/lib/python3.7/site-packages/airflow/example_dags/example_branch_operator_decorator.py
[2023-01-31T10:32:12.748+0000] {logging_mixin.py:137} INFO - [2023-01-31T10:32:12.748+0000] {dag.py:2690} INFO - Sync 1 DAGs
[2023-01-31T10:32:12.785+0000] {logging_mixin.py:137} INFO - [2023-01-31T10:32:12.785+0000] {dag.py:3441} INFO - Setting next_dagrun for example_branch_python_operator_decorator to 2023-01-30T00:00:00+00:00, run_after=2023-01-31T00:00:00+00:00
[2023-01-31T10:32:12.802+0000] {processor.py:175} INFO - Processing /home/airflow/.local/lib/python3.7/site-packages/airflow/example_dags/example_branch_operator_decorator.py took 0.150 seconds
[2023-01-31T10:32:42.884+0000] {processor.py:153} INFO - Started process (PID=2835) to work on /home/airflow/.local/lib/python3.7/site-packages/airflow/example_dags/example_branch_operator_decorator.py
[2023-01-31T10:32:42.886+0000] {processor.py:743} INFO - Processing file /home/airflow/.local/lib/python3.7/site-packages/airflow/example_dags/example_branch_operator_decorator.py for tasks to queue
[2023-01-31T10:32:42.888+0000] {logging_mixin.py:137} INFO - [2023-01-31T10:32:42.888+0000] {dagbag.py:538} INFO - Filling up the DagBag from /home/airflow/.local/lib/python3.7/site-packages/airflow/example_dags/example_branch_operator_decorator.py
[2023-01-31T10:32:42.911+0000] {processor.py:753} INFO - DAG(s) dict_keys(['example_branch_python_operator_decorator']) retrieved from /home/airflow/.local/lib/python3.7/site-packages/airflow/example_dags/example_branch_operator_decorator.py
[2023-01-31T10:32:42.939+0000] {logging_mixin.py:137} INFO - [2023-01-31T10:32:42.939+0000] {dag.py:2690} INFO - Sync 1 DAGs
[2023-01-31T10:32:42.959+0000] {logging_mixin.py:137} INFO - [2023-01-31T10:32:42.959+0000] {dag.py:3441} INFO - Setting next_dagrun for example_branch_python_operator_decorator to 2023-01-30T00:00:00+00:00, run_after=2023-01-31T00:00:00+00:00
[2023-01-31T10:32:42.974+0000] {processor.py:175} INFO - Processing /home/airflow/.local/lib/python3.7/site-packages/airflow/example_dags/example_branch_operator_decorator.py took 0.095 seconds
[2023-01-31T10:33:13.152+0000] {processor.py:153} INFO - Started process (PID=2914) to work on /home/airflow/.local/lib/python3.7/site-packages/airflow/example_dags/example_branch_operator_decorator.py
[2023-01-31T10:33:13.159+0000] {processor.py:743} INFO - Processing file /home/airflow/.local/lib/python3.7/site-packages/airflow/example_dags/example_branch_operator_decorator.py for tasks to queue
[2023-01-31T10:33:13.161+0000] {logging_mixin.py:137} INFO - [2023-01-31T10:33:13.161+0000] {dagbag.py:538} INFO - Filling up the DagBag from /home/airflow/.local/lib/python3.7/site-packages/airflow/example_dags/example_branch_operator_decorator.py
[2023-01-31T10:33:13.199+0000] {processor.py:753} INFO - DAG(s) dict_keys(['example_branch_python_operator_decorator']) retrieved from /home/airflow/.local/lib/python3.7/site-packages/airflow/example_dags/example_branch_operator_decorator.py
[2023-01-31T10:33:13.299+0000] {logging_mixin.py:137} INFO - [2023-01-31T10:33:13.299+0000] {dag.py:2690} INFO - Sync 1 DAGs
[2023-01-31T10:33:13.763+0000] {logging_mixin.py:137} INFO - [2023-01-31T10:33:13.750+0000] {dag.py:3441} INFO - Setting next_dagrun for example_branch_python_operator_decorator to 2023-01-30T00:00:00+00:00, run_after=2023-01-31T00:00:00+00:00
[2023-01-31T10:33:14.314+0000] {processor.py:175} INFO - Processing /home/airflow/.local/lib/python3.7/site-packages/airflow/example_dags/example_branch_operator_decorator.py took 1.167 seconds
[2023-01-31T10:33:45.193+0000] {processor.py:153} INFO - Started process (PID=3002) to work on /home/airflow/.local/lib/python3.7/site-packages/airflow/example_dags/example_branch_operator_decorator.py
[2023-01-31T10:33:45.223+0000] {processor.py:743} INFO - Processing file /home/airflow/.local/lib/python3.7/site-packages/airflow/example_dags/example_branch_operator_decorator.py for tasks to queue
[2023-01-31T10:33:45.283+0000] {logging_mixin.py:137} INFO - [2023-01-31T10:33:45.282+0000] {dagbag.py:538} INFO - Filling up the DagBag from /home/airflow/.local/lib/python3.7/site-packages/airflow/example_dags/example_branch_operator_decorator.py
[2023-01-31T10:33:45.566+0000] {processor.py:753} INFO - DAG(s) dict_keys(['example_branch_python_operator_decorator']) retrieved from /home/airflow/.local/lib/python3.7/site-packages/airflow/example_dags/example_branch_operator_decorator.py
[2023-01-31T10:33:46.270+0000] {logging_mixin.py:137} INFO - [2023-01-31T10:33:46.270+0000] {dag.py:2690} INFO - Sync 1 DAGs
[2023-01-31T10:33:46.492+0000] {logging_mixin.py:137} INFO - [2023-01-31T10:33:46.492+0000] {dag.py:3441} INFO - Setting next_dagrun for example_branch_python_operator_decorator to 2023-01-30T00:00:00+00:00, run_after=2023-01-31T00:00:00+00:00
[2023-01-31T10:33:46.557+0000] {processor.py:175} INFO - Processing /home/airflow/.local/lib/python3.7/site-packages/airflow/example_dags/example_branch_operator_decorator.py took 1.426 seconds
[2023-01-31T10:34:17.636+0000] {processor.py:153} INFO - Started process (PID=3088) to work on /home/airflow/.local/lib/python3.7/site-packages/airflow/example_dags/example_branch_operator_decorator.py
[2023-01-31T10:34:17.639+0000] {processor.py:743} INFO - Processing file /home/airflow/.local/lib/python3.7/site-packages/airflow/example_dags/example_branch_operator_decorator.py for tasks to queue
[2023-01-31T10:34:17.641+0000] {logging_mixin.py:137} INFO - [2023-01-31T10:34:17.641+0000] {dagbag.py:538} INFO - Filling up the DagBag from /home/airflow/.local/lib/python3.7/site-packages/airflow/example_dags/example_branch_operator_decorator.py
[2023-01-31T10:34:17.689+0000] {processor.py:753} INFO - DAG(s) dict_keys(['example_branch_python_operator_decorator']) retrieved from /home/airflow/.local/lib/python3.7/site-packages/airflow/example_dags/example_branch_operator_decorator.py
[2023-01-31T10:34:17.733+0000] {logging_mixin.py:137} INFO - [2023-01-31T10:34:17.733+0000] {dag.py:2690} INFO - Sync 1 DAGs
[2023-01-31T10:34:17.776+0000] {logging_mixin.py:137} INFO - [2023-01-31T10:34:17.775+0000] {dag.py:3441} INFO - Setting next_dagrun for example_branch_python_operator_decorator to 2023-01-30T00:00:00+00:00, run_after=2023-01-31T00:00:00+00:00
[2023-01-31T10:34:17.795+0000] {processor.py:175} INFO - Processing /home/airflow/.local/lib/python3.7/site-packages/airflow/example_dags/example_branch_operator_decorator.py took 0.168 seconds
[2023-01-31T10:34:48.596+0000] {processor.py:153} INFO - Started process (PID=3175) to work on /home/airflow/.local/lib/python3.7/site-packages/airflow/example_dags/example_branch_operator_decorator.py
[2023-01-31T10:34:48.599+0000] {processor.py:743} INFO - Processing file /home/airflow/.local/lib/python3.7/site-packages/airflow/example_dags/example_branch_operator_decorator.py for tasks to queue
[2023-01-31T10:34:48.601+0000] {logging_mixin.py:137} INFO - [2023-01-31T10:34:48.601+0000] {dagbag.py:538} INFO - Filling up the DagBag from /home/airflow/.local/lib/python3.7/site-packages/airflow/example_dags/example_branch_operator_decorator.py
[2023-01-31T10:34:48.674+0000] {processor.py:753} INFO - DAG(s) dict_keys(['example_branch_python_operator_decorator']) retrieved from /home/airflow/.local/lib/python3.7/site-packages/airflow/example_dags/example_branch_operator_decorator.py
[2023-01-31T10:34:48.763+0000] {logging_mixin.py:137} INFO - [2023-01-31T10:34:48.763+0000] {dag.py:2690} INFO - Sync 1 DAGs
[2023-01-31T10:34:48.811+0000] {logging_mixin.py:137} INFO - [2023-01-31T10:34:48.811+0000] {dag.py:3441} INFO - Setting next_dagrun for example_branch_python_operator_decorator to 2023-01-30T00:00:00+00:00, run_after=2023-01-31T00:00:00+00:00
[2023-01-31T10:34:48.837+0000] {processor.py:175} INFO - Processing /home/airflow/.local/lib/python3.7/site-packages/airflow/example_dags/example_branch_operator_decorator.py took 0.253 seconds
[2023-01-31T10:35:19.069+0000] {processor.py:153} INFO - Started process (PID=3251) to work on /home/airflow/.local/lib/python3.7/site-packages/airflow/example_dags/example_branch_operator_decorator.py
[2023-01-31T10:35:19.072+0000] {processor.py:743} INFO - Processing file /home/airflow/.local/lib/python3.7/site-packages/airflow/example_dags/example_branch_operator_decorator.py for tasks to queue
[2023-01-31T10:35:19.074+0000] {logging_mixin.py:137} INFO - [2023-01-31T10:35:19.074+0000] {dagbag.py:538} INFO - Filling up the DagBag from /home/airflow/.local/lib/python3.7/site-packages/airflow/example_dags/example_branch_operator_decorator.py
[2023-01-31T10:35:19.096+0000] {processor.py:753} INFO - DAG(s) dict_keys(['example_branch_python_operator_decorator']) retrieved from /home/airflow/.local/lib/python3.7/site-packages/airflow/example_dags/example_branch_operator_decorator.py
[2023-01-31T10:35:19.136+0000] {logging_mixin.py:137} INFO - [2023-01-31T10:35:19.136+0000] {dag.py:2690} INFO - Sync 1 DAGs
[2023-01-31T10:35:19.172+0000] {logging_mixin.py:137} INFO - [2023-01-31T10:35:19.172+0000] {dag.py:3441} INFO - Setting next_dagrun for example_branch_python_operator_decorator to 2023-01-30T00:00:00+00:00, run_after=2023-01-31T00:00:00+00:00
[2023-01-31T10:35:19.199+0000] {processor.py:175} INFO - Processing /home/airflow/.local/lib/python3.7/site-packages/airflow/example_dags/example_branch_operator_decorator.py took 0.138 seconds
[2023-01-31T10:35:49.712+0000] {processor.py:153} INFO - Started process (PID=3346) to work on /home/airflow/.local/lib/python3.7/site-packages/airflow/example_dags/example_branch_operator_decorator.py
[2023-01-31T10:35:49.716+0000] {processor.py:743} INFO - Processing file /home/airflow/.local/lib/python3.7/site-packages/airflow/example_dags/example_branch_operator_decorator.py for tasks to queue
[2023-01-31T10:35:49.717+0000] {logging_mixin.py:137} INFO - [2023-01-31T10:35:49.717+0000] {dagbag.py:538} INFO - Filling up the DagBag from /home/airflow/.local/lib/python3.7/site-packages/airflow/example_dags/example_branch_operator_decorator.py
[2023-01-31T10:35:49.766+0000] {processor.py:753} INFO - DAG(s) dict_keys(['example_branch_python_operator_decorator']) retrieved from /home/airflow/.local/lib/python3.7/site-packages/airflow/example_dags/example_branch_operator_decorator.py
[2023-01-31T10:35:49.870+0000] {logging_mixin.py:137} INFO - [2023-01-31T10:35:49.870+0000] {dag.py:2690} INFO - Sync 1 DAGs
[2023-01-31T10:35:49.903+0000] {logging_mixin.py:137} INFO - [2023-01-31T10:35:49.902+0000] {dag.py:3441} INFO - Setting next_dagrun for example_branch_python_operator_decorator to 2023-01-30T00:00:00+00:00, run_after=2023-01-31T00:00:00+00:00
[2023-01-31T10:35:49.924+0000] {processor.py:175} INFO - Processing /home/airflow/.local/lib/python3.7/site-packages/airflow/example_dags/example_branch_operator_decorator.py took 0.226 seconds
[2023-01-31T10:36:20.328+0000] {processor.py:153} INFO - Started process (PID=3418) to work on /home/airflow/.local/lib/python3.7/site-packages/airflow/example_dags/example_branch_operator_decorator.py
[2023-01-31T10:36:20.356+0000] {processor.py:743} INFO - Processing file /home/airflow/.local/lib/python3.7/site-packages/airflow/example_dags/example_branch_operator_decorator.py for tasks to queue
[2023-01-31T10:36:20.380+0000] {logging_mixin.py:137} INFO - [2023-01-31T10:36:20.379+0000] {dagbag.py:538} INFO - Filling up the DagBag from /home/airflow/.local/lib/python3.7/site-packages/airflow/example_dags/example_branch_operator_decorator.py
[2023-01-31T10:36:20.551+0000] {processor.py:753} INFO - DAG(s) dict_keys(['example_branch_python_operator_decorator']) retrieved from /home/airflow/.local/lib/python3.7/site-packages/airflow/example_dags/example_branch_operator_decorator.py
[2023-01-31T10:36:20.664+0000] {logging_mixin.py:137} INFO - [2023-01-31T10:36:20.663+0000] {dag.py:2690} INFO - Sync 1 DAGs
[2023-01-31T10:36:20.742+0000] {logging_mixin.py:137} INFO - [2023-01-31T10:36:20.742+0000] {dag.py:3441} INFO - Setting next_dagrun for example_branch_python_operator_decorator to 2023-01-30T00:00:00+00:00, run_after=2023-01-31T00:00:00+00:00
[2023-01-31T10:36:20.781+0000] {processor.py:175} INFO - Processing /home/airflow/.local/lib/python3.7/site-packages/airflow/example_dags/example_branch_operator_decorator.py took 0.470 seconds
[2023-01-31T10:36:51.494+0000] {processor.py:153} INFO - Started process (PID=3501) to work on /home/airflow/.local/lib/python3.7/site-packages/airflow/example_dags/example_branch_operator_decorator.py
[2023-01-31T10:36:51.499+0000] {processor.py:743} INFO - Processing file /home/airflow/.local/lib/python3.7/site-packages/airflow/example_dags/example_branch_operator_decorator.py for tasks to queue
[2023-01-31T10:36:51.516+0000] {logging_mixin.py:137} INFO - [2023-01-31T10:36:51.516+0000] {dagbag.py:538} INFO - Filling up the DagBag from /home/airflow/.local/lib/python3.7/site-packages/airflow/example_dags/example_branch_operator_decorator.py
[2023-01-31T10:36:51.692+0000] {processor.py:753} INFO - DAG(s) dict_keys(['example_branch_python_operator_decorator']) retrieved from /home/airflow/.local/lib/python3.7/site-packages/airflow/example_dags/example_branch_operator_decorator.py
[2023-01-31T10:36:51.811+0000] {logging_mixin.py:137} INFO - [2023-01-31T10:36:51.811+0000] {dag.py:2690} INFO - Sync 1 DAGs
[2023-01-31T10:36:51.879+0000] {logging_mixin.py:137} INFO - [2023-01-31T10:36:51.879+0000] {dag.py:3441} INFO - Setting next_dagrun for example_branch_python_operator_decorator to 2023-01-30T00:00:00+00:00, run_after=2023-01-31T00:00:00+00:00
[2023-01-31T10:36:51.966+0000] {processor.py:175} INFO - Processing /home/airflow/.local/lib/python3.7/site-packages/airflow/example_dags/example_branch_operator_decorator.py took 0.507 seconds
[2023-01-31T10:37:22.260+0000] {processor.py:153} INFO - Started process (PID=3580) to work on /home/airflow/.local/lib/python3.7/site-packages/airflow/example_dags/example_branch_operator_decorator.py
[2023-01-31T10:37:22.263+0000] {processor.py:743} INFO - Processing file /home/airflow/.local/lib/python3.7/site-packages/airflow/example_dags/example_branch_operator_decorator.py for tasks to queue
[2023-01-31T10:37:22.271+0000] {logging_mixin.py:137} INFO - [2023-01-31T10:37:22.271+0000] {dagbag.py:538} INFO - Filling up the DagBag from /home/airflow/.local/lib/python3.7/site-packages/airflow/example_dags/example_branch_operator_decorator.py
[2023-01-31T10:37:22.361+0000] {processor.py:753} INFO - DAG(s) dict_keys(['example_branch_python_operator_decorator']) retrieved from /home/airflow/.local/lib/python3.7/site-packages/airflow/example_dags/example_branch_operator_decorator.py
[2023-01-31T10:37:22.480+0000] {logging_mixin.py:137} INFO - [2023-01-31T10:37:22.479+0000] {dag.py:2690} INFO - Sync 1 DAGs
[2023-01-31T10:37:22.520+0000] {logging_mixin.py:137} INFO - [2023-01-31T10:37:22.520+0000] {dag.py:3441} INFO - Setting next_dagrun for example_branch_python_operator_decorator to 2023-01-30T00:00:00+00:00, run_after=2023-01-31T00:00:00+00:00
[2023-01-31T10:37:22.539+0000] {processor.py:175} INFO - Processing /home/airflow/.local/lib/python3.7/site-packages/airflow/example_dags/example_branch_operator_decorator.py took 0.286 seconds
[2023-01-31T10:37:53.898+0000] {processor.py:153} INFO - Started process (PID=3666) to work on /home/airflow/.local/lib/python3.7/site-packages/airflow/example_dags/example_branch_operator_decorator.py
[2023-01-31T10:37:53.903+0000] {processor.py:743} INFO - Processing file /home/airflow/.local/lib/python3.7/site-packages/airflow/example_dags/example_branch_operator_decorator.py for tasks to queue
[2023-01-31T10:37:53.904+0000] {logging_mixin.py:137} INFO - [2023-01-31T10:37:53.904+0000] {dagbag.py:538} INFO - Filling up the DagBag from /home/airflow/.local/lib/python3.7/site-packages/airflow/example_dags/example_branch_operator_decorator.py
[2023-01-31T10:37:53.931+0000] {processor.py:753} INFO - DAG(s) dict_keys(['example_branch_python_operator_decorator']) retrieved from /home/airflow/.local/lib/python3.7/site-packages/airflow/example_dags/example_branch_operator_decorator.py
[2023-01-31T10:37:53.976+0000] {logging_mixin.py:137} INFO - [2023-01-31T10:37:53.976+0000] {dag.py:2690} INFO - Sync 1 DAGs
[2023-01-31T10:37:54.007+0000] {logging_mixin.py:137} INFO - [2023-01-31T10:37:54.007+0000] {dag.py:3441} INFO - Setting next_dagrun for example_branch_python_operator_decorator to 2023-01-30T00:00:00+00:00, run_after=2023-01-31T00:00:00+00:00
[2023-01-31T10:37:54.023+0000] {processor.py:175} INFO - Processing /home/airflow/.local/lib/python3.7/site-packages/airflow/example_dags/example_branch_operator_decorator.py took 0.131 seconds
[2023-01-31T10:38:24.772+0000] {processor.py:153} INFO - Started process (PID=3745) to work on /home/airflow/.local/lib/python3.7/site-packages/airflow/example_dags/example_branch_operator_decorator.py
[2023-01-31T10:38:24.774+0000] {processor.py:743} INFO - Processing file /home/airflow/.local/lib/python3.7/site-packages/airflow/example_dags/example_branch_operator_decorator.py for tasks to queue
[2023-01-31T10:38:24.776+0000] {logging_mixin.py:137} INFO - [2023-01-31T10:38:24.775+0000] {dagbag.py:538} INFO - Filling up the DagBag from /home/airflow/.local/lib/python3.7/site-packages/airflow/example_dags/example_branch_operator_decorator.py
[2023-01-31T10:38:24.797+0000] {processor.py:753} INFO - DAG(s) dict_keys(['example_branch_python_operator_decorator']) retrieved from /home/airflow/.local/lib/python3.7/site-packages/airflow/example_dags/example_branch_operator_decorator.py
[2023-01-31T10:38:24.824+0000] {logging_mixin.py:137} INFO - [2023-01-31T10:38:24.823+0000] {dag.py:2690} INFO - Sync 1 DAGs
[2023-01-31T10:38:24.845+0000] {logging_mixin.py:137} INFO - [2023-01-31T10:38:24.845+0000] {dag.py:3441} INFO - Setting next_dagrun for example_branch_python_operator_decorator to 2023-01-30T00:00:00+00:00, run_after=2023-01-31T00:00:00+00:00
[2023-01-31T10:38:24.864+0000] {processor.py:175} INFO - Processing /home/airflow/.local/lib/python3.7/site-packages/airflow/example_dags/example_branch_operator_decorator.py took 0.096 seconds
[2023-01-31T10:38:55.375+0000] {processor.py:153} INFO - Started process (PID=3828) to work on /home/airflow/.local/lib/python3.7/site-packages/airflow/example_dags/example_branch_operator_decorator.py
[2023-01-31T10:38:55.392+0000] {processor.py:743} INFO - Processing file /home/airflow/.local/lib/python3.7/site-packages/airflow/example_dags/example_branch_operator_decorator.py for tasks to queue
[2023-01-31T10:38:55.397+0000] {logging_mixin.py:137} INFO - [2023-01-31T10:38:55.397+0000] {dagbag.py:538} INFO - Filling up the DagBag from /home/airflow/.local/lib/python3.7/site-packages/airflow/example_dags/example_branch_operator_decorator.py
[2023-01-31T10:38:55.438+0000] {processor.py:753} INFO - DAG(s) dict_keys(['example_branch_python_operator_decorator']) retrieved from /home/airflow/.local/lib/python3.7/site-packages/airflow/example_dags/example_branch_operator_decorator.py
[2023-01-31T10:38:55.521+0000] {logging_mixin.py:137} INFO - [2023-01-31T10:38:55.521+0000] {dag.py:2690} INFO - Sync 1 DAGs
[2023-01-31T10:38:55.601+0000] {logging_mixin.py:137} INFO - [2023-01-31T10:38:55.601+0000] {dag.py:3441} INFO - Setting next_dagrun for example_branch_python_operator_decorator to 2023-01-30T00:00:00+00:00, run_after=2023-01-31T00:00:00+00:00
[2023-01-31T10:38:55.632+0000] {processor.py:175} INFO - Processing /home/airflow/.local/lib/python3.7/site-packages/airflow/example_dags/example_branch_operator_decorator.py took 0.267 seconds
[2023-01-31T10:39:26.519+0000] {processor.py:153} INFO - Started process (PID=3906) to work on /home/airflow/.local/lib/python3.7/site-packages/airflow/example_dags/example_branch_operator_decorator.py
[2023-01-31T10:39:26.534+0000] {processor.py:743} INFO - Processing file /home/airflow/.local/lib/python3.7/site-packages/airflow/example_dags/example_branch_operator_decorator.py for tasks to queue
[2023-01-31T10:39:26.537+0000] {logging_mixin.py:137} INFO - [2023-01-31T10:39:26.536+0000] {dagbag.py:538} INFO - Filling up the DagBag from /home/airflow/.local/lib/python3.7/site-packages/airflow/example_dags/example_branch_operator_decorator.py
[2023-01-31T10:39:26.642+0000] {processor.py:753} INFO - DAG(s) dict_keys(['example_branch_python_operator_decorator']) retrieved from /home/airflow/.local/lib/python3.7/site-packages/airflow/example_dags/example_branch_operator_decorator.py
[2023-01-31T10:39:26.768+0000] {logging_mixin.py:137} INFO - [2023-01-31T10:39:26.768+0000] {dag.py:2690} INFO - Sync 1 DAGs
[2023-01-31T10:39:26.820+0000] {logging_mixin.py:137} INFO - [2023-01-31T10:39:26.820+0000] {dag.py:3441} INFO - Setting next_dagrun for example_branch_python_operator_decorator to 2023-01-30T00:00:00+00:00, run_after=2023-01-31T00:00:00+00:00
[2023-01-31T10:39:26.842+0000] {processor.py:175} INFO - Processing /home/airflow/.local/lib/python3.7/site-packages/airflow/example_dags/example_branch_operator_decorator.py took 0.342 seconds
[2023-01-31T10:39:56.980+0000] {processor.py:153} INFO - Started process (PID=3985) to work on /home/airflow/.local/lib/python3.7/site-packages/airflow/example_dags/example_branch_operator_decorator.py
[2023-01-31T10:39:56.984+0000] {processor.py:743} INFO - Processing file /home/airflow/.local/lib/python3.7/site-packages/airflow/example_dags/example_branch_operator_decorator.py for tasks to queue
[2023-01-31T10:39:56.986+0000] {logging_mixin.py:137} INFO - [2023-01-31T10:39:56.986+0000] {dagbag.py:538} INFO - Filling up the DagBag from /home/airflow/.local/lib/python3.7/site-packages/airflow/example_dags/example_branch_operator_decorator.py
[2023-01-31T10:39:57.046+0000] {processor.py:753} INFO - DAG(s) dict_keys(['example_branch_python_operator_decorator']) retrieved from /home/airflow/.local/lib/python3.7/site-packages/airflow/example_dags/example_branch_operator_decorator.py
[2023-01-31T10:39:57.122+0000] {logging_mixin.py:137} INFO - [2023-01-31T10:39:57.122+0000] {dag.py:2690} INFO - Sync 1 DAGs
[2023-01-31T10:39:57.157+0000] {logging_mixin.py:137} INFO - [2023-01-31T10:39:57.156+0000] {dag.py:3441} INFO - Setting next_dagrun for example_branch_python_operator_decorator to 2023-01-30T00:00:00+00:00, run_after=2023-01-31T00:00:00+00:00
[2023-01-31T10:39:57.198+0000] {processor.py:175} INFO - Processing /home/airflow/.local/lib/python3.7/site-packages/airflow/example_dags/example_branch_operator_decorator.py took 0.231 seconds
[2023-01-31T10:40:28.560+0000] {processor.py:153} INFO - Started process (PID=4070) to work on /home/airflow/.local/lib/python3.7/site-packages/airflow/example_dags/example_branch_operator_decorator.py
[2023-01-31T10:40:28.563+0000] {processor.py:743} INFO - Processing file /home/airflow/.local/lib/python3.7/site-packages/airflow/example_dags/example_branch_operator_decorator.py for tasks to queue
[2023-01-31T10:40:28.565+0000] {logging_mixin.py:137} INFO - [2023-01-31T10:40:28.565+0000] {dagbag.py:538} INFO - Filling up the DagBag from /home/airflow/.local/lib/python3.7/site-packages/airflow/example_dags/example_branch_operator_decorator.py
[2023-01-31T10:40:28.722+0000] {processor.py:753} INFO - DAG(s) dict_keys(['example_branch_python_operator_decorator']) retrieved from /home/airflow/.local/lib/python3.7/site-packages/airflow/example_dags/example_branch_operator_decorator.py
[2023-01-31T10:40:28.866+0000] {logging_mixin.py:137} INFO - [2023-01-31T10:40:28.866+0000] {dag.py:2690} INFO - Sync 1 DAGs
[2023-01-31T10:40:29.031+0000] {logging_mixin.py:137} INFO - [2023-01-31T10:40:29.031+0000] {dag.py:3441} INFO - Setting next_dagrun for example_branch_python_operator_decorator to 2023-01-30T00:00:00+00:00, run_after=2023-01-31T00:00:00+00:00
[2023-01-31T10:40:29.128+0000] {processor.py:175} INFO - Processing /home/airflow/.local/lib/python3.7/site-packages/airflow/example_dags/example_branch_operator_decorator.py took 0.574 seconds
[2023-01-31T10:40:59.307+0000] {processor.py:153} INFO - Started process (PID=4158) to work on /home/airflow/.local/lib/python3.7/site-packages/airflow/example_dags/example_branch_operator_decorator.py
[2023-01-31T10:40:59.311+0000] {processor.py:743} INFO - Processing file /home/airflow/.local/lib/python3.7/site-packages/airflow/example_dags/example_branch_operator_decorator.py for tasks to queue
[2023-01-31T10:40:59.321+0000] {logging_mixin.py:137} INFO - [2023-01-31T10:40:59.321+0000] {dagbag.py:538} INFO - Filling up the DagBag from /home/airflow/.local/lib/python3.7/site-packages/airflow/example_dags/example_branch_operator_decorator.py
[2023-01-31T10:40:59.373+0000] {processor.py:753} INFO - DAG(s) dict_keys(['example_branch_python_operator_decorator']) retrieved from /home/airflow/.local/lib/python3.7/site-packages/airflow/example_dags/example_branch_operator_decorator.py
[2023-01-31T10:40:59.411+0000] {logging_mixin.py:137} INFO - [2023-01-31T10:40:59.411+0000] {dag.py:2690} INFO - Sync 1 DAGs
[2023-01-31T10:40:59.449+0000] {logging_mixin.py:137} INFO - [2023-01-31T10:40:59.449+0000] {dag.py:3441} INFO - Setting next_dagrun for example_branch_python_operator_decorator to 2023-01-30T00:00:00+00:00, run_after=2023-01-31T00:00:00+00:00
[2023-01-31T10:40:59.487+0000] {processor.py:175} INFO - Processing /home/airflow/.local/lib/python3.7/site-packages/airflow/example_dags/example_branch_operator_decorator.py took 0.184 seconds
[2023-01-31T10:41:29.573+0000] {processor.py:153} INFO - Started process (PID=4221) to work on /home/airflow/.local/lib/python3.7/site-packages/airflow/example_dags/example_branch_operator_decorator.py
[2023-01-31T10:41:29.574+0000] {processor.py:743} INFO - Processing file /home/airflow/.local/lib/python3.7/site-packages/airflow/example_dags/example_branch_operator_decorator.py for tasks to queue
[2023-01-31T10:41:29.575+0000] {logging_mixin.py:137} INFO - [2023-01-31T10:41:29.575+0000] {dagbag.py:538} INFO - Filling up the DagBag from /home/airflow/.local/lib/python3.7/site-packages/airflow/example_dags/example_branch_operator_decorator.py
[2023-01-31T10:41:29.599+0000] {processor.py:753} INFO - DAG(s) dict_keys(['example_branch_python_operator_decorator']) retrieved from /home/airflow/.local/lib/python3.7/site-packages/airflow/example_dags/example_branch_operator_decorator.py
[2023-01-31T10:41:29.634+0000] {logging_mixin.py:137} INFO - [2023-01-31T10:41:29.634+0000] {dag.py:2690} INFO - Sync 1 DAGs
[2023-01-31T10:41:29.663+0000] {logging_mixin.py:137} INFO - [2023-01-31T10:41:29.663+0000] {dag.py:3441} INFO - Setting next_dagrun for example_branch_python_operator_decorator to 2023-01-30T00:00:00+00:00, run_after=2023-01-31T00:00:00+00:00
[2023-01-31T10:41:29.675+0000] {processor.py:175} INFO - Processing /home/airflow/.local/lib/python3.7/site-packages/airflow/example_dags/example_branch_operator_decorator.py took 0.105 seconds
[2023-01-31T10:42:03.172+0000] {processor.py:153} INFO - Started process (PID=4317) to work on /home/airflow/.local/lib/python3.7/site-packages/airflow/example_dags/example_branch_operator_decorator.py
[2023-01-31T10:42:03.174+0000] {processor.py:743} INFO - Processing file /home/airflow/.local/lib/python3.7/site-packages/airflow/example_dags/example_branch_operator_decorator.py for tasks to queue
[2023-01-31T10:42:03.175+0000] {logging_mixin.py:137} INFO - [2023-01-31T10:42:03.175+0000] {dagbag.py:538} INFO - Filling up the DagBag from /home/airflow/.local/lib/python3.7/site-packages/airflow/example_dags/example_branch_operator_decorator.py
[2023-01-31T10:42:03.195+0000] {processor.py:753} INFO - DAG(s) dict_keys(['example_branch_python_operator_decorator']) retrieved from /home/airflow/.local/lib/python3.7/site-packages/airflow/example_dags/example_branch_operator_decorator.py
[2023-01-31T10:42:03.224+0000] {logging_mixin.py:137} INFO - [2023-01-31T10:42:03.224+0000] {dag.py:2690} INFO - Sync 1 DAGs
[2023-01-31T10:42:03.263+0000] {logging_mixin.py:137} INFO - [2023-01-31T10:42:03.263+0000] {dag.py:3441} INFO - Setting next_dagrun for example_branch_python_operator_decorator to 2023-01-30T00:00:00+00:00, run_after=2023-01-31T00:00:00+00:00
[2023-01-31T10:42:03.307+0000] {processor.py:175} INFO - Processing /home/airflow/.local/lib/python3.7/site-packages/airflow/example_dags/example_branch_operator_decorator.py took 0.138 seconds
[2023-01-31T10:42:36.631+0000] {processor.py:153} INFO - Started process (PID=4397) to work on /home/airflow/.local/lib/python3.7/site-packages/airflow/example_dags/example_branch_operator_decorator.py
[2023-01-31T10:42:36.633+0000] {processor.py:743} INFO - Processing file /home/airflow/.local/lib/python3.7/site-packages/airflow/example_dags/example_branch_operator_decorator.py for tasks to queue
[2023-01-31T10:42:36.634+0000] {logging_mixin.py:137} INFO - [2023-01-31T10:42:36.634+0000] {dagbag.py:538} INFO - Filling up the DagBag from /home/airflow/.local/lib/python3.7/site-packages/airflow/example_dags/example_branch_operator_decorator.py
[2023-01-31T10:42:36.654+0000] {processor.py:753} INFO - DAG(s) dict_keys(['example_branch_python_operator_decorator']) retrieved from /home/airflow/.local/lib/python3.7/site-packages/airflow/example_dags/example_branch_operator_decorator.py
[2023-01-31T10:42:36.686+0000] {logging_mixin.py:137} INFO - [2023-01-31T10:42:36.686+0000] {dag.py:2690} INFO - Sync 1 DAGs
[2023-01-31T10:42:36.705+0000] {logging_mixin.py:137} INFO - [2023-01-31T10:42:36.705+0000] {dag.py:3441} INFO - Setting next_dagrun for example_branch_python_operator_decorator to 2023-01-30T00:00:00+00:00, run_after=2023-01-31T00:00:00+00:00
[2023-01-31T10:42:36.729+0000] {processor.py:175} INFO - Processing /home/airflow/.local/lib/python3.7/site-packages/airflow/example_dags/example_branch_operator_decorator.py took 0.101 seconds
[2023-01-31T10:43:12.960+0000] {processor.py:153} INFO - Started process (PID=4497) to work on /home/airflow/.local/lib/python3.7/site-packages/airflow/example_dags/example_branch_operator_decorator.py
[2023-01-31T10:43:12.963+0000] {processor.py:743} INFO - Processing file /home/airflow/.local/lib/python3.7/site-packages/airflow/example_dags/example_branch_operator_decorator.py for tasks to queue
[2023-01-31T10:43:12.965+0000] {logging_mixin.py:137} INFO - [2023-01-31T10:43:12.965+0000] {dagbag.py:538} INFO - Filling up the DagBag from /home/airflow/.local/lib/python3.7/site-packages/airflow/example_dags/example_branch_operator_decorator.py
[2023-01-31T10:43:13.003+0000] {processor.py:753} INFO - DAG(s) dict_keys(['example_branch_python_operator_decorator']) retrieved from /home/airflow/.local/lib/python3.7/site-packages/airflow/example_dags/example_branch_operator_decorator.py
[2023-01-31T10:43:13.055+0000] {logging_mixin.py:137} INFO - [2023-01-31T10:43:13.054+0000] {dag.py:2690} INFO - Sync 1 DAGs
[2023-01-31T10:43:13.090+0000] {logging_mixin.py:137} INFO - [2023-01-31T10:43:13.090+0000] {dag.py:3441} INFO - Setting next_dagrun for example_branch_python_operator_decorator to 2023-01-30T00:00:00+00:00, run_after=2023-01-31T00:00:00+00:00
[2023-01-31T10:43:13.142+0000] {processor.py:175} INFO - Processing /home/airflow/.local/lib/python3.7/site-packages/airflow/example_dags/example_branch_operator_decorator.py took 0.187 seconds
[2023-01-31T10:43:43.581+0000] {processor.py:153} INFO - Started process (PID=4575) to work on /home/airflow/.local/lib/python3.7/site-packages/airflow/example_dags/example_branch_operator_decorator.py
[2023-01-31T10:43:43.588+0000] {processor.py:743} INFO - Processing file /home/airflow/.local/lib/python3.7/site-packages/airflow/example_dags/example_branch_operator_decorator.py for tasks to queue
[2023-01-31T10:43:43.593+0000] {logging_mixin.py:137} INFO - [2023-01-31T10:43:43.593+0000] {dagbag.py:538} INFO - Filling up the DagBag from /home/airflow/.local/lib/python3.7/site-packages/airflow/example_dags/example_branch_operator_decorator.py
[2023-01-31T10:43:43.648+0000] {processor.py:753} INFO - DAG(s) dict_keys(['example_branch_python_operator_decorator']) retrieved from /home/airflow/.local/lib/python3.7/site-packages/airflow/example_dags/example_branch_operator_decorator.py
[2023-01-31T10:43:43.717+0000] {logging_mixin.py:137} INFO - [2023-01-31T10:43:43.717+0000] {dag.py:2690} INFO - Sync 1 DAGs
[2023-01-31T10:43:43.744+0000] {logging_mixin.py:137} INFO - [2023-01-31T10:43:43.744+0000] {dag.py:3441} INFO - Setting next_dagrun for example_branch_python_operator_decorator to 2023-01-30T00:00:00+00:00, run_after=2023-01-31T00:00:00+00:00
[2023-01-31T10:43:43.773+0000] {processor.py:175} INFO - Processing /home/airflow/.local/lib/python3.7/site-packages/airflow/example_dags/example_branch_operator_decorator.py took 0.197 seconds
