[2023-01-31T10:15:28.725+0000] {processor.py:153} INFO - Started process (PID=65) to work on /home/airflow/.local/lib/python3.7/site-packages/airflow/example_dags/example_sla_dag.py
[2023-01-31T10:15:28.727+0000] {processor.py:743} INFO - Processing file /home/airflow/.local/lib/python3.7/site-packages/airflow/example_dags/example_sla_dag.py for tasks to queue
[2023-01-31T10:15:28.729+0000] {logging_mixin.py:137} INFO - [2023-01-31T10:15:28.729+0000] {dagbag.py:538} INFO - Filling up the DagBag from /home/airflow/.local/lib/python3.7/site-packages/airflow/example_dags/example_sla_dag.py
[2023-01-31T10:15:28.763+0000] {processor.py:753} INFO - DAG(s) dict_keys(['example_sla_dag']) retrieved from /home/airflow/.local/lib/python3.7/site-packages/airflow/example_dags/example_sla_dag.py
[2023-01-31T10:15:28.811+0000] {logging_mixin.py:137} INFO - [2023-01-31T10:15:28.811+0000] {dag.py:2690} INFO - Sync 1 DAGs
[2023-01-31T10:15:28.855+0000] {logging_mixin.py:137} INFO - [2023-01-31T10:15:28.855+0000] {dag.py:3441} INFO - Setting next_dagrun for example_sla_dag to 2023-01-31T10:12:00+00:00, run_after=2023-01-31T10:14:00+00:00
[2023-01-31T10:15:28.903+0000] {processor.py:175} INFO - Processing /home/airflow/.local/lib/python3.7/site-packages/airflow/example_dags/example_sla_dag.py took 0.183 seconds
[2023-01-31T10:15:59.558+0000] {processor.py:153} INFO - Started process (PID=148) to work on /home/airflow/.local/lib/python3.7/site-packages/airflow/example_dags/example_sla_dag.py
[2023-01-31T10:15:59.559+0000] {processor.py:743} INFO - Processing file /home/airflow/.local/lib/python3.7/site-packages/airflow/example_dags/example_sla_dag.py for tasks to queue
[2023-01-31T10:15:59.560+0000] {logging_mixin.py:137} INFO - [2023-01-31T10:15:59.560+0000] {dagbag.py:538} INFO - Filling up the DagBag from /home/airflow/.local/lib/python3.7/site-packages/airflow/example_dags/example_sla_dag.py
[2023-01-31T10:15:59.579+0000] {processor.py:753} INFO - DAG(s) dict_keys(['example_sla_dag']) retrieved from /home/airflow/.local/lib/python3.7/site-packages/airflow/example_dags/example_sla_dag.py
[2023-01-31T10:15:59.606+0000] {logging_mixin.py:137} INFO - [2023-01-31T10:15:59.606+0000] {dag.py:2690} INFO - Sync 1 DAGs
[2023-01-31T10:15:59.626+0000] {logging_mixin.py:137} INFO - [2023-01-31T10:15:59.626+0000] {dag.py:3441} INFO - Setting next_dagrun for example_sla_dag to 2023-01-31T10:12:00+00:00, run_after=2023-01-31T10:14:00+00:00
[2023-01-31T10:15:59.638+0000] {processor.py:175} INFO - Processing /home/airflow/.local/lib/python3.7/site-packages/airflow/example_dags/example_sla_dag.py took 0.083 seconds
[2023-01-31T10:16:29.853+0000] {processor.py:153} INFO - Started process (PID=227) to work on /home/airflow/.local/lib/python3.7/site-packages/airflow/example_dags/example_sla_dag.py
[2023-01-31T10:16:29.855+0000] {processor.py:743} INFO - Processing file /home/airflow/.local/lib/python3.7/site-packages/airflow/example_dags/example_sla_dag.py for tasks to queue
[2023-01-31T10:16:29.856+0000] {logging_mixin.py:137} INFO - [2023-01-31T10:16:29.856+0000] {dagbag.py:538} INFO - Filling up the DagBag from /home/airflow/.local/lib/python3.7/site-packages/airflow/example_dags/example_sla_dag.py
[2023-01-31T10:16:29.877+0000] {processor.py:753} INFO - DAG(s) dict_keys(['example_sla_dag']) retrieved from /home/airflow/.local/lib/python3.7/site-packages/airflow/example_dags/example_sla_dag.py
[2023-01-31T10:16:29.899+0000] {logging_mixin.py:137} INFO - [2023-01-31T10:16:29.899+0000] {dag.py:2690} INFO - Sync 1 DAGs
[2023-01-31T10:16:29.920+0000] {logging_mixin.py:137} INFO - [2023-01-31T10:16:29.920+0000] {dag.py:3441} INFO - Setting next_dagrun for example_sla_dag to 2023-01-31T10:14:00+00:00, run_after=2023-01-31T10:16:00+00:00
[2023-01-31T10:16:29.933+0000] {processor.py:175} INFO - Processing /home/airflow/.local/lib/python3.7/site-packages/airflow/example_dags/example_sla_dag.py took 0.084 seconds
[2023-01-31T10:17:00.537+0000] {processor.py:153} INFO - Started process (PID=306) to work on /home/airflow/.local/lib/python3.7/site-packages/airflow/example_dags/example_sla_dag.py
[2023-01-31T10:17:00.539+0000] {processor.py:743} INFO - Processing file /home/airflow/.local/lib/python3.7/site-packages/airflow/example_dags/example_sla_dag.py for tasks to queue
[2023-01-31T10:17:00.541+0000] {logging_mixin.py:137} INFO - [2023-01-31T10:17:00.540+0000] {dagbag.py:538} INFO - Filling up the DagBag from /home/airflow/.local/lib/python3.7/site-packages/airflow/example_dags/example_sla_dag.py
[2023-01-31T10:17:00.560+0000] {processor.py:753} INFO - DAG(s) dict_keys(['example_sla_dag']) retrieved from /home/airflow/.local/lib/python3.7/site-packages/airflow/example_dags/example_sla_dag.py
[2023-01-31T10:17:00.586+0000] {logging_mixin.py:137} INFO - [2023-01-31T10:17:00.586+0000] {dag.py:2690} INFO - Sync 1 DAGs
[2023-01-31T10:17:00.609+0000] {logging_mixin.py:137} INFO - [2023-01-31T10:17:00.609+0000] {dag.py:3441} INFO - Setting next_dagrun for example_sla_dag to 2023-01-31T10:14:00+00:00, run_after=2023-01-31T10:16:00+00:00
[2023-01-31T10:17:00.628+0000] {processor.py:175} INFO - Processing /home/airflow/.local/lib/python3.7/site-packages/airflow/example_dags/example_sla_dag.py took 0.094 seconds
[2023-01-31T10:17:31.332+0000] {processor.py:153} INFO - Started process (PID=385) to work on /home/airflow/.local/lib/python3.7/site-packages/airflow/example_dags/example_sla_dag.py
[2023-01-31T10:17:31.341+0000] {processor.py:743} INFO - Processing file /home/airflow/.local/lib/python3.7/site-packages/airflow/example_dags/example_sla_dag.py for tasks to queue
[2023-01-31T10:17:31.347+0000] {logging_mixin.py:137} INFO - [2023-01-31T10:17:31.346+0000] {dagbag.py:538} INFO - Filling up the DagBag from /home/airflow/.local/lib/python3.7/site-packages/airflow/example_dags/example_sla_dag.py
[2023-01-31T10:17:31.376+0000] {processor.py:753} INFO - DAG(s) dict_keys(['example_sla_dag']) retrieved from /home/airflow/.local/lib/python3.7/site-packages/airflow/example_dags/example_sla_dag.py
[2023-01-31T10:17:31.412+0000] {logging_mixin.py:137} INFO - [2023-01-31T10:17:31.411+0000] {dag.py:2690} INFO - Sync 1 DAGs
[2023-01-31T10:17:31.461+0000] {logging_mixin.py:137} INFO - [2023-01-31T10:17:31.461+0000] {dag.py:3441} INFO - Setting next_dagrun for example_sla_dag to 2023-01-31T10:14:00+00:00, run_after=2023-01-31T10:16:00+00:00
[2023-01-31T10:17:31.668+0000] {processor.py:175} INFO - Processing /home/airflow/.local/lib/python3.7/site-packages/airflow/example_dags/example_sla_dag.py took 0.341 seconds
[2023-01-31T10:18:01.852+0000] {processor.py:153} INFO - Started process (PID=472) to work on /home/airflow/.local/lib/python3.7/site-packages/airflow/example_dags/example_sla_dag.py
[2023-01-31T10:18:01.854+0000] {processor.py:743} INFO - Processing file /home/airflow/.local/lib/python3.7/site-packages/airflow/example_dags/example_sla_dag.py for tasks to queue
[2023-01-31T10:18:01.855+0000] {logging_mixin.py:137} INFO - [2023-01-31T10:18:01.855+0000] {dagbag.py:538} INFO - Filling up the DagBag from /home/airflow/.local/lib/python3.7/site-packages/airflow/example_dags/example_sla_dag.py
[2023-01-31T10:18:01.943+0000] {processor.py:753} INFO - DAG(s) dict_keys(['example_sla_dag']) retrieved from /home/airflow/.local/lib/python3.7/site-packages/airflow/example_dags/example_sla_dag.py
[2023-01-31T10:18:02.008+0000] {logging_mixin.py:137} INFO - [2023-01-31T10:18:02.008+0000] {dag.py:2690} INFO - Sync 1 DAGs
[2023-01-31T10:18:02.071+0000] {logging_mixin.py:137} INFO - [2023-01-31T10:18:02.071+0000] {dag.py:3441} INFO - Setting next_dagrun for example_sla_dag to 2023-01-31T10:16:00+00:00, run_after=2023-01-31T10:18:00+00:00
[2023-01-31T10:18:02.115+0000] {processor.py:175} INFO - Processing /home/airflow/.local/lib/python3.7/site-packages/airflow/example_dags/example_sla_dag.py took 0.265 seconds
[2023-01-31T10:18:33.759+0000] {processor.py:153} INFO - Started process (PID=558) to work on /home/airflow/.local/lib/python3.7/site-packages/airflow/example_dags/example_sla_dag.py
[2023-01-31T10:18:33.761+0000] {processor.py:743} INFO - Processing file /home/airflow/.local/lib/python3.7/site-packages/airflow/example_dags/example_sla_dag.py for tasks to queue
[2023-01-31T10:18:33.764+0000] {logging_mixin.py:137} INFO - [2023-01-31T10:18:33.763+0000] {dagbag.py:538} INFO - Filling up the DagBag from /home/airflow/.local/lib/python3.7/site-packages/airflow/example_dags/example_sla_dag.py
[2023-01-31T10:18:33.798+0000] {processor.py:753} INFO - DAG(s) dict_keys(['example_sla_dag']) retrieved from /home/airflow/.local/lib/python3.7/site-packages/airflow/example_dags/example_sla_dag.py
[2023-01-31T10:18:33.862+0000] {logging_mixin.py:137} INFO - [2023-01-31T10:18:33.862+0000] {dag.py:2690} INFO - Sync 1 DAGs
[2023-01-31T10:18:33.902+0000] {logging_mixin.py:137} INFO - [2023-01-31T10:18:33.902+0000] {dag.py:3441} INFO - Setting next_dagrun for example_sla_dag to 2023-01-31T10:16:00+00:00, run_after=2023-01-31T10:18:00+00:00
[2023-01-31T10:18:34.019+0000] {processor.py:175} INFO - Processing /home/airflow/.local/lib/python3.7/site-packages/airflow/example_dags/example_sla_dag.py took 0.264 seconds
[2023-01-31T10:19:05.396+0000] {processor.py:153} INFO - Started process (PID=641) to work on /home/airflow/.local/lib/python3.7/site-packages/airflow/example_dags/example_sla_dag.py
[2023-01-31T10:19:05.398+0000] {processor.py:743} INFO - Processing file /home/airflow/.local/lib/python3.7/site-packages/airflow/example_dags/example_sla_dag.py for tasks to queue
[2023-01-31T10:19:05.401+0000] {logging_mixin.py:137} INFO - [2023-01-31T10:19:05.400+0000] {dagbag.py:538} INFO - Filling up the DagBag from /home/airflow/.local/lib/python3.7/site-packages/airflow/example_dags/example_sla_dag.py
[2023-01-31T10:19:05.464+0000] {processor.py:753} INFO - DAG(s) dict_keys(['example_sla_dag']) retrieved from /home/airflow/.local/lib/python3.7/site-packages/airflow/example_dags/example_sla_dag.py
[2023-01-31T10:19:05.513+0000] {logging_mixin.py:137} INFO - [2023-01-31T10:19:05.513+0000] {dag.py:2690} INFO - Sync 1 DAGs
[2023-01-31T10:19:05.566+0000] {logging_mixin.py:137} INFO - [2023-01-31T10:19:05.566+0000] {dag.py:3441} INFO - Setting next_dagrun for example_sla_dag to 2023-01-31T10:16:00+00:00, run_after=2023-01-31T10:18:00+00:00
[2023-01-31T10:19:05.601+0000] {processor.py:175} INFO - Processing /home/airflow/.local/lib/python3.7/site-packages/airflow/example_dags/example_sla_dag.py took 0.260 seconds
[2023-01-31T10:19:36.766+0000] {processor.py:153} INFO - Started process (PID=718) to work on /home/airflow/.local/lib/python3.7/site-packages/airflow/example_dags/example_sla_dag.py
[2023-01-31T10:19:36.770+0000] {processor.py:743} INFO - Processing file /home/airflow/.local/lib/python3.7/site-packages/airflow/example_dags/example_sla_dag.py for tasks to queue
[2023-01-31T10:19:36.786+0000] {logging_mixin.py:137} INFO - [2023-01-31T10:19:36.786+0000] {dagbag.py:538} INFO - Filling up the DagBag from /home/airflow/.local/lib/python3.7/site-packages/airflow/example_dags/example_sla_dag.py
[2023-01-31T10:19:36.873+0000] {processor.py:753} INFO - DAG(s) dict_keys(['example_sla_dag']) retrieved from /home/airflow/.local/lib/python3.7/site-packages/airflow/example_dags/example_sla_dag.py
[2023-01-31T10:19:37.541+0000] {logging_mixin.py:137} INFO - [2023-01-31T10:19:37.535+0000] {dag.py:2690} INFO - Sync 1 DAGs
[2023-01-31T10:19:37.659+0000] {logging_mixin.py:137} INFO - [2023-01-31T10:19:37.659+0000] {dag.py:3441} INFO - Setting next_dagrun for example_sla_dag to 2023-01-31T10:16:00+00:00, run_after=2023-01-31T10:18:00+00:00
[2023-01-31T10:19:37.797+0000] {processor.py:175} INFO - Processing /home/airflow/.local/lib/python3.7/site-packages/airflow/example_dags/example_sla_dag.py took 1.043 seconds
[2023-01-31T10:20:07.969+0000] {processor.py:153} INFO - Started process (PID=802) to work on /home/airflow/.local/lib/python3.7/site-packages/airflow/example_dags/example_sla_dag.py
[2023-01-31T10:20:07.972+0000] {processor.py:743} INFO - Processing file /home/airflow/.local/lib/python3.7/site-packages/airflow/example_dags/example_sla_dag.py for tasks to queue
[2023-01-31T10:20:07.976+0000] {logging_mixin.py:137} INFO - [2023-01-31T10:20:07.975+0000] {dagbag.py:538} INFO - Filling up the DagBag from /home/airflow/.local/lib/python3.7/site-packages/airflow/example_dags/example_sla_dag.py
[2023-01-31T10:20:08.019+0000] {processor.py:753} INFO - DAG(s) dict_keys(['example_sla_dag']) retrieved from /home/airflow/.local/lib/python3.7/site-packages/airflow/example_dags/example_sla_dag.py
[2023-01-31T10:20:08.058+0000] {logging_mixin.py:137} INFO - [2023-01-31T10:20:08.058+0000] {dag.py:2690} INFO - Sync 1 DAGs
[2023-01-31T10:20:08.080+0000] {logging_mixin.py:137} INFO - [2023-01-31T10:20:08.080+0000] {dag.py:3441} INFO - Setting next_dagrun for example_sla_dag to 2023-01-31T10:18:00+00:00, run_after=2023-01-31T10:20:00+00:00
[2023-01-31T10:20:08.113+0000] {processor.py:175} INFO - Processing /home/airflow/.local/lib/python3.7/site-packages/airflow/example_dags/example_sla_dag.py took 0.148 seconds
[2023-01-31T10:20:38.184+0000] {processor.py:153} INFO - Started process (PID=881) to work on /home/airflow/.local/lib/python3.7/site-packages/airflow/example_dags/example_sla_dag.py
[2023-01-31T10:20:38.189+0000] {processor.py:743} INFO - Processing file /home/airflow/.local/lib/python3.7/site-packages/airflow/example_dags/example_sla_dag.py for tasks to queue
[2023-01-31T10:20:38.191+0000] {logging_mixin.py:137} INFO - [2023-01-31T10:20:38.191+0000] {dagbag.py:538} INFO - Filling up the DagBag from /home/airflow/.local/lib/python3.7/site-packages/airflow/example_dags/example_sla_dag.py
[2023-01-31T10:20:38.216+0000] {processor.py:753} INFO - DAG(s) dict_keys(['example_sla_dag']) retrieved from /home/airflow/.local/lib/python3.7/site-packages/airflow/example_dags/example_sla_dag.py
[2023-01-31T10:20:38.247+0000] {logging_mixin.py:137} INFO - [2023-01-31T10:20:38.247+0000] {dag.py:2690} INFO - Sync 1 DAGs
[2023-01-31T10:20:38.285+0000] {logging_mixin.py:137} INFO - [2023-01-31T10:20:38.285+0000] {dag.py:3441} INFO - Setting next_dagrun for example_sla_dag to 2023-01-31T10:18:00+00:00, run_after=2023-01-31T10:20:00+00:00
[2023-01-31T10:20:38.309+0000] {processor.py:175} INFO - Processing /home/airflow/.local/lib/python3.7/site-packages/airflow/example_dags/example_sla_dag.py took 0.128 seconds
[2023-01-31T10:21:09.061+0000] {processor.py:153} INFO - Started process (PID=976) to work on /home/airflow/.local/lib/python3.7/site-packages/airflow/example_dags/example_sla_dag.py
[2023-01-31T10:21:09.063+0000] {processor.py:743} INFO - Processing file /home/airflow/.local/lib/python3.7/site-packages/airflow/example_dags/example_sla_dag.py for tasks to queue
[2023-01-31T10:21:09.064+0000] {logging_mixin.py:137} INFO - [2023-01-31T10:21:09.064+0000] {dagbag.py:538} INFO - Filling up the DagBag from /home/airflow/.local/lib/python3.7/site-packages/airflow/example_dags/example_sla_dag.py
[2023-01-31T10:21:09.144+0000] {processor.py:753} INFO - DAG(s) dict_keys(['example_sla_dag']) retrieved from /home/airflow/.local/lib/python3.7/site-packages/airflow/example_dags/example_sla_dag.py
[2023-01-31T10:21:09.195+0000] {logging_mixin.py:137} INFO - [2023-01-31T10:21:09.195+0000] {dag.py:2690} INFO - Sync 1 DAGs
[2023-01-31T10:21:09.218+0000] {logging_mixin.py:137} INFO - [2023-01-31T10:21:09.218+0000] {dag.py:3441} INFO - Setting next_dagrun for example_sla_dag to 2023-01-31T10:18:00+00:00, run_after=2023-01-31T10:20:00+00:00
[2023-01-31T10:21:09.236+0000] {processor.py:175} INFO - Processing /home/airflow/.local/lib/python3.7/site-packages/airflow/example_dags/example_sla_dag.py took 0.185 seconds
[2023-01-31T10:21:39.623+0000] {processor.py:153} INFO - Started process (PID=1045) to work on /home/airflow/.local/lib/python3.7/site-packages/airflow/example_dags/example_sla_dag.py
[2023-01-31T10:21:39.625+0000] {processor.py:743} INFO - Processing file /home/airflow/.local/lib/python3.7/site-packages/airflow/example_dags/example_sla_dag.py for tasks to queue
[2023-01-31T10:21:39.626+0000] {logging_mixin.py:137} INFO - [2023-01-31T10:21:39.626+0000] {dagbag.py:538} INFO - Filling up the DagBag from /home/airflow/.local/lib/python3.7/site-packages/airflow/example_dags/example_sla_dag.py
[2023-01-31T10:21:39.661+0000] {processor.py:753} INFO - DAG(s) dict_keys(['example_sla_dag']) retrieved from /home/airflow/.local/lib/python3.7/site-packages/airflow/example_dags/example_sla_dag.py
[2023-01-31T10:21:39.720+0000] {logging_mixin.py:137} INFO - [2023-01-31T10:21:39.720+0000] {dag.py:2690} INFO - Sync 1 DAGs
[2023-01-31T10:21:39.743+0000] {logging_mixin.py:137} INFO - [2023-01-31T10:21:39.743+0000] {dag.py:3441} INFO - Setting next_dagrun for example_sla_dag to 2023-01-31T10:18:00+00:00, run_after=2023-01-31T10:20:00+00:00
[2023-01-31T10:21:39.776+0000] {processor.py:175} INFO - Processing /home/airflow/.local/lib/python3.7/site-packages/airflow/example_dags/example_sla_dag.py took 0.156 seconds
[2023-01-31T10:22:10.223+0000] {processor.py:153} INFO - Started process (PID=1133) to work on /home/airflow/.local/lib/python3.7/site-packages/airflow/example_dags/example_sla_dag.py
[2023-01-31T10:22:10.229+0000] {processor.py:743} INFO - Processing file /home/airflow/.local/lib/python3.7/site-packages/airflow/example_dags/example_sla_dag.py for tasks to queue
[2023-01-31T10:22:10.234+0000] {logging_mixin.py:137} INFO - [2023-01-31T10:22:10.234+0000] {dagbag.py:538} INFO - Filling up the DagBag from /home/airflow/.local/lib/python3.7/site-packages/airflow/example_dags/example_sla_dag.py
[2023-01-31T10:22:10.254+0000] {processor.py:753} INFO - DAG(s) dict_keys(['example_sla_dag']) retrieved from /home/airflow/.local/lib/python3.7/site-packages/airflow/example_dags/example_sla_dag.py
[2023-01-31T10:22:10.276+0000] {logging_mixin.py:137} INFO - [2023-01-31T10:22:10.276+0000] {dag.py:2690} INFO - Sync 1 DAGs
[2023-01-31T10:22:10.272+0000] {logging_mixin.py:137} INFO - [2023-01-31T10:22:10.272+0000] {dag.py:3441} INFO - Setting next_dagrun for example_sla_dag to 2023-01-31T10:20:00+00:00, run_after=2023-01-31T10:22:00+00:00
[2023-01-31T10:22:10.284+0000] {processor.py:175} INFO - Processing /home/airflow/.local/lib/python3.7/site-packages/airflow/example_dags/example_sla_dag.py took 0.091 seconds
[2023-01-31T10:22:40.480+0000] {processor.py:153} INFO - Started process (PID=1212) to work on /home/airflow/.local/lib/python3.7/site-packages/airflow/example_dags/example_sla_dag.py
[2023-01-31T10:22:40.485+0000] {processor.py:743} INFO - Processing file /home/airflow/.local/lib/python3.7/site-packages/airflow/example_dags/example_sla_dag.py for tasks to queue
[2023-01-31T10:22:40.487+0000] {logging_mixin.py:137} INFO - [2023-01-31T10:22:40.487+0000] {dagbag.py:538} INFO - Filling up the DagBag from /home/airflow/.local/lib/python3.7/site-packages/airflow/example_dags/example_sla_dag.py
[2023-01-31T10:22:40.545+0000] {processor.py:753} INFO - DAG(s) dict_keys(['example_sla_dag']) retrieved from /home/airflow/.local/lib/python3.7/site-packages/airflow/example_dags/example_sla_dag.py
[2023-01-31T10:22:40.627+0000] {logging_mixin.py:137} INFO - [2023-01-31T10:22:40.626+0000] {dag.py:2690} INFO - Sync 1 DAGs
[2023-01-31T10:22:40.653+0000] {logging_mixin.py:137} INFO - [2023-01-31T10:22:40.653+0000] {dag.py:3441} INFO - Setting next_dagrun for example_sla_dag to 2023-01-31T10:20:00+00:00, run_after=2023-01-31T10:22:00+00:00
[2023-01-31T10:22:40.668+0000] {processor.py:175} INFO - Processing /home/airflow/.local/lib/python3.7/site-packages/airflow/example_dags/example_sla_dag.py took 0.192 seconds
[2023-01-31T10:23:11.278+0000] {processor.py:153} INFO - Started process (PID=1289) to work on /home/airflow/.local/lib/python3.7/site-packages/airflow/example_dags/example_sla_dag.py
[2023-01-31T10:23:11.280+0000] {processor.py:743} INFO - Processing file /home/airflow/.local/lib/python3.7/site-packages/airflow/example_dags/example_sla_dag.py for tasks to queue
[2023-01-31T10:23:11.282+0000] {logging_mixin.py:137} INFO - [2023-01-31T10:23:11.282+0000] {dagbag.py:538} INFO - Filling up the DagBag from /home/airflow/.local/lib/python3.7/site-packages/airflow/example_dags/example_sla_dag.py
[2023-01-31T10:23:11.300+0000] {processor.py:753} INFO - DAG(s) dict_keys(['example_sla_dag']) retrieved from /home/airflow/.local/lib/python3.7/site-packages/airflow/example_dags/example_sla_dag.py
[2023-01-31T10:23:11.328+0000] {logging_mixin.py:137} INFO - [2023-01-31T10:23:11.327+0000] {dag.py:2690} INFO - Sync 1 DAGs
[2023-01-31T10:23:11.369+0000] {logging_mixin.py:137} INFO - [2023-01-31T10:23:11.369+0000] {dag.py:3441} INFO - Setting next_dagrun for example_sla_dag to 2023-01-31T10:20:00+00:00, run_after=2023-01-31T10:22:00+00:00
[2023-01-31T10:23:11.390+0000] {processor.py:175} INFO - Processing /home/airflow/.local/lib/python3.7/site-packages/airflow/example_dags/example_sla_dag.py took 0.115 seconds
[2023-01-31T10:23:41.802+0000] {processor.py:153} INFO - Started process (PID=1368) to work on /home/airflow/.local/lib/python3.7/site-packages/airflow/example_dags/example_sla_dag.py
[2023-01-31T10:23:41.806+0000] {processor.py:743} INFO - Processing file /home/airflow/.local/lib/python3.7/site-packages/airflow/example_dags/example_sla_dag.py for tasks to queue
[2023-01-31T10:23:41.808+0000] {logging_mixin.py:137} INFO - [2023-01-31T10:23:41.808+0000] {dagbag.py:538} INFO - Filling up the DagBag from /home/airflow/.local/lib/python3.7/site-packages/airflow/example_dags/example_sla_dag.py
[2023-01-31T10:23:41.824+0000] {processor.py:753} INFO - DAG(s) dict_keys(['example_sla_dag']) retrieved from /home/airflow/.local/lib/python3.7/site-packages/airflow/example_dags/example_sla_dag.py
[2023-01-31T10:23:41.848+0000] {logging_mixin.py:137} INFO - [2023-01-31T10:23:41.848+0000] {dag.py:2690} INFO - Sync 1 DAGs
[2023-01-31T10:23:41.868+0000] {logging_mixin.py:137} INFO - [2023-01-31T10:23:41.868+0000] {dag.py:3441} INFO - Setting next_dagrun for example_sla_dag to 2023-01-31T10:20:00+00:00, run_after=2023-01-31T10:22:00+00:00
[2023-01-31T10:23:41.883+0000] {processor.py:175} INFO - Processing /home/airflow/.local/lib/python3.7/site-packages/airflow/example_dags/example_sla_dag.py took 0.083 seconds
[2023-01-31T10:24:12.383+0000] {processor.py:153} INFO - Started process (PID=1447) to work on /home/airflow/.local/lib/python3.7/site-packages/airflow/example_dags/example_sla_dag.py
[2023-01-31T10:24:12.385+0000] {processor.py:743} INFO - Processing file /home/airflow/.local/lib/python3.7/site-packages/airflow/example_dags/example_sla_dag.py for tasks to queue
[2023-01-31T10:24:12.386+0000] {logging_mixin.py:137} INFO - [2023-01-31T10:24:12.386+0000] {dagbag.py:538} INFO - Filling up the DagBag from /home/airflow/.local/lib/python3.7/site-packages/airflow/example_dags/example_sla_dag.py
[2023-01-31T10:24:12.436+0000] {processor.py:753} INFO - DAG(s) dict_keys(['example_sla_dag']) retrieved from /home/airflow/.local/lib/python3.7/site-packages/airflow/example_dags/example_sla_dag.py
[2023-01-31T10:24:12.506+0000] {logging_mixin.py:137} INFO - [2023-01-31T10:24:12.506+0000] {dag.py:2690} INFO - Sync 1 DAGs
[2023-01-31T10:24:13.105+0000] {logging_mixin.py:137} INFO - [2023-01-31T10:24:13.075+0000] {dag.py:3441} INFO - Setting next_dagrun for example_sla_dag to 2023-01-31T10:22:00+00:00, run_after=2023-01-31T10:24:00+00:00
[2023-01-31T10:24:17.523+0000] {processor.py:175} INFO - Processing /home/airflow/.local/lib/python3.7/site-packages/airflow/example_dags/example_sla_dag.py took 5.143 seconds
[2023-01-31T10:24:48.327+0000] {processor.py:153} INFO - Started process (PID=1544) to work on /home/airflow/.local/lib/python3.7/site-packages/airflow/example_dags/example_sla_dag.py
[2023-01-31T10:24:48.331+0000] {processor.py:743} INFO - Processing file /home/airflow/.local/lib/python3.7/site-packages/airflow/example_dags/example_sla_dag.py for tasks to queue
[2023-01-31T10:24:48.333+0000] {logging_mixin.py:137} INFO - [2023-01-31T10:24:48.333+0000] {dagbag.py:538} INFO - Filling up the DagBag from /home/airflow/.local/lib/python3.7/site-packages/airflow/example_dags/example_sla_dag.py
[2023-01-31T10:24:48.376+0000] {processor.py:753} INFO - DAG(s) dict_keys(['example_sla_dag']) retrieved from /home/airflow/.local/lib/python3.7/site-packages/airflow/example_dags/example_sla_dag.py
[2023-01-31T10:24:48.424+0000] {logging_mixin.py:137} INFO - [2023-01-31T10:24:48.424+0000] {dag.py:2690} INFO - Sync 1 DAGs
[2023-01-31T10:24:48.461+0000] {logging_mixin.py:137} INFO - [2023-01-31T10:24:48.461+0000] {dag.py:3441} INFO - Setting next_dagrun for example_sla_dag to 2023-01-31T10:22:00+00:00, run_after=2023-01-31T10:24:00+00:00
[2023-01-31T10:24:48.490+0000] {processor.py:175} INFO - Processing /home/airflow/.local/lib/python3.7/site-packages/airflow/example_dags/example_sla_dag.py took 0.185 seconds
[2023-01-31T10:25:19.564+0000] {processor.py:153} INFO - Started process (PID=1623) to work on /home/airflow/.local/lib/python3.7/site-packages/airflow/example_dags/example_sla_dag.py
[2023-01-31T10:25:19.568+0000] {processor.py:743} INFO - Processing file /home/airflow/.local/lib/python3.7/site-packages/airflow/example_dags/example_sla_dag.py for tasks to queue
[2023-01-31T10:25:19.570+0000] {logging_mixin.py:137} INFO - [2023-01-31T10:25:19.570+0000] {dagbag.py:538} INFO - Filling up the DagBag from /home/airflow/.local/lib/python3.7/site-packages/airflow/example_dags/example_sla_dag.py
[2023-01-31T10:25:19.650+0000] {processor.py:753} INFO - DAG(s) dict_keys(['example_sla_dag']) retrieved from /home/airflow/.local/lib/python3.7/site-packages/airflow/example_dags/example_sla_dag.py
[2023-01-31T10:25:19.725+0000] {logging_mixin.py:137} INFO - [2023-01-31T10:25:19.725+0000] {dag.py:2690} INFO - Sync 1 DAGs
[2023-01-31T10:25:19.777+0000] {logging_mixin.py:137} INFO - [2023-01-31T10:25:19.777+0000] {dag.py:3441} INFO - Setting next_dagrun for example_sla_dag to 2023-01-31T10:22:00+00:00, run_after=2023-01-31T10:24:00+00:00
[2023-01-31T10:25:19.799+0000] {processor.py:175} INFO - Processing /home/airflow/.local/lib/python3.7/site-packages/airflow/example_dags/example_sla_dag.py took 0.244 seconds
[2023-01-31T10:25:50.288+0000] {processor.py:153} INFO - Started process (PID=1703) to work on /home/airflow/.local/lib/python3.7/site-packages/airflow/example_dags/example_sla_dag.py
[2023-01-31T10:25:50.292+0000] {processor.py:743} INFO - Processing file /home/airflow/.local/lib/python3.7/site-packages/airflow/example_dags/example_sla_dag.py for tasks to queue
[2023-01-31T10:25:50.294+0000] {logging_mixin.py:137} INFO - [2023-01-31T10:25:50.294+0000] {dagbag.py:538} INFO - Filling up the DagBag from /home/airflow/.local/lib/python3.7/site-packages/airflow/example_dags/example_sla_dag.py
[2023-01-31T10:25:50.363+0000] {processor.py:753} INFO - DAG(s) dict_keys(['example_sla_dag']) retrieved from /home/airflow/.local/lib/python3.7/site-packages/airflow/example_dags/example_sla_dag.py
[2023-01-31T10:25:50.409+0000] {logging_mixin.py:137} INFO - [2023-01-31T10:25:50.409+0000] {dag.py:2690} INFO - Sync 1 DAGs
[2023-01-31T10:25:50.470+0000] {logging_mixin.py:137} INFO - [2023-01-31T10:25:50.470+0000] {dag.py:3441} INFO - Setting next_dagrun for example_sla_dag to 2023-01-31T10:22:00+00:00, run_after=2023-01-31T10:24:00+00:00
[2023-01-31T10:25:50.491+0000] {processor.py:175} INFO - Processing /home/airflow/.local/lib/python3.7/site-packages/airflow/example_dags/example_sla_dag.py took 0.212 seconds
[2023-01-31T10:26:21.440+0000] {processor.py:153} INFO - Started process (PID=1786) to work on /home/airflow/.local/lib/python3.7/site-packages/airflow/example_dags/example_sla_dag.py
[2023-01-31T10:26:21.452+0000] {processor.py:743} INFO - Processing file /home/airflow/.local/lib/python3.7/site-packages/airflow/example_dags/example_sla_dag.py for tasks to queue
[2023-01-31T10:26:21.458+0000] {logging_mixin.py:137} INFO - [2023-01-31T10:26:21.458+0000] {dagbag.py:538} INFO - Filling up the DagBag from /home/airflow/.local/lib/python3.7/site-packages/airflow/example_dags/example_sla_dag.py
[2023-01-31T10:26:21.503+0000] {processor.py:753} INFO - DAG(s) dict_keys(['example_sla_dag']) retrieved from /home/airflow/.local/lib/python3.7/site-packages/airflow/example_dags/example_sla_dag.py
[2023-01-31T10:26:21.552+0000] {logging_mixin.py:137} INFO - [2023-01-31T10:26:21.552+0000] {dag.py:2690} INFO - Sync 1 DAGs
[2023-01-31T10:26:21.580+0000] {logging_mixin.py:137} INFO - [2023-01-31T10:26:21.580+0000] {dag.py:3441} INFO - Setting next_dagrun for example_sla_dag to 2023-01-31T10:24:00+00:00, run_after=2023-01-31T10:26:00+00:00
[2023-01-31T10:26:21.603+0000] {processor.py:175} INFO - Processing /home/airflow/.local/lib/python3.7/site-packages/airflow/example_dags/example_sla_dag.py took 0.175 seconds
[2023-01-31T10:26:52.073+0000] {processor.py:153} INFO - Started process (PID=1881) to work on /home/airflow/.local/lib/python3.7/site-packages/airflow/example_dags/example_sla_dag.py
[2023-01-31T10:26:52.076+0000] {processor.py:743} INFO - Processing file /home/airflow/.local/lib/python3.7/site-packages/airflow/example_dags/example_sla_dag.py for tasks to queue
[2023-01-31T10:26:52.078+0000] {logging_mixin.py:137} INFO - [2023-01-31T10:26:52.078+0000] {dagbag.py:538} INFO - Filling up the DagBag from /home/airflow/.local/lib/python3.7/site-packages/airflow/example_dags/example_sla_dag.py
[2023-01-31T10:26:52.111+0000] {processor.py:753} INFO - DAG(s) dict_keys(['example_sla_dag']) retrieved from /home/airflow/.local/lib/python3.7/site-packages/airflow/example_dags/example_sla_dag.py
[2023-01-31T10:26:52.158+0000] {logging_mixin.py:137} INFO - [2023-01-31T10:26:52.158+0000] {dag.py:2690} INFO - Sync 1 DAGs
[2023-01-31T10:26:52.189+0000] {logging_mixin.py:137} INFO - [2023-01-31T10:26:52.189+0000] {dag.py:3441} INFO - Setting next_dagrun for example_sla_dag to 2023-01-31T10:24:00+00:00, run_after=2023-01-31T10:26:00+00:00
[2023-01-31T10:26:52.213+0000] {processor.py:175} INFO - Processing /home/airflow/.local/lib/python3.7/site-packages/airflow/example_dags/example_sla_dag.py took 0.150 seconds
[2023-01-31T10:27:22.700+0000] {processor.py:153} INFO - Started process (PID=1960) to work on /home/airflow/.local/lib/python3.7/site-packages/airflow/example_dags/example_sla_dag.py
[2023-01-31T10:27:22.703+0000] {processor.py:743} INFO - Processing file /home/airflow/.local/lib/python3.7/site-packages/airflow/example_dags/example_sla_dag.py for tasks to queue
[2023-01-31T10:27:22.706+0000] {logging_mixin.py:137} INFO - [2023-01-31T10:27:22.706+0000] {dagbag.py:538} INFO - Filling up the DagBag from /home/airflow/.local/lib/python3.7/site-packages/airflow/example_dags/example_sla_dag.py
[2023-01-31T10:27:22.743+0000] {processor.py:753} INFO - DAG(s) dict_keys(['example_sla_dag']) retrieved from /home/airflow/.local/lib/python3.7/site-packages/airflow/example_dags/example_sla_dag.py
[2023-01-31T10:27:22.804+0000] {logging_mixin.py:137} INFO - [2023-01-31T10:27:22.804+0000] {dag.py:2690} INFO - Sync 1 DAGs
[2023-01-31T10:27:22.831+0000] {logging_mixin.py:137} INFO - [2023-01-31T10:27:22.831+0000] {dag.py:3441} INFO - Setting next_dagrun for example_sla_dag to 2023-01-31T10:24:00+00:00, run_after=2023-01-31T10:26:00+00:00
[2023-01-31T10:27:22.845+0000] {processor.py:175} INFO - Processing /home/airflow/.local/lib/python3.7/site-packages/airflow/example_dags/example_sla_dag.py took 0.154 seconds
[2023-01-31T10:27:53.801+0000] {processor.py:153} INFO - Started process (PID=2049) to work on /home/airflow/.local/lib/python3.7/site-packages/airflow/example_dags/example_sla_dag.py
[2023-01-31T10:27:53.809+0000] {processor.py:743} INFO - Processing file /home/airflow/.local/lib/python3.7/site-packages/airflow/example_dags/example_sla_dag.py for tasks to queue
[2023-01-31T10:27:53.811+0000] {logging_mixin.py:137} INFO - [2023-01-31T10:27:53.810+0000] {dagbag.py:538} INFO - Filling up the DagBag from /home/airflow/.local/lib/python3.7/site-packages/airflow/example_dags/example_sla_dag.py
[2023-01-31T10:27:53.880+0000] {processor.py:753} INFO - DAG(s) dict_keys(['example_sla_dag']) retrieved from /home/airflow/.local/lib/python3.7/site-packages/airflow/example_dags/example_sla_dag.py
[2023-01-31T10:27:53.969+0000] {logging_mixin.py:137} INFO - [2023-01-31T10:27:53.969+0000] {dag.py:2690} INFO - Sync 1 DAGs
[2023-01-31T10:27:54.026+0000] {logging_mixin.py:137} INFO - [2023-01-31T10:27:54.026+0000] {dag.py:3441} INFO - Setting next_dagrun for example_sla_dag to 2023-01-31T10:24:00+00:00, run_after=2023-01-31T10:26:00+00:00
[2023-01-31T10:27:54.050+0000] {processor.py:175} INFO - Processing /home/airflow/.local/lib/python3.7/site-packages/airflow/example_dags/example_sla_dag.py took 0.288 seconds
[2023-01-31T10:28:24.203+0000] {processor.py:153} INFO - Started process (PID=2135) to work on /home/airflow/.local/lib/python3.7/site-packages/airflow/example_dags/example_sla_dag.py
[2023-01-31T10:28:24.209+0000] {processor.py:743} INFO - Processing file /home/airflow/.local/lib/python3.7/site-packages/airflow/example_dags/example_sla_dag.py for tasks to queue
[2023-01-31T10:28:24.215+0000] {logging_mixin.py:137} INFO - [2023-01-31T10:28:24.215+0000] {dagbag.py:538} INFO - Filling up the DagBag from /home/airflow/.local/lib/python3.7/site-packages/airflow/example_dags/example_sla_dag.py
[2023-01-31T10:28:24.259+0000] {processor.py:753} INFO - DAG(s) dict_keys(['example_sla_dag']) retrieved from /home/airflow/.local/lib/python3.7/site-packages/airflow/example_dags/example_sla_dag.py
[2023-01-31T10:28:24.320+0000] {logging_mixin.py:137} INFO - [2023-01-31T10:28:24.320+0000] {dag.py:2690} INFO - Sync 1 DAGs
[2023-01-31T10:28:24.368+0000] {logging_mixin.py:137} INFO - [2023-01-31T10:28:24.368+0000] {dag.py:3441} INFO - Setting next_dagrun for example_sla_dag to 2023-01-31T10:26:00+00:00, run_after=2023-01-31T10:28:00+00:00
[2023-01-31T10:28:24.388+0000] {processor.py:175} INFO - Processing /home/airflow/.local/lib/python3.7/site-packages/airflow/example_dags/example_sla_dag.py took 0.206 seconds
[2023-01-31T10:28:54.531+0000] {processor.py:153} INFO - Started process (PID=2214) to work on /home/airflow/.local/lib/python3.7/site-packages/airflow/example_dags/example_sla_dag.py
[2023-01-31T10:28:54.534+0000] {processor.py:743} INFO - Processing file /home/airflow/.local/lib/python3.7/site-packages/airflow/example_dags/example_sla_dag.py for tasks to queue
[2023-01-31T10:28:54.536+0000] {logging_mixin.py:137} INFO - [2023-01-31T10:28:54.535+0000] {dagbag.py:538} INFO - Filling up the DagBag from /home/airflow/.local/lib/python3.7/site-packages/airflow/example_dags/example_sla_dag.py
[2023-01-31T10:28:54.687+0000] {processor.py:753} INFO - DAG(s) dict_keys(['example_sla_dag']) retrieved from /home/airflow/.local/lib/python3.7/site-packages/airflow/example_dags/example_sla_dag.py
[2023-01-31T10:28:55.005+0000] {logging_mixin.py:137} INFO - [2023-01-31T10:28:55.005+0000] {dag.py:2690} INFO - Sync 1 DAGs
[2023-01-31T10:28:55.061+0000] {logging_mixin.py:137} INFO - [2023-01-31T10:28:55.061+0000] {dag.py:3441} INFO - Setting next_dagrun for example_sla_dag to 2023-01-31T10:26:00+00:00, run_after=2023-01-31T10:28:00+00:00
[2023-01-31T10:28:55.087+0000] {processor.py:175} INFO - Processing /home/airflow/.local/lib/python3.7/site-packages/airflow/example_dags/example_sla_dag.py took 0.565 seconds
[2023-01-31T10:29:26.277+0000] {processor.py:153} INFO - Started process (PID=2292) to work on /home/airflow/.local/lib/python3.7/site-packages/airflow/example_dags/example_sla_dag.py
[2023-01-31T10:29:26.331+0000] {processor.py:743} INFO - Processing file /home/airflow/.local/lib/python3.7/site-packages/airflow/example_dags/example_sla_dag.py for tasks to queue
[2023-01-31T10:29:26.411+0000] {logging_mixin.py:137} INFO - [2023-01-31T10:29:26.407+0000] {dagbag.py:538} INFO - Filling up the DagBag from /home/airflow/.local/lib/python3.7/site-packages/airflow/example_dags/example_sla_dag.py
[2023-01-31T10:29:26.885+0000] {processor.py:753} INFO - DAG(s) dict_keys(['example_sla_dag']) retrieved from /home/airflow/.local/lib/python3.7/site-packages/airflow/example_dags/example_sla_dag.py
[2023-01-31T10:29:28.462+0000] {logging_mixin.py:137} INFO - [2023-01-31T10:29:28.449+0000] {dag.py:2690} INFO - Sync 1 DAGs
[2023-01-31T10:29:28.597+0000] {logging_mixin.py:137} INFO - [2023-01-31T10:29:28.597+0000] {dag.py:3441} INFO - Setting next_dagrun for example_sla_dag to 2023-01-31T10:26:00+00:00, run_after=2023-01-31T10:28:00+00:00
[2023-01-31T10:29:28.744+0000] {processor.py:175} INFO - Processing /home/airflow/.local/lib/python3.7/site-packages/airflow/example_dags/example_sla_dag.py took 2.522 seconds
[2023-01-31T10:29:59.463+0000] {processor.py:153} INFO - Started process (PID=2372) to work on /home/airflow/.local/lib/python3.7/site-packages/airflow/example_dags/example_sla_dag.py
[2023-01-31T10:29:59.473+0000] {processor.py:743} INFO - Processing file /home/airflow/.local/lib/python3.7/site-packages/airflow/example_dags/example_sla_dag.py for tasks to queue
[2023-01-31T10:29:59.477+0000] {logging_mixin.py:137} INFO - [2023-01-31T10:29:59.477+0000] {dagbag.py:538} INFO - Filling up the DagBag from /home/airflow/.local/lib/python3.7/site-packages/airflow/example_dags/example_sla_dag.py
[2023-01-31T10:29:59.549+0000] {processor.py:753} INFO - DAG(s) dict_keys(['example_sla_dag']) retrieved from /home/airflow/.local/lib/python3.7/site-packages/airflow/example_dags/example_sla_dag.py
[2023-01-31T10:29:59.905+0000] {logging_mixin.py:137} INFO - [2023-01-31T10:29:59.904+0000] {dag.py:2690} INFO - Sync 1 DAGs
[2023-01-31T10:30:00.093+0000] {logging_mixin.py:137} INFO - [2023-01-31T10:30:00.093+0000] {dag.py:3441} INFO - Setting next_dagrun for example_sla_dag to 2023-01-31T10:28:00+00:00, run_after=2023-01-31T10:30:00+00:00
[2023-01-31T10:30:00.175+0000] {processor.py:175} INFO - Processing /home/airflow/.local/lib/python3.7/site-packages/airflow/example_dags/example_sla_dag.py took 0.755 seconds
[2023-01-31T10:30:30.833+0000] {processor.py:153} INFO - Started process (PID=2457) to work on /home/airflow/.local/lib/python3.7/site-packages/airflow/example_dags/example_sla_dag.py
[2023-01-31T10:30:30.845+0000] {processor.py:743} INFO - Processing file /home/airflow/.local/lib/python3.7/site-packages/airflow/example_dags/example_sla_dag.py for tasks to queue
[2023-01-31T10:30:30.852+0000] {logging_mixin.py:137} INFO - [2023-01-31T10:30:30.852+0000] {dagbag.py:538} INFO - Filling up the DagBag from /home/airflow/.local/lib/python3.7/site-packages/airflow/example_dags/example_sla_dag.py
[2023-01-31T10:30:30.971+0000] {processor.py:753} INFO - DAG(s) dict_keys(['example_sla_dag']) retrieved from /home/airflow/.local/lib/python3.7/site-packages/airflow/example_dags/example_sla_dag.py
[2023-01-31T10:30:31.097+0000] {logging_mixin.py:137} INFO - [2023-01-31T10:30:31.096+0000] {dag.py:2690} INFO - Sync 1 DAGs
[2023-01-31T10:30:31.175+0000] {logging_mixin.py:137} INFO - [2023-01-31T10:30:31.175+0000] {dag.py:3441} INFO - Setting next_dagrun for example_sla_dag to 2023-01-31T10:28:00+00:00, run_after=2023-01-31T10:30:00+00:00
[2023-01-31T10:30:31.261+0000] {processor.py:175} INFO - Processing /home/airflow/.local/lib/python3.7/site-packages/airflow/example_dags/example_sla_dag.py took 0.443 seconds
[2023-01-31T10:31:01.745+0000] {processor.py:153} INFO - Started process (PID=2544) to work on /home/airflow/.local/lib/python3.7/site-packages/airflow/example_dags/example_sla_dag.py
[2023-01-31T10:31:01.750+0000] {processor.py:743} INFO - Processing file /home/airflow/.local/lib/python3.7/site-packages/airflow/example_dags/example_sla_dag.py for tasks to queue
[2023-01-31T10:31:01.753+0000] {logging_mixin.py:137} INFO - [2023-01-31T10:31:01.752+0000] {dagbag.py:538} INFO - Filling up the DagBag from /home/airflow/.local/lib/python3.7/site-packages/airflow/example_dags/example_sla_dag.py
[2023-01-31T10:31:01.835+0000] {processor.py:753} INFO - DAG(s) dict_keys(['example_sla_dag']) retrieved from /home/airflow/.local/lib/python3.7/site-packages/airflow/example_dags/example_sla_dag.py
[2023-01-31T10:31:01.938+0000] {logging_mixin.py:137} INFO - [2023-01-31T10:31:01.938+0000] {dag.py:2690} INFO - Sync 1 DAGs
[2023-01-31T10:31:01.998+0000] {logging_mixin.py:137} INFO - [2023-01-31T10:31:01.998+0000] {dag.py:3441} INFO - Setting next_dagrun for example_sla_dag to 2023-01-31T10:28:00+00:00, run_after=2023-01-31T10:30:00+00:00
[2023-01-31T10:31:02.028+0000] {processor.py:175} INFO - Processing /home/airflow/.local/lib/python3.7/site-packages/airflow/example_dags/example_sla_dag.py took 0.297 seconds
[2023-01-31T10:31:32.805+0000] {processor.py:153} INFO - Started process (PID=2622) to work on /home/airflow/.local/lib/python3.7/site-packages/airflow/example_dags/example_sla_dag.py
[2023-01-31T10:31:32.809+0000] {processor.py:743} INFO - Processing file /home/airflow/.local/lib/python3.7/site-packages/airflow/example_dags/example_sla_dag.py for tasks to queue
[2023-01-31T10:31:32.822+0000] {logging_mixin.py:137} INFO - [2023-01-31T10:31:32.822+0000] {dagbag.py:538} INFO - Filling up the DagBag from /home/airflow/.local/lib/python3.7/site-packages/airflow/example_dags/example_sla_dag.py
[2023-01-31T10:31:32.907+0000] {processor.py:753} INFO - DAG(s) dict_keys(['example_sla_dag']) retrieved from /home/airflow/.local/lib/python3.7/site-packages/airflow/example_dags/example_sla_dag.py
[2023-01-31T10:31:33.028+0000] {logging_mixin.py:137} INFO - [2023-01-31T10:31:33.028+0000] {dag.py:2690} INFO - Sync 1 DAGs
[2023-01-31T10:31:33.072+0000] {logging_mixin.py:137} INFO - [2023-01-31T10:31:33.072+0000] {dag.py:3441} INFO - Setting next_dagrun for example_sla_dag to 2023-01-31T10:28:00+00:00, run_after=2023-01-31T10:30:00+00:00
[2023-01-31T10:31:33.090+0000] {processor.py:175} INFO - Processing /home/airflow/.local/lib/python3.7/site-packages/airflow/example_dags/example_sla_dag.py took 0.309 seconds
[2023-01-31T10:32:04.272+0000] {processor.py:153} INFO - Started process (PID=2716) to work on /home/airflow/.local/lib/python3.7/site-packages/airflow/example_dags/example_sla_dag.py
[2023-01-31T10:32:04.287+0000] {processor.py:743} INFO - Processing file /home/airflow/.local/lib/python3.7/site-packages/airflow/example_dags/example_sla_dag.py for tasks to queue
[2023-01-31T10:32:04.293+0000] {logging_mixin.py:137} INFO - [2023-01-31T10:32:04.292+0000] {dagbag.py:538} INFO - Filling up the DagBag from /home/airflow/.local/lib/python3.7/site-packages/airflow/example_dags/example_sla_dag.py
[2023-01-31T10:32:04.404+0000] {processor.py:753} INFO - DAG(s) dict_keys(['example_sla_dag']) retrieved from /home/airflow/.local/lib/python3.7/site-packages/airflow/example_dags/example_sla_dag.py
[2023-01-31T10:32:04.681+0000] {logging_mixin.py:137} INFO - [2023-01-31T10:32:04.681+0000] {dag.py:2690} INFO - Sync 1 DAGs
[2023-01-31T10:32:04.787+0000] {logging_mixin.py:137} INFO - [2023-01-31T10:32:04.787+0000] {dag.py:3441} INFO - Setting next_dagrun for example_sla_dag to 2023-01-31T10:30:00+00:00, run_after=2023-01-31T10:32:00+00:00
[2023-01-31T10:32:04.937+0000] {processor.py:175} INFO - Processing /home/airflow/.local/lib/python3.7/site-packages/airflow/example_dags/example_sla_dag.py took 0.690 seconds
[2023-01-31T10:32:35.356+0000] {processor.py:153} INFO - Started process (PID=2795) to work on /home/airflow/.local/lib/python3.7/site-packages/airflow/example_dags/example_sla_dag.py
[2023-01-31T10:32:35.365+0000] {processor.py:743} INFO - Processing file /home/airflow/.local/lib/python3.7/site-packages/airflow/example_dags/example_sla_dag.py for tasks to queue
[2023-01-31T10:32:35.371+0000] {logging_mixin.py:137} INFO - [2023-01-31T10:32:35.370+0000] {dagbag.py:538} INFO - Filling up the DagBag from /home/airflow/.local/lib/python3.7/site-packages/airflow/example_dags/example_sla_dag.py
[2023-01-31T10:32:35.456+0000] {processor.py:753} INFO - DAG(s) dict_keys(['example_sla_dag']) retrieved from /home/airflow/.local/lib/python3.7/site-packages/airflow/example_dags/example_sla_dag.py
[2023-01-31T10:32:35.523+0000] {logging_mixin.py:137} INFO - [2023-01-31T10:32:35.523+0000] {dag.py:2690} INFO - Sync 1 DAGs
[2023-01-31T10:32:35.627+0000] {logging_mixin.py:137} INFO - [2023-01-31T10:32:35.627+0000] {dag.py:3441} INFO - Setting next_dagrun for example_sla_dag to 2023-01-31T10:30:00+00:00, run_after=2023-01-31T10:32:00+00:00
[2023-01-31T10:32:35.682+0000] {processor.py:175} INFO - Processing /home/airflow/.local/lib/python3.7/site-packages/airflow/example_dags/example_sla_dag.py took 0.335 seconds
[2023-01-31T10:33:06.042+0000] {processor.py:153} INFO - Started process (PID=2883) to work on /home/airflow/.local/lib/python3.7/site-packages/airflow/example_dags/example_sla_dag.py
[2023-01-31T10:33:06.060+0000] {processor.py:743} INFO - Processing file /home/airflow/.local/lib/python3.7/site-packages/airflow/example_dags/example_sla_dag.py for tasks to queue
[2023-01-31T10:33:06.097+0000] {logging_mixin.py:137} INFO - [2023-01-31T10:33:06.097+0000] {dagbag.py:538} INFO - Filling up the DagBag from /home/airflow/.local/lib/python3.7/site-packages/airflow/example_dags/example_sla_dag.py
[2023-01-31T10:33:06.200+0000] {processor.py:753} INFO - DAG(s) dict_keys(['example_sla_dag']) retrieved from /home/airflow/.local/lib/python3.7/site-packages/airflow/example_dags/example_sla_dag.py
[2023-01-31T10:33:06.294+0000] {logging_mixin.py:137} INFO - [2023-01-31T10:33:06.294+0000] {dag.py:2690} INFO - Sync 1 DAGs
[2023-01-31T10:33:06.384+0000] {logging_mixin.py:137} INFO - [2023-01-31T10:33:06.384+0000] {dag.py:3441} INFO - Setting next_dagrun for example_sla_dag to 2023-01-31T10:30:00+00:00, run_after=2023-01-31T10:32:00+00:00
[2023-01-31T10:33:06.424+0000] {processor.py:175} INFO - Processing /home/airflow/.local/lib/python3.7/site-packages/airflow/example_dags/example_sla_dag.py took 0.391 seconds
[2023-01-31T10:33:37.181+0000] {processor.py:153} INFO - Started process (PID=2969) to work on /home/airflow/.local/lib/python3.7/site-packages/airflow/example_dags/example_sla_dag.py
[2023-01-31T10:33:37.186+0000] {processor.py:743} INFO - Processing file /home/airflow/.local/lib/python3.7/site-packages/airflow/example_dags/example_sla_dag.py for tasks to queue
[2023-01-31T10:33:37.196+0000] {logging_mixin.py:137} INFO - [2023-01-31T10:33:37.194+0000] {dagbag.py:538} INFO - Filling up the DagBag from /home/airflow/.local/lib/python3.7/site-packages/airflow/example_dags/example_sla_dag.py
[2023-01-31T10:33:37.261+0000] {processor.py:753} INFO - DAG(s) dict_keys(['example_sla_dag']) retrieved from /home/airflow/.local/lib/python3.7/site-packages/airflow/example_dags/example_sla_dag.py
[2023-01-31T10:33:37.341+0000] {logging_mixin.py:137} INFO - [2023-01-31T10:33:37.340+0000] {dag.py:2690} INFO - Sync 1 DAGs
[2023-01-31T10:33:37.394+0000] {logging_mixin.py:137} INFO - [2023-01-31T10:33:37.394+0000] {dag.py:3441} INFO - Setting next_dagrun for example_sla_dag to 2023-01-31T10:30:00+00:00, run_after=2023-01-31T10:32:00+00:00
[2023-01-31T10:33:37.409+0000] {processor.py:175} INFO - Processing /home/airflow/.local/lib/python3.7/site-packages/airflow/example_dags/example_sla_dag.py took 0.242 seconds
[2023-01-31T10:34:07.576+0000] {processor.py:153} INFO - Started process (PID=3048) to work on /home/airflow/.local/lib/python3.7/site-packages/airflow/example_dags/example_sla_dag.py
[2023-01-31T10:34:07.589+0000] {processor.py:743} INFO - Processing file /home/airflow/.local/lib/python3.7/site-packages/airflow/example_dags/example_sla_dag.py for tasks to queue
[2023-01-31T10:34:07.593+0000] {logging_mixin.py:137} INFO - [2023-01-31T10:34:07.592+0000] {dagbag.py:538} INFO - Filling up the DagBag from /home/airflow/.local/lib/python3.7/site-packages/airflow/example_dags/example_sla_dag.py
[2023-01-31T10:34:07.660+0000] {processor.py:753} INFO - DAG(s) dict_keys(['example_sla_dag']) retrieved from /home/airflow/.local/lib/python3.7/site-packages/airflow/example_dags/example_sla_dag.py
[2023-01-31T10:34:07.750+0000] {logging_mixin.py:137} INFO - [2023-01-31T10:34:07.750+0000] {dag.py:2690} INFO - Sync 1 DAGs
[2023-01-31T10:34:07.915+0000] {logging_mixin.py:137} INFO - [2023-01-31T10:34:07.913+0000] {dag.py:3441} INFO - Setting next_dagrun for example_sla_dag to 2023-01-31T10:32:00+00:00, run_after=2023-01-31T10:34:00+00:00
[2023-01-31T10:34:07.971+0000] {processor.py:175} INFO - Processing /home/airflow/.local/lib/python3.7/site-packages/airflow/example_dags/example_sla_dag.py took 0.416 seconds
[2023-01-31T10:34:38.621+0000] {processor.py:153} INFO - Started process (PID=3143) to work on /home/airflow/.local/lib/python3.7/site-packages/airflow/example_dags/example_sla_dag.py
[2023-01-31T10:34:38.625+0000] {processor.py:743} INFO - Processing file /home/airflow/.local/lib/python3.7/site-packages/airflow/example_dags/example_sla_dag.py for tasks to queue
[2023-01-31T10:34:38.627+0000] {logging_mixin.py:137} INFO - [2023-01-31T10:34:38.626+0000] {dagbag.py:538} INFO - Filling up the DagBag from /home/airflow/.local/lib/python3.7/site-packages/airflow/example_dags/example_sla_dag.py
[2023-01-31T10:34:38.674+0000] {processor.py:753} INFO - DAG(s) dict_keys(['example_sla_dag']) retrieved from /home/airflow/.local/lib/python3.7/site-packages/airflow/example_dags/example_sla_dag.py
[2023-01-31T10:34:38.725+0000] {logging_mixin.py:137} INFO - [2023-01-31T10:34:38.725+0000] {dag.py:2690} INFO - Sync 1 DAGs
[2023-01-31T10:34:38.765+0000] {logging_mixin.py:137} INFO - [2023-01-31T10:34:38.764+0000] {dag.py:3441} INFO - Setting next_dagrun for example_sla_dag to 2023-01-31T10:32:00+00:00, run_after=2023-01-31T10:34:00+00:00
[2023-01-31T10:34:38.792+0000] {processor.py:175} INFO - Processing /home/airflow/.local/lib/python3.7/site-packages/airflow/example_dags/example_sla_dag.py took 0.193 seconds
[2023-01-31T10:35:10.227+0000] {processor.py:153} INFO - Started process (PID=3223) to work on /home/airflow/.local/lib/python3.7/site-packages/airflow/example_dags/example_sla_dag.py
[2023-01-31T10:35:10.242+0000] {processor.py:743} INFO - Processing file /home/airflow/.local/lib/python3.7/site-packages/airflow/example_dags/example_sla_dag.py for tasks to queue
[2023-01-31T10:35:10.244+0000] {logging_mixin.py:137} INFO - [2023-01-31T10:35:10.244+0000] {dagbag.py:538} INFO - Filling up the DagBag from /home/airflow/.local/lib/python3.7/site-packages/airflow/example_dags/example_sla_dag.py
[2023-01-31T10:35:10.291+0000] {processor.py:753} INFO - DAG(s) dict_keys(['example_sla_dag']) retrieved from /home/airflow/.local/lib/python3.7/site-packages/airflow/example_dags/example_sla_dag.py
[2023-01-31T10:35:10.377+0000] {logging_mixin.py:137} INFO - [2023-01-31T10:35:10.377+0000] {dag.py:2690} INFO - Sync 1 DAGs
[2023-01-31T10:35:10.442+0000] {logging_mixin.py:137} INFO - [2023-01-31T10:35:10.442+0000] {dag.py:3441} INFO - Setting next_dagrun for example_sla_dag to 2023-01-31T10:32:00+00:00, run_after=2023-01-31T10:34:00+00:00
[2023-01-31T10:35:10.493+0000] {processor.py:175} INFO - Processing /home/airflow/.local/lib/python3.7/site-packages/airflow/example_dags/example_sla_dag.py took 0.275 seconds
[2023-01-31T10:35:41.492+0000] {processor.py:153} INFO - Started process (PID=3306) to work on /home/airflow/.local/lib/python3.7/site-packages/airflow/example_dags/example_sla_dag.py
[2023-01-31T10:35:41.504+0000] {processor.py:743} INFO - Processing file /home/airflow/.local/lib/python3.7/site-packages/airflow/example_dags/example_sla_dag.py for tasks to queue
[2023-01-31T10:35:41.509+0000] {logging_mixin.py:137} INFO - [2023-01-31T10:35:41.508+0000] {dagbag.py:538} INFO - Filling up the DagBag from /home/airflow/.local/lib/python3.7/site-packages/airflow/example_dags/example_sla_dag.py
[2023-01-31T10:35:41.563+0000] {processor.py:753} INFO - DAG(s) dict_keys(['example_sla_dag']) retrieved from /home/airflow/.local/lib/python3.7/site-packages/airflow/example_dags/example_sla_dag.py
[2023-01-31T10:35:41.662+0000] {logging_mixin.py:137} INFO - [2023-01-31T10:35:41.662+0000] {dag.py:2690} INFO - Sync 1 DAGs
[2023-01-31T10:35:41.699+0000] {logging_mixin.py:137} INFO - [2023-01-31T10:35:41.699+0000] {dag.py:3441} INFO - Setting next_dagrun for example_sla_dag to 2023-01-31T10:32:00+00:00, run_after=2023-01-31T10:34:00+00:00
[2023-01-31T10:35:41.731+0000] {processor.py:175} INFO - Processing /home/airflow/.local/lib/python3.7/site-packages/airflow/example_dags/example_sla_dag.py took 0.283 seconds
[2023-01-31T10:36:12.228+0000] {processor.py:153} INFO - Started process (PID=3385) to work on /home/airflow/.local/lib/python3.7/site-packages/airflow/example_dags/example_sla_dag.py
[2023-01-31T10:36:12.244+0000] {processor.py:743} INFO - Processing file /home/airflow/.local/lib/python3.7/site-packages/airflow/example_dags/example_sla_dag.py for tasks to queue
[2023-01-31T10:36:12.247+0000] {logging_mixin.py:137} INFO - [2023-01-31T10:36:12.247+0000] {dagbag.py:538} INFO - Filling up the DagBag from /home/airflow/.local/lib/python3.7/site-packages/airflow/example_dags/example_sla_dag.py
[2023-01-31T10:36:12.333+0000] {processor.py:753} INFO - DAG(s) dict_keys(['example_sla_dag']) retrieved from /home/airflow/.local/lib/python3.7/site-packages/airflow/example_dags/example_sla_dag.py
[2023-01-31T10:36:12.451+0000] {logging_mixin.py:137} INFO - [2023-01-31T10:36:12.450+0000] {dag.py:2690} INFO - Sync 1 DAGs
[2023-01-31T10:36:12.495+0000] {logging_mixin.py:137} INFO - [2023-01-31T10:36:12.494+0000] {dag.py:3441} INFO - Setting next_dagrun for example_sla_dag to 2023-01-31T10:34:00+00:00, run_after=2023-01-31T10:36:00+00:00
[2023-01-31T10:36:12.524+0000] {processor.py:175} INFO - Processing /home/airflow/.local/lib/python3.7/site-packages/airflow/example_dags/example_sla_dag.py took 0.342 seconds
[2023-01-31T10:36:42.937+0000] {processor.py:153} INFO - Started process (PID=3468) to work on /home/airflow/.local/lib/python3.7/site-packages/airflow/example_dags/example_sla_dag.py
[2023-01-31T10:36:42.939+0000] {processor.py:743} INFO - Processing file /home/airflow/.local/lib/python3.7/site-packages/airflow/example_dags/example_sla_dag.py for tasks to queue
[2023-01-31T10:36:42.942+0000] {logging_mixin.py:137} INFO - [2023-01-31T10:36:42.942+0000] {dagbag.py:538} INFO - Filling up the DagBag from /home/airflow/.local/lib/python3.7/site-packages/airflow/example_dags/example_sla_dag.py
[2023-01-31T10:36:42.979+0000] {processor.py:753} INFO - DAG(s) dict_keys(['example_sla_dag']) retrieved from /home/airflow/.local/lib/python3.7/site-packages/airflow/example_dags/example_sla_dag.py
[2023-01-31T10:36:43.024+0000] {logging_mixin.py:137} INFO - [2023-01-31T10:36:43.024+0000] {dag.py:2690} INFO - Sync 1 DAGs
[2023-01-31T10:36:43.053+0000] {logging_mixin.py:137} INFO - [2023-01-31T10:36:43.053+0000] {dag.py:3441} INFO - Setting next_dagrun for example_sla_dag to 2023-01-31T10:34:00+00:00, run_after=2023-01-31T10:36:00+00:00
[2023-01-31T10:36:43.082+0000] {processor.py:175} INFO - Processing /home/airflow/.local/lib/python3.7/site-packages/airflow/example_dags/example_sla_dag.py took 0.157 seconds
[2023-01-31T10:37:14.771+0000] {processor.py:153} INFO - Started process (PID=3547) to work on /home/airflow/.local/lib/python3.7/site-packages/airflow/example_dags/example_sla_dag.py
[2023-01-31T10:37:14.784+0000] {processor.py:743} INFO - Processing file /home/airflow/.local/lib/python3.7/site-packages/airflow/example_dags/example_sla_dag.py for tasks to queue
[2023-01-31T10:37:14.803+0000] {logging_mixin.py:137} INFO - [2023-01-31T10:37:14.803+0000] {dagbag.py:538} INFO - Filling up the DagBag from /home/airflow/.local/lib/python3.7/site-packages/airflow/example_dags/example_sla_dag.py
[2023-01-31T10:37:14.911+0000] {processor.py:753} INFO - DAG(s) dict_keys(['example_sla_dag']) retrieved from /home/airflow/.local/lib/python3.7/site-packages/airflow/example_dags/example_sla_dag.py
[2023-01-31T10:37:15.029+0000] {logging_mixin.py:137} INFO - [2023-01-31T10:37:15.029+0000] {dag.py:2690} INFO - Sync 1 DAGs
[2023-01-31T10:37:15.262+0000] {logging_mixin.py:137} INFO - [2023-01-31T10:37:15.262+0000] {dag.py:3441} INFO - Setting next_dagrun for example_sla_dag to 2023-01-31T10:34:00+00:00, run_after=2023-01-31T10:36:00+00:00
[2023-01-31T10:37:15.355+0000] {processor.py:175} INFO - Processing /home/airflow/.local/lib/python3.7/site-packages/airflow/example_dags/example_sla_dag.py took 0.622 seconds
[2023-01-31T10:37:46.259+0000] {processor.py:153} INFO - Started process (PID=3626) to work on /home/airflow/.local/lib/python3.7/site-packages/airflow/example_dags/example_sla_dag.py
[2023-01-31T10:37:46.265+0000] {processor.py:743} INFO - Processing file /home/airflow/.local/lib/python3.7/site-packages/airflow/example_dags/example_sla_dag.py for tasks to queue
[2023-01-31T10:37:46.268+0000] {logging_mixin.py:137} INFO - [2023-01-31T10:37:46.268+0000] {dagbag.py:538} INFO - Filling up the DagBag from /home/airflow/.local/lib/python3.7/site-packages/airflow/example_dags/example_sla_dag.py
[2023-01-31T10:37:46.334+0000] {processor.py:753} INFO - DAG(s) dict_keys(['example_sla_dag']) retrieved from /home/airflow/.local/lib/python3.7/site-packages/airflow/example_dags/example_sla_dag.py
[2023-01-31T10:37:46.420+0000] {logging_mixin.py:137} INFO - [2023-01-31T10:37:46.420+0000] {dag.py:2690} INFO - Sync 1 DAGs
[2023-01-31T10:37:46.469+0000] {logging_mixin.py:137} INFO - [2023-01-31T10:37:46.469+0000] {dag.py:3441} INFO - Setting next_dagrun for example_sla_dag to 2023-01-31T10:34:00+00:00, run_after=2023-01-31T10:36:00+00:00
[2023-01-31T10:37:46.490+0000] {processor.py:175} INFO - Processing /home/airflow/.local/lib/python3.7/site-packages/airflow/example_dags/example_sla_dag.py took 0.246 seconds
[2023-01-31T10:38:19.633+0000] {processor.py:153} INFO - Started process (PID=3715) to work on /home/airflow/.local/lib/python3.7/site-packages/airflow/example_dags/example_sla_dag.py
[2023-01-31T10:38:19.637+0000] {processor.py:743} INFO - Processing file /home/airflow/.local/lib/python3.7/site-packages/airflow/example_dags/example_sla_dag.py for tasks to queue
[2023-01-31T10:38:19.639+0000] {logging_mixin.py:137} INFO - [2023-01-31T10:38:19.639+0000] {dagbag.py:538} INFO - Filling up the DagBag from /home/airflow/.local/lib/python3.7/site-packages/airflow/example_dags/example_sla_dag.py
[2023-01-31T10:38:19.663+0000] {processor.py:753} INFO - DAG(s) dict_keys(['example_sla_dag']) retrieved from /home/airflow/.local/lib/python3.7/site-packages/airflow/example_dags/example_sla_dag.py
[2023-01-31T10:38:19.706+0000] {logging_mixin.py:137} INFO - [2023-01-31T10:38:19.706+0000] {dag.py:2690} INFO - Sync 1 DAGs
[2023-01-31T10:38:19.756+0000] {logging_mixin.py:137} INFO - [2023-01-31T10:38:19.756+0000] {dag.py:3441} INFO - Setting next_dagrun for example_sla_dag to 2023-01-31T10:36:00+00:00, run_after=2023-01-31T10:38:00+00:00
[2023-01-31T10:38:19.868+0000] {processor.py:175} INFO - Processing /home/airflow/.local/lib/python3.7/site-packages/airflow/example_dags/example_sla_dag.py took 0.238 seconds
[2023-01-31T10:38:50.865+0000] {processor.py:153} INFO - Started process (PID=3805) to work on /home/airflow/.local/lib/python3.7/site-packages/airflow/example_dags/example_sla_dag.py
[2023-01-31T10:38:50.866+0000] {processor.py:743} INFO - Processing file /home/airflow/.local/lib/python3.7/site-packages/airflow/example_dags/example_sla_dag.py for tasks to queue
[2023-01-31T10:38:50.867+0000] {logging_mixin.py:137} INFO - [2023-01-31T10:38:50.867+0000] {dagbag.py:538} INFO - Filling up the DagBag from /home/airflow/.local/lib/python3.7/site-packages/airflow/example_dags/example_sla_dag.py
[2023-01-31T10:38:50.886+0000] {processor.py:753} INFO - DAG(s) dict_keys(['example_sla_dag']) retrieved from /home/airflow/.local/lib/python3.7/site-packages/airflow/example_dags/example_sla_dag.py
[2023-01-31T10:38:50.919+0000] {logging_mixin.py:137} INFO - [2023-01-31T10:38:50.918+0000] {dag.py:2690} INFO - Sync 1 DAGs
[2023-01-31T10:38:50.973+0000] {logging_mixin.py:137} INFO - [2023-01-31T10:38:50.973+0000] {dag.py:3441} INFO - Setting next_dagrun for example_sla_dag to 2023-01-31T10:36:00+00:00, run_after=2023-01-31T10:38:00+00:00
[2023-01-31T10:38:50.986+0000] {processor.py:175} INFO - Processing /home/airflow/.local/lib/python3.7/site-packages/airflow/example_dags/example_sla_dag.py took 0.126 seconds
[2023-01-31T10:39:21.040+0000] {processor.py:153} INFO - Started process (PID=3883) to work on /home/airflow/.local/lib/python3.7/site-packages/airflow/example_dags/example_sla_dag.py
[2023-01-31T10:39:21.046+0000] {processor.py:743} INFO - Processing file /home/airflow/.local/lib/python3.7/site-packages/airflow/example_dags/example_sla_dag.py for tasks to queue
[2023-01-31T10:39:21.056+0000] {logging_mixin.py:137} INFO - [2023-01-31T10:39:21.056+0000] {dagbag.py:538} INFO - Filling up the DagBag from /home/airflow/.local/lib/python3.7/site-packages/airflow/example_dags/example_sla_dag.py
[2023-01-31T10:39:21.119+0000] {processor.py:753} INFO - DAG(s) dict_keys(['example_sla_dag']) retrieved from /home/airflow/.local/lib/python3.7/site-packages/airflow/example_dags/example_sla_dag.py
[2023-01-31T10:39:21.163+0000] {logging_mixin.py:137} INFO - [2023-01-31T10:39:21.163+0000] {dag.py:2690} INFO - Sync 1 DAGs
[2023-01-31T10:39:21.216+0000] {logging_mixin.py:137} INFO - [2023-01-31T10:39:21.216+0000] {dag.py:3441} INFO - Setting next_dagrun for example_sla_dag to 2023-01-31T10:36:00+00:00, run_after=2023-01-31T10:38:00+00:00
[2023-01-31T10:39:21.267+0000] {processor.py:175} INFO - Processing /home/airflow/.local/lib/python3.7/site-packages/airflow/example_dags/example_sla_dag.py took 0.232 seconds
[2023-01-31T10:39:52.035+0000] {processor.py:153} INFO - Started process (PID=3962) to work on /home/airflow/.local/lib/python3.7/site-packages/airflow/example_dags/example_sla_dag.py
[2023-01-31T10:39:52.037+0000] {processor.py:743} INFO - Processing file /home/airflow/.local/lib/python3.7/site-packages/airflow/example_dags/example_sla_dag.py for tasks to queue
[2023-01-31T10:39:52.039+0000] {logging_mixin.py:137} INFO - [2023-01-31T10:39:52.039+0000] {dagbag.py:538} INFO - Filling up the DagBag from /home/airflow/.local/lib/python3.7/site-packages/airflow/example_dags/example_sla_dag.py
[2023-01-31T10:39:52.069+0000] {processor.py:753} INFO - DAG(s) dict_keys(['example_sla_dag']) retrieved from /home/airflow/.local/lib/python3.7/site-packages/airflow/example_dags/example_sla_dag.py
[2023-01-31T10:39:52.101+0000] {logging_mixin.py:137} INFO - [2023-01-31T10:39:52.101+0000] {dag.py:2690} INFO - Sync 1 DAGs
[2023-01-31T10:39:52.146+0000] {logging_mixin.py:137} INFO - [2023-01-31T10:39:52.146+0000] {dag.py:3441} INFO - Setting next_dagrun for example_sla_dag to 2023-01-31T10:36:00+00:00, run_after=2023-01-31T10:38:00+00:00
[2023-01-31T10:39:52.170+0000] {processor.py:175} INFO - Processing /home/airflow/.local/lib/python3.7/site-packages/airflow/example_dags/example_sla_dag.py took 0.139 seconds
[2023-01-31T10:40:22.616+0000] {processor.py:153} INFO - Started process (PID=4041) to work on /home/airflow/.local/lib/python3.7/site-packages/airflow/example_dags/example_sla_dag.py
[2023-01-31T10:40:22.618+0000] {processor.py:743} INFO - Processing file /home/airflow/.local/lib/python3.7/site-packages/airflow/example_dags/example_sla_dag.py for tasks to queue
[2023-01-31T10:40:22.619+0000] {logging_mixin.py:137} INFO - [2023-01-31T10:40:22.619+0000] {dagbag.py:538} INFO - Filling up the DagBag from /home/airflow/.local/lib/python3.7/site-packages/airflow/example_dags/example_sla_dag.py
[2023-01-31T10:40:22.639+0000] {processor.py:753} INFO - DAG(s) dict_keys(['example_sla_dag']) retrieved from /home/airflow/.local/lib/python3.7/site-packages/airflow/example_dags/example_sla_dag.py
[2023-01-31T10:40:22.671+0000] {logging_mixin.py:137} INFO - [2023-01-31T10:40:22.671+0000] {dag.py:2690} INFO - Sync 1 DAGs
[2023-01-31T10:40:22.690+0000] {logging_mixin.py:137} INFO - [2023-01-31T10:40:22.690+0000] {dag.py:3441} INFO - Setting next_dagrun for example_sla_dag to 2023-01-31T10:38:00+00:00, run_after=2023-01-31T10:40:00+00:00
[2023-01-31T10:40:22.716+0000] {processor.py:175} INFO - Processing /home/airflow/.local/lib/python3.7/site-packages/airflow/example_dags/example_sla_dag.py took 0.104 seconds
[2023-01-31T10:40:53.776+0000] {processor.py:153} INFO - Started process (PID=4119) to work on /home/airflow/.local/lib/python3.7/site-packages/airflow/example_dags/example_sla_dag.py
[2023-01-31T10:40:53.780+0000] {processor.py:743} INFO - Processing file /home/airflow/.local/lib/python3.7/site-packages/airflow/example_dags/example_sla_dag.py for tasks to queue
[2023-01-31T10:40:53.787+0000] {logging_mixin.py:137} INFO - [2023-01-31T10:40:53.787+0000] {dagbag.py:538} INFO - Filling up the DagBag from /home/airflow/.local/lib/python3.7/site-packages/airflow/example_dags/example_sla_dag.py
[2023-01-31T10:40:53.858+0000] {processor.py:753} INFO - DAG(s) dict_keys(['example_sla_dag']) retrieved from /home/airflow/.local/lib/python3.7/site-packages/airflow/example_dags/example_sla_dag.py
[2023-01-31T10:40:53.904+0000] {logging_mixin.py:137} INFO - [2023-01-31T10:40:53.904+0000] {dag.py:2690} INFO - Sync 1 DAGs
[2023-01-31T10:40:53.932+0000] {logging_mixin.py:137} INFO - [2023-01-31T10:40:53.932+0000] {dag.py:3441} INFO - Setting next_dagrun for example_sla_dag to 2023-01-31T10:38:00+00:00, run_after=2023-01-31T10:40:00+00:00
[2023-01-31T10:40:53.958+0000] {processor.py:175} INFO - Processing /home/airflow/.local/lib/python3.7/site-packages/airflow/example_dags/example_sla_dag.py took 0.188 seconds
[2023-01-31T10:41:25.804+0000] {processor.py:153} INFO - Started process (PID=4198) to work on /home/airflow/.local/lib/python3.7/site-packages/airflow/example_dags/example_sla_dag.py
[2023-01-31T10:41:25.808+0000] {processor.py:743} INFO - Processing file /home/airflow/.local/lib/python3.7/site-packages/airflow/example_dags/example_sla_dag.py for tasks to queue
[2023-01-31T10:41:25.814+0000] {logging_mixin.py:137} INFO - [2023-01-31T10:41:25.813+0000] {dagbag.py:538} INFO - Filling up the DagBag from /home/airflow/.local/lib/python3.7/site-packages/airflow/example_dags/example_sla_dag.py
[2023-01-31T10:41:25.875+0000] {processor.py:753} INFO - DAG(s) dict_keys(['example_sla_dag']) retrieved from /home/airflow/.local/lib/python3.7/site-packages/airflow/example_dags/example_sla_dag.py
[2023-01-31T10:41:25.939+0000] {logging_mixin.py:137} INFO - [2023-01-31T10:41:25.939+0000] {dag.py:2690} INFO - Sync 1 DAGs
[2023-01-31T10:41:25.978+0000] {logging_mixin.py:137} INFO - [2023-01-31T10:41:25.978+0000] {dag.py:3441} INFO - Setting next_dagrun for example_sla_dag to 2023-01-31T10:38:00+00:00, run_after=2023-01-31T10:40:00+00:00
[2023-01-31T10:41:26.013+0000] {processor.py:175} INFO - Processing /home/airflow/.local/lib/python3.7/site-packages/airflow/example_dags/example_sla_dag.py took 0.213 seconds
[2023-01-31T10:41:58.792+0000] {processor.py:153} INFO - Started process (PID=4287) to work on /home/airflow/.local/lib/python3.7/site-packages/airflow/example_dags/example_sla_dag.py
[2023-01-31T10:41:58.815+0000] {processor.py:743} INFO - Processing file /home/airflow/.local/lib/python3.7/site-packages/airflow/example_dags/example_sla_dag.py for tasks to queue
[2023-01-31T10:41:58.832+0000] {logging_mixin.py:137} INFO - [2023-01-31T10:41:58.832+0000] {dagbag.py:538} INFO - Filling up the DagBag from /home/airflow/.local/lib/python3.7/site-packages/airflow/example_dags/example_sla_dag.py
[2023-01-31T10:41:59.054+0000] {processor.py:753} INFO - DAG(s) dict_keys(['example_sla_dag']) retrieved from /home/airflow/.local/lib/python3.7/site-packages/airflow/example_dags/example_sla_dag.py
[2023-01-31T10:41:59.154+0000] {logging_mixin.py:137} INFO - [2023-01-31T10:41:59.153+0000] {dag.py:2690} INFO - Sync 1 DAGs
[2023-01-31T10:41:59.223+0000] {logging_mixin.py:137} INFO - [2023-01-31T10:41:59.223+0000] {dag.py:3441} INFO - Setting next_dagrun for example_sla_dag to 2023-01-31T10:38:00+00:00, run_after=2023-01-31T10:40:00+00:00
[2023-01-31T10:41:59.263+0000] {processor.py:175} INFO - Processing /home/airflow/.local/lib/python3.7/site-packages/airflow/example_dags/example_sla_dag.py took 0.478 seconds
[2023-01-31T10:42:29.794+0000] {processor.py:153} INFO - Started process (PID=4374) to work on /home/airflow/.local/lib/python3.7/site-packages/airflow/example_dags/example_sla_dag.py
[2023-01-31T10:42:29.799+0000] {processor.py:743} INFO - Processing file /home/airflow/.local/lib/python3.7/site-packages/airflow/example_dags/example_sla_dag.py for tasks to queue
[2023-01-31T10:42:29.807+0000] {logging_mixin.py:137} INFO - [2023-01-31T10:42:29.807+0000] {dagbag.py:538} INFO - Filling up the DagBag from /home/airflow/.local/lib/python3.7/site-packages/airflow/example_dags/example_sla_dag.py
[2023-01-31T10:42:29.883+0000] {processor.py:753} INFO - DAG(s) dict_keys(['example_sla_dag']) retrieved from /home/airflow/.local/lib/python3.7/site-packages/airflow/example_dags/example_sla_dag.py
[2023-01-31T10:42:29.980+0000] {logging_mixin.py:137} INFO - [2023-01-31T10:42:29.979+0000] {dag.py:2690} INFO - Sync 1 DAGs
[2023-01-31T10:42:30.040+0000] {logging_mixin.py:137} INFO - [2023-01-31T10:42:30.038+0000] {dag.py:3441} INFO - Setting next_dagrun for example_sla_dag to 2023-01-31T10:40:00+00:00, run_after=2023-01-31T10:42:00+00:00
[2023-01-31T10:42:30.250+0000] {processor.py:175} INFO - Processing /home/airflow/.local/lib/python3.7/site-packages/airflow/example_dags/example_sla_dag.py took 0.459 seconds
[2023-01-31T10:43:01.007+0000] {processor.py:153} INFO - Started process (PID=4458) to work on /home/airflow/.local/lib/python3.7/site-packages/airflow/example_dags/example_sla_dag.py
[2023-01-31T10:43:01.009+0000] {processor.py:743} INFO - Processing file /home/airflow/.local/lib/python3.7/site-packages/airflow/example_dags/example_sla_dag.py for tasks to queue
[2023-01-31T10:43:01.012+0000] {logging_mixin.py:137} INFO - [2023-01-31T10:43:01.012+0000] {dagbag.py:538} INFO - Filling up the DagBag from /home/airflow/.local/lib/python3.7/site-packages/airflow/example_dags/example_sla_dag.py
[2023-01-31T10:43:01.037+0000] {processor.py:753} INFO - DAG(s) dict_keys(['example_sla_dag']) retrieved from /home/airflow/.local/lib/python3.7/site-packages/airflow/example_dags/example_sla_dag.py
[2023-01-31T10:43:01.149+0000] {logging_mixin.py:137} INFO - [2023-01-31T10:43:01.149+0000] {dag.py:2690} INFO - Sync 1 DAGs
[2023-01-31T10:43:01.228+0000] {logging_mixin.py:137} INFO - [2023-01-31T10:43:01.228+0000] {dag.py:3441} INFO - Setting next_dagrun for example_sla_dag to 2023-01-31T10:40:00+00:00, run_after=2023-01-31T10:42:00+00:00
[2023-01-31T10:43:01.329+0000] {processor.py:175} INFO - Processing /home/airflow/.local/lib/python3.7/site-packages/airflow/example_dags/example_sla_dag.py took 0.328 seconds
[2023-01-31T10:43:32.704+0000] {processor.py:153} INFO - Started process (PID=4536) to work on /home/airflow/.local/lib/python3.7/site-packages/airflow/example_dags/example_sla_dag.py
[2023-01-31T10:43:32.709+0000] {processor.py:743} INFO - Processing file /home/airflow/.local/lib/python3.7/site-packages/airflow/example_dags/example_sla_dag.py for tasks to queue
[2023-01-31T10:43:32.715+0000] {logging_mixin.py:137} INFO - [2023-01-31T10:43:32.714+0000] {dagbag.py:538} INFO - Filling up the DagBag from /home/airflow/.local/lib/python3.7/site-packages/airflow/example_dags/example_sla_dag.py
[2023-01-31T10:43:32.743+0000] {processor.py:753} INFO - DAG(s) dict_keys(['example_sla_dag']) retrieved from /home/airflow/.local/lib/python3.7/site-packages/airflow/example_dags/example_sla_dag.py
[2023-01-31T10:43:32.984+0000] {logging_mixin.py:137} INFO - [2023-01-31T10:43:32.984+0000] {dag.py:2690} INFO - Sync 1 DAGs
[2023-01-31T10:43:33.074+0000] {logging_mixin.py:137} INFO - [2023-01-31T10:43:33.074+0000] {dag.py:3441} INFO - Setting next_dagrun for example_sla_dag to 2023-01-31T10:40:00+00:00, run_after=2023-01-31T10:42:00+00:00
[2023-01-31T10:43:33.328+0000] {processor.py:175} INFO - Processing /home/airflow/.local/lib/python3.7/site-packages/airflow/example_dags/example_sla_dag.py took 0.638 seconds
[2023-01-31T10:44:04.239+0000] {processor.py:153} INFO - Started process (PID=4614) to work on /home/airflow/.local/lib/python3.7/site-packages/airflow/example_dags/example_sla_dag.py
[2023-01-31T10:44:04.240+0000] {processor.py:743} INFO - Processing file /home/airflow/.local/lib/python3.7/site-packages/airflow/example_dags/example_sla_dag.py for tasks to queue
[2023-01-31T10:44:04.242+0000] {logging_mixin.py:137} INFO - [2023-01-31T10:44:04.242+0000] {dagbag.py:538} INFO - Filling up the DagBag from /home/airflow/.local/lib/python3.7/site-packages/airflow/example_dags/example_sla_dag.py
[2023-01-31T10:44:04.267+0000] {processor.py:753} INFO - DAG(s) dict_keys(['example_sla_dag']) retrieved from /home/airflow/.local/lib/python3.7/site-packages/airflow/example_dags/example_sla_dag.py
[2023-01-31T10:44:04.296+0000] {logging_mixin.py:137} INFO - [2023-01-31T10:44:04.296+0000] {dag.py:2690} INFO - Sync 1 DAGs
[2023-01-31T10:44:04.349+0000] {logging_mixin.py:137} INFO - [2023-01-31T10:44:04.349+0000] {dag.py:3441} INFO - Setting next_dagrun for example_sla_dag to 2023-01-31T10:42:00+00:00, run_after=2023-01-31T10:44:00+00:00
[2023-01-31T10:44:04.362+0000] {processor.py:175} INFO - Processing /home/airflow/.local/lib/python3.7/site-packages/airflow/example_dags/example_sla_dag.py took 0.127 seconds
