[2023-01-31T10:15:36.897+0000] {processor.py:153} INFO - Started process (PID=99) to work on /home/airflow/.local/lib/python3.7/site-packages/airflow/example_dags/example_short_circuit_operator.py
[2023-01-31T10:15:36.905+0000] {processor.py:743} INFO - Processing file /home/airflow/.local/lib/python3.7/site-packages/airflow/example_dags/example_short_circuit_operator.py for tasks to queue
[2023-01-31T10:15:36.909+0000] {logging_mixin.py:137} INFO - [2023-01-31T10:15:36.908+0000] {dagbag.py:538} INFO - Filling up the DagBag from /home/airflow/.local/lib/python3.7/site-packages/airflow/example_dags/example_short_circuit_operator.py
[2023-01-31T10:15:36.947+0000] {processor.py:753} INFO - DAG(s) dict_keys(['example_short_circuit_operator']) retrieved from /home/airflow/.local/lib/python3.7/site-packages/airflow/example_dags/example_short_circuit_operator.py
[2023-01-31T10:15:37.029+0000] {logging_mixin.py:137} INFO - [2023-01-31T10:15:37.029+0000] {dag.py:2690} INFO - Sync 1 DAGs
[2023-01-31T10:15:37.084+0000] {logging_mixin.py:137} INFO - [2023-01-31T10:15:37.084+0000] {dag.py:3441} INFO - Setting next_dagrun for example_short_circuit_operator to 2023-01-30T10:15:37.083897+00:00, run_after=2023-01-31T10:15:37.083897+00:00
[2023-01-31T10:15:37.116+0000] {processor.py:175} INFO - Processing /home/airflow/.local/lib/python3.7/site-packages/airflow/example_dags/example_short_circuit_operator.py took 0.224 seconds
[2023-01-31T10:16:08.384+0000] {processor.py:153} INFO - Started process (PID=198) to work on /home/airflow/.local/lib/python3.7/site-packages/airflow/example_dags/example_short_circuit_operator.py
[2023-01-31T10:16:08.390+0000] {processor.py:743} INFO - Processing file /home/airflow/.local/lib/python3.7/site-packages/airflow/example_dags/example_short_circuit_operator.py for tasks to queue
[2023-01-31T10:16:08.394+0000] {logging_mixin.py:137} INFO - [2023-01-31T10:16:08.394+0000] {dagbag.py:538} INFO - Filling up the DagBag from /home/airflow/.local/lib/python3.7/site-packages/airflow/example_dags/example_short_circuit_operator.py
[2023-01-31T10:16:08.422+0000] {processor.py:753} INFO - DAG(s) dict_keys(['example_short_circuit_operator']) retrieved from /home/airflow/.local/lib/python3.7/site-packages/airflow/example_dags/example_short_circuit_operator.py
[2023-01-31T10:16:08.507+0000] {logging_mixin.py:137} INFO - [2023-01-31T10:16:08.507+0000] {dag.py:2690} INFO - Sync 1 DAGs
[2023-01-31T10:16:08.561+0000] {logging_mixin.py:137} INFO - [2023-01-31T10:16:08.561+0000] {dag.py:3441} INFO - Setting next_dagrun for example_short_circuit_operator to 2023-01-30T10:16:08.560482+00:00, run_after=2023-01-31T10:16:08.560482+00:00
[2023-01-31T10:16:08.599+0000] {processor.py:175} INFO - Processing /home/airflow/.local/lib/python3.7/site-packages/airflow/example_dags/example_short_circuit_operator.py took 0.222 seconds
[2023-01-31T10:16:39.311+0000] {processor.py:153} INFO - Started process (PID=277) to work on /home/airflow/.local/lib/python3.7/site-packages/airflow/example_dags/example_short_circuit_operator.py
[2023-01-31T10:16:39.312+0000] {processor.py:743} INFO - Processing file /home/airflow/.local/lib/python3.7/site-packages/airflow/example_dags/example_short_circuit_operator.py for tasks to queue
[2023-01-31T10:16:39.314+0000] {logging_mixin.py:137} INFO - [2023-01-31T10:16:39.314+0000] {dagbag.py:538} INFO - Filling up the DagBag from /home/airflow/.local/lib/python3.7/site-packages/airflow/example_dags/example_short_circuit_operator.py
[2023-01-31T10:16:39.330+0000] {processor.py:753} INFO - DAG(s) dict_keys(['example_short_circuit_operator']) retrieved from /home/airflow/.local/lib/python3.7/site-packages/airflow/example_dags/example_short_circuit_operator.py
[2023-01-31T10:16:39.357+0000] {logging_mixin.py:137} INFO - [2023-01-31T10:16:39.357+0000] {dag.py:2690} INFO - Sync 1 DAGs
[2023-01-31T10:16:39.376+0000] {logging_mixin.py:137} INFO - [2023-01-31T10:16:39.376+0000] {dag.py:3441} INFO - Setting next_dagrun for example_short_circuit_operator to 2023-01-30T10:16:39.376197+00:00, run_after=2023-01-31T10:16:39.376197+00:00
[2023-01-31T10:16:39.397+0000] {processor.py:175} INFO - Processing /home/airflow/.local/lib/python3.7/site-packages/airflow/example_dags/example_short_circuit_operator.py took 0.089 seconds
[2023-01-31T10:17:10.348+0000] {processor.py:153} INFO - Started process (PID=356) to work on /home/airflow/.local/lib/python3.7/site-packages/airflow/example_dags/example_short_circuit_operator.py
[2023-01-31T10:17:10.350+0000] {processor.py:743} INFO - Processing file /home/airflow/.local/lib/python3.7/site-packages/airflow/example_dags/example_short_circuit_operator.py for tasks to queue
[2023-01-31T10:17:10.351+0000] {logging_mixin.py:137} INFO - [2023-01-31T10:17:10.351+0000] {dagbag.py:538} INFO - Filling up the DagBag from /home/airflow/.local/lib/python3.7/site-packages/airflow/example_dags/example_short_circuit_operator.py
[2023-01-31T10:17:10.365+0000] {processor.py:753} INFO - DAG(s) dict_keys(['example_short_circuit_operator']) retrieved from /home/airflow/.local/lib/python3.7/site-packages/airflow/example_dags/example_short_circuit_operator.py
[2023-01-31T10:17:10.389+0000] {logging_mixin.py:137} INFO - [2023-01-31T10:17:10.389+0000] {dag.py:2690} INFO - Sync 1 DAGs
[2023-01-31T10:17:10.409+0000] {logging_mixin.py:137} INFO - [2023-01-31T10:17:10.409+0000] {dag.py:3441} INFO - Setting next_dagrun for example_short_circuit_operator to 2023-01-30T10:17:10.408990+00:00, run_after=2023-01-31T10:17:10.408990+00:00
[2023-01-31T10:17:10.451+0000] {processor.py:175} INFO - Processing /home/airflow/.local/lib/python3.7/site-packages/airflow/example_dags/example_short_circuit_operator.py took 0.106 seconds
[2023-01-31T10:17:42.087+0000] {processor.py:153} INFO - Started process (PID=434) to work on /home/airflow/.local/lib/python3.7/site-packages/airflow/example_dags/example_short_circuit_operator.py
[2023-01-31T10:17:42.093+0000] {processor.py:743} INFO - Processing file /home/airflow/.local/lib/python3.7/site-packages/airflow/example_dags/example_short_circuit_operator.py for tasks to queue
[2023-01-31T10:17:42.095+0000] {logging_mixin.py:137} INFO - [2023-01-31T10:17:42.095+0000] {dagbag.py:538} INFO - Filling up the DagBag from /home/airflow/.local/lib/python3.7/site-packages/airflow/example_dags/example_short_circuit_operator.py
[2023-01-31T10:17:42.129+0000] {processor.py:753} INFO - DAG(s) dict_keys(['example_short_circuit_operator']) retrieved from /home/airflow/.local/lib/python3.7/site-packages/airflow/example_dags/example_short_circuit_operator.py
[2023-01-31T10:17:42.216+0000] {logging_mixin.py:137} INFO - [2023-01-31T10:17:42.216+0000] {dag.py:2690} INFO - Sync 1 DAGs
[2023-01-31T10:17:42.356+0000] {logging_mixin.py:137} INFO - [2023-01-31T10:17:42.356+0000] {dag.py:3441} INFO - Setting next_dagrun for example_short_circuit_operator to 2023-01-30T10:17:42.356101+00:00, run_after=2023-01-31T10:17:42.356101+00:00
[2023-01-31T10:17:42.552+0000] {processor.py:175} INFO - Processing /home/airflow/.local/lib/python3.7/site-packages/airflow/example_dags/example_short_circuit_operator.py took 0.475 seconds
[2023-01-31T10:18:12.720+0000] {processor.py:153} INFO - Started process (PID=513) to work on /home/airflow/.local/lib/python3.7/site-packages/airflow/example_dags/example_short_circuit_operator.py
[2023-01-31T10:18:12.723+0000] {processor.py:743} INFO - Processing file /home/airflow/.local/lib/python3.7/site-packages/airflow/example_dags/example_short_circuit_operator.py for tasks to queue
[2023-01-31T10:18:12.725+0000] {logging_mixin.py:137} INFO - [2023-01-31T10:18:12.725+0000] {dagbag.py:538} INFO - Filling up the DagBag from /home/airflow/.local/lib/python3.7/site-packages/airflow/example_dags/example_short_circuit_operator.py
[2023-01-31T10:18:12.749+0000] {processor.py:753} INFO - DAG(s) dict_keys(['example_short_circuit_operator']) retrieved from /home/airflow/.local/lib/python3.7/site-packages/airflow/example_dags/example_short_circuit_operator.py
[2023-01-31T10:18:12.798+0000] {logging_mixin.py:137} INFO - [2023-01-31T10:18:12.798+0000] {dag.py:2690} INFO - Sync 1 DAGs
[2023-01-31T10:18:12.827+0000] {logging_mixin.py:137} INFO - [2023-01-31T10:18:12.827+0000] {dag.py:3441} INFO - Setting next_dagrun for example_short_circuit_operator to 2023-01-30T10:18:12.826848+00:00, run_after=2023-01-31T10:18:12.826848+00:00
[2023-01-31T10:18:12.860+0000] {processor.py:175} INFO - Processing /home/airflow/.local/lib/python3.7/site-packages/airflow/example_dags/example_short_circuit_operator.py took 0.145 seconds
[2023-01-31T10:18:45.285+0000] {processor.py:153} INFO - Started process (PID=592) to work on /home/airflow/.local/lib/python3.7/site-packages/airflow/example_dags/example_short_circuit_operator.py
[2023-01-31T10:18:45.293+0000] {processor.py:743} INFO - Processing file /home/airflow/.local/lib/python3.7/site-packages/airflow/example_dags/example_short_circuit_operator.py for tasks to queue
[2023-01-31T10:18:45.303+0000] {logging_mixin.py:137} INFO - [2023-01-31T10:18:45.302+0000] {dagbag.py:538} INFO - Filling up the DagBag from /home/airflow/.local/lib/python3.7/site-packages/airflow/example_dags/example_short_circuit_operator.py
[2023-01-31T10:18:45.329+0000] {processor.py:753} INFO - DAG(s) dict_keys(['example_short_circuit_operator']) retrieved from /home/airflow/.local/lib/python3.7/site-packages/airflow/example_dags/example_short_circuit_operator.py
[2023-01-31T10:18:45.386+0000] {logging_mixin.py:137} INFO - [2023-01-31T10:18:45.385+0000] {dag.py:2690} INFO - Sync 1 DAGs
[2023-01-31T10:18:45.412+0000] {logging_mixin.py:137} INFO - [2023-01-31T10:18:45.411+0000] {dag.py:3441} INFO - Setting next_dagrun for example_short_circuit_operator to 2023-01-30T10:18:45.411634+00:00, run_after=2023-01-31T10:18:45.411634+00:00
[2023-01-31T10:18:45.434+0000] {processor.py:175} INFO - Processing /home/airflow/.local/lib/python3.7/site-packages/airflow/example_dags/example_short_circuit_operator.py took 0.157 seconds
[2023-01-31T10:19:18.141+0000] {processor.py:153} INFO - Started process (PID=690) to work on /home/airflow/.local/lib/python3.7/site-packages/airflow/example_dags/example_short_circuit_operator.py
[2023-01-31T10:19:18.143+0000] {processor.py:743} INFO - Processing file /home/airflow/.local/lib/python3.7/site-packages/airflow/example_dags/example_short_circuit_operator.py for tasks to queue
[2023-01-31T10:19:18.145+0000] {logging_mixin.py:137} INFO - [2023-01-31T10:19:18.145+0000] {dagbag.py:538} INFO - Filling up the DagBag from /home/airflow/.local/lib/python3.7/site-packages/airflow/example_dags/example_short_circuit_operator.py
[2023-01-31T10:19:18.165+0000] {processor.py:753} INFO - DAG(s) dict_keys(['example_short_circuit_operator']) retrieved from /home/airflow/.local/lib/python3.7/site-packages/airflow/example_dags/example_short_circuit_operator.py
[2023-01-31T10:19:18.206+0000] {logging_mixin.py:137} INFO - [2023-01-31T10:19:18.206+0000] {dag.py:2690} INFO - Sync 1 DAGs
[2023-01-31T10:19:18.244+0000] {logging_mixin.py:137} INFO - [2023-01-31T10:19:18.244+0000] {dag.py:3441} INFO - Setting next_dagrun for example_short_circuit_operator to 2023-01-30T10:19:18.243608+00:00, run_after=2023-01-31T10:19:18.243608+00:00
[2023-01-31T10:19:18.280+0000] {processor.py:175} INFO - Processing /home/airflow/.local/lib/python3.7/site-packages/airflow/example_dags/example_short_circuit_operator.py took 0.144 seconds
[2023-01-31T10:19:48.923+0000] {processor.py:153} INFO - Started process (PID=768) to work on /home/airflow/.local/lib/python3.7/site-packages/airflow/example_dags/example_short_circuit_operator.py
[2023-01-31T10:19:48.942+0000] {processor.py:743} INFO - Processing file /home/airflow/.local/lib/python3.7/site-packages/airflow/example_dags/example_short_circuit_operator.py for tasks to queue
[2023-01-31T10:19:48.951+0000] {logging_mixin.py:137} INFO - [2023-01-31T10:19:48.950+0000] {dagbag.py:538} INFO - Filling up the DagBag from /home/airflow/.local/lib/python3.7/site-packages/airflow/example_dags/example_short_circuit_operator.py
[2023-01-31T10:19:49.048+0000] {processor.py:753} INFO - DAG(s) dict_keys(['example_short_circuit_operator']) retrieved from /home/airflow/.local/lib/python3.7/site-packages/airflow/example_dags/example_short_circuit_operator.py
[2023-01-31T10:19:49.120+0000] {logging_mixin.py:137} INFO - [2023-01-31T10:19:49.120+0000] {dag.py:2690} INFO - Sync 1 DAGs
[2023-01-31T10:19:49.176+0000] {logging_mixin.py:137} INFO - [2023-01-31T10:19:49.176+0000] {dag.py:3441} INFO - Setting next_dagrun for example_short_circuit_operator to 2023-01-30T10:19:49.175815+00:00, run_after=2023-01-31T10:19:49.175815+00:00
[2023-01-31T10:19:49.237+0000] {processor.py:175} INFO - Processing /home/airflow/.local/lib/python3.7/site-packages/airflow/example_dags/example_short_circuit_operator.py took 0.331 seconds
[2023-01-31T10:20:22.461+0000] {processor.py:153} INFO - Started process (PID=852) to work on /home/airflow/.local/lib/python3.7/site-packages/airflow/example_dags/example_short_circuit_operator.py
[2023-01-31T10:20:22.468+0000] {processor.py:743} INFO - Processing file /home/airflow/.local/lib/python3.7/site-packages/airflow/example_dags/example_short_circuit_operator.py for tasks to queue
[2023-01-31T10:20:22.486+0000] {logging_mixin.py:137} INFO - [2023-01-31T10:20:22.479+0000] {dagbag.py:538} INFO - Filling up the DagBag from /home/airflow/.local/lib/python3.7/site-packages/airflow/example_dags/example_short_circuit_operator.py
[2023-01-31T10:20:22.508+0000] {processor.py:753} INFO - DAG(s) dict_keys(['example_short_circuit_operator']) retrieved from /home/airflow/.local/lib/python3.7/site-packages/airflow/example_dags/example_short_circuit_operator.py
[2023-01-31T10:20:22.544+0000] {logging_mixin.py:137} INFO - [2023-01-31T10:20:22.544+0000] {dag.py:2690} INFO - Sync 1 DAGs
[2023-01-31T10:20:22.564+0000] {logging_mixin.py:137} INFO - [2023-01-31T10:20:22.564+0000] {dag.py:3441} INFO - Setting next_dagrun for example_short_circuit_operator to 2023-01-30T10:20:22.563969+00:00, run_after=2023-01-31T10:20:22.563969+00:00
[2023-01-31T10:20:22.655+0000] {processor.py:175} INFO - Processing /home/airflow/.local/lib/python3.7/site-packages/airflow/example_dags/example_short_circuit_operator.py took 0.197 seconds
[2023-01-31T10:20:53.600+0000] {processor.py:153} INFO - Started process (PID=940) to work on /home/airflow/.local/lib/python3.7/site-packages/airflow/example_dags/example_short_circuit_operator.py
[2023-01-31T10:20:53.603+0000] {processor.py:743} INFO - Processing file /home/airflow/.local/lib/python3.7/site-packages/airflow/example_dags/example_short_circuit_operator.py for tasks to queue
[2023-01-31T10:20:53.605+0000] {logging_mixin.py:137} INFO - [2023-01-31T10:20:53.605+0000] {dagbag.py:538} INFO - Filling up the DagBag from /home/airflow/.local/lib/python3.7/site-packages/airflow/example_dags/example_short_circuit_operator.py
[2023-01-31T10:20:53.629+0000] {processor.py:753} INFO - DAG(s) dict_keys(['example_short_circuit_operator']) retrieved from /home/airflow/.local/lib/python3.7/site-packages/airflow/example_dags/example_short_circuit_operator.py
[2023-01-31T10:20:53.687+0000] {logging_mixin.py:137} INFO - [2023-01-31T10:20:53.686+0000] {dag.py:2690} INFO - Sync 1 DAGs
[2023-01-31T10:20:53.742+0000] {logging_mixin.py:137} INFO - [2023-01-31T10:20:53.741+0000] {dag.py:3441} INFO - Setting next_dagrun for example_short_circuit_operator to 2023-01-30T10:20:53.738782+00:00, run_after=2023-01-31T10:20:53.738782+00:00
[2023-01-31T10:20:53.776+0000] {processor.py:175} INFO - Processing /home/airflow/.local/lib/python3.7/site-packages/airflow/example_dags/example_short_circuit_operator.py took 0.181 seconds
[2023-01-31T10:21:29.357+0000] {processor.py:153} INFO - Started process (PID=1026) to work on /home/airflow/.local/lib/python3.7/site-packages/airflow/example_dags/example_short_circuit_operator.py
[2023-01-31T10:21:29.359+0000] {processor.py:743} INFO - Processing file /home/airflow/.local/lib/python3.7/site-packages/airflow/example_dags/example_short_circuit_operator.py for tasks to queue
[2023-01-31T10:21:29.363+0000] {logging_mixin.py:137} INFO - [2023-01-31T10:21:29.363+0000] {dagbag.py:538} INFO - Filling up the DagBag from /home/airflow/.local/lib/python3.7/site-packages/airflow/example_dags/example_short_circuit_operator.py
[2023-01-31T10:21:29.388+0000] {processor.py:753} INFO - DAG(s) dict_keys(['example_short_circuit_operator']) retrieved from /home/airflow/.local/lib/python3.7/site-packages/airflow/example_dags/example_short_circuit_operator.py
[2023-01-31T10:21:29.562+0000] {logging_mixin.py:137} INFO - [2023-01-31T10:21:29.560+0000] {dag.py:2690} INFO - Sync 1 DAGs
[2023-01-31T10:21:29.639+0000] {logging_mixin.py:137} INFO - [2023-01-31T10:21:29.638+0000] {dag.py:3441} INFO - Setting next_dagrun for example_short_circuit_operator to 2023-01-30T10:21:29.636106+00:00, run_after=2023-01-31T10:21:29.636106+00:00
[2023-01-31T10:21:29.715+0000] {processor.py:175} INFO - Processing /home/airflow/.local/lib/python3.7/site-packages/airflow/example_dags/example_short_circuit_operator.py took 0.362 seconds
[2023-01-31T10:22:00.384+0000] {processor.py:153} INFO - Started process (PID=1104) to work on /home/airflow/.local/lib/python3.7/site-packages/airflow/example_dags/example_short_circuit_operator.py
[2023-01-31T10:22:00.386+0000] {processor.py:743} INFO - Processing file /home/airflow/.local/lib/python3.7/site-packages/airflow/example_dags/example_short_circuit_operator.py for tasks to queue
[2023-01-31T10:22:00.386+0000] {logging_mixin.py:137} INFO - [2023-01-31T10:22:00.386+0000] {dagbag.py:538} INFO - Filling up the DagBag from /home/airflow/.local/lib/python3.7/site-packages/airflow/example_dags/example_short_circuit_operator.py
[2023-01-31T10:22:00.398+0000] {processor.py:753} INFO - DAG(s) dict_keys(['example_short_circuit_operator']) retrieved from /home/airflow/.local/lib/python3.7/site-packages/airflow/example_dags/example_short_circuit_operator.py
[2023-01-31T10:22:00.420+0000] {logging_mixin.py:137} INFO - [2023-01-31T10:22:00.419+0000] {dag.py:2690} INFO - Sync 1 DAGs
[2023-01-31T10:22:00.438+0000] {logging_mixin.py:137} INFO - [2023-01-31T10:22:00.438+0000] {dag.py:3441} INFO - Setting next_dagrun for example_short_circuit_operator to 2023-01-30T10:22:00.438544+00:00, run_after=2023-01-31T10:22:00.438544+00:00
[2023-01-31T10:22:00.458+0000] {processor.py:175} INFO - Processing /home/airflow/.local/lib/python3.7/site-packages/airflow/example_dags/example_short_circuit_operator.py took 0.076 seconds
[2023-01-31T10:22:31.572+0000] {processor.py:153} INFO - Started process (PID=1184) to work on /home/airflow/.local/lib/python3.7/site-packages/airflow/example_dags/example_short_circuit_operator.py
[2023-01-31T10:22:31.574+0000] {processor.py:743} INFO - Processing file /home/airflow/.local/lib/python3.7/site-packages/airflow/example_dags/example_short_circuit_operator.py for tasks to queue
[2023-01-31T10:22:31.575+0000] {logging_mixin.py:137} INFO - [2023-01-31T10:22:31.575+0000] {dagbag.py:538} INFO - Filling up the DagBag from /home/airflow/.local/lib/python3.7/site-packages/airflow/example_dags/example_short_circuit_operator.py
[2023-01-31T10:22:31.607+0000] {processor.py:753} INFO - DAG(s) dict_keys(['example_short_circuit_operator']) retrieved from /home/airflow/.local/lib/python3.7/site-packages/airflow/example_dags/example_short_circuit_operator.py
[2023-01-31T10:22:31.681+0000] {logging_mixin.py:137} INFO - [2023-01-31T10:22:31.681+0000] {dag.py:2690} INFO - Sync 1 DAGs
[2023-01-31T10:22:31.718+0000] {logging_mixin.py:137} INFO - [2023-01-31T10:22:31.718+0000] {dag.py:3441} INFO - Setting next_dagrun for example_short_circuit_operator to 2023-01-30T10:22:31.718070+00:00, run_after=2023-01-31T10:22:31.718070+00:00
[2023-01-31T10:22:31.773+0000] {processor.py:175} INFO - Processing /home/airflow/.local/lib/python3.7/site-packages/airflow/example_dags/example_short_circuit_operator.py took 0.204 seconds
[2023-01-31T10:23:02.521+0000] {processor.py:153} INFO - Started process (PID=1268) to work on /home/airflow/.local/lib/python3.7/site-packages/airflow/example_dags/example_short_circuit_operator.py
[2023-01-31T10:23:02.527+0000] {processor.py:743} INFO - Processing file /home/airflow/.local/lib/python3.7/site-packages/airflow/example_dags/example_short_circuit_operator.py for tasks to queue
[2023-01-31T10:23:02.533+0000] {logging_mixin.py:137} INFO - [2023-01-31T10:23:02.533+0000] {dagbag.py:538} INFO - Filling up the DagBag from /home/airflow/.local/lib/python3.7/site-packages/airflow/example_dags/example_short_circuit_operator.py
[2023-01-31T10:23:02.557+0000] {processor.py:753} INFO - DAG(s) dict_keys(['example_short_circuit_operator']) retrieved from /home/airflow/.local/lib/python3.7/site-packages/airflow/example_dags/example_short_circuit_operator.py
[2023-01-31T10:23:02.616+0000] {logging_mixin.py:137} INFO - [2023-01-31T10:23:02.616+0000] {dag.py:2690} INFO - Sync 1 DAGs
[2023-01-31T10:23:02.673+0000] {logging_mixin.py:137} INFO - [2023-01-31T10:23:02.673+0000] {dag.py:3441} INFO - Setting next_dagrun for example_short_circuit_operator to 2023-01-30T10:23:02.673364+00:00, run_after=2023-01-31T10:23:02.673364+00:00
[2023-01-31T10:23:02.857+0000] {processor.py:175} INFO - Processing /home/airflow/.local/lib/python3.7/site-packages/airflow/example_dags/example_short_circuit_operator.py took 0.339 seconds
[2023-01-31T10:23:33.639+0000] {processor.py:153} INFO - Started process (PID=1356) to work on /home/airflow/.local/lib/python3.7/site-packages/airflow/example_dags/example_short_circuit_operator.py
[2023-01-31T10:23:33.643+0000] {processor.py:743} INFO - Processing file /home/airflow/.local/lib/python3.7/site-packages/airflow/example_dags/example_short_circuit_operator.py for tasks to queue
[2023-01-31T10:23:33.656+0000] {logging_mixin.py:137} INFO - [2023-01-31T10:23:33.655+0000] {dagbag.py:538} INFO - Filling up the DagBag from /home/airflow/.local/lib/python3.7/site-packages/airflow/example_dags/example_short_circuit_operator.py
[2023-01-31T10:23:33.691+0000] {processor.py:753} INFO - DAG(s) dict_keys(['example_short_circuit_operator']) retrieved from /home/airflow/.local/lib/python3.7/site-packages/airflow/example_dags/example_short_circuit_operator.py
[2023-01-31T10:23:33.796+0000] {logging_mixin.py:137} INFO - [2023-01-31T10:23:33.796+0000] {dag.py:2690} INFO - Sync 1 DAGs
[2023-01-31T10:23:33.890+0000] {logging_mixin.py:137} INFO - [2023-01-31T10:23:33.889+0000] {dag.py:3441} INFO - Setting next_dagrun for example_short_circuit_operator to 2023-01-30T10:23:33.889236+00:00, run_after=2023-01-31T10:23:33.889236+00:00
[2023-01-31T10:23:33.917+0000] {processor.py:175} INFO - Processing /home/airflow/.local/lib/python3.7/site-packages/airflow/example_dags/example_short_circuit_operator.py took 0.281 seconds
[2023-01-31T10:24:04.495+0000] {processor.py:153} INFO - Started process (PID=1435) to work on /home/airflow/.local/lib/python3.7/site-packages/airflow/example_dags/example_short_circuit_operator.py
[2023-01-31T10:24:04.499+0000] {processor.py:743} INFO - Processing file /home/airflow/.local/lib/python3.7/site-packages/airflow/example_dags/example_short_circuit_operator.py for tasks to queue
[2023-01-31T10:24:04.502+0000] {logging_mixin.py:137} INFO - [2023-01-31T10:24:04.502+0000] {dagbag.py:538} INFO - Filling up the DagBag from /home/airflow/.local/lib/python3.7/site-packages/airflow/example_dags/example_short_circuit_operator.py
[2023-01-31T10:24:04.520+0000] {processor.py:753} INFO - DAG(s) dict_keys(['example_short_circuit_operator']) retrieved from /home/airflow/.local/lib/python3.7/site-packages/airflow/example_dags/example_short_circuit_operator.py
[2023-01-31T10:24:04.590+0000] {logging_mixin.py:137} INFO - [2023-01-31T10:24:04.590+0000] {dag.py:2690} INFO - Sync 1 DAGs
[2023-01-31T10:24:04.624+0000] {logging_mixin.py:137} INFO - [2023-01-31T10:24:04.624+0000] {dag.py:3441} INFO - Setting next_dagrun for example_short_circuit_operator to 2023-01-30T10:24:04.622853+00:00, run_after=2023-01-31T10:24:04.622853+00:00
[2023-01-31T10:24:04.663+0000] {processor.py:175} INFO - Processing /home/airflow/.local/lib/python3.7/site-packages/airflow/example_dags/example_short_circuit_operator.py took 0.172 seconds
[2023-01-31T10:24:34.845+0000] {processor.py:153} INFO - Started process (PID=1513) to work on /home/airflow/.local/lib/python3.7/site-packages/airflow/example_dags/example_short_circuit_operator.py
[2023-01-31T10:24:34.866+0000] {processor.py:743} INFO - Processing file /home/airflow/.local/lib/python3.7/site-packages/airflow/example_dags/example_short_circuit_operator.py for tasks to queue
[2023-01-31T10:24:34.875+0000] {logging_mixin.py:137} INFO - [2023-01-31T10:24:34.875+0000] {dagbag.py:538} INFO - Filling up the DagBag from /home/airflow/.local/lib/python3.7/site-packages/airflow/example_dags/example_short_circuit_operator.py
[2023-01-31T10:24:34.896+0000] {processor.py:753} INFO - DAG(s) dict_keys(['example_short_circuit_operator']) retrieved from /home/airflow/.local/lib/python3.7/site-packages/airflow/example_dags/example_short_circuit_operator.py
[2023-01-31T10:24:34.928+0000] {logging_mixin.py:137} INFO - [2023-01-31T10:24:34.928+0000] {dag.py:2690} INFO - Sync 1 DAGs
[2023-01-31T10:24:34.957+0000] {logging_mixin.py:137} INFO - [2023-01-31T10:24:34.957+0000] {dag.py:3441} INFO - Setting next_dagrun for example_short_circuit_operator to 2023-01-30T10:24:34.956909+00:00, run_after=2023-01-31T10:24:34.956909+00:00
[2023-01-31T10:24:34.988+0000] {processor.py:175} INFO - Processing /home/airflow/.local/lib/python3.7/site-packages/airflow/example_dags/example_short_circuit_operator.py took 0.147 seconds
[2023-01-31T10:25:05.378+0000] {processor.py:153} INFO - Started process (PID=1595) to work on /home/airflow/.local/lib/python3.7/site-packages/airflow/example_dags/example_short_circuit_operator.py
[2023-01-31T10:25:05.384+0000] {processor.py:743} INFO - Processing file /home/airflow/.local/lib/python3.7/site-packages/airflow/example_dags/example_short_circuit_operator.py for tasks to queue
[2023-01-31T10:25:05.389+0000] {logging_mixin.py:137} INFO - [2023-01-31T10:25:05.389+0000] {dagbag.py:538} INFO - Filling up the DagBag from /home/airflow/.local/lib/python3.7/site-packages/airflow/example_dags/example_short_circuit_operator.py
[2023-01-31T10:25:05.410+0000] {processor.py:753} INFO - DAG(s) dict_keys(['example_short_circuit_operator']) retrieved from /home/airflow/.local/lib/python3.7/site-packages/airflow/example_dags/example_short_circuit_operator.py
[2023-01-31T10:25:05.458+0000] {logging_mixin.py:137} INFO - [2023-01-31T10:25:05.458+0000] {dag.py:2690} INFO - Sync 1 DAGs
[2023-01-31T10:25:05.485+0000] {logging_mixin.py:137} INFO - [2023-01-31T10:25:05.485+0000] {dag.py:3441} INFO - Setting next_dagrun for example_short_circuit_operator to 2023-01-30T10:25:05.485161+00:00, run_after=2023-01-31T10:25:05.485161+00:00
[2023-01-31T10:25:05.519+0000] {processor.py:175} INFO - Processing /home/airflow/.local/lib/python3.7/site-packages/airflow/example_dags/example_short_circuit_operator.py took 0.144 seconds
[2023-01-31T10:25:35.561+0000] {processor.py:153} INFO - Started process (PID=1674) to work on /home/airflow/.local/lib/python3.7/site-packages/airflow/example_dags/example_short_circuit_operator.py
[2023-01-31T10:25:35.562+0000] {processor.py:743} INFO - Processing file /home/airflow/.local/lib/python3.7/site-packages/airflow/example_dags/example_short_circuit_operator.py for tasks to queue
[2023-01-31T10:25:35.563+0000] {logging_mixin.py:137} INFO - [2023-01-31T10:25:35.563+0000] {dagbag.py:538} INFO - Filling up the DagBag from /home/airflow/.local/lib/python3.7/site-packages/airflow/example_dags/example_short_circuit_operator.py
[2023-01-31T10:25:35.576+0000] {processor.py:753} INFO - DAG(s) dict_keys(['example_short_circuit_operator']) retrieved from /home/airflow/.local/lib/python3.7/site-packages/airflow/example_dags/example_short_circuit_operator.py
[2023-01-31T10:25:35.597+0000] {logging_mixin.py:137} INFO - [2023-01-31T10:25:35.597+0000] {dag.py:2690} INFO - Sync 1 DAGs
[2023-01-31T10:25:35.616+0000] {logging_mixin.py:137} INFO - [2023-01-31T10:25:35.616+0000] {dag.py:3441} INFO - Setting next_dagrun for example_short_circuit_operator to 2023-01-30T10:25:35.615770+00:00, run_after=2023-01-31T10:25:35.615770+00:00
[2023-01-31T10:25:35.630+0000] {processor.py:175} INFO - Processing /home/airflow/.local/lib/python3.7/site-packages/airflow/example_dags/example_short_circuit_operator.py took 0.072 seconds
[2023-01-31T10:26:06.375+0000] {processor.py:153} INFO - Started process (PID=1754) to work on /home/airflow/.local/lib/python3.7/site-packages/airflow/example_dags/example_short_circuit_operator.py
[2023-01-31T10:26:06.384+0000] {processor.py:743} INFO - Processing file /home/airflow/.local/lib/python3.7/site-packages/airflow/example_dags/example_short_circuit_operator.py for tasks to queue
[2023-01-31T10:26:06.388+0000] {logging_mixin.py:137} INFO - [2023-01-31T10:26:06.388+0000] {dagbag.py:538} INFO - Filling up the DagBag from /home/airflow/.local/lib/python3.7/site-packages/airflow/example_dags/example_short_circuit_operator.py
[2023-01-31T10:26:06.406+0000] {processor.py:753} INFO - DAG(s) dict_keys(['example_short_circuit_operator']) retrieved from /home/airflow/.local/lib/python3.7/site-packages/airflow/example_dags/example_short_circuit_operator.py
[2023-01-31T10:26:06.448+0000] {logging_mixin.py:137} INFO - [2023-01-31T10:26:06.447+0000] {dag.py:2690} INFO - Sync 1 DAGs
[2023-01-31T10:26:06.474+0000] {logging_mixin.py:137} INFO - [2023-01-31T10:26:06.474+0000] {dag.py:3441} INFO - Setting next_dagrun for example_short_circuit_operator to 2023-01-30T10:26:06.473737+00:00, run_after=2023-01-31T10:26:06.473737+00:00
[2023-01-31T10:26:06.498+0000] {processor.py:175} INFO - Processing /home/airflow/.local/lib/python3.7/site-packages/airflow/example_dags/example_short_circuit_operator.py took 0.131 seconds
[2023-01-31T10:26:38.154+0000] {processor.py:153} INFO - Started process (PID=1853) to work on /home/airflow/.local/lib/python3.7/site-packages/airflow/example_dags/example_short_circuit_operator.py
[2023-01-31T10:26:38.161+0000] {processor.py:743} INFO - Processing file /home/airflow/.local/lib/python3.7/site-packages/airflow/example_dags/example_short_circuit_operator.py for tasks to queue
[2023-01-31T10:26:38.177+0000] {logging_mixin.py:137} INFO - [2023-01-31T10:26:38.177+0000] {dagbag.py:538} INFO - Filling up the DagBag from /home/airflow/.local/lib/python3.7/site-packages/airflow/example_dags/example_short_circuit_operator.py
[2023-01-31T10:26:38.233+0000] {processor.py:753} INFO - DAG(s) dict_keys(['example_short_circuit_operator']) retrieved from /home/airflow/.local/lib/python3.7/site-packages/airflow/example_dags/example_short_circuit_operator.py
[2023-01-31T10:26:38.322+0000] {logging_mixin.py:137} INFO - [2023-01-31T10:26:38.322+0000] {dag.py:2690} INFO - Sync 1 DAGs
[2023-01-31T10:26:38.400+0000] {logging_mixin.py:137} INFO - [2023-01-31T10:26:38.400+0000] {dag.py:3441} INFO - Setting next_dagrun for example_short_circuit_operator to 2023-01-30T10:26:38.395678+00:00, run_after=2023-01-31T10:26:38.395678+00:00
[2023-01-31T10:26:38.465+0000] {processor.py:175} INFO - Processing /home/airflow/.local/lib/python3.7/site-packages/airflow/example_dags/example_short_circuit_operator.py took 0.317 seconds
[2023-01-31T10:27:09.167+0000] {processor.py:153} INFO - Started process (PID=1932) to work on /home/airflow/.local/lib/python3.7/site-packages/airflow/example_dags/example_short_circuit_operator.py
[2023-01-31T10:27:09.169+0000] {processor.py:743} INFO - Processing file /home/airflow/.local/lib/python3.7/site-packages/airflow/example_dags/example_short_circuit_operator.py for tasks to queue
[2023-01-31T10:27:09.171+0000] {logging_mixin.py:137} INFO - [2023-01-31T10:27:09.170+0000] {dagbag.py:538} INFO - Filling up the DagBag from /home/airflow/.local/lib/python3.7/site-packages/airflow/example_dags/example_short_circuit_operator.py
[2023-01-31T10:27:09.183+0000] {processor.py:753} INFO - DAG(s) dict_keys(['example_short_circuit_operator']) retrieved from /home/airflow/.local/lib/python3.7/site-packages/airflow/example_dags/example_short_circuit_operator.py
[2023-01-31T10:27:09.206+0000] {logging_mixin.py:137} INFO - [2023-01-31T10:27:09.206+0000] {dag.py:2690} INFO - Sync 1 DAGs
[2023-01-31T10:27:09.225+0000] {logging_mixin.py:137} INFO - [2023-01-31T10:27:09.225+0000] {dag.py:3441} INFO - Setting next_dagrun for example_short_circuit_operator to 2023-01-30T10:27:09.225634+00:00, run_after=2023-01-31T10:27:09.225634+00:00
[2023-01-31T10:27:09.244+0000] {processor.py:175} INFO - Processing /home/airflow/.local/lib/python3.7/site-packages/airflow/example_dags/example_short_circuit_operator.py took 0.080 seconds
[2023-01-31T10:27:40.177+0000] {processor.py:153} INFO - Started process (PID=2019) to work on /home/airflow/.local/lib/python3.7/site-packages/airflow/example_dags/example_short_circuit_operator.py
[2023-01-31T10:27:40.179+0000] {processor.py:743} INFO - Processing file /home/airflow/.local/lib/python3.7/site-packages/airflow/example_dags/example_short_circuit_operator.py for tasks to queue
[2023-01-31T10:27:40.181+0000] {logging_mixin.py:137} INFO - [2023-01-31T10:27:40.181+0000] {dagbag.py:538} INFO - Filling up the DagBag from /home/airflow/.local/lib/python3.7/site-packages/airflow/example_dags/example_short_circuit_operator.py
[2023-01-31T10:27:40.220+0000] {processor.py:753} INFO - DAG(s) dict_keys(['example_short_circuit_operator']) retrieved from /home/airflow/.local/lib/python3.7/site-packages/airflow/example_dags/example_short_circuit_operator.py
[2023-01-31T10:27:40.262+0000] {logging_mixin.py:137} INFO - [2023-01-31T10:27:40.262+0000] {dag.py:2690} INFO - Sync 1 DAGs
[2023-01-31T10:27:40.288+0000] {logging_mixin.py:137} INFO - [2023-01-31T10:27:40.288+0000] {dag.py:3441} INFO - Setting next_dagrun for example_short_circuit_operator to 2023-01-30T10:27:40.287860+00:00, run_after=2023-01-31T10:27:40.287860+00:00
[2023-01-31T10:27:40.335+0000] {processor.py:175} INFO - Processing /home/airflow/.local/lib/python3.7/site-packages/airflow/example_dags/example_short_circuit_operator.py took 0.162 seconds
[2023-01-31T10:28:10.591+0000] {processor.py:153} INFO - Started process (PID=2107) to work on /home/airflow/.local/lib/python3.7/site-packages/airflow/example_dags/example_short_circuit_operator.py
[2023-01-31T10:28:10.593+0000] {processor.py:743} INFO - Processing file /home/airflow/.local/lib/python3.7/site-packages/airflow/example_dags/example_short_circuit_operator.py for tasks to queue
[2023-01-31T10:28:10.594+0000] {logging_mixin.py:137} INFO - [2023-01-31T10:28:10.594+0000] {dagbag.py:538} INFO - Filling up the DagBag from /home/airflow/.local/lib/python3.7/site-packages/airflow/example_dags/example_short_circuit_operator.py
[2023-01-31T10:28:10.607+0000] {processor.py:753} INFO - DAG(s) dict_keys(['example_short_circuit_operator']) retrieved from /home/airflow/.local/lib/python3.7/site-packages/airflow/example_dags/example_short_circuit_operator.py
[2023-01-31T10:28:10.632+0000] {logging_mixin.py:137} INFO - [2023-01-31T10:28:10.632+0000] {dag.py:2690} INFO - Sync 1 DAGs
[2023-01-31T10:28:10.649+0000] {logging_mixin.py:137} INFO - [2023-01-31T10:28:10.649+0000] {dag.py:3441} INFO - Setting next_dagrun for example_short_circuit_operator to 2023-01-30T10:28:10.648901+00:00, run_after=2023-01-31T10:28:10.648901+00:00
[2023-01-31T10:28:10.663+0000] {processor.py:175} INFO - Processing /home/airflow/.local/lib/python3.7/site-packages/airflow/example_dags/example_short_circuit_operator.py took 0.074 seconds
[2023-01-31T10:28:40.839+0000] {processor.py:153} INFO - Started process (PID=2186) to work on /home/airflow/.local/lib/python3.7/site-packages/airflow/example_dags/example_short_circuit_operator.py
[2023-01-31T10:28:40.841+0000] {processor.py:743} INFO - Processing file /home/airflow/.local/lib/python3.7/site-packages/airflow/example_dags/example_short_circuit_operator.py for tasks to queue
[2023-01-31T10:28:40.842+0000] {logging_mixin.py:137} INFO - [2023-01-31T10:28:40.842+0000] {dagbag.py:538} INFO - Filling up the DagBag from /home/airflow/.local/lib/python3.7/site-packages/airflow/example_dags/example_short_circuit_operator.py
[2023-01-31T10:28:40.855+0000] {processor.py:753} INFO - DAG(s) dict_keys(['example_short_circuit_operator']) retrieved from /home/airflow/.local/lib/python3.7/site-packages/airflow/example_dags/example_short_circuit_operator.py
[2023-01-31T10:28:40.876+0000] {logging_mixin.py:137} INFO - [2023-01-31T10:28:40.876+0000] {dag.py:2690} INFO - Sync 1 DAGs
[2023-01-31T10:28:40.892+0000] {logging_mixin.py:137} INFO - [2023-01-31T10:28:40.892+0000] {dag.py:3441} INFO - Setting next_dagrun for example_short_circuit_operator to 2023-01-30T10:28:40.892438+00:00, run_after=2023-01-31T10:28:40.892438+00:00
[2023-01-31T10:28:40.907+0000] {processor.py:175} INFO - Processing /home/airflow/.local/lib/python3.7/site-packages/airflow/example_dags/example_short_circuit_operator.py took 0.074 seconds
[2023-01-31T10:29:12.403+0000] {processor.py:153} INFO - Started process (PID=2273) to work on /home/airflow/.local/lib/python3.7/site-packages/airflow/example_dags/example_short_circuit_operator.py
[2023-01-31T10:29:12.406+0000] {processor.py:743} INFO - Processing file /home/airflow/.local/lib/python3.7/site-packages/airflow/example_dags/example_short_circuit_operator.py for tasks to queue
[2023-01-31T10:29:12.408+0000] {logging_mixin.py:137} INFO - [2023-01-31T10:29:12.408+0000] {dagbag.py:538} INFO - Filling up the DagBag from /home/airflow/.local/lib/python3.7/site-packages/airflow/example_dags/example_short_circuit_operator.py
[2023-01-31T10:29:12.428+0000] {processor.py:753} INFO - DAG(s) dict_keys(['example_short_circuit_operator']) retrieved from /home/airflow/.local/lib/python3.7/site-packages/airflow/example_dags/example_short_circuit_operator.py
[2023-01-31T10:29:12.466+0000] {logging_mixin.py:137} INFO - [2023-01-31T10:29:12.466+0000] {dag.py:2690} INFO - Sync 1 DAGs
[2023-01-31T10:29:12.493+0000] {logging_mixin.py:137} INFO - [2023-01-31T10:29:12.493+0000] {dag.py:3441} INFO - Setting next_dagrun for example_short_circuit_operator to 2023-01-30T10:29:12.493151+00:00, run_after=2023-01-31T10:29:12.493151+00:00
[2023-01-31T10:29:12.544+0000] {processor.py:175} INFO - Processing /home/airflow/.local/lib/python3.7/site-packages/airflow/example_dags/example_short_circuit_operator.py took 0.145 seconds
[2023-01-31T10:29:43.042+0000] {processor.py:153} INFO - Started process (PID=2343) to work on /home/airflow/.local/lib/python3.7/site-packages/airflow/example_dags/example_short_circuit_operator.py
[2023-01-31T10:29:43.045+0000] {processor.py:743} INFO - Processing file /home/airflow/.local/lib/python3.7/site-packages/airflow/example_dags/example_short_circuit_operator.py for tasks to queue
[2023-01-31T10:29:43.055+0000] {logging_mixin.py:137} INFO - [2023-01-31T10:29:43.055+0000] {dagbag.py:538} INFO - Filling up the DagBag from /home/airflow/.local/lib/python3.7/site-packages/airflow/example_dags/example_short_circuit_operator.py
[2023-01-31T10:29:43.093+0000] {processor.py:753} INFO - DAG(s) dict_keys(['example_short_circuit_operator']) retrieved from /home/airflow/.local/lib/python3.7/site-packages/airflow/example_dags/example_short_circuit_operator.py
[2023-01-31T10:29:43.243+0000] {logging_mixin.py:137} INFO - [2023-01-31T10:29:43.243+0000] {dag.py:2690} INFO - Sync 1 DAGs
[2023-01-31T10:29:43.337+0000] {logging_mixin.py:137} INFO - [2023-01-31T10:29:43.336+0000] {dag.py:3441} INFO - Setting next_dagrun for example_short_circuit_operator to 2023-01-30T10:29:43.336497+00:00, run_after=2023-01-31T10:29:43.336497+00:00
[2023-01-31T10:29:43.399+0000] {processor.py:175} INFO - Processing /home/airflow/.local/lib/python3.7/site-packages/airflow/example_dags/example_short_circuit_operator.py took 0.361 seconds
[2023-01-31T10:30:14.309+0000] {processor.py:153} INFO - Started process (PID=2421) to work on /home/airflow/.local/lib/python3.7/site-packages/airflow/example_dags/example_short_circuit_operator.py
[2023-01-31T10:30:14.315+0000] {processor.py:743} INFO - Processing file /home/airflow/.local/lib/python3.7/site-packages/airflow/example_dags/example_short_circuit_operator.py for tasks to queue
[2023-01-31T10:30:14.364+0000] {logging_mixin.py:137} INFO - [2023-01-31T10:30:14.361+0000] {dagbag.py:538} INFO - Filling up the DagBag from /home/airflow/.local/lib/python3.7/site-packages/airflow/example_dags/example_short_circuit_operator.py
[2023-01-31T10:30:14.777+0000] {processor.py:753} INFO - DAG(s) dict_keys(['example_short_circuit_operator']) retrieved from /home/airflow/.local/lib/python3.7/site-packages/airflow/example_dags/example_short_circuit_operator.py
[2023-01-31T10:30:14.896+0000] {logging_mixin.py:137} INFO - [2023-01-31T10:30:14.896+0000] {dag.py:2690} INFO - Sync 1 DAGs
[2023-01-31T10:30:14.968+0000] {logging_mixin.py:137} INFO - [2023-01-31T10:30:14.968+0000] {dag.py:3441} INFO - Setting next_dagrun for example_short_circuit_operator to 2023-01-30T10:30:14.967995+00:00, run_after=2023-01-31T10:30:14.967995+00:00
[2023-01-31T10:30:14.992+0000] {processor.py:175} INFO - Processing /home/airflow/.local/lib/python3.7/site-packages/airflow/example_dags/example_short_circuit_operator.py took 0.745 seconds
[2023-01-31T10:30:45.557+0000] {processor.py:153} INFO - Started process (PID=2516) to work on /home/airflow/.local/lib/python3.7/site-packages/airflow/example_dags/example_short_circuit_operator.py
[2023-01-31T10:30:45.562+0000] {processor.py:743} INFO - Processing file /home/airflow/.local/lib/python3.7/site-packages/airflow/example_dags/example_short_circuit_operator.py for tasks to queue
[2023-01-31T10:30:45.567+0000] {logging_mixin.py:137} INFO - [2023-01-31T10:30:45.566+0000] {dagbag.py:538} INFO - Filling up the DagBag from /home/airflow/.local/lib/python3.7/site-packages/airflow/example_dags/example_short_circuit_operator.py
[2023-01-31T10:30:45.601+0000] {processor.py:753} INFO - DAG(s) dict_keys(['example_short_circuit_operator']) retrieved from /home/airflow/.local/lib/python3.7/site-packages/airflow/example_dags/example_short_circuit_operator.py
[2023-01-31T10:30:45.693+0000] {logging_mixin.py:137} INFO - [2023-01-31T10:30:45.693+0000] {dag.py:2690} INFO - Sync 1 DAGs
[2023-01-31T10:30:45.746+0000] {logging_mixin.py:137} INFO - [2023-01-31T10:30:45.746+0000] {dag.py:3441} INFO - Setting next_dagrun for example_short_circuit_operator to 2023-01-30T10:30:45.745178+00:00, run_after=2023-01-31T10:30:45.745178+00:00
[2023-01-31T10:30:45.776+0000] {processor.py:175} INFO - Processing /home/airflow/.local/lib/python3.7/site-packages/airflow/example_dags/example_short_circuit_operator.py took 0.225 seconds
[2023-01-31T10:31:15.985+0000] {processor.py:153} INFO - Started process (PID=2595) to work on /home/airflow/.local/lib/python3.7/site-packages/airflow/example_dags/example_short_circuit_operator.py
[2023-01-31T10:31:15.987+0000] {processor.py:743} INFO - Processing file /home/airflow/.local/lib/python3.7/site-packages/airflow/example_dags/example_short_circuit_operator.py for tasks to queue
[2023-01-31T10:31:15.989+0000] {logging_mixin.py:137} INFO - [2023-01-31T10:31:15.989+0000] {dagbag.py:538} INFO - Filling up the DagBag from /home/airflow/.local/lib/python3.7/site-packages/airflow/example_dags/example_short_circuit_operator.py
[2023-01-31T10:31:16.010+0000] {processor.py:753} INFO - DAG(s) dict_keys(['example_short_circuit_operator']) retrieved from /home/airflow/.local/lib/python3.7/site-packages/airflow/example_dags/example_short_circuit_operator.py
[2023-01-31T10:31:16.102+0000] {logging_mixin.py:137} INFO - [2023-01-31T10:31:16.102+0000] {dag.py:2690} INFO - Sync 1 DAGs
[2023-01-31T10:31:16.142+0000] {logging_mixin.py:137} INFO - [2023-01-31T10:31:16.142+0000] {dag.py:3441} INFO - Setting next_dagrun for example_short_circuit_operator to 2023-01-30T10:31:16.142138+00:00, run_after=2023-01-31T10:31:16.142138+00:00
[2023-01-31T10:31:16.176+0000] {processor.py:175} INFO - Processing /home/airflow/.local/lib/python3.7/site-packages/airflow/example_dags/example_short_circuit_operator.py took 0.195 seconds
[2023-01-31T10:31:46.376+0000] {processor.py:153} INFO - Started process (PID=2672) to work on /home/airflow/.local/lib/python3.7/site-packages/airflow/example_dags/example_short_circuit_operator.py
[2023-01-31T10:31:46.380+0000] {processor.py:743} INFO - Processing file /home/airflow/.local/lib/python3.7/site-packages/airflow/example_dags/example_short_circuit_operator.py for tasks to queue
[2023-01-31T10:31:46.383+0000] {logging_mixin.py:137} INFO - [2023-01-31T10:31:46.383+0000] {dagbag.py:538} INFO - Filling up the DagBag from /home/airflow/.local/lib/python3.7/site-packages/airflow/example_dags/example_short_circuit_operator.py
[2023-01-31T10:31:46.417+0000] {processor.py:753} INFO - DAG(s) dict_keys(['example_short_circuit_operator']) retrieved from /home/airflow/.local/lib/python3.7/site-packages/airflow/example_dags/example_short_circuit_operator.py
[2023-01-31T10:31:46.490+0000] {logging_mixin.py:137} INFO - [2023-01-31T10:31:46.489+0000] {dag.py:2690} INFO - Sync 1 DAGs
[2023-01-31T10:31:46.521+0000] {logging_mixin.py:137} INFO - [2023-01-31T10:31:46.521+0000] {dag.py:3441} INFO - Setting next_dagrun for example_short_circuit_operator to 2023-01-30T10:31:46.520392+00:00, run_after=2023-01-31T10:31:46.520392+00:00
[2023-01-31T10:31:46.553+0000] {processor.py:175} INFO - Processing /home/airflow/.local/lib/python3.7/site-packages/airflow/example_dags/example_short_circuit_operator.py took 0.196 seconds
[2023-01-31T10:32:16.831+0000] {processor.py:153} INFO - Started process (PID=2767) to work on /home/airflow/.local/lib/python3.7/site-packages/airflow/example_dags/example_short_circuit_operator.py
[2023-01-31T10:32:16.842+0000] {processor.py:743} INFO - Processing file /home/airflow/.local/lib/python3.7/site-packages/airflow/example_dags/example_short_circuit_operator.py for tasks to queue
[2023-01-31T10:32:16.843+0000] {logging_mixin.py:137} INFO - [2023-01-31T10:32:16.843+0000] {dagbag.py:538} INFO - Filling up the DagBag from /home/airflow/.local/lib/python3.7/site-packages/airflow/example_dags/example_short_circuit_operator.py
[2023-01-31T10:32:16.888+0000] {processor.py:753} INFO - DAG(s) dict_keys(['example_short_circuit_operator']) retrieved from /home/airflow/.local/lib/python3.7/site-packages/airflow/example_dags/example_short_circuit_operator.py
[2023-01-31T10:32:16.929+0000] {logging_mixin.py:137} INFO - [2023-01-31T10:32:16.929+0000] {dag.py:2690} INFO - Sync 1 DAGs
[2023-01-31T10:32:17.000+0000] {logging_mixin.py:137} INFO - [2023-01-31T10:32:17.000+0000] {dag.py:3441} INFO - Setting next_dagrun for example_short_circuit_operator to 2023-01-30T10:32:17.000464+00:00, run_after=2023-01-31T10:32:17.000464+00:00
[2023-01-31T10:32:17.027+0000] {processor.py:175} INFO - Processing /home/airflow/.local/lib/python3.7/site-packages/airflow/example_dags/example_short_circuit_operator.py took 0.201 seconds
[2023-01-31T10:32:47.936+0000] {processor.py:153} INFO - Started process (PID=2846) to work on /home/airflow/.local/lib/python3.7/site-packages/airflow/example_dags/example_short_circuit_operator.py
[2023-01-31T10:32:47.949+0000] {processor.py:743} INFO - Processing file /home/airflow/.local/lib/python3.7/site-packages/airflow/example_dags/example_short_circuit_operator.py for tasks to queue
[2023-01-31T10:32:47.952+0000] {logging_mixin.py:137} INFO - [2023-01-31T10:32:47.951+0000] {dagbag.py:538} INFO - Filling up the DagBag from /home/airflow/.local/lib/python3.7/site-packages/airflow/example_dags/example_short_circuit_operator.py
[2023-01-31T10:32:47.979+0000] {processor.py:753} INFO - DAG(s) dict_keys(['example_short_circuit_operator']) retrieved from /home/airflow/.local/lib/python3.7/site-packages/airflow/example_dags/example_short_circuit_operator.py
[2023-01-31T10:32:48.053+0000] {logging_mixin.py:137} INFO - [2023-01-31T10:32:48.052+0000] {dag.py:2690} INFO - Sync 1 DAGs
[2023-01-31T10:32:48.097+0000] {logging_mixin.py:137} INFO - [2023-01-31T10:32:48.097+0000] {dag.py:3441} INFO - Setting next_dagrun for example_short_circuit_operator to 2023-01-30T10:32:48.097028+00:00, run_after=2023-01-31T10:32:48.097028+00:00
[2023-01-31T10:32:48.122+0000] {processor.py:175} INFO - Processing /home/airflow/.local/lib/python3.7/site-packages/airflow/example_dags/example_short_circuit_operator.py took 0.200 seconds
[2023-01-31T10:33:18.407+0000] {processor.py:153} INFO - Started process (PID=2932) to work on /home/airflow/.local/lib/python3.7/site-packages/airflow/example_dags/example_short_circuit_operator.py
[2023-01-31T10:33:18.410+0000] {processor.py:743} INFO - Processing file /home/airflow/.local/lib/python3.7/site-packages/airflow/example_dags/example_short_circuit_operator.py for tasks to queue
[2023-01-31T10:33:18.412+0000] {logging_mixin.py:137} INFO - [2023-01-31T10:33:18.412+0000] {dagbag.py:538} INFO - Filling up the DagBag from /home/airflow/.local/lib/python3.7/site-packages/airflow/example_dags/example_short_circuit_operator.py
[2023-01-31T10:33:18.449+0000] {processor.py:753} INFO - DAG(s) dict_keys(['example_short_circuit_operator']) retrieved from /home/airflow/.local/lib/python3.7/site-packages/airflow/example_dags/example_short_circuit_operator.py
[2023-01-31T10:33:18.622+0000] {logging_mixin.py:137} INFO - [2023-01-31T10:33:18.622+0000] {dag.py:2690} INFO - Sync 1 DAGs
[2023-01-31T10:33:18.717+0000] {logging_mixin.py:137} INFO - [2023-01-31T10:33:18.717+0000] {dag.py:3441} INFO - Setting next_dagrun for example_short_circuit_operator to 2023-01-30T10:33:18.716906+00:00, run_after=2023-01-31T10:33:18.716906+00:00
[2023-01-31T10:33:18.755+0000] {processor.py:175} INFO - Processing /home/airflow/.local/lib/python3.7/site-packages/airflow/example_dags/example_short_circuit_operator.py took 0.354 seconds
[2023-01-31T10:33:49.018+0000] {processor.py:153} INFO - Started process (PID=3020) to work on /home/airflow/.local/lib/python3.7/site-packages/airflow/example_dags/example_short_circuit_operator.py
[2023-01-31T10:33:49.019+0000] {processor.py:743} INFO - Processing file /home/airflow/.local/lib/python3.7/site-packages/airflow/example_dags/example_short_circuit_operator.py for tasks to queue
[2023-01-31T10:33:49.020+0000] {logging_mixin.py:137} INFO - [2023-01-31T10:33:49.020+0000] {dagbag.py:538} INFO - Filling up the DagBag from /home/airflow/.local/lib/python3.7/site-packages/airflow/example_dags/example_short_circuit_operator.py
[2023-01-31T10:33:49.033+0000] {processor.py:753} INFO - DAG(s) dict_keys(['example_short_circuit_operator']) retrieved from /home/airflow/.local/lib/python3.7/site-packages/airflow/example_dags/example_short_circuit_operator.py
[2023-01-31T10:33:49.059+0000] {logging_mixin.py:137} INFO - [2023-01-31T10:33:49.059+0000] {dag.py:2690} INFO - Sync 1 DAGs
[2023-01-31T10:33:49.076+0000] {logging_mixin.py:137} INFO - [2023-01-31T10:33:49.076+0000] {dag.py:3441} INFO - Setting next_dagrun for example_short_circuit_operator to 2023-01-30T10:33:49.076314+00:00, run_after=2023-01-31T10:33:49.076314+00:00
[2023-01-31T10:33:49.090+0000] {processor.py:175} INFO - Processing /home/airflow/.local/lib/python3.7/site-packages/airflow/example_dags/example_short_circuit_operator.py took 0.076 seconds
[2023-01-31T10:34:19.335+0000] {processor.py:153} INFO - Started process (PID=3099) to work on /home/airflow/.local/lib/python3.7/site-packages/airflow/example_dags/example_short_circuit_operator.py
[2023-01-31T10:34:19.345+0000] {processor.py:743} INFO - Processing file /home/airflow/.local/lib/python3.7/site-packages/airflow/example_dags/example_short_circuit_operator.py for tasks to queue
[2023-01-31T10:34:19.348+0000] {logging_mixin.py:137} INFO - [2023-01-31T10:34:19.348+0000] {dagbag.py:538} INFO - Filling up the DagBag from /home/airflow/.local/lib/python3.7/site-packages/airflow/example_dags/example_short_circuit_operator.py
[2023-01-31T10:34:19.363+0000] {processor.py:753} INFO - DAG(s) dict_keys(['example_short_circuit_operator']) retrieved from /home/airflow/.local/lib/python3.7/site-packages/airflow/example_dags/example_short_circuit_operator.py
[2023-01-31T10:34:19.388+0000] {logging_mixin.py:137} INFO - [2023-01-31T10:34:19.388+0000] {dag.py:2690} INFO - Sync 1 DAGs
[2023-01-31T10:34:19.405+0000] {logging_mixin.py:137} INFO - [2023-01-31T10:34:19.405+0000] {dag.py:3441} INFO - Setting next_dagrun for example_short_circuit_operator to 2023-01-30T10:34:19.405527+00:00, run_after=2023-01-31T10:34:19.405527+00:00
[2023-01-31T10:34:19.421+0000] {processor.py:175} INFO - Processing /home/airflow/.local/lib/python3.7/site-packages/airflow/example_dags/example_short_circuit_operator.py took 0.091 seconds
[2023-01-31T10:34:50.050+0000] {processor.py:153} INFO - Started process (PID=3195) to work on /home/airflow/.local/lib/python3.7/site-packages/airflow/example_dags/example_short_circuit_operator.py
[2023-01-31T10:34:50.052+0000] {processor.py:743} INFO - Processing file /home/airflow/.local/lib/python3.7/site-packages/airflow/example_dags/example_short_circuit_operator.py for tasks to queue
[2023-01-31T10:34:50.054+0000] {logging_mixin.py:137} INFO - [2023-01-31T10:34:50.054+0000] {dagbag.py:538} INFO - Filling up the DagBag from /home/airflow/.local/lib/python3.7/site-packages/airflow/example_dags/example_short_circuit_operator.py
[2023-01-31T10:34:50.086+0000] {processor.py:753} INFO - DAG(s) dict_keys(['example_short_circuit_operator']) retrieved from /home/airflow/.local/lib/python3.7/site-packages/airflow/example_dags/example_short_circuit_operator.py
[2023-01-31T10:34:50.135+0000] {logging_mixin.py:137} INFO - [2023-01-31T10:34:50.135+0000] {dag.py:2690} INFO - Sync 1 DAGs
[2023-01-31T10:34:50.158+0000] {logging_mixin.py:137} INFO - [2023-01-31T10:34:50.158+0000] {dag.py:3441} INFO - Setting next_dagrun for example_short_circuit_operator to 2023-01-30T10:34:50.157775+00:00, run_after=2023-01-31T10:34:50.157775+00:00
[2023-01-31T10:34:50.190+0000] {processor.py:175} INFO - Processing /home/airflow/.local/lib/python3.7/site-packages/airflow/example_dags/example_short_circuit_operator.py took 0.144 seconds
[2023-01-31T10:35:21.574+0000] {processor.py:153} INFO - Started process (PID=3271) to work on /home/airflow/.local/lib/python3.7/site-packages/airflow/example_dags/example_short_circuit_operator.py
[2023-01-31T10:35:21.588+0000] {processor.py:743} INFO - Processing file /home/airflow/.local/lib/python3.7/site-packages/airflow/example_dags/example_short_circuit_operator.py for tasks to queue
[2023-01-31T10:35:21.589+0000] {logging_mixin.py:137} INFO - [2023-01-31T10:35:21.589+0000] {dagbag.py:538} INFO - Filling up the DagBag from /home/airflow/.local/lib/python3.7/site-packages/airflow/example_dags/example_short_circuit_operator.py
[2023-01-31T10:35:21.614+0000] {processor.py:753} INFO - DAG(s) dict_keys(['example_short_circuit_operator']) retrieved from /home/airflow/.local/lib/python3.7/site-packages/airflow/example_dags/example_short_circuit_operator.py
[2023-01-31T10:35:21.683+0000] {logging_mixin.py:137} INFO - [2023-01-31T10:35:21.683+0000] {dag.py:2690} INFO - Sync 1 DAGs
[2023-01-31T10:35:21.750+0000] {logging_mixin.py:137} INFO - [2023-01-31T10:35:21.750+0000] {dag.py:3441} INFO - Setting next_dagrun for example_short_circuit_operator to 2023-01-30T10:35:21.749889+00:00, run_after=2023-01-31T10:35:21.749889+00:00
[2023-01-31T10:35:21.818+0000] {processor.py:175} INFO - Processing /home/airflow/.local/lib/python3.7/site-packages/airflow/example_dags/example_short_circuit_operator.py took 0.249 seconds
[2023-01-31T10:35:52.472+0000] {processor.py:153} INFO - Started process (PID=3357) to work on /home/airflow/.local/lib/python3.7/site-packages/airflow/example_dags/example_short_circuit_operator.py
[2023-01-31T10:35:52.478+0000] {processor.py:743} INFO - Processing file /home/airflow/.local/lib/python3.7/site-packages/airflow/example_dags/example_short_circuit_operator.py for tasks to queue
[2023-01-31T10:35:52.479+0000] {logging_mixin.py:137} INFO - [2023-01-31T10:35:52.479+0000] {dagbag.py:538} INFO - Filling up the DagBag from /home/airflow/.local/lib/python3.7/site-packages/airflow/example_dags/example_short_circuit_operator.py
[2023-01-31T10:35:52.494+0000] {processor.py:753} INFO - DAG(s) dict_keys(['example_short_circuit_operator']) retrieved from /home/airflow/.local/lib/python3.7/site-packages/airflow/example_dags/example_short_circuit_operator.py
[2023-01-31T10:35:52.524+0000] {logging_mixin.py:137} INFO - [2023-01-31T10:35:52.524+0000] {dag.py:2690} INFO - Sync 1 DAGs
[2023-01-31T10:35:52.543+0000] {logging_mixin.py:137} INFO - [2023-01-31T10:35:52.542+0000] {dag.py:3441} INFO - Setting next_dagrun for example_short_circuit_operator to 2023-01-30T10:35:52.542645+00:00, run_after=2023-01-31T10:35:52.542645+00:00
[2023-01-31T10:35:52.555+0000] {processor.py:175} INFO - Processing /home/airflow/.local/lib/python3.7/site-packages/airflow/example_dags/example_short_circuit_operator.py took 0.087 seconds
[2023-01-31T10:36:23.697+0000] {processor.py:153} INFO - Started process (PID=3436) to work on /home/airflow/.local/lib/python3.7/site-packages/airflow/example_dags/example_short_circuit_operator.py
[2023-01-31T10:36:23.699+0000] {processor.py:743} INFO - Processing file /home/airflow/.local/lib/python3.7/site-packages/airflow/example_dags/example_short_circuit_operator.py for tasks to queue
[2023-01-31T10:36:23.701+0000] {logging_mixin.py:137} INFO - [2023-01-31T10:36:23.700+0000] {dagbag.py:538} INFO - Filling up the DagBag from /home/airflow/.local/lib/python3.7/site-packages/airflow/example_dags/example_short_circuit_operator.py
[2023-01-31T10:36:23.738+0000] {processor.py:753} INFO - DAG(s) dict_keys(['example_short_circuit_operator']) retrieved from /home/airflow/.local/lib/python3.7/site-packages/airflow/example_dags/example_short_circuit_operator.py
[2023-01-31T10:36:23.797+0000] {logging_mixin.py:137} INFO - [2023-01-31T10:36:23.797+0000] {dag.py:2690} INFO - Sync 1 DAGs
[2023-01-31T10:36:23.827+0000] {logging_mixin.py:137} INFO - [2023-01-31T10:36:23.827+0000] {dag.py:3441} INFO - Setting next_dagrun for example_short_circuit_operator to 2023-01-30T10:36:23.826982+00:00, run_after=2023-01-31T10:36:23.826982+00:00
[2023-01-31T10:36:23.843+0000] {processor.py:175} INFO - Processing /home/airflow/.local/lib/python3.7/site-packages/airflow/example_dags/example_short_circuit_operator.py took 0.150 seconds
[2023-01-31T10:36:54.353+0000] {processor.py:153} INFO - Started process (PID=3519) to work on /home/airflow/.local/lib/python3.7/site-packages/airflow/example_dags/example_short_circuit_operator.py
[2023-01-31T10:36:54.355+0000] {processor.py:743} INFO - Processing file /home/airflow/.local/lib/python3.7/site-packages/airflow/example_dags/example_short_circuit_operator.py for tasks to queue
[2023-01-31T10:36:54.357+0000] {logging_mixin.py:137} INFO - [2023-01-31T10:36:54.357+0000] {dagbag.py:538} INFO - Filling up the DagBag from /home/airflow/.local/lib/python3.7/site-packages/airflow/example_dags/example_short_circuit_operator.py
[2023-01-31T10:36:54.372+0000] {processor.py:753} INFO - DAG(s) dict_keys(['example_short_circuit_operator']) retrieved from /home/airflow/.local/lib/python3.7/site-packages/airflow/example_dags/example_short_circuit_operator.py
[2023-01-31T10:36:54.477+0000] {logging_mixin.py:137} INFO - [2023-01-31T10:36:54.477+0000] {dag.py:2690} INFO - Sync 1 DAGs
[2023-01-31T10:36:54.585+0000] {logging_mixin.py:137} INFO - [2023-01-31T10:36:54.585+0000] {dag.py:3441} INFO - Setting next_dagrun for example_short_circuit_operator to 2023-01-30T10:36:54.584645+00:00, run_after=2023-01-31T10:36:54.584645+00:00
[2023-01-31T10:36:54.651+0000] {processor.py:175} INFO - Processing /home/airflow/.local/lib/python3.7/site-packages/airflow/example_dags/example_short_circuit_operator.py took 0.302 seconds
[2023-01-31T10:37:24.950+0000] {processor.py:153} INFO - Started process (PID=3598) to work on /home/airflow/.local/lib/python3.7/site-packages/airflow/example_dags/example_short_circuit_operator.py
[2023-01-31T10:37:24.952+0000] {processor.py:743} INFO - Processing file /home/airflow/.local/lib/python3.7/site-packages/airflow/example_dags/example_short_circuit_operator.py for tasks to queue
[2023-01-31T10:37:24.953+0000] {logging_mixin.py:137} INFO - [2023-01-31T10:37:24.953+0000] {dagbag.py:538} INFO - Filling up the DagBag from /home/airflow/.local/lib/python3.7/site-packages/airflow/example_dags/example_short_circuit_operator.py
[2023-01-31T10:37:24.966+0000] {processor.py:753} INFO - DAG(s) dict_keys(['example_short_circuit_operator']) retrieved from /home/airflow/.local/lib/python3.7/site-packages/airflow/example_dags/example_short_circuit_operator.py
[2023-01-31T10:37:24.988+0000] {logging_mixin.py:137} INFO - [2023-01-31T10:37:24.988+0000] {dag.py:2690} INFO - Sync 1 DAGs
[2023-01-31T10:37:25.003+0000] {logging_mixin.py:137} INFO - [2023-01-31T10:37:25.003+0000] {dag.py:3441} INFO - Setting next_dagrun for example_short_circuit_operator to 2023-01-30T10:37:25.003453+00:00, run_after=2023-01-31T10:37:25.003453+00:00
[2023-01-31T10:37:25.026+0000] {processor.py:175} INFO - Processing /home/airflow/.local/lib/python3.7/site-packages/airflow/example_dags/example_short_circuit_operator.py took 0.079 seconds
[2023-01-31T10:37:55.774+0000] {processor.py:153} INFO - Started process (PID=3677) to work on /home/airflow/.local/lib/python3.7/site-packages/airflow/example_dags/example_short_circuit_operator.py
[2023-01-31T10:37:55.776+0000] {processor.py:743} INFO - Processing file /home/airflow/.local/lib/python3.7/site-packages/airflow/example_dags/example_short_circuit_operator.py for tasks to queue
[2023-01-31T10:37:55.778+0000] {logging_mixin.py:137} INFO - [2023-01-31T10:37:55.778+0000] {dagbag.py:538} INFO - Filling up the DagBag from /home/airflow/.local/lib/python3.7/site-packages/airflow/example_dags/example_short_circuit_operator.py
[2023-01-31T10:37:55.792+0000] {processor.py:753} INFO - DAG(s) dict_keys(['example_short_circuit_operator']) retrieved from /home/airflow/.local/lib/python3.7/site-packages/airflow/example_dags/example_short_circuit_operator.py
[2023-01-31T10:37:55.842+0000] {logging_mixin.py:137} INFO - [2023-01-31T10:37:55.842+0000] {dag.py:2690} INFO - Sync 1 DAGs
[2023-01-31T10:37:55.934+0000] {logging_mixin.py:137} INFO - [2023-01-31T10:37:55.934+0000] {dag.py:3441} INFO - Setting next_dagrun for example_short_circuit_operator to 2023-01-30T10:37:55.933099+00:00, run_after=2023-01-31T10:37:55.933099+00:00
[2023-01-31T10:37:55.967+0000] {processor.py:175} INFO - Processing /home/airflow/.local/lib/python3.7/site-packages/airflow/example_dags/example_short_circuit_operator.py took 0.197 seconds
[2023-01-31T10:38:26.565+0000] {processor.py:153} INFO - Started process (PID=3756) to work on /home/airflow/.local/lib/python3.7/site-packages/airflow/example_dags/example_short_circuit_operator.py
[2023-01-31T10:38:26.567+0000] {processor.py:743} INFO - Processing file /home/airflow/.local/lib/python3.7/site-packages/airflow/example_dags/example_short_circuit_operator.py for tasks to queue
[2023-01-31T10:38:26.568+0000] {logging_mixin.py:137} INFO - [2023-01-31T10:38:26.568+0000] {dagbag.py:538} INFO - Filling up the DagBag from /home/airflow/.local/lib/python3.7/site-packages/airflow/example_dags/example_short_circuit_operator.py
[2023-01-31T10:38:26.579+0000] {processor.py:753} INFO - DAG(s) dict_keys(['example_short_circuit_operator']) retrieved from /home/airflow/.local/lib/python3.7/site-packages/airflow/example_dags/example_short_circuit_operator.py
[2023-01-31T10:38:26.603+0000] {logging_mixin.py:137} INFO - [2023-01-31T10:38:26.603+0000] {dag.py:2690} INFO - Sync 1 DAGs
[2023-01-31T10:38:26.619+0000] {logging_mixin.py:137} INFO - [2023-01-31T10:38:26.619+0000] {dag.py:3441} INFO - Setting next_dagrun for example_short_circuit_operator to 2023-01-30T10:38:26.619075+00:00, run_after=2023-01-31T10:38:26.619075+00:00
[2023-01-31T10:38:26.644+0000] {processor.py:175} INFO - Processing /home/airflow/.local/lib/python3.7/site-packages/airflow/example_dags/example_short_circuit_operator.py took 0.082 seconds
[2023-01-31T10:38:57.935+0000] {processor.py:153} INFO - Started process (PID=3839) to work on /home/airflow/.local/lib/python3.7/site-packages/airflow/example_dags/example_short_circuit_operator.py
[2023-01-31T10:38:57.936+0000] {processor.py:743} INFO - Processing file /home/airflow/.local/lib/python3.7/site-packages/airflow/example_dags/example_short_circuit_operator.py for tasks to queue
[2023-01-31T10:38:57.938+0000] {logging_mixin.py:137} INFO - [2023-01-31T10:38:57.938+0000] {dagbag.py:538} INFO - Filling up the DagBag from /home/airflow/.local/lib/python3.7/site-packages/airflow/example_dags/example_short_circuit_operator.py
[2023-01-31T10:38:57.951+0000] {processor.py:753} INFO - DAG(s) dict_keys(['example_short_circuit_operator']) retrieved from /home/airflow/.local/lib/python3.7/site-packages/airflow/example_dags/example_short_circuit_operator.py
[2023-01-31T10:38:57.982+0000] {logging_mixin.py:137} INFO - [2023-01-31T10:38:57.982+0000] {dag.py:2690} INFO - Sync 1 DAGs
[2023-01-31T10:38:58.016+0000] {logging_mixin.py:137} INFO - [2023-01-31T10:38:58.016+0000] {dag.py:3441} INFO - Setting next_dagrun for example_short_circuit_operator to 2023-01-30T10:38:58.016213+00:00, run_after=2023-01-31T10:38:58.016213+00:00
[2023-01-31T10:38:58.034+0000] {processor.py:175} INFO - Processing /home/airflow/.local/lib/python3.7/site-packages/airflow/example_dags/example_short_circuit_operator.py took 0.103 seconds
[2023-01-31T10:39:28.815+0000] {processor.py:153} INFO - Started process (PID=3917) to work on /home/airflow/.local/lib/python3.7/site-packages/airflow/example_dags/example_short_circuit_operator.py
[2023-01-31T10:39:28.816+0000] {processor.py:743} INFO - Processing file /home/airflow/.local/lib/python3.7/site-packages/airflow/example_dags/example_short_circuit_operator.py for tasks to queue
[2023-01-31T10:39:28.817+0000] {logging_mixin.py:137} INFO - [2023-01-31T10:39:28.817+0000] {dagbag.py:538} INFO - Filling up the DagBag from /home/airflow/.local/lib/python3.7/site-packages/airflow/example_dags/example_short_circuit_operator.py
[2023-01-31T10:39:28.828+0000] {processor.py:753} INFO - DAG(s) dict_keys(['example_short_circuit_operator']) retrieved from /home/airflow/.local/lib/python3.7/site-packages/airflow/example_dags/example_short_circuit_operator.py
[2023-01-31T10:39:28.855+0000] {logging_mixin.py:137} INFO - [2023-01-31T10:39:28.855+0000] {dag.py:2690} INFO - Sync 1 DAGs
[2023-01-31T10:39:28.872+0000] {logging_mixin.py:137} INFO - [2023-01-31T10:39:28.872+0000] {dag.py:3441} INFO - Setting next_dagrun for example_short_circuit_operator to 2023-01-30T10:39:28.872358+00:00, run_after=2023-01-31T10:39:28.872358+00:00
[2023-01-31T10:39:28.887+0000] {processor.py:175} INFO - Processing /home/airflow/.local/lib/python3.7/site-packages/airflow/example_dags/example_short_circuit_operator.py took 0.074 seconds
[2023-01-31T10:40:00.896+0000] {processor.py:153} INFO - Started process (PID=4012) to work on /home/airflow/.local/lib/python3.7/site-packages/airflow/example_dags/example_short_circuit_operator.py
[2023-01-31T10:40:00.898+0000] {processor.py:743} INFO - Processing file /home/airflow/.local/lib/python3.7/site-packages/airflow/example_dags/example_short_circuit_operator.py for tasks to queue
[2023-01-31T10:40:00.902+0000] {logging_mixin.py:137} INFO - [2023-01-31T10:40:00.901+0000] {dagbag.py:538} INFO - Filling up the DagBag from /home/airflow/.local/lib/python3.7/site-packages/airflow/example_dags/example_short_circuit_operator.py
[2023-01-31T10:40:00.978+0000] {processor.py:753} INFO - DAG(s) dict_keys(['example_short_circuit_operator']) retrieved from /home/airflow/.local/lib/python3.7/site-packages/airflow/example_dags/example_short_circuit_operator.py
[2023-01-31T10:40:01.046+0000] {logging_mixin.py:137} INFO - [2023-01-31T10:40:01.045+0000] {dag.py:2690} INFO - Sync 1 DAGs
[2023-01-31T10:40:01.117+0000] {logging_mixin.py:137} INFO - [2023-01-31T10:40:01.117+0000] {dag.py:3441} INFO - Setting next_dagrun for example_short_circuit_operator to 2023-01-30T10:40:01.114782+00:00, run_after=2023-01-31T10:40:01.114782+00:00
[2023-01-31T10:40:01.206+0000] {processor.py:175} INFO - Processing /home/airflow/.local/lib/python3.7/site-packages/airflow/example_dags/example_short_circuit_operator.py took 0.314 seconds
[2023-01-31T10:40:32.745+0000] {processor.py:153} INFO - Started process (PID=4090) to work on /home/airflow/.local/lib/python3.7/site-packages/airflow/example_dags/example_short_circuit_operator.py
[2023-01-31T10:40:32.760+0000] {processor.py:743} INFO - Processing file /home/airflow/.local/lib/python3.7/site-packages/airflow/example_dags/example_short_circuit_operator.py for tasks to queue
[2023-01-31T10:40:32.831+0000] {logging_mixin.py:137} INFO - [2023-01-31T10:40:32.831+0000] {dagbag.py:538} INFO - Filling up the DagBag from /home/airflow/.local/lib/python3.7/site-packages/airflow/example_dags/example_short_circuit_operator.py
[2023-01-31T10:40:33.015+0000] {processor.py:753} INFO - DAG(s) dict_keys(['example_short_circuit_operator']) retrieved from /home/airflow/.local/lib/python3.7/site-packages/airflow/example_dags/example_short_circuit_operator.py
[2023-01-31T10:40:33.158+0000] {logging_mixin.py:137} INFO - [2023-01-31T10:40:33.158+0000] {dag.py:2690} INFO - Sync 1 DAGs
[2023-01-31T10:40:33.224+0000] {logging_mixin.py:137} INFO - [2023-01-31T10:40:33.224+0000] {dag.py:3441} INFO - Setting next_dagrun for example_short_circuit_operator to 2023-01-30T10:40:33.224095+00:00, run_after=2023-01-31T10:40:33.224095+00:00
[2023-01-31T10:40:33.298+0000] {processor.py:175} INFO - Processing /home/airflow/.local/lib/python3.7/site-packages/airflow/example_dags/example_short_circuit_operator.py took 0.559 seconds
[2023-01-31T10:41:03.418+0000] {processor.py:153} INFO - Started process (PID=4169) to work on /home/airflow/.local/lib/python3.7/site-packages/airflow/example_dags/example_short_circuit_operator.py
[2023-01-31T10:41:03.420+0000] {processor.py:743} INFO - Processing file /home/airflow/.local/lib/python3.7/site-packages/airflow/example_dags/example_short_circuit_operator.py for tasks to queue
[2023-01-31T10:41:03.421+0000] {logging_mixin.py:137} INFO - [2023-01-31T10:41:03.420+0000] {dagbag.py:538} INFO - Filling up the DagBag from /home/airflow/.local/lib/python3.7/site-packages/airflow/example_dags/example_short_circuit_operator.py
[2023-01-31T10:41:03.433+0000] {processor.py:753} INFO - DAG(s) dict_keys(['example_short_circuit_operator']) retrieved from /home/airflow/.local/lib/python3.7/site-packages/airflow/example_dags/example_short_circuit_operator.py
[2023-01-31T10:41:03.456+0000] {logging_mixin.py:137} INFO - [2023-01-31T10:41:03.456+0000] {dag.py:2690} INFO - Sync 1 DAGs
[2023-01-31T10:41:03.481+0000] {logging_mixin.py:137} INFO - [2023-01-31T10:41:03.481+0000] {dag.py:3441} INFO - Setting next_dagrun for example_short_circuit_operator to 2023-01-30T10:41:03.481128+00:00, run_after=2023-01-31T10:41:03.481128+00:00
[2023-01-31T10:41:03.504+0000] {processor.py:175} INFO - Processing /home/airflow/.local/lib/python3.7/site-packages/airflow/example_dags/example_short_circuit_operator.py took 0.089 seconds
[2023-01-31T10:41:34.249+0000] {processor.py:153} INFO - Started process (PID=4248) to work on /home/airflow/.local/lib/python3.7/site-packages/airflow/example_dags/example_short_circuit_operator.py
[2023-01-31T10:41:34.259+0000] {processor.py:743} INFO - Processing file /home/airflow/.local/lib/python3.7/site-packages/airflow/example_dags/example_short_circuit_operator.py for tasks to queue
[2023-01-31T10:41:34.268+0000] {logging_mixin.py:137} INFO - [2023-01-31T10:41:34.268+0000] {dagbag.py:538} INFO - Filling up the DagBag from /home/airflow/.local/lib/python3.7/site-packages/airflow/example_dags/example_short_circuit_operator.py
[2023-01-31T10:41:34.287+0000] {processor.py:753} INFO - DAG(s) dict_keys(['example_short_circuit_operator']) retrieved from /home/airflow/.local/lib/python3.7/site-packages/airflow/example_dags/example_short_circuit_operator.py
[2023-01-31T10:41:34.312+0000] {logging_mixin.py:137} INFO - [2023-01-31T10:41:34.312+0000] {dag.py:2690} INFO - Sync 1 DAGs
[2023-01-31T10:41:34.330+0000] {logging_mixin.py:137} INFO - [2023-01-31T10:41:34.329+0000] {dag.py:3441} INFO - Setting next_dagrun for example_short_circuit_operator to 2023-01-30T10:41:34.329409+00:00, run_after=2023-01-31T10:41:34.329409+00:00
[2023-01-31T10:41:34.346+0000] {processor.py:175} INFO - Processing /home/airflow/.local/lib/python3.7/site-packages/airflow/example_dags/example_short_circuit_operator.py took 0.102 seconds
[2023-01-31T10:42:05.170+0000] {processor.py:153} INFO - Started process (PID=4328) to work on /home/airflow/.local/lib/python3.7/site-packages/airflow/example_dags/example_short_circuit_operator.py
[2023-01-31T10:42:05.178+0000] {processor.py:743} INFO - Processing file /home/airflow/.local/lib/python3.7/site-packages/airflow/example_dags/example_short_circuit_operator.py for tasks to queue
[2023-01-31T10:42:05.190+0000] {logging_mixin.py:137} INFO - [2023-01-31T10:42:05.189+0000] {dagbag.py:538} INFO - Filling up the DagBag from /home/airflow/.local/lib/python3.7/site-packages/airflow/example_dags/example_short_circuit_operator.py
[2023-01-31T10:42:05.250+0000] {processor.py:753} INFO - DAG(s) dict_keys(['example_short_circuit_operator']) retrieved from /home/airflow/.local/lib/python3.7/site-packages/airflow/example_dags/example_short_circuit_operator.py
[2023-01-31T10:42:05.281+0000] {logging_mixin.py:137} INFO - [2023-01-31T10:42:05.281+0000] {dag.py:2690} INFO - Sync 1 DAGs
[2023-01-31T10:42:05.303+0000] {logging_mixin.py:137} INFO - [2023-01-31T10:42:05.303+0000] {dag.py:3441} INFO - Setting next_dagrun for example_short_circuit_operator to 2023-01-30T10:42:05.302932+00:00, run_after=2023-01-31T10:42:05.302932+00:00
[2023-01-31T10:42:05.329+0000] {processor.py:175} INFO - Processing /home/airflow/.local/lib/python3.7/site-packages/airflow/example_dags/example_short_circuit_operator.py took 0.166 seconds
[2023-01-31T10:42:38.107+0000] {processor.py:153} INFO - Started process (PID=4412) to work on /home/airflow/.local/lib/python3.7/site-packages/airflow/example_dags/example_short_circuit_operator.py
[2023-01-31T10:42:38.120+0000] {processor.py:743} INFO - Processing file /home/airflow/.local/lib/python3.7/site-packages/airflow/example_dags/example_short_circuit_operator.py for tasks to queue
[2023-01-31T10:42:38.128+0000] {logging_mixin.py:137} INFO - [2023-01-31T10:42:38.127+0000] {dagbag.py:538} INFO - Filling up the DagBag from /home/airflow/.local/lib/python3.7/site-packages/airflow/example_dags/example_short_circuit_operator.py
[2023-01-31T10:42:38.145+0000] {processor.py:753} INFO - DAG(s) dict_keys(['example_short_circuit_operator']) retrieved from /home/airflow/.local/lib/python3.7/site-packages/airflow/example_dags/example_short_circuit_operator.py
[2023-01-31T10:42:38.214+0000] {logging_mixin.py:137} INFO - [2023-01-31T10:42:38.214+0000] {dag.py:2690} INFO - Sync 1 DAGs
[2023-01-31T10:42:38.295+0000] {logging_mixin.py:137} INFO - [2023-01-31T10:42:38.294+0000] {dag.py:3441} INFO - Setting next_dagrun for example_short_circuit_operator to 2023-01-30T10:42:38.287542+00:00, run_after=2023-01-31T10:42:38.287542+00:00
[2023-01-31T10:42:38.328+0000] {processor.py:175} INFO - Processing /home/airflow/.local/lib/python3.7/site-packages/airflow/example_dags/example_short_circuit_operator.py took 0.230 seconds
[2023-01-31T10:43:14.520+0000] {processor.py:153} INFO - Started process (PID=4508) to work on /home/airflow/.local/lib/python3.7/site-packages/airflow/example_dags/example_short_circuit_operator.py
[2023-01-31T10:43:14.524+0000] {processor.py:743} INFO - Processing file /home/airflow/.local/lib/python3.7/site-packages/airflow/example_dags/example_short_circuit_operator.py for tasks to queue
[2023-01-31T10:43:14.526+0000] {logging_mixin.py:137} INFO - [2023-01-31T10:43:14.526+0000] {dagbag.py:538} INFO - Filling up the DagBag from /home/airflow/.local/lib/python3.7/site-packages/airflow/example_dags/example_short_circuit_operator.py
[2023-01-31T10:43:14.541+0000] {processor.py:753} INFO - DAG(s) dict_keys(['example_short_circuit_operator']) retrieved from /home/airflow/.local/lib/python3.7/site-packages/airflow/example_dags/example_short_circuit_operator.py
[2023-01-31T10:43:14.574+0000] {logging_mixin.py:137} INFO - [2023-01-31T10:43:14.574+0000] {dag.py:2690} INFO - Sync 1 DAGs
[2023-01-31T10:43:14.597+0000] {logging_mixin.py:137} INFO - [2023-01-31T10:43:14.597+0000] {dag.py:3441} INFO - Setting next_dagrun for example_short_circuit_operator to 2023-01-30T10:43:14.596963+00:00, run_after=2023-01-31T10:43:14.596963+00:00
[2023-01-31T10:43:14.613+0000] {processor.py:175} INFO - Processing /home/airflow/.local/lib/python3.7/site-packages/airflow/example_dags/example_short_circuit_operator.py took 0.097 seconds
[2023-01-31T10:43:44.803+0000] {processor.py:153} INFO - Started process (PID=4586) to work on /home/airflow/.local/lib/python3.7/site-packages/airflow/example_dags/example_short_circuit_operator.py
[2023-01-31T10:43:44.805+0000] {processor.py:743} INFO - Processing file /home/airflow/.local/lib/python3.7/site-packages/airflow/example_dags/example_short_circuit_operator.py for tasks to queue
[2023-01-31T10:43:44.806+0000] {logging_mixin.py:137} INFO - [2023-01-31T10:43:44.806+0000] {dagbag.py:538} INFO - Filling up the DagBag from /home/airflow/.local/lib/python3.7/site-packages/airflow/example_dags/example_short_circuit_operator.py
[2023-01-31T10:43:44.822+0000] {processor.py:753} INFO - DAG(s) dict_keys(['example_short_circuit_operator']) retrieved from /home/airflow/.local/lib/python3.7/site-packages/airflow/example_dags/example_short_circuit_operator.py
[2023-01-31T10:43:44.851+0000] {logging_mixin.py:137} INFO - [2023-01-31T10:43:44.851+0000] {dag.py:2690} INFO - Sync 1 DAGs
[2023-01-31T10:43:44.883+0000] {logging_mixin.py:137} INFO - [2023-01-31T10:43:44.883+0000] {dag.py:3441} INFO - Setting next_dagrun for example_short_circuit_operator to 2023-01-30T10:43:44.882857+00:00, run_after=2023-01-31T10:43:44.882857+00:00
[2023-01-31T10:43:44.902+0000] {processor.py:175} INFO - Processing /home/airflow/.local/lib/python3.7/site-packages/airflow/example_dags/example_short_circuit_operator.py took 0.102 seconds
