[2023-01-31T10:15:31.860+0000] {processor.py:153} INFO - Started process (PID=78) to work on /home/airflow/.local/lib/python3.7/site-packages/airflow/example_dags/example_dag_decorator.py
[2023-01-31T10:15:31.877+0000] {processor.py:743} INFO - Processing file /home/airflow/.local/lib/python3.7/site-packages/airflow/example_dags/example_dag_decorator.py for tasks to queue
[2023-01-31T10:15:31.885+0000] {logging_mixin.py:137} INFO - [2023-01-31T10:15:31.885+0000] {dagbag.py:538} INFO - Filling up the DagBag from /home/airflow/.local/lib/python3.7/site-packages/airflow/example_dags/example_dag_decorator.py
[2023-01-31T10:15:31.903+0000] {logging_mixin.py:137} INFO - [2023-01-31T10:15:31.903+0000] {taskmixin.py:205} WARNING - Dependency <Task(_PythonDecoratedOperator): prepare_email>, send_email already registered for DAG: example_dag_decorator
[2023-01-31T10:15:31.904+0000] {logging_mixin.py:137} INFO - [2023-01-31T10:15:31.904+0000] {taskmixin.py:205} WARNING - Dependency <Task(EmailOperator): send_email>, prepare_email already registered for DAG: example_dag_decorator
[2023-01-31T10:15:31.930+0000] {processor.py:753} INFO - DAG(s) dict_keys(['example_dag_decorator']) retrieved from /home/airflow/.local/lib/python3.7/site-packages/airflow/example_dags/example_dag_decorator.py
[2023-01-31T10:15:32.008+0000] {logging_mixin.py:137} INFO - [2023-01-31T10:15:32.008+0000] {dag.py:2690} INFO - Sync 1 DAGs
[2023-01-31T10:15:32.026+0000] {logging_mixin.py:137} INFO - [2023-01-31T10:15:32.026+0000] {dag.py:3441} INFO - Setting next_dagrun for example_dag_decorator to None, run_after=None
[2023-01-31T10:15:32.057+0000] {processor.py:175} INFO - Processing /home/airflow/.local/lib/python3.7/site-packages/airflow/example_dags/example_dag_decorator.py took 0.201 seconds
[2023-01-31T10:16:02.908+0000] {processor.py:153} INFO - Started process (PID=161) to work on /home/airflow/.local/lib/python3.7/site-packages/airflow/example_dags/example_dag_decorator.py
[2023-01-31T10:16:02.911+0000] {processor.py:743} INFO - Processing file /home/airflow/.local/lib/python3.7/site-packages/airflow/example_dags/example_dag_decorator.py for tasks to queue
[2023-01-31T10:16:02.912+0000] {logging_mixin.py:137} INFO - [2023-01-31T10:16:02.912+0000] {dagbag.py:538} INFO - Filling up the DagBag from /home/airflow/.local/lib/python3.7/site-packages/airflow/example_dags/example_dag_decorator.py
[2023-01-31T10:16:02.928+0000] {logging_mixin.py:137} INFO - [2023-01-31T10:16:02.928+0000] {taskmixin.py:205} WARNING - Dependency <Task(_PythonDecoratedOperator): prepare_email>, send_email already registered for DAG: example_dag_decorator
[2023-01-31T10:16:02.930+0000] {logging_mixin.py:137} INFO - [2023-01-31T10:16:02.929+0000] {taskmixin.py:205} WARNING - Dependency <Task(EmailOperator): send_email>, prepare_email already registered for DAG: example_dag_decorator
[2023-01-31T10:16:02.947+0000] {processor.py:753} INFO - DAG(s) dict_keys(['example_dag_decorator']) retrieved from /home/airflow/.local/lib/python3.7/site-packages/airflow/example_dags/example_dag_decorator.py
[2023-01-31T10:16:03.026+0000] {logging_mixin.py:137} INFO - [2023-01-31T10:16:03.026+0000] {dag.py:2690} INFO - Sync 1 DAGs
[2023-01-31T10:16:03.062+0000] {logging_mixin.py:137} INFO - [2023-01-31T10:16:03.062+0000] {dag.py:3441} INFO - Setting next_dagrun for example_dag_decorator to None, run_after=None
[2023-01-31T10:16:03.086+0000] {processor.py:175} INFO - Processing /home/airflow/.local/lib/python3.7/site-packages/airflow/example_dags/example_dag_decorator.py took 0.181 seconds
[2023-01-31T10:16:34.150+0000] {processor.py:153} INFO - Started process (PID=256) to work on /home/airflow/.local/lib/python3.7/site-packages/airflow/example_dags/example_dag_decorator.py
[2023-01-31T10:16:34.152+0000] {processor.py:743} INFO - Processing file /home/airflow/.local/lib/python3.7/site-packages/airflow/example_dags/example_dag_decorator.py for tasks to queue
[2023-01-31T10:16:34.153+0000] {logging_mixin.py:137} INFO - [2023-01-31T10:16:34.153+0000] {dagbag.py:538} INFO - Filling up the DagBag from /home/airflow/.local/lib/python3.7/site-packages/airflow/example_dags/example_dag_decorator.py
[2023-01-31T10:16:34.176+0000] {logging_mixin.py:137} INFO - [2023-01-31T10:16:34.175+0000] {taskmixin.py:205} WARNING - Dependency <Task(_PythonDecoratedOperator): prepare_email>, send_email already registered for DAG: example_dag_decorator
[2023-01-31T10:16:34.177+0000] {logging_mixin.py:137} INFO - [2023-01-31T10:16:34.176+0000] {taskmixin.py:205} WARNING - Dependency <Task(EmailOperator): send_email>, prepare_email already registered for DAG: example_dag_decorator
[2023-01-31T10:16:34.190+0000] {processor.py:753} INFO - DAG(s) dict_keys(['example_dag_decorator']) retrieved from /home/airflow/.local/lib/python3.7/site-packages/airflow/example_dags/example_dag_decorator.py
[2023-01-31T10:16:34.273+0000] {logging_mixin.py:137} INFO - [2023-01-31T10:16:34.273+0000] {dag.py:2690} INFO - Sync 1 DAGs
[2023-01-31T10:16:34.294+0000] {logging_mixin.py:137} INFO - [2023-01-31T10:16:34.294+0000] {dag.py:3441} INFO - Setting next_dagrun for example_dag_decorator to None, run_after=None
[2023-01-31T10:16:34.331+0000] {processor.py:175} INFO - Processing /home/airflow/.local/lib/python3.7/site-packages/airflow/example_dags/example_dag_decorator.py took 0.185 seconds
[2023-01-31T10:17:05.673+0000] {processor.py:153} INFO - Started process (PID=335) to work on /home/airflow/.local/lib/python3.7/site-packages/airflow/example_dags/example_dag_decorator.py
[2023-01-31T10:17:05.675+0000] {processor.py:743} INFO - Processing file /home/airflow/.local/lib/python3.7/site-packages/airflow/example_dags/example_dag_decorator.py for tasks to queue
[2023-01-31T10:17:05.677+0000] {logging_mixin.py:137} INFO - [2023-01-31T10:17:05.677+0000] {dagbag.py:538} INFO - Filling up the DagBag from /home/airflow/.local/lib/python3.7/site-packages/airflow/example_dags/example_dag_decorator.py
[2023-01-31T10:17:05.697+0000] {logging_mixin.py:137} INFO - [2023-01-31T10:17:05.697+0000] {taskmixin.py:205} WARNING - Dependency <Task(_PythonDecoratedOperator): prepare_email>, send_email already registered for DAG: example_dag_decorator
[2023-01-31T10:17:05.698+0000] {logging_mixin.py:137} INFO - [2023-01-31T10:17:05.698+0000] {taskmixin.py:205} WARNING - Dependency <Task(EmailOperator): send_email>, prepare_email already registered for DAG: example_dag_decorator
[2023-01-31T10:17:05.712+0000] {processor.py:753} INFO - DAG(s) dict_keys(['example_dag_decorator']) retrieved from /home/airflow/.local/lib/python3.7/site-packages/airflow/example_dags/example_dag_decorator.py
[2023-01-31T10:17:05.798+0000] {logging_mixin.py:137} INFO - [2023-01-31T10:17:05.798+0000] {dag.py:2690} INFO - Sync 1 DAGs
[2023-01-31T10:17:05.822+0000] {logging_mixin.py:137} INFO - [2023-01-31T10:17:05.821+0000] {dag.py:3441} INFO - Setting next_dagrun for example_dag_decorator to None, run_after=None
[2023-01-31T10:17:05.861+0000] {processor.py:175} INFO - Processing /home/airflow/.local/lib/python3.7/site-packages/airflow/example_dags/example_dag_decorator.py took 0.193 seconds
[2023-01-31T10:17:35.996+0000] {processor.py:153} INFO - Started process (PID=413) to work on /home/airflow/.local/lib/python3.7/site-packages/airflow/example_dags/example_dag_decorator.py
[2023-01-31T10:17:36.007+0000] {processor.py:743} INFO - Processing file /home/airflow/.local/lib/python3.7/site-packages/airflow/example_dags/example_dag_decorator.py for tasks to queue
[2023-01-31T10:17:36.010+0000] {logging_mixin.py:137} INFO - [2023-01-31T10:17:36.010+0000] {dagbag.py:538} INFO - Filling up the DagBag from /home/airflow/.local/lib/python3.7/site-packages/airflow/example_dags/example_dag_decorator.py
[2023-01-31T10:17:36.040+0000] {logging_mixin.py:137} INFO - [2023-01-31T10:17:36.040+0000] {taskmixin.py:205} WARNING - Dependency <Task(_PythonDecoratedOperator): prepare_email>, send_email already registered for DAG: example_dag_decorator
[2023-01-31T10:17:36.044+0000] {logging_mixin.py:137} INFO - [2023-01-31T10:17:36.044+0000] {taskmixin.py:205} WARNING - Dependency <Task(EmailOperator): send_email>, prepare_email already registered for DAG: example_dag_decorator
[2023-01-31T10:17:36.059+0000] {processor.py:753} INFO - DAG(s) dict_keys(['example_dag_decorator']) retrieved from /home/airflow/.local/lib/python3.7/site-packages/airflow/example_dags/example_dag_decorator.py
[2023-01-31T10:17:36.196+0000] {logging_mixin.py:137} INFO - [2023-01-31T10:17:36.195+0000] {dag.py:2690} INFO - Sync 1 DAGs
[2023-01-31T10:17:36.217+0000] {logging_mixin.py:137} INFO - [2023-01-31T10:17:36.217+0000] {dag.py:3441} INFO - Setting next_dagrun for example_dag_decorator to None, run_after=None
[2023-01-31T10:17:36.233+0000] {processor.py:175} INFO - Processing /home/airflow/.local/lib/python3.7/site-packages/airflow/example_dags/example_dag_decorator.py took 0.255 seconds
[2023-01-31T10:18:07.129+0000] {processor.py:153} INFO - Started process (PID=492) to work on /home/airflow/.local/lib/python3.7/site-packages/airflow/example_dags/example_dag_decorator.py
[2023-01-31T10:18:07.131+0000] {processor.py:743} INFO - Processing file /home/airflow/.local/lib/python3.7/site-packages/airflow/example_dags/example_dag_decorator.py for tasks to queue
[2023-01-31T10:18:07.133+0000] {logging_mixin.py:137} INFO - [2023-01-31T10:18:07.133+0000] {dagbag.py:538} INFO - Filling up the DagBag from /home/airflow/.local/lib/python3.7/site-packages/airflow/example_dags/example_dag_decorator.py
[2023-01-31T10:18:07.167+0000] {logging_mixin.py:137} INFO - [2023-01-31T10:18:07.165+0000] {taskmixin.py:205} WARNING - Dependency <Task(_PythonDecoratedOperator): prepare_email>, send_email already registered for DAG: example_dag_decorator
[2023-01-31T10:18:07.170+0000] {logging_mixin.py:137} INFO - [2023-01-31T10:18:07.170+0000] {taskmixin.py:205} WARNING - Dependency <Task(EmailOperator): send_email>, prepare_email already registered for DAG: example_dag_decorator
[2023-01-31T10:18:07.189+0000] {processor.py:753} INFO - DAG(s) dict_keys(['example_dag_decorator']) retrieved from /home/airflow/.local/lib/python3.7/site-packages/airflow/example_dags/example_dag_decorator.py
[2023-01-31T10:18:07.251+0000] {logging_mixin.py:137} INFO - [2023-01-31T10:18:07.251+0000] {dag.py:2690} INFO - Sync 1 DAGs
[2023-01-31T10:18:07.275+0000] {logging_mixin.py:137} INFO - [2023-01-31T10:18:07.274+0000] {dag.py:3441} INFO - Setting next_dagrun for example_dag_decorator to None, run_after=None
[2023-01-31T10:18:07.293+0000] {processor.py:175} INFO - Processing /home/airflow/.local/lib/python3.7/site-packages/airflow/example_dags/example_dag_decorator.py took 0.168 seconds
[2023-01-31T10:18:42.873+0000] {processor.py:153} INFO - Started process (PID=571) to work on /home/airflow/.local/lib/python3.7/site-packages/airflow/example_dags/example_dag_decorator.py
[2023-01-31T10:18:42.885+0000] {processor.py:743} INFO - Processing file /home/airflow/.local/lib/python3.7/site-packages/airflow/example_dags/example_dag_decorator.py for tasks to queue
[2023-01-31T10:18:42.905+0000] {logging_mixin.py:137} INFO - [2023-01-31T10:18:42.905+0000] {dagbag.py:538} INFO - Filling up the DagBag from /home/airflow/.local/lib/python3.7/site-packages/airflow/example_dags/example_dag_decorator.py
[2023-01-31T10:18:42.968+0000] {logging_mixin.py:137} INFO - [2023-01-31T10:18:42.968+0000] {taskmixin.py:205} WARNING - Dependency <Task(_PythonDecoratedOperator): prepare_email>, send_email already registered for DAG: example_dag_decorator
[2023-01-31T10:18:42.974+0000] {logging_mixin.py:137} INFO - [2023-01-31T10:18:42.973+0000] {taskmixin.py:205} WARNING - Dependency <Task(EmailOperator): send_email>, prepare_email already registered for DAG: example_dag_decorator
[2023-01-31T10:18:42.997+0000] {processor.py:753} INFO - DAG(s) dict_keys(['example_dag_decorator']) retrieved from /home/airflow/.local/lib/python3.7/site-packages/airflow/example_dags/example_dag_decorator.py
[2023-01-31T10:18:43.104+0000] {logging_mixin.py:137} INFO - [2023-01-31T10:18:43.104+0000] {dag.py:2690} INFO - Sync 1 DAGs
[2023-01-31T10:18:43.143+0000] {logging_mixin.py:137} INFO - [2023-01-31T10:18:43.143+0000] {dag.py:3441} INFO - Setting next_dagrun for example_dag_decorator to None, run_after=None
[2023-01-31T10:18:43.178+0000] {processor.py:175} INFO - Processing /home/airflow/.local/lib/python3.7/site-packages/airflow/example_dags/example_dag_decorator.py took 0.313 seconds
[2023-01-31T10:19:14.087+0000] {processor.py:153} INFO - Started process (PID=654) to work on /home/airflow/.local/lib/python3.7/site-packages/airflow/example_dags/example_dag_decorator.py
[2023-01-31T10:19:14.089+0000] {processor.py:743} INFO - Processing file /home/airflow/.local/lib/python3.7/site-packages/airflow/example_dags/example_dag_decorator.py for tasks to queue
[2023-01-31T10:19:14.091+0000] {logging_mixin.py:137} INFO - [2023-01-31T10:19:14.090+0000] {dagbag.py:538} INFO - Filling up the DagBag from /home/airflow/.local/lib/python3.7/site-packages/airflow/example_dags/example_dag_decorator.py
[2023-01-31T10:19:14.122+0000] {logging_mixin.py:137} INFO - [2023-01-31T10:19:14.122+0000] {taskmixin.py:205} WARNING - Dependency <Task(_PythonDecoratedOperator): prepare_email>, send_email already registered for DAG: example_dag_decorator
[2023-01-31T10:19:14.125+0000] {logging_mixin.py:137} INFO - [2023-01-31T10:19:14.125+0000] {taskmixin.py:205} WARNING - Dependency <Task(EmailOperator): send_email>, prepare_email already registered for DAG: example_dag_decorator
[2023-01-31T10:19:14.171+0000] {processor.py:753} INFO - DAG(s) dict_keys(['example_dag_decorator']) retrieved from /home/airflow/.local/lib/python3.7/site-packages/airflow/example_dags/example_dag_decorator.py
[2023-01-31T10:19:14.270+0000] {logging_mixin.py:137} INFO - [2023-01-31T10:19:14.270+0000] {dag.py:2690} INFO - Sync 1 DAGs
[2023-01-31T10:19:14.304+0000] {logging_mixin.py:137} INFO - [2023-01-31T10:19:14.304+0000] {dag.py:3441} INFO - Setting next_dagrun for example_dag_decorator to None, run_after=None
[2023-01-31T10:19:14.339+0000] {processor.py:175} INFO - Processing /home/airflow/.local/lib/python3.7/site-packages/airflow/example_dags/example_dag_decorator.py took 0.260 seconds
[2023-01-31T10:19:44.858+0000] {processor.py:153} INFO - Started process (PID=731) to work on /home/airflow/.local/lib/python3.7/site-packages/airflow/example_dags/example_dag_decorator.py
[2023-01-31T10:19:44.861+0000] {processor.py:743} INFO - Processing file /home/airflow/.local/lib/python3.7/site-packages/airflow/example_dags/example_dag_decorator.py for tasks to queue
[2023-01-31T10:19:44.864+0000] {logging_mixin.py:137} INFO - [2023-01-31T10:19:44.864+0000] {dagbag.py:538} INFO - Filling up the DagBag from /home/airflow/.local/lib/python3.7/site-packages/airflow/example_dags/example_dag_decorator.py
[2023-01-31T10:19:44.886+0000] {logging_mixin.py:137} INFO - [2023-01-31T10:19:44.886+0000] {taskmixin.py:205} WARNING - Dependency <Task(_PythonDecoratedOperator): prepare_email>, send_email already registered for DAG: example_dag_decorator
[2023-01-31T10:19:44.889+0000] {logging_mixin.py:137} INFO - [2023-01-31T10:19:44.889+0000] {taskmixin.py:205} WARNING - Dependency <Task(EmailOperator): send_email>, prepare_email already registered for DAG: example_dag_decorator
[2023-01-31T10:19:44.934+0000] {processor.py:753} INFO - DAG(s) dict_keys(['example_dag_decorator']) retrieved from /home/airflow/.local/lib/python3.7/site-packages/airflow/example_dags/example_dag_decorator.py
[2023-01-31T10:19:45.029+0000] {logging_mixin.py:137} INFO - [2023-01-31T10:19:45.029+0000] {dag.py:2690} INFO - Sync 1 DAGs
[2023-01-31T10:19:45.050+0000] {logging_mixin.py:137} INFO - [2023-01-31T10:19:45.050+0000] {dag.py:3441} INFO - Setting next_dagrun for example_dag_decorator to None, run_after=None
[2023-01-31T10:19:45.078+0000] {processor.py:175} INFO - Processing /home/airflow/.local/lib/python3.7/site-packages/airflow/example_dags/example_dag_decorator.py took 0.224 seconds
[2023-01-31T10:20:15.829+0000] {processor.py:153} INFO - Started process (PID=831) to work on /home/airflow/.local/lib/python3.7/site-packages/airflow/example_dags/example_dag_decorator.py
[2023-01-31T10:20:15.831+0000] {processor.py:743} INFO - Processing file /home/airflow/.local/lib/python3.7/site-packages/airflow/example_dags/example_dag_decorator.py for tasks to queue
[2023-01-31T10:20:15.836+0000] {logging_mixin.py:137} INFO - [2023-01-31T10:20:15.836+0000] {dagbag.py:538} INFO - Filling up the DagBag from /home/airflow/.local/lib/python3.7/site-packages/airflow/example_dags/example_dag_decorator.py
[2023-01-31T10:20:15.853+0000] {logging_mixin.py:137} INFO - [2023-01-31T10:20:15.853+0000] {taskmixin.py:205} WARNING - Dependency <Task(_PythonDecoratedOperator): prepare_email>, send_email already registered for DAG: example_dag_decorator
[2023-01-31T10:20:15.857+0000] {logging_mixin.py:137} INFO - [2023-01-31T10:20:15.857+0000] {taskmixin.py:205} WARNING - Dependency <Task(EmailOperator): send_email>, prepare_email already registered for DAG: example_dag_decorator
[2023-01-31T10:20:15.882+0000] {processor.py:753} INFO - DAG(s) dict_keys(['example_dag_decorator']) retrieved from /home/airflow/.local/lib/python3.7/site-packages/airflow/example_dags/example_dag_decorator.py
[2023-01-31T10:20:16.127+0000] {logging_mixin.py:137} INFO - [2023-01-31T10:20:16.127+0000] {dag.py:2690} INFO - Sync 1 DAGs
[2023-01-31T10:20:16.186+0000] {logging_mixin.py:137} INFO - [2023-01-31T10:20:16.185+0000] {dag.py:3441} INFO - Setting next_dagrun for example_dag_decorator to None, run_after=None
[2023-01-31T10:20:16.212+0000] {processor.py:175} INFO - Processing /home/airflow/.local/lib/python3.7/site-packages/airflow/example_dags/example_dag_decorator.py took 0.386 seconds
[2023-01-31T10:20:46.924+0000] {processor.py:153} INFO - Started process (PID=911) to work on /home/airflow/.local/lib/python3.7/site-packages/airflow/example_dags/example_dag_decorator.py
[2023-01-31T10:20:46.925+0000] {processor.py:743} INFO - Processing file /home/airflow/.local/lib/python3.7/site-packages/airflow/example_dags/example_dag_decorator.py for tasks to queue
[2023-01-31T10:20:46.926+0000] {logging_mixin.py:137} INFO - [2023-01-31T10:20:46.926+0000] {dagbag.py:538} INFO - Filling up the DagBag from /home/airflow/.local/lib/python3.7/site-packages/airflow/example_dags/example_dag_decorator.py
[2023-01-31T10:20:46.941+0000] {logging_mixin.py:137} INFO - [2023-01-31T10:20:46.941+0000] {taskmixin.py:205} WARNING - Dependency <Task(_PythonDecoratedOperator): prepare_email>, send_email already registered for DAG: example_dag_decorator
[2023-01-31T10:20:46.951+0000] {logging_mixin.py:137} INFO - [2023-01-31T10:20:46.950+0000] {taskmixin.py:205} WARNING - Dependency <Task(EmailOperator): send_email>, prepare_email already registered for DAG: example_dag_decorator
[2023-01-31T10:20:46.964+0000] {processor.py:753} INFO - DAG(s) dict_keys(['example_dag_decorator']) retrieved from /home/airflow/.local/lib/python3.7/site-packages/airflow/example_dags/example_dag_decorator.py
[2023-01-31T10:20:47.140+0000] {logging_mixin.py:137} INFO - [2023-01-31T10:20:47.140+0000] {dag.py:2690} INFO - Sync 1 DAGs
[2023-01-31T10:20:47.218+0000] {logging_mixin.py:137} INFO - [2023-01-31T10:20:47.218+0000] {dag.py:3441} INFO - Setting next_dagrun for example_dag_decorator to None, run_after=None
[2023-01-31T10:20:47.279+0000] {processor.py:175} INFO - Processing /home/airflow/.local/lib/python3.7/site-packages/airflow/example_dags/example_dag_decorator.py took 0.358 seconds
[2023-01-31T10:21:17.467+0000] {processor.py:153} INFO - Started process (PID=990) to work on /home/airflow/.local/lib/python3.7/site-packages/airflow/example_dags/example_dag_decorator.py
[2023-01-31T10:21:17.468+0000] {processor.py:743} INFO - Processing file /home/airflow/.local/lib/python3.7/site-packages/airflow/example_dags/example_dag_decorator.py for tasks to queue
[2023-01-31T10:21:17.469+0000] {logging_mixin.py:137} INFO - [2023-01-31T10:21:17.469+0000] {dagbag.py:538} INFO - Filling up the DagBag from /home/airflow/.local/lib/python3.7/site-packages/airflow/example_dags/example_dag_decorator.py
[2023-01-31T10:21:17.487+0000] {logging_mixin.py:137} INFO - [2023-01-31T10:21:17.487+0000] {taskmixin.py:205} WARNING - Dependency <Task(_PythonDecoratedOperator): prepare_email>, send_email already registered for DAG: example_dag_decorator
[2023-01-31T10:21:17.495+0000] {logging_mixin.py:137} INFO - [2023-01-31T10:21:17.495+0000] {taskmixin.py:205} WARNING - Dependency <Task(EmailOperator): send_email>, prepare_email already registered for DAG: example_dag_decorator
[2023-01-31T10:21:17.517+0000] {processor.py:753} INFO - DAG(s) dict_keys(['example_dag_decorator']) retrieved from /home/airflow/.local/lib/python3.7/site-packages/airflow/example_dags/example_dag_decorator.py
[2023-01-31T10:21:17.585+0000] {logging_mixin.py:137} INFO - [2023-01-31T10:21:17.584+0000] {dag.py:2690} INFO - Sync 1 DAGs
[2023-01-31T10:21:17.638+0000] {logging_mixin.py:137} INFO - [2023-01-31T10:21:17.638+0000] {dag.py:3441} INFO - Setting next_dagrun for example_dag_decorator to None, run_after=None
[2023-01-31T10:21:17.764+0000] {processor.py:175} INFO - Processing /home/airflow/.local/lib/python3.7/site-packages/airflow/example_dags/example_dag_decorator.py took 0.300 seconds
[2023-01-31T10:21:47.984+0000] {processor.py:153} INFO - Started process (PID=1068) to work on /home/airflow/.local/lib/python3.7/site-packages/airflow/example_dags/example_dag_decorator.py
[2023-01-31T10:21:47.986+0000] {processor.py:743} INFO - Processing file /home/airflow/.local/lib/python3.7/site-packages/airflow/example_dags/example_dag_decorator.py for tasks to queue
[2023-01-31T10:21:47.988+0000] {logging_mixin.py:137} INFO - [2023-01-31T10:21:47.988+0000] {dagbag.py:538} INFO - Filling up the DagBag from /home/airflow/.local/lib/python3.7/site-packages/airflow/example_dags/example_dag_decorator.py
[2023-01-31T10:21:48.003+0000] {logging_mixin.py:137} INFO - [2023-01-31T10:21:48.003+0000] {taskmixin.py:205} WARNING - Dependency <Task(_PythonDecoratedOperator): prepare_email>, send_email already registered for DAG: example_dag_decorator
[2023-01-31T10:21:48.009+0000] {logging_mixin.py:137} INFO - [2023-01-31T10:21:48.008+0000] {taskmixin.py:205} WARNING - Dependency <Task(EmailOperator): send_email>, prepare_email already registered for DAG: example_dag_decorator
[2023-01-31T10:21:48.028+0000] {processor.py:753} INFO - DAG(s) dict_keys(['example_dag_decorator']) retrieved from /home/airflow/.local/lib/python3.7/site-packages/airflow/example_dags/example_dag_decorator.py
[2023-01-31T10:21:48.100+0000] {logging_mixin.py:137} INFO - [2023-01-31T10:21:48.099+0000] {dag.py:2690} INFO - Sync 1 DAGs
[2023-01-31T10:21:48.118+0000] {logging_mixin.py:137} INFO - [2023-01-31T10:21:48.117+0000] {dag.py:3441} INFO - Setting next_dagrun for example_dag_decorator to None, run_after=None
[2023-01-31T10:21:48.135+0000] {processor.py:175} INFO - Processing /home/airflow/.local/lib/python3.7/site-packages/airflow/example_dags/example_dag_decorator.py took 0.154 seconds
[2023-01-31T10:22:18.573+0000] {processor.py:153} INFO - Started process (PID=1146) to work on /home/airflow/.local/lib/python3.7/site-packages/airflow/example_dags/example_dag_decorator.py
[2023-01-31T10:22:18.581+0000] {processor.py:743} INFO - Processing file /home/airflow/.local/lib/python3.7/site-packages/airflow/example_dags/example_dag_decorator.py for tasks to queue
[2023-01-31T10:22:18.590+0000] {logging_mixin.py:137} INFO - [2023-01-31T10:22:18.590+0000] {dagbag.py:538} INFO - Filling up the DagBag from /home/airflow/.local/lib/python3.7/site-packages/airflow/example_dags/example_dag_decorator.py
[2023-01-31T10:22:18.618+0000] {logging_mixin.py:137} INFO - [2023-01-31T10:22:18.618+0000] {taskmixin.py:205} WARNING - Dependency <Task(_PythonDecoratedOperator): prepare_email>, send_email already registered for DAG: example_dag_decorator
[2023-01-31T10:22:18.619+0000] {logging_mixin.py:137} INFO - [2023-01-31T10:22:18.619+0000] {taskmixin.py:205} WARNING - Dependency <Task(EmailOperator): send_email>, prepare_email already registered for DAG: example_dag_decorator
[2023-01-31T10:22:18.633+0000] {processor.py:753} INFO - DAG(s) dict_keys(['example_dag_decorator']) retrieved from /home/airflow/.local/lib/python3.7/site-packages/airflow/example_dags/example_dag_decorator.py
[2023-01-31T10:22:18.742+0000] {logging_mixin.py:137} INFO - [2023-01-31T10:22:18.742+0000] {dag.py:2690} INFO - Sync 1 DAGs
[2023-01-31T10:22:18.854+0000] {logging_mixin.py:137} INFO - [2023-01-31T10:22:18.854+0000] {dag.py:3441} INFO - Setting next_dagrun for example_dag_decorator to None, run_after=None
[2023-01-31T10:22:18.929+0000] {processor.py:175} INFO - Processing /home/airflow/.local/lib/python3.7/site-packages/airflow/example_dags/example_dag_decorator.py took 0.361 seconds
[2023-01-31T10:22:51.308+0000] {processor.py:153} INFO - Started process (PID=1240) to work on /home/airflow/.local/lib/python3.7/site-packages/airflow/example_dags/example_dag_decorator.py
[2023-01-31T10:22:51.311+0000] {processor.py:743} INFO - Processing file /home/airflow/.local/lib/python3.7/site-packages/airflow/example_dags/example_dag_decorator.py for tasks to queue
[2023-01-31T10:22:51.313+0000] {logging_mixin.py:137} INFO - [2023-01-31T10:22:51.313+0000] {dagbag.py:538} INFO - Filling up the DagBag from /home/airflow/.local/lib/python3.7/site-packages/airflow/example_dags/example_dag_decorator.py
[2023-01-31T10:22:51.376+0000] {logging_mixin.py:137} INFO - [2023-01-31T10:22:51.375+0000] {taskmixin.py:205} WARNING - Dependency <Task(_PythonDecoratedOperator): prepare_email>, send_email already registered for DAG: example_dag_decorator
[2023-01-31T10:22:51.382+0000] {logging_mixin.py:137} INFO - [2023-01-31T10:22:51.379+0000] {taskmixin.py:205} WARNING - Dependency <Task(EmailOperator): send_email>, prepare_email already registered for DAG: example_dag_decorator
[2023-01-31T10:22:51.424+0000] {processor.py:753} INFO - DAG(s) dict_keys(['example_dag_decorator']) retrieved from /home/airflow/.local/lib/python3.7/site-packages/airflow/example_dags/example_dag_decorator.py
[2023-01-31T10:22:51.609+0000] {logging_mixin.py:137} INFO - [2023-01-31T10:22:51.609+0000] {dag.py:2690} INFO - Sync 1 DAGs
[2023-01-31T10:22:51.673+0000] {logging_mixin.py:137} INFO - [2023-01-31T10:22:51.673+0000] {dag.py:3441} INFO - Setting next_dagrun for example_dag_decorator to None, run_after=None
[2023-01-31T10:22:51.720+0000] {processor.py:175} INFO - Processing /home/airflow/.local/lib/python3.7/site-packages/airflow/example_dags/example_dag_decorator.py took 0.417 seconds
[2023-01-31T10:23:21.837+0000] {processor.py:153} INFO - Started process (PID=1318) to work on /home/airflow/.local/lib/python3.7/site-packages/airflow/example_dags/example_dag_decorator.py
[2023-01-31T10:23:21.839+0000] {processor.py:743} INFO - Processing file /home/airflow/.local/lib/python3.7/site-packages/airflow/example_dags/example_dag_decorator.py for tasks to queue
[2023-01-31T10:23:21.840+0000] {logging_mixin.py:137} INFO - [2023-01-31T10:23:21.840+0000] {dagbag.py:538} INFO - Filling up the DagBag from /home/airflow/.local/lib/python3.7/site-packages/airflow/example_dags/example_dag_decorator.py
[2023-01-31T10:23:21.852+0000] {logging_mixin.py:137} INFO - [2023-01-31T10:23:21.852+0000] {taskmixin.py:205} WARNING - Dependency <Task(_PythonDecoratedOperator): prepare_email>, send_email already registered for DAG: example_dag_decorator
[2023-01-31T10:23:21.853+0000] {logging_mixin.py:137} INFO - [2023-01-31T10:23:21.853+0000] {taskmixin.py:205} WARNING - Dependency <Task(EmailOperator): send_email>, prepare_email already registered for DAG: example_dag_decorator
[2023-01-31T10:23:21.864+0000] {processor.py:753} INFO - DAG(s) dict_keys(['example_dag_decorator']) retrieved from /home/airflow/.local/lib/python3.7/site-packages/airflow/example_dags/example_dag_decorator.py
[2023-01-31T10:23:21.945+0000] {logging_mixin.py:137} INFO - [2023-01-31T10:23:21.945+0000] {dag.py:2690} INFO - Sync 1 DAGs
[2023-01-31T10:23:21.960+0000] {logging_mixin.py:137} INFO - [2023-01-31T10:23:21.960+0000] {dag.py:3441} INFO - Setting next_dagrun for example_dag_decorator to None, run_after=None
[2023-01-31T10:23:21.976+0000] {processor.py:175} INFO - Processing /home/airflow/.local/lib/python3.7/site-packages/airflow/example_dags/example_dag_decorator.py took 0.142 seconds
[2023-01-31T10:23:53.062+0000] {processor.py:153} INFO - Started process (PID=1397) to work on /home/airflow/.local/lib/python3.7/site-packages/airflow/example_dags/example_dag_decorator.py
[2023-01-31T10:23:53.065+0000] {processor.py:743} INFO - Processing file /home/airflow/.local/lib/python3.7/site-packages/airflow/example_dags/example_dag_decorator.py for tasks to queue
[2023-01-31T10:23:53.067+0000] {logging_mixin.py:137} INFO - [2023-01-31T10:23:53.067+0000] {dagbag.py:538} INFO - Filling up the DagBag from /home/airflow/.local/lib/python3.7/site-packages/airflow/example_dags/example_dag_decorator.py
[2023-01-31T10:23:53.100+0000] {logging_mixin.py:137} INFO - [2023-01-31T10:23:53.100+0000] {taskmixin.py:205} WARNING - Dependency <Task(_PythonDecoratedOperator): prepare_email>, send_email already registered for DAG: example_dag_decorator
[2023-01-31T10:23:53.147+0000] {logging_mixin.py:137} INFO - [2023-01-31T10:23:53.147+0000] {taskmixin.py:205} WARNING - Dependency <Task(EmailOperator): send_email>, prepare_email already registered for DAG: example_dag_decorator
[2023-01-31T10:23:53.166+0000] {processor.py:753} INFO - DAG(s) dict_keys(['example_dag_decorator']) retrieved from /home/airflow/.local/lib/python3.7/site-packages/airflow/example_dags/example_dag_decorator.py
[2023-01-31T10:23:53.232+0000] {logging_mixin.py:137} INFO - [2023-01-31T10:23:53.231+0000] {dag.py:2690} INFO - Sync 1 DAGs
[2023-01-31T10:23:53.267+0000] {logging_mixin.py:137} INFO - [2023-01-31T10:23:53.267+0000] {dag.py:3441} INFO - Setting next_dagrun for example_dag_decorator to None, run_after=None
[2023-01-31T10:23:53.283+0000] {processor.py:175} INFO - Processing /home/airflow/.local/lib/python3.7/site-packages/airflow/example_dags/example_dag_decorator.py took 0.230 seconds
[2023-01-31T10:24:23.445+0000] {processor.py:153} INFO - Started process (PID=1475) to work on /home/airflow/.local/lib/python3.7/site-packages/airflow/example_dags/example_dag_decorator.py
[2023-01-31T10:24:23.449+0000] {processor.py:743} INFO - Processing file /home/airflow/.local/lib/python3.7/site-packages/airflow/example_dags/example_dag_decorator.py for tasks to queue
[2023-01-31T10:24:23.453+0000] {logging_mixin.py:137} INFO - [2023-01-31T10:24:23.453+0000] {dagbag.py:538} INFO - Filling up the DagBag from /home/airflow/.local/lib/python3.7/site-packages/airflow/example_dags/example_dag_decorator.py
[2023-01-31T10:24:23.476+0000] {logging_mixin.py:137} INFO - [2023-01-31T10:24:23.476+0000] {taskmixin.py:205} WARNING - Dependency <Task(_PythonDecoratedOperator): prepare_email>, send_email already registered for DAG: example_dag_decorator
[2023-01-31T10:24:23.477+0000] {logging_mixin.py:137} INFO - [2023-01-31T10:24:23.477+0000] {taskmixin.py:205} WARNING - Dependency <Task(EmailOperator): send_email>, prepare_email already registered for DAG: example_dag_decorator
[2023-01-31T10:24:23.493+0000] {processor.py:753} INFO - DAG(s) dict_keys(['example_dag_decorator']) retrieved from /home/airflow/.local/lib/python3.7/site-packages/airflow/example_dags/example_dag_decorator.py
[2023-01-31T10:24:23.565+0000] {logging_mixin.py:137} INFO - [2023-01-31T10:24:23.565+0000] {dag.py:2690} INFO - Sync 1 DAGs
[2023-01-31T10:24:23.600+0000] {logging_mixin.py:137} INFO - [2023-01-31T10:24:23.600+0000] {dag.py:3441} INFO - Setting next_dagrun for example_dag_decorator to None, run_after=None
[2023-01-31T10:24:23.641+0000] {processor.py:175} INFO - Processing /home/airflow/.local/lib/python3.7/site-packages/airflow/example_dags/example_dag_decorator.py took 0.198 seconds
[2023-01-31T10:24:54.457+0000] {processor.py:153} INFO - Started process (PID=1557) to work on /home/airflow/.local/lib/python3.7/site-packages/airflow/example_dags/example_dag_decorator.py
[2023-01-31T10:24:54.459+0000] {processor.py:743} INFO - Processing file /home/airflow/.local/lib/python3.7/site-packages/airflow/example_dags/example_dag_decorator.py for tasks to queue
[2023-01-31T10:24:54.460+0000] {logging_mixin.py:137} INFO - [2023-01-31T10:24:54.460+0000] {dagbag.py:538} INFO - Filling up the DagBag from /home/airflow/.local/lib/python3.7/site-packages/airflow/example_dags/example_dag_decorator.py
[2023-01-31T10:24:54.473+0000] {logging_mixin.py:137} INFO - [2023-01-31T10:24:54.473+0000] {taskmixin.py:205} WARNING - Dependency <Task(_PythonDecoratedOperator): prepare_email>, send_email already registered for DAG: example_dag_decorator
[2023-01-31T10:24:54.474+0000] {logging_mixin.py:137} INFO - [2023-01-31T10:24:54.474+0000] {taskmixin.py:205} WARNING - Dependency <Task(EmailOperator): send_email>, prepare_email already registered for DAG: example_dag_decorator
[2023-01-31T10:24:54.487+0000] {processor.py:753} INFO - DAG(s) dict_keys(['example_dag_decorator']) retrieved from /home/airflow/.local/lib/python3.7/site-packages/airflow/example_dags/example_dag_decorator.py
[2023-01-31T10:24:54.545+0000] {logging_mixin.py:137} INFO - [2023-01-31T10:24:54.545+0000] {dag.py:2690} INFO - Sync 1 DAGs
[2023-01-31T10:24:54.563+0000] {logging_mixin.py:137} INFO - [2023-01-31T10:24:54.562+0000] {dag.py:3441} INFO - Setting next_dagrun for example_dag_decorator to None, run_after=None
[2023-01-31T10:24:54.581+0000] {processor.py:175} INFO - Processing /home/airflow/.local/lib/python3.7/site-packages/airflow/example_dags/example_dag_decorator.py took 0.127 seconds
[2023-01-31T10:25:28.353+0000] {processor.py:153} INFO - Started process (PID=1645) to work on /home/airflow/.local/lib/python3.7/site-packages/airflow/example_dags/example_dag_decorator.py
[2023-01-31T10:25:28.361+0000] {processor.py:743} INFO - Processing file /home/airflow/.local/lib/python3.7/site-packages/airflow/example_dags/example_dag_decorator.py for tasks to queue
[2023-01-31T10:25:28.363+0000] {logging_mixin.py:137} INFO - [2023-01-31T10:25:28.363+0000] {dagbag.py:538} INFO - Filling up the DagBag from /home/airflow/.local/lib/python3.7/site-packages/airflow/example_dags/example_dag_decorator.py
[2023-01-31T10:25:28.532+0000] {logging_mixin.py:137} INFO - [2023-01-31T10:25:28.532+0000] {taskmixin.py:205} WARNING - Dependency <Task(_PythonDecoratedOperator): prepare_email>, send_email already registered for DAG: example_dag_decorator
[2023-01-31T10:25:28.534+0000] {logging_mixin.py:137} INFO - [2023-01-31T10:25:28.534+0000] {taskmixin.py:205} WARNING - Dependency <Task(EmailOperator): send_email>, prepare_email already registered for DAG: example_dag_decorator
[2023-01-31T10:25:28.553+0000] {processor.py:753} INFO - DAG(s) dict_keys(['example_dag_decorator']) retrieved from /home/airflow/.local/lib/python3.7/site-packages/airflow/example_dags/example_dag_decorator.py
[2023-01-31T10:25:28.674+0000] {logging_mixin.py:137} INFO - [2023-01-31T10:25:28.674+0000] {dag.py:2690} INFO - Sync 1 DAGs
[2023-01-31T10:25:28.713+0000] {logging_mixin.py:137} INFO - [2023-01-31T10:25:28.713+0000] {dag.py:3441} INFO - Setting next_dagrun for example_dag_decorator to None, run_after=None
[2023-01-31T10:25:28.868+0000] {processor.py:175} INFO - Processing /home/airflow/.local/lib/python3.7/site-packages/airflow/example_dags/example_dag_decorator.py took 0.539 seconds
[2023-01-31T10:25:59.607+0000] {processor.py:153} INFO - Started process (PID=1732) to work on /home/airflow/.local/lib/python3.7/site-packages/airflow/example_dags/example_dag_decorator.py
[2023-01-31T10:25:59.610+0000] {processor.py:743} INFO - Processing file /home/airflow/.local/lib/python3.7/site-packages/airflow/example_dags/example_dag_decorator.py for tasks to queue
[2023-01-31T10:25:59.614+0000] {logging_mixin.py:137} INFO - [2023-01-31T10:25:59.614+0000] {dagbag.py:538} INFO - Filling up the DagBag from /home/airflow/.local/lib/python3.7/site-packages/airflow/example_dags/example_dag_decorator.py
[2023-01-31T10:25:59.713+0000] {logging_mixin.py:137} INFO - [2023-01-31T10:25:59.713+0000] {taskmixin.py:205} WARNING - Dependency <Task(_PythonDecoratedOperator): prepare_email>, send_email already registered for DAG: example_dag_decorator
[2023-01-31T10:25:59.730+0000] {logging_mixin.py:137} INFO - [2023-01-31T10:25:59.729+0000] {taskmixin.py:205} WARNING - Dependency <Task(EmailOperator): send_email>, prepare_email already registered for DAG: example_dag_decorator
[2023-01-31T10:25:59.775+0000] {processor.py:753} INFO - DAG(s) dict_keys(['example_dag_decorator']) retrieved from /home/airflow/.local/lib/python3.7/site-packages/airflow/example_dags/example_dag_decorator.py
[2023-01-31T10:25:59.879+0000] {logging_mixin.py:137} INFO - [2023-01-31T10:25:59.878+0000] {dag.py:2690} INFO - Sync 1 DAGs
[2023-01-31T10:25:59.914+0000] {logging_mixin.py:137} INFO - [2023-01-31T10:25:59.913+0000] {dag.py:3441} INFO - Setting next_dagrun for example_dag_decorator to None, run_after=None
[2023-01-31T10:25:59.949+0000] {processor.py:175} INFO - Processing /home/airflow/.local/lib/python3.7/site-packages/airflow/example_dags/example_dag_decorator.py took 0.346 seconds
[2023-01-31T10:26:30.047+0000] {processor.py:153} INFO - Started process (PID=1816) to work on /home/airflow/.local/lib/python3.7/site-packages/airflow/example_dags/example_dag_decorator.py
[2023-01-31T10:26:30.048+0000] {processor.py:743} INFO - Processing file /home/airflow/.local/lib/python3.7/site-packages/airflow/example_dags/example_dag_decorator.py for tasks to queue
[2023-01-31T10:26:30.050+0000] {logging_mixin.py:137} INFO - [2023-01-31T10:26:30.050+0000] {dagbag.py:538} INFO - Filling up the DagBag from /home/airflow/.local/lib/python3.7/site-packages/airflow/example_dags/example_dag_decorator.py
[2023-01-31T10:26:30.102+0000] {logging_mixin.py:137} INFO - [2023-01-31T10:26:30.102+0000] {taskmixin.py:205} WARNING - Dependency <Task(_PythonDecoratedOperator): prepare_email>, send_email already registered for DAG: example_dag_decorator
[2023-01-31T10:26:30.107+0000] {logging_mixin.py:137} INFO - [2023-01-31T10:26:30.107+0000] {taskmixin.py:205} WARNING - Dependency <Task(EmailOperator): send_email>, prepare_email already registered for DAG: example_dag_decorator
[2023-01-31T10:26:30.122+0000] {processor.py:753} INFO - DAG(s) dict_keys(['example_dag_decorator']) retrieved from /home/airflow/.local/lib/python3.7/site-packages/airflow/example_dags/example_dag_decorator.py
[2023-01-31T10:26:30.212+0000] {logging_mixin.py:137} INFO - [2023-01-31T10:26:30.211+0000] {dag.py:2690} INFO - Sync 1 DAGs
[2023-01-31T10:26:30.245+0000] {logging_mixin.py:137} INFO - [2023-01-31T10:26:30.244+0000] {dag.py:3441} INFO - Setting next_dagrun for example_dag_decorator to None, run_after=None
[2023-01-31T10:26:30.262+0000] {processor.py:175} INFO - Processing /home/airflow/.local/lib/python3.7/site-packages/airflow/example_dags/example_dag_decorator.py took 0.219 seconds
[2023-01-31T10:27:01.334+0000] {processor.py:153} INFO - Started process (PID=1894) to work on /home/airflow/.local/lib/python3.7/site-packages/airflow/example_dags/example_dag_decorator.py
[2023-01-31T10:27:01.339+0000] {processor.py:743} INFO - Processing file /home/airflow/.local/lib/python3.7/site-packages/airflow/example_dags/example_dag_decorator.py for tasks to queue
[2023-01-31T10:27:01.346+0000] {logging_mixin.py:137} INFO - [2023-01-31T10:27:01.345+0000] {dagbag.py:538} INFO - Filling up the DagBag from /home/airflow/.local/lib/python3.7/site-packages/airflow/example_dags/example_dag_decorator.py
[2023-01-31T10:27:01.396+0000] {logging_mixin.py:137} INFO - [2023-01-31T10:27:01.395+0000] {taskmixin.py:205} WARNING - Dependency <Task(_PythonDecoratedOperator): prepare_email>, send_email already registered for DAG: example_dag_decorator
[2023-01-31T10:27:01.397+0000] {logging_mixin.py:137} INFO - [2023-01-31T10:27:01.397+0000] {taskmixin.py:205} WARNING - Dependency <Task(EmailOperator): send_email>, prepare_email already registered for DAG: example_dag_decorator
[2023-01-31T10:27:01.444+0000] {processor.py:753} INFO - DAG(s) dict_keys(['example_dag_decorator']) retrieved from /home/airflow/.local/lib/python3.7/site-packages/airflow/example_dags/example_dag_decorator.py
[2023-01-31T10:27:01.543+0000] {logging_mixin.py:137} INFO - [2023-01-31T10:27:01.543+0000] {dag.py:2690} INFO - Sync 1 DAGs
[2023-01-31T10:27:01.563+0000] {logging_mixin.py:137} INFO - [2023-01-31T10:27:01.563+0000] {dag.py:3441} INFO - Setting next_dagrun for example_dag_decorator to None, run_after=None
[2023-01-31T10:27:01.579+0000] {processor.py:175} INFO - Processing /home/airflow/.local/lib/python3.7/site-packages/airflow/example_dags/example_dag_decorator.py took 0.259 seconds
[2023-01-31T10:27:31.807+0000] {processor.py:153} INFO - Started process (PID=1989) to work on /home/airflow/.local/lib/python3.7/site-packages/airflow/example_dags/example_dag_decorator.py
[2023-01-31T10:27:31.812+0000] {processor.py:743} INFO - Processing file /home/airflow/.local/lib/python3.7/site-packages/airflow/example_dags/example_dag_decorator.py for tasks to queue
[2023-01-31T10:27:31.814+0000] {logging_mixin.py:137} INFO - [2023-01-31T10:27:31.814+0000] {dagbag.py:538} INFO - Filling up the DagBag from /home/airflow/.local/lib/python3.7/site-packages/airflow/example_dags/example_dag_decorator.py
[2023-01-31T10:27:31.854+0000] {logging_mixin.py:137} INFO - [2023-01-31T10:27:31.853+0000] {taskmixin.py:205} WARNING - Dependency <Task(_PythonDecoratedOperator): prepare_email>, send_email already registered for DAG: example_dag_decorator
[2023-01-31T10:27:31.855+0000] {logging_mixin.py:137} INFO - [2023-01-31T10:27:31.855+0000] {taskmixin.py:205} WARNING - Dependency <Task(EmailOperator): send_email>, prepare_email already registered for DAG: example_dag_decorator
[2023-01-31T10:27:31.877+0000] {processor.py:753} INFO - DAG(s) dict_keys(['example_dag_decorator']) retrieved from /home/airflow/.local/lib/python3.7/site-packages/airflow/example_dags/example_dag_decorator.py
[2023-01-31T10:27:31.995+0000] {logging_mixin.py:137} INFO - [2023-01-31T10:27:31.995+0000] {dag.py:2690} INFO - Sync 1 DAGs
[2023-01-31T10:27:32.016+0000] {logging_mixin.py:137} INFO - [2023-01-31T10:27:32.016+0000] {dag.py:3441} INFO - Setting next_dagrun for example_dag_decorator to None, run_after=None
[2023-01-31T10:27:32.041+0000] {processor.py:175} INFO - Processing /home/airflow/.local/lib/python3.7/site-packages/airflow/example_dags/example_dag_decorator.py took 0.240 seconds
[2023-01-31T10:28:02.350+0000] {processor.py:153} INFO - Started process (PID=2069) to work on /home/airflow/.local/lib/python3.7/site-packages/airflow/example_dags/example_dag_decorator.py
[2023-01-31T10:28:02.353+0000] {processor.py:743} INFO - Processing file /home/airflow/.local/lib/python3.7/site-packages/airflow/example_dags/example_dag_decorator.py for tasks to queue
[2023-01-31T10:28:02.366+0000] {logging_mixin.py:137} INFO - [2023-01-31T10:28:02.366+0000] {dagbag.py:538} INFO - Filling up the DagBag from /home/airflow/.local/lib/python3.7/site-packages/airflow/example_dags/example_dag_decorator.py
[2023-01-31T10:28:02.416+0000] {logging_mixin.py:137} INFO - [2023-01-31T10:28:02.415+0000] {taskmixin.py:205} WARNING - Dependency <Task(_PythonDecoratedOperator): prepare_email>, send_email already registered for DAG: example_dag_decorator
[2023-01-31T10:28:02.419+0000] {logging_mixin.py:137} INFO - [2023-01-31T10:28:02.418+0000] {taskmixin.py:205} WARNING - Dependency <Task(EmailOperator): send_email>, prepare_email already registered for DAG: example_dag_decorator
[2023-01-31T10:28:02.448+0000] {processor.py:753} INFO - DAG(s) dict_keys(['example_dag_decorator']) retrieved from /home/airflow/.local/lib/python3.7/site-packages/airflow/example_dags/example_dag_decorator.py
[2023-01-31T10:28:02.551+0000] {logging_mixin.py:137} INFO - [2023-01-31T10:28:02.550+0000] {dag.py:2690} INFO - Sync 1 DAGs
[2023-01-31T10:28:02.576+0000] {logging_mixin.py:137} INFO - [2023-01-31T10:28:02.576+0000] {dag.py:3441} INFO - Setting next_dagrun for example_dag_decorator to None, run_after=None
[2023-01-31T10:28:02.596+0000] {processor.py:175} INFO - Processing /home/airflow/.local/lib/python3.7/site-packages/airflow/example_dags/example_dag_decorator.py took 0.251 seconds
[2023-01-31T10:28:32.668+0000] {processor.py:153} INFO - Started process (PID=2157) to work on /home/airflow/.local/lib/python3.7/site-packages/airflow/example_dags/example_dag_decorator.py
[2023-01-31T10:28:32.674+0000] {processor.py:743} INFO - Processing file /home/airflow/.local/lib/python3.7/site-packages/airflow/example_dags/example_dag_decorator.py for tasks to queue
[2023-01-31T10:28:32.680+0000] {logging_mixin.py:137} INFO - [2023-01-31T10:28:32.680+0000] {dagbag.py:538} INFO - Filling up the DagBag from /home/airflow/.local/lib/python3.7/site-packages/airflow/example_dags/example_dag_decorator.py
[2023-01-31T10:28:32.717+0000] {logging_mixin.py:137} INFO - [2023-01-31T10:28:32.717+0000] {taskmixin.py:205} WARNING - Dependency <Task(_PythonDecoratedOperator): prepare_email>, send_email already registered for DAG: example_dag_decorator
[2023-01-31T10:28:32.739+0000] {logging_mixin.py:137} INFO - [2023-01-31T10:28:32.739+0000] {taskmixin.py:205} WARNING - Dependency <Task(EmailOperator): send_email>, prepare_email already registered for DAG: example_dag_decorator
[2023-01-31T10:28:32.762+0000] {processor.py:753} INFO - DAG(s) dict_keys(['example_dag_decorator']) retrieved from /home/airflow/.local/lib/python3.7/site-packages/airflow/example_dags/example_dag_decorator.py
[2023-01-31T10:28:32.966+0000] {logging_mixin.py:137} INFO - [2023-01-31T10:28:32.966+0000] {dag.py:2690} INFO - Sync 1 DAGs
[2023-01-31T10:28:33.002+0000] {logging_mixin.py:137} INFO - [2023-01-31T10:28:33.002+0000] {dag.py:3441} INFO - Setting next_dagrun for example_dag_decorator to None, run_after=None
[2023-01-31T10:28:33.056+0000] {processor.py:175} INFO - Processing /home/airflow/.local/lib/python3.7/site-packages/airflow/example_dags/example_dag_decorator.py took 0.397 seconds
[2023-01-31T10:29:03.352+0000] {processor.py:153} INFO - Started process (PID=2243) to work on /home/airflow/.local/lib/python3.7/site-packages/airflow/example_dags/example_dag_decorator.py
[2023-01-31T10:29:03.355+0000] {processor.py:743} INFO - Processing file /home/airflow/.local/lib/python3.7/site-packages/airflow/example_dags/example_dag_decorator.py for tasks to queue
[2023-01-31T10:29:03.356+0000] {logging_mixin.py:137} INFO - [2023-01-31T10:29:03.356+0000] {dagbag.py:538} INFO - Filling up the DagBag from /home/airflow/.local/lib/python3.7/site-packages/airflow/example_dags/example_dag_decorator.py
[2023-01-31T10:29:03.374+0000] {logging_mixin.py:137} INFO - [2023-01-31T10:29:03.374+0000] {taskmixin.py:205} WARNING - Dependency <Task(_PythonDecoratedOperator): prepare_email>, send_email already registered for DAG: example_dag_decorator
[2023-01-31T10:29:03.376+0000] {logging_mixin.py:137} INFO - [2023-01-31T10:29:03.375+0000] {taskmixin.py:205} WARNING - Dependency <Task(EmailOperator): send_email>, prepare_email already registered for DAG: example_dag_decorator
[2023-01-31T10:29:03.409+0000] {processor.py:753} INFO - DAG(s) dict_keys(['example_dag_decorator']) retrieved from /home/airflow/.local/lib/python3.7/site-packages/airflow/example_dags/example_dag_decorator.py
[2023-01-31T10:29:03.545+0000] {logging_mixin.py:137} INFO - [2023-01-31T10:29:03.545+0000] {dag.py:2690} INFO - Sync 1 DAGs
[2023-01-31T10:29:03.577+0000] {logging_mixin.py:137} INFO - [2023-01-31T10:29:03.577+0000] {dag.py:3441} INFO - Setting next_dagrun for example_dag_decorator to None, run_after=None
[2023-01-31T10:29:03.607+0000] {processor.py:175} INFO - Processing /home/airflow/.local/lib/python3.7/site-packages/airflow/example_dags/example_dag_decorator.py took 0.259 seconds
[2023-01-31T10:29:34.013+0000] {processor.py:153} INFO - Started process (PID=2321) to work on /home/airflow/.local/lib/python3.7/site-packages/airflow/example_dags/example_dag_decorator.py
[2023-01-31T10:29:34.019+0000] {processor.py:743} INFO - Processing file /home/airflow/.local/lib/python3.7/site-packages/airflow/example_dags/example_dag_decorator.py for tasks to queue
[2023-01-31T10:29:34.023+0000] {logging_mixin.py:137} INFO - [2023-01-31T10:29:34.023+0000] {dagbag.py:538} INFO - Filling up the DagBag from /home/airflow/.local/lib/python3.7/site-packages/airflow/example_dags/example_dag_decorator.py
[2023-01-31T10:29:34.077+0000] {logging_mixin.py:137} INFO - [2023-01-31T10:29:34.077+0000] {taskmixin.py:205} WARNING - Dependency <Task(_PythonDecoratedOperator): prepare_email>, send_email already registered for DAG: example_dag_decorator
[2023-01-31T10:29:34.085+0000] {logging_mixin.py:137} INFO - [2023-01-31T10:29:34.084+0000] {taskmixin.py:205} WARNING - Dependency <Task(EmailOperator): send_email>, prepare_email already registered for DAG: example_dag_decorator
[2023-01-31T10:29:34.123+0000] {processor.py:753} INFO - DAG(s) dict_keys(['example_dag_decorator']) retrieved from /home/airflow/.local/lib/python3.7/site-packages/airflow/example_dags/example_dag_decorator.py
[2023-01-31T10:29:34.256+0000] {logging_mixin.py:137} INFO - [2023-01-31T10:29:34.256+0000] {dag.py:2690} INFO - Sync 1 DAGs
[2023-01-31T10:29:34.328+0000] {logging_mixin.py:137} INFO - [2023-01-31T10:29:34.328+0000] {dag.py:3441} INFO - Setting next_dagrun for example_dag_decorator to None, run_after=None
[2023-01-31T10:29:34.416+0000] {processor.py:175} INFO - Processing /home/airflow/.local/lib/python3.7/site-packages/airflow/example_dags/example_dag_decorator.py took 0.408 seconds
[2023-01-31T10:30:04.586+0000] {processor.py:153} INFO - Started process (PID=2400) to work on /home/airflow/.local/lib/python3.7/site-packages/airflow/example_dags/example_dag_decorator.py
[2023-01-31T10:30:04.588+0000] {processor.py:743} INFO - Processing file /home/airflow/.local/lib/python3.7/site-packages/airflow/example_dags/example_dag_decorator.py for tasks to queue
[2023-01-31T10:30:04.589+0000] {logging_mixin.py:137} INFO - [2023-01-31T10:30:04.589+0000] {dagbag.py:538} INFO - Filling up the DagBag from /home/airflow/.local/lib/python3.7/site-packages/airflow/example_dags/example_dag_decorator.py
[2023-01-31T10:30:04.631+0000] {logging_mixin.py:137} INFO - [2023-01-31T10:30:04.631+0000] {taskmixin.py:205} WARNING - Dependency <Task(_PythonDecoratedOperator): prepare_email>, send_email already registered for DAG: example_dag_decorator
[2023-01-31T10:30:04.643+0000] {logging_mixin.py:137} INFO - [2023-01-31T10:30:04.642+0000] {taskmixin.py:205} WARNING - Dependency <Task(EmailOperator): send_email>, prepare_email already registered for DAG: example_dag_decorator
[2023-01-31T10:30:04.692+0000] {processor.py:753} INFO - DAG(s) dict_keys(['example_dag_decorator']) retrieved from /home/airflow/.local/lib/python3.7/site-packages/airflow/example_dags/example_dag_decorator.py
[2023-01-31T10:30:04.788+0000] {logging_mixin.py:137} INFO - [2023-01-31T10:30:04.787+0000] {dag.py:2690} INFO - Sync 1 DAGs
[2023-01-31T10:30:04.807+0000] {logging_mixin.py:137} INFO - [2023-01-31T10:30:04.807+0000] {dag.py:3441} INFO - Setting next_dagrun for example_dag_decorator to None, run_after=None
[2023-01-31T10:30:04.887+0000] {processor.py:175} INFO - Processing /home/airflow/.local/lib/python3.7/site-packages/airflow/example_dags/example_dag_decorator.py took 0.308 seconds
[2023-01-31T10:30:35.849+0000] {processor.py:153} INFO - Started process (PID=2479) to work on /home/airflow/.local/lib/python3.7/site-packages/airflow/example_dags/example_dag_decorator.py
[2023-01-31T10:30:35.868+0000] {processor.py:743} INFO - Processing file /home/airflow/.local/lib/python3.7/site-packages/airflow/example_dags/example_dag_decorator.py for tasks to queue
[2023-01-31T10:30:35.875+0000] {logging_mixin.py:137} INFO - [2023-01-31T10:30:35.874+0000] {dagbag.py:538} INFO - Filling up the DagBag from /home/airflow/.local/lib/python3.7/site-packages/airflow/example_dags/example_dag_decorator.py
[2023-01-31T10:30:35.910+0000] {logging_mixin.py:137} INFO - [2023-01-31T10:30:35.910+0000] {taskmixin.py:205} WARNING - Dependency <Task(_PythonDecoratedOperator): prepare_email>, send_email already registered for DAG: example_dag_decorator
[2023-01-31T10:30:35.911+0000] {logging_mixin.py:137} INFO - [2023-01-31T10:30:35.911+0000] {taskmixin.py:205} WARNING - Dependency <Task(EmailOperator): send_email>, prepare_email already registered for DAG: example_dag_decorator
[2023-01-31T10:30:35.930+0000] {processor.py:753} INFO - DAG(s) dict_keys(['example_dag_decorator']) retrieved from /home/airflow/.local/lib/python3.7/site-packages/airflow/example_dags/example_dag_decorator.py
[2023-01-31T10:30:36.002+0000] {logging_mixin.py:137} INFO - [2023-01-31T10:30:36.002+0000] {dag.py:2690} INFO - Sync 1 DAGs
[2023-01-31T10:30:36.025+0000] {logging_mixin.py:137} INFO - [2023-01-31T10:30:36.025+0000] {dag.py:3441} INFO - Setting next_dagrun for example_dag_decorator to None, run_after=None
[2023-01-31T10:30:36.054+0000] {processor.py:175} INFO - Processing /home/airflow/.local/lib/python3.7/site-packages/airflow/example_dags/example_dag_decorator.py took 0.215 seconds
[2023-01-31T10:31:06.144+0000] {processor.py:153} INFO - Started process (PID=2557) to work on /home/airflow/.local/lib/python3.7/site-packages/airflow/example_dags/example_dag_decorator.py
[2023-01-31T10:31:06.147+0000] {processor.py:743} INFO - Processing file /home/airflow/.local/lib/python3.7/site-packages/airflow/example_dags/example_dag_decorator.py for tasks to queue
[2023-01-31T10:31:06.152+0000] {logging_mixin.py:137} INFO - [2023-01-31T10:31:06.151+0000] {dagbag.py:538} INFO - Filling up the DagBag from /home/airflow/.local/lib/python3.7/site-packages/airflow/example_dags/example_dag_decorator.py
[2023-01-31T10:31:06.171+0000] {logging_mixin.py:137} INFO - [2023-01-31T10:31:06.171+0000] {taskmixin.py:205} WARNING - Dependency <Task(_PythonDecoratedOperator): prepare_email>, send_email already registered for DAG: example_dag_decorator
[2023-01-31T10:31:06.173+0000] {logging_mixin.py:137} INFO - [2023-01-31T10:31:06.173+0000] {taskmixin.py:205} WARNING - Dependency <Task(EmailOperator): send_email>, prepare_email already registered for DAG: example_dag_decorator
[2023-01-31T10:31:06.188+0000] {processor.py:753} INFO - DAG(s) dict_keys(['example_dag_decorator']) retrieved from /home/airflow/.local/lib/python3.7/site-packages/airflow/example_dags/example_dag_decorator.py
[2023-01-31T10:31:06.296+0000] {logging_mixin.py:137} INFO - [2023-01-31T10:31:06.296+0000] {dag.py:2690} INFO - Sync 1 DAGs
[2023-01-31T10:31:06.330+0000] {logging_mixin.py:137} INFO - [2023-01-31T10:31:06.330+0000] {dag.py:3441} INFO - Setting next_dagrun for example_dag_decorator to None, run_after=None
[2023-01-31T10:31:06.372+0000] {processor.py:175} INFO - Processing /home/airflow/.local/lib/python3.7/site-packages/airflow/example_dags/example_dag_decorator.py took 0.233 seconds
[2023-01-31T10:31:37.295+0000] {processor.py:153} INFO - Started process (PID=2650) to work on /home/airflow/.local/lib/python3.7/site-packages/airflow/example_dags/example_dag_decorator.py
[2023-01-31T10:31:37.298+0000] {processor.py:743} INFO - Processing file /home/airflow/.local/lib/python3.7/site-packages/airflow/example_dags/example_dag_decorator.py for tasks to queue
[2023-01-31T10:31:37.301+0000] {logging_mixin.py:137} INFO - [2023-01-31T10:31:37.301+0000] {dagbag.py:538} INFO - Filling up the DagBag from /home/airflow/.local/lib/python3.7/site-packages/airflow/example_dags/example_dag_decorator.py
[2023-01-31T10:31:37.320+0000] {logging_mixin.py:137} INFO - [2023-01-31T10:31:37.320+0000] {taskmixin.py:205} WARNING - Dependency <Task(_PythonDecoratedOperator): prepare_email>, send_email already registered for DAG: example_dag_decorator
[2023-01-31T10:31:37.324+0000] {logging_mixin.py:137} INFO - [2023-01-31T10:31:37.324+0000] {taskmixin.py:205} WARNING - Dependency <Task(EmailOperator): send_email>, prepare_email already registered for DAG: example_dag_decorator
[2023-01-31T10:31:37.345+0000] {processor.py:753} INFO - DAG(s) dict_keys(['example_dag_decorator']) retrieved from /home/airflow/.local/lib/python3.7/site-packages/airflow/example_dags/example_dag_decorator.py
[2023-01-31T10:31:37.437+0000] {logging_mixin.py:137} INFO - [2023-01-31T10:31:37.436+0000] {dag.py:2690} INFO - Sync 1 DAGs
[2023-01-31T10:31:37.485+0000] {logging_mixin.py:137} INFO - [2023-01-31T10:31:37.485+0000] {dag.py:3441} INFO - Setting next_dagrun for example_dag_decorator to None, run_after=None
[2023-01-31T10:31:37.540+0000] {processor.py:175} INFO - Processing /home/airflow/.local/lib/python3.7/site-packages/airflow/example_dags/example_dag_decorator.py took 0.249 seconds
[2023-01-31T10:32:07.677+0000] {processor.py:153} INFO - Started process (PID=2729) to work on /home/airflow/.local/lib/python3.7/site-packages/airflow/example_dags/example_dag_decorator.py
[2023-01-31T10:32:07.681+0000] {processor.py:743} INFO - Processing file /home/airflow/.local/lib/python3.7/site-packages/airflow/example_dags/example_dag_decorator.py for tasks to queue
[2023-01-31T10:32:07.682+0000] {logging_mixin.py:137} INFO - [2023-01-31T10:32:07.682+0000] {dagbag.py:538} INFO - Filling up the DagBag from /home/airflow/.local/lib/python3.7/site-packages/airflow/example_dags/example_dag_decorator.py
[2023-01-31T10:32:07.697+0000] {logging_mixin.py:137} INFO - [2023-01-31T10:32:07.697+0000] {taskmixin.py:205} WARNING - Dependency <Task(_PythonDecoratedOperator): prepare_email>, send_email already registered for DAG: example_dag_decorator
[2023-01-31T10:32:07.698+0000] {logging_mixin.py:137} INFO - [2023-01-31T10:32:07.698+0000] {taskmixin.py:205} WARNING - Dependency <Task(EmailOperator): send_email>, prepare_email already registered for DAG: example_dag_decorator
[2023-01-31T10:32:07.709+0000] {processor.py:753} INFO - DAG(s) dict_keys(['example_dag_decorator']) retrieved from /home/airflow/.local/lib/python3.7/site-packages/airflow/example_dags/example_dag_decorator.py
[2023-01-31T10:32:07.753+0000] {logging_mixin.py:137} INFO - [2023-01-31T10:32:07.752+0000] {dag.py:2690} INFO - Sync 1 DAGs
[2023-01-31T10:32:07.770+0000] {logging_mixin.py:137} INFO - [2023-01-31T10:32:07.770+0000] {dag.py:3441} INFO - Setting next_dagrun for example_dag_decorator to None, run_after=None
[2023-01-31T10:32:07.792+0000] {processor.py:175} INFO - Processing /home/airflow/.local/lib/python3.7/site-packages/airflow/example_dags/example_dag_decorator.py took 0.120 seconds
[2023-01-31T10:32:38.547+0000] {processor.py:153} INFO - Started process (PID=2808) to work on /home/airflow/.local/lib/python3.7/site-packages/airflow/example_dags/example_dag_decorator.py
[2023-01-31T10:32:38.548+0000] {processor.py:743} INFO - Processing file /home/airflow/.local/lib/python3.7/site-packages/airflow/example_dags/example_dag_decorator.py for tasks to queue
[2023-01-31T10:32:38.550+0000] {logging_mixin.py:137} INFO - [2023-01-31T10:32:38.549+0000] {dagbag.py:538} INFO - Filling up the DagBag from /home/airflow/.local/lib/python3.7/site-packages/airflow/example_dags/example_dag_decorator.py
[2023-01-31T10:32:38.563+0000] {logging_mixin.py:137} INFO - [2023-01-31T10:32:38.563+0000] {taskmixin.py:205} WARNING - Dependency <Task(_PythonDecoratedOperator): prepare_email>, send_email already registered for DAG: example_dag_decorator
[2023-01-31T10:32:38.564+0000] {logging_mixin.py:137} INFO - [2023-01-31T10:32:38.564+0000] {taskmixin.py:205} WARNING - Dependency <Task(EmailOperator): send_email>, prepare_email already registered for DAG: example_dag_decorator
[2023-01-31T10:32:38.576+0000] {processor.py:753} INFO - DAG(s) dict_keys(['example_dag_decorator']) retrieved from /home/airflow/.local/lib/python3.7/site-packages/airflow/example_dags/example_dag_decorator.py
[2023-01-31T10:32:38.655+0000] {logging_mixin.py:137} INFO - [2023-01-31T10:32:38.655+0000] {dag.py:2690} INFO - Sync 1 DAGs
[2023-01-31T10:32:38.671+0000] {logging_mixin.py:137} INFO - [2023-01-31T10:32:38.671+0000] {dag.py:3441} INFO - Setting next_dagrun for example_dag_decorator to None, run_after=None
[2023-01-31T10:32:38.703+0000] {processor.py:175} INFO - Processing /home/airflow/.local/lib/python3.7/site-packages/airflow/example_dags/example_dag_decorator.py took 0.160 seconds
[2023-01-31T10:33:09.346+0000] {processor.py:153} INFO - Started process (PID=2903) to work on /home/airflow/.local/lib/python3.7/site-packages/airflow/example_dags/example_dag_decorator.py
[2023-01-31T10:33:09.347+0000] {processor.py:743} INFO - Processing file /home/airflow/.local/lib/python3.7/site-packages/airflow/example_dags/example_dag_decorator.py for tasks to queue
[2023-01-31T10:33:09.348+0000] {logging_mixin.py:137} INFO - [2023-01-31T10:33:09.348+0000] {dagbag.py:538} INFO - Filling up the DagBag from /home/airflow/.local/lib/python3.7/site-packages/airflow/example_dags/example_dag_decorator.py
[2023-01-31T10:33:09.360+0000] {logging_mixin.py:137} INFO - [2023-01-31T10:33:09.360+0000] {taskmixin.py:205} WARNING - Dependency <Task(_PythonDecoratedOperator): prepare_email>, send_email already registered for DAG: example_dag_decorator
[2023-01-31T10:33:09.361+0000] {logging_mixin.py:137} INFO - [2023-01-31T10:33:09.361+0000] {taskmixin.py:205} WARNING - Dependency <Task(EmailOperator): send_email>, prepare_email already registered for DAG: example_dag_decorator
[2023-01-31T10:33:09.372+0000] {processor.py:753} INFO - DAG(s) dict_keys(['example_dag_decorator']) retrieved from /home/airflow/.local/lib/python3.7/site-packages/airflow/example_dags/example_dag_decorator.py
[2023-01-31T10:33:09.419+0000] {logging_mixin.py:137} INFO - [2023-01-31T10:33:09.419+0000] {dag.py:2690} INFO - Sync 1 DAGs
[2023-01-31T10:33:09.436+0000] {logging_mixin.py:137} INFO - [2023-01-31T10:33:09.436+0000] {dag.py:3441} INFO - Setting next_dagrun for example_dag_decorator to None, run_after=None
[2023-01-31T10:33:09.452+0000] {processor.py:175} INFO - Processing /home/airflow/.local/lib/python3.7/site-packages/airflow/example_dags/example_dag_decorator.py took 0.110 seconds
[2023-01-31T10:33:40.559+0000] {processor.py:153} INFO - Started process (PID=2982) to work on /home/airflow/.local/lib/python3.7/site-packages/airflow/example_dags/example_dag_decorator.py
[2023-01-31T10:33:40.562+0000] {processor.py:743} INFO - Processing file /home/airflow/.local/lib/python3.7/site-packages/airflow/example_dags/example_dag_decorator.py for tasks to queue
[2023-01-31T10:33:40.572+0000] {logging_mixin.py:137} INFO - [2023-01-31T10:33:40.572+0000] {dagbag.py:538} INFO - Filling up the DagBag from /home/airflow/.local/lib/python3.7/site-packages/airflow/example_dags/example_dag_decorator.py
[2023-01-31T10:33:40.597+0000] {logging_mixin.py:137} INFO - [2023-01-31T10:33:40.596+0000] {taskmixin.py:205} WARNING - Dependency <Task(_PythonDecoratedOperator): prepare_email>, send_email already registered for DAG: example_dag_decorator
[2023-01-31T10:33:40.599+0000] {logging_mixin.py:137} INFO - [2023-01-31T10:33:40.598+0000] {taskmixin.py:205} WARNING - Dependency <Task(EmailOperator): send_email>, prepare_email already registered for DAG: example_dag_decorator
[2023-01-31T10:33:40.637+0000] {processor.py:753} INFO - DAG(s) dict_keys(['example_dag_decorator']) retrieved from /home/airflow/.local/lib/python3.7/site-packages/airflow/example_dags/example_dag_decorator.py
[2023-01-31T10:33:40.730+0000] {logging_mixin.py:137} INFO - [2023-01-31T10:33:40.730+0000] {dag.py:2690} INFO - Sync 1 DAGs
[2023-01-31T10:33:40.760+0000] {logging_mixin.py:137} INFO - [2023-01-31T10:33:40.760+0000] {dag.py:3441} INFO - Setting next_dagrun for example_dag_decorator to None, run_after=None
[2023-01-31T10:33:40.790+0000] {processor.py:175} INFO - Processing /home/airflow/.local/lib/python3.7/site-packages/airflow/example_dags/example_dag_decorator.py took 0.238 seconds
[2023-01-31T10:34:11.240+0000] {processor.py:153} INFO - Started process (PID=3068) to work on /home/airflow/.local/lib/python3.7/site-packages/airflow/example_dags/example_dag_decorator.py
[2023-01-31T10:34:11.242+0000] {processor.py:743} INFO - Processing file /home/airflow/.local/lib/python3.7/site-packages/airflow/example_dags/example_dag_decorator.py for tasks to queue
[2023-01-31T10:34:11.243+0000] {logging_mixin.py:137} INFO - [2023-01-31T10:34:11.243+0000] {dagbag.py:538} INFO - Filling up the DagBag from /home/airflow/.local/lib/python3.7/site-packages/airflow/example_dags/example_dag_decorator.py
[2023-01-31T10:34:11.258+0000] {logging_mixin.py:137} INFO - [2023-01-31T10:34:11.258+0000] {taskmixin.py:205} WARNING - Dependency <Task(_PythonDecoratedOperator): prepare_email>, send_email already registered for DAG: example_dag_decorator
[2023-01-31T10:34:11.261+0000] {logging_mixin.py:137} INFO - [2023-01-31T10:34:11.261+0000] {taskmixin.py:205} WARNING - Dependency <Task(EmailOperator): send_email>, prepare_email already registered for DAG: example_dag_decorator
[2023-01-31T10:34:11.271+0000] {processor.py:753} INFO - DAG(s) dict_keys(['example_dag_decorator']) retrieved from /home/airflow/.local/lib/python3.7/site-packages/airflow/example_dags/example_dag_decorator.py
[2023-01-31T10:34:11.330+0000] {logging_mixin.py:137} INFO - [2023-01-31T10:34:11.329+0000] {dag.py:2690} INFO - Sync 1 DAGs
[2023-01-31T10:34:11.348+0000] {logging_mixin.py:137} INFO - [2023-01-31T10:34:11.348+0000] {dag.py:3441} INFO - Setting next_dagrun for example_dag_decorator to None, run_after=None
[2023-01-31T10:34:11.365+0000] {processor.py:175} INFO - Processing /home/airflow/.local/lib/python3.7/site-packages/airflow/example_dags/example_dag_decorator.py took 0.129 seconds
[2023-01-31T10:34:42.162+0000] {processor.py:153} INFO - Started process (PID=3156) to work on /home/airflow/.local/lib/python3.7/site-packages/airflow/example_dags/example_dag_decorator.py
[2023-01-31T10:34:42.165+0000] {processor.py:743} INFO - Processing file /home/airflow/.local/lib/python3.7/site-packages/airflow/example_dags/example_dag_decorator.py for tasks to queue
[2023-01-31T10:34:42.167+0000] {logging_mixin.py:137} INFO - [2023-01-31T10:34:42.167+0000] {dagbag.py:538} INFO - Filling up the DagBag from /home/airflow/.local/lib/python3.7/site-packages/airflow/example_dags/example_dag_decorator.py
[2023-01-31T10:34:42.193+0000] {logging_mixin.py:137} INFO - [2023-01-31T10:34:42.193+0000] {taskmixin.py:205} WARNING - Dependency <Task(_PythonDecoratedOperator): prepare_email>, send_email already registered for DAG: example_dag_decorator
[2023-01-31T10:34:42.197+0000] {logging_mixin.py:137} INFO - [2023-01-31T10:34:42.197+0000] {taskmixin.py:205} WARNING - Dependency <Task(EmailOperator): send_email>, prepare_email already registered for DAG: example_dag_decorator
[2023-01-31T10:34:42.210+0000] {processor.py:753} INFO - DAG(s) dict_keys(['example_dag_decorator']) retrieved from /home/airflow/.local/lib/python3.7/site-packages/airflow/example_dags/example_dag_decorator.py
[2023-01-31T10:34:42.302+0000] {logging_mixin.py:137} INFO - [2023-01-31T10:34:42.302+0000] {dag.py:2690} INFO - Sync 1 DAGs
[2023-01-31T10:34:42.321+0000] {logging_mixin.py:137} INFO - [2023-01-31T10:34:42.321+0000] {dag.py:3441} INFO - Setting next_dagrun for example_dag_decorator to None, run_after=None
[2023-01-31T10:34:42.338+0000] {processor.py:175} INFO - Processing /home/airflow/.local/lib/python3.7/site-packages/airflow/example_dags/example_dag_decorator.py took 0.179 seconds
[2023-01-31T10:35:12.477+0000] {processor.py:153} INFO - Started process (PID=3240) to work on /home/airflow/.local/lib/python3.7/site-packages/airflow/example_dags/example_dag_decorator.py
[2023-01-31T10:35:12.489+0000] {processor.py:743} INFO - Processing file /home/airflow/.local/lib/python3.7/site-packages/airflow/example_dags/example_dag_decorator.py for tasks to queue
[2023-01-31T10:35:12.504+0000] {logging_mixin.py:137} INFO - [2023-01-31T10:35:12.504+0000] {dagbag.py:538} INFO - Filling up the DagBag from /home/airflow/.local/lib/python3.7/site-packages/airflow/example_dags/example_dag_decorator.py
[2023-01-31T10:35:12.530+0000] {logging_mixin.py:137} INFO - [2023-01-31T10:35:12.530+0000] {taskmixin.py:205} WARNING - Dependency <Task(_PythonDecoratedOperator): prepare_email>, send_email already registered for DAG: example_dag_decorator
[2023-01-31T10:35:12.532+0000] {logging_mixin.py:137} INFO - [2023-01-31T10:35:12.532+0000] {taskmixin.py:205} WARNING - Dependency <Task(EmailOperator): send_email>, prepare_email already registered for DAG: example_dag_decorator
[2023-01-31T10:35:12.557+0000] {processor.py:753} INFO - DAG(s) dict_keys(['example_dag_decorator']) retrieved from /home/airflow/.local/lib/python3.7/site-packages/airflow/example_dags/example_dag_decorator.py
[2023-01-31T10:35:12.707+0000] {logging_mixin.py:137} INFO - [2023-01-31T10:35:12.707+0000] {dag.py:2690} INFO - Sync 1 DAGs
[2023-01-31T10:35:12.732+0000] {logging_mixin.py:137} INFO - [2023-01-31T10:35:12.732+0000] {dag.py:3441} INFO - Setting next_dagrun for example_dag_decorator to None, run_after=None
[2023-01-31T10:35:12.778+0000] {processor.py:175} INFO - Processing /home/airflow/.local/lib/python3.7/site-packages/airflow/example_dags/example_dag_decorator.py took 0.307 seconds
[2023-01-31T10:35:43.535+0000] {processor.py:153} INFO - Started process (PID=3319) to work on /home/airflow/.local/lib/python3.7/site-packages/airflow/example_dags/example_dag_decorator.py
[2023-01-31T10:35:43.539+0000] {processor.py:743} INFO - Processing file /home/airflow/.local/lib/python3.7/site-packages/airflow/example_dags/example_dag_decorator.py for tasks to queue
[2023-01-31T10:35:43.542+0000] {logging_mixin.py:137} INFO - [2023-01-31T10:35:43.542+0000] {dagbag.py:538} INFO - Filling up the DagBag from /home/airflow/.local/lib/python3.7/site-packages/airflow/example_dags/example_dag_decorator.py
[2023-01-31T10:35:43.570+0000] {logging_mixin.py:137} INFO - [2023-01-31T10:35:43.570+0000] {taskmixin.py:205} WARNING - Dependency <Task(_PythonDecoratedOperator): prepare_email>, send_email already registered for DAG: example_dag_decorator
[2023-01-31T10:35:43.574+0000] {logging_mixin.py:137} INFO - [2023-01-31T10:35:43.574+0000] {taskmixin.py:205} WARNING - Dependency <Task(EmailOperator): send_email>, prepare_email already registered for DAG: example_dag_decorator
[2023-01-31T10:35:43.598+0000] {processor.py:753} INFO - DAG(s) dict_keys(['example_dag_decorator']) retrieved from /home/airflow/.local/lib/python3.7/site-packages/airflow/example_dags/example_dag_decorator.py
[2023-01-31T10:35:43.730+0000] {logging_mixin.py:137} INFO - [2023-01-31T10:35:43.729+0000] {dag.py:2690} INFO - Sync 1 DAGs
[2023-01-31T10:35:43.766+0000] {logging_mixin.py:137} INFO - [2023-01-31T10:35:43.766+0000] {dag.py:3441} INFO - Setting next_dagrun for example_dag_decorator to None, run_after=None
[2023-01-31T10:35:43.794+0000] {processor.py:175} INFO - Processing /home/airflow/.local/lib/python3.7/site-packages/airflow/example_dags/example_dag_decorator.py took 0.266 seconds
[2023-01-31T10:36:15.219+0000] {processor.py:153} INFO - Started process (PID=3398) to work on /home/airflow/.local/lib/python3.7/site-packages/airflow/example_dags/example_dag_decorator.py
[2023-01-31T10:36:15.224+0000] {processor.py:743} INFO - Processing file /home/airflow/.local/lib/python3.7/site-packages/airflow/example_dags/example_dag_decorator.py for tasks to queue
[2023-01-31T10:36:15.227+0000] {logging_mixin.py:137} INFO - [2023-01-31T10:36:15.226+0000] {dagbag.py:538} INFO - Filling up the DagBag from /home/airflow/.local/lib/python3.7/site-packages/airflow/example_dags/example_dag_decorator.py
[2023-01-31T10:36:15.266+0000] {logging_mixin.py:137} INFO - [2023-01-31T10:36:15.266+0000] {taskmixin.py:205} WARNING - Dependency <Task(_PythonDecoratedOperator): prepare_email>, send_email already registered for DAG: example_dag_decorator
[2023-01-31T10:36:15.271+0000] {logging_mixin.py:137} INFO - [2023-01-31T10:36:15.270+0000] {taskmixin.py:205} WARNING - Dependency <Task(EmailOperator): send_email>, prepare_email already registered for DAG: example_dag_decorator
[2023-01-31T10:36:15.294+0000] {processor.py:753} INFO - DAG(s) dict_keys(['example_dag_decorator']) retrieved from /home/airflow/.local/lib/python3.7/site-packages/airflow/example_dags/example_dag_decorator.py
[2023-01-31T10:36:15.371+0000] {logging_mixin.py:137} INFO - [2023-01-31T10:36:15.371+0000] {dag.py:2690} INFO - Sync 1 DAGs
[2023-01-31T10:36:15.393+0000] {logging_mixin.py:137} INFO - [2023-01-31T10:36:15.392+0000] {dag.py:3441} INFO - Setting next_dagrun for example_dag_decorator to None, run_after=None
[2023-01-31T10:36:15.410+0000] {processor.py:175} INFO - Processing /home/airflow/.local/lib/python3.7/site-packages/airflow/example_dags/example_dag_decorator.py took 0.194 seconds
[2023-01-31T10:36:46.682+0000] {processor.py:153} INFO - Started process (PID=3481) to work on /home/airflow/.local/lib/python3.7/site-packages/airflow/example_dags/example_dag_decorator.py
[2023-01-31T10:36:46.684+0000] {processor.py:743} INFO - Processing file /home/airflow/.local/lib/python3.7/site-packages/airflow/example_dags/example_dag_decorator.py for tasks to queue
[2023-01-31T10:36:46.687+0000] {logging_mixin.py:137} INFO - [2023-01-31T10:36:46.687+0000] {dagbag.py:538} INFO - Filling up the DagBag from /home/airflow/.local/lib/python3.7/site-packages/airflow/example_dags/example_dag_decorator.py
[2023-01-31T10:36:46.719+0000] {logging_mixin.py:137} INFO - [2023-01-31T10:36:46.719+0000] {taskmixin.py:205} WARNING - Dependency <Task(_PythonDecoratedOperator): prepare_email>, send_email already registered for DAG: example_dag_decorator
[2023-01-31T10:36:46.721+0000] {logging_mixin.py:137} INFO - [2023-01-31T10:36:46.721+0000] {taskmixin.py:205} WARNING - Dependency <Task(EmailOperator): send_email>, prepare_email already registered for DAG: example_dag_decorator
[2023-01-31T10:36:46.750+0000] {processor.py:753} INFO - DAG(s) dict_keys(['example_dag_decorator']) retrieved from /home/airflow/.local/lib/python3.7/site-packages/airflow/example_dags/example_dag_decorator.py
[2023-01-31T10:36:46.891+0000] {logging_mixin.py:137} INFO - [2023-01-31T10:36:46.891+0000] {dag.py:2690} INFO - Sync 1 DAGs
[2023-01-31T10:36:46.928+0000] {logging_mixin.py:137} INFO - [2023-01-31T10:36:46.928+0000] {dag.py:3441} INFO - Setting next_dagrun for example_dag_decorator to None, run_after=None
[2023-01-31T10:36:46.960+0000] {processor.py:175} INFO - Processing /home/airflow/.local/lib/python3.7/site-packages/airflow/example_dags/example_dag_decorator.py took 0.282 seconds
[2023-01-31T10:37:20.258+0000] {processor.py:153} INFO - Started process (PID=3561) to work on /home/airflow/.local/lib/python3.7/site-packages/airflow/example_dags/example_dag_decorator.py
[2023-01-31T10:37:20.263+0000] {processor.py:743} INFO - Processing file /home/airflow/.local/lib/python3.7/site-packages/airflow/example_dags/example_dag_decorator.py for tasks to queue
[2023-01-31T10:37:20.269+0000] {logging_mixin.py:137} INFO - [2023-01-31T10:37:20.269+0000] {dagbag.py:538} INFO - Filling up the DagBag from /home/airflow/.local/lib/python3.7/site-packages/airflow/example_dags/example_dag_decorator.py
[2023-01-31T10:37:20.298+0000] {logging_mixin.py:137} INFO - [2023-01-31T10:37:20.298+0000] {taskmixin.py:205} WARNING - Dependency <Task(_PythonDecoratedOperator): prepare_email>, send_email already registered for DAG: example_dag_decorator
[2023-01-31T10:37:20.300+0000] {logging_mixin.py:137} INFO - [2023-01-31T10:37:20.300+0000] {taskmixin.py:205} WARNING - Dependency <Task(EmailOperator): send_email>, prepare_email already registered for DAG: example_dag_decorator
[2023-01-31T10:37:20.342+0000] {processor.py:753} INFO - DAG(s) dict_keys(['example_dag_decorator']) retrieved from /home/airflow/.local/lib/python3.7/site-packages/airflow/example_dags/example_dag_decorator.py
[2023-01-31T10:37:20.426+0000] {logging_mixin.py:137} INFO - [2023-01-31T10:37:20.425+0000] {dag.py:2690} INFO - Sync 1 DAGs
[2023-01-31T10:37:20.450+0000] {logging_mixin.py:137} INFO - [2023-01-31T10:37:20.450+0000] {dag.py:3441} INFO - Setting next_dagrun for example_dag_decorator to None, run_after=None
[2023-01-31T10:37:20.478+0000] {processor.py:175} INFO - Processing /home/airflow/.local/lib/python3.7/site-packages/airflow/example_dags/example_dag_decorator.py took 0.224 seconds
[2023-01-31T10:37:52.520+0000] {processor.py:153} INFO - Started process (PID=3656) to work on /home/airflow/.local/lib/python3.7/site-packages/airflow/example_dags/example_dag_decorator.py
[2023-01-31T10:37:52.524+0000] {processor.py:743} INFO - Processing file /home/airflow/.local/lib/python3.7/site-packages/airflow/example_dags/example_dag_decorator.py for tasks to queue
[2023-01-31T10:37:52.528+0000] {logging_mixin.py:137} INFO - [2023-01-31T10:37:52.528+0000] {dagbag.py:538} INFO - Filling up the DagBag from /home/airflow/.local/lib/python3.7/site-packages/airflow/example_dags/example_dag_decorator.py
[2023-01-31T10:37:52.578+0000] {logging_mixin.py:137} INFO - [2023-01-31T10:37:52.574+0000] {taskmixin.py:205} WARNING - Dependency <Task(_PythonDecoratedOperator): prepare_email>, send_email already registered for DAG: example_dag_decorator
[2023-01-31T10:37:52.580+0000] {logging_mixin.py:137} INFO - [2023-01-31T10:37:52.580+0000] {taskmixin.py:205} WARNING - Dependency <Task(EmailOperator): send_email>, prepare_email already registered for DAG: example_dag_decorator
[2023-01-31T10:37:52.641+0000] {processor.py:753} INFO - DAG(s) dict_keys(['example_dag_decorator']) retrieved from /home/airflow/.local/lib/python3.7/site-packages/airflow/example_dags/example_dag_decorator.py
[2023-01-31T10:37:52.841+0000] {logging_mixin.py:137} INFO - [2023-01-31T10:37:52.840+0000] {dag.py:2690} INFO - Sync 1 DAGs
[2023-01-31T10:37:52.880+0000] {logging_mixin.py:137} INFO - [2023-01-31T10:37:52.880+0000] {dag.py:3441} INFO - Setting next_dagrun for example_dag_decorator to None, run_after=None
[2023-01-31T10:37:52.903+0000] {processor.py:175} INFO - Processing /home/airflow/.local/lib/python3.7/site-packages/airflow/example_dags/example_dag_decorator.py took 0.389 seconds
[2023-01-31T10:38:23.763+0000] {processor.py:153} INFO - Started process (PID=3735) to work on /home/airflow/.local/lib/python3.7/site-packages/airflow/example_dags/example_dag_decorator.py
[2023-01-31T10:38:23.770+0000] {processor.py:743} INFO - Processing file /home/airflow/.local/lib/python3.7/site-packages/airflow/example_dags/example_dag_decorator.py for tasks to queue
[2023-01-31T10:38:23.775+0000] {logging_mixin.py:137} INFO - [2023-01-31T10:38:23.775+0000] {dagbag.py:538} INFO - Filling up the DagBag from /home/airflow/.local/lib/python3.7/site-packages/airflow/example_dags/example_dag_decorator.py
[2023-01-31T10:38:23.806+0000] {logging_mixin.py:137} INFO - [2023-01-31T10:38:23.806+0000] {taskmixin.py:205} WARNING - Dependency <Task(_PythonDecoratedOperator): prepare_email>, send_email already registered for DAG: example_dag_decorator
[2023-01-31T10:38:23.808+0000] {logging_mixin.py:137} INFO - [2023-01-31T10:38:23.807+0000] {taskmixin.py:205} WARNING - Dependency <Task(EmailOperator): send_email>, prepare_email already registered for DAG: example_dag_decorator
[2023-01-31T10:38:23.908+0000] {processor.py:753} INFO - DAG(s) dict_keys(['example_dag_decorator']) retrieved from /home/airflow/.local/lib/python3.7/site-packages/airflow/example_dags/example_dag_decorator.py
[2023-01-31T10:38:24.028+0000] {logging_mixin.py:137} INFO - [2023-01-31T10:38:24.028+0000] {dag.py:2690} INFO - Sync 1 DAGs
[2023-01-31T10:38:24.059+0000] {logging_mixin.py:137} INFO - [2023-01-31T10:38:24.059+0000] {dag.py:3441} INFO - Setting next_dagrun for example_dag_decorator to None, run_after=None
[2023-01-31T10:38:24.105+0000] {processor.py:175} INFO - Processing /home/airflow/.local/lib/python3.7/site-packages/airflow/example_dags/example_dag_decorator.py took 0.351 seconds
[2023-01-31T10:38:54.236+0000] {processor.py:153} INFO - Started process (PID=3819) to work on /home/airflow/.local/lib/python3.7/site-packages/airflow/example_dags/example_dag_decorator.py
[2023-01-31T10:38:54.240+0000] {processor.py:743} INFO - Processing file /home/airflow/.local/lib/python3.7/site-packages/airflow/example_dags/example_dag_decorator.py for tasks to queue
[2023-01-31T10:38:54.243+0000] {logging_mixin.py:137} INFO - [2023-01-31T10:38:54.243+0000] {dagbag.py:538} INFO - Filling up the DagBag from /home/airflow/.local/lib/python3.7/site-packages/airflow/example_dags/example_dag_decorator.py
[2023-01-31T10:38:54.279+0000] {logging_mixin.py:137} INFO - [2023-01-31T10:38:54.279+0000] {taskmixin.py:205} WARNING - Dependency <Task(_PythonDecoratedOperator): prepare_email>, send_email already registered for DAG: example_dag_decorator
[2023-01-31T10:38:54.281+0000] {logging_mixin.py:137} INFO - [2023-01-31T10:38:54.281+0000] {taskmixin.py:205} WARNING - Dependency <Task(EmailOperator): send_email>, prepare_email already registered for DAG: example_dag_decorator
[2023-01-31T10:38:54.295+0000] {processor.py:753} INFO - DAG(s) dict_keys(['example_dag_decorator']) retrieved from /home/airflow/.local/lib/python3.7/site-packages/airflow/example_dags/example_dag_decorator.py
[2023-01-31T10:38:54.348+0000] {logging_mixin.py:137} INFO - [2023-01-31T10:38:54.348+0000] {dag.py:2690} INFO - Sync 1 DAGs
[2023-01-31T10:38:54.363+0000] {logging_mixin.py:137} INFO - [2023-01-31T10:38:54.363+0000] {dag.py:3441} INFO - Setting next_dagrun for example_dag_decorator to None, run_after=None
[2023-01-31T10:38:54.381+0000] {processor.py:175} INFO - Processing /home/airflow/.local/lib/python3.7/site-packages/airflow/example_dags/example_dag_decorator.py took 0.151 seconds
[2023-01-31T10:39:24.856+0000] {processor.py:153} INFO - Started process (PID=3896) to work on /home/airflow/.local/lib/python3.7/site-packages/airflow/example_dags/example_dag_decorator.py
[2023-01-31T10:39:24.858+0000] {processor.py:743} INFO - Processing file /home/airflow/.local/lib/python3.7/site-packages/airflow/example_dags/example_dag_decorator.py for tasks to queue
[2023-01-31T10:39:24.860+0000] {logging_mixin.py:137} INFO - [2023-01-31T10:39:24.860+0000] {dagbag.py:538} INFO - Filling up the DagBag from /home/airflow/.local/lib/python3.7/site-packages/airflow/example_dags/example_dag_decorator.py
[2023-01-31T10:39:24.880+0000] {logging_mixin.py:137} INFO - [2023-01-31T10:39:24.880+0000] {taskmixin.py:205} WARNING - Dependency <Task(_PythonDecoratedOperator): prepare_email>, send_email already registered for DAG: example_dag_decorator
[2023-01-31T10:39:24.881+0000] {logging_mixin.py:137} INFO - [2023-01-31T10:39:24.881+0000] {taskmixin.py:205} WARNING - Dependency <Task(EmailOperator): send_email>, prepare_email already registered for DAG: example_dag_decorator
[2023-01-31T10:39:24.894+0000] {processor.py:753} INFO - DAG(s) dict_keys(['example_dag_decorator']) retrieved from /home/airflow/.local/lib/python3.7/site-packages/airflow/example_dags/example_dag_decorator.py
[2023-01-31T10:39:24.952+0000] {logging_mixin.py:137} INFO - [2023-01-31T10:39:24.952+0000] {dag.py:2690} INFO - Sync 1 DAGs
[2023-01-31T10:39:24.971+0000] {logging_mixin.py:137} INFO - [2023-01-31T10:39:24.971+0000] {dag.py:3441} INFO - Setting next_dagrun for example_dag_decorator to None, run_after=None
[2023-01-31T10:39:24.988+0000] {processor.py:175} INFO - Processing /home/airflow/.local/lib/python3.7/site-packages/airflow/example_dags/example_dag_decorator.py took 0.136 seconds
[2023-01-31T10:39:55.139+0000] {processor.py:153} INFO - Started process (PID=3975) to work on /home/airflow/.local/lib/python3.7/site-packages/airflow/example_dags/example_dag_decorator.py
[2023-01-31T10:39:55.143+0000] {processor.py:743} INFO - Processing file /home/airflow/.local/lib/python3.7/site-packages/airflow/example_dags/example_dag_decorator.py for tasks to queue
[2023-01-31T10:39:55.145+0000] {logging_mixin.py:137} INFO - [2023-01-31T10:39:55.145+0000] {dagbag.py:538} INFO - Filling up the DagBag from /home/airflow/.local/lib/python3.7/site-packages/airflow/example_dags/example_dag_decorator.py
[2023-01-31T10:39:55.169+0000] {logging_mixin.py:137} INFO - [2023-01-31T10:39:55.169+0000] {taskmixin.py:205} WARNING - Dependency <Task(_PythonDecoratedOperator): prepare_email>, send_email already registered for DAG: example_dag_decorator
[2023-01-31T10:39:55.171+0000] {logging_mixin.py:137} INFO - [2023-01-31T10:39:55.170+0000] {taskmixin.py:205} WARNING - Dependency <Task(EmailOperator): send_email>, prepare_email already registered for DAG: example_dag_decorator
[2023-01-31T10:39:55.196+0000] {processor.py:753} INFO - DAG(s) dict_keys(['example_dag_decorator']) retrieved from /home/airflow/.local/lib/python3.7/site-packages/airflow/example_dags/example_dag_decorator.py
[2023-01-31T10:39:55.283+0000] {logging_mixin.py:137} INFO - [2023-01-31T10:39:55.283+0000] {dag.py:2690} INFO - Sync 1 DAGs
[2023-01-31T10:39:55.318+0000] {logging_mixin.py:137} INFO - [2023-01-31T10:39:55.318+0000] {dag.py:3441} INFO - Setting next_dagrun for example_dag_decorator to None, run_after=None
[2023-01-31T10:39:55.365+0000] {processor.py:175} INFO - Processing /home/airflow/.local/lib/python3.7/site-packages/airflow/example_dags/example_dag_decorator.py took 0.233 seconds
[2023-01-31T10:40:25.396+0000] {processor.py:153} INFO - Started process (PID=4055) to work on /home/airflow/.local/lib/python3.7/site-packages/airflow/example_dags/example_dag_decorator.py
[2023-01-31T10:40:25.398+0000] {processor.py:743} INFO - Processing file /home/airflow/.local/lib/python3.7/site-packages/airflow/example_dags/example_dag_decorator.py for tasks to queue
[2023-01-31T10:40:25.400+0000] {logging_mixin.py:137} INFO - [2023-01-31T10:40:25.400+0000] {dagbag.py:538} INFO - Filling up the DagBag from /home/airflow/.local/lib/python3.7/site-packages/airflow/example_dags/example_dag_decorator.py
[2023-01-31T10:40:25.415+0000] {logging_mixin.py:137} INFO - [2023-01-31T10:40:25.415+0000] {taskmixin.py:205} WARNING - Dependency <Task(_PythonDecoratedOperator): prepare_email>, send_email already registered for DAG: example_dag_decorator
[2023-01-31T10:40:25.416+0000] {logging_mixin.py:137} INFO - [2023-01-31T10:40:25.416+0000] {taskmixin.py:205} WARNING - Dependency <Task(EmailOperator): send_email>, prepare_email already registered for DAG: example_dag_decorator
[2023-01-31T10:40:25.429+0000] {processor.py:753} INFO - DAG(s) dict_keys(['example_dag_decorator']) retrieved from /home/airflow/.local/lib/python3.7/site-packages/airflow/example_dags/example_dag_decorator.py
[2023-01-31T10:40:25.488+0000] {logging_mixin.py:137} INFO - [2023-01-31T10:40:25.488+0000] {dag.py:2690} INFO - Sync 1 DAGs
[2023-01-31T10:40:25.507+0000] {logging_mixin.py:137} INFO - [2023-01-31T10:40:25.507+0000] {dag.py:3441} INFO - Setting next_dagrun for example_dag_decorator to None, run_after=None
[2023-01-31T10:40:25.524+0000] {processor.py:175} INFO - Processing /home/airflow/.local/lib/python3.7/site-packages/airflow/example_dags/example_dag_decorator.py took 0.131 seconds
[2023-01-31T10:40:56.380+0000] {processor.py:153} INFO - Started process (PID=4132) to work on /home/airflow/.local/lib/python3.7/site-packages/airflow/example_dags/example_dag_decorator.py
[2023-01-31T10:40:56.399+0000] {processor.py:743} INFO - Processing file /home/airflow/.local/lib/python3.7/site-packages/airflow/example_dags/example_dag_decorator.py for tasks to queue
[2023-01-31T10:40:56.420+0000] {logging_mixin.py:137} INFO - [2023-01-31T10:40:56.420+0000] {dagbag.py:538} INFO - Filling up the DagBag from /home/airflow/.local/lib/python3.7/site-packages/airflow/example_dags/example_dag_decorator.py
[2023-01-31T10:40:56.505+0000] {logging_mixin.py:137} INFO - [2023-01-31T10:40:56.505+0000] {taskmixin.py:205} WARNING - Dependency <Task(_PythonDecoratedOperator): prepare_email>, send_email already registered for DAG: example_dag_decorator
[2023-01-31T10:40:56.509+0000] {logging_mixin.py:137} INFO - [2023-01-31T10:40:56.509+0000] {taskmixin.py:205} WARNING - Dependency <Task(EmailOperator): send_email>, prepare_email already registered for DAG: example_dag_decorator
[2023-01-31T10:40:56.555+0000] {processor.py:753} INFO - DAG(s) dict_keys(['example_dag_decorator']) retrieved from /home/airflow/.local/lib/python3.7/site-packages/airflow/example_dags/example_dag_decorator.py
[2023-01-31T10:40:56.827+0000] {logging_mixin.py:137} INFO - [2023-01-31T10:40:56.826+0000] {dag.py:2690} INFO - Sync 1 DAGs
[2023-01-31T10:40:56.888+0000] {logging_mixin.py:137} INFO - [2023-01-31T10:40:56.888+0000] {dag.py:3441} INFO - Setting next_dagrun for example_dag_decorator to None, run_after=None
[2023-01-31T10:40:56.952+0000] {processor.py:175} INFO - Processing /home/airflow/.local/lib/python3.7/site-packages/airflow/example_dags/example_dag_decorator.py took 0.597 seconds
[2023-01-31T10:41:27.391+0000] {processor.py:153} INFO - Started process (PID=4211) to work on /home/airflow/.local/lib/python3.7/site-packages/airflow/example_dags/example_dag_decorator.py
[2023-01-31T10:41:27.393+0000] {processor.py:743} INFO - Processing file /home/airflow/.local/lib/python3.7/site-packages/airflow/example_dags/example_dag_decorator.py for tasks to queue
[2023-01-31T10:41:27.394+0000] {logging_mixin.py:137} INFO - [2023-01-31T10:41:27.394+0000] {dagbag.py:538} INFO - Filling up the DagBag from /home/airflow/.local/lib/python3.7/site-packages/airflow/example_dags/example_dag_decorator.py
[2023-01-31T10:41:27.409+0000] {logging_mixin.py:137} INFO - [2023-01-31T10:41:27.408+0000] {taskmixin.py:205} WARNING - Dependency <Task(_PythonDecoratedOperator): prepare_email>, send_email already registered for DAG: example_dag_decorator
[2023-01-31T10:41:27.410+0000] {logging_mixin.py:137} INFO - [2023-01-31T10:41:27.410+0000] {taskmixin.py:205} WARNING - Dependency <Task(EmailOperator): send_email>, prepare_email already registered for DAG: example_dag_decorator
[2023-01-31T10:41:27.424+0000] {processor.py:753} INFO - DAG(s) dict_keys(['example_dag_decorator']) retrieved from /home/airflow/.local/lib/python3.7/site-packages/airflow/example_dags/example_dag_decorator.py
[2023-01-31T10:41:27.485+0000] {logging_mixin.py:137} INFO - [2023-01-31T10:41:27.485+0000] {dag.py:2690} INFO - Sync 1 DAGs
[2023-01-31T10:41:27.505+0000] {logging_mixin.py:137} INFO - [2023-01-31T10:41:27.505+0000] {dag.py:3441} INFO - Setting next_dagrun for example_dag_decorator to None, run_after=None
[2023-01-31T10:41:27.524+0000] {processor.py:175} INFO - Processing /home/airflow/.local/lib/python3.7/site-packages/airflow/example_dags/example_dag_decorator.py took 0.136 seconds
[2023-01-31T10:42:02.159+0000] {processor.py:153} INFO - Started process (PID=4307) to work on /home/airflow/.local/lib/python3.7/site-packages/airflow/example_dags/example_dag_decorator.py
[2023-01-31T10:42:02.177+0000] {processor.py:743} INFO - Processing file /home/airflow/.local/lib/python3.7/site-packages/airflow/example_dags/example_dag_decorator.py for tasks to queue
[2023-01-31T10:42:02.181+0000] {logging_mixin.py:137} INFO - [2023-01-31T10:42:02.181+0000] {dagbag.py:538} INFO - Filling up the DagBag from /home/airflow/.local/lib/python3.7/site-packages/airflow/example_dags/example_dag_decorator.py
[2023-01-31T10:42:02.214+0000] {logging_mixin.py:137} INFO - [2023-01-31T10:42:02.214+0000] {taskmixin.py:205} WARNING - Dependency <Task(_PythonDecoratedOperator): prepare_email>, send_email already registered for DAG: example_dag_decorator
[2023-01-31T10:42:02.215+0000] {logging_mixin.py:137} INFO - [2023-01-31T10:42:02.215+0000] {taskmixin.py:205} WARNING - Dependency <Task(EmailOperator): send_email>, prepare_email already registered for DAG: example_dag_decorator
[2023-01-31T10:42:02.242+0000] {processor.py:753} INFO - DAG(s) dict_keys(['example_dag_decorator']) retrieved from /home/airflow/.local/lib/python3.7/site-packages/airflow/example_dags/example_dag_decorator.py
[2023-01-31T10:42:02.354+0000] {logging_mixin.py:137} INFO - [2023-01-31T10:42:02.354+0000] {dag.py:2690} INFO - Sync 1 DAGs
[2023-01-31T10:42:02.375+0000] {logging_mixin.py:137} INFO - [2023-01-31T10:42:02.375+0000] {dag.py:3441} INFO - Setting next_dagrun for example_dag_decorator to None, run_after=None
[2023-01-31T10:42:02.407+0000] {processor.py:175} INFO - Processing /home/airflow/.local/lib/python3.7/site-packages/airflow/example_dags/example_dag_decorator.py took 0.257 seconds
[2023-01-31T10:42:35.797+0000] {processor.py:153} INFO - Started process (PID=4387) to work on /home/airflow/.local/lib/python3.7/site-packages/airflow/example_dags/example_dag_decorator.py
[2023-01-31T10:42:35.808+0000] {processor.py:743} INFO - Processing file /home/airflow/.local/lib/python3.7/site-packages/airflow/example_dags/example_dag_decorator.py for tasks to queue
[2023-01-31T10:42:35.832+0000] {logging_mixin.py:137} INFO - [2023-01-31T10:42:35.832+0000] {dagbag.py:538} INFO - Filling up the DagBag from /home/airflow/.local/lib/python3.7/site-packages/airflow/example_dags/example_dag_decorator.py
[2023-01-31T10:42:35.899+0000] {logging_mixin.py:137} INFO - [2023-01-31T10:42:35.899+0000] {taskmixin.py:205} WARNING - Dependency <Task(_PythonDecoratedOperator): prepare_email>, send_email already registered for DAG: example_dag_decorator
[2023-01-31T10:42:35.906+0000] {logging_mixin.py:137} INFO - [2023-01-31T10:42:35.905+0000] {taskmixin.py:205} WARNING - Dependency <Task(EmailOperator): send_email>, prepare_email already registered for DAG: example_dag_decorator
[2023-01-31T10:42:35.918+0000] {processor.py:753} INFO - DAG(s) dict_keys(['example_dag_decorator']) retrieved from /home/airflow/.local/lib/python3.7/site-packages/airflow/example_dags/example_dag_decorator.py
[2023-01-31T10:42:36.006+0000] {logging_mixin.py:137} INFO - [2023-01-31T10:42:36.006+0000] {dag.py:2690} INFO - Sync 1 DAGs
[2023-01-31T10:42:36.039+0000] {logging_mixin.py:137} INFO - [2023-01-31T10:42:36.039+0000] {dag.py:3441} INFO - Setting next_dagrun for example_dag_decorator to None, run_after=None
[2023-01-31T10:42:36.073+0000] {processor.py:175} INFO - Processing /home/airflow/.local/lib/python3.7/site-packages/airflow/example_dags/example_dag_decorator.py took 0.283 seconds
[2023-01-31T10:43:08.909+0000] {processor.py:153} INFO - Started process (PID=4480) to work on /home/airflow/.local/lib/python3.7/site-packages/airflow/example_dags/example_dag_decorator.py
[2023-01-31T10:43:08.949+0000] {processor.py:743} INFO - Processing file /home/airflow/.local/lib/python3.7/site-packages/airflow/example_dags/example_dag_decorator.py for tasks to queue
[2023-01-31T10:43:08.968+0000] {logging_mixin.py:137} INFO - [2023-01-31T10:43:08.967+0000] {dagbag.py:538} INFO - Filling up the DagBag from /home/airflow/.local/lib/python3.7/site-packages/airflow/example_dags/example_dag_decorator.py
[2023-01-31T10:43:09.058+0000] {logging_mixin.py:137} INFO - [2023-01-31T10:43:09.058+0000] {taskmixin.py:205} WARNING - Dependency <Task(_PythonDecoratedOperator): prepare_email>, send_email already registered for DAG: example_dag_decorator
[2023-01-31T10:43:09.060+0000] {logging_mixin.py:137} INFO - [2023-01-31T10:43:09.060+0000] {taskmixin.py:205} WARNING - Dependency <Task(EmailOperator): send_email>, prepare_email already registered for DAG: example_dag_decorator
[2023-01-31T10:43:09.077+0000] {processor.py:753} INFO - DAG(s) dict_keys(['example_dag_decorator']) retrieved from /home/airflow/.local/lib/python3.7/site-packages/airflow/example_dags/example_dag_decorator.py
[2023-01-31T10:43:11.090+0000] {logging_mixin.py:137} INFO - [2023-01-31T10:43:11.089+0000] {dag.py:2690} INFO - Sync 1 DAGs
[2023-01-31T10:43:11.291+0000] {logging_mixin.py:137} INFO - [2023-01-31T10:43:11.291+0000] {dag.py:3441} INFO - Setting next_dagrun for example_dag_decorator to None, run_after=None
[2023-01-31T10:43:11.364+0000] {processor.py:175} INFO - Processing /home/airflow/.local/lib/python3.7/site-packages/airflow/example_dags/example_dag_decorator.py took 2.461 seconds
[2023-01-31T10:43:42.274+0000] {processor.py:153} INFO - Started process (PID=4565) to work on /home/airflow/.local/lib/python3.7/site-packages/airflow/example_dags/example_dag_decorator.py
[2023-01-31T10:43:42.280+0000] {processor.py:743} INFO - Processing file /home/airflow/.local/lib/python3.7/site-packages/airflow/example_dags/example_dag_decorator.py for tasks to queue
[2023-01-31T10:43:42.282+0000] {logging_mixin.py:137} INFO - [2023-01-31T10:43:42.282+0000] {dagbag.py:538} INFO - Filling up the DagBag from /home/airflow/.local/lib/python3.7/site-packages/airflow/example_dags/example_dag_decorator.py
[2023-01-31T10:43:42.326+0000] {logging_mixin.py:137} INFO - [2023-01-31T10:43:42.326+0000] {taskmixin.py:205} WARNING - Dependency <Task(_PythonDecoratedOperator): prepare_email>, send_email already registered for DAG: example_dag_decorator
[2023-01-31T10:43:42.332+0000] {logging_mixin.py:137} INFO - [2023-01-31T10:43:42.332+0000] {taskmixin.py:205} WARNING - Dependency <Task(EmailOperator): send_email>, prepare_email already registered for DAG: example_dag_decorator
[2023-01-31T10:43:42.377+0000] {processor.py:753} INFO - DAG(s) dict_keys(['example_dag_decorator']) retrieved from /home/airflow/.local/lib/python3.7/site-packages/airflow/example_dags/example_dag_decorator.py
[2023-01-31T10:43:42.500+0000] {logging_mixin.py:137} INFO - [2023-01-31T10:43:42.500+0000] {dag.py:2690} INFO - Sync 1 DAGs
[2023-01-31T10:43:42.521+0000] {logging_mixin.py:137} INFO - [2023-01-31T10:43:42.521+0000] {dag.py:3441} INFO - Setting next_dagrun for example_dag_decorator to None, run_after=None
[2023-01-31T10:43:42.539+0000] {processor.py:175} INFO - Processing /home/airflow/.local/lib/python3.7/site-packages/airflow/example_dags/example_dag_decorator.py took 0.273 seconds
