[2023-01-31T10:15:35.531+0000] {processor.py:153} INFO - Started process (PID=93) to work on /home/airflow/.local/lib/python3.7/site-packages/airflow/example_dags/example_branch_labels.py
[2023-01-31T10:15:35.534+0000] {processor.py:743} INFO - Processing file /home/airflow/.local/lib/python3.7/site-packages/airflow/example_dags/example_branch_labels.py for tasks to queue
[2023-01-31T10:15:35.538+0000] {logging_mixin.py:137} INFO - [2023-01-31T10:15:35.537+0000] {dagbag.py:538} INFO - Filling up the DagBag from /home/airflow/.local/lib/python3.7/site-packages/airflow/example_dags/example_branch_labels.py
[2023-01-31T10:15:35.552+0000] {processor.py:753} INFO - DAG(s) dict_keys(['example_branch_labels']) retrieved from /home/airflow/.local/lib/python3.7/site-packages/airflow/example_dags/example_branch_labels.py
[2023-01-31T10:15:35.688+0000] {logging_mixin.py:137} INFO - [2023-01-31T10:15:35.688+0000] {dag.py:2690} INFO - Sync 1 DAGs
[2023-01-31T10:15:35.834+0000] {logging_mixin.py:137} INFO - [2023-01-31T10:15:35.833+0000] {dag.py:3441} INFO - Setting next_dagrun for example_branch_labels to 2023-01-30T00:00:00+00:00, run_after=2023-01-31T00:00:00+00:00
[2023-01-31T10:15:35.953+0000] {processor.py:175} INFO - Processing /home/airflow/.local/lib/python3.7/site-packages/airflow/example_dags/example_branch_labels.py took 0.426 seconds
[2023-01-31T10:16:06.169+0000] {processor.py:153} INFO - Started process (PID=176) to work on /home/airflow/.local/lib/python3.7/site-packages/airflow/example_dags/example_branch_labels.py
[2023-01-31T10:16:06.172+0000] {processor.py:743} INFO - Processing file /home/airflow/.local/lib/python3.7/site-packages/airflow/example_dags/example_branch_labels.py for tasks to queue
[2023-01-31T10:16:06.173+0000] {logging_mixin.py:137} INFO - [2023-01-31T10:16:06.173+0000] {dagbag.py:538} INFO - Filling up the DagBag from /home/airflow/.local/lib/python3.7/site-packages/airflow/example_dags/example_branch_labels.py
[2023-01-31T10:16:06.187+0000] {processor.py:753} INFO - DAG(s) dict_keys(['example_branch_labels']) retrieved from /home/airflow/.local/lib/python3.7/site-packages/airflow/example_dags/example_branch_labels.py
[2023-01-31T10:16:06.220+0000] {logging_mixin.py:137} INFO - [2023-01-31T10:16:06.220+0000] {dag.py:2690} INFO - Sync 1 DAGs
[2023-01-31T10:16:06.241+0000] {logging_mixin.py:137} INFO - [2023-01-31T10:16:06.241+0000] {dag.py:3441} INFO - Setting next_dagrun for example_branch_labels to 2023-01-30T00:00:00+00:00, run_after=2023-01-31T00:00:00+00:00
[2023-01-31T10:16:06.256+0000] {processor.py:175} INFO - Processing /home/airflow/.local/lib/python3.7/site-packages/airflow/example_dags/example_branch_labels.py took 0.091 seconds
[2023-01-31T10:16:36.544+0000] {processor.py:153} INFO - Started process (PID=271) to work on /home/airflow/.local/lib/python3.7/site-packages/airflow/example_dags/example_branch_labels.py
[2023-01-31T10:16:36.547+0000] {processor.py:743} INFO - Processing file /home/airflow/.local/lib/python3.7/site-packages/airflow/example_dags/example_branch_labels.py for tasks to queue
[2023-01-31T10:16:36.548+0000] {logging_mixin.py:137} INFO - [2023-01-31T10:16:36.548+0000] {dagbag.py:538} INFO - Filling up the DagBag from /home/airflow/.local/lib/python3.7/site-packages/airflow/example_dags/example_branch_labels.py
[2023-01-31T10:16:36.563+0000] {processor.py:753} INFO - DAG(s) dict_keys(['example_branch_labels']) retrieved from /home/airflow/.local/lib/python3.7/site-packages/airflow/example_dags/example_branch_labels.py
[2023-01-31T10:16:36.586+0000] {logging_mixin.py:137} INFO - [2023-01-31T10:16:36.586+0000] {dag.py:2690} INFO - Sync 1 DAGs
[2023-01-31T10:16:36.612+0000] {logging_mixin.py:137} INFO - [2023-01-31T10:16:36.612+0000] {dag.py:3441} INFO - Setting next_dagrun for example_branch_labels to 2023-01-30T00:00:00+00:00, run_after=2023-01-31T00:00:00+00:00
[2023-01-31T10:16:36.628+0000] {processor.py:175} INFO - Processing /home/airflow/.local/lib/python3.7/site-packages/airflow/example_dags/example_branch_labels.py took 0.087 seconds
[2023-01-31T10:17:07.690+0000] {processor.py:153} INFO - Started process (PID=350) to work on /home/airflow/.local/lib/python3.7/site-packages/airflow/example_dags/example_branch_labels.py
[2023-01-31T10:17:07.692+0000] {processor.py:743} INFO - Processing file /home/airflow/.local/lib/python3.7/site-packages/airflow/example_dags/example_branch_labels.py for tasks to queue
[2023-01-31T10:17:07.693+0000] {logging_mixin.py:137} INFO - [2023-01-31T10:17:07.693+0000] {dagbag.py:538} INFO - Filling up the DagBag from /home/airflow/.local/lib/python3.7/site-packages/airflow/example_dags/example_branch_labels.py
[2023-01-31T10:17:07.706+0000] {processor.py:753} INFO - DAG(s) dict_keys(['example_branch_labels']) retrieved from /home/airflow/.local/lib/python3.7/site-packages/airflow/example_dags/example_branch_labels.py
[2023-01-31T10:17:07.732+0000] {logging_mixin.py:137} INFO - [2023-01-31T10:17:07.732+0000] {dag.py:2690} INFO - Sync 1 DAGs
[2023-01-31T10:17:07.749+0000] {logging_mixin.py:137} INFO - [2023-01-31T10:17:07.749+0000] {dag.py:3441} INFO - Setting next_dagrun for example_branch_labels to 2023-01-30T00:00:00+00:00, run_after=2023-01-31T00:00:00+00:00
[2023-01-31T10:17:07.763+0000] {processor.py:175} INFO - Processing /home/airflow/.local/lib/python3.7/site-packages/airflow/example_dags/example_branch_labels.py took 0.075 seconds
[2023-01-31T10:17:38.416+0000] {processor.py:153} INFO - Started process (PID=428) to work on /home/airflow/.local/lib/python3.7/site-packages/airflow/example_dags/example_branch_labels.py
[2023-01-31T10:17:38.417+0000] {processor.py:743} INFO - Processing file /home/airflow/.local/lib/python3.7/site-packages/airflow/example_dags/example_branch_labels.py for tasks to queue
[2023-01-31T10:17:38.418+0000] {logging_mixin.py:137} INFO - [2023-01-31T10:17:38.418+0000] {dagbag.py:538} INFO - Filling up the DagBag from /home/airflow/.local/lib/python3.7/site-packages/airflow/example_dags/example_branch_labels.py
[2023-01-31T10:17:38.430+0000] {processor.py:753} INFO - DAG(s) dict_keys(['example_branch_labels']) retrieved from /home/airflow/.local/lib/python3.7/site-packages/airflow/example_dags/example_branch_labels.py
[2023-01-31T10:17:38.452+0000] {logging_mixin.py:137} INFO - [2023-01-31T10:17:38.452+0000] {dag.py:2690} INFO - Sync 1 DAGs
[2023-01-31T10:17:38.474+0000] {logging_mixin.py:137} INFO - [2023-01-31T10:17:38.474+0000] {dag.py:3441} INFO - Setting next_dagrun for example_branch_labels to 2023-01-30T00:00:00+00:00, run_after=2023-01-31T00:00:00+00:00
[2023-01-31T10:17:38.498+0000] {processor.py:175} INFO - Processing /home/airflow/.local/lib/python3.7/site-packages/airflow/example_dags/example_branch_labels.py took 0.085 seconds
[2023-01-31T10:18:11.026+0000] {processor.py:153} INFO - Started process (PID=507) to work on /home/airflow/.local/lib/python3.7/site-packages/airflow/example_dags/example_branch_labels.py
[2023-01-31T10:18:11.043+0000] {processor.py:743} INFO - Processing file /home/airflow/.local/lib/python3.7/site-packages/airflow/example_dags/example_branch_labels.py for tasks to queue
[2023-01-31T10:18:11.091+0000] {logging_mixin.py:137} INFO - [2023-01-31T10:18:11.090+0000] {dagbag.py:538} INFO - Filling up the DagBag from /home/airflow/.local/lib/python3.7/site-packages/airflow/example_dags/example_branch_labels.py
[2023-01-31T10:18:11.238+0000] {processor.py:753} INFO - DAG(s) dict_keys(['example_branch_labels']) retrieved from /home/airflow/.local/lib/python3.7/site-packages/airflow/example_dags/example_branch_labels.py
[2023-01-31T10:18:11.999+0000] {logging_mixin.py:137} INFO - [2023-01-31T10:18:11.992+0000] {dag.py:2690} INFO - Sync 1 DAGs
[2023-01-31T10:18:12.076+0000] {logging_mixin.py:137} INFO - [2023-01-31T10:18:12.076+0000] {dag.py:3441} INFO - Setting next_dagrun for example_branch_labels to 2023-01-30T00:00:00+00:00, run_after=2023-01-31T00:00:00+00:00
[2023-01-31T10:18:12.135+0000] {processor.py:175} INFO - Processing /home/airflow/.local/lib/python3.7/site-packages/airflow/example_dags/example_branch_labels.py took 1.111 seconds
[2023-01-31T10:18:44.652+0000] {processor.py:153} INFO - Started process (PID=586) to work on /home/airflow/.local/lib/python3.7/site-packages/airflow/example_dags/example_branch_labels.py
[2023-01-31T10:18:44.658+0000] {processor.py:743} INFO - Processing file /home/airflow/.local/lib/python3.7/site-packages/airflow/example_dags/example_branch_labels.py for tasks to queue
[2023-01-31T10:18:44.660+0000] {logging_mixin.py:137} INFO - [2023-01-31T10:18:44.660+0000] {dagbag.py:538} INFO - Filling up the DagBag from /home/airflow/.local/lib/python3.7/site-packages/airflow/example_dags/example_branch_labels.py
[2023-01-31T10:18:44.674+0000] {processor.py:753} INFO - DAG(s) dict_keys(['example_branch_labels']) retrieved from /home/airflow/.local/lib/python3.7/site-packages/airflow/example_dags/example_branch_labels.py
[2023-01-31T10:18:44.703+0000] {logging_mixin.py:137} INFO - [2023-01-31T10:18:44.703+0000] {dag.py:2690} INFO - Sync 1 DAGs
[2023-01-31T10:18:44.725+0000] {logging_mixin.py:137} INFO - [2023-01-31T10:18:44.725+0000] {dag.py:3441} INFO - Setting next_dagrun for example_branch_labels to 2023-01-30T00:00:00+00:00, run_after=2023-01-31T00:00:00+00:00
[2023-01-31T10:18:44.740+0000] {processor.py:175} INFO - Processing /home/airflow/.local/lib/python3.7/site-packages/airflow/example_dags/example_branch_labels.py took 0.091 seconds
[2023-01-31T10:19:16.559+0000] {processor.py:153} INFO - Started process (PID=677) to work on /home/airflow/.local/lib/python3.7/site-packages/airflow/example_dags/example_branch_labels.py
[2023-01-31T10:19:16.736+0000] {processor.py:743} INFO - Processing file /home/airflow/.local/lib/python3.7/site-packages/airflow/example_dags/example_branch_labels.py for tasks to queue
[2023-01-31T10:19:16.793+0000] {logging_mixin.py:137} INFO - [2023-01-31T10:19:16.793+0000] {dagbag.py:538} INFO - Filling up the DagBag from /home/airflow/.local/lib/python3.7/site-packages/airflow/example_dags/example_branch_labels.py
[2023-01-31T10:19:16.914+0000] {processor.py:753} INFO - DAG(s) dict_keys(['example_branch_labels']) retrieved from /home/airflow/.local/lib/python3.7/site-packages/airflow/example_dags/example_branch_labels.py
[2023-01-31T10:19:17.016+0000] {logging_mixin.py:137} INFO - [2023-01-31T10:19:17.016+0000] {dag.py:2690} INFO - Sync 1 DAGs
[2023-01-31T10:19:17.097+0000] {logging_mixin.py:137} INFO - [2023-01-31T10:19:17.097+0000] {dag.py:3441} INFO - Setting next_dagrun for example_branch_labels to 2023-01-30T00:00:00+00:00, run_after=2023-01-31T00:00:00+00:00
[2023-01-31T10:19:17.144+0000] {processor.py:175} INFO - Processing /home/airflow/.local/lib/python3.7/site-packages/airflow/example_dags/example_branch_labels.py took 0.686 seconds
[2023-01-31T10:19:47.553+0000] {processor.py:153} INFO - Started process (PID=762) to work on /home/airflow/.local/lib/python3.7/site-packages/airflow/example_dags/example_branch_labels.py
[2023-01-31T10:19:47.554+0000] {processor.py:743} INFO - Processing file /home/airflow/.local/lib/python3.7/site-packages/airflow/example_dags/example_branch_labels.py for tasks to queue
[2023-01-31T10:19:47.555+0000] {logging_mixin.py:137} INFO - [2023-01-31T10:19:47.555+0000] {dagbag.py:538} INFO - Filling up the DagBag from /home/airflow/.local/lib/python3.7/site-packages/airflow/example_dags/example_branch_labels.py
[2023-01-31T10:19:47.581+0000] {processor.py:753} INFO - DAG(s) dict_keys(['example_branch_labels']) retrieved from /home/airflow/.local/lib/python3.7/site-packages/airflow/example_dags/example_branch_labels.py
[2023-01-31T10:19:47.612+0000] {logging_mixin.py:137} INFO - [2023-01-31T10:19:47.612+0000] {dag.py:2690} INFO - Sync 1 DAGs
[2023-01-31T10:19:47.671+0000] {logging_mixin.py:137} INFO - [2023-01-31T10:19:47.671+0000] {dag.py:3441} INFO - Setting next_dagrun for example_branch_labels to 2023-01-30T00:00:00+00:00, run_after=2023-01-31T00:00:00+00:00
[2023-01-31T10:19:47.732+0000] {processor.py:175} INFO - Processing /home/airflow/.local/lib/python3.7/site-packages/airflow/example_dags/example_branch_labels.py took 0.182 seconds
[2023-01-31T10:20:21.624+0000] {processor.py:153} INFO - Started process (PID=846) to work on /home/airflow/.local/lib/python3.7/site-packages/airflow/example_dags/example_branch_labels.py
[2023-01-31T10:20:21.626+0000] {processor.py:743} INFO - Processing file /home/airflow/.local/lib/python3.7/site-packages/airflow/example_dags/example_branch_labels.py for tasks to queue
[2023-01-31T10:20:21.628+0000] {logging_mixin.py:137} INFO - [2023-01-31T10:20:21.628+0000] {dagbag.py:538} INFO - Filling up the DagBag from /home/airflow/.local/lib/python3.7/site-packages/airflow/example_dags/example_branch_labels.py
[2023-01-31T10:20:21.665+0000] {processor.py:753} INFO - DAG(s) dict_keys(['example_branch_labels']) retrieved from /home/airflow/.local/lib/python3.7/site-packages/airflow/example_dags/example_branch_labels.py
[2023-01-31T10:20:21.739+0000] {logging_mixin.py:137} INFO - [2023-01-31T10:20:21.739+0000] {dag.py:2690} INFO - Sync 1 DAGs
[2023-01-31T10:20:21.763+0000] {logging_mixin.py:137} INFO - [2023-01-31T10:20:21.763+0000] {dag.py:3441} INFO - Setting next_dagrun for example_branch_labels to 2023-01-30T00:00:00+00:00, run_after=2023-01-31T00:00:00+00:00
[2023-01-31T10:20:21.786+0000] {processor.py:175} INFO - Processing /home/airflow/.local/lib/python3.7/site-packages/airflow/example_dags/example_branch_labels.py took 0.165 seconds
[2023-01-31T10:20:52.159+0000] {processor.py:153} INFO - Started process (PID=925) to work on /home/airflow/.local/lib/python3.7/site-packages/airflow/example_dags/example_branch_labels.py
[2023-01-31T10:20:52.161+0000] {processor.py:743} INFO - Processing file /home/airflow/.local/lib/python3.7/site-packages/airflow/example_dags/example_branch_labels.py for tasks to queue
[2023-01-31T10:20:52.162+0000] {logging_mixin.py:137} INFO - [2023-01-31T10:20:52.162+0000] {dagbag.py:538} INFO - Filling up the DagBag from /home/airflow/.local/lib/python3.7/site-packages/airflow/example_dags/example_branch_labels.py
[2023-01-31T10:20:52.173+0000] {processor.py:753} INFO - DAG(s) dict_keys(['example_branch_labels']) retrieved from /home/airflow/.local/lib/python3.7/site-packages/airflow/example_dags/example_branch_labels.py
[2023-01-31T10:20:52.204+0000] {logging_mixin.py:137} INFO - [2023-01-31T10:20:52.204+0000] {dag.py:2690} INFO - Sync 1 DAGs
[2023-01-31T10:20:52.221+0000] {logging_mixin.py:137} INFO - [2023-01-31T10:20:52.221+0000] {dag.py:3441} INFO - Setting next_dagrun for example_branch_labels to 2023-01-30T00:00:00+00:00, run_after=2023-01-31T00:00:00+00:00
[2023-01-31T10:20:52.233+0000] {processor.py:175} INFO - Processing /home/airflow/.local/lib/python3.7/site-packages/airflow/example_dags/example_branch_labels.py took 0.077 seconds
[2023-01-31T10:21:24.329+0000] {processor.py:153} INFO - Started process (PID=1020) to work on /home/airflow/.local/lib/python3.7/site-packages/airflow/example_dags/example_branch_labels.py
[2023-01-31T10:21:24.603+0000] {processor.py:743} INFO - Processing file /home/airflow/.local/lib/python3.7/site-packages/airflow/example_dags/example_branch_labels.py for tasks to queue
[2023-01-31T10:21:24.799+0000] {logging_mixin.py:137} INFO - [2023-01-31T10:21:24.798+0000] {dagbag.py:538} INFO - Filling up the DagBag from /home/airflow/.local/lib/python3.7/site-packages/airflow/example_dags/example_branch_labels.py
[2023-01-31T10:21:24.938+0000] {processor.py:753} INFO - DAG(s) dict_keys(['example_branch_labels']) retrieved from /home/airflow/.local/lib/python3.7/site-packages/airflow/example_dags/example_branch_labels.py
[2023-01-31T10:21:25.863+0000] {logging_mixin.py:137} INFO - [2023-01-31T10:21:25.858+0000] {dag.py:2690} INFO - Sync 1 DAGs
[2023-01-31T10:21:26.247+0000] {logging_mixin.py:137} INFO - [2023-01-31T10:21:26.247+0000] {dag.py:3441} INFO - Setting next_dagrun for example_branch_labels to 2023-01-30T00:00:00+00:00, run_after=2023-01-31T00:00:00+00:00
[2023-01-31T10:21:27.177+0000] {processor.py:175} INFO - Processing /home/airflow/.local/lib/python3.7/site-packages/airflow/example_dags/example_branch_labels.py took 2.930 seconds
[2023-01-31T10:21:57.835+0000] {processor.py:153} INFO - Started process (PID=1098) to work on /home/airflow/.local/lib/python3.7/site-packages/airflow/example_dags/example_branch_labels.py
[2023-01-31T10:21:57.840+0000] {processor.py:743} INFO - Processing file /home/airflow/.local/lib/python3.7/site-packages/airflow/example_dags/example_branch_labels.py for tasks to queue
[2023-01-31T10:21:57.842+0000] {logging_mixin.py:137} INFO - [2023-01-31T10:21:57.842+0000] {dagbag.py:538} INFO - Filling up the DagBag from /home/airflow/.local/lib/python3.7/site-packages/airflow/example_dags/example_branch_labels.py
[2023-01-31T10:21:57.863+0000] {processor.py:753} INFO - DAG(s) dict_keys(['example_branch_labels']) retrieved from /home/airflow/.local/lib/python3.7/site-packages/airflow/example_dags/example_branch_labels.py
[2023-01-31T10:21:57.936+0000] {logging_mixin.py:137} INFO - [2023-01-31T10:21:57.936+0000] {dag.py:2690} INFO - Sync 1 DAGs
[2023-01-31T10:21:57.971+0000] {logging_mixin.py:137} INFO - [2023-01-31T10:21:57.971+0000] {dag.py:3441} INFO - Setting next_dagrun for example_branch_labels to 2023-01-30T00:00:00+00:00, run_after=2023-01-31T00:00:00+00:00
[2023-01-31T10:21:57.996+0000] {processor.py:175} INFO - Processing /home/airflow/.local/lib/python3.7/site-packages/airflow/example_dags/example_branch_labels.py took 0.168 seconds
[2023-01-31T10:22:28.826+0000] {processor.py:153} INFO - Started process (PID=1177) to work on /home/airflow/.local/lib/python3.7/site-packages/airflow/example_dags/example_branch_labels.py
[2023-01-31T10:22:28.829+0000] {processor.py:743} INFO - Processing file /home/airflow/.local/lib/python3.7/site-packages/airflow/example_dags/example_branch_labels.py for tasks to queue
[2023-01-31T10:22:28.831+0000] {logging_mixin.py:137} INFO - [2023-01-31T10:22:28.831+0000] {dagbag.py:538} INFO - Filling up the DagBag from /home/airflow/.local/lib/python3.7/site-packages/airflow/example_dags/example_branch_labels.py
[2023-01-31T10:22:28.877+0000] {processor.py:753} INFO - DAG(s) dict_keys(['example_branch_labels']) retrieved from /home/airflow/.local/lib/python3.7/site-packages/airflow/example_dags/example_branch_labels.py
[2023-01-31T10:22:28.930+0000] {logging_mixin.py:137} INFO - [2023-01-31T10:22:28.930+0000] {dag.py:2690} INFO - Sync 1 DAGs
[2023-01-31T10:22:28.985+0000] {logging_mixin.py:137} INFO - [2023-01-31T10:22:28.984+0000] {dag.py:3441} INFO - Setting next_dagrun for example_branch_labels to 2023-01-30T00:00:00+00:00, run_after=2023-01-31T00:00:00+00:00
[2023-01-31T10:22:29.014+0000] {processor.py:175} INFO - Processing /home/airflow/.local/lib/python3.7/site-packages/airflow/example_dags/example_branch_labels.py took 0.197 seconds
[2023-01-31T10:22:59.644+0000] {processor.py:153} INFO - Started process (PID=1255) to work on /home/airflow/.local/lib/python3.7/site-packages/airflow/example_dags/example_branch_labels.py
[2023-01-31T10:22:59.648+0000] {processor.py:743} INFO - Processing file /home/airflow/.local/lib/python3.7/site-packages/airflow/example_dags/example_branch_labels.py for tasks to queue
[2023-01-31T10:22:59.652+0000] {logging_mixin.py:137} INFO - [2023-01-31T10:22:59.652+0000] {dagbag.py:538} INFO - Filling up the DagBag from /home/airflow/.local/lib/python3.7/site-packages/airflow/example_dags/example_branch_labels.py
[2023-01-31T10:22:59.696+0000] {processor.py:753} INFO - DAG(s) dict_keys(['example_branch_labels']) retrieved from /home/airflow/.local/lib/python3.7/site-packages/airflow/example_dags/example_branch_labels.py
[2023-01-31T10:22:59.769+0000] {logging_mixin.py:137} INFO - [2023-01-31T10:22:59.769+0000] {dag.py:2690} INFO - Sync 1 DAGs
[2023-01-31T10:22:59.818+0000] {logging_mixin.py:137} INFO - [2023-01-31T10:22:59.818+0000] {dag.py:3441} INFO - Setting next_dagrun for example_branch_labels to 2023-01-30T00:00:00+00:00, run_after=2023-01-31T00:00:00+00:00
[2023-01-31T10:22:59.850+0000] {processor.py:175} INFO - Processing /home/airflow/.local/lib/python3.7/site-packages/airflow/example_dags/example_branch_labels.py took 0.215 seconds
[2023-01-31T10:23:30.331+0000] {processor.py:153} INFO - Started process (PID=1342) to work on /home/airflow/.local/lib/python3.7/site-packages/airflow/example_dags/example_branch_labels.py
[2023-01-31T10:23:30.342+0000] {processor.py:743} INFO - Processing file /home/airflow/.local/lib/python3.7/site-packages/airflow/example_dags/example_branch_labels.py for tasks to queue
[2023-01-31T10:23:30.352+0000] {logging_mixin.py:137} INFO - [2023-01-31T10:23:30.351+0000] {dagbag.py:538} INFO - Filling up the DagBag from /home/airflow/.local/lib/python3.7/site-packages/airflow/example_dags/example_branch_labels.py
[2023-01-31T10:23:30.411+0000] {processor.py:753} INFO - DAG(s) dict_keys(['example_branch_labels']) retrieved from /home/airflow/.local/lib/python3.7/site-packages/airflow/example_dags/example_branch_labels.py
[2023-01-31T10:23:30.539+0000] {logging_mixin.py:137} INFO - [2023-01-31T10:23:30.539+0000] {dag.py:2690} INFO - Sync 1 DAGs
[2023-01-31T10:23:30.600+0000] {logging_mixin.py:137} INFO - [2023-01-31T10:23:30.599+0000] {dag.py:3441} INFO - Setting next_dagrun for example_branch_labels to 2023-01-30T00:00:00+00:00, run_after=2023-01-31T00:00:00+00:00
[2023-01-31T10:23:31.266+0000] {processor.py:175} INFO - Processing /home/airflow/.local/lib/python3.7/site-packages/airflow/example_dags/example_branch_labels.py took 0.941 seconds
[2023-01-31T10:24:01.774+0000] {processor.py:153} INFO - Started process (PID=1428) to work on /home/airflow/.local/lib/python3.7/site-packages/airflow/example_dags/example_branch_labels.py
[2023-01-31T10:24:01.776+0000] {processor.py:743} INFO - Processing file /home/airflow/.local/lib/python3.7/site-packages/airflow/example_dags/example_branch_labels.py for tasks to queue
[2023-01-31T10:24:01.777+0000] {logging_mixin.py:137} INFO - [2023-01-31T10:24:01.777+0000] {dagbag.py:538} INFO - Filling up the DagBag from /home/airflow/.local/lib/python3.7/site-packages/airflow/example_dags/example_branch_labels.py
[2023-01-31T10:24:01.797+0000] {processor.py:753} INFO - DAG(s) dict_keys(['example_branch_labels']) retrieved from /home/airflow/.local/lib/python3.7/site-packages/airflow/example_dags/example_branch_labels.py
[2023-01-31T10:24:01.837+0000] {logging_mixin.py:137} INFO - [2023-01-31T10:24:01.836+0000] {dag.py:2690} INFO - Sync 1 DAGs
[2023-01-31T10:24:01.867+0000] {logging_mixin.py:137} INFO - [2023-01-31T10:24:01.867+0000] {dag.py:3441} INFO - Setting next_dagrun for example_branch_labels to 2023-01-30T00:00:00+00:00, run_after=2023-01-31T00:00:00+00:00
[2023-01-31T10:24:01.904+0000] {processor.py:175} INFO - Processing /home/airflow/.local/lib/python3.7/site-packages/airflow/example_dags/example_branch_labels.py took 0.134 seconds
[2023-01-31T10:24:32.004+0000] {processor.py:153} INFO - Started process (PID=1490) to work on /home/airflow/.local/lib/python3.7/site-packages/airflow/example_dags/example_branch_labels.py
[2023-01-31T10:24:32.005+0000] {processor.py:743} INFO - Processing file /home/airflow/.local/lib/python3.7/site-packages/airflow/example_dags/example_branch_labels.py for tasks to queue
[2023-01-31T10:24:32.006+0000] {logging_mixin.py:137} INFO - [2023-01-31T10:24:32.006+0000] {dagbag.py:538} INFO - Filling up the DagBag from /home/airflow/.local/lib/python3.7/site-packages/airflow/example_dags/example_branch_labels.py
[2023-01-31T10:24:32.017+0000] {processor.py:753} INFO - DAG(s) dict_keys(['example_branch_labels']) retrieved from /home/airflow/.local/lib/python3.7/site-packages/airflow/example_dags/example_branch_labels.py
[2023-01-31T10:24:32.048+0000] {logging_mixin.py:137} INFO - [2023-01-31T10:24:32.047+0000] {dag.py:2690} INFO - Sync 1 DAGs
[2023-01-31T10:24:32.070+0000] {logging_mixin.py:137} INFO - [2023-01-31T10:24:32.070+0000] {dag.py:3441} INFO - Setting next_dagrun for example_branch_labels to 2023-01-30T00:00:00+00:00, run_after=2023-01-31T00:00:00+00:00
[2023-01-31T10:24:32.089+0000] {processor.py:175} INFO - Processing /home/airflow/.local/lib/python3.7/site-packages/airflow/example_dags/example_branch_labels.py took 0.088 seconds
[2023-01-31T10:25:02.646+0000] {processor.py:153} INFO - Started process (PID=1588) to work on /home/airflow/.local/lib/python3.7/site-packages/airflow/example_dags/example_branch_labels.py
[2023-01-31T10:25:02.650+0000] {processor.py:743} INFO - Processing file /home/airflow/.local/lib/python3.7/site-packages/airflow/example_dags/example_branch_labels.py for tasks to queue
[2023-01-31T10:25:02.651+0000] {logging_mixin.py:137} INFO - [2023-01-31T10:25:02.651+0000] {dagbag.py:538} INFO - Filling up the DagBag from /home/airflow/.local/lib/python3.7/site-packages/airflow/example_dags/example_branch_labels.py
[2023-01-31T10:25:02.667+0000] {processor.py:753} INFO - DAG(s) dict_keys(['example_branch_labels']) retrieved from /home/airflow/.local/lib/python3.7/site-packages/airflow/example_dags/example_branch_labels.py
[2023-01-31T10:25:02.699+0000] {logging_mixin.py:137} INFO - [2023-01-31T10:25:02.699+0000] {dag.py:2690} INFO - Sync 1 DAGs
[2023-01-31T10:25:02.717+0000] {logging_mixin.py:137} INFO - [2023-01-31T10:25:02.717+0000] {dag.py:3441} INFO - Setting next_dagrun for example_branch_labels to 2023-01-30T00:00:00+00:00, run_after=2023-01-31T00:00:00+00:00
[2023-01-31T10:25:02.734+0000] {processor.py:175} INFO - Processing /home/airflow/.local/lib/python3.7/site-packages/airflow/example_dags/example_branch_labels.py took 0.092 seconds
[2023-01-31T10:25:32.795+0000] {processor.py:153} INFO - Started process (PID=1667) to work on /home/airflow/.local/lib/python3.7/site-packages/airflow/example_dags/example_branch_labels.py
[2023-01-31T10:25:32.797+0000] {processor.py:743} INFO - Processing file /home/airflow/.local/lib/python3.7/site-packages/airflow/example_dags/example_branch_labels.py for tasks to queue
[2023-01-31T10:25:32.800+0000] {logging_mixin.py:137} INFO - [2023-01-31T10:25:32.799+0000] {dagbag.py:538} INFO - Filling up the DagBag from /home/airflow/.local/lib/python3.7/site-packages/airflow/example_dags/example_branch_labels.py
[2023-01-31T10:25:32.854+0000] {processor.py:753} INFO - DAG(s) dict_keys(['example_branch_labels']) retrieved from /home/airflow/.local/lib/python3.7/site-packages/airflow/example_dags/example_branch_labels.py
[2023-01-31T10:25:32.886+0000] {logging_mixin.py:137} INFO - [2023-01-31T10:25:32.886+0000] {dag.py:2690} INFO - Sync 1 DAGs
[2023-01-31T10:25:32.914+0000] {logging_mixin.py:137} INFO - [2023-01-31T10:25:32.914+0000] {dag.py:3441} INFO - Setting next_dagrun for example_branch_labels to 2023-01-30T00:00:00+00:00, run_after=2023-01-31T00:00:00+00:00
[2023-01-31T10:25:32.943+0000] {processor.py:175} INFO - Processing /home/airflow/.local/lib/python3.7/site-packages/airflow/example_dags/example_branch_labels.py took 0.153 seconds
[2023-01-31T10:26:03.654+0000] {processor.py:153} INFO - Started process (PID=1747) to work on /home/airflow/.local/lib/python3.7/site-packages/airflow/example_dags/example_branch_labels.py
[2023-01-31T10:26:03.656+0000] {processor.py:743} INFO - Processing file /home/airflow/.local/lib/python3.7/site-packages/airflow/example_dags/example_branch_labels.py for tasks to queue
[2023-01-31T10:26:03.657+0000] {logging_mixin.py:137} INFO - [2023-01-31T10:26:03.657+0000] {dagbag.py:538} INFO - Filling up the DagBag from /home/airflow/.local/lib/python3.7/site-packages/airflow/example_dags/example_branch_labels.py
[2023-01-31T10:26:03.668+0000] {processor.py:753} INFO - DAG(s) dict_keys(['example_branch_labels']) retrieved from /home/airflow/.local/lib/python3.7/site-packages/airflow/example_dags/example_branch_labels.py
[2023-01-31T10:26:03.689+0000] {logging_mixin.py:137} INFO - [2023-01-31T10:26:03.689+0000] {dag.py:2690} INFO - Sync 1 DAGs
[2023-01-31T10:26:03.707+0000] {logging_mixin.py:137} INFO - [2023-01-31T10:26:03.707+0000] {dag.py:3441} INFO - Setting next_dagrun for example_branch_labels to 2023-01-30T00:00:00+00:00, run_after=2023-01-31T00:00:00+00:00
[2023-01-31T10:26:03.721+0000] {processor.py:175} INFO - Processing /home/airflow/.local/lib/python3.7/site-packages/airflow/example_dags/example_branch_labels.py took 0.070 seconds
[2023-01-31T10:26:33.860+0000] {processor.py:153} INFO - Started process (PID=1830) to work on /home/airflow/.local/lib/python3.7/site-packages/airflow/example_dags/example_branch_labels.py
[2023-01-31T10:26:33.862+0000] {processor.py:743} INFO - Processing file /home/airflow/.local/lib/python3.7/site-packages/airflow/example_dags/example_branch_labels.py for tasks to queue
[2023-01-31T10:26:33.864+0000] {logging_mixin.py:137} INFO - [2023-01-31T10:26:33.864+0000] {dagbag.py:538} INFO - Filling up the DagBag from /home/airflow/.local/lib/python3.7/site-packages/airflow/example_dags/example_branch_labels.py
[2023-01-31T10:26:33.877+0000] {processor.py:753} INFO - DAG(s) dict_keys(['example_branch_labels']) retrieved from /home/airflow/.local/lib/python3.7/site-packages/airflow/example_dags/example_branch_labels.py
[2023-01-31T10:26:33.902+0000] {logging_mixin.py:137} INFO - [2023-01-31T10:26:33.902+0000] {dag.py:2690} INFO - Sync 1 DAGs
[2023-01-31T10:26:33.921+0000] {logging_mixin.py:137} INFO - [2023-01-31T10:26:33.921+0000] {dag.py:3441} INFO - Setting next_dagrun for example_branch_labels to 2023-01-30T00:00:00+00:00, run_after=2023-01-31T00:00:00+00:00
[2023-01-31T10:26:33.934+0000] {processor.py:175} INFO - Processing /home/airflow/.local/lib/python3.7/site-packages/airflow/example_dags/example_branch_labels.py took 0.077 seconds
[2023-01-31T10:27:04.612+0000] {processor.py:153} INFO - Started process (PID=1925) to work on /home/airflow/.local/lib/python3.7/site-packages/airflow/example_dags/example_branch_labels.py
[2023-01-31T10:27:04.613+0000] {processor.py:743} INFO - Processing file /home/airflow/.local/lib/python3.7/site-packages/airflow/example_dags/example_branch_labels.py for tasks to queue
[2023-01-31T10:27:04.614+0000] {logging_mixin.py:137} INFO - [2023-01-31T10:27:04.614+0000] {dagbag.py:538} INFO - Filling up the DagBag from /home/airflow/.local/lib/python3.7/site-packages/airflow/example_dags/example_branch_labels.py
[2023-01-31T10:27:04.624+0000] {processor.py:753} INFO - DAG(s) dict_keys(['example_branch_labels']) retrieved from /home/airflow/.local/lib/python3.7/site-packages/airflow/example_dags/example_branch_labels.py
[2023-01-31T10:27:04.647+0000] {logging_mixin.py:137} INFO - [2023-01-31T10:27:04.647+0000] {dag.py:2690} INFO - Sync 1 DAGs
[2023-01-31T10:27:04.667+0000] {logging_mixin.py:137} INFO - [2023-01-31T10:27:04.666+0000] {dag.py:3441} INFO - Setting next_dagrun for example_branch_labels to 2023-01-30T00:00:00+00:00, run_after=2023-01-31T00:00:00+00:00
[2023-01-31T10:27:04.682+0000] {processor.py:175} INFO - Processing /home/airflow/.local/lib/python3.7/site-packages/airflow/example_dags/example_branch_labels.py took 0.074 seconds
[2023-01-31T10:27:36.285+0000] {processor.py:153} INFO - Started process (PID=2004) to work on /home/airflow/.local/lib/python3.7/site-packages/airflow/example_dags/example_branch_labels.py
[2023-01-31T10:27:36.295+0000] {processor.py:743} INFO - Processing file /home/airflow/.local/lib/python3.7/site-packages/airflow/example_dags/example_branch_labels.py for tasks to queue
[2023-01-31T10:27:36.305+0000] {logging_mixin.py:137} INFO - [2023-01-31T10:27:36.304+0000] {dagbag.py:538} INFO - Filling up the DagBag from /home/airflow/.local/lib/python3.7/site-packages/airflow/example_dags/example_branch_labels.py
[2023-01-31T10:27:36.339+0000] {processor.py:753} INFO - DAG(s) dict_keys(['example_branch_labels']) retrieved from /home/airflow/.local/lib/python3.7/site-packages/airflow/example_dags/example_branch_labels.py
[2023-01-31T10:27:36.407+0000] {logging_mixin.py:137} INFO - [2023-01-31T10:27:36.407+0000] {dag.py:2690} INFO - Sync 1 DAGs
[2023-01-31T10:27:36.446+0000] {logging_mixin.py:137} INFO - [2023-01-31T10:27:36.446+0000] {dag.py:3441} INFO - Setting next_dagrun for example_branch_labels to 2023-01-30T00:00:00+00:00, run_after=2023-01-31T00:00:00+00:00
[2023-01-31T10:27:36.470+0000] {processor.py:175} INFO - Processing /home/airflow/.local/lib/python3.7/site-packages/airflow/example_dags/example_branch_labels.py took 0.192 seconds
[2023-01-31T10:28:07.584+0000] {processor.py:153} INFO - Started process (PID=2093) to work on /home/airflow/.local/lib/python3.7/site-packages/airflow/example_dags/example_branch_labels.py
[2023-01-31T10:28:07.586+0000] {processor.py:743} INFO - Processing file /home/airflow/.local/lib/python3.7/site-packages/airflow/example_dags/example_branch_labels.py for tasks to queue
[2023-01-31T10:28:07.587+0000] {logging_mixin.py:137} INFO - [2023-01-31T10:28:07.587+0000] {dagbag.py:538} INFO - Filling up the DagBag from /home/airflow/.local/lib/python3.7/site-packages/airflow/example_dags/example_branch_labels.py
[2023-01-31T10:28:07.599+0000] {processor.py:753} INFO - DAG(s) dict_keys(['example_branch_labels']) retrieved from /home/airflow/.local/lib/python3.7/site-packages/airflow/example_dags/example_branch_labels.py
[2023-01-31T10:28:07.650+0000] {logging_mixin.py:137} INFO - [2023-01-31T10:28:07.650+0000] {dag.py:2690} INFO - Sync 1 DAGs
[2023-01-31T10:28:07.674+0000] {logging_mixin.py:137} INFO - [2023-01-31T10:28:07.673+0000] {dag.py:3441} INFO - Setting next_dagrun for example_branch_labels to 2023-01-30T00:00:00+00:00, run_after=2023-01-31T00:00:00+00:00
[2023-01-31T10:28:07.688+0000] {processor.py:175} INFO - Processing /home/airflow/.local/lib/python3.7/site-packages/airflow/example_dags/example_branch_labels.py took 0.107 seconds
[2023-01-31T10:28:38.215+0000] {processor.py:153} INFO - Started process (PID=2179) to work on /home/airflow/.local/lib/python3.7/site-packages/airflow/example_dags/example_branch_labels.py
[2023-01-31T10:28:38.216+0000] {processor.py:743} INFO - Processing file /home/airflow/.local/lib/python3.7/site-packages/airflow/example_dags/example_branch_labels.py for tasks to queue
[2023-01-31T10:28:38.217+0000] {logging_mixin.py:137} INFO - [2023-01-31T10:28:38.217+0000] {dagbag.py:538} INFO - Filling up the DagBag from /home/airflow/.local/lib/python3.7/site-packages/airflow/example_dags/example_branch_labels.py
[2023-01-31T10:28:38.228+0000] {processor.py:753} INFO - DAG(s) dict_keys(['example_branch_labels']) retrieved from /home/airflow/.local/lib/python3.7/site-packages/airflow/example_dags/example_branch_labels.py
[2023-01-31T10:28:38.249+0000] {logging_mixin.py:137} INFO - [2023-01-31T10:28:38.249+0000] {dag.py:2690} INFO - Sync 1 DAGs
[2023-01-31T10:28:38.276+0000] {logging_mixin.py:137} INFO - [2023-01-31T10:28:38.276+0000] {dag.py:3441} INFO - Setting next_dagrun for example_branch_labels to 2023-01-30T00:00:00+00:00, run_after=2023-01-31T00:00:00+00:00
[2023-01-31T10:28:38.292+0000] {processor.py:175} INFO - Processing /home/airflow/.local/lib/python3.7/site-packages/airflow/example_dags/example_branch_labels.py took 0.080 seconds
[2023-01-31T10:29:08.932+0000] {processor.py:153} INFO - Started process (PID=2257) to work on /home/airflow/.local/lib/python3.7/site-packages/airflow/example_dags/example_branch_labels.py
[2023-01-31T10:29:08.945+0000] {processor.py:743} INFO - Processing file /home/airflow/.local/lib/python3.7/site-packages/airflow/example_dags/example_branch_labels.py for tasks to queue
[2023-01-31T10:29:08.951+0000] {logging_mixin.py:137} INFO - [2023-01-31T10:29:08.950+0000] {dagbag.py:538} INFO - Filling up the DagBag from /home/airflow/.local/lib/python3.7/site-packages/airflow/example_dags/example_branch_labels.py
[2023-01-31T10:29:08.965+0000] {processor.py:753} INFO - DAG(s) dict_keys(['example_branch_labels']) retrieved from /home/airflow/.local/lib/python3.7/site-packages/airflow/example_dags/example_branch_labels.py
[2023-01-31T10:29:08.992+0000] {logging_mixin.py:137} INFO - [2023-01-31T10:29:08.992+0000] {dag.py:2690} INFO - Sync 1 DAGs
[2023-01-31T10:29:09.023+0000] {logging_mixin.py:137} INFO - [2023-01-31T10:29:09.023+0000] {dag.py:3441} INFO - Setting next_dagrun for example_branch_labels to 2023-01-30T00:00:00+00:00, run_after=2023-01-31T00:00:00+00:00
[2023-01-31T10:29:09.077+0000] {processor.py:175} INFO - Processing /home/airflow/.local/lib/python3.7/site-packages/airflow/example_dags/example_branch_labels.py took 0.149 seconds
[2023-01-31T10:29:39.513+0000] {processor.py:153} INFO - Started process (PID=2336) to work on /home/airflow/.local/lib/python3.7/site-packages/airflow/example_dags/example_branch_labels.py
[2023-01-31T10:29:39.635+0000] {processor.py:743} INFO - Processing file /home/airflow/.local/lib/python3.7/site-packages/airflow/example_dags/example_branch_labels.py for tasks to queue
[2023-01-31T10:29:39.667+0000] {logging_mixin.py:137} INFO - [2023-01-31T10:29:39.667+0000] {dagbag.py:538} INFO - Filling up the DagBag from /home/airflow/.local/lib/python3.7/site-packages/airflow/example_dags/example_branch_labels.py
[2023-01-31T10:29:39.774+0000] {processor.py:753} INFO - DAG(s) dict_keys(['example_branch_labels']) retrieved from /home/airflow/.local/lib/python3.7/site-packages/airflow/example_dags/example_branch_labels.py
[2023-01-31T10:29:39.916+0000] {logging_mixin.py:137} INFO - [2023-01-31T10:29:39.916+0000] {dag.py:2690} INFO - Sync 1 DAGs
[2023-01-31T10:29:39.940+0000] {logging_mixin.py:137} INFO - [2023-01-31T10:29:39.940+0000] {dag.py:3441} INFO - Setting next_dagrun for example_branch_labels to 2023-01-30T00:00:00+00:00, run_after=2023-01-31T00:00:00+00:00
[2023-01-31T10:29:39.966+0000] {processor.py:175} INFO - Processing /home/airflow/.local/lib/python3.7/site-packages/airflow/example_dags/example_branch_labels.py took 0.458 seconds
[2023-01-31T10:30:10.493+0000] {processor.py:153} INFO - Started process (PID=2415) to work on /home/airflow/.local/lib/python3.7/site-packages/airflow/example_dags/example_branch_labels.py
[2023-01-31T10:30:10.494+0000] {processor.py:743} INFO - Processing file /home/airflow/.local/lib/python3.7/site-packages/airflow/example_dags/example_branch_labels.py for tasks to queue
[2023-01-31T10:30:10.495+0000] {logging_mixin.py:137} INFO - [2023-01-31T10:30:10.495+0000] {dagbag.py:538} INFO - Filling up the DagBag from /home/airflow/.local/lib/python3.7/site-packages/airflow/example_dags/example_branch_labels.py
[2023-01-31T10:30:10.508+0000] {processor.py:753} INFO - DAG(s) dict_keys(['example_branch_labels']) retrieved from /home/airflow/.local/lib/python3.7/site-packages/airflow/example_dags/example_branch_labels.py
[2023-01-31T10:30:10.538+0000] {logging_mixin.py:137} INFO - [2023-01-31T10:30:10.538+0000] {dag.py:2690} INFO - Sync 1 DAGs
[2023-01-31T10:30:10.558+0000] {logging_mixin.py:137} INFO - [2023-01-31T10:30:10.558+0000] {dag.py:3441} INFO - Setting next_dagrun for example_branch_labels to 2023-01-30T00:00:00+00:00, run_after=2023-01-31T00:00:00+00:00
[2023-01-31T10:30:10.573+0000] {processor.py:175} INFO - Processing /home/airflow/.local/lib/python3.7/site-packages/airflow/example_dags/example_branch_labels.py took 0.084 seconds
[2023-01-31T10:30:41.199+0000] {processor.py:153} INFO - Started process (PID=2494) to work on /home/airflow/.local/lib/python3.7/site-packages/airflow/example_dags/example_branch_labels.py
[2023-01-31T10:30:41.201+0000] {processor.py:743} INFO - Processing file /home/airflow/.local/lib/python3.7/site-packages/airflow/example_dags/example_branch_labels.py for tasks to queue
[2023-01-31T10:30:41.203+0000] {logging_mixin.py:137} INFO - [2023-01-31T10:30:41.203+0000] {dagbag.py:538} INFO - Filling up the DagBag from /home/airflow/.local/lib/python3.7/site-packages/airflow/example_dags/example_branch_labels.py
[2023-01-31T10:30:41.219+0000] {processor.py:753} INFO - DAG(s) dict_keys(['example_branch_labels']) retrieved from /home/airflow/.local/lib/python3.7/site-packages/airflow/example_dags/example_branch_labels.py
[2023-01-31T10:30:41.251+0000] {logging_mixin.py:137} INFO - [2023-01-31T10:30:41.250+0000] {dag.py:2690} INFO - Sync 1 DAGs
[2023-01-31T10:30:41.290+0000] {logging_mixin.py:137} INFO - [2023-01-31T10:30:41.290+0000] {dag.py:3441} INFO - Setting next_dagrun for example_branch_labels to 2023-01-30T00:00:00+00:00, run_after=2023-01-31T00:00:00+00:00
[2023-01-31T10:30:41.310+0000] {processor.py:175} INFO - Processing /home/airflow/.local/lib/python3.7/site-packages/airflow/example_dags/example_branch_labels.py took 0.113 seconds
[2023-01-31T10:31:12.389+0000] {processor.py:153} INFO - Started process (PID=2589) to work on /home/airflow/.local/lib/python3.7/site-packages/airflow/example_dags/example_branch_labels.py
[2023-01-31T10:31:12.393+0000] {processor.py:743} INFO - Processing file /home/airflow/.local/lib/python3.7/site-packages/airflow/example_dags/example_branch_labels.py for tasks to queue
[2023-01-31T10:31:12.401+0000] {logging_mixin.py:137} INFO - [2023-01-31T10:31:12.401+0000] {dagbag.py:538} INFO - Filling up the DagBag from /home/airflow/.local/lib/python3.7/site-packages/airflow/example_dags/example_branch_labels.py
[2023-01-31T10:31:12.415+0000] {processor.py:753} INFO - DAG(s) dict_keys(['example_branch_labels']) retrieved from /home/airflow/.local/lib/python3.7/site-packages/airflow/example_dags/example_branch_labels.py
[2023-01-31T10:31:12.439+0000] {logging_mixin.py:137} INFO - [2023-01-31T10:31:12.439+0000] {dag.py:2690} INFO - Sync 1 DAGs
[2023-01-31T10:31:12.460+0000] {logging_mixin.py:137} INFO - [2023-01-31T10:31:12.460+0000] {dag.py:3441} INFO - Setting next_dagrun for example_branch_labels to 2023-01-30T00:00:00+00:00, run_after=2023-01-31T00:00:00+00:00
[2023-01-31T10:31:12.480+0000] {processor.py:175} INFO - Processing /home/airflow/.local/lib/python3.7/site-packages/airflow/example_dags/example_branch_labels.py took 0.095 seconds
[2023-01-31T10:31:43.164+0000] {processor.py:153} INFO - Started process (PID=2666) to work on /home/airflow/.local/lib/python3.7/site-packages/airflow/example_dags/example_branch_labels.py
[2023-01-31T10:31:43.166+0000] {processor.py:743} INFO - Processing file /home/airflow/.local/lib/python3.7/site-packages/airflow/example_dags/example_branch_labels.py for tasks to queue
[2023-01-31T10:31:43.167+0000] {logging_mixin.py:137} INFO - [2023-01-31T10:31:43.166+0000] {dagbag.py:538} INFO - Filling up the DagBag from /home/airflow/.local/lib/python3.7/site-packages/airflow/example_dags/example_branch_labels.py
[2023-01-31T10:31:43.178+0000] {processor.py:753} INFO - DAG(s) dict_keys(['example_branch_labels']) retrieved from /home/airflow/.local/lib/python3.7/site-packages/airflow/example_dags/example_branch_labels.py
[2023-01-31T10:31:43.200+0000] {logging_mixin.py:137} INFO - [2023-01-31T10:31:43.200+0000] {dag.py:2690} INFO - Sync 1 DAGs
[2023-01-31T10:31:43.217+0000] {logging_mixin.py:137} INFO - [2023-01-31T10:31:43.217+0000] {dag.py:3441} INFO - Setting next_dagrun for example_branch_labels to 2023-01-30T00:00:00+00:00, run_after=2023-01-31T00:00:00+00:00
[2023-01-31T10:31:43.235+0000] {processor.py:175} INFO - Processing /home/airflow/.local/lib/python3.7/site-packages/airflow/example_dags/example_branch_labels.py took 0.073 seconds
[2023-01-31T10:32:15.205+0000] {processor.py:153} INFO - Started process (PID=2754) to work on /home/airflow/.local/lib/python3.7/site-packages/airflow/example_dags/example_branch_labels.py
[2023-01-31T10:32:15.244+0000] {processor.py:743} INFO - Processing file /home/airflow/.local/lib/python3.7/site-packages/airflow/example_dags/example_branch_labels.py for tasks to queue
[2023-01-31T10:32:15.262+0000] {logging_mixin.py:137} INFO - [2023-01-31T10:32:15.262+0000] {dagbag.py:538} INFO - Filling up the DagBag from /home/airflow/.local/lib/python3.7/site-packages/airflow/example_dags/example_branch_labels.py
[2023-01-31T10:32:15.341+0000] {processor.py:753} INFO - DAG(s) dict_keys(['example_branch_labels']) retrieved from /home/airflow/.local/lib/python3.7/site-packages/airflow/example_dags/example_branch_labels.py
[2023-01-31T10:32:15.415+0000] {logging_mixin.py:137} INFO - [2023-01-31T10:32:15.415+0000] {dag.py:2690} INFO - Sync 1 DAGs
[2023-01-31T10:32:15.522+0000] {logging_mixin.py:137} INFO - [2023-01-31T10:32:15.521+0000] {dag.py:3441} INFO - Setting next_dagrun for example_branch_labels to 2023-01-30T00:00:00+00:00, run_after=2023-01-31T00:00:00+00:00
[2023-01-31T10:32:15.616+0000] {processor.py:175} INFO - Processing /home/airflow/.local/lib/python3.7/site-packages/airflow/example_dags/example_branch_labels.py took 0.423 seconds
[2023-01-31T10:32:46.355+0000] {processor.py:153} INFO - Started process (PID=2840) to work on /home/airflow/.local/lib/python3.7/site-packages/airflow/example_dags/example_branch_labels.py
[2023-01-31T10:32:46.360+0000] {processor.py:743} INFO - Processing file /home/airflow/.local/lib/python3.7/site-packages/airflow/example_dags/example_branch_labels.py for tasks to queue
[2023-01-31T10:32:46.367+0000] {logging_mixin.py:137} INFO - [2023-01-31T10:32:46.367+0000] {dagbag.py:538} INFO - Filling up the DagBag from /home/airflow/.local/lib/python3.7/site-packages/airflow/example_dags/example_branch_labels.py
[2023-01-31T10:32:46.404+0000] {processor.py:753} INFO - DAG(s) dict_keys(['example_branch_labels']) retrieved from /home/airflow/.local/lib/python3.7/site-packages/airflow/example_dags/example_branch_labels.py
[2023-01-31T10:32:46.477+0000] {logging_mixin.py:137} INFO - [2023-01-31T10:32:46.477+0000] {dag.py:2690} INFO - Sync 1 DAGs
[2023-01-31T10:32:46.502+0000] {logging_mixin.py:137} INFO - [2023-01-31T10:32:46.502+0000] {dag.py:3441} INFO - Setting next_dagrun for example_branch_labels to 2023-01-30T00:00:00+00:00, run_after=2023-01-31T00:00:00+00:00
[2023-01-31T10:32:46.521+0000] {processor.py:175} INFO - Processing /home/airflow/.local/lib/python3.7/site-packages/airflow/example_dags/example_branch_labels.py took 0.194 seconds
[2023-01-31T10:33:17.052+0000] {processor.py:153} INFO - Started process (PID=2919) to work on /home/airflow/.local/lib/python3.7/site-packages/airflow/example_dags/example_branch_labels.py
[2023-01-31T10:33:17.054+0000] {processor.py:743} INFO - Processing file /home/airflow/.local/lib/python3.7/site-packages/airflow/example_dags/example_branch_labels.py for tasks to queue
[2023-01-31T10:33:17.055+0000] {logging_mixin.py:137} INFO - [2023-01-31T10:33:17.055+0000] {dagbag.py:538} INFO - Filling up the DagBag from /home/airflow/.local/lib/python3.7/site-packages/airflow/example_dags/example_branch_labels.py
[2023-01-31T10:33:17.077+0000] {processor.py:753} INFO - DAG(s) dict_keys(['example_branch_labels']) retrieved from /home/airflow/.local/lib/python3.7/site-packages/airflow/example_dags/example_branch_labels.py
[2023-01-31T10:33:17.122+0000] {logging_mixin.py:137} INFO - [2023-01-31T10:33:17.122+0000] {dag.py:2690} INFO - Sync 1 DAGs
[2023-01-31T10:33:17.155+0000] {logging_mixin.py:137} INFO - [2023-01-31T10:33:17.155+0000] {dag.py:3441} INFO - Setting next_dagrun for example_branch_labels to 2023-01-30T00:00:00+00:00, run_after=2023-01-31T00:00:00+00:00
[2023-01-31T10:33:17.172+0000] {processor.py:175} INFO - Processing /home/airflow/.local/lib/python3.7/site-packages/airflow/example_dags/example_branch_labels.py took 0.125 seconds
[2023-01-31T10:33:47.268+0000] {processor.py:153} INFO - Started process (PID=3014) to work on /home/airflow/.local/lib/python3.7/site-packages/airflow/example_dags/example_branch_labels.py
[2023-01-31T10:33:47.270+0000] {processor.py:743} INFO - Processing file /home/airflow/.local/lib/python3.7/site-packages/airflow/example_dags/example_branch_labels.py for tasks to queue
[2023-01-31T10:33:47.272+0000] {logging_mixin.py:137} INFO - [2023-01-31T10:33:47.271+0000] {dagbag.py:538} INFO - Filling up the DagBag from /home/airflow/.local/lib/python3.7/site-packages/airflow/example_dags/example_branch_labels.py
[2023-01-31T10:33:47.298+0000] {processor.py:753} INFO - DAG(s) dict_keys(['example_branch_labels']) retrieved from /home/airflow/.local/lib/python3.7/site-packages/airflow/example_dags/example_branch_labels.py
[2023-01-31T10:33:47.379+0000] {logging_mixin.py:137} INFO - [2023-01-31T10:33:47.379+0000] {dag.py:2690} INFO - Sync 1 DAGs
[2023-01-31T10:33:47.458+0000] {logging_mixin.py:137} INFO - [2023-01-31T10:33:47.458+0000] {dag.py:3441} INFO - Setting next_dagrun for example_branch_labels to 2023-01-30T00:00:00+00:00, run_after=2023-01-31T00:00:00+00:00
[2023-01-31T10:33:47.498+0000] {processor.py:175} INFO - Processing /home/airflow/.local/lib/python3.7/site-packages/airflow/example_dags/example_branch_labels.py took 0.234 seconds
[2023-01-31T10:34:18.040+0000] {processor.py:153} INFO - Started process (PID=3093) to work on /home/airflow/.local/lib/python3.7/site-packages/airflow/example_dags/example_branch_labels.py
[2023-01-31T10:34:18.041+0000] {processor.py:743} INFO - Processing file /home/airflow/.local/lib/python3.7/site-packages/airflow/example_dags/example_branch_labels.py for tasks to queue
[2023-01-31T10:34:18.042+0000] {logging_mixin.py:137} INFO - [2023-01-31T10:34:18.042+0000] {dagbag.py:538} INFO - Filling up the DagBag from /home/airflow/.local/lib/python3.7/site-packages/airflow/example_dags/example_branch_labels.py
[2023-01-31T10:34:18.054+0000] {processor.py:753} INFO - DAG(s) dict_keys(['example_branch_labels']) retrieved from /home/airflow/.local/lib/python3.7/site-packages/airflow/example_dags/example_branch_labels.py
[2023-01-31T10:34:18.077+0000] {logging_mixin.py:137} INFO - [2023-01-31T10:34:18.077+0000] {dag.py:2690} INFO - Sync 1 DAGs
[2023-01-31T10:34:18.096+0000] {logging_mixin.py:137} INFO - [2023-01-31T10:34:18.096+0000] {dag.py:3441} INFO - Setting next_dagrun for example_branch_labels to 2023-01-30T00:00:00+00:00, run_after=2023-01-31T00:00:00+00:00
[2023-01-31T10:34:18.115+0000] {processor.py:175} INFO - Processing /home/airflow/.local/lib/python3.7/site-packages/airflow/example_dags/example_branch_labels.py took 0.078 seconds
[2023-01-31T10:34:49.109+0000] {processor.py:153} INFO - Started process (PID=3182) to work on /home/airflow/.local/lib/python3.7/site-packages/airflow/example_dags/example_branch_labels.py
[2023-01-31T10:34:49.111+0000] {processor.py:743} INFO - Processing file /home/airflow/.local/lib/python3.7/site-packages/airflow/example_dags/example_branch_labels.py for tasks to queue
[2023-01-31T10:34:49.112+0000] {logging_mixin.py:137} INFO - [2023-01-31T10:34:49.112+0000] {dagbag.py:538} INFO - Filling up the DagBag from /home/airflow/.local/lib/python3.7/site-packages/airflow/example_dags/example_branch_labels.py
[2023-01-31T10:34:49.125+0000] {processor.py:753} INFO - DAG(s) dict_keys(['example_branch_labels']) retrieved from /home/airflow/.local/lib/python3.7/site-packages/airflow/example_dags/example_branch_labels.py
[2023-01-31T10:34:49.179+0000] {logging_mixin.py:137} INFO - [2023-01-31T10:34:49.178+0000] {dag.py:2690} INFO - Sync 1 DAGs
[2023-01-31T10:34:49.216+0000] {logging_mixin.py:137} INFO - [2023-01-31T10:34:49.216+0000] {dag.py:3441} INFO - Setting next_dagrun for example_branch_labels to 2023-01-30T00:00:00+00:00, run_after=2023-01-31T00:00:00+00:00
[2023-01-31T10:34:49.243+0000] {processor.py:175} INFO - Processing /home/airflow/.local/lib/python3.7/site-packages/airflow/example_dags/example_branch_labels.py took 0.139 seconds
[2023-01-31T10:35:19.404+0000] {processor.py:153} INFO - Started process (PID=3256) to work on /home/airflow/.local/lib/python3.7/site-packages/airflow/example_dags/example_branch_labels.py
[2023-01-31T10:35:19.406+0000] {processor.py:743} INFO - Processing file /home/airflow/.local/lib/python3.7/site-packages/airflow/example_dags/example_branch_labels.py for tasks to queue
[2023-01-31T10:35:19.407+0000] {logging_mixin.py:137} INFO - [2023-01-31T10:35:19.407+0000] {dagbag.py:538} INFO - Filling up the DagBag from /home/airflow/.local/lib/python3.7/site-packages/airflow/example_dags/example_branch_labels.py
[2023-01-31T10:35:19.433+0000] {processor.py:753} INFO - DAG(s) dict_keys(['example_branch_labels']) retrieved from /home/airflow/.local/lib/python3.7/site-packages/airflow/example_dags/example_branch_labels.py
[2023-01-31T10:35:19.455+0000] {logging_mixin.py:137} INFO - [2023-01-31T10:35:19.455+0000] {dag.py:2690} INFO - Sync 1 DAGs
[2023-01-31T10:35:19.472+0000] {logging_mixin.py:137} INFO - [2023-01-31T10:35:19.472+0000] {dag.py:3441} INFO - Setting next_dagrun for example_branch_labels to 2023-01-30T00:00:00+00:00, run_after=2023-01-31T00:00:00+00:00
[2023-01-31T10:35:19.496+0000] {processor.py:175} INFO - Processing /home/airflow/.local/lib/python3.7/site-packages/airflow/example_dags/example_branch_labels.py took 0.095 seconds
[2023-01-31T10:35:50.079+0000] {processor.py:153} INFO - Started process (PID=3351) to work on /home/airflow/.local/lib/python3.7/site-packages/airflow/example_dags/example_branch_labels.py
[2023-01-31T10:35:50.101+0000] {processor.py:743} INFO - Processing file /home/airflow/.local/lib/python3.7/site-packages/airflow/example_dags/example_branch_labels.py for tasks to queue
[2023-01-31T10:35:50.110+0000] {logging_mixin.py:137} INFO - [2023-01-31T10:35:50.110+0000] {dagbag.py:538} INFO - Filling up the DagBag from /home/airflow/.local/lib/python3.7/site-packages/airflow/example_dags/example_branch_labels.py
[2023-01-31T10:35:50.128+0000] {processor.py:753} INFO - DAG(s) dict_keys(['example_branch_labels']) retrieved from /home/airflow/.local/lib/python3.7/site-packages/airflow/example_dags/example_branch_labels.py
[2023-01-31T10:35:50.166+0000] {logging_mixin.py:137} INFO - [2023-01-31T10:35:50.166+0000] {dag.py:2690} INFO - Sync 1 DAGs
[2023-01-31T10:35:50.200+0000] {logging_mixin.py:137} INFO - [2023-01-31T10:35:50.200+0000] {dag.py:3441} INFO - Setting next_dagrun for example_branch_labels to 2023-01-30T00:00:00+00:00, run_after=2023-01-31T00:00:00+00:00
[2023-01-31T10:35:50.217+0000] {processor.py:175} INFO - Processing /home/airflow/.local/lib/python3.7/site-packages/airflow/example_dags/example_branch_labels.py took 0.142 seconds
[2023-01-31T10:36:22.056+0000] {processor.py:153} INFO - Started process (PID=3430) to work on /home/airflow/.local/lib/python3.7/site-packages/airflow/example_dags/example_branch_labels.py
[2023-01-31T10:36:22.092+0000] {processor.py:743} INFO - Processing file /home/airflow/.local/lib/python3.7/site-packages/airflow/example_dags/example_branch_labels.py for tasks to queue
[2023-01-31T10:36:22.115+0000] {logging_mixin.py:137} INFO - [2023-01-31T10:36:22.114+0000] {dagbag.py:538} INFO - Filling up the DagBag from /home/airflow/.local/lib/python3.7/site-packages/airflow/example_dags/example_branch_labels.py
[2023-01-31T10:36:22.211+0000] {processor.py:753} INFO - DAG(s) dict_keys(['example_branch_labels']) retrieved from /home/airflow/.local/lib/python3.7/site-packages/airflow/example_dags/example_branch_labels.py
[2023-01-31T10:36:22.403+0000] {logging_mixin.py:137} INFO - [2023-01-31T10:36:22.402+0000] {dag.py:2690} INFO - Sync 1 DAGs
[2023-01-31T10:36:22.479+0000] {logging_mixin.py:137} INFO - [2023-01-31T10:36:22.479+0000] {dag.py:3441} INFO - Setting next_dagrun for example_branch_labels to 2023-01-30T00:00:00+00:00, run_after=2023-01-31T00:00:00+00:00
[2023-01-31T10:36:22.517+0000] {processor.py:175} INFO - Processing /home/airflow/.local/lib/python3.7/site-packages/airflow/example_dags/example_branch_labels.py took 0.472 seconds
[2023-01-31T10:36:53.338+0000] {processor.py:153} INFO - Started process (PID=3513) to work on /home/airflow/.local/lib/python3.7/site-packages/airflow/example_dags/example_branch_labels.py
[2023-01-31T10:36:53.343+0000] {processor.py:743} INFO - Processing file /home/airflow/.local/lib/python3.7/site-packages/airflow/example_dags/example_branch_labels.py for tasks to queue
[2023-01-31T10:36:53.345+0000] {logging_mixin.py:137} INFO - [2023-01-31T10:36:53.345+0000] {dagbag.py:538} INFO - Filling up the DagBag from /home/airflow/.local/lib/python3.7/site-packages/airflow/example_dags/example_branch_labels.py
[2023-01-31T10:36:53.411+0000] {processor.py:753} INFO - DAG(s) dict_keys(['example_branch_labels']) retrieved from /home/airflow/.local/lib/python3.7/site-packages/airflow/example_dags/example_branch_labels.py
[2023-01-31T10:36:53.471+0000] {logging_mixin.py:137} INFO - [2023-01-31T10:36:53.471+0000] {dag.py:2690} INFO - Sync 1 DAGs
[2023-01-31T10:36:53.518+0000] {logging_mixin.py:137} INFO - [2023-01-31T10:36:53.517+0000] {dag.py:3441} INFO - Setting next_dagrun for example_branch_labels to 2023-01-30T00:00:00+00:00, run_after=2023-01-31T00:00:00+00:00
[2023-01-31T10:36:53.553+0000] {processor.py:175} INFO - Processing /home/airflow/.local/lib/python3.7/site-packages/airflow/example_dags/example_branch_labels.py took 0.225 seconds
[2023-01-31T10:37:23.974+0000] {processor.py:153} INFO - Started process (PID=3592) to work on /home/airflow/.local/lib/python3.7/site-packages/airflow/example_dags/example_branch_labels.py
[2023-01-31T10:37:23.999+0000] {processor.py:743} INFO - Processing file /home/airflow/.local/lib/python3.7/site-packages/airflow/example_dags/example_branch_labels.py for tasks to queue
[2023-01-31T10:37:24.031+0000] {logging_mixin.py:137} INFO - [2023-01-31T10:37:24.031+0000] {dagbag.py:538} INFO - Filling up the DagBag from /home/airflow/.local/lib/python3.7/site-packages/airflow/example_dags/example_branch_labels.py
[2023-01-31T10:37:24.096+0000] {processor.py:753} INFO - DAG(s) dict_keys(['example_branch_labels']) retrieved from /home/airflow/.local/lib/python3.7/site-packages/airflow/example_dags/example_branch_labels.py
[2023-01-31T10:37:24.207+0000] {logging_mixin.py:137} INFO - [2023-01-31T10:37:24.207+0000] {dag.py:2690} INFO - Sync 1 DAGs
[2023-01-31T10:37:24.338+0000] {logging_mixin.py:137} INFO - [2023-01-31T10:37:24.338+0000] {dag.py:3441} INFO - Setting next_dagrun for example_branch_labels to 2023-01-30T00:00:00+00:00, run_after=2023-01-31T00:00:00+00:00
[2023-01-31T10:37:24.387+0000] {processor.py:175} INFO - Processing /home/airflow/.local/lib/python3.7/site-packages/airflow/example_dags/example_branch_labels.py took 0.418 seconds
[2023-01-31T10:37:55.264+0000] {processor.py:153} INFO - Started process (PID=3671) to work on /home/airflow/.local/lib/python3.7/site-packages/airflow/example_dags/example_branch_labels.py
[2023-01-31T10:37:55.267+0000] {processor.py:743} INFO - Processing file /home/airflow/.local/lib/python3.7/site-packages/airflow/example_dags/example_branch_labels.py for tasks to queue
[2023-01-31T10:37:55.270+0000] {logging_mixin.py:137} INFO - [2023-01-31T10:37:55.269+0000] {dagbag.py:538} INFO - Filling up the DagBag from /home/airflow/.local/lib/python3.7/site-packages/airflow/example_dags/example_branch_labels.py
[2023-01-31T10:37:55.295+0000] {processor.py:753} INFO - DAG(s) dict_keys(['example_branch_labels']) retrieved from /home/airflow/.local/lib/python3.7/site-packages/airflow/example_dags/example_branch_labels.py
[2023-01-31T10:37:55.338+0000] {logging_mixin.py:137} INFO - [2023-01-31T10:37:55.337+0000] {dag.py:2690} INFO - Sync 1 DAGs
[2023-01-31T10:37:55.368+0000] {logging_mixin.py:137} INFO - [2023-01-31T10:37:55.368+0000] {dag.py:3441} INFO - Setting next_dagrun for example_branch_labels to 2023-01-30T00:00:00+00:00, run_after=2023-01-31T00:00:00+00:00
[2023-01-31T10:37:55.405+0000] {processor.py:175} INFO - Processing /home/airflow/.local/lib/python3.7/site-packages/airflow/example_dags/example_branch_labels.py took 0.149 seconds
[2023-01-31T10:38:26.086+0000] {processor.py:153} INFO - Started process (PID=3750) to work on /home/airflow/.local/lib/python3.7/site-packages/airflow/example_dags/example_branch_labels.py
[2023-01-31T10:38:26.089+0000] {processor.py:743} INFO - Processing file /home/airflow/.local/lib/python3.7/site-packages/airflow/example_dags/example_branch_labels.py for tasks to queue
[2023-01-31T10:38:26.091+0000] {logging_mixin.py:137} INFO - [2023-01-31T10:38:26.091+0000] {dagbag.py:538} INFO - Filling up the DagBag from /home/airflow/.local/lib/python3.7/site-packages/airflow/example_dags/example_branch_labels.py
[2023-01-31T10:38:26.112+0000] {processor.py:753} INFO - DAG(s) dict_keys(['example_branch_labels']) retrieved from /home/airflow/.local/lib/python3.7/site-packages/airflow/example_dags/example_branch_labels.py
[2023-01-31T10:38:26.171+0000] {logging_mixin.py:137} INFO - [2023-01-31T10:38:26.171+0000] {dag.py:2690} INFO - Sync 1 DAGs
[2023-01-31T10:38:26.195+0000] {logging_mixin.py:137} INFO - [2023-01-31T10:38:26.195+0000] {dag.py:3441} INFO - Setting next_dagrun for example_branch_labels to 2023-01-30T00:00:00+00:00, run_after=2023-01-31T00:00:00+00:00
[2023-01-31T10:38:26.209+0000] {processor.py:175} INFO - Processing /home/airflow/.local/lib/python3.7/site-packages/airflow/example_dags/example_branch_labels.py took 0.128 seconds
[2023-01-31T10:38:56.985+0000] {processor.py:153} INFO - Started process (PID=3833) to work on /home/airflow/.local/lib/python3.7/site-packages/airflow/example_dags/example_branch_labels.py
[2023-01-31T10:38:56.991+0000] {processor.py:743} INFO - Processing file /home/airflow/.local/lib/python3.7/site-packages/airflow/example_dags/example_branch_labels.py for tasks to queue
[2023-01-31T10:38:57.007+0000] {logging_mixin.py:137} INFO - [2023-01-31T10:38:57.007+0000] {dagbag.py:538} INFO - Filling up the DagBag from /home/airflow/.local/lib/python3.7/site-packages/airflow/example_dags/example_branch_labels.py
[2023-01-31T10:38:57.074+0000] {processor.py:753} INFO - DAG(s) dict_keys(['example_branch_labels']) retrieved from /home/airflow/.local/lib/python3.7/site-packages/airflow/example_dags/example_branch_labels.py
[2023-01-31T10:38:57.225+0000] {logging_mixin.py:137} INFO - [2023-01-31T10:38:57.225+0000] {dag.py:2690} INFO - Sync 1 DAGs
[2023-01-31T10:38:57.282+0000] {logging_mixin.py:137} INFO - [2023-01-31T10:38:57.282+0000] {dag.py:3441} INFO - Setting next_dagrun for example_branch_labels to 2023-01-30T00:00:00+00:00, run_after=2023-01-31T00:00:00+00:00
[2023-01-31T10:38:57.375+0000] {processor.py:175} INFO - Processing /home/airflow/.local/lib/python3.7/site-packages/airflow/example_dags/example_branch_labels.py took 0.400 seconds
[2023-01-31T10:39:28.294+0000] {processor.py:153} INFO - Started process (PID=3911) to work on /home/airflow/.local/lib/python3.7/site-packages/airflow/example_dags/example_branch_labels.py
[2023-01-31T10:39:28.295+0000] {processor.py:743} INFO - Processing file /home/airflow/.local/lib/python3.7/site-packages/airflow/example_dags/example_branch_labels.py for tasks to queue
[2023-01-31T10:39:28.297+0000] {logging_mixin.py:137} INFO - [2023-01-31T10:39:28.296+0000] {dagbag.py:538} INFO - Filling up the DagBag from /home/airflow/.local/lib/python3.7/site-packages/airflow/example_dags/example_branch_labels.py
[2023-01-31T10:39:28.314+0000] {processor.py:753} INFO - DAG(s) dict_keys(['example_branch_labels']) retrieved from /home/airflow/.local/lib/python3.7/site-packages/airflow/example_dags/example_branch_labels.py
[2023-01-31T10:39:28.342+0000] {logging_mixin.py:137} INFO - [2023-01-31T10:39:28.342+0000] {dag.py:2690} INFO - Sync 1 DAGs
[2023-01-31T10:39:28.365+0000] {logging_mixin.py:137} INFO - [2023-01-31T10:39:28.365+0000] {dag.py:3441} INFO - Setting next_dagrun for example_branch_labels to 2023-01-30T00:00:00+00:00, run_after=2023-01-31T00:00:00+00:00
[2023-01-31T10:39:28.385+0000] {processor.py:175} INFO - Processing /home/airflow/.local/lib/python3.7/site-packages/airflow/example_dags/example_branch_labels.py took 0.095 seconds
[2023-01-31T10:39:59.353+0000] {processor.py:153} INFO - Started process (PID=3999) to work on /home/airflow/.local/lib/python3.7/site-packages/airflow/example_dags/example_branch_labels.py
[2023-01-31T10:39:59.355+0000] {processor.py:743} INFO - Processing file /home/airflow/.local/lib/python3.7/site-packages/airflow/example_dags/example_branch_labels.py for tasks to queue
[2023-01-31T10:39:59.358+0000] {logging_mixin.py:137} INFO - [2023-01-31T10:39:59.358+0000] {dagbag.py:538} INFO - Filling up the DagBag from /home/airflow/.local/lib/python3.7/site-packages/airflow/example_dags/example_branch_labels.py
[2023-01-31T10:39:59.390+0000] {processor.py:753} INFO - DAG(s) dict_keys(['example_branch_labels']) retrieved from /home/airflow/.local/lib/python3.7/site-packages/airflow/example_dags/example_branch_labels.py
[2023-01-31T10:39:59.515+0000] {logging_mixin.py:137} INFO - [2023-01-31T10:39:59.515+0000] {dag.py:2690} INFO - Sync 1 DAGs
[2023-01-31T10:39:59.579+0000] {logging_mixin.py:137} INFO - [2023-01-31T10:39:59.578+0000] {dag.py:3441} INFO - Setting next_dagrun for example_branch_labels to 2023-01-30T00:00:00+00:00, run_after=2023-01-31T00:00:00+00:00
[2023-01-31T10:39:59.626+0000] {processor.py:175} INFO - Processing /home/airflow/.local/lib/python3.7/site-packages/airflow/example_dags/example_branch_labels.py took 0.278 seconds
[2023-01-31T10:40:29.744+0000] {processor.py:153} INFO - Started process (PID=4077) to work on /home/airflow/.local/lib/python3.7/site-packages/airflow/example_dags/example_branch_labels.py
[2023-01-31T10:40:29.746+0000] {processor.py:743} INFO - Processing file /home/airflow/.local/lib/python3.7/site-packages/airflow/example_dags/example_branch_labels.py for tasks to queue
[2023-01-31T10:40:29.748+0000] {logging_mixin.py:137} INFO - [2023-01-31T10:40:29.747+0000] {dagbag.py:538} INFO - Filling up the DagBag from /home/airflow/.local/lib/python3.7/site-packages/airflow/example_dags/example_branch_labels.py
[2023-01-31T10:40:29.773+0000] {processor.py:753} INFO - DAG(s) dict_keys(['example_branch_labels']) retrieved from /home/airflow/.local/lib/python3.7/site-packages/airflow/example_dags/example_branch_labels.py
[2023-01-31T10:40:29.830+0000] {logging_mixin.py:137} INFO - [2023-01-31T10:40:29.830+0000] {dag.py:2690} INFO - Sync 1 DAGs
[2023-01-31T10:40:29.857+0000] {logging_mixin.py:137} INFO - [2023-01-31T10:40:29.857+0000] {dag.py:3441} INFO - Setting next_dagrun for example_branch_labels to 2023-01-30T00:00:00+00:00, run_after=2023-01-31T00:00:00+00:00
[2023-01-31T10:40:29.876+0000] {processor.py:175} INFO - Processing /home/airflow/.local/lib/python3.7/site-packages/airflow/example_dags/example_branch_labels.py took 0.137 seconds
[2023-01-31T10:40:59.927+0000] {processor.py:153} INFO - Started process (PID=4163) to work on /home/airflow/.local/lib/python3.7/site-packages/airflow/example_dags/example_branch_labels.py
[2023-01-31T10:40:59.928+0000] {processor.py:743} INFO - Processing file /home/airflow/.local/lib/python3.7/site-packages/airflow/example_dags/example_branch_labels.py for tasks to queue
[2023-01-31T10:40:59.929+0000] {logging_mixin.py:137} INFO - [2023-01-31T10:40:59.929+0000] {dagbag.py:538} INFO - Filling up the DagBag from /home/airflow/.local/lib/python3.7/site-packages/airflow/example_dags/example_branch_labels.py
[2023-01-31T10:40:59.939+0000] {processor.py:753} INFO - DAG(s) dict_keys(['example_branch_labels']) retrieved from /home/airflow/.local/lib/python3.7/site-packages/airflow/example_dags/example_branch_labels.py
[2023-01-31T10:40:59.976+0000] {logging_mixin.py:137} INFO - [2023-01-31T10:40:59.976+0000] {dag.py:2690} INFO - Sync 1 DAGs
[2023-01-31T10:41:00.010+0000] {logging_mixin.py:137} INFO - [2023-01-31T10:41:00.010+0000] {dag.py:3441} INFO - Setting next_dagrun for example_branch_labels to 2023-01-30T00:00:00+00:00, run_after=2023-01-31T00:00:00+00:00
[2023-01-31T10:41:00.035+0000] {processor.py:175} INFO - Processing /home/airflow/.local/lib/python3.7/site-packages/airflow/example_dags/example_branch_labels.py took 0.112 seconds
[2023-01-31T10:41:30.334+0000] {processor.py:153} INFO - Started process (PID=4226) to work on /home/airflow/.local/lib/python3.7/site-packages/airflow/example_dags/example_branch_labels.py
[2023-01-31T10:41:30.338+0000] {processor.py:743} INFO - Processing file /home/airflow/.local/lib/python3.7/site-packages/airflow/example_dags/example_branch_labels.py for tasks to queue
[2023-01-31T10:41:30.340+0000] {logging_mixin.py:137} INFO - [2023-01-31T10:41:30.339+0000] {dagbag.py:538} INFO - Filling up the DagBag from /home/airflow/.local/lib/python3.7/site-packages/airflow/example_dags/example_branch_labels.py
[2023-01-31T10:41:30.352+0000] {processor.py:753} INFO - DAG(s) dict_keys(['example_branch_labels']) retrieved from /home/airflow/.local/lib/python3.7/site-packages/airflow/example_dags/example_branch_labels.py
[2023-01-31T10:41:30.390+0000] {logging_mixin.py:137} INFO - [2023-01-31T10:41:30.389+0000] {dag.py:2690} INFO - Sync 1 DAGs
[2023-01-31T10:41:30.409+0000] {logging_mixin.py:137} INFO - [2023-01-31T10:41:30.409+0000] {dag.py:3441} INFO - Setting next_dagrun for example_branch_labels to 2023-01-30T00:00:00+00:00, run_after=2023-01-31T00:00:00+00:00
[2023-01-31T10:41:30.426+0000] {processor.py:175} INFO - Processing /home/airflow/.local/lib/python3.7/site-packages/airflow/example_dags/example_branch_labels.py took 0.096 seconds
[2023-01-31T10:42:03.788+0000] {processor.py:153} INFO - Started process (PID=4322) to work on /home/airflow/.local/lib/python3.7/site-packages/airflow/example_dags/example_branch_labels.py
[2023-01-31T10:42:03.790+0000] {processor.py:743} INFO - Processing file /home/airflow/.local/lib/python3.7/site-packages/airflow/example_dags/example_branch_labels.py for tasks to queue
[2023-01-31T10:42:03.790+0000] {logging_mixin.py:137} INFO - [2023-01-31T10:42:03.790+0000] {dagbag.py:538} INFO - Filling up the DagBag from /home/airflow/.local/lib/python3.7/site-packages/airflow/example_dags/example_branch_labels.py
[2023-01-31T10:42:03.814+0000] {processor.py:753} INFO - DAG(s) dict_keys(['example_branch_labels']) retrieved from /home/airflow/.local/lib/python3.7/site-packages/airflow/example_dags/example_branch_labels.py
[2023-01-31T10:42:03.855+0000] {logging_mixin.py:137} INFO - [2023-01-31T10:42:03.855+0000] {dag.py:2690} INFO - Sync 1 DAGs
[2023-01-31T10:42:03.949+0000] {logging_mixin.py:137} INFO - [2023-01-31T10:42:03.949+0000] {dag.py:3441} INFO - Setting next_dagrun for example_branch_labels to 2023-01-30T00:00:00+00:00, run_after=2023-01-31T00:00:00+00:00
[2023-01-31T10:42:04.108+0000] {processor.py:175} INFO - Processing /home/airflow/.local/lib/python3.7/site-packages/airflow/example_dags/example_branch_labels.py took 0.324 seconds
[2023-01-31T10:42:37.122+0000] {processor.py:153} INFO - Started process (PID=4406) to work on /home/airflow/.local/lib/python3.7/site-packages/airflow/example_dags/example_branch_labels.py
[2023-01-31T10:42:37.126+0000] {processor.py:743} INFO - Processing file /home/airflow/.local/lib/python3.7/site-packages/airflow/example_dags/example_branch_labels.py for tasks to queue
[2023-01-31T10:42:37.141+0000] {logging_mixin.py:137} INFO - [2023-01-31T10:42:37.140+0000] {dagbag.py:538} INFO - Filling up the DagBag from /home/airflow/.local/lib/python3.7/site-packages/airflow/example_dags/example_branch_labels.py
[2023-01-31T10:42:37.167+0000] {processor.py:753} INFO - DAG(s) dict_keys(['example_branch_labels']) retrieved from /home/airflow/.local/lib/python3.7/site-packages/airflow/example_dags/example_branch_labels.py
[2023-01-31T10:42:37.208+0000] {logging_mixin.py:137} INFO - [2023-01-31T10:42:37.208+0000] {dag.py:2690} INFO - Sync 1 DAGs
[2023-01-31T10:42:37.253+0000] {logging_mixin.py:137} INFO - [2023-01-31T10:42:37.253+0000] {dag.py:3441} INFO - Setting next_dagrun for example_branch_labels to 2023-01-30T00:00:00+00:00, run_after=2023-01-31T00:00:00+00:00
[2023-01-31T10:42:37.291+0000] {processor.py:175} INFO - Processing /home/airflow/.local/lib/python3.7/site-packages/airflow/example_dags/example_branch_labels.py took 0.175 seconds
[2023-01-31T10:43:13.944+0000] {processor.py:153} INFO - Started process (PID=4502) to work on /home/airflow/.local/lib/python3.7/site-packages/airflow/example_dags/example_branch_labels.py
[2023-01-31T10:43:13.946+0000] {processor.py:743} INFO - Processing file /home/airflow/.local/lib/python3.7/site-packages/airflow/example_dags/example_branch_labels.py for tasks to queue
[2023-01-31T10:43:13.950+0000] {logging_mixin.py:137} INFO - [2023-01-31T10:43:13.949+0000] {dagbag.py:538} INFO - Filling up the DagBag from /home/airflow/.local/lib/python3.7/site-packages/airflow/example_dags/example_branch_labels.py
[2023-01-31T10:43:13.965+0000] {processor.py:753} INFO - DAG(s) dict_keys(['example_branch_labels']) retrieved from /home/airflow/.local/lib/python3.7/site-packages/airflow/example_dags/example_branch_labels.py
[2023-01-31T10:43:13.992+0000] {logging_mixin.py:137} INFO - [2023-01-31T10:43:13.992+0000] {dag.py:2690} INFO - Sync 1 DAGs
[2023-01-31T10:43:14.018+0000] {logging_mixin.py:137} INFO - [2023-01-31T10:43:14.017+0000] {dag.py:3441} INFO - Setting next_dagrun for example_branch_labels to 2023-01-30T00:00:00+00:00, run_after=2023-01-31T00:00:00+00:00
[2023-01-31T10:43:14.043+0000] {processor.py:175} INFO - Processing /home/airflow/.local/lib/python3.7/site-packages/airflow/example_dags/example_branch_labels.py took 0.104 seconds
[2023-01-31T10:43:44.329+0000] {processor.py:153} INFO - Started process (PID=4580) to work on /home/airflow/.local/lib/python3.7/site-packages/airflow/example_dags/example_branch_labels.py
[2023-01-31T10:43:44.330+0000] {processor.py:743} INFO - Processing file /home/airflow/.local/lib/python3.7/site-packages/airflow/example_dags/example_branch_labels.py for tasks to queue
[2023-01-31T10:43:44.331+0000] {logging_mixin.py:137} INFO - [2023-01-31T10:43:44.331+0000] {dagbag.py:538} INFO - Filling up the DagBag from /home/airflow/.local/lib/python3.7/site-packages/airflow/example_dags/example_branch_labels.py
[2023-01-31T10:43:44.361+0000] {processor.py:753} INFO - DAG(s) dict_keys(['example_branch_labels']) retrieved from /home/airflow/.local/lib/python3.7/site-packages/airflow/example_dags/example_branch_labels.py
[2023-01-31T10:43:44.441+0000] {logging_mixin.py:137} INFO - [2023-01-31T10:43:44.441+0000] {dag.py:2690} INFO - Sync 1 DAGs
[2023-01-31T10:43:44.476+0000] {logging_mixin.py:137} INFO - [2023-01-31T10:43:44.476+0000] {dag.py:3441} INFO - Setting next_dagrun for example_branch_labels to 2023-01-30T00:00:00+00:00, run_after=2023-01-31T00:00:00+00:00
[2023-01-31T10:43:44.495+0000] {processor.py:175} INFO - Processing /home/airflow/.local/lib/python3.7/site-packages/airflow/example_dags/example_branch_labels.py took 0.169 seconds
