[2023-01-31T10:15:33.687+0000] {processor.py:153} INFO - Started process (PID=86) to work on /home/airflow/.local/lib/python3.7/site-packages/airflow/example_dags/example_latest_only_with_trigger.py
[2023-01-31T10:15:33.694+0000] {processor.py:743} INFO - Processing file /home/airflow/.local/lib/python3.7/site-packages/airflow/example_dags/example_latest_only_with_trigger.py for tasks to queue
[2023-01-31T10:15:33.697+0000] {logging_mixin.py:137} INFO - [2023-01-31T10:15:33.697+0000] {dagbag.py:538} INFO - Filling up the DagBag from /home/airflow/.local/lib/python3.7/site-packages/airflow/example_dags/example_latest_only_with_trigger.py
[2023-01-31T10:15:33.723+0000] {processor.py:753} INFO - DAG(s) dict_keys(['latest_only_with_trigger']) retrieved from /home/airflow/.local/lib/python3.7/site-packages/airflow/example_dags/example_latest_only_with_trigger.py
[2023-01-31T10:15:34.009+0000] {logging_mixin.py:137} INFO - [2023-01-31T10:15:34.008+0000] {dag.py:2690} INFO - Sync 1 DAGs
[2023-01-31T10:15:34.197+0000] {logging_mixin.py:137} INFO - [2023-01-31T10:15:34.197+0000] {dag.py:3441} INFO - Setting next_dagrun for latest_only_with_trigger to 2023-01-31T06:15:34.197021+00:00, run_after=2023-01-31T10:15:34.197021+00:00
[2023-01-31T10:15:34.220+0000] {processor.py:175} INFO - Processing /home/airflow/.local/lib/python3.7/site-packages/airflow/example_dags/example_latest_only_with_trigger.py took 0.537 seconds
[2023-01-31T10:16:04.604+0000] {processor.py:153} INFO - Started process (PID=169) to work on /home/airflow/.local/lib/python3.7/site-packages/airflow/example_dags/example_latest_only_with_trigger.py
[2023-01-31T10:16:04.605+0000] {processor.py:743} INFO - Processing file /home/airflow/.local/lib/python3.7/site-packages/airflow/example_dags/example_latest_only_with_trigger.py for tasks to queue
[2023-01-31T10:16:04.606+0000] {logging_mixin.py:137} INFO - [2023-01-31T10:16:04.606+0000] {dagbag.py:538} INFO - Filling up the DagBag from /home/airflow/.local/lib/python3.7/site-packages/airflow/example_dags/example_latest_only_with_trigger.py
[2023-01-31T10:16:04.618+0000] {processor.py:753} INFO - DAG(s) dict_keys(['latest_only_with_trigger']) retrieved from /home/airflow/.local/lib/python3.7/site-packages/airflow/example_dags/example_latest_only_with_trigger.py
[2023-01-31T10:16:04.641+0000] {logging_mixin.py:137} INFO - [2023-01-31T10:16:04.641+0000] {dag.py:2690} INFO - Sync 1 DAGs
[2023-01-31T10:16:04.659+0000] {logging_mixin.py:137} INFO - [2023-01-31T10:16:04.659+0000] {dag.py:3441} INFO - Setting next_dagrun for latest_only_with_trigger to 2023-01-31T06:16:04.659292+00:00, run_after=2023-01-31T10:16:04.659292+00:00
[2023-01-31T10:16:04.673+0000] {processor.py:175} INFO - Processing /home/airflow/.local/lib/python3.7/site-packages/airflow/example_dags/example_latest_only_with_trigger.py took 0.072 seconds
[2023-01-31T10:16:34.770+0000] {processor.py:153} INFO - Started process (PID=264) to work on /home/airflow/.local/lib/python3.7/site-packages/airflow/example_dags/example_latest_only_with_trigger.py
[2023-01-31T10:16:34.772+0000] {processor.py:743} INFO - Processing file /home/airflow/.local/lib/python3.7/site-packages/airflow/example_dags/example_latest_only_with_trigger.py for tasks to queue
[2023-01-31T10:16:34.774+0000] {logging_mixin.py:137} INFO - [2023-01-31T10:16:34.774+0000] {dagbag.py:538} INFO - Filling up the DagBag from /home/airflow/.local/lib/python3.7/site-packages/airflow/example_dags/example_latest_only_with_trigger.py
[2023-01-31T10:16:34.786+0000] {processor.py:753} INFO - DAG(s) dict_keys(['latest_only_with_trigger']) retrieved from /home/airflow/.local/lib/python3.7/site-packages/airflow/example_dags/example_latest_only_with_trigger.py
[2023-01-31T10:16:34.809+0000] {logging_mixin.py:137} INFO - [2023-01-31T10:16:34.808+0000] {dag.py:2690} INFO - Sync 1 DAGs
[2023-01-31T10:16:34.826+0000] {logging_mixin.py:137} INFO - [2023-01-31T10:16:34.826+0000] {dag.py:3441} INFO - Setting next_dagrun for latest_only_with_trigger to 2023-01-31T06:16:34.826428+00:00, run_after=2023-01-31T10:16:34.826428+00:00
[2023-01-31T10:16:34.845+0000] {processor.py:175} INFO - Processing /home/airflow/.local/lib/python3.7/site-packages/airflow/example_dags/example_latest_only_with_trigger.py took 0.078 seconds
[2023-01-31T10:17:07.159+0000] {processor.py:153} INFO - Started process (PID=343) to work on /home/airflow/.local/lib/python3.7/site-packages/airflow/example_dags/example_latest_only_with_trigger.py
[2023-01-31T10:17:07.160+0000] {processor.py:743} INFO - Processing file /home/airflow/.local/lib/python3.7/site-packages/airflow/example_dags/example_latest_only_with_trigger.py for tasks to queue
[2023-01-31T10:17:07.161+0000] {logging_mixin.py:137} INFO - [2023-01-31T10:17:07.161+0000] {dagbag.py:538} INFO - Filling up the DagBag from /home/airflow/.local/lib/python3.7/site-packages/airflow/example_dags/example_latest_only_with_trigger.py
[2023-01-31T10:17:07.178+0000] {processor.py:753} INFO - DAG(s) dict_keys(['latest_only_with_trigger']) retrieved from /home/airflow/.local/lib/python3.7/site-packages/airflow/example_dags/example_latest_only_with_trigger.py
[2023-01-31T10:17:07.205+0000] {logging_mixin.py:137} INFO - [2023-01-31T10:17:07.205+0000] {dag.py:2690} INFO - Sync 1 DAGs
[2023-01-31T10:17:07.230+0000] {logging_mixin.py:137} INFO - [2023-01-31T10:17:07.230+0000] {dag.py:3441} INFO - Setting next_dagrun for latest_only_with_trigger to 2023-01-31T06:17:07.229377+00:00, run_after=2023-01-31T10:17:07.229377+00:00
[2023-01-31T10:17:07.251+0000] {processor.py:175} INFO - Processing /home/airflow/.local/lib/python3.7/site-packages/airflow/example_dags/example_latest_only_with_trigger.py took 0.095 seconds
[2023-01-31T10:17:37.889+0000] {processor.py:153} INFO - Started process (PID=421) to work on /home/airflow/.local/lib/python3.7/site-packages/airflow/example_dags/example_latest_only_with_trigger.py
[2023-01-31T10:17:37.891+0000] {processor.py:743} INFO - Processing file /home/airflow/.local/lib/python3.7/site-packages/airflow/example_dags/example_latest_only_with_trigger.py for tasks to queue
[2023-01-31T10:17:37.892+0000] {logging_mixin.py:137} INFO - [2023-01-31T10:17:37.892+0000] {dagbag.py:538} INFO - Filling up the DagBag from /home/airflow/.local/lib/python3.7/site-packages/airflow/example_dags/example_latest_only_with_trigger.py
[2023-01-31T10:17:37.903+0000] {processor.py:753} INFO - DAG(s) dict_keys(['latest_only_with_trigger']) retrieved from /home/airflow/.local/lib/python3.7/site-packages/airflow/example_dags/example_latest_only_with_trigger.py
[2023-01-31T10:17:37.935+0000] {logging_mixin.py:137} INFO - [2023-01-31T10:17:37.935+0000] {dag.py:2690} INFO - Sync 1 DAGs
[2023-01-31T10:17:37.965+0000] {logging_mixin.py:137} INFO - [2023-01-31T10:17:37.964+0000] {dag.py:3441} INFO - Setting next_dagrun for latest_only_with_trigger to 2023-01-31T06:17:37.964626+00:00, run_after=2023-01-31T10:17:37.964626+00:00
[2023-01-31T10:17:37.991+0000] {processor.py:175} INFO - Processing /home/airflow/.local/lib/python3.7/site-packages/airflow/example_dags/example_latest_only_with_trigger.py took 0.104 seconds
[2023-01-31T10:18:09.333+0000] {processor.py:153} INFO - Started process (PID=500) to work on /home/airflow/.local/lib/python3.7/site-packages/airflow/example_dags/example_latest_only_with_trigger.py
[2023-01-31T10:18:09.338+0000] {processor.py:743} INFO - Processing file /home/airflow/.local/lib/python3.7/site-packages/airflow/example_dags/example_latest_only_with_trigger.py for tasks to queue
[2023-01-31T10:18:09.339+0000] {logging_mixin.py:137} INFO - [2023-01-31T10:18:09.339+0000] {dagbag.py:538} INFO - Filling up the DagBag from /home/airflow/.local/lib/python3.7/site-packages/airflow/example_dags/example_latest_only_with_trigger.py
[2023-01-31T10:18:09.353+0000] {processor.py:753} INFO - DAG(s) dict_keys(['latest_only_with_trigger']) retrieved from /home/airflow/.local/lib/python3.7/site-packages/airflow/example_dags/example_latest_only_with_trigger.py
[2023-01-31T10:18:09.401+0000] {logging_mixin.py:137} INFO - [2023-01-31T10:18:09.400+0000] {dag.py:2690} INFO - Sync 1 DAGs
[2023-01-31T10:18:09.446+0000] {logging_mixin.py:137} INFO - [2023-01-31T10:18:09.446+0000] {dag.py:3441} INFO - Setting next_dagrun for latest_only_with_trigger to 2023-01-31T06:18:09.446208+00:00, run_after=2023-01-31T10:18:09.446208+00:00
[2023-01-31T10:18:09.498+0000] {processor.py:175} INFO - Processing /home/airflow/.local/lib/python3.7/site-packages/airflow/example_dags/example_latest_only_with_trigger.py took 0.169 seconds
[2023-01-31T10:18:43.815+0000] {processor.py:153} INFO - Started process (PID=579) to work on /home/airflow/.local/lib/python3.7/site-packages/airflow/example_dags/example_latest_only_with_trigger.py
[2023-01-31T10:18:43.817+0000] {processor.py:743} INFO - Processing file /home/airflow/.local/lib/python3.7/site-packages/airflow/example_dags/example_latest_only_with_trigger.py for tasks to queue
[2023-01-31T10:18:43.819+0000] {logging_mixin.py:137} INFO - [2023-01-31T10:18:43.819+0000] {dagbag.py:538} INFO - Filling up the DagBag from /home/airflow/.local/lib/python3.7/site-packages/airflow/example_dags/example_latest_only_with_trigger.py
[2023-01-31T10:18:43.832+0000] {processor.py:753} INFO - DAG(s) dict_keys(['latest_only_with_trigger']) retrieved from /home/airflow/.local/lib/python3.7/site-packages/airflow/example_dags/example_latest_only_with_trigger.py
[2023-01-31T10:18:43.918+0000] {logging_mixin.py:137} INFO - [2023-01-31T10:18:43.917+0000] {dag.py:2690} INFO - Sync 1 DAGs
[2023-01-31T10:18:43.945+0000] {logging_mixin.py:137} INFO - [2023-01-31T10:18:43.945+0000] {dag.py:3441} INFO - Setting next_dagrun for latest_only_with_trigger to 2023-01-31T06:18:43.945224+00:00, run_after=2023-01-31T10:18:43.945224+00:00
[2023-01-31T10:18:43.973+0000] {processor.py:175} INFO - Processing /home/airflow/.local/lib/python3.7/site-packages/airflow/example_dags/example_latest_only_with_trigger.py took 0.161 seconds
[2023-01-31T10:19:14.908+0000] {processor.py:153} INFO - Started process (PID=662) to work on /home/airflow/.local/lib/python3.7/site-packages/airflow/example_dags/example_latest_only_with_trigger.py
[2023-01-31T10:19:14.909+0000] {processor.py:743} INFO - Processing file /home/airflow/.local/lib/python3.7/site-packages/airflow/example_dags/example_latest_only_with_trigger.py for tasks to queue
[2023-01-31T10:19:14.911+0000] {logging_mixin.py:137} INFO - [2023-01-31T10:19:14.911+0000] {dagbag.py:538} INFO - Filling up the DagBag from /home/airflow/.local/lib/python3.7/site-packages/airflow/example_dags/example_latest_only_with_trigger.py
[2023-01-31T10:19:14.935+0000] {processor.py:753} INFO - DAG(s) dict_keys(['latest_only_with_trigger']) retrieved from /home/airflow/.local/lib/python3.7/site-packages/airflow/example_dags/example_latest_only_with_trigger.py
[2023-01-31T10:19:14.969+0000] {logging_mixin.py:137} INFO - [2023-01-31T10:19:14.969+0000] {dag.py:2690} INFO - Sync 1 DAGs
[2023-01-31T10:19:14.987+0000] {logging_mixin.py:137} INFO - [2023-01-31T10:19:14.987+0000] {dag.py:3441} INFO - Setting next_dagrun for latest_only_with_trigger to 2023-01-31T06:19:14.987456+00:00, run_after=2023-01-31T10:19:14.987456+00:00
[2023-01-31T10:19:15.015+0000] {processor.py:175} INFO - Processing /home/airflow/.local/lib/python3.7/site-packages/airflow/example_dags/example_latest_only_with_trigger.py took 0.111 seconds
[2023-01-31T10:19:45.435+0000] {processor.py:153} INFO - Started process (PID=739) to work on /home/airflow/.local/lib/python3.7/site-packages/airflow/example_dags/example_latest_only_with_trigger.py
[2023-01-31T10:19:45.437+0000] {processor.py:743} INFO - Processing file /home/airflow/.local/lib/python3.7/site-packages/airflow/example_dags/example_latest_only_with_trigger.py for tasks to queue
[2023-01-31T10:19:45.438+0000] {logging_mixin.py:137} INFO - [2023-01-31T10:19:45.438+0000] {dagbag.py:538} INFO - Filling up the DagBag from /home/airflow/.local/lib/python3.7/site-packages/airflow/example_dags/example_latest_only_with_trigger.py
[2023-01-31T10:19:45.450+0000] {processor.py:753} INFO - DAG(s) dict_keys(['latest_only_with_trigger']) retrieved from /home/airflow/.local/lib/python3.7/site-packages/airflow/example_dags/example_latest_only_with_trigger.py
[2023-01-31T10:19:45.471+0000] {logging_mixin.py:137} INFO - [2023-01-31T10:19:45.471+0000] {dag.py:2690} INFO - Sync 1 DAGs
[2023-01-31T10:19:45.496+0000] {logging_mixin.py:137} INFO - [2023-01-31T10:19:45.495+0000] {dag.py:3441} INFO - Setting next_dagrun for latest_only_with_trigger to 2023-01-31T06:19:45.495760+00:00, run_after=2023-01-31T10:19:45.495760+00:00
[2023-01-31T10:19:45.525+0000] {processor.py:175} INFO - Processing /home/airflow/.local/lib/python3.7/site-packages/airflow/example_dags/example_latest_only_with_trigger.py took 0.094 seconds
[2023-01-31T10:20:18.679+0000] {processor.py:153} INFO - Started process (PID=839) to work on /home/airflow/.local/lib/python3.7/site-packages/airflow/example_dags/example_latest_only_with_trigger.py
[2023-01-31T10:20:18.682+0000] {processor.py:743} INFO - Processing file /home/airflow/.local/lib/python3.7/site-packages/airflow/example_dags/example_latest_only_with_trigger.py for tasks to queue
[2023-01-31T10:20:18.710+0000] {logging_mixin.py:137} INFO - [2023-01-31T10:20:18.709+0000] {dagbag.py:538} INFO - Filling up the DagBag from /home/airflow/.local/lib/python3.7/site-packages/airflow/example_dags/example_latest_only_with_trigger.py
[2023-01-31T10:20:18.832+0000] {processor.py:753} INFO - DAG(s) dict_keys(['latest_only_with_trigger']) retrieved from /home/airflow/.local/lib/python3.7/site-packages/airflow/example_dags/example_latest_only_with_trigger.py
[2023-01-31T10:20:18.964+0000] {logging_mixin.py:137} INFO - [2023-01-31T10:20:18.964+0000] {dag.py:2690} INFO - Sync 1 DAGs
[2023-01-31T10:20:19.040+0000] {logging_mixin.py:137} INFO - [2023-01-31T10:20:19.040+0000] {dag.py:3441} INFO - Setting next_dagrun for latest_only_with_trigger to 2023-01-31T06:20:19.034416+00:00, run_after=2023-01-31T10:20:19.034416+00:00
[2023-01-31T10:20:19.562+0000] {processor.py:175} INFO - Processing /home/airflow/.local/lib/python3.7/site-packages/airflow/example_dags/example_latest_only_with_trigger.py took 0.888 seconds
[2023-01-31T10:20:49.917+0000] {processor.py:153} INFO - Started process (PID=918) to work on /home/airflow/.local/lib/python3.7/site-packages/airflow/example_dags/example_latest_only_with_trigger.py
[2023-01-31T10:20:49.927+0000] {processor.py:743} INFO - Processing file /home/airflow/.local/lib/python3.7/site-packages/airflow/example_dags/example_latest_only_with_trigger.py for tasks to queue
[2023-01-31T10:20:49.933+0000] {logging_mixin.py:137} INFO - [2023-01-31T10:20:49.933+0000] {dagbag.py:538} INFO - Filling up the DagBag from /home/airflow/.local/lib/python3.7/site-packages/airflow/example_dags/example_latest_only_with_trigger.py
[2023-01-31T10:20:50.036+0000] {processor.py:753} INFO - DAG(s) dict_keys(['latest_only_with_trigger']) retrieved from /home/airflow/.local/lib/python3.7/site-packages/airflow/example_dags/example_latest_only_with_trigger.py
[2023-01-31T10:20:50.210+0000] {logging_mixin.py:137} INFO - [2023-01-31T10:20:50.210+0000] {dag.py:2690} INFO - Sync 1 DAGs
[2023-01-31T10:20:50.301+0000] {logging_mixin.py:137} INFO - [2023-01-31T10:20:50.301+0000] {dag.py:3441} INFO - Setting next_dagrun for latest_only_with_trigger to 2023-01-31T06:20:50.300835+00:00, run_after=2023-01-31T10:20:50.300835+00:00
[2023-01-31T10:20:50.385+0000] {processor.py:175} INFO - Processing /home/airflow/.local/lib/python3.7/site-packages/airflow/example_dags/example_latest_only_with_trigger.py took 0.484 seconds
[2023-01-31T10:21:21.490+0000] {processor.py:153} INFO - Started process (PID=1006) to work on /home/airflow/.local/lib/python3.7/site-packages/airflow/example_dags/example_latest_only_with_trigger.py
[2023-01-31T10:21:21.516+0000] {processor.py:743} INFO - Processing file /home/airflow/.local/lib/python3.7/site-packages/airflow/example_dags/example_latest_only_with_trigger.py for tasks to queue
[2023-01-31T10:21:21.542+0000] {logging_mixin.py:137} INFO - [2023-01-31T10:21:21.542+0000] {dagbag.py:538} INFO - Filling up the DagBag from /home/airflow/.local/lib/python3.7/site-packages/airflow/example_dags/example_latest_only_with_trigger.py
[2023-01-31T10:21:21.634+0000] {processor.py:753} INFO - DAG(s) dict_keys(['latest_only_with_trigger']) retrieved from /home/airflow/.local/lib/python3.7/site-packages/airflow/example_dags/example_latest_only_with_trigger.py
[2023-01-31T10:21:21.826+0000] {logging_mixin.py:137} INFO - [2023-01-31T10:21:21.826+0000] {dag.py:2690} INFO - Sync 1 DAGs
[2023-01-31T10:21:21.955+0000] {logging_mixin.py:137} INFO - [2023-01-31T10:21:21.955+0000] {dag.py:3441} INFO - Setting next_dagrun for latest_only_with_trigger to 2023-01-31T06:21:21.954844+00:00, run_after=2023-01-31T10:21:21.954844+00:00
[2023-01-31T10:21:21.983+0000] {processor.py:175} INFO - Processing /home/airflow/.local/lib/python3.7/site-packages/airflow/example_dags/example_latest_only_with_trigger.py took 0.519 seconds
[2023-01-31T10:21:52.606+0000] {processor.py:153} INFO - Started process (PID=1075) to work on /home/airflow/.local/lib/python3.7/site-packages/airflow/example_dags/example_latest_only_with_trigger.py
[2023-01-31T10:21:52.612+0000] {processor.py:743} INFO - Processing file /home/airflow/.local/lib/python3.7/site-packages/airflow/example_dags/example_latest_only_with_trigger.py for tasks to queue
[2023-01-31T10:21:52.614+0000] {logging_mixin.py:137} INFO - [2023-01-31T10:21:52.614+0000] {dagbag.py:538} INFO - Filling up the DagBag from /home/airflow/.local/lib/python3.7/site-packages/airflow/example_dags/example_latest_only_with_trigger.py
[2023-01-31T10:21:52.644+0000] {processor.py:753} INFO - DAG(s) dict_keys(['latest_only_with_trigger']) retrieved from /home/airflow/.local/lib/python3.7/site-packages/airflow/example_dags/example_latest_only_with_trigger.py
[2023-01-31T10:21:52.710+0000] {logging_mixin.py:137} INFO - [2023-01-31T10:21:52.710+0000] {dag.py:2690} INFO - Sync 1 DAGs
[2023-01-31T10:21:52.755+0000] {logging_mixin.py:137} INFO - [2023-01-31T10:21:52.755+0000] {dag.py:3441} INFO - Setting next_dagrun for latest_only_with_trigger to 2023-01-31T06:21:52.755198+00:00, run_after=2023-01-31T10:21:52.755198+00:00
[2023-01-31T10:21:52.794+0000] {processor.py:175} INFO - Processing /home/airflow/.local/lib/python3.7/site-packages/airflow/example_dags/example_latest_only_with_trigger.py took 0.209 seconds
[2023-01-31T10:22:24.079+0000] {processor.py:153} INFO - Started process (PID=1170) to work on /home/airflow/.local/lib/python3.7/site-packages/airflow/example_dags/example_latest_only_with_trigger.py
[2023-01-31T10:22:24.106+0000] {processor.py:743} INFO - Processing file /home/airflow/.local/lib/python3.7/site-packages/airflow/example_dags/example_latest_only_with_trigger.py for tasks to queue
[2023-01-31T10:22:24.127+0000] {logging_mixin.py:137} INFO - [2023-01-31T10:22:24.126+0000] {dagbag.py:538} INFO - Filling up the DagBag from /home/airflow/.local/lib/python3.7/site-packages/airflow/example_dags/example_latest_only_with_trigger.py
[2023-01-31T10:22:24.690+0000] {processor.py:753} INFO - DAG(s) dict_keys(['latest_only_with_trigger']) retrieved from /home/airflow/.local/lib/python3.7/site-packages/airflow/example_dags/example_latest_only_with_trigger.py
[2023-01-31T10:22:24.932+0000] {logging_mixin.py:137} INFO - [2023-01-31T10:22:24.932+0000] {dag.py:2690} INFO - Sync 1 DAGs
[2023-01-31T10:22:25.058+0000] {logging_mixin.py:137} INFO - [2023-01-31T10:22:25.058+0000] {dag.py:3441} INFO - Setting next_dagrun for latest_only_with_trigger to 2023-01-31T06:22:25.054953+00:00, run_after=2023-01-31T10:22:25.054953+00:00
[2023-01-31T10:22:25.133+0000] {processor.py:175} INFO - Processing /home/airflow/.local/lib/python3.7/site-packages/airflow/example_dags/example_latest_only_with_trigger.py took 1.111 seconds
[2023-01-31T10:22:56.454+0000] {processor.py:153} INFO - Started process (PID=1248) to work on /home/airflow/.local/lib/python3.7/site-packages/airflow/example_dags/example_latest_only_with_trigger.py
[2023-01-31T10:22:56.458+0000] {processor.py:743} INFO - Processing file /home/airflow/.local/lib/python3.7/site-packages/airflow/example_dags/example_latest_only_with_trigger.py for tasks to queue
[2023-01-31T10:22:56.460+0000] {logging_mixin.py:137} INFO - [2023-01-31T10:22:56.459+0000] {dagbag.py:538} INFO - Filling up the DagBag from /home/airflow/.local/lib/python3.7/site-packages/airflow/example_dags/example_latest_only_with_trigger.py
[2023-01-31T10:22:56.521+0000] {processor.py:753} INFO - DAG(s) dict_keys(['latest_only_with_trigger']) retrieved from /home/airflow/.local/lib/python3.7/site-packages/airflow/example_dags/example_latest_only_with_trigger.py
[2023-01-31T10:22:56.628+0000] {logging_mixin.py:137} INFO - [2023-01-31T10:22:56.628+0000] {dag.py:2690} INFO - Sync 1 DAGs
[2023-01-31T10:22:56.702+0000] {logging_mixin.py:137} INFO - [2023-01-31T10:22:56.702+0000] {dag.py:3441} INFO - Setting next_dagrun for latest_only_with_trigger to 2023-01-31T06:22:56.701552+00:00, run_after=2023-01-31T10:22:56.701552+00:00
[2023-01-31T10:22:56.774+0000] {processor.py:175} INFO - Processing /home/airflow/.local/lib/python3.7/site-packages/airflow/example_dags/example_latest_only_with_trigger.py took 0.333 seconds
[2023-01-31T10:23:27.920+0000] {processor.py:153} INFO - Started process (PID=1326) to work on /home/airflow/.local/lib/python3.7/site-packages/airflow/example_dags/example_latest_only_with_trigger.py
[2023-01-31T10:23:27.931+0000] {processor.py:743} INFO - Processing file /home/airflow/.local/lib/python3.7/site-packages/airflow/example_dags/example_latest_only_with_trigger.py for tasks to queue
[2023-01-31T10:23:27.936+0000] {logging_mixin.py:137} INFO - [2023-01-31T10:23:27.936+0000] {dagbag.py:538} INFO - Filling up the DagBag from /home/airflow/.local/lib/python3.7/site-packages/airflow/example_dags/example_latest_only_with_trigger.py
[2023-01-31T10:23:28.010+0000] {processor.py:753} INFO - DAG(s) dict_keys(['latest_only_with_trigger']) retrieved from /home/airflow/.local/lib/python3.7/site-packages/airflow/example_dags/example_latest_only_with_trigger.py
[2023-01-31T10:23:28.136+0000] {logging_mixin.py:137} INFO - [2023-01-31T10:23:28.136+0000] {dag.py:2690} INFO - Sync 1 DAGs
[2023-01-31T10:23:28.166+0000] {logging_mixin.py:137} INFO - [2023-01-31T10:23:28.166+0000] {dag.py:3441} INFO - Setting next_dagrun for latest_only_with_trigger to 2023-01-31T06:23:28.165735+00:00, run_after=2023-01-31T10:23:28.165735+00:00
[2023-01-31T10:23:28.194+0000] {processor.py:175} INFO - Processing /home/airflow/.local/lib/python3.7/site-packages/airflow/example_dags/example_latest_only_with_trigger.py took 0.282 seconds
[2023-01-31T10:23:58.988+0000] {processor.py:153} INFO - Started process (PID=1405) to work on /home/airflow/.local/lib/python3.7/site-packages/airflow/example_dags/example_latest_only_with_trigger.py
[2023-01-31T10:23:58.998+0000] {processor.py:743} INFO - Processing file /home/airflow/.local/lib/python3.7/site-packages/airflow/example_dags/example_latest_only_with_trigger.py for tasks to queue
[2023-01-31T10:23:59.006+0000] {logging_mixin.py:137} INFO - [2023-01-31T10:23:59.006+0000] {dagbag.py:538} INFO - Filling up the DagBag from /home/airflow/.local/lib/python3.7/site-packages/airflow/example_dags/example_latest_only_with_trigger.py
[2023-01-31T10:23:59.061+0000] {processor.py:753} INFO - DAG(s) dict_keys(['latest_only_with_trigger']) retrieved from /home/airflow/.local/lib/python3.7/site-packages/airflow/example_dags/example_latest_only_with_trigger.py
[2023-01-31T10:23:59.140+0000] {logging_mixin.py:137} INFO - [2023-01-31T10:23:59.140+0000] {dag.py:2690} INFO - Sync 1 DAGs
[2023-01-31T10:23:59.178+0000] {logging_mixin.py:137} INFO - [2023-01-31T10:23:59.178+0000] {dag.py:3441} INFO - Setting next_dagrun for latest_only_with_trigger to 2023-01-31T06:23:59.177685+00:00, run_after=2023-01-31T10:23:59.177685+00:00
[2023-01-31T10:23:59.249+0000] {processor.py:175} INFO - Processing /home/airflow/.local/lib/python3.7/site-packages/airflow/example_dags/example_latest_only_with_trigger.py took 0.269 seconds
[2023-01-31T10:24:30.224+0000] {processor.py:153} INFO - Started process (PID=1483) to work on /home/airflow/.local/lib/python3.7/site-packages/airflow/example_dags/example_latest_only_with_trigger.py
[2023-01-31T10:24:30.227+0000] {processor.py:743} INFO - Processing file /home/airflow/.local/lib/python3.7/site-packages/airflow/example_dags/example_latest_only_with_trigger.py for tasks to queue
[2023-01-31T10:24:30.230+0000] {logging_mixin.py:137} INFO - [2023-01-31T10:24:30.230+0000] {dagbag.py:538} INFO - Filling up the DagBag from /home/airflow/.local/lib/python3.7/site-packages/airflow/example_dags/example_latest_only_with_trigger.py
[2023-01-31T10:24:30.281+0000] {processor.py:753} INFO - DAG(s) dict_keys(['latest_only_with_trigger']) retrieved from /home/airflow/.local/lib/python3.7/site-packages/airflow/example_dags/example_latest_only_with_trigger.py
[2023-01-31T10:24:30.350+0000] {logging_mixin.py:137} INFO - [2023-01-31T10:24:30.350+0000] {dag.py:2690} INFO - Sync 1 DAGs
[2023-01-31T10:24:30.384+0000] {logging_mixin.py:137} INFO - [2023-01-31T10:24:30.384+0000] {dag.py:3441} INFO - Setting next_dagrun for latest_only_with_trigger to 2023-01-31T06:24:30.383972+00:00, run_after=2023-01-31T10:24:30.383972+00:00
[2023-01-31T10:24:30.423+0000] {processor.py:175} INFO - Processing /home/airflow/.local/lib/python3.7/site-packages/airflow/example_dags/example_latest_only_with_trigger.py took 0.207 seconds
[2023-01-31T10:25:01.072+0000] {processor.py:153} INFO - Started process (PID=1581) to work on /home/airflow/.local/lib/python3.7/site-packages/airflow/example_dags/example_latest_only_with_trigger.py
[2023-01-31T10:25:01.074+0000] {processor.py:743} INFO - Processing file /home/airflow/.local/lib/python3.7/site-packages/airflow/example_dags/example_latest_only_with_trigger.py for tasks to queue
[2023-01-31T10:25:01.076+0000] {logging_mixin.py:137} INFO - [2023-01-31T10:25:01.076+0000] {dagbag.py:538} INFO - Filling up the DagBag from /home/airflow/.local/lib/python3.7/site-packages/airflow/example_dags/example_latest_only_with_trigger.py
[2023-01-31T10:25:01.097+0000] {processor.py:753} INFO - DAG(s) dict_keys(['latest_only_with_trigger']) retrieved from /home/airflow/.local/lib/python3.7/site-packages/airflow/example_dags/example_latest_only_with_trigger.py
[2023-01-31T10:25:01.138+0000] {logging_mixin.py:137} INFO - [2023-01-31T10:25:01.138+0000] {dag.py:2690} INFO - Sync 1 DAGs
[2023-01-31T10:25:01.169+0000] {logging_mixin.py:137} INFO - [2023-01-31T10:25:01.169+0000] {dag.py:3441} INFO - Setting next_dagrun for latest_only_with_trigger to 2023-01-31T06:25:01.168894+00:00, run_after=2023-01-31T10:25:01.168894+00:00
[2023-01-31T10:25:01.188+0000] {processor.py:175} INFO - Processing /home/airflow/.local/lib/python3.7/site-packages/airflow/example_dags/example_latest_only_with_trigger.py took 0.119 seconds
[2023-01-31T10:25:31.249+0000] {processor.py:153} INFO - Started process (PID=1660) to work on /home/airflow/.local/lib/python3.7/site-packages/airflow/example_dags/example_latest_only_with_trigger.py
[2023-01-31T10:25:31.250+0000] {processor.py:743} INFO - Processing file /home/airflow/.local/lib/python3.7/site-packages/airflow/example_dags/example_latest_only_with_trigger.py for tasks to queue
[2023-01-31T10:25:31.251+0000] {logging_mixin.py:137} INFO - [2023-01-31T10:25:31.251+0000] {dagbag.py:538} INFO - Filling up the DagBag from /home/airflow/.local/lib/python3.7/site-packages/airflow/example_dags/example_latest_only_with_trigger.py
[2023-01-31T10:25:31.267+0000] {processor.py:753} INFO - DAG(s) dict_keys(['latest_only_with_trigger']) retrieved from /home/airflow/.local/lib/python3.7/site-packages/airflow/example_dags/example_latest_only_with_trigger.py
[2023-01-31T10:25:31.300+0000] {logging_mixin.py:137} INFO - [2023-01-31T10:25:31.300+0000] {dag.py:2690} INFO - Sync 1 DAGs
[2023-01-31T10:25:31.324+0000] {logging_mixin.py:137} INFO - [2023-01-31T10:25:31.324+0000] {dag.py:3441} INFO - Setting next_dagrun for latest_only_with_trigger to 2023-01-31T06:25:31.324522+00:00, run_after=2023-01-31T10:25:31.324522+00:00
[2023-01-31T10:25:31.338+0000] {processor.py:175} INFO - Processing /home/airflow/.local/lib/python3.7/site-packages/airflow/example_dags/example_latest_only_with_trigger.py took 0.095 seconds
[2023-01-31T10:26:01.851+0000] {processor.py:153} INFO - Started process (PID=1740) to work on /home/airflow/.local/lib/python3.7/site-packages/airflow/example_dags/example_latest_only_with_trigger.py
[2023-01-31T10:26:01.854+0000] {processor.py:743} INFO - Processing file /home/airflow/.local/lib/python3.7/site-packages/airflow/example_dags/example_latest_only_with_trigger.py for tasks to queue
[2023-01-31T10:26:01.855+0000] {logging_mixin.py:137} INFO - [2023-01-31T10:26:01.855+0000] {dagbag.py:538} INFO - Filling up the DagBag from /home/airflow/.local/lib/python3.7/site-packages/airflow/example_dags/example_latest_only_with_trigger.py
[2023-01-31T10:26:01.875+0000] {processor.py:753} INFO - DAG(s) dict_keys(['latest_only_with_trigger']) retrieved from /home/airflow/.local/lib/python3.7/site-packages/airflow/example_dags/example_latest_only_with_trigger.py
[2023-01-31T10:26:01.910+0000] {logging_mixin.py:137} INFO - [2023-01-31T10:26:01.910+0000] {dag.py:2690} INFO - Sync 1 DAGs
[2023-01-31T10:26:01.934+0000] {logging_mixin.py:137} INFO - [2023-01-31T10:26:01.934+0000] {dag.py:3441} INFO - Setting next_dagrun for latest_only_with_trigger to 2023-01-31T06:26:01.934197+00:00, run_after=2023-01-31T10:26:01.934197+00:00
[2023-01-31T10:26:01.956+0000] {processor.py:175} INFO - Processing /home/airflow/.local/lib/python3.7/site-packages/airflow/example_dags/example_latest_only_with_trigger.py took 0.111 seconds
[2023-01-31T10:26:32.213+0000] {processor.py:153} INFO - Started process (PID=1823) to work on /home/airflow/.local/lib/python3.7/site-packages/airflow/example_dags/example_latest_only_with_trigger.py
[2023-01-31T10:26:32.214+0000] {processor.py:743} INFO - Processing file /home/airflow/.local/lib/python3.7/site-packages/airflow/example_dags/example_latest_only_with_trigger.py for tasks to queue
[2023-01-31T10:26:32.215+0000] {logging_mixin.py:137} INFO - [2023-01-31T10:26:32.215+0000] {dagbag.py:538} INFO - Filling up the DagBag from /home/airflow/.local/lib/python3.7/site-packages/airflow/example_dags/example_latest_only_with_trigger.py
[2023-01-31T10:26:32.236+0000] {processor.py:753} INFO - DAG(s) dict_keys(['latest_only_with_trigger']) retrieved from /home/airflow/.local/lib/python3.7/site-packages/airflow/example_dags/example_latest_only_with_trigger.py
[2023-01-31T10:26:32.301+0000] {logging_mixin.py:137} INFO - [2023-01-31T10:26:32.301+0000] {dag.py:2690} INFO - Sync 1 DAGs
[2023-01-31T10:26:32.328+0000] {logging_mixin.py:137} INFO - [2023-01-31T10:26:32.328+0000] {dag.py:3441} INFO - Setting next_dagrun for latest_only_with_trigger to 2023-01-31T06:26:32.328307+00:00, run_after=2023-01-31T10:26:32.328307+00:00
[2023-01-31T10:26:32.347+0000] {processor.py:175} INFO - Processing /home/airflow/.local/lib/python3.7/site-packages/airflow/example_dags/example_latest_only_with_trigger.py took 0.139 seconds
[2023-01-31T10:27:02.991+0000] {processor.py:153} INFO - Started process (PID=1918) to work on /home/airflow/.local/lib/python3.7/site-packages/airflow/example_dags/example_latest_only_with_trigger.py
[2023-01-31T10:27:03.002+0000] {processor.py:743} INFO - Processing file /home/airflow/.local/lib/python3.7/site-packages/airflow/example_dags/example_latest_only_with_trigger.py for tasks to queue
[2023-01-31T10:27:03.012+0000] {logging_mixin.py:137} INFO - [2023-01-31T10:27:03.012+0000] {dagbag.py:538} INFO - Filling up the DagBag from /home/airflow/.local/lib/python3.7/site-packages/airflow/example_dags/example_latest_only_with_trigger.py
[2023-01-31T10:27:03.036+0000] {processor.py:753} INFO - DAG(s) dict_keys(['latest_only_with_trigger']) retrieved from /home/airflow/.local/lib/python3.7/site-packages/airflow/example_dags/example_latest_only_with_trigger.py
[2023-01-31T10:27:03.104+0000] {logging_mixin.py:137} INFO - [2023-01-31T10:27:03.104+0000] {dag.py:2690} INFO - Sync 1 DAGs
[2023-01-31T10:27:03.137+0000] {logging_mixin.py:137} INFO - [2023-01-31T10:27:03.137+0000] {dag.py:3441} INFO - Setting next_dagrun for latest_only_with_trigger to 2023-01-31T06:27:03.137076+00:00, run_after=2023-01-31T10:27:03.137076+00:00
[2023-01-31T10:27:03.184+0000] {processor.py:175} INFO - Processing /home/airflow/.local/lib/python3.7/site-packages/airflow/example_dags/example_latest_only_with_trigger.py took 0.205 seconds
[2023-01-31T10:27:33.398+0000] {processor.py:153} INFO - Started process (PID=1997) to work on /home/airflow/.local/lib/python3.7/site-packages/airflow/example_dags/example_latest_only_with_trigger.py
[2023-01-31T10:27:33.400+0000] {processor.py:743} INFO - Processing file /home/airflow/.local/lib/python3.7/site-packages/airflow/example_dags/example_latest_only_with_trigger.py for tasks to queue
[2023-01-31T10:27:33.401+0000] {logging_mixin.py:137} INFO - [2023-01-31T10:27:33.401+0000] {dagbag.py:538} INFO - Filling up the DagBag from /home/airflow/.local/lib/python3.7/site-packages/airflow/example_dags/example_latest_only_with_trigger.py
[2023-01-31T10:27:33.425+0000] {processor.py:753} INFO - DAG(s) dict_keys(['latest_only_with_trigger']) retrieved from /home/airflow/.local/lib/python3.7/site-packages/airflow/example_dags/example_latest_only_with_trigger.py
[2023-01-31T10:27:33.482+0000] {logging_mixin.py:137} INFO - [2023-01-31T10:27:33.482+0000] {dag.py:2690} INFO - Sync 1 DAGs
[2023-01-31T10:27:33.507+0000] {logging_mixin.py:137} INFO - [2023-01-31T10:27:33.507+0000] {dag.py:3441} INFO - Setting next_dagrun for latest_only_with_trigger to 2023-01-31T06:27:33.506883+00:00, run_after=2023-01-31T10:27:33.506883+00:00
[2023-01-31T10:27:33.519+0000] {processor.py:175} INFO - Processing /home/airflow/.local/lib/python3.7/site-packages/airflow/example_dags/example_latest_only_with_trigger.py took 0.127 seconds
[2023-01-31T10:28:03.918+0000] {processor.py:153} INFO - Started process (PID=2077) to work on /home/airflow/.local/lib/python3.7/site-packages/airflow/example_dags/example_latest_only_with_trigger.py
[2023-01-31T10:28:03.920+0000] {processor.py:743} INFO - Processing file /home/airflow/.local/lib/python3.7/site-packages/airflow/example_dags/example_latest_only_with_trigger.py for tasks to queue
[2023-01-31T10:28:03.921+0000] {logging_mixin.py:137} INFO - [2023-01-31T10:28:03.921+0000] {dagbag.py:538} INFO - Filling up the DagBag from /home/airflow/.local/lib/python3.7/site-packages/airflow/example_dags/example_latest_only_with_trigger.py
[2023-01-31T10:28:03.935+0000] {processor.py:753} INFO - DAG(s) dict_keys(['latest_only_with_trigger']) retrieved from /home/airflow/.local/lib/python3.7/site-packages/airflow/example_dags/example_latest_only_with_trigger.py
[2023-01-31T10:28:03.957+0000] {logging_mixin.py:137} INFO - [2023-01-31T10:28:03.957+0000] {dag.py:2690} INFO - Sync 1 DAGs
[2023-01-31T10:28:03.974+0000] {logging_mixin.py:137} INFO - [2023-01-31T10:28:03.974+0000] {dag.py:3441} INFO - Setting next_dagrun for latest_only_with_trigger to 2023-01-31T06:28:03.973833+00:00, run_after=2023-01-31T10:28:03.973833+00:00
[2023-01-31T10:28:03.995+0000] {processor.py:175} INFO - Processing /home/airflow/.local/lib/python3.7/site-packages/airflow/example_dags/example_latest_only_with_trigger.py took 0.080 seconds
[2023-01-31T10:28:34.674+0000] {processor.py:153} INFO - Started process (PID=2172) to work on /home/airflow/.local/lib/python3.7/site-packages/airflow/example_dags/example_latest_only_with_trigger.py
[2023-01-31T10:28:34.680+0000] {processor.py:743} INFO - Processing file /home/airflow/.local/lib/python3.7/site-packages/airflow/example_dags/example_latest_only_with_trigger.py for tasks to queue
[2023-01-31T10:28:34.682+0000] {logging_mixin.py:137} INFO - [2023-01-31T10:28:34.682+0000] {dagbag.py:538} INFO - Filling up the DagBag from /home/airflow/.local/lib/python3.7/site-packages/airflow/example_dags/example_latest_only_with_trigger.py
[2023-01-31T10:28:34.707+0000] {processor.py:753} INFO - DAG(s) dict_keys(['latest_only_with_trigger']) retrieved from /home/airflow/.local/lib/python3.7/site-packages/airflow/example_dags/example_latest_only_with_trigger.py
[2023-01-31T10:28:34.748+0000] {logging_mixin.py:137} INFO - [2023-01-31T10:28:34.748+0000] {dag.py:2690} INFO - Sync 1 DAGs
[2023-01-31T10:28:34.781+0000] {logging_mixin.py:137} INFO - [2023-01-31T10:28:34.781+0000] {dag.py:3441} INFO - Setting next_dagrun for latest_only_with_trigger to 2023-01-31T06:28:34.780833+00:00, run_after=2023-01-31T10:28:34.780833+00:00
[2023-01-31T10:28:34.810+0000] {processor.py:175} INFO - Processing /home/airflow/.local/lib/python3.7/site-packages/airflow/example_dags/example_latest_only_with_trigger.py took 0.138 seconds
[2023-01-31T10:29:05.199+0000] {processor.py:153} INFO - Started process (PID=2250) to work on /home/airflow/.local/lib/python3.7/site-packages/airflow/example_dags/example_latest_only_with_trigger.py
[2023-01-31T10:29:05.201+0000] {processor.py:743} INFO - Processing file /home/airflow/.local/lib/python3.7/site-packages/airflow/example_dags/example_latest_only_with_trigger.py for tasks to queue
[2023-01-31T10:29:05.202+0000] {logging_mixin.py:137} INFO - [2023-01-31T10:29:05.202+0000] {dagbag.py:538} INFO - Filling up the DagBag from /home/airflow/.local/lib/python3.7/site-packages/airflow/example_dags/example_latest_only_with_trigger.py
[2023-01-31T10:29:05.234+0000] {processor.py:753} INFO - DAG(s) dict_keys(['latest_only_with_trigger']) retrieved from /home/airflow/.local/lib/python3.7/site-packages/airflow/example_dags/example_latest_only_with_trigger.py
[2023-01-31T10:29:05.257+0000] {logging_mixin.py:137} INFO - [2023-01-31T10:29:05.257+0000] {dag.py:2690} INFO - Sync 1 DAGs
[2023-01-31T10:29:05.277+0000] {logging_mixin.py:137} INFO - [2023-01-31T10:29:05.277+0000] {dag.py:3441} INFO - Setting next_dagrun for latest_only_with_trigger to 2023-01-31T06:29:05.276931+00:00, run_after=2023-01-31T10:29:05.276931+00:00
[2023-01-31T10:29:05.293+0000] {processor.py:175} INFO - Processing /home/airflow/.local/lib/python3.7/site-packages/airflow/example_dags/example_latest_only_with_trigger.py took 0.099 seconds
[2023-01-31T10:29:35.684+0000] {processor.py:153} INFO - Started process (PID=2329) to work on /home/airflow/.local/lib/python3.7/site-packages/airflow/example_dags/example_latest_only_with_trigger.py
[2023-01-31T10:29:35.687+0000] {processor.py:743} INFO - Processing file /home/airflow/.local/lib/python3.7/site-packages/airflow/example_dags/example_latest_only_with_trigger.py for tasks to queue
[2023-01-31T10:29:35.689+0000] {logging_mixin.py:137} INFO - [2023-01-31T10:29:35.689+0000] {dagbag.py:538} INFO - Filling up the DagBag from /home/airflow/.local/lib/python3.7/site-packages/airflow/example_dags/example_latest_only_with_trigger.py
[2023-01-31T10:29:35.709+0000] {processor.py:753} INFO - DAG(s) dict_keys(['latest_only_with_trigger']) retrieved from /home/airflow/.local/lib/python3.7/site-packages/airflow/example_dags/example_latest_only_with_trigger.py
[2023-01-31T10:29:35.741+0000] {logging_mixin.py:137} INFO - [2023-01-31T10:29:35.741+0000] {dag.py:2690} INFO - Sync 1 DAGs
[2023-01-31T10:29:35.777+0000] {logging_mixin.py:137} INFO - [2023-01-31T10:29:35.776+0000] {dag.py:3441} INFO - Setting next_dagrun for latest_only_with_trigger to 2023-01-31T06:29:35.776618+00:00, run_after=2023-01-31T10:29:35.776618+00:00
[2023-01-31T10:29:35.797+0000] {processor.py:175} INFO - Processing /home/airflow/.local/lib/python3.7/site-packages/airflow/example_dags/example_latest_only_with_trigger.py took 0.119 seconds
[2023-01-31T10:30:06.732+0000] {processor.py:153} INFO - Started process (PID=2408) to work on /home/airflow/.local/lib/python3.7/site-packages/airflow/example_dags/example_latest_only_with_trigger.py
[2023-01-31T10:30:06.734+0000] {processor.py:743} INFO - Processing file /home/airflow/.local/lib/python3.7/site-packages/airflow/example_dags/example_latest_only_with_trigger.py for tasks to queue
[2023-01-31T10:30:06.736+0000] {logging_mixin.py:137} INFO - [2023-01-31T10:30:06.736+0000] {dagbag.py:538} INFO - Filling up the DagBag from /home/airflow/.local/lib/python3.7/site-packages/airflow/example_dags/example_latest_only_with_trigger.py
[2023-01-31T10:30:06.753+0000] {processor.py:753} INFO - DAG(s) dict_keys(['latest_only_with_trigger']) retrieved from /home/airflow/.local/lib/python3.7/site-packages/airflow/example_dags/example_latest_only_with_trigger.py
[2023-01-31T10:30:06.851+0000] {logging_mixin.py:137} INFO - [2023-01-31T10:30:06.851+0000] {dag.py:2690} INFO - Sync 1 DAGs
[2023-01-31T10:30:06.887+0000] {logging_mixin.py:137} INFO - [2023-01-31T10:30:06.887+0000] {dag.py:3441} INFO - Setting next_dagrun for latest_only_with_trigger to 2023-01-31T06:30:06.886909+00:00, run_after=2023-01-31T10:30:06.886909+00:00
[2023-01-31T10:30:06.919+0000] {processor.py:175} INFO - Processing /home/airflow/.local/lib/python3.7/site-packages/airflow/example_dags/example_latest_only_with_trigger.py took 0.191 seconds
[2023-01-31T10:30:37.654+0000] {processor.py:153} INFO - Started process (PID=2487) to work on /home/airflow/.local/lib/python3.7/site-packages/airflow/example_dags/example_latest_only_with_trigger.py
[2023-01-31T10:30:37.659+0000] {processor.py:743} INFO - Processing file /home/airflow/.local/lib/python3.7/site-packages/airflow/example_dags/example_latest_only_with_trigger.py for tasks to queue
[2023-01-31T10:30:37.665+0000] {logging_mixin.py:137} INFO - [2023-01-31T10:30:37.665+0000] {dagbag.py:538} INFO - Filling up the DagBag from /home/airflow/.local/lib/python3.7/site-packages/airflow/example_dags/example_latest_only_with_trigger.py
[2023-01-31T10:30:37.723+0000] {processor.py:753} INFO - DAG(s) dict_keys(['latest_only_with_trigger']) retrieved from /home/airflow/.local/lib/python3.7/site-packages/airflow/example_dags/example_latest_only_with_trigger.py
[2023-01-31T10:30:37.764+0000] {logging_mixin.py:137} INFO - [2023-01-31T10:30:37.764+0000] {dag.py:2690} INFO - Sync 1 DAGs
[2023-01-31T10:30:37.786+0000] {logging_mixin.py:137} INFO - [2023-01-31T10:30:37.786+0000] {dag.py:3441} INFO - Setting next_dagrun for latest_only_with_trigger to 2023-01-31T06:30:37.785774+00:00, run_after=2023-01-31T10:30:37.785774+00:00
[2023-01-31T10:30:37.802+0000] {processor.py:175} INFO - Processing /home/airflow/.local/lib/python3.7/site-packages/airflow/example_dags/example_latest_only_with_trigger.py took 0.152 seconds
[2023-01-31T10:31:08.355+0000] {processor.py:153} INFO - Started process (PID=2566) to work on /home/airflow/.local/lib/python3.7/site-packages/airflow/example_dags/example_latest_only_with_trigger.py
[2023-01-31T10:31:08.375+0000] {processor.py:743} INFO - Processing file /home/airflow/.local/lib/python3.7/site-packages/airflow/example_dags/example_latest_only_with_trigger.py for tasks to queue
[2023-01-31T10:31:08.385+0000] {logging_mixin.py:137} INFO - [2023-01-31T10:31:08.385+0000] {dagbag.py:538} INFO - Filling up the DagBag from /home/airflow/.local/lib/python3.7/site-packages/airflow/example_dags/example_latest_only_with_trigger.py
[2023-01-31T10:31:08.423+0000] {processor.py:753} INFO - DAG(s) dict_keys(['latest_only_with_trigger']) retrieved from /home/airflow/.local/lib/python3.7/site-packages/airflow/example_dags/example_latest_only_with_trigger.py
[2023-01-31T10:31:08.469+0000] {logging_mixin.py:137} INFO - [2023-01-31T10:31:08.469+0000] {dag.py:2690} INFO - Sync 1 DAGs
[2023-01-31T10:31:08.500+0000] {logging_mixin.py:137} INFO - [2023-01-31T10:31:08.500+0000] {dag.py:3441} INFO - Setting next_dagrun for latest_only_with_trigger to 2023-01-31T06:31:08.499933+00:00, run_after=2023-01-31T10:31:08.499933+00:00
[2023-01-31T10:31:08.656+0000] {processor.py:175} INFO - Processing /home/airflow/.local/lib/python3.7/site-packages/airflow/example_dags/example_latest_only_with_trigger.py took 0.305 seconds
[2023-01-31T10:31:39.359+0000] {processor.py:153} INFO - Started process (PID=2659) to work on /home/airflow/.local/lib/python3.7/site-packages/airflow/example_dags/example_latest_only_with_trigger.py
[2023-01-31T10:31:39.361+0000] {processor.py:743} INFO - Processing file /home/airflow/.local/lib/python3.7/site-packages/airflow/example_dags/example_latest_only_with_trigger.py for tasks to queue
[2023-01-31T10:31:39.362+0000] {logging_mixin.py:137} INFO - [2023-01-31T10:31:39.361+0000] {dagbag.py:538} INFO - Filling up the DagBag from /home/airflow/.local/lib/python3.7/site-packages/airflow/example_dags/example_latest_only_with_trigger.py
[2023-01-31T10:31:39.380+0000] {processor.py:753} INFO - DAG(s) dict_keys(['latest_only_with_trigger']) retrieved from /home/airflow/.local/lib/python3.7/site-packages/airflow/example_dags/example_latest_only_with_trigger.py
[2023-01-31T10:31:39.426+0000] {logging_mixin.py:137} INFO - [2023-01-31T10:31:39.426+0000] {dag.py:2690} INFO - Sync 1 DAGs
[2023-01-31T10:31:39.450+0000] {logging_mixin.py:137} INFO - [2023-01-31T10:31:39.450+0000] {dag.py:3441} INFO - Setting next_dagrun for latest_only_with_trigger to 2023-01-31T06:31:39.450180+00:00, run_after=2023-01-31T10:31:39.450180+00:00
[2023-01-31T10:31:39.485+0000] {processor.py:175} INFO - Processing /home/airflow/.local/lib/python3.7/site-packages/airflow/example_dags/example_latest_only_with_trigger.py took 0.130 seconds
[2023-01-31T10:32:10.392+0000] {processor.py:153} INFO - Started process (PID=2738) to work on /home/airflow/.local/lib/python3.7/site-packages/airflow/example_dags/example_latest_only_with_trigger.py
[2023-01-31T10:32:10.394+0000] {processor.py:743} INFO - Processing file /home/airflow/.local/lib/python3.7/site-packages/airflow/example_dags/example_latest_only_with_trigger.py for tasks to queue
[2023-01-31T10:32:10.396+0000] {logging_mixin.py:137} INFO - [2023-01-31T10:32:10.396+0000] {dagbag.py:538} INFO - Filling up the DagBag from /home/airflow/.local/lib/python3.7/site-packages/airflow/example_dags/example_latest_only_with_trigger.py
[2023-01-31T10:32:10.409+0000] {processor.py:753} INFO - DAG(s) dict_keys(['latest_only_with_trigger']) retrieved from /home/airflow/.local/lib/python3.7/site-packages/airflow/example_dags/example_latest_only_with_trigger.py
[2023-01-31T10:32:10.498+0000] {logging_mixin.py:137} INFO - [2023-01-31T10:32:10.498+0000] {dag.py:2690} INFO - Sync 1 DAGs
[2023-01-31T10:32:10.521+0000] {logging_mixin.py:137} INFO - [2023-01-31T10:32:10.521+0000] {dag.py:3441} INFO - Setting next_dagrun for latest_only_with_trigger to 2023-01-31T06:32:10.520626+00:00, run_after=2023-01-31T10:32:10.520626+00:00
[2023-01-31T10:32:10.556+0000] {processor.py:175} INFO - Processing /home/airflow/.local/lib/python3.7/site-packages/airflow/example_dags/example_latest_only_with_trigger.py took 0.168 seconds
[2023-01-31T10:32:41.430+0000] {processor.py:153} INFO - Started process (PID=2833) to work on /home/airflow/.local/lib/python3.7/site-packages/airflow/example_dags/example_latest_only_with_trigger.py
[2023-01-31T10:32:41.433+0000] {processor.py:743} INFO - Processing file /home/airflow/.local/lib/python3.7/site-packages/airflow/example_dags/example_latest_only_with_trigger.py for tasks to queue
[2023-01-31T10:32:41.435+0000] {logging_mixin.py:137} INFO - [2023-01-31T10:32:41.435+0000] {dagbag.py:538} INFO - Filling up the DagBag from /home/airflow/.local/lib/python3.7/site-packages/airflow/example_dags/example_latest_only_with_trigger.py
[2023-01-31T10:32:41.457+0000] {processor.py:753} INFO - DAG(s) dict_keys(['latest_only_with_trigger']) retrieved from /home/airflow/.local/lib/python3.7/site-packages/airflow/example_dags/example_latest_only_with_trigger.py
[2023-01-31T10:32:41.518+0000] {logging_mixin.py:137} INFO - [2023-01-31T10:32:41.518+0000] {dag.py:2690} INFO - Sync 1 DAGs
[2023-01-31T10:32:41.587+0000] {logging_mixin.py:137} INFO - [2023-01-31T10:32:41.587+0000] {dag.py:3441} INFO - Setting next_dagrun for latest_only_with_trigger to 2023-01-31T06:32:41.587285+00:00, run_after=2023-01-31T10:32:41.587285+00:00
[2023-01-31T10:32:41.623+0000] {processor.py:175} INFO - Processing /home/airflow/.local/lib/python3.7/site-packages/airflow/example_dags/example_latest_only_with_trigger.py took 0.196 seconds
[2023-01-31T10:33:11.998+0000] {processor.py:153} INFO - Started process (PID=2912) to work on /home/airflow/.local/lib/python3.7/site-packages/airflow/example_dags/example_latest_only_with_trigger.py
[2023-01-31T10:33:12.000+0000] {processor.py:743} INFO - Processing file /home/airflow/.local/lib/python3.7/site-packages/airflow/example_dags/example_latest_only_with_trigger.py for tasks to queue
[2023-01-31T10:33:12.002+0000] {logging_mixin.py:137} INFO - [2023-01-31T10:33:12.002+0000] {dagbag.py:538} INFO - Filling up the DagBag from /home/airflow/.local/lib/python3.7/site-packages/airflow/example_dags/example_latest_only_with_trigger.py
[2023-01-31T10:33:12.015+0000] {processor.py:753} INFO - DAG(s) dict_keys(['latest_only_with_trigger']) retrieved from /home/airflow/.local/lib/python3.7/site-packages/airflow/example_dags/example_latest_only_with_trigger.py
[2023-01-31T10:33:12.041+0000] {logging_mixin.py:137} INFO - [2023-01-31T10:33:12.041+0000] {dag.py:2690} INFO - Sync 1 DAGs
[2023-01-31T10:33:12.059+0000] {logging_mixin.py:137} INFO - [2023-01-31T10:33:12.059+0000] {dag.py:3441} INFO - Setting next_dagrun for latest_only_with_trigger to 2023-01-31T06:33:12.059225+00:00, run_after=2023-01-31T10:33:12.059225+00:00
[2023-01-31T10:33:12.071+0000] {processor.py:175} INFO - Processing /home/airflow/.local/lib/python3.7/site-packages/airflow/example_dags/example_latest_only_with_trigger.py took 0.077 seconds
[2023-01-31T10:33:42.720+0000] {processor.py:153} INFO - Started process (PID=2991) to work on /home/airflow/.local/lib/python3.7/site-packages/airflow/example_dags/example_latest_only_with_trigger.py
[2023-01-31T10:33:42.726+0000] {processor.py:743} INFO - Processing file /home/airflow/.local/lib/python3.7/site-packages/airflow/example_dags/example_latest_only_with_trigger.py for tasks to queue
[2023-01-31T10:33:42.729+0000] {logging_mixin.py:137} INFO - [2023-01-31T10:33:42.729+0000] {dagbag.py:538} INFO - Filling up the DagBag from /home/airflow/.local/lib/python3.7/site-packages/airflow/example_dags/example_latest_only_with_trigger.py
[2023-01-31T10:33:42.745+0000] {processor.py:753} INFO - DAG(s) dict_keys(['latest_only_with_trigger']) retrieved from /home/airflow/.local/lib/python3.7/site-packages/airflow/example_dags/example_latest_only_with_trigger.py
[2023-01-31T10:33:42.767+0000] {logging_mixin.py:137} INFO - [2023-01-31T10:33:42.767+0000] {dag.py:2690} INFO - Sync 1 DAGs
[2023-01-31T10:33:42.785+0000] {logging_mixin.py:137} INFO - [2023-01-31T10:33:42.785+0000] {dag.py:3441} INFO - Setting next_dagrun for latest_only_with_trigger to 2023-01-31T06:33:42.785500+00:00, run_after=2023-01-31T10:33:42.785500+00:00
[2023-01-31T10:33:42.803+0000] {processor.py:175} INFO - Processing /home/airflow/.local/lib/python3.7/site-packages/airflow/example_dags/example_latest_only_with_trigger.py took 0.086 seconds
[2023-01-31T10:34:13.038+0000] {processor.py:153} INFO - Started process (PID=3086) to work on /home/airflow/.local/lib/python3.7/site-packages/airflow/example_dags/example_latest_only_with_trigger.py
[2023-01-31T10:34:13.041+0000] {processor.py:743} INFO - Processing file /home/airflow/.local/lib/python3.7/site-packages/airflow/example_dags/example_latest_only_with_trigger.py for tasks to queue
[2023-01-31T10:34:13.044+0000] {logging_mixin.py:137} INFO - [2023-01-31T10:34:13.043+0000] {dagbag.py:538} INFO - Filling up the DagBag from /home/airflow/.local/lib/python3.7/site-packages/airflow/example_dags/example_latest_only_with_trigger.py
[2023-01-31T10:34:13.064+0000] {processor.py:753} INFO - DAG(s) dict_keys(['latest_only_with_trigger']) retrieved from /home/airflow/.local/lib/python3.7/site-packages/airflow/example_dags/example_latest_only_with_trigger.py
[2023-01-31T10:34:13.103+0000] {logging_mixin.py:137} INFO - [2023-01-31T10:34:13.103+0000] {dag.py:2690} INFO - Sync 1 DAGs
[2023-01-31T10:34:13.127+0000] {logging_mixin.py:137} INFO - [2023-01-31T10:34:13.127+0000] {dag.py:3441} INFO - Setting next_dagrun for latest_only_with_trigger to 2023-01-31T06:34:13.127255+00:00, run_after=2023-01-31T10:34:13.127255+00:00
[2023-01-31T10:34:13.150+0000] {processor.py:175} INFO - Processing /home/airflow/.local/lib/python3.7/site-packages/airflow/example_dags/example_latest_only_with_trigger.py took 0.115 seconds
[2023-01-31T10:34:43.265+0000] {processor.py:153} INFO - Started process (PID=3165) to work on /home/airflow/.local/lib/python3.7/site-packages/airflow/example_dags/example_latest_only_with_trigger.py
[2023-01-31T10:34:43.267+0000] {processor.py:743} INFO - Processing file /home/airflow/.local/lib/python3.7/site-packages/airflow/example_dags/example_latest_only_with_trigger.py for tasks to queue
[2023-01-31T10:34:43.269+0000] {logging_mixin.py:137} INFO - [2023-01-31T10:34:43.269+0000] {dagbag.py:538} INFO - Filling up the DagBag from /home/airflow/.local/lib/python3.7/site-packages/airflow/example_dags/example_latest_only_with_trigger.py
[2023-01-31T10:34:43.296+0000] {processor.py:753} INFO - DAG(s) dict_keys(['latest_only_with_trigger']) retrieved from /home/airflow/.local/lib/python3.7/site-packages/airflow/example_dags/example_latest_only_with_trigger.py
[2023-01-31T10:34:43.332+0000] {logging_mixin.py:137} INFO - [2023-01-31T10:34:43.331+0000] {dag.py:2690} INFO - Sync 1 DAGs
[2023-01-31T10:34:43.351+0000] {logging_mixin.py:137} INFO - [2023-01-31T10:34:43.351+0000] {dag.py:3441} INFO - Setting next_dagrun for latest_only_with_trigger to 2023-01-31T06:34:43.351390+00:00, run_after=2023-01-31T10:34:43.351390+00:00
[2023-01-31T10:34:43.367+0000] {processor.py:175} INFO - Processing /home/airflow/.local/lib/python3.7/site-packages/airflow/example_dags/example_latest_only_with_trigger.py took 0.105 seconds
[2023-01-31T10:35:14.388+0000] {processor.py:153} INFO - Started process (PID=3248) to work on /home/airflow/.local/lib/python3.7/site-packages/airflow/example_dags/example_latest_only_with_trigger.py
[2023-01-31T10:35:14.393+0000] {processor.py:743} INFO - Processing file /home/airflow/.local/lib/python3.7/site-packages/airflow/example_dags/example_latest_only_with_trigger.py for tasks to queue
[2023-01-31T10:35:14.399+0000] {logging_mixin.py:137} INFO - [2023-01-31T10:35:14.399+0000] {dagbag.py:538} INFO - Filling up the DagBag from /home/airflow/.local/lib/python3.7/site-packages/airflow/example_dags/example_latest_only_with_trigger.py
[2023-01-31T10:35:14.454+0000] {processor.py:753} INFO - DAG(s) dict_keys(['latest_only_with_trigger']) retrieved from /home/airflow/.local/lib/python3.7/site-packages/airflow/example_dags/example_latest_only_with_trigger.py
[2023-01-31T10:35:14.619+0000] {logging_mixin.py:137} INFO - [2023-01-31T10:35:14.619+0000] {dag.py:2690} INFO - Sync 1 DAGs
[2023-01-31T10:35:14.691+0000] {logging_mixin.py:137} INFO - [2023-01-31T10:35:14.691+0000] {dag.py:3441} INFO - Setting next_dagrun for latest_only_with_trigger to 2023-01-31T06:35:14.690981+00:00, run_after=2023-01-31T10:35:14.690981+00:00
[2023-01-31T10:35:14.732+0000] {processor.py:175} INFO - Processing /home/airflow/.local/lib/python3.7/site-packages/airflow/example_dags/example_latest_only_with_trigger.py took 0.349 seconds
[2023-01-31T10:35:45.335+0000] {processor.py:153} INFO - Started process (PID=3327) to work on /home/airflow/.local/lib/python3.7/site-packages/airflow/example_dags/example_latest_only_with_trigger.py
[2023-01-31T10:35:45.337+0000] {processor.py:743} INFO - Processing file /home/airflow/.local/lib/python3.7/site-packages/airflow/example_dags/example_latest_only_with_trigger.py for tasks to queue
[2023-01-31T10:35:45.338+0000] {logging_mixin.py:137} INFO - [2023-01-31T10:35:45.338+0000] {dagbag.py:538} INFO - Filling up the DagBag from /home/airflow/.local/lib/python3.7/site-packages/airflow/example_dags/example_latest_only_with_trigger.py
[2023-01-31T10:35:45.353+0000] {processor.py:753} INFO - DAG(s) dict_keys(['latest_only_with_trigger']) retrieved from /home/airflow/.local/lib/python3.7/site-packages/airflow/example_dags/example_latest_only_with_trigger.py
[2023-01-31T10:35:45.379+0000] {logging_mixin.py:137} INFO - [2023-01-31T10:35:45.379+0000] {dag.py:2690} INFO - Sync 1 DAGs
[2023-01-31T10:35:45.396+0000] {logging_mixin.py:137} INFO - [2023-01-31T10:35:45.396+0000] {dag.py:3441} INFO - Setting next_dagrun for latest_only_with_trigger to 2023-01-31T06:35:45.396497+00:00, run_after=2023-01-31T10:35:45.396497+00:00
[2023-01-31T10:35:45.421+0000] {processor.py:175} INFO - Processing /home/airflow/.local/lib/python3.7/site-packages/airflow/example_dags/example_latest_only_with_trigger.py took 0.090 seconds
[2023-01-31T10:36:15.774+0000] {processor.py:153} INFO - Started process (PID=3406) to work on /home/airflow/.local/lib/python3.7/site-packages/airflow/example_dags/example_latest_only_with_trigger.py
[2023-01-31T10:36:15.777+0000] {processor.py:743} INFO - Processing file /home/airflow/.local/lib/python3.7/site-packages/airflow/example_dags/example_latest_only_with_trigger.py for tasks to queue
[2023-01-31T10:36:15.779+0000] {logging_mixin.py:137} INFO - [2023-01-31T10:36:15.779+0000] {dagbag.py:538} INFO - Filling up the DagBag from /home/airflow/.local/lib/python3.7/site-packages/airflow/example_dags/example_latest_only_with_trigger.py
[2023-01-31T10:36:15.791+0000] {processor.py:753} INFO - DAG(s) dict_keys(['latest_only_with_trigger']) retrieved from /home/airflow/.local/lib/python3.7/site-packages/airflow/example_dags/example_latest_only_with_trigger.py
[2023-01-31T10:36:15.814+0000] {logging_mixin.py:137} INFO - [2023-01-31T10:36:15.813+0000] {dag.py:2690} INFO - Sync 1 DAGs
[2023-01-31T10:36:15.832+0000] {logging_mixin.py:137} INFO - [2023-01-31T10:36:15.832+0000] {dag.py:3441} INFO - Setting next_dagrun for latest_only_with_trigger to 2023-01-31T06:36:15.832323+00:00, run_after=2023-01-31T10:36:15.832323+00:00
[2023-01-31T10:36:15.846+0000] {processor.py:175} INFO - Processing /home/airflow/.local/lib/python3.7/site-packages/airflow/example_dags/example_latest_only_with_trigger.py took 0.075 seconds
[2023-01-31T10:36:48.005+0000] {processor.py:153} INFO - Started process (PID=3489) to work on /home/airflow/.local/lib/python3.7/site-packages/airflow/example_dags/example_latest_only_with_trigger.py
[2023-01-31T10:36:48.009+0000] {processor.py:743} INFO - Processing file /home/airflow/.local/lib/python3.7/site-packages/airflow/example_dags/example_latest_only_with_trigger.py for tasks to queue
[2023-01-31T10:36:48.011+0000] {logging_mixin.py:137} INFO - [2023-01-31T10:36:48.011+0000] {dagbag.py:538} INFO - Filling up the DagBag from /home/airflow/.local/lib/python3.7/site-packages/airflow/example_dags/example_latest_only_with_trigger.py
[2023-01-31T10:36:48.028+0000] {processor.py:753} INFO - DAG(s) dict_keys(['latest_only_with_trigger']) retrieved from /home/airflow/.local/lib/python3.7/site-packages/airflow/example_dags/example_latest_only_with_trigger.py
[2023-01-31T10:36:48.071+0000] {logging_mixin.py:137} INFO - [2023-01-31T10:36:48.071+0000] {dag.py:2690} INFO - Sync 1 DAGs
[2023-01-31T10:36:48.094+0000] {logging_mixin.py:137} INFO - [2023-01-31T10:36:48.094+0000] {dag.py:3441} INFO - Setting next_dagrun for latest_only_with_trigger to 2023-01-31T06:36:48.094587+00:00, run_after=2023-01-31T10:36:48.094587+00:00
[2023-01-31T10:36:48.118+0000] {processor.py:175} INFO - Processing /home/airflow/.local/lib/python3.7/site-packages/airflow/example_dags/example_latest_only_with_trigger.py took 0.116 seconds
[2023-01-31T10:37:21.059+0000] {processor.py:153} INFO - Started process (PID=3569) to work on /home/airflow/.local/lib/python3.7/site-packages/airflow/example_dags/example_latest_only_with_trigger.py
[2023-01-31T10:37:21.060+0000] {processor.py:743} INFO - Processing file /home/airflow/.local/lib/python3.7/site-packages/airflow/example_dags/example_latest_only_with_trigger.py for tasks to queue
[2023-01-31T10:37:21.062+0000] {logging_mixin.py:137} INFO - [2023-01-31T10:37:21.062+0000] {dagbag.py:538} INFO - Filling up the DagBag from /home/airflow/.local/lib/python3.7/site-packages/airflow/example_dags/example_latest_only_with_trigger.py
[2023-01-31T10:37:21.078+0000] {processor.py:753} INFO - DAG(s) dict_keys(['latest_only_with_trigger']) retrieved from /home/airflow/.local/lib/python3.7/site-packages/airflow/example_dags/example_latest_only_with_trigger.py
[2023-01-31T10:37:21.133+0000] {logging_mixin.py:137} INFO - [2023-01-31T10:37:21.132+0000] {dag.py:2690} INFO - Sync 1 DAGs
[2023-01-31T10:37:21.160+0000] {logging_mixin.py:137} INFO - [2023-01-31T10:37:21.160+0000] {dag.py:3441} INFO - Setting next_dagrun for latest_only_with_trigger to 2023-01-31T06:37:21.160383+00:00, run_after=2023-01-31T10:37:21.160383+00:00
[2023-01-31T10:37:21.178+0000] {processor.py:175} INFO - Processing /home/airflow/.local/lib/python3.7/site-packages/airflow/example_dags/example_latest_only_with_trigger.py took 0.122 seconds
[2023-01-31T10:37:53.663+0000] {processor.py:153} INFO - Started process (PID=3664) to work on /home/airflow/.local/lib/python3.7/site-packages/airflow/example_dags/example_latest_only_with_trigger.py
[2023-01-31T10:37:53.701+0000] {processor.py:743} INFO - Processing file /home/airflow/.local/lib/python3.7/site-packages/airflow/example_dags/example_latest_only_with_trigger.py for tasks to queue
[2023-01-31T10:37:53.702+0000] {logging_mixin.py:137} INFO - [2023-01-31T10:37:53.702+0000] {dagbag.py:538} INFO - Filling up the DagBag from /home/airflow/.local/lib/python3.7/site-packages/airflow/example_dags/example_latest_only_with_trigger.py
[2023-01-31T10:37:53.717+0000] {processor.py:753} INFO - DAG(s) dict_keys(['latest_only_with_trigger']) retrieved from /home/airflow/.local/lib/python3.7/site-packages/airflow/example_dags/example_latest_only_with_trigger.py
[2023-01-31T10:37:53.789+0000] {logging_mixin.py:137} INFO - [2023-01-31T10:37:53.789+0000] {dag.py:2690} INFO - Sync 1 DAGs
[2023-01-31T10:37:53.812+0000] {logging_mixin.py:137} INFO - [2023-01-31T10:37:53.812+0000] {dag.py:3441} INFO - Setting next_dagrun for latest_only_with_trigger to 2023-01-31T06:37:53.812513+00:00, run_after=2023-01-31T10:37:53.812513+00:00
[2023-01-31T10:37:53.832+0000] {processor.py:175} INFO - Processing /home/airflow/.local/lib/python3.7/site-packages/airflow/example_dags/example_latest_only_with_trigger.py took 0.219 seconds
[2023-01-31T10:38:24.525+0000] {processor.py:153} INFO - Started process (PID=3743) to work on /home/airflow/.local/lib/python3.7/site-packages/airflow/example_dags/example_latest_only_with_trigger.py
[2023-01-31T10:38:24.527+0000] {processor.py:743} INFO - Processing file /home/airflow/.local/lib/python3.7/site-packages/airflow/example_dags/example_latest_only_with_trigger.py for tasks to queue
[2023-01-31T10:38:24.530+0000] {logging_mixin.py:137} INFO - [2023-01-31T10:38:24.529+0000] {dagbag.py:538} INFO - Filling up the DagBag from /home/airflow/.local/lib/python3.7/site-packages/airflow/example_dags/example_latest_only_with_trigger.py
[2023-01-31T10:38:24.555+0000] {processor.py:753} INFO - DAG(s) dict_keys(['latest_only_with_trigger']) retrieved from /home/airflow/.local/lib/python3.7/site-packages/airflow/example_dags/example_latest_only_with_trigger.py
[2023-01-31T10:38:24.590+0000] {logging_mixin.py:137} INFO - [2023-01-31T10:38:24.589+0000] {dag.py:2690} INFO - Sync 1 DAGs
[2023-01-31T10:38:24.645+0000] {logging_mixin.py:137} INFO - [2023-01-31T10:38:24.645+0000] {dag.py:3441} INFO - Setting next_dagrun for latest_only_with_trigger to 2023-01-31T06:38:24.645358+00:00, run_after=2023-01-31T10:38:24.645358+00:00
[2023-01-31T10:38:24.721+0000] {processor.py:175} INFO - Processing /home/airflow/.local/lib/python3.7/site-packages/airflow/example_dags/example_latest_only_with_trigger.py took 0.201 seconds
[2023-01-31T10:38:54.890+0000] {processor.py:153} INFO - Started process (PID=3826) to work on /home/airflow/.local/lib/python3.7/site-packages/airflow/example_dags/example_latest_only_with_trigger.py
[2023-01-31T10:38:54.898+0000] {processor.py:743} INFO - Processing file /home/airflow/.local/lib/python3.7/site-packages/airflow/example_dags/example_latest_only_with_trigger.py for tasks to queue
[2023-01-31T10:38:54.902+0000] {logging_mixin.py:137} INFO - [2023-01-31T10:38:54.902+0000] {dagbag.py:538} INFO - Filling up the DagBag from /home/airflow/.local/lib/python3.7/site-packages/airflow/example_dags/example_latest_only_with_trigger.py
[2023-01-31T10:38:54.930+0000] {processor.py:753} INFO - DAG(s) dict_keys(['latest_only_with_trigger']) retrieved from /home/airflow/.local/lib/python3.7/site-packages/airflow/example_dags/example_latest_only_with_trigger.py
[2023-01-31T10:38:54.970+0000] {logging_mixin.py:137} INFO - [2023-01-31T10:38:54.970+0000] {dag.py:2690} INFO - Sync 1 DAGs
[2023-01-31T10:38:54.999+0000] {logging_mixin.py:137} INFO - [2023-01-31T10:38:54.999+0000] {dag.py:3441} INFO - Setting next_dagrun for latest_only_with_trigger to 2023-01-31T06:38:54.998784+00:00, run_after=2023-01-31T10:38:54.998784+00:00
[2023-01-31T10:38:55.065+0000] {processor.py:175} INFO - Processing /home/airflow/.local/lib/python3.7/site-packages/airflow/example_dags/example_latest_only_with_trigger.py took 0.179 seconds
[2023-01-31T10:39:25.316+0000] {processor.py:153} INFO - Started process (PID=3904) to work on /home/airflow/.local/lib/python3.7/site-packages/airflow/example_dags/example_latest_only_with_trigger.py
[2023-01-31T10:39:25.317+0000] {processor.py:743} INFO - Processing file /home/airflow/.local/lib/python3.7/site-packages/airflow/example_dags/example_latest_only_with_trigger.py for tasks to queue
[2023-01-31T10:39:25.318+0000] {logging_mixin.py:137} INFO - [2023-01-31T10:39:25.318+0000] {dagbag.py:538} INFO - Filling up the DagBag from /home/airflow/.local/lib/python3.7/site-packages/airflow/example_dags/example_latest_only_with_trigger.py
[2023-01-31T10:39:25.329+0000] {processor.py:753} INFO - DAG(s) dict_keys(['latest_only_with_trigger']) retrieved from /home/airflow/.local/lib/python3.7/site-packages/airflow/example_dags/example_latest_only_with_trigger.py
[2023-01-31T10:39:25.366+0000] {logging_mixin.py:137} INFO - [2023-01-31T10:39:25.366+0000] {dag.py:2690} INFO - Sync 1 DAGs
[2023-01-31T10:39:25.395+0000] {logging_mixin.py:137} INFO - [2023-01-31T10:39:25.395+0000] {dag.py:3441} INFO - Setting next_dagrun for latest_only_with_trigger to 2023-01-31T06:39:25.395041+00:00, run_after=2023-01-31T10:39:25.395041+00:00
[2023-01-31T10:39:25.407+0000] {processor.py:175} INFO - Processing /home/airflow/.local/lib/python3.7/site-packages/airflow/example_dags/example_latest_only_with_trigger.py took 0.094 seconds
[2023-01-31T10:39:55.781+0000] {processor.py:153} INFO - Started process (PID=3983) to work on /home/airflow/.local/lib/python3.7/site-packages/airflow/example_dags/example_latest_only_with_trigger.py
[2023-01-31T10:39:55.783+0000] {processor.py:743} INFO - Processing file /home/airflow/.local/lib/python3.7/site-packages/airflow/example_dags/example_latest_only_with_trigger.py for tasks to queue
[2023-01-31T10:39:55.785+0000] {logging_mixin.py:137} INFO - [2023-01-31T10:39:55.785+0000] {dagbag.py:538} INFO - Filling up the DagBag from /home/airflow/.local/lib/python3.7/site-packages/airflow/example_dags/example_latest_only_with_trigger.py
[2023-01-31T10:39:55.800+0000] {processor.py:753} INFO - DAG(s) dict_keys(['latest_only_with_trigger']) retrieved from /home/airflow/.local/lib/python3.7/site-packages/airflow/example_dags/example_latest_only_with_trigger.py
[2023-01-31T10:39:55.826+0000] {logging_mixin.py:137} INFO - [2023-01-31T10:39:55.826+0000] {dag.py:2690} INFO - Sync 1 DAGs
[2023-01-31T10:39:55.848+0000] {logging_mixin.py:137} INFO - [2023-01-31T10:39:55.848+0000] {dag.py:3441} INFO - Setting next_dagrun for latest_only_with_trigger to 2023-01-31T06:39:55.848238+00:00, run_after=2023-01-31T10:39:55.848238+00:00
[2023-01-31T10:39:55.862+0000] {processor.py:175} INFO - Processing /home/airflow/.local/lib/python3.7/site-packages/airflow/example_dags/example_latest_only_with_trigger.py took 0.086 seconds
[2023-01-31T10:40:25.928+0000] {processor.py:153} INFO - Started process (PID=4062) to work on /home/airflow/.local/lib/python3.7/site-packages/airflow/example_dags/example_latest_only_with_trigger.py
[2023-01-31T10:40:25.930+0000] {processor.py:743} INFO - Processing file /home/airflow/.local/lib/python3.7/site-packages/airflow/example_dags/example_latest_only_with_trigger.py for tasks to queue
[2023-01-31T10:40:25.931+0000] {logging_mixin.py:137} INFO - [2023-01-31T10:40:25.931+0000] {dagbag.py:538} INFO - Filling up the DagBag from /home/airflow/.local/lib/python3.7/site-packages/airflow/example_dags/example_latest_only_with_trigger.py
[2023-01-31T10:40:25.944+0000] {processor.py:753} INFO - DAG(s) dict_keys(['latest_only_with_trigger']) retrieved from /home/airflow/.local/lib/python3.7/site-packages/airflow/example_dags/example_latest_only_with_trigger.py
[2023-01-31T10:40:25.973+0000] {logging_mixin.py:137} INFO - [2023-01-31T10:40:25.973+0000] {dag.py:2690} INFO - Sync 1 DAGs
[2023-01-31T10:40:26.007+0000] {logging_mixin.py:137} INFO - [2023-01-31T10:40:26.006+0000] {dag.py:3441} INFO - Setting next_dagrun for latest_only_with_trigger to 2023-01-31T06:40:26.006628+00:00, run_after=2023-01-31T10:40:26.006628+00:00
[2023-01-31T10:40:26.030+0000] {processor.py:175} INFO - Processing /home/airflow/.local/lib/python3.7/site-packages/airflow/example_dags/example_latest_only_with_trigger.py took 0.105 seconds
[2023-01-31T10:40:58.599+0000] {processor.py:153} INFO - Started process (PID=4149) to work on /home/airflow/.local/lib/python3.7/site-packages/airflow/example_dags/example_latest_only_with_trigger.py
[2023-01-31T10:40:58.603+0000] {processor.py:743} INFO - Processing file /home/airflow/.local/lib/python3.7/site-packages/airflow/example_dags/example_latest_only_with_trigger.py for tasks to queue
[2023-01-31T10:40:58.633+0000] {logging_mixin.py:137} INFO - [2023-01-31T10:40:58.633+0000] {dagbag.py:538} INFO - Filling up the DagBag from /home/airflow/.local/lib/python3.7/site-packages/airflow/example_dags/example_latest_only_with_trigger.py
[2023-01-31T10:40:58.687+0000] {processor.py:753} INFO - DAG(s) dict_keys(['latest_only_with_trigger']) retrieved from /home/airflow/.local/lib/python3.7/site-packages/airflow/example_dags/example_latest_only_with_trigger.py
[2023-01-31T10:40:58.779+0000] {logging_mixin.py:137} INFO - [2023-01-31T10:40:58.779+0000] {dag.py:2690} INFO - Sync 1 DAGs
[2023-01-31T10:40:58.971+0000] {logging_mixin.py:137} INFO - [2023-01-31T10:40:58.971+0000] {dag.py:3441} INFO - Setting next_dagrun for latest_only_with_trigger to 2023-01-31T06:40:58.971019+00:00, run_after=2023-01-31T10:40:58.971019+00:00
[2023-01-31T10:40:58.997+0000] {processor.py:175} INFO - Processing /home/airflow/.local/lib/python3.7/site-packages/airflow/example_dags/example_latest_only_with_trigger.py took 0.402 seconds
[2023-01-31T10:41:29.253+0000] {processor.py:153} INFO - Started process (PID=4219) to work on /home/airflow/.local/lib/python3.7/site-packages/airflow/example_dags/example_latest_only_with_trigger.py
[2023-01-31T10:41:29.254+0000] {processor.py:743} INFO - Processing file /home/airflow/.local/lib/python3.7/site-packages/airflow/example_dags/example_latest_only_with_trigger.py for tasks to queue
[2023-01-31T10:41:29.255+0000] {logging_mixin.py:137} INFO - [2023-01-31T10:41:29.255+0000] {dagbag.py:538} INFO - Filling up the DagBag from /home/airflow/.local/lib/python3.7/site-packages/airflow/example_dags/example_latest_only_with_trigger.py
[2023-01-31T10:41:29.268+0000] {processor.py:753} INFO - DAG(s) dict_keys(['latest_only_with_trigger']) retrieved from /home/airflow/.local/lib/python3.7/site-packages/airflow/example_dags/example_latest_only_with_trigger.py
[2023-01-31T10:41:29.306+0000] {logging_mixin.py:137} INFO - [2023-01-31T10:41:29.305+0000] {dag.py:2690} INFO - Sync 1 DAGs
[2023-01-31T10:41:29.352+0000] {logging_mixin.py:137} INFO - [2023-01-31T10:41:29.352+0000] {dag.py:3441} INFO - Setting next_dagrun for latest_only_with_trigger to 2023-01-31T06:41:29.351262+00:00, run_after=2023-01-31T10:41:29.351262+00:00
[2023-01-31T10:41:29.376+0000] {processor.py:175} INFO - Processing /home/airflow/.local/lib/python3.7/site-packages/airflow/example_dags/example_latest_only_with_trigger.py took 0.126 seconds
[2023-01-31T10:42:03.019+0000] {processor.py:153} INFO - Started process (PID=4315) to work on /home/airflow/.local/lib/python3.7/site-packages/airflow/example_dags/example_latest_only_with_trigger.py
[2023-01-31T10:42:03.021+0000] {processor.py:743} INFO - Processing file /home/airflow/.local/lib/python3.7/site-packages/airflow/example_dags/example_latest_only_with_trigger.py for tasks to queue
[2023-01-31T10:42:03.024+0000] {logging_mixin.py:137} INFO - [2023-01-31T10:42:03.024+0000] {dagbag.py:538} INFO - Filling up the DagBag from /home/airflow/.local/lib/python3.7/site-packages/airflow/example_dags/example_latest_only_with_trigger.py
[2023-01-31T10:42:03.037+0000] {processor.py:753} INFO - DAG(s) dict_keys(['latest_only_with_trigger']) retrieved from /home/airflow/.local/lib/python3.7/site-packages/airflow/example_dags/example_latest_only_with_trigger.py
[2023-01-31T10:42:03.064+0000] {logging_mixin.py:137} INFO - [2023-01-31T10:42:03.064+0000] {dag.py:2690} INFO - Sync 1 DAGs
[2023-01-31T10:42:03.085+0000] {logging_mixin.py:137} INFO - [2023-01-31T10:42:03.085+0000] {dag.py:3441} INFO - Setting next_dagrun for latest_only_with_trigger to 2023-01-31T06:42:03.085078+00:00, run_after=2023-01-31T10:42:03.085078+00:00
[2023-01-31T10:42:03.118+0000] {processor.py:175} INFO - Processing /home/airflow/.local/lib/python3.7/site-packages/airflow/example_dags/example_latest_only_with_trigger.py took 0.106 seconds
[2023-01-31T10:42:36.522+0000] {processor.py:153} INFO - Started process (PID=4395) to work on /home/airflow/.local/lib/python3.7/site-packages/airflow/example_dags/example_latest_only_with_trigger.py
[2023-01-31T10:42:36.523+0000] {processor.py:743} INFO - Processing file /home/airflow/.local/lib/python3.7/site-packages/airflow/example_dags/example_latest_only_with_trigger.py for tasks to queue
[2023-01-31T10:42:36.524+0000] {logging_mixin.py:137} INFO - [2023-01-31T10:42:36.524+0000] {dagbag.py:538} INFO - Filling up the DagBag from /home/airflow/.local/lib/python3.7/site-packages/airflow/example_dags/example_latest_only_with_trigger.py
[2023-01-31T10:42:36.537+0000] {processor.py:753} INFO - DAG(s) dict_keys(['latest_only_with_trigger']) retrieved from /home/airflow/.local/lib/python3.7/site-packages/airflow/example_dags/example_latest_only_with_trigger.py
[2023-01-31T10:42:36.560+0000] {logging_mixin.py:137} INFO - [2023-01-31T10:42:36.560+0000] {dag.py:2690} INFO - Sync 1 DAGs
[2023-01-31T10:42:36.577+0000] {logging_mixin.py:137} INFO - [2023-01-31T10:42:36.577+0000] {dag.py:3441} INFO - Setting next_dagrun for latest_only_with_trigger to 2023-01-31T06:42:36.577363+00:00, run_after=2023-01-31T10:42:36.577363+00:00
[2023-01-31T10:42:36.598+0000] {processor.py:175} INFO - Processing /home/airflow/.local/lib/python3.7/site-packages/airflow/example_dags/example_latest_only_with_trigger.py took 0.079 seconds
[2023-01-31T10:43:12.774+0000] {processor.py:153} INFO - Started process (PID=4495) to work on /home/airflow/.local/lib/python3.7/site-packages/airflow/example_dags/example_latest_only_with_trigger.py
[2023-01-31T10:43:12.780+0000] {processor.py:743} INFO - Processing file /home/airflow/.local/lib/python3.7/site-packages/airflow/example_dags/example_latest_only_with_trigger.py for tasks to queue
[2023-01-31T10:43:12.783+0000] {logging_mixin.py:137} INFO - [2023-01-31T10:43:12.783+0000] {dagbag.py:538} INFO - Filling up the DagBag from /home/airflow/.local/lib/python3.7/site-packages/airflow/example_dags/example_latest_only_with_trigger.py
[2023-01-31T10:43:12.803+0000] {processor.py:753} INFO - DAG(s) dict_keys(['latest_only_with_trigger']) retrieved from /home/airflow/.local/lib/python3.7/site-packages/airflow/example_dags/example_latest_only_with_trigger.py
[2023-01-31T10:43:12.832+0000] {logging_mixin.py:137} INFO - [2023-01-31T10:43:12.832+0000] {dag.py:2690} INFO - Sync 1 DAGs
[2023-01-31T10:43:12.856+0000] {logging_mixin.py:137} INFO - [2023-01-31T10:43:12.856+0000] {dag.py:3441} INFO - Setting next_dagrun for latest_only_with_trigger to 2023-01-31T06:43:12.855853+00:00, run_after=2023-01-31T10:43:12.855853+00:00
[2023-01-31T10:43:12.881+0000] {processor.py:175} INFO - Processing /home/airflow/.local/lib/python3.7/site-packages/airflow/example_dags/example_latest_only_with_trigger.py took 0.115 seconds
[2023-01-31T10:43:43.317+0000] {processor.py:153} INFO - Started process (PID=4573) to work on /home/airflow/.local/lib/python3.7/site-packages/airflow/example_dags/example_latest_only_with_trigger.py
[2023-01-31T10:43:43.319+0000] {processor.py:743} INFO - Processing file /home/airflow/.local/lib/python3.7/site-packages/airflow/example_dags/example_latest_only_with_trigger.py for tasks to queue
[2023-01-31T10:43:43.322+0000] {logging_mixin.py:137} INFO - [2023-01-31T10:43:43.322+0000] {dagbag.py:538} INFO - Filling up the DagBag from /home/airflow/.local/lib/python3.7/site-packages/airflow/example_dags/example_latest_only_with_trigger.py
[2023-01-31T10:43:43.340+0000] {processor.py:753} INFO - DAG(s) dict_keys(['latest_only_with_trigger']) retrieved from /home/airflow/.local/lib/python3.7/site-packages/airflow/example_dags/example_latest_only_with_trigger.py
[2023-01-31T10:43:43.388+0000] {logging_mixin.py:137} INFO - [2023-01-31T10:43:43.388+0000] {dag.py:2690} INFO - Sync 1 DAGs
[2023-01-31T10:43:43.436+0000] {logging_mixin.py:137} INFO - [2023-01-31T10:43:43.436+0000] {dag.py:3441} INFO - Setting next_dagrun for latest_only_with_trigger to 2023-01-31T06:43:43.435765+00:00, run_after=2023-01-31T10:43:43.435765+00:00
[2023-01-31T10:43:43.467+0000] {processor.py:175} INFO - Processing /home/airflow/.local/lib/python3.7/site-packages/airflow/example_dags/example_latest_only_with_trigger.py took 0.153 seconds
