[2023-01-31T10:15:33.105+0000] {processor.py:153} INFO - Started process (PID=84) to work on /home/airflow/.local/lib/python3.7/site-packages/airflow/example_dags/tutorial_dag.py
[2023-01-31T10:15:33.115+0000] {processor.py:743} INFO - Processing file /home/airflow/.local/lib/python3.7/site-packages/airflow/example_dags/tutorial_dag.py for tasks to queue
[2023-01-31T10:15:33.136+0000] {logging_mixin.py:137} INFO - [2023-01-31T10:15:33.136+0000] {dagbag.py:538} INFO - Filling up the DagBag from /home/airflow/.local/lib/python3.7/site-packages/airflow/example_dags/tutorial_dag.py
[2023-01-31T10:15:33.160+0000] {processor.py:753} INFO - DAG(s) dict_keys(['tutorial_dag']) retrieved from /home/airflow/.local/lib/python3.7/site-packages/airflow/example_dags/tutorial_dag.py
[2023-01-31T10:15:33.259+0000] {logging_mixin.py:137} INFO - [2023-01-31T10:15:33.259+0000] {dag.py:2690} INFO - Sync 1 DAGs
[2023-01-31T10:15:33.296+0000] {logging_mixin.py:137} INFO - [2023-01-31T10:15:33.296+0000] {dag.py:3441} INFO - Setting next_dagrun for tutorial_dag to None, run_after=None
[2023-01-31T10:15:33.546+0000] {processor.py:175} INFO - Processing /home/airflow/.local/lib/python3.7/site-packages/airflow/example_dags/tutorial_dag.py took 0.455 seconds
[2023-01-31T10:16:04.466+0000] {processor.py:153} INFO - Started process (PID=167) to work on /home/airflow/.local/lib/python3.7/site-packages/airflow/example_dags/tutorial_dag.py
[2023-01-31T10:16:04.469+0000] {processor.py:743} INFO - Processing file /home/airflow/.local/lib/python3.7/site-packages/airflow/example_dags/tutorial_dag.py for tasks to queue
[2023-01-31T10:16:04.470+0000] {logging_mixin.py:137} INFO - [2023-01-31T10:16:04.470+0000] {dagbag.py:538} INFO - Filling up the DagBag from /home/airflow/.local/lib/python3.7/site-packages/airflow/example_dags/tutorial_dag.py
[2023-01-31T10:16:04.492+0000] {processor.py:753} INFO - DAG(s) dict_keys(['tutorial_dag']) retrieved from /home/airflow/.local/lib/python3.7/site-packages/airflow/example_dags/tutorial_dag.py
[2023-01-31T10:16:04.530+0000] {logging_mixin.py:137} INFO - [2023-01-31T10:16:04.530+0000] {dag.py:2690} INFO - Sync 1 DAGs
[2023-01-31T10:16:04.557+0000] {logging_mixin.py:137} INFO - [2023-01-31T10:16:04.557+0000] {dag.py:3441} INFO - Setting next_dagrun for tutorial_dag to None, run_after=None
[2023-01-31T10:16:04.577+0000] {processor.py:175} INFO - Processing /home/airflow/.local/lib/python3.7/site-packages/airflow/example_dags/tutorial_dag.py took 0.117 seconds
[2023-01-31T10:16:34.668+0000] {processor.py:153} INFO - Started process (PID=262) to work on /home/airflow/.local/lib/python3.7/site-packages/airflow/example_dags/tutorial_dag.py
[2023-01-31T10:16:34.670+0000] {processor.py:743} INFO - Processing file /home/airflow/.local/lib/python3.7/site-packages/airflow/example_dags/tutorial_dag.py for tasks to queue
[2023-01-31T10:16:34.672+0000] {logging_mixin.py:137} INFO - [2023-01-31T10:16:34.672+0000] {dagbag.py:538} INFO - Filling up the DagBag from /home/airflow/.local/lib/python3.7/site-packages/airflow/example_dags/tutorial_dag.py
[2023-01-31T10:16:34.683+0000] {processor.py:753} INFO - DAG(s) dict_keys(['tutorial_dag']) retrieved from /home/airflow/.local/lib/python3.7/site-packages/airflow/example_dags/tutorial_dag.py
[2023-01-31T10:16:34.708+0000] {logging_mixin.py:137} INFO - [2023-01-31T10:16:34.707+0000] {dag.py:2690} INFO - Sync 1 DAGs
[2023-01-31T10:16:34.725+0000] {logging_mixin.py:137} INFO - [2023-01-31T10:16:34.725+0000] {dag.py:3441} INFO - Setting next_dagrun for tutorial_dag to None, run_after=None
[2023-01-31T10:16:34.741+0000] {processor.py:175} INFO - Processing /home/airflow/.local/lib/python3.7/site-packages/airflow/example_dags/tutorial_dag.py took 0.075 seconds
[2023-01-31T10:17:06.939+0000] {processor.py:153} INFO - Started process (PID=341) to work on /home/airflow/.local/lib/python3.7/site-packages/airflow/example_dags/tutorial_dag.py
[2023-01-31T10:17:06.944+0000] {processor.py:743} INFO - Processing file /home/airflow/.local/lib/python3.7/site-packages/airflow/example_dags/tutorial_dag.py for tasks to queue
[2023-01-31T10:17:06.947+0000] {logging_mixin.py:137} INFO - [2023-01-31T10:17:06.947+0000] {dagbag.py:538} INFO - Filling up the DagBag from /home/airflow/.local/lib/python3.7/site-packages/airflow/example_dags/tutorial_dag.py
[2023-01-31T10:17:06.973+0000] {processor.py:753} INFO - DAG(s) dict_keys(['tutorial_dag']) retrieved from /home/airflow/.local/lib/python3.7/site-packages/airflow/example_dags/tutorial_dag.py
[2023-01-31T10:17:07.042+0000] {logging_mixin.py:137} INFO - [2023-01-31T10:17:07.041+0000] {dag.py:2690} INFO - Sync 1 DAGs
[2023-01-31T10:17:07.079+0000] {logging_mixin.py:137} INFO - [2023-01-31T10:17:07.079+0000] {dag.py:3441} INFO - Setting next_dagrun for tutorial_dag to None, run_after=None
[2023-01-31T10:17:07.116+0000] {processor.py:175} INFO - Processing /home/airflow/.local/lib/python3.7/site-packages/airflow/example_dags/tutorial_dag.py took 0.184 seconds
[2023-01-31T10:17:37.654+0000] {processor.py:153} INFO - Started process (PID=419) to work on /home/airflow/.local/lib/python3.7/site-packages/airflow/example_dags/tutorial_dag.py
[2023-01-31T10:17:37.656+0000] {processor.py:743} INFO - Processing file /home/airflow/.local/lib/python3.7/site-packages/airflow/example_dags/tutorial_dag.py for tasks to queue
[2023-01-31T10:17:37.657+0000] {logging_mixin.py:137} INFO - [2023-01-31T10:17:37.657+0000] {dagbag.py:538} INFO - Filling up the DagBag from /home/airflow/.local/lib/python3.7/site-packages/airflow/example_dags/tutorial_dag.py
[2023-01-31T10:17:37.669+0000] {processor.py:753} INFO - DAG(s) dict_keys(['tutorial_dag']) retrieved from /home/airflow/.local/lib/python3.7/site-packages/airflow/example_dags/tutorial_dag.py
[2023-01-31T10:17:37.694+0000] {logging_mixin.py:137} INFO - [2023-01-31T10:17:37.694+0000] {dag.py:2690} INFO - Sync 1 DAGs
[2023-01-31T10:17:37.710+0000] {logging_mixin.py:137} INFO - [2023-01-31T10:17:37.710+0000] {dag.py:3441} INFO - Setting next_dagrun for tutorial_dag to None, run_after=None
[2023-01-31T10:17:37.726+0000] {processor.py:175} INFO - Processing /home/airflow/.local/lib/python3.7/site-packages/airflow/example_dags/tutorial_dag.py took 0.075 seconds
[2023-01-31T10:18:08.908+0000] {processor.py:153} INFO - Started process (PID=498) to work on /home/airflow/.local/lib/python3.7/site-packages/airflow/example_dags/tutorial_dag.py
[2023-01-31T10:18:08.935+0000] {processor.py:743} INFO - Processing file /home/airflow/.local/lib/python3.7/site-packages/airflow/example_dags/tutorial_dag.py for tasks to queue
[2023-01-31T10:18:08.951+0000] {logging_mixin.py:137} INFO - [2023-01-31T10:18:08.951+0000] {dagbag.py:538} INFO - Filling up the DagBag from /home/airflow/.local/lib/python3.7/site-packages/airflow/example_dags/tutorial_dag.py
[2023-01-31T10:18:08.971+0000] {processor.py:753} INFO - DAG(s) dict_keys(['tutorial_dag']) retrieved from /home/airflow/.local/lib/python3.7/site-packages/airflow/example_dags/tutorial_dag.py
[2023-01-31T10:18:09.024+0000] {logging_mixin.py:137} INFO - [2023-01-31T10:18:09.024+0000] {dag.py:2690} INFO - Sync 1 DAGs
[2023-01-31T10:18:09.071+0000] {logging_mixin.py:137} INFO - [2023-01-31T10:18:09.071+0000] {dag.py:3441} INFO - Setting next_dagrun for tutorial_dag to None, run_after=None
[2023-01-31T10:18:09.091+0000] {processor.py:175} INFO - Processing /home/airflow/.local/lib/python3.7/site-packages/airflow/example_dags/tutorial_dag.py took 0.193 seconds
[2023-01-31T10:18:43.573+0000] {processor.py:153} INFO - Started process (PID=577) to work on /home/airflow/.local/lib/python3.7/site-packages/airflow/example_dags/tutorial_dag.py
[2023-01-31T10:18:43.585+0000] {processor.py:743} INFO - Processing file /home/airflow/.local/lib/python3.7/site-packages/airflow/example_dags/tutorial_dag.py for tasks to queue
[2023-01-31T10:18:43.609+0000] {logging_mixin.py:137} INFO - [2023-01-31T10:18:43.607+0000] {dagbag.py:538} INFO - Filling up the DagBag from /home/airflow/.local/lib/python3.7/site-packages/airflow/example_dags/tutorial_dag.py
[2023-01-31T10:18:43.642+0000] {processor.py:753} INFO - DAG(s) dict_keys(['tutorial_dag']) retrieved from /home/airflow/.local/lib/python3.7/site-packages/airflow/example_dags/tutorial_dag.py
[2023-01-31T10:18:43.690+0000] {logging_mixin.py:137} INFO - [2023-01-31T10:18:43.690+0000] {dag.py:2690} INFO - Sync 1 DAGs
[2023-01-31T10:18:43.724+0000] {logging_mixin.py:137} INFO - [2023-01-31T10:18:43.724+0000] {dag.py:3441} INFO - Setting next_dagrun for tutorial_dag to None, run_after=None
[2023-01-31T10:18:43.767+0000] {processor.py:175} INFO - Processing /home/airflow/.local/lib/python3.7/site-packages/airflow/example_dags/tutorial_dag.py took 0.198 seconds
[2023-01-31T10:19:14.779+0000] {processor.py:153} INFO - Started process (PID=660) to work on /home/airflow/.local/lib/python3.7/site-packages/airflow/example_dags/tutorial_dag.py
[2023-01-31T10:19:14.781+0000] {processor.py:743} INFO - Processing file /home/airflow/.local/lib/python3.7/site-packages/airflow/example_dags/tutorial_dag.py for tasks to queue
[2023-01-31T10:19:14.782+0000] {logging_mixin.py:137} INFO - [2023-01-31T10:19:14.782+0000] {dagbag.py:538} INFO - Filling up the DagBag from /home/airflow/.local/lib/python3.7/site-packages/airflow/example_dags/tutorial_dag.py
[2023-01-31T10:19:14.795+0000] {processor.py:753} INFO - DAG(s) dict_keys(['tutorial_dag']) retrieved from /home/airflow/.local/lib/python3.7/site-packages/airflow/example_dags/tutorial_dag.py
[2023-01-31T10:19:14.823+0000] {logging_mixin.py:137} INFO - [2023-01-31T10:19:14.823+0000] {dag.py:2690} INFO - Sync 1 DAGs
[2023-01-31T10:19:14.840+0000] {logging_mixin.py:137} INFO - [2023-01-31T10:19:14.840+0000] {dag.py:3441} INFO - Setting next_dagrun for tutorial_dag to None, run_after=None
[2023-01-31T10:19:14.857+0000] {processor.py:175} INFO - Processing /home/airflow/.local/lib/python3.7/site-packages/airflow/example_dags/tutorial_dag.py took 0.083 seconds
[2023-01-31T10:19:45.333+0000] {processor.py:153} INFO - Started process (PID=737) to work on /home/airflow/.local/lib/python3.7/site-packages/airflow/example_dags/tutorial_dag.py
[2023-01-31T10:19:45.334+0000] {processor.py:743} INFO - Processing file /home/airflow/.local/lib/python3.7/site-packages/airflow/example_dags/tutorial_dag.py for tasks to queue
[2023-01-31T10:19:45.336+0000] {logging_mixin.py:137} INFO - [2023-01-31T10:19:45.335+0000] {dagbag.py:538} INFO - Filling up the DagBag from /home/airflow/.local/lib/python3.7/site-packages/airflow/example_dags/tutorial_dag.py
[2023-01-31T10:19:45.347+0000] {processor.py:753} INFO - DAG(s) dict_keys(['tutorial_dag']) retrieved from /home/airflow/.local/lib/python3.7/site-packages/airflow/example_dags/tutorial_dag.py
[2023-01-31T10:19:45.371+0000] {logging_mixin.py:137} INFO - [2023-01-31T10:19:45.371+0000] {dag.py:2690} INFO - Sync 1 DAGs
[2023-01-31T10:19:45.388+0000] {logging_mixin.py:137} INFO - [2023-01-31T10:19:45.388+0000] {dag.py:3441} INFO - Setting next_dagrun for tutorial_dag to None, run_after=None
[2023-01-31T10:19:45.406+0000] {processor.py:175} INFO - Processing /home/airflow/.local/lib/python3.7/site-packages/airflow/example_dags/tutorial_dag.py took 0.077 seconds
[2023-01-31T10:20:18.300+0000] {processor.py:153} INFO - Started process (PID=837) to work on /home/airflow/.local/lib/python3.7/site-packages/airflow/example_dags/tutorial_dag.py
[2023-01-31T10:20:18.324+0000] {processor.py:743} INFO - Processing file /home/airflow/.local/lib/python3.7/site-packages/airflow/example_dags/tutorial_dag.py for tasks to queue
[2023-01-31T10:20:18.332+0000] {logging_mixin.py:137} INFO - [2023-01-31T10:20:18.332+0000] {dagbag.py:538} INFO - Filling up the DagBag from /home/airflow/.local/lib/python3.7/site-packages/airflow/example_dags/tutorial_dag.py
[2023-01-31T10:20:18.353+0000] {processor.py:753} INFO - DAG(s) dict_keys(['tutorial_dag']) retrieved from /home/airflow/.local/lib/python3.7/site-packages/airflow/example_dags/tutorial_dag.py
[2023-01-31T10:20:18.450+0000] {logging_mixin.py:137} INFO - [2023-01-31T10:20:18.449+0000] {dag.py:2690} INFO - Sync 1 DAGs
[2023-01-31T10:20:18.534+0000] {logging_mixin.py:137} INFO - [2023-01-31T10:20:18.534+0000] {dag.py:3441} INFO - Setting next_dagrun for tutorial_dag to None, run_after=None
[2023-01-31T10:20:18.568+0000] {processor.py:175} INFO - Processing /home/airflow/.local/lib/python3.7/site-packages/airflow/example_dags/tutorial_dag.py took 0.280 seconds
[2023-01-31T10:20:48.645+0000] {processor.py:153} INFO - Started process (PID=916) to work on /home/airflow/.local/lib/python3.7/site-packages/airflow/example_dags/tutorial_dag.py
[2023-01-31T10:20:48.649+0000] {processor.py:743} INFO - Processing file /home/airflow/.local/lib/python3.7/site-packages/airflow/example_dags/tutorial_dag.py for tasks to queue
[2023-01-31T10:20:48.651+0000] {logging_mixin.py:137} INFO - [2023-01-31T10:20:48.650+0000] {dagbag.py:538} INFO - Filling up the DagBag from /home/airflow/.local/lib/python3.7/site-packages/airflow/example_dags/tutorial_dag.py
[2023-01-31T10:20:48.667+0000] {processor.py:753} INFO - DAG(s) dict_keys(['tutorial_dag']) retrieved from /home/airflow/.local/lib/python3.7/site-packages/airflow/example_dags/tutorial_dag.py
[2023-01-31T10:20:48.691+0000] {logging_mixin.py:137} INFO - [2023-01-31T10:20:48.691+0000] {dag.py:2690} INFO - Sync 1 DAGs
[2023-01-31T10:20:48.715+0000] {logging_mixin.py:137} INFO - [2023-01-31T10:20:48.715+0000] {dag.py:3441} INFO - Setting next_dagrun for tutorial_dag to None, run_after=None
[2023-01-31T10:20:48.730+0000] {processor.py:175} INFO - Processing /home/airflow/.local/lib/python3.7/site-packages/airflow/example_dags/tutorial_dag.py took 0.088 seconds
[2023-01-31T10:21:18.847+0000] {processor.py:153} INFO - Started process (PID=995) to work on /home/airflow/.local/lib/python3.7/site-packages/airflow/example_dags/tutorial_dag.py
[2023-01-31T10:21:18.850+0000] {processor.py:743} INFO - Processing file /home/airflow/.local/lib/python3.7/site-packages/airflow/example_dags/tutorial_dag.py for tasks to queue
[2023-01-31T10:21:18.855+0000] {logging_mixin.py:137} INFO - [2023-01-31T10:21:18.855+0000] {dagbag.py:538} INFO - Filling up the DagBag from /home/airflow/.local/lib/python3.7/site-packages/airflow/example_dags/tutorial_dag.py
[2023-01-31T10:21:18.894+0000] {processor.py:753} INFO - DAG(s) dict_keys(['tutorial_dag']) retrieved from /home/airflow/.local/lib/python3.7/site-packages/airflow/example_dags/tutorial_dag.py
[2023-01-31T10:21:18.936+0000] {logging_mixin.py:137} INFO - [2023-01-31T10:21:18.936+0000] {dag.py:2690} INFO - Sync 1 DAGs
[2023-01-31T10:21:18.959+0000] {logging_mixin.py:137} INFO - [2023-01-31T10:21:18.959+0000] {dag.py:3441} INFO - Setting next_dagrun for tutorial_dag to None, run_after=None
[2023-01-31T10:21:18.995+0000] {processor.py:175} INFO - Processing /home/airflow/.local/lib/python3.7/site-packages/airflow/example_dags/tutorial_dag.py took 0.152 seconds
[2023-01-31T10:21:49.369+0000] {processor.py:153} INFO - Started process (PID=1073) to work on /home/airflow/.local/lib/python3.7/site-packages/airflow/example_dags/tutorial_dag.py
[2023-01-31T10:21:49.371+0000] {processor.py:743} INFO - Processing file /home/airflow/.local/lib/python3.7/site-packages/airflow/example_dags/tutorial_dag.py for tasks to queue
[2023-01-31T10:21:49.373+0000] {logging_mixin.py:137} INFO - [2023-01-31T10:21:49.373+0000] {dagbag.py:538} INFO - Filling up the DagBag from /home/airflow/.local/lib/python3.7/site-packages/airflow/example_dags/tutorial_dag.py
[2023-01-31T10:21:49.400+0000] {processor.py:753} INFO - DAG(s) dict_keys(['tutorial_dag']) retrieved from /home/airflow/.local/lib/python3.7/site-packages/airflow/example_dags/tutorial_dag.py
[2023-01-31T10:21:49.433+0000] {logging_mixin.py:137} INFO - [2023-01-31T10:21:49.433+0000] {dag.py:2690} INFO - Sync 1 DAGs
[2023-01-31T10:21:49.462+0000] {logging_mixin.py:137} INFO - [2023-01-31T10:21:49.462+0000] {dag.py:3441} INFO - Setting next_dagrun for tutorial_dag to None, run_after=None
[2023-01-31T10:21:49.495+0000] {processor.py:175} INFO - Processing /home/airflow/.local/lib/python3.7/site-packages/airflow/example_dags/tutorial_dag.py took 0.131 seconds
[2023-01-31T10:22:20.413+0000] {processor.py:153} INFO - Started process (PID=1161) to work on /home/airflow/.local/lib/python3.7/site-packages/airflow/example_dags/tutorial_dag.py
[2023-01-31T10:22:20.416+0000] {processor.py:743} INFO - Processing file /home/airflow/.local/lib/python3.7/site-packages/airflow/example_dags/tutorial_dag.py for tasks to queue
[2023-01-31T10:22:20.418+0000] {logging_mixin.py:137} INFO - [2023-01-31T10:22:20.418+0000] {dagbag.py:538} INFO - Filling up the DagBag from /home/airflow/.local/lib/python3.7/site-packages/airflow/example_dags/tutorial_dag.py
[2023-01-31T10:22:20.456+0000] {processor.py:753} INFO - DAG(s) dict_keys(['tutorial_dag']) retrieved from /home/airflow/.local/lib/python3.7/site-packages/airflow/example_dags/tutorial_dag.py
[2023-01-31T10:22:20.573+0000] {logging_mixin.py:137} INFO - [2023-01-31T10:22:20.572+0000] {dag.py:2690} INFO - Sync 1 DAGs
[2023-01-31T10:22:20.636+0000] {logging_mixin.py:137} INFO - [2023-01-31T10:22:20.636+0000] {dag.py:3441} INFO - Setting next_dagrun for tutorial_dag to None, run_after=None
[2023-01-31T10:22:20.693+0000] {processor.py:175} INFO - Processing /home/airflow/.local/lib/python3.7/site-packages/airflow/example_dags/tutorial_dag.py took 0.288 seconds
[2023-01-31T10:22:52.164+0000] {processor.py:153} INFO - Started process (PID=1246) to work on /home/airflow/.local/lib/python3.7/site-packages/airflow/example_dags/tutorial_dag.py
[2023-01-31T10:22:52.170+0000] {processor.py:743} INFO - Processing file /home/airflow/.local/lib/python3.7/site-packages/airflow/example_dags/tutorial_dag.py for tasks to queue
[2023-01-31T10:22:52.181+0000] {logging_mixin.py:137} INFO - [2023-01-31T10:22:52.181+0000] {dagbag.py:538} INFO - Filling up the DagBag from /home/airflow/.local/lib/python3.7/site-packages/airflow/example_dags/tutorial_dag.py
[2023-01-31T10:22:52.197+0000] {processor.py:753} INFO - DAG(s) dict_keys(['tutorial_dag']) retrieved from /home/airflow/.local/lib/python3.7/site-packages/airflow/example_dags/tutorial_dag.py
[2023-01-31T10:22:52.262+0000] {logging_mixin.py:137} INFO - [2023-01-31T10:22:52.261+0000] {dag.py:2690} INFO - Sync 1 DAGs
[2023-01-31T10:22:52.302+0000] {logging_mixin.py:137} INFO - [2023-01-31T10:22:52.302+0000] {dag.py:3441} INFO - Setting next_dagrun for tutorial_dag to None, run_after=None
[2023-01-31T10:22:52.321+0000] {processor.py:175} INFO - Processing /home/airflow/.local/lib/python3.7/site-packages/airflow/example_dags/tutorial_dag.py took 0.161 seconds
[2023-01-31T10:23:22.411+0000] {processor.py:153} INFO - Started process (PID=1324) to work on /home/airflow/.local/lib/python3.7/site-packages/airflow/example_dags/tutorial_dag.py
[2023-01-31T10:23:22.413+0000] {processor.py:743} INFO - Processing file /home/airflow/.local/lib/python3.7/site-packages/airflow/example_dags/tutorial_dag.py for tasks to queue
[2023-01-31T10:23:22.413+0000] {logging_mixin.py:137} INFO - [2023-01-31T10:23:22.413+0000] {dagbag.py:538} INFO - Filling up the DagBag from /home/airflow/.local/lib/python3.7/site-packages/airflow/example_dags/tutorial_dag.py
[2023-01-31T10:23:22.423+0000] {processor.py:753} INFO - DAG(s) dict_keys(['tutorial_dag']) retrieved from /home/airflow/.local/lib/python3.7/site-packages/airflow/example_dags/tutorial_dag.py
[2023-01-31T10:23:22.445+0000] {logging_mixin.py:137} INFO - [2023-01-31T10:23:22.445+0000] {dag.py:2690} INFO - Sync 1 DAGs
[2023-01-31T10:23:22.468+0000] {logging_mixin.py:137} INFO - [2023-01-31T10:23:22.468+0000] {dag.py:3441} INFO - Setting next_dagrun for tutorial_dag to None, run_after=None
[2023-01-31T10:23:22.481+0000] {processor.py:175} INFO - Processing /home/airflow/.local/lib/python3.7/site-packages/airflow/example_dags/tutorial_dag.py took 0.072 seconds
[2023-01-31T10:23:53.635+0000] {processor.py:153} INFO - Started process (PID=1403) to work on /home/airflow/.local/lib/python3.7/site-packages/airflow/example_dags/tutorial_dag.py
[2023-01-31T10:23:53.637+0000] {processor.py:743} INFO - Processing file /home/airflow/.local/lib/python3.7/site-packages/airflow/example_dags/tutorial_dag.py for tasks to queue
[2023-01-31T10:23:53.640+0000] {logging_mixin.py:137} INFO - [2023-01-31T10:23:53.640+0000] {dagbag.py:538} INFO - Filling up the DagBag from /home/airflow/.local/lib/python3.7/site-packages/airflow/example_dags/tutorial_dag.py
[2023-01-31T10:23:53.654+0000] {processor.py:753} INFO - DAG(s) dict_keys(['tutorial_dag']) retrieved from /home/airflow/.local/lib/python3.7/site-packages/airflow/example_dags/tutorial_dag.py
[2023-01-31T10:23:53.682+0000] {logging_mixin.py:137} INFO - [2023-01-31T10:23:53.682+0000] {dag.py:2690} INFO - Sync 1 DAGs
[2023-01-31T10:23:53.725+0000] {logging_mixin.py:137} INFO - [2023-01-31T10:23:53.725+0000] {dag.py:3441} INFO - Setting next_dagrun for tutorial_dag to None, run_after=None
[2023-01-31T10:23:53.765+0000] {processor.py:175} INFO - Processing /home/airflow/.local/lib/python3.7/site-packages/airflow/example_dags/tutorial_dag.py took 0.134 seconds
[2023-01-31T10:24:23.924+0000] {processor.py:153} INFO - Started process (PID=1481) to work on /home/airflow/.local/lib/python3.7/site-packages/airflow/example_dags/tutorial_dag.py
[2023-01-31T10:24:23.927+0000] {processor.py:743} INFO - Processing file /home/airflow/.local/lib/python3.7/site-packages/airflow/example_dags/tutorial_dag.py for tasks to queue
[2023-01-31T10:24:23.928+0000] {logging_mixin.py:137} INFO - [2023-01-31T10:24:23.928+0000] {dagbag.py:538} INFO - Filling up the DagBag from /home/airflow/.local/lib/python3.7/site-packages/airflow/example_dags/tutorial_dag.py
[2023-01-31T10:24:23.940+0000] {processor.py:753} INFO - DAG(s) dict_keys(['tutorial_dag']) retrieved from /home/airflow/.local/lib/python3.7/site-packages/airflow/example_dags/tutorial_dag.py
[2023-01-31T10:24:23.967+0000] {logging_mixin.py:137} INFO - [2023-01-31T10:24:23.967+0000] {dag.py:2690} INFO - Sync 1 DAGs
[2023-01-31T10:24:23.987+0000] {logging_mixin.py:137} INFO - [2023-01-31T10:24:23.987+0000] {dag.py:3441} INFO - Setting next_dagrun for tutorial_dag to None, run_after=None
[2023-01-31T10:24:24.006+0000] {processor.py:175} INFO - Processing /home/airflow/.local/lib/python3.7/site-packages/airflow/example_dags/tutorial_dag.py took 0.085 seconds
[2023-01-31T10:24:54.889+0000] {processor.py:153} INFO - Started process (PID=1563) to work on /home/airflow/.local/lib/python3.7/site-packages/airflow/example_dags/tutorial_dag.py
[2023-01-31T10:24:54.891+0000] {processor.py:743} INFO - Processing file /home/airflow/.local/lib/python3.7/site-packages/airflow/example_dags/tutorial_dag.py for tasks to queue
[2023-01-31T10:24:54.893+0000] {logging_mixin.py:137} INFO - [2023-01-31T10:24:54.893+0000] {dagbag.py:538} INFO - Filling up the DagBag from /home/airflow/.local/lib/python3.7/site-packages/airflow/example_dags/tutorial_dag.py
[2023-01-31T10:24:54.905+0000] {processor.py:753} INFO - DAG(s) dict_keys(['tutorial_dag']) retrieved from /home/airflow/.local/lib/python3.7/site-packages/airflow/example_dags/tutorial_dag.py
[2023-01-31T10:24:54.945+0000] {logging_mixin.py:137} INFO - [2023-01-31T10:24:54.945+0000] {dag.py:2690} INFO - Sync 1 DAGs
[2023-01-31T10:24:54.961+0000] {logging_mixin.py:137} INFO - [2023-01-31T10:24:54.961+0000] {dag.py:3441} INFO - Setting next_dagrun for tutorial_dag to None, run_after=None
[2023-01-31T10:24:54.976+0000] {processor.py:175} INFO - Processing /home/airflow/.local/lib/python3.7/site-packages/airflow/example_dags/tutorial_dag.py took 0.091 seconds
[2023-01-31T10:25:30.097+0000] {processor.py:153} INFO - Started process (PID=1658) to work on /home/airflow/.local/lib/python3.7/site-packages/airflow/example_dags/tutorial_dag.py
[2023-01-31T10:25:30.099+0000] {processor.py:743} INFO - Processing file /home/airflow/.local/lib/python3.7/site-packages/airflow/example_dags/tutorial_dag.py for tasks to queue
[2023-01-31T10:25:30.101+0000] {logging_mixin.py:137} INFO - [2023-01-31T10:25:30.100+0000] {dagbag.py:538} INFO - Filling up the DagBag from /home/airflow/.local/lib/python3.7/site-packages/airflow/example_dags/tutorial_dag.py
[2023-01-31T10:25:30.114+0000] {processor.py:753} INFO - DAG(s) dict_keys(['tutorial_dag']) retrieved from /home/airflow/.local/lib/python3.7/site-packages/airflow/example_dags/tutorial_dag.py
[2023-01-31T10:25:30.159+0000] {logging_mixin.py:137} INFO - [2023-01-31T10:25:30.158+0000] {dag.py:2690} INFO - Sync 1 DAGs
[2023-01-31T10:25:30.181+0000] {logging_mixin.py:137} INFO - [2023-01-31T10:25:30.181+0000] {dag.py:3441} INFO - Setting next_dagrun for tutorial_dag to None, run_after=None
[2023-01-31T10:25:30.201+0000] {processor.py:175} INFO - Processing /home/airflow/.local/lib/python3.7/site-packages/airflow/example_dags/tutorial_dag.py took 0.109 seconds
[2023-01-31T10:26:00.577+0000] {processor.py:153} INFO - Started process (PID=1738) to work on /home/airflow/.local/lib/python3.7/site-packages/airflow/example_dags/tutorial_dag.py
[2023-01-31T10:26:00.581+0000] {processor.py:743} INFO - Processing file /home/airflow/.local/lib/python3.7/site-packages/airflow/example_dags/tutorial_dag.py for tasks to queue
[2023-01-31T10:26:00.583+0000] {logging_mixin.py:137} INFO - [2023-01-31T10:26:00.582+0000] {dagbag.py:538} INFO - Filling up the DagBag from /home/airflow/.local/lib/python3.7/site-packages/airflow/example_dags/tutorial_dag.py
[2023-01-31T10:26:00.641+0000] {processor.py:753} INFO - DAG(s) dict_keys(['tutorial_dag']) retrieved from /home/airflow/.local/lib/python3.7/site-packages/airflow/example_dags/tutorial_dag.py
[2023-01-31T10:26:00.718+0000] {logging_mixin.py:137} INFO - [2023-01-31T10:26:00.718+0000] {dag.py:2690} INFO - Sync 1 DAGs
[2023-01-31T10:26:00.763+0000] {logging_mixin.py:137} INFO - [2023-01-31T10:26:00.763+0000] {dag.py:3441} INFO - Setting next_dagrun for tutorial_dag to None, run_after=None
[2023-01-31T10:26:00.817+0000] {processor.py:175} INFO - Processing /home/airflow/.local/lib/python3.7/site-packages/airflow/example_dags/tutorial_dag.py took 0.244 seconds
[2023-01-31T10:26:30.967+0000] {processor.py:153} INFO - Started process (PID=1821) to work on /home/airflow/.local/lib/python3.7/site-packages/airflow/example_dags/tutorial_dag.py
[2023-01-31T10:26:30.968+0000] {processor.py:743} INFO - Processing file /home/airflow/.local/lib/python3.7/site-packages/airflow/example_dags/tutorial_dag.py for tasks to queue
[2023-01-31T10:26:30.970+0000] {logging_mixin.py:137} INFO - [2023-01-31T10:26:30.969+0000] {dagbag.py:538} INFO - Filling up the DagBag from /home/airflow/.local/lib/python3.7/site-packages/airflow/example_dags/tutorial_dag.py
[2023-01-31T10:26:30.981+0000] {processor.py:753} INFO - DAG(s) dict_keys(['tutorial_dag']) retrieved from /home/airflow/.local/lib/python3.7/site-packages/airflow/example_dags/tutorial_dag.py
[2023-01-31T10:26:31.008+0000] {logging_mixin.py:137} INFO - [2023-01-31T10:26:31.008+0000] {dag.py:2690} INFO - Sync 1 DAGs
[2023-01-31T10:26:31.039+0000] {logging_mixin.py:137} INFO - [2023-01-31T10:26:31.039+0000] {dag.py:3441} INFO - Setting next_dagrun for tutorial_dag to None, run_after=None
[2023-01-31T10:26:31.153+0000] {processor.py:175} INFO - Processing /home/airflow/.local/lib/python3.7/site-packages/airflow/example_dags/tutorial_dag.py took 0.189 seconds
[2023-01-31T10:27:01.830+0000] {processor.py:153} INFO - Started process (PID=1900) to work on /home/airflow/.local/lib/python3.7/site-packages/airflow/example_dags/tutorial_dag.py
[2023-01-31T10:27:01.833+0000] {processor.py:743} INFO - Processing file /home/airflow/.local/lib/python3.7/site-packages/airflow/example_dags/tutorial_dag.py for tasks to queue
[2023-01-31T10:27:01.835+0000] {logging_mixin.py:137} INFO - [2023-01-31T10:27:01.835+0000] {dagbag.py:538} INFO - Filling up the DagBag from /home/airflow/.local/lib/python3.7/site-packages/airflow/example_dags/tutorial_dag.py
[2023-01-31T10:27:01.847+0000] {processor.py:753} INFO - DAG(s) dict_keys(['tutorial_dag']) retrieved from /home/airflow/.local/lib/python3.7/site-packages/airflow/example_dags/tutorial_dag.py
[2023-01-31T10:27:01.871+0000] {logging_mixin.py:137} INFO - [2023-01-31T10:27:01.871+0000] {dag.py:2690} INFO - Sync 1 DAGs
[2023-01-31T10:27:01.889+0000] {logging_mixin.py:137} INFO - [2023-01-31T10:27:01.889+0000] {dag.py:3441} INFO - Setting next_dagrun for tutorial_dag to None, run_after=None
[2023-01-31T10:27:01.902+0000] {processor.py:175} INFO - Processing /home/airflow/.local/lib/python3.7/site-packages/airflow/example_dags/tutorial_dag.py took 0.075 seconds
[2023-01-31T10:27:32.283+0000] {processor.py:153} INFO - Started process (PID=1995) to work on /home/airflow/.local/lib/python3.7/site-packages/airflow/example_dags/tutorial_dag.py
[2023-01-31T10:27:32.285+0000] {processor.py:743} INFO - Processing file /home/airflow/.local/lib/python3.7/site-packages/airflow/example_dags/tutorial_dag.py for tasks to queue
[2023-01-31T10:27:32.286+0000] {logging_mixin.py:137} INFO - [2023-01-31T10:27:32.286+0000] {dagbag.py:538} INFO - Filling up the DagBag from /home/airflow/.local/lib/python3.7/site-packages/airflow/example_dags/tutorial_dag.py
[2023-01-31T10:27:32.297+0000] {processor.py:753} INFO - DAG(s) dict_keys(['tutorial_dag']) retrieved from /home/airflow/.local/lib/python3.7/site-packages/airflow/example_dags/tutorial_dag.py
[2023-01-31T10:27:32.344+0000] {logging_mixin.py:137} INFO - [2023-01-31T10:27:32.344+0000] {dag.py:2690} INFO - Sync 1 DAGs
[2023-01-31T10:27:32.369+0000] {logging_mixin.py:137} INFO - [2023-01-31T10:27:32.369+0000] {dag.py:3441} INFO - Setting next_dagrun for tutorial_dag to None, run_after=None
[2023-01-31T10:27:32.380+0000] {processor.py:175} INFO - Processing /home/airflow/.local/lib/python3.7/site-packages/airflow/example_dags/tutorial_dag.py took 0.100 seconds
[2023-01-31T10:28:02.825+0000] {processor.py:153} INFO - Started process (PID=2075) to work on /home/airflow/.local/lib/python3.7/site-packages/airflow/example_dags/tutorial_dag.py
[2023-01-31T10:28:02.827+0000] {processor.py:743} INFO - Processing file /home/airflow/.local/lib/python3.7/site-packages/airflow/example_dags/tutorial_dag.py for tasks to queue
[2023-01-31T10:28:02.828+0000] {logging_mixin.py:137} INFO - [2023-01-31T10:28:02.828+0000] {dagbag.py:538} INFO - Filling up the DagBag from /home/airflow/.local/lib/python3.7/site-packages/airflow/example_dags/tutorial_dag.py
[2023-01-31T10:28:02.838+0000] {processor.py:753} INFO - DAG(s) dict_keys(['tutorial_dag']) retrieved from /home/airflow/.local/lib/python3.7/site-packages/airflow/example_dags/tutorial_dag.py
[2023-01-31T10:28:02.864+0000] {logging_mixin.py:137} INFO - [2023-01-31T10:28:02.863+0000] {dag.py:2690} INFO - Sync 1 DAGs
[2023-01-31T10:28:02.884+0000] {logging_mixin.py:137} INFO - [2023-01-31T10:28:02.884+0000] {dag.py:3441} INFO - Setting next_dagrun for tutorial_dag to None, run_after=None
[2023-01-31T10:28:02.896+0000] {processor.py:175} INFO - Processing /home/airflow/.local/lib/python3.7/site-packages/airflow/example_dags/tutorial_dag.py took 0.074 seconds
[2023-01-31T10:28:33.467+0000] {processor.py:153} INFO - Started process (PID=2170) to work on /home/airflow/.local/lib/python3.7/site-packages/airflow/example_dags/tutorial_dag.py
[2023-01-31T10:28:33.469+0000] {processor.py:743} INFO - Processing file /home/airflow/.local/lib/python3.7/site-packages/airflow/example_dags/tutorial_dag.py for tasks to queue
[2023-01-31T10:28:33.471+0000] {logging_mixin.py:137} INFO - [2023-01-31T10:28:33.470+0000] {dagbag.py:538} INFO - Filling up the DagBag from /home/airflow/.local/lib/python3.7/site-packages/airflow/example_dags/tutorial_dag.py
[2023-01-31T10:28:33.491+0000] {processor.py:753} INFO - DAG(s) dict_keys(['tutorial_dag']) retrieved from /home/airflow/.local/lib/python3.7/site-packages/airflow/example_dags/tutorial_dag.py
[2023-01-31T10:28:33.536+0000] {logging_mixin.py:137} INFO - [2023-01-31T10:28:33.536+0000] {dag.py:2690} INFO - Sync 1 DAGs
[2023-01-31T10:28:33.574+0000] {logging_mixin.py:137} INFO - [2023-01-31T10:28:33.574+0000] {dag.py:3441} INFO - Setting next_dagrun for tutorial_dag to None, run_after=None
[2023-01-31T10:28:33.593+0000] {processor.py:175} INFO - Processing /home/airflow/.local/lib/python3.7/site-packages/airflow/example_dags/tutorial_dag.py took 0.130 seconds
[2023-01-31T10:29:03.788+0000] {processor.py:153} INFO - Started process (PID=2248) to work on /home/airflow/.local/lib/python3.7/site-packages/airflow/example_dags/tutorial_dag.py
[2023-01-31T10:29:03.790+0000] {processor.py:743} INFO - Processing file /home/airflow/.local/lib/python3.7/site-packages/airflow/example_dags/tutorial_dag.py for tasks to queue
[2023-01-31T10:29:03.793+0000] {logging_mixin.py:137} INFO - [2023-01-31T10:29:03.793+0000] {dagbag.py:538} INFO - Filling up the DagBag from /home/airflow/.local/lib/python3.7/site-packages/airflow/example_dags/tutorial_dag.py
[2023-01-31T10:29:03.827+0000] {processor.py:753} INFO - DAG(s) dict_keys(['tutorial_dag']) retrieved from /home/airflow/.local/lib/python3.7/site-packages/airflow/example_dags/tutorial_dag.py
[2023-01-31T10:29:03.937+0000] {logging_mixin.py:137} INFO - [2023-01-31T10:29:03.937+0000] {dag.py:2690} INFO - Sync 1 DAGs
[2023-01-31T10:29:04.013+0000] {logging_mixin.py:137} INFO - [2023-01-31T10:29:04.008+0000] {dag.py:3441} INFO - Setting next_dagrun for tutorial_dag to None, run_after=None
[2023-01-31T10:29:04.056+0000] {processor.py:175} INFO - Processing /home/airflow/.local/lib/python3.7/site-packages/airflow/example_dags/tutorial_dag.py took 0.272 seconds
[2023-01-31T10:29:35.272+0000] {processor.py:153} INFO - Started process (PID=2327) to work on /home/airflow/.local/lib/python3.7/site-packages/airflow/example_dags/tutorial_dag.py
[2023-01-31T10:29:35.276+0000] {processor.py:743} INFO - Processing file /home/airflow/.local/lib/python3.7/site-packages/airflow/example_dags/tutorial_dag.py for tasks to queue
[2023-01-31T10:29:35.278+0000] {logging_mixin.py:137} INFO - [2023-01-31T10:29:35.278+0000] {dagbag.py:538} INFO - Filling up the DagBag from /home/airflow/.local/lib/python3.7/site-packages/airflow/example_dags/tutorial_dag.py
[2023-01-31T10:29:35.294+0000] {processor.py:753} INFO - DAG(s) dict_keys(['tutorial_dag']) retrieved from /home/airflow/.local/lib/python3.7/site-packages/airflow/example_dags/tutorial_dag.py
[2023-01-31T10:29:35.329+0000] {logging_mixin.py:137} INFO - [2023-01-31T10:29:35.329+0000] {dag.py:2690} INFO - Sync 1 DAGs
[2023-01-31T10:29:35.368+0000] {logging_mixin.py:137} INFO - [2023-01-31T10:29:35.368+0000] {dag.py:3441} INFO - Setting next_dagrun for tutorial_dag to None, run_after=None
[2023-01-31T10:29:35.396+0000] {processor.py:175} INFO - Processing /home/airflow/.local/lib/python3.7/site-packages/airflow/example_dags/tutorial_dag.py took 0.129 seconds
[2023-01-31T10:30:06.378+0000] {processor.py:153} INFO - Started process (PID=2406) to work on /home/airflow/.local/lib/python3.7/site-packages/airflow/example_dags/tutorial_dag.py
[2023-01-31T10:30:06.435+0000] {processor.py:743} INFO - Processing file /home/airflow/.local/lib/python3.7/site-packages/airflow/example_dags/tutorial_dag.py for tasks to queue
[2023-01-31T10:30:06.442+0000] {logging_mixin.py:137} INFO - [2023-01-31T10:30:06.441+0000] {dagbag.py:538} INFO - Filling up the DagBag from /home/airflow/.local/lib/python3.7/site-packages/airflow/example_dags/tutorial_dag.py
[2023-01-31T10:30:06.482+0000] {processor.py:753} INFO - DAG(s) dict_keys(['tutorial_dag']) retrieved from /home/airflow/.local/lib/python3.7/site-packages/airflow/example_dags/tutorial_dag.py
[2023-01-31T10:30:06.582+0000] {logging_mixin.py:137} INFO - [2023-01-31T10:30:06.582+0000] {dag.py:2690} INFO - Sync 1 DAGs
[2023-01-31T10:30:06.619+0000] {logging_mixin.py:137} INFO - [2023-01-31T10:30:06.618+0000] {dag.py:3441} INFO - Setting next_dagrun for tutorial_dag to None, run_after=None
[2023-01-31T10:30:06.655+0000] {processor.py:175} INFO - Processing /home/airflow/.local/lib/python3.7/site-packages/airflow/example_dags/tutorial_dag.py took 0.282 seconds
[2023-01-31T10:30:37.468+0000] {processor.py:153} INFO - Started process (PID=2485) to work on /home/airflow/.local/lib/python3.7/site-packages/airflow/example_dags/tutorial_dag.py
[2023-01-31T10:30:37.470+0000] {processor.py:743} INFO - Processing file /home/airflow/.local/lib/python3.7/site-packages/airflow/example_dags/tutorial_dag.py for tasks to queue
[2023-01-31T10:30:37.472+0000] {logging_mixin.py:137} INFO - [2023-01-31T10:30:37.472+0000] {dagbag.py:538} INFO - Filling up the DagBag from /home/airflow/.local/lib/python3.7/site-packages/airflow/example_dags/tutorial_dag.py
[2023-01-31T10:30:37.489+0000] {processor.py:753} INFO - DAG(s) dict_keys(['tutorial_dag']) retrieved from /home/airflow/.local/lib/python3.7/site-packages/airflow/example_dags/tutorial_dag.py
[2023-01-31T10:30:37.533+0000] {logging_mixin.py:137} INFO - [2023-01-31T10:30:37.533+0000] {dag.py:2690} INFO - Sync 1 DAGs
[2023-01-31T10:30:37.557+0000] {logging_mixin.py:137} INFO - [2023-01-31T10:30:37.557+0000] {dag.py:3441} INFO - Setting next_dagrun for tutorial_dag to None, run_after=None
[2023-01-31T10:30:37.587+0000] {processor.py:175} INFO - Processing /home/airflow/.local/lib/python3.7/site-packages/airflow/example_dags/tutorial_dag.py took 0.124 seconds
[2023-01-31T10:31:07.916+0000] {processor.py:153} INFO - Started process (PID=2564) to work on /home/airflow/.local/lib/python3.7/site-packages/airflow/example_dags/tutorial_dag.py
[2023-01-31T10:31:07.920+0000] {processor.py:743} INFO - Processing file /home/airflow/.local/lib/python3.7/site-packages/airflow/example_dags/tutorial_dag.py for tasks to queue
[2023-01-31T10:31:07.923+0000] {logging_mixin.py:137} INFO - [2023-01-31T10:31:07.923+0000] {dagbag.py:538} INFO - Filling up the DagBag from /home/airflow/.local/lib/python3.7/site-packages/airflow/example_dags/tutorial_dag.py
[2023-01-31T10:31:08.075+0000] {processor.py:753} INFO - DAG(s) dict_keys(['tutorial_dag']) retrieved from /home/airflow/.local/lib/python3.7/site-packages/airflow/example_dags/tutorial_dag.py
[2023-01-31T10:31:08.165+0000] {logging_mixin.py:137} INFO - [2023-01-31T10:31:08.165+0000] {dag.py:2690} INFO - Sync 1 DAGs
[2023-01-31T10:31:08.233+0000] {logging_mixin.py:137} INFO - [2023-01-31T10:31:08.233+0000] {dag.py:3441} INFO - Setting next_dagrun for tutorial_dag to None, run_after=None
[2023-01-31T10:31:08.283+0000] {processor.py:175} INFO - Processing /home/airflow/.local/lib/python3.7/site-packages/airflow/example_dags/tutorial_dag.py took 0.378 seconds
[2023-01-31T10:31:39.081+0000] {processor.py:153} INFO - Started process (PID=2657) to work on /home/airflow/.local/lib/python3.7/site-packages/airflow/example_dags/tutorial_dag.py
[2023-01-31T10:31:39.085+0000] {processor.py:743} INFO - Processing file /home/airflow/.local/lib/python3.7/site-packages/airflow/example_dags/tutorial_dag.py for tasks to queue
[2023-01-31T10:31:39.087+0000] {logging_mixin.py:137} INFO - [2023-01-31T10:31:39.087+0000] {dagbag.py:538} INFO - Filling up the DagBag from /home/airflow/.local/lib/python3.7/site-packages/airflow/example_dags/tutorial_dag.py
[2023-01-31T10:31:39.141+0000] {processor.py:753} INFO - DAG(s) dict_keys(['tutorial_dag']) retrieved from /home/airflow/.local/lib/python3.7/site-packages/airflow/example_dags/tutorial_dag.py
[2023-01-31T10:31:39.225+0000] {logging_mixin.py:137} INFO - [2023-01-31T10:31:39.225+0000] {dag.py:2690} INFO - Sync 1 DAGs
[2023-01-31T10:31:39.280+0000] {logging_mixin.py:137} INFO - [2023-01-31T10:31:39.279+0000] {dag.py:3441} INFO - Setting next_dagrun for tutorial_dag to None, run_after=None
[2023-01-31T10:31:39.326+0000] {processor.py:175} INFO - Processing /home/airflow/.local/lib/python3.7/site-packages/airflow/example_dags/tutorial_dag.py took 0.254 seconds
[2023-01-31T10:32:10.174+0000] {processor.py:153} INFO - Started process (PID=2736) to work on /home/airflow/.local/lib/python3.7/site-packages/airflow/example_dags/tutorial_dag.py
[2023-01-31T10:32:10.176+0000] {processor.py:743} INFO - Processing file /home/airflow/.local/lib/python3.7/site-packages/airflow/example_dags/tutorial_dag.py for tasks to queue
[2023-01-31T10:32:10.178+0000] {logging_mixin.py:137} INFO - [2023-01-31T10:32:10.177+0000] {dagbag.py:538} INFO - Filling up the DagBag from /home/airflow/.local/lib/python3.7/site-packages/airflow/example_dags/tutorial_dag.py
[2023-01-31T10:32:10.193+0000] {processor.py:753} INFO - DAG(s) dict_keys(['tutorial_dag']) retrieved from /home/airflow/.local/lib/python3.7/site-packages/airflow/example_dags/tutorial_dag.py
[2023-01-31T10:32:10.236+0000] {logging_mixin.py:137} INFO - [2023-01-31T10:32:10.236+0000] {dag.py:2690} INFO - Sync 1 DAGs
[2023-01-31T10:32:10.291+0000] {logging_mixin.py:137} INFO - [2023-01-31T10:32:10.290+0000] {dag.py:3441} INFO - Setting next_dagrun for tutorial_dag to None, run_after=None
[2023-01-31T10:32:10.310+0000] {processor.py:175} INFO - Processing /home/airflow/.local/lib/python3.7/site-packages/airflow/example_dags/tutorial_dag.py took 0.140 seconds
[2023-01-31T10:32:41.205+0000] {processor.py:153} INFO - Started process (PID=2831) to work on /home/airflow/.local/lib/python3.7/site-packages/airflow/example_dags/tutorial_dag.py
[2023-01-31T10:32:41.211+0000] {processor.py:743} INFO - Processing file /home/airflow/.local/lib/python3.7/site-packages/airflow/example_dags/tutorial_dag.py for tasks to queue
[2023-01-31T10:32:41.214+0000] {logging_mixin.py:137} INFO - [2023-01-31T10:32:41.214+0000] {dagbag.py:538} INFO - Filling up the DagBag from /home/airflow/.local/lib/python3.7/site-packages/airflow/example_dags/tutorial_dag.py
[2023-01-31T10:32:41.251+0000] {processor.py:753} INFO - DAG(s) dict_keys(['tutorial_dag']) retrieved from /home/airflow/.local/lib/python3.7/site-packages/airflow/example_dags/tutorial_dag.py
[2023-01-31T10:32:41.320+0000] {logging_mixin.py:137} INFO - [2023-01-31T10:32:41.320+0000] {dag.py:2690} INFO - Sync 1 DAGs
[2023-01-31T10:32:41.347+0000] {logging_mixin.py:137} INFO - [2023-01-31T10:32:41.347+0000] {dag.py:3441} INFO - Setting next_dagrun for tutorial_dag to None, run_after=None
[2023-01-31T10:32:41.391+0000] {processor.py:175} INFO - Processing /home/airflow/.local/lib/python3.7/site-packages/airflow/example_dags/tutorial_dag.py took 0.208 seconds
[2023-01-31T10:33:11.874+0000] {processor.py:153} INFO - Started process (PID=2910) to work on /home/airflow/.local/lib/python3.7/site-packages/airflow/example_dags/tutorial_dag.py
[2023-01-31T10:33:11.876+0000] {processor.py:743} INFO - Processing file /home/airflow/.local/lib/python3.7/site-packages/airflow/example_dags/tutorial_dag.py for tasks to queue
[2023-01-31T10:33:11.877+0000] {logging_mixin.py:137} INFO - [2023-01-31T10:33:11.877+0000] {dagbag.py:538} INFO - Filling up the DagBag from /home/airflow/.local/lib/python3.7/site-packages/airflow/example_dags/tutorial_dag.py
[2023-01-31T10:33:11.891+0000] {processor.py:753} INFO - DAG(s) dict_keys(['tutorial_dag']) retrieved from /home/airflow/.local/lib/python3.7/site-packages/airflow/example_dags/tutorial_dag.py
[2023-01-31T10:33:11.917+0000] {logging_mixin.py:137} INFO - [2023-01-31T10:33:11.917+0000] {dag.py:2690} INFO - Sync 1 DAGs
[2023-01-31T10:33:11.937+0000] {logging_mixin.py:137} INFO - [2023-01-31T10:33:11.936+0000] {dag.py:3441} INFO - Setting next_dagrun for tutorial_dag to None, run_after=None
[2023-01-31T10:33:11.959+0000] {processor.py:175} INFO - Processing /home/airflow/.local/lib/python3.7/site-packages/airflow/example_dags/tutorial_dag.py took 0.091 seconds
[2023-01-31T10:33:42.596+0000] {processor.py:153} INFO - Started process (PID=2989) to work on /home/airflow/.local/lib/python3.7/site-packages/airflow/example_dags/tutorial_dag.py
[2023-01-31T10:33:42.597+0000] {processor.py:743} INFO - Processing file /home/airflow/.local/lib/python3.7/site-packages/airflow/example_dags/tutorial_dag.py for tasks to queue
[2023-01-31T10:33:42.598+0000] {logging_mixin.py:137} INFO - [2023-01-31T10:33:42.598+0000] {dagbag.py:538} INFO - Filling up the DagBag from /home/airflow/.local/lib/python3.7/site-packages/airflow/example_dags/tutorial_dag.py
[2023-01-31T10:33:42.615+0000] {processor.py:753} INFO - DAG(s) dict_keys(['tutorial_dag']) retrieved from /home/airflow/.local/lib/python3.7/site-packages/airflow/example_dags/tutorial_dag.py
[2023-01-31T10:33:42.654+0000] {logging_mixin.py:137} INFO - [2023-01-31T10:33:42.654+0000] {dag.py:2690} INFO - Sync 1 DAGs
[2023-01-31T10:33:42.672+0000] {logging_mixin.py:137} INFO - [2023-01-31T10:33:42.672+0000] {dag.py:3441} INFO - Setting next_dagrun for tutorial_dag to None, run_after=None
[2023-01-31T10:33:42.690+0000] {processor.py:175} INFO - Processing /home/airflow/.local/lib/python3.7/site-packages/airflow/example_dags/tutorial_dag.py took 0.096 seconds
[2023-01-31T10:34:12.831+0000] {processor.py:153} INFO - Started process (PID=3084) to work on /home/airflow/.local/lib/python3.7/site-packages/airflow/example_dags/tutorial_dag.py
[2023-01-31T10:34:12.833+0000] {processor.py:743} INFO - Processing file /home/airflow/.local/lib/python3.7/site-packages/airflow/example_dags/tutorial_dag.py for tasks to queue
[2023-01-31T10:34:12.835+0000] {logging_mixin.py:137} INFO - [2023-01-31T10:34:12.835+0000] {dagbag.py:538} INFO - Filling up the DagBag from /home/airflow/.local/lib/python3.7/site-packages/airflow/example_dags/tutorial_dag.py
[2023-01-31T10:34:12.858+0000] {processor.py:753} INFO - DAG(s) dict_keys(['tutorial_dag']) retrieved from /home/airflow/.local/lib/python3.7/site-packages/airflow/example_dags/tutorial_dag.py
[2023-01-31T10:34:12.916+0000] {logging_mixin.py:137} INFO - [2023-01-31T10:34:12.916+0000] {dag.py:2690} INFO - Sync 1 DAGs
[2023-01-31T10:34:12.947+0000] {logging_mixin.py:137} INFO - [2023-01-31T10:34:12.947+0000] {dag.py:3441} INFO - Setting next_dagrun for tutorial_dag to None, run_after=None
[2023-01-31T10:34:12.994+0000] {processor.py:175} INFO - Processing /home/airflow/.local/lib/python3.7/site-packages/airflow/example_dags/tutorial_dag.py took 0.169 seconds
[2023-01-31T10:34:43.132+0000] {processor.py:153} INFO - Started process (PID=3163) to work on /home/airflow/.local/lib/python3.7/site-packages/airflow/example_dags/tutorial_dag.py
[2023-01-31T10:34:43.136+0000] {processor.py:743} INFO - Processing file /home/airflow/.local/lib/python3.7/site-packages/airflow/example_dags/tutorial_dag.py for tasks to queue
[2023-01-31T10:34:43.139+0000] {logging_mixin.py:137} INFO - [2023-01-31T10:34:43.138+0000] {dagbag.py:538} INFO - Filling up the DagBag from /home/airflow/.local/lib/python3.7/site-packages/airflow/example_dags/tutorial_dag.py
[2023-01-31T10:34:43.151+0000] {processor.py:753} INFO - DAG(s) dict_keys(['tutorial_dag']) retrieved from /home/airflow/.local/lib/python3.7/site-packages/airflow/example_dags/tutorial_dag.py
[2023-01-31T10:34:43.183+0000] {logging_mixin.py:137} INFO - [2023-01-31T10:34:43.182+0000] {dag.py:2690} INFO - Sync 1 DAGs
[2023-01-31T10:34:43.208+0000] {logging_mixin.py:137} INFO - [2023-01-31T10:34:43.208+0000] {dag.py:3441} INFO - Setting next_dagrun for tutorial_dag to None, run_after=None
[2023-01-31T10:34:43.233+0000] {processor.py:175} INFO - Processing /home/airflow/.local/lib/python3.7/site-packages/airflow/example_dags/tutorial_dag.py took 0.105 seconds
[2023-01-31T10:35:13.395+0000] {processor.py:153} INFO - Started process (PID=3246) to work on /home/airflow/.local/lib/python3.7/site-packages/airflow/example_dags/tutorial_dag.py
[2023-01-31T10:35:13.450+0000] {processor.py:743} INFO - Processing file /home/airflow/.local/lib/python3.7/site-packages/airflow/example_dags/tutorial_dag.py for tasks to queue
[2023-01-31T10:35:13.472+0000] {logging_mixin.py:137} INFO - [2023-01-31T10:35:13.472+0000] {dagbag.py:538} INFO - Filling up the DagBag from /home/airflow/.local/lib/python3.7/site-packages/airflow/example_dags/tutorial_dag.py
[2023-01-31T10:35:13.518+0000] {processor.py:753} INFO - DAG(s) dict_keys(['tutorial_dag']) retrieved from /home/airflow/.local/lib/python3.7/site-packages/airflow/example_dags/tutorial_dag.py
[2023-01-31T10:35:13.615+0000] {logging_mixin.py:137} INFO - [2023-01-31T10:35:13.615+0000] {dag.py:2690} INFO - Sync 1 DAGs
[2023-01-31T10:35:13.744+0000] {logging_mixin.py:137} INFO - [2023-01-31T10:35:13.744+0000] {dag.py:3441} INFO - Setting next_dagrun for tutorial_dag to None, run_after=None
[2023-01-31T10:35:14.089+0000] {processor.py:175} INFO - Processing /home/airflow/.local/lib/python3.7/site-packages/airflow/example_dags/tutorial_dag.py took 0.726 seconds
[2023-01-31T10:35:44.303+0000] {processor.py:153} INFO - Started process (PID=3325) to work on /home/airflow/.local/lib/python3.7/site-packages/airflow/example_dags/tutorial_dag.py
[2023-01-31T10:35:44.306+0000] {processor.py:743} INFO - Processing file /home/airflow/.local/lib/python3.7/site-packages/airflow/example_dags/tutorial_dag.py for tasks to queue
[2023-01-31T10:35:44.309+0000] {logging_mixin.py:137} INFO - [2023-01-31T10:35:44.309+0000] {dagbag.py:538} INFO - Filling up the DagBag from /home/airflow/.local/lib/python3.7/site-packages/airflow/example_dags/tutorial_dag.py
[2023-01-31T10:35:44.324+0000] {processor.py:753} INFO - DAG(s) dict_keys(['tutorial_dag']) retrieved from /home/airflow/.local/lib/python3.7/site-packages/airflow/example_dags/tutorial_dag.py
[2023-01-31T10:35:44.351+0000] {logging_mixin.py:137} INFO - [2023-01-31T10:35:44.351+0000] {dag.py:2690} INFO - Sync 1 DAGs
[2023-01-31T10:35:44.371+0000] {logging_mixin.py:137} INFO - [2023-01-31T10:35:44.371+0000] {dag.py:3441} INFO - Setting next_dagrun for tutorial_dag to None, run_after=None
[2023-01-31T10:35:44.401+0000] {processor.py:175} INFO - Processing /home/airflow/.local/lib/python3.7/site-packages/airflow/example_dags/tutorial_dag.py took 0.102 seconds
[2023-01-31T10:36:15.668+0000] {processor.py:153} INFO - Started process (PID=3404) to work on /home/airflow/.local/lib/python3.7/site-packages/airflow/example_dags/tutorial_dag.py
[2023-01-31T10:36:15.669+0000] {processor.py:743} INFO - Processing file /home/airflow/.local/lib/python3.7/site-packages/airflow/example_dags/tutorial_dag.py for tasks to queue
[2023-01-31T10:36:15.671+0000] {logging_mixin.py:137} INFO - [2023-01-31T10:36:15.671+0000] {dagbag.py:538} INFO - Filling up the DagBag from /home/airflow/.local/lib/python3.7/site-packages/airflow/example_dags/tutorial_dag.py
[2023-01-31T10:36:15.682+0000] {processor.py:753} INFO - DAG(s) dict_keys(['tutorial_dag']) retrieved from /home/airflow/.local/lib/python3.7/site-packages/airflow/example_dags/tutorial_dag.py
[2023-01-31T10:36:15.707+0000] {logging_mixin.py:137} INFO - [2023-01-31T10:36:15.707+0000] {dag.py:2690} INFO - Sync 1 DAGs
[2023-01-31T10:36:15.728+0000] {logging_mixin.py:137} INFO - [2023-01-31T10:36:15.728+0000] {dag.py:3441} INFO - Setting next_dagrun for tutorial_dag to None, run_after=None
[2023-01-31T10:36:15.745+0000] {processor.py:175} INFO - Processing /home/airflow/.local/lib/python3.7/site-packages/airflow/example_dags/tutorial_dag.py took 0.080 seconds
[2023-01-31T10:36:47.812+0000] {processor.py:153} INFO - Started process (PID=3487) to work on /home/airflow/.local/lib/python3.7/site-packages/airflow/example_dags/tutorial_dag.py
[2023-01-31T10:36:47.823+0000] {processor.py:743} INFO - Processing file /home/airflow/.local/lib/python3.7/site-packages/airflow/example_dags/tutorial_dag.py for tasks to queue
[2023-01-31T10:36:47.825+0000] {logging_mixin.py:137} INFO - [2023-01-31T10:36:47.825+0000] {dagbag.py:538} INFO - Filling up the DagBag from /home/airflow/.local/lib/python3.7/site-packages/airflow/example_dags/tutorial_dag.py
[2023-01-31T10:36:47.841+0000] {processor.py:753} INFO - DAG(s) dict_keys(['tutorial_dag']) retrieved from /home/airflow/.local/lib/python3.7/site-packages/airflow/example_dags/tutorial_dag.py
[2023-01-31T10:36:47.897+0000] {logging_mixin.py:137} INFO - [2023-01-31T10:36:47.897+0000] {dag.py:2690} INFO - Sync 1 DAGs
[2023-01-31T10:36:47.932+0000] {logging_mixin.py:137} INFO - [2023-01-31T10:36:47.932+0000] {dag.py:3441} INFO - Setting next_dagrun for tutorial_dag to None, run_after=None
[2023-01-31T10:36:47.950+0000] {processor.py:175} INFO - Processing /home/airflow/.local/lib/python3.7/site-packages/airflow/example_dags/tutorial_dag.py took 0.154 seconds
[2023-01-31T10:37:20.921+0000] {processor.py:153} INFO - Started process (PID=3567) to work on /home/airflow/.local/lib/python3.7/site-packages/airflow/example_dags/tutorial_dag.py
[2023-01-31T10:37:20.922+0000] {processor.py:743} INFO - Processing file /home/airflow/.local/lib/python3.7/site-packages/airflow/example_dags/tutorial_dag.py for tasks to queue
[2023-01-31T10:37:20.924+0000] {logging_mixin.py:137} INFO - [2023-01-31T10:37:20.923+0000] {dagbag.py:538} INFO - Filling up the DagBag from /home/airflow/.local/lib/python3.7/site-packages/airflow/example_dags/tutorial_dag.py
[2023-01-31T10:37:20.937+0000] {processor.py:753} INFO - DAG(s) dict_keys(['tutorial_dag']) retrieved from /home/airflow/.local/lib/python3.7/site-packages/airflow/example_dags/tutorial_dag.py
[2023-01-31T10:37:20.977+0000] {logging_mixin.py:137} INFO - [2023-01-31T10:37:20.976+0000] {dag.py:2690} INFO - Sync 1 DAGs
[2023-01-31T10:37:20.997+0000] {logging_mixin.py:137} INFO - [2023-01-31T10:37:20.996+0000] {dag.py:3441} INFO - Setting next_dagrun for tutorial_dag to None, run_after=None
[2023-01-31T10:37:21.018+0000] {processor.py:175} INFO - Processing /home/airflow/.local/lib/python3.7/site-packages/airflow/example_dags/tutorial_dag.py took 0.101 seconds
[2023-01-31T10:37:53.390+0000] {processor.py:153} INFO - Started process (PID=3662) to work on /home/airflow/.local/lib/python3.7/site-packages/airflow/example_dags/tutorial_dag.py
[2023-01-31T10:37:53.393+0000] {processor.py:743} INFO - Processing file /home/airflow/.local/lib/python3.7/site-packages/airflow/example_dags/tutorial_dag.py for tasks to queue
[2023-01-31T10:37:53.394+0000] {logging_mixin.py:137} INFO - [2023-01-31T10:37:53.394+0000] {dagbag.py:538} INFO - Filling up the DagBag from /home/airflow/.local/lib/python3.7/site-packages/airflow/example_dags/tutorial_dag.py
[2023-01-31T10:37:53.409+0000] {processor.py:753} INFO - DAG(s) dict_keys(['tutorial_dag']) retrieved from /home/airflow/.local/lib/python3.7/site-packages/airflow/example_dags/tutorial_dag.py
[2023-01-31T10:37:53.454+0000] {logging_mixin.py:137} INFO - [2023-01-31T10:37:53.454+0000] {dag.py:2690} INFO - Sync 1 DAGs
[2023-01-31T10:37:53.477+0000] {logging_mixin.py:137} INFO - [2023-01-31T10:37:53.476+0000] {dag.py:3441} INFO - Setting next_dagrun for tutorial_dag to None, run_after=None
[2023-01-31T10:37:53.495+0000] {processor.py:175} INFO - Processing /home/airflow/.local/lib/python3.7/site-packages/airflow/example_dags/tutorial_dag.py took 0.111 seconds
[2023-01-31T10:38:24.409+0000] {processor.py:153} INFO - Started process (PID=3741) to work on /home/airflow/.local/lib/python3.7/site-packages/airflow/example_dags/tutorial_dag.py
[2023-01-31T10:38:24.411+0000] {processor.py:743} INFO - Processing file /home/airflow/.local/lib/python3.7/site-packages/airflow/example_dags/tutorial_dag.py for tasks to queue
[2023-01-31T10:38:24.412+0000] {logging_mixin.py:137} INFO - [2023-01-31T10:38:24.412+0000] {dagbag.py:538} INFO - Filling up the DagBag from /home/airflow/.local/lib/python3.7/site-packages/airflow/example_dags/tutorial_dag.py
[2023-01-31T10:38:24.422+0000] {processor.py:753} INFO - DAG(s) dict_keys(['tutorial_dag']) retrieved from /home/airflow/.local/lib/python3.7/site-packages/airflow/example_dags/tutorial_dag.py
[2023-01-31T10:38:24.449+0000] {logging_mixin.py:137} INFO - [2023-01-31T10:38:24.449+0000] {dag.py:2690} INFO - Sync 1 DAGs
[2023-01-31T10:38:24.467+0000] {logging_mixin.py:137} INFO - [2023-01-31T10:38:24.467+0000] {dag.py:3441} INFO - Setting next_dagrun for tutorial_dag to None, run_after=None
[2023-01-31T10:38:24.484+0000] {processor.py:175} INFO - Processing /home/airflow/.local/lib/python3.7/site-packages/airflow/example_dags/tutorial_dag.py took 0.080 seconds
[2023-01-31T10:38:54.724+0000] {processor.py:153} INFO - Started process (PID=3824) to work on /home/airflow/.local/lib/python3.7/site-packages/airflow/example_dags/tutorial_dag.py
[2023-01-31T10:38:54.726+0000] {processor.py:743} INFO - Processing file /home/airflow/.local/lib/python3.7/site-packages/airflow/example_dags/tutorial_dag.py for tasks to queue
[2023-01-31T10:38:54.728+0000] {logging_mixin.py:137} INFO - [2023-01-31T10:38:54.728+0000] {dagbag.py:538} INFO - Filling up the DagBag from /home/airflow/.local/lib/python3.7/site-packages/airflow/example_dags/tutorial_dag.py
[2023-01-31T10:38:54.746+0000] {processor.py:753} INFO - DAG(s) dict_keys(['tutorial_dag']) retrieved from /home/airflow/.local/lib/python3.7/site-packages/airflow/example_dags/tutorial_dag.py
[2023-01-31T10:38:54.790+0000] {logging_mixin.py:137} INFO - [2023-01-31T10:38:54.790+0000] {dag.py:2690} INFO - Sync 1 DAGs
[2023-01-31T10:38:54.811+0000] {logging_mixin.py:137} INFO - [2023-01-31T10:38:54.811+0000] {dag.py:3441} INFO - Setting next_dagrun for tutorial_dag to None, run_after=None
[2023-01-31T10:38:54.838+0000] {processor.py:175} INFO - Processing /home/airflow/.local/lib/python3.7/site-packages/airflow/example_dags/tutorial_dag.py took 0.118 seconds
[2023-01-31T10:39:25.216+0000] {processor.py:153} INFO - Started process (PID=3902) to work on /home/airflow/.local/lib/python3.7/site-packages/airflow/example_dags/tutorial_dag.py
[2023-01-31T10:39:25.217+0000] {processor.py:743} INFO - Processing file /home/airflow/.local/lib/python3.7/site-packages/airflow/example_dags/tutorial_dag.py for tasks to queue
[2023-01-31T10:39:25.218+0000] {logging_mixin.py:137} INFO - [2023-01-31T10:39:25.218+0000] {dagbag.py:538} INFO - Filling up the DagBag from /home/airflow/.local/lib/python3.7/site-packages/airflow/example_dags/tutorial_dag.py
[2023-01-31T10:39:25.229+0000] {processor.py:753} INFO - DAG(s) dict_keys(['tutorial_dag']) retrieved from /home/airflow/.local/lib/python3.7/site-packages/airflow/example_dags/tutorial_dag.py
[2023-01-31T10:39:25.253+0000] {logging_mixin.py:137} INFO - [2023-01-31T10:39:25.253+0000] {dag.py:2690} INFO - Sync 1 DAGs
[2023-01-31T10:39:25.273+0000] {logging_mixin.py:137} INFO - [2023-01-31T10:39:25.272+0000] {dag.py:3441} INFO - Setting next_dagrun for tutorial_dag to None, run_after=None
[2023-01-31T10:39:25.288+0000] {processor.py:175} INFO - Processing /home/airflow/.local/lib/python3.7/site-packages/airflow/example_dags/tutorial_dag.py took 0.075 seconds
[2023-01-31T10:39:55.648+0000] {processor.py:153} INFO - Started process (PID=3981) to work on /home/airflow/.local/lib/python3.7/site-packages/airflow/example_dags/tutorial_dag.py
[2023-01-31T10:39:55.649+0000] {processor.py:743} INFO - Processing file /home/airflow/.local/lib/python3.7/site-packages/airflow/example_dags/tutorial_dag.py for tasks to queue
[2023-01-31T10:39:55.652+0000] {logging_mixin.py:137} INFO - [2023-01-31T10:39:55.652+0000] {dagbag.py:538} INFO - Filling up the DagBag from /home/airflow/.local/lib/python3.7/site-packages/airflow/example_dags/tutorial_dag.py
[2023-01-31T10:39:55.668+0000] {processor.py:753} INFO - DAG(s) dict_keys(['tutorial_dag']) retrieved from /home/airflow/.local/lib/python3.7/site-packages/airflow/example_dags/tutorial_dag.py
[2023-01-31T10:39:55.696+0000] {logging_mixin.py:137} INFO - [2023-01-31T10:39:55.696+0000] {dag.py:2690} INFO - Sync 1 DAGs
[2023-01-31T10:39:55.717+0000] {logging_mixin.py:137} INFO - [2023-01-31T10:39:55.717+0000] {dag.py:3441} INFO - Setting next_dagrun for tutorial_dag to None, run_after=None
[2023-01-31T10:39:55.747+0000] {processor.py:175} INFO - Processing /home/airflow/.local/lib/python3.7/site-packages/airflow/example_dags/tutorial_dag.py took 0.102 seconds
[2023-01-31T10:40:25.803+0000] {processor.py:153} INFO - Started process (PID=4060) to work on /home/airflow/.local/lib/python3.7/site-packages/airflow/example_dags/tutorial_dag.py
[2023-01-31T10:40:25.805+0000] {processor.py:743} INFO - Processing file /home/airflow/.local/lib/python3.7/site-packages/airflow/example_dags/tutorial_dag.py for tasks to queue
[2023-01-31T10:40:25.806+0000] {logging_mixin.py:137} INFO - [2023-01-31T10:40:25.806+0000] {dagbag.py:538} INFO - Filling up the DagBag from /home/airflow/.local/lib/python3.7/site-packages/airflow/example_dags/tutorial_dag.py
[2023-01-31T10:40:25.820+0000] {processor.py:753} INFO - DAG(s) dict_keys(['tutorial_dag']) retrieved from /home/airflow/.local/lib/python3.7/site-packages/airflow/example_dags/tutorial_dag.py
[2023-01-31T10:40:25.850+0000] {logging_mixin.py:137} INFO - [2023-01-31T10:40:25.850+0000] {dag.py:2690} INFO - Sync 1 DAGs
[2023-01-31T10:40:25.869+0000] {logging_mixin.py:137} INFO - [2023-01-31T10:40:25.869+0000] {dag.py:3441} INFO - Setting next_dagrun for tutorial_dag to None, run_after=None
[2023-01-31T10:40:25.887+0000] {processor.py:175} INFO - Processing /home/airflow/.local/lib/python3.7/site-packages/airflow/example_dags/tutorial_dag.py took 0.088 seconds
[2023-01-31T10:40:58.169+0000] {processor.py:153} INFO - Started process (PID=4147) to work on /home/airflow/.local/lib/python3.7/site-packages/airflow/example_dags/tutorial_dag.py
[2023-01-31T10:40:58.175+0000] {processor.py:743} INFO - Processing file /home/airflow/.local/lib/python3.7/site-packages/airflow/example_dags/tutorial_dag.py for tasks to queue
[2023-01-31T10:40:58.182+0000] {logging_mixin.py:137} INFO - [2023-01-31T10:40:58.182+0000] {dagbag.py:538} INFO - Filling up the DagBag from /home/airflow/.local/lib/python3.7/site-packages/airflow/example_dags/tutorial_dag.py
[2023-01-31T10:40:58.238+0000] {processor.py:753} INFO - DAG(s) dict_keys(['tutorial_dag']) retrieved from /home/airflow/.local/lib/python3.7/site-packages/airflow/example_dags/tutorial_dag.py
[2023-01-31T10:40:58.386+0000] {logging_mixin.py:137} INFO - [2023-01-31T10:40:58.385+0000] {dag.py:2690} INFO - Sync 1 DAGs
[2023-01-31T10:40:58.495+0000] {logging_mixin.py:137} INFO - [2023-01-31T10:40:58.495+0000] {dag.py:3441} INFO - Setting next_dagrun for tutorial_dag to None, run_after=None
[2023-01-31T10:40:58.519+0000] {processor.py:175} INFO - Processing /home/airflow/.local/lib/python3.7/site-packages/airflow/example_dags/tutorial_dag.py took 0.356 seconds
[2023-01-31T10:41:29.109+0000] {processor.py:153} INFO - Started process (PID=4217) to work on /home/airflow/.local/lib/python3.7/site-packages/airflow/example_dags/tutorial_dag.py
[2023-01-31T10:41:29.122+0000] {processor.py:743} INFO - Processing file /home/airflow/.local/lib/python3.7/site-packages/airflow/example_dags/tutorial_dag.py for tasks to queue
[2023-01-31T10:41:29.133+0000] {logging_mixin.py:137} INFO - [2023-01-31T10:41:29.133+0000] {dagbag.py:538} INFO - Filling up the DagBag from /home/airflow/.local/lib/python3.7/site-packages/airflow/example_dags/tutorial_dag.py
[2023-01-31T10:41:29.148+0000] {processor.py:753} INFO - DAG(s) dict_keys(['tutorial_dag']) retrieved from /home/airflow/.local/lib/python3.7/site-packages/airflow/example_dags/tutorial_dag.py
[2023-01-31T10:41:29.172+0000] {logging_mixin.py:137} INFO - [2023-01-31T10:41:29.172+0000] {dag.py:2690} INFO - Sync 1 DAGs
[2023-01-31T10:41:29.192+0000] {logging_mixin.py:137} INFO - [2023-01-31T10:41:29.192+0000] {dag.py:3441} INFO - Setting next_dagrun for tutorial_dag to None, run_after=None
[2023-01-31T10:41:29.213+0000] {processor.py:175} INFO - Processing /home/airflow/.local/lib/python3.7/site-packages/airflow/example_dags/tutorial_dag.py took 0.108 seconds
[2023-01-31T10:42:02.848+0000] {processor.py:153} INFO - Started process (PID=4313) to work on /home/airflow/.local/lib/python3.7/site-packages/airflow/example_dags/tutorial_dag.py
[2023-01-31T10:42:02.853+0000] {processor.py:743} INFO - Processing file /home/airflow/.local/lib/python3.7/site-packages/airflow/example_dags/tutorial_dag.py for tasks to queue
[2023-01-31T10:42:02.856+0000] {logging_mixin.py:137} INFO - [2023-01-31T10:42:02.856+0000] {dagbag.py:538} INFO - Filling up the DagBag from /home/airflow/.local/lib/python3.7/site-packages/airflow/example_dags/tutorial_dag.py
[2023-01-31T10:42:02.870+0000] {processor.py:753} INFO - DAG(s) dict_keys(['tutorial_dag']) retrieved from /home/airflow/.local/lib/python3.7/site-packages/airflow/example_dags/tutorial_dag.py
[2023-01-31T10:42:02.922+0000] {logging_mixin.py:137} INFO - [2023-01-31T10:42:02.921+0000] {dag.py:2690} INFO - Sync 1 DAGs
[2023-01-31T10:42:02.941+0000] {logging_mixin.py:137} INFO - [2023-01-31T10:42:02.940+0000] {dag.py:3441} INFO - Setting next_dagrun for tutorial_dag to None, run_after=None
[2023-01-31T10:42:02.970+0000] {processor.py:175} INFO - Processing /home/airflow/.local/lib/python3.7/site-packages/airflow/example_dags/tutorial_dag.py took 0.127 seconds
[2023-01-31T10:42:36.394+0000] {processor.py:153} INFO - Started process (PID=4393) to work on /home/airflow/.local/lib/python3.7/site-packages/airflow/example_dags/tutorial_dag.py
[2023-01-31T10:42:36.395+0000] {processor.py:743} INFO - Processing file /home/airflow/.local/lib/python3.7/site-packages/airflow/example_dags/tutorial_dag.py for tasks to queue
[2023-01-31T10:42:36.396+0000] {logging_mixin.py:137} INFO - [2023-01-31T10:42:36.396+0000] {dagbag.py:538} INFO - Filling up the DagBag from /home/airflow/.local/lib/python3.7/site-packages/airflow/example_dags/tutorial_dag.py
[2023-01-31T10:42:36.411+0000] {processor.py:753} INFO - DAG(s) dict_keys(['tutorial_dag']) retrieved from /home/airflow/.local/lib/python3.7/site-packages/airflow/example_dags/tutorial_dag.py
[2023-01-31T10:42:36.436+0000] {logging_mixin.py:137} INFO - [2023-01-31T10:42:36.436+0000] {dag.py:2690} INFO - Sync 1 DAGs
[2023-01-31T10:42:36.463+0000] {logging_mixin.py:137} INFO - [2023-01-31T10:42:36.463+0000] {dag.py:3441} INFO - Setting next_dagrun for tutorial_dag to None, run_after=None
[2023-01-31T10:42:36.484+0000] {processor.py:175} INFO - Processing /home/airflow/.local/lib/python3.7/site-packages/airflow/example_dags/tutorial_dag.py took 0.093 seconds
[2023-01-31T10:43:12.350+0000] {processor.py:153} INFO - Started process (PID=4493) to work on /home/airflow/.local/lib/python3.7/site-packages/airflow/example_dags/tutorial_dag.py
[2023-01-31T10:43:12.355+0000] {processor.py:743} INFO - Processing file /home/airflow/.local/lib/python3.7/site-packages/airflow/example_dags/tutorial_dag.py for tasks to queue
[2023-01-31T10:43:12.361+0000] {logging_mixin.py:137} INFO - [2023-01-31T10:43:12.361+0000] {dagbag.py:538} INFO - Filling up the DagBag from /home/airflow/.local/lib/python3.7/site-packages/airflow/example_dags/tutorial_dag.py
[2023-01-31T10:43:12.376+0000] {processor.py:753} INFO - DAG(s) dict_keys(['tutorial_dag']) retrieved from /home/airflow/.local/lib/python3.7/site-packages/airflow/example_dags/tutorial_dag.py
[2023-01-31T10:43:12.416+0000] {logging_mixin.py:137} INFO - [2023-01-31T10:43:12.416+0000] {dag.py:2690} INFO - Sync 1 DAGs
[2023-01-31T10:43:12.456+0000] {logging_mixin.py:137} INFO - [2023-01-31T10:43:12.456+0000] {dag.py:3441} INFO - Setting next_dagrun for tutorial_dag to None, run_after=None
[2023-01-31T10:43:12.497+0000] {processor.py:175} INFO - Processing /home/airflow/.local/lib/python3.7/site-packages/airflow/example_dags/tutorial_dag.py took 0.154 seconds
[2023-01-31T10:43:43.115+0000] {processor.py:153} INFO - Started process (PID=4570) to work on /home/airflow/.local/lib/python3.7/site-packages/airflow/example_dags/tutorial_dag.py
[2023-01-31T10:43:43.120+0000] {processor.py:743} INFO - Processing file /home/airflow/.local/lib/python3.7/site-packages/airflow/example_dags/tutorial_dag.py for tasks to queue
[2023-01-31T10:43:43.122+0000] {logging_mixin.py:137} INFO - [2023-01-31T10:43:43.122+0000] {dagbag.py:538} INFO - Filling up the DagBag from /home/airflow/.local/lib/python3.7/site-packages/airflow/example_dags/tutorial_dag.py
[2023-01-31T10:43:43.135+0000] {processor.py:753} INFO - DAG(s) dict_keys(['tutorial_dag']) retrieved from /home/airflow/.local/lib/python3.7/site-packages/airflow/example_dags/tutorial_dag.py
[2023-01-31T10:43:43.191+0000] {logging_mixin.py:137} INFO - [2023-01-31T10:43:43.191+0000] {dag.py:2690} INFO - Sync 1 DAGs
[2023-01-31T10:43:43.210+0000] {logging_mixin.py:137} INFO - [2023-01-31T10:43:43.210+0000] {dag.py:3441} INFO - Setting next_dagrun for tutorial_dag to None, run_after=None
[2023-01-31T10:43:43.229+0000] {processor.py:175} INFO - Processing /home/airflow/.local/lib/python3.7/site-packages/airflow/example_dags/tutorial_dag.py took 0.119 seconds
