[2023-01-31T10:15:34.872+0000] {processor.py:153} INFO - Started process (PID=90) to work on /home/airflow/.local/lib/python3.7/site-packages/airflow/example_dags/tutorial_taskflow_api_virtualenv.py
[2023-01-31T10:15:34.890+0000] {processor.py:743} INFO - Processing file /home/airflow/.local/lib/python3.7/site-packages/airflow/example_dags/tutorial_taskflow_api_virtualenv.py for tasks to queue
[2023-01-31T10:15:34.925+0000] {logging_mixin.py:137} INFO - [2023-01-31T10:15:34.912+0000] {dagbag.py:538} INFO - Filling up the DagBag from /home/airflow/.local/lib/python3.7/site-packages/airflow/example_dags/tutorial_taskflow_api_virtualenv.py
[2023-01-31T10:15:34.986+0000] {processor.py:753} INFO - DAG(s) dict_keys(['tutorial_taskflow_api_virtualenv']) retrieved from /home/airflow/.local/lib/python3.7/site-packages/airflow/example_dags/tutorial_taskflow_api_virtualenv.py
[2023-01-31T10:15:35.084+0000] {logging_mixin.py:137} INFO - [2023-01-31T10:15:35.084+0000] {dag.py:2690} INFO - Sync 1 DAGs
[2023-01-31T10:15:35.211+0000] {logging_mixin.py:137} INFO - [2023-01-31T10:15:35.211+0000] {dag.py:3441} INFO - Setting next_dagrun for tutorial_taskflow_api_virtualenv to None, run_after=None
[2023-01-31T10:15:35.301+0000] {processor.py:175} INFO - Processing /home/airflow/.local/lib/python3.7/site-packages/airflow/example_dags/tutorial_taskflow_api_virtualenv.py took 0.472 seconds
[2023-01-31T10:16:05.874+0000] {processor.py:153} INFO - Started process (PID=173) to work on /home/airflow/.local/lib/python3.7/site-packages/airflow/example_dags/tutorial_taskflow_api_virtualenv.py
[2023-01-31T10:16:05.881+0000] {processor.py:743} INFO - Processing file /home/airflow/.local/lib/python3.7/site-packages/airflow/example_dags/tutorial_taskflow_api_virtualenv.py for tasks to queue
[2023-01-31T10:16:05.883+0000] {logging_mixin.py:137} INFO - [2023-01-31T10:16:05.882+0000] {dagbag.py:538} INFO - Filling up the DagBag from /home/airflow/.local/lib/python3.7/site-packages/airflow/example_dags/tutorial_taskflow_api_virtualenv.py
[2023-01-31T10:16:05.906+0000] {processor.py:753} INFO - DAG(s) dict_keys(['tutorial_taskflow_api_virtualenv']) retrieved from /home/airflow/.local/lib/python3.7/site-packages/airflow/example_dags/tutorial_taskflow_api_virtualenv.py
[2023-01-31T10:16:05.937+0000] {logging_mixin.py:137} INFO - [2023-01-31T10:16:05.937+0000] {dag.py:2690} INFO - Sync 1 DAGs
[2023-01-31T10:16:05.959+0000] {logging_mixin.py:137} INFO - [2023-01-31T10:16:05.959+0000] {dag.py:3441} INFO - Setting next_dagrun for tutorial_taskflow_api_virtualenv to None, run_after=None
[2023-01-31T10:16:05.975+0000] {processor.py:175} INFO - Processing /home/airflow/.local/lib/python3.7/site-packages/airflow/example_dags/tutorial_taskflow_api_virtualenv.py took 0.108 seconds
[2023-01-31T10:16:36.160+0000] {processor.py:153} INFO - Started process (PID=268) to work on /home/airflow/.local/lib/python3.7/site-packages/airflow/example_dags/tutorial_taskflow_api_virtualenv.py
[2023-01-31T10:16:36.164+0000] {processor.py:743} INFO - Processing file /home/airflow/.local/lib/python3.7/site-packages/airflow/example_dags/tutorial_taskflow_api_virtualenv.py for tasks to queue
[2023-01-31T10:16:36.168+0000] {logging_mixin.py:137} INFO - [2023-01-31T10:16:36.168+0000] {dagbag.py:538} INFO - Filling up the DagBag from /home/airflow/.local/lib/python3.7/site-packages/airflow/example_dags/tutorial_taskflow_api_virtualenv.py
[2023-01-31T10:16:36.202+0000] {processor.py:753} INFO - DAG(s) dict_keys(['tutorial_taskflow_api_virtualenv']) retrieved from /home/airflow/.local/lib/python3.7/site-packages/airflow/example_dags/tutorial_taskflow_api_virtualenv.py
[2023-01-31T10:16:36.257+0000] {logging_mixin.py:137} INFO - [2023-01-31T10:16:36.257+0000] {dag.py:2690} INFO - Sync 1 DAGs
[2023-01-31T10:16:36.284+0000] {logging_mixin.py:137} INFO - [2023-01-31T10:16:36.283+0000] {dag.py:3441} INFO - Setting next_dagrun for tutorial_taskflow_api_virtualenv to None, run_after=None
[2023-01-31T10:16:36.313+0000] {processor.py:175} INFO - Processing /home/airflow/.local/lib/python3.7/site-packages/airflow/example_dags/tutorial_taskflow_api_virtualenv.py took 0.164 seconds
[2023-01-31T10:17:07.451+0000] {processor.py:153} INFO - Started process (PID=347) to work on /home/airflow/.local/lib/python3.7/site-packages/airflow/example_dags/tutorial_taskflow_api_virtualenv.py
[2023-01-31T10:17:07.452+0000] {processor.py:743} INFO - Processing file /home/airflow/.local/lib/python3.7/site-packages/airflow/example_dags/tutorial_taskflow_api_virtualenv.py for tasks to queue
[2023-01-31T10:17:07.454+0000] {logging_mixin.py:137} INFO - [2023-01-31T10:17:07.454+0000] {dagbag.py:538} INFO - Filling up the DagBag from /home/airflow/.local/lib/python3.7/site-packages/airflow/example_dags/tutorial_taskflow_api_virtualenv.py
[2023-01-31T10:17:07.474+0000] {processor.py:753} INFO - DAG(s) dict_keys(['tutorial_taskflow_api_virtualenv']) retrieved from /home/airflow/.local/lib/python3.7/site-packages/airflow/example_dags/tutorial_taskflow_api_virtualenv.py
[2023-01-31T10:17:07.505+0000] {logging_mixin.py:137} INFO - [2023-01-31T10:17:07.505+0000] {dag.py:2690} INFO - Sync 1 DAGs
[2023-01-31T10:17:07.531+0000] {logging_mixin.py:137} INFO - [2023-01-31T10:17:07.531+0000] {dag.py:3441} INFO - Setting next_dagrun for tutorial_taskflow_api_virtualenv to None, run_after=None
[2023-01-31T10:17:07.553+0000] {processor.py:175} INFO - Processing /home/airflow/.local/lib/python3.7/site-packages/airflow/example_dags/tutorial_taskflow_api_virtualenv.py took 0.105 seconds
[2023-01-31T10:17:38.214+0000] {processor.py:153} INFO - Started process (PID=425) to work on /home/airflow/.local/lib/python3.7/site-packages/airflow/example_dags/tutorial_taskflow_api_virtualenv.py
[2023-01-31T10:17:38.216+0000] {processor.py:743} INFO - Processing file /home/airflow/.local/lib/python3.7/site-packages/airflow/example_dags/tutorial_taskflow_api_virtualenv.py for tasks to queue
[2023-01-31T10:17:38.217+0000] {logging_mixin.py:137} INFO - [2023-01-31T10:17:38.217+0000] {dagbag.py:538} INFO - Filling up the DagBag from /home/airflow/.local/lib/python3.7/site-packages/airflow/example_dags/tutorial_taskflow_api_virtualenv.py
[2023-01-31T10:17:38.233+0000] {processor.py:753} INFO - DAG(s) dict_keys(['tutorial_taskflow_api_virtualenv']) retrieved from /home/airflow/.local/lib/python3.7/site-packages/airflow/example_dags/tutorial_taskflow_api_virtualenv.py
[2023-01-31T10:17:38.255+0000] {logging_mixin.py:137} INFO - [2023-01-31T10:17:38.255+0000] {dag.py:2690} INFO - Sync 1 DAGs
[2023-01-31T10:17:38.273+0000] {logging_mixin.py:137} INFO - [2023-01-31T10:17:38.273+0000] {dag.py:3441} INFO - Setting next_dagrun for tutorial_taskflow_api_virtualenv to None, run_after=None
[2023-01-31T10:17:38.295+0000] {processor.py:175} INFO - Processing /home/airflow/.local/lib/python3.7/site-packages/airflow/example_dags/tutorial_taskflow_api_virtualenv.py took 0.084 seconds
[2023-01-31T10:18:10.008+0000] {processor.py:153} INFO - Started process (PID=504) to work on /home/airflow/.local/lib/python3.7/site-packages/airflow/example_dags/tutorial_taskflow_api_virtualenv.py
[2023-01-31T10:18:10.027+0000] {processor.py:743} INFO - Processing file /home/airflow/.local/lib/python3.7/site-packages/airflow/example_dags/tutorial_taskflow_api_virtualenv.py for tasks to queue
[2023-01-31T10:18:10.065+0000] {logging_mixin.py:137} INFO - [2023-01-31T10:18:10.064+0000] {dagbag.py:538} INFO - Filling up the DagBag from /home/airflow/.local/lib/python3.7/site-packages/airflow/example_dags/tutorial_taskflow_api_virtualenv.py
[2023-01-31T10:18:10.113+0000] {processor.py:753} INFO - DAG(s) dict_keys(['tutorial_taskflow_api_virtualenv']) retrieved from /home/airflow/.local/lib/python3.7/site-packages/airflow/example_dags/tutorial_taskflow_api_virtualenv.py
[2023-01-31T10:18:10.169+0000] {logging_mixin.py:137} INFO - [2023-01-31T10:18:10.169+0000] {dag.py:2690} INFO - Sync 1 DAGs
[2023-01-31T10:18:10.208+0000] {logging_mixin.py:137} INFO - [2023-01-31T10:18:10.208+0000] {dag.py:3441} INFO - Setting next_dagrun for tutorial_taskflow_api_virtualenv to None, run_after=None
[2023-01-31T10:18:10.278+0000] {processor.py:175} INFO - Processing /home/airflow/.local/lib/python3.7/site-packages/airflow/example_dags/tutorial_taskflow_api_virtualenv.py took 0.306 seconds
[2023-01-31T10:18:44.294+0000] {processor.py:153} INFO - Started process (PID=583) to work on /home/airflow/.local/lib/python3.7/site-packages/airflow/example_dags/tutorial_taskflow_api_virtualenv.py
[2023-01-31T10:18:44.296+0000] {processor.py:743} INFO - Processing file /home/airflow/.local/lib/python3.7/site-packages/airflow/example_dags/tutorial_taskflow_api_virtualenv.py for tasks to queue
[2023-01-31T10:18:44.298+0000] {logging_mixin.py:137} INFO - [2023-01-31T10:18:44.298+0000] {dagbag.py:538} INFO - Filling up the DagBag from /home/airflow/.local/lib/python3.7/site-packages/airflow/example_dags/tutorial_taskflow_api_virtualenv.py
[2023-01-31T10:18:44.326+0000] {processor.py:753} INFO - DAG(s) dict_keys(['tutorial_taskflow_api_virtualenv']) retrieved from /home/airflow/.local/lib/python3.7/site-packages/airflow/example_dags/tutorial_taskflow_api_virtualenv.py
[2023-01-31T10:18:44.354+0000] {logging_mixin.py:137} INFO - [2023-01-31T10:18:44.354+0000] {dag.py:2690} INFO - Sync 1 DAGs
[2023-01-31T10:18:44.382+0000] {logging_mixin.py:137} INFO - [2023-01-31T10:18:44.382+0000] {dag.py:3441} INFO - Setting next_dagrun for tutorial_taskflow_api_virtualenv to None, run_after=None
[2023-01-31T10:18:44.403+0000] {processor.py:175} INFO - Processing /home/airflow/.local/lib/python3.7/site-packages/airflow/example_dags/tutorial_taskflow_api_virtualenv.py took 0.113 seconds
[2023-01-31T10:19:15.933+0000] {processor.py:153} INFO - Started process (PID=672) to work on /home/airflow/.local/lib/python3.7/site-packages/airflow/example_dags/tutorial_taskflow_api_virtualenv.py
[2023-01-31T10:19:15.939+0000] {processor.py:743} INFO - Processing file /home/airflow/.local/lib/python3.7/site-packages/airflow/example_dags/tutorial_taskflow_api_virtualenv.py for tasks to queue
[2023-01-31T10:19:15.947+0000] {logging_mixin.py:137} INFO - [2023-01-31T10:19:15.947+0000] {dagbag.py:538} INFO - Filling up the DagBag from /home/airflow/.local/lib/python3.7/site-packages/airflow/example_dags/tutorial_taskflow_api_virtualenv.py
[2023-01-31T10:19:15.981+0000] {processor.py:753} INFO - DAG(s) dict_keys(['tutorial_taskflow_api_virtualenv']) retrieved from /home/airflow/.local/lib/python3.7/site-packages/airflow/example_dags/tutorial_taskflow_api_virtualenv.py
[2023-01-31T10:19:16.045+0000] {logging_mixin.py:137} INFO - [2023-01-31T10:19:16.045+0000] {dag.py:2690} INFO - Sync 1 DAGs
[2023-01-31T10:19:16.085+0000] {logging_mixin.py:137} INFO - [2023-01-31T10:19:16.085+0000] {dag.py:3441} INFO - Setting next_dagrun for tutorial_taskflow_api_virtualenv to None, run_after=None
[2023-01-31T10:19:16.175+0000] {processor.py:175} INFO - Processing /home/airflow/.local/lib/python3.7/site-packages/airflow/example_dags/tutorial_taskflow_api_virtualenv.py took 0.247 seconds
[2023-01-31T10:19:47.317+0000] {processor.py:153} INFO - Started process (PID=759) to work on /home/airflow/.local/lib/python3.7/site-packages/airflow/example_dags/tutorial_taskflow_api_virtualenv.py
[2023-01-31T10:19:47.320+0000] {processor.py:743} INFO - Processing file /home/airflow/.local/lib/python3.7/site-packages/airflow/example_dags/tutorial_taskflow_api_virtualenv.py for tasks to queue
[2023-01-31T10:19:47.324+0000] {logging_mixin.py:137} INFO - [2023-01-31T10:19:47.324+0000] {dagbag.py:538} INFO - Filling up the DagBag from /home/airflow/.local/lib/python3.7/site-packages/airflow/example_dags/tutorial_taskflow_api_virtualenv.py
[2023-01-31T10:19:47.366+0000] {processor.py:753} INFO - DAG(s) dict_keys(['tutorial_taskflow_api_virtualenv']) retrieved from /home/airflow/.local/lib/python3.7/site-packages/airflow/example_dags/tutorial_taskflow_api_virtualenv.py
[2023-01-31T10:19:47.439+0000] {logging_mixin.py:137} INFO - [2023-01-31T10:19:47.439+0000] {dag.py:2690} INFO - Sync 1 DAGs
[2023-01-31T10:19:47.468+0000] {logging_mixin.py:137} INFO - [2023-01-31T10:19:47.468+0000] {dag.py:3441} INFO - Setting next_dagrun for tutorial_taskflow_api_virtualenv to None, run_after=None
[2023-01-31T10:19:47.515+0000] {processor.py:175} INFO - Processing /home/airflow/.local/lib/python3.7/site-packages/airflow/example_dags/tutorial_taskflow_api_virtualenv.py took 0.201 seconds
[2023-01-31T10:20:21.009+0000] {processor.py:153} INFO - Started process (PID=843) to work on /home/airflow/.local/lib/python3.7/site-packages/airflow/example_dags/tutorial_taskflow_api_virtualenv.py
[2023-01-31T10:20:21.011+0000] {processor.py:743} INFO - Processing file /home/airflow/.local/lib/python3.7/site-packages/airflow/example_dags/tutorial_taskflow_api_virtualenv.py for tasks to queue
[2023-01-31T10:20:21.014+0000] {logging_mixin.py:137} INFO - [2023-01-31T10:20:21.014+0000] {dagbag.py:538} INFO - Filling up the DagBag from /home/airflow/.local/lib/python3.7/site-packages/airflow/example_dags/tutorial_taskflow_api_virtualenv.py
[2023-01-31T10:20:21.041+0000] {processor.py:753} INFO - DAG(s) dict_keys(['tutorial_taskflow_api_virtualenv']) retrieved from /home/airflow/.local/lib/python3.7/site-packages/airflow/example_dags/tutorial_taskflow_api_virtualenv.py
[2023-01-31T10:20:21.101+0000] {logging_mixin.py:137} INFO - [2023-01-31T10:20:21.101+0000] {dag.py:2690} INFO - Sync 1 DAGs
[2023-01-31T10:20:21.139+0000] {logging_mixin.py:137} INFO - [2023-01-31T10:20:21.139+0000] {dag.py:3441} INFO - Setting next_dagrun for tutorial_taskflow_api_virtualenv to None, run_after=None
[2023-01-31T10:20:21.224+0000] {processor.py:175} INFO - Processing /home/airflow/.local/lib/python3.7/site-packages/airflow/example_dags/tutorial_taskflow_api_virtualenv.py took 0.220 seconds
[2023-01-31T10:20:51.921+0000] {processor.py:153} INFO - Started process (PID=922) to work on /home/airflow/.local/lib/python3.7/site-packages/airflow/example_dags/tutorial_taskflow_api_virtualenv.py
[2023-01-31T10:20:51.924+0000] {processor.py:743} INFO - Processing file /home/airflow/.local/lib/python3.7/site-packages/airflow/example_dags/tutorial_taskflow_api_virtualenv.py for tasks to queue
[2023-01-31T10:20:51.927+0000] {logging_mixin.py:137} INFO - [2023-01-31T10:20:51.926+0000] {dagbag.py:538} INFO - Filling up the DagBag from /home/airflow/.local/lib/python3.7/site-packages/airflow/example_dags/tutorial_taskflow_api_virtualenv.py
[2023-01-31T10:20:51.948+0000] {processor.py:753} INFO - DAG(s) dict_keys(['tutorial_taskflow_api_virtualenv']) retrieved from /home/airflow/.local/lib/python3.7/site-packages/airflow/example_dags/tutorial_taskflow_api_virtualenv.py
[2023-01-31T10:20:51.985+0000] {logging_mixin.py:137} INFO - [2023-01-31T10:20:51.985+0000] {dag.py:2690} INFO - Sync 1 DAGs
[2023-01-31T10:20:52.005+0000] {logging_mixin.py:137} INFO - [2023-01-31T10:20:52.005+0000] {dag.py:3441} INFO - Setting next_dagrun for tutorial_taskflow_api_virtualenv to None, run_after=None
[2023-01-31T10:20:52.020+0000] {processor.py:175} INFO - Processing /home/airflow/.local/lib/python3.7/site-packages/airflow/example_dags/tutorial_taskflow_api_virtualenv.py took 0.102 seconds
[2023-01-31T10:21:23.043+0000] {processor.py:153} INFO - Started process (PID=1017) to work on /home/airflow/.local/lib/python3.7/site-packages/airflow/example_dags/tutorial_taskflow_api_virtualenv.py
[2023-01-31T10:21:23.046+0000] {processor.py:743} INFO - Processing file /home/airflow/.local/lib/python3.7/site-packages/airflow/example_dags/tutorial_taskflow_api_virtualenv.py for tasks to queue
[2023-01-31T10:21:23.048+0000] {logging_mixin.py:137} INFO - [2023-01-31T10:21:23.048+0000] {dagbag.py:538} INFO - Filling up the DagBag from /home/airflow/.local/lib/python3.7/site-packages/airflow/example_dags/tutorial_taskflow_api_virtualenv.py
[2023-01-31T10:21:23.171+0000] {processor.py:753} INFO - DAG(s) dict_keys(['tutorial_taskflow_api_virtualenv']) retrieved from /home/airflow/.local/lib/python3.7/site-packages/airflow/example_dags/tutorial_taskflow_api_virtualenv.py
[2023-01-31T10:21:23.378+0000] {logging_mixin.py:137} INFO - [2023-01-31T10:21:23.378+0000] {dag.py:2690} INFO - Sync 1 DAGs
[2023-01-31T10:21:23.665+0000] {logging_mixin.py:137} INFO - [2023-01-31T10:21:23.665+0000] {dag.py:3441} INFO - Setting next_dagrun for tutorial_taskflow_api_virtualenv to None, run_after=None
[2023-01-31T10:21:23.824+0000] {processor.py:175} INFO - Processing /home/airflow/.local/lib/python3.7/site-packages/airflow/example_dags/tutorial_taskflow_api_virtualenv.py took 0.785 seconds
[2023-01-31T10:21:54.150+0000] {processor.py:153} INFO - Started process (PID=1095) to work on /home/airflow/.local/lib/python3.7/site-packages/airflow/example_dags/tutorial_taskflow_api_virtualenv.py
[2023-01-31T10:21:54.155+0000] {processor.py:743} INFO - Processing file /home/airflow/.local/lib/python3.7/site-packages/airflow/example_dags/tutorial_taskflow_api_virtualenv.py for tasks to queue
[2023-01-31T10:21:54.159+0000] {logging_mixin.py:137} INFO - [2023-01-31T10:21:54.158+0000] {dagbag.py:538} INFO - Filling up the DagBag from /home/airflow/.local/lib/python3.7/site-packages/airflow/example_dags/tutorial_taskflow_api_virtualenv.py
[2023-01-31T10:21:54.316+0000] {processor.py:753} INFO - DAG(s) dict_keys(['tutorial_taskflow_api_virtualenv']) retrieved from /home/airflow/.local/lib/python3.7/site-packages/airflow/example_dags/tutorial_taskflow_api_virtualenv.py
[2023-01-31T10:21:54.460+0000] {logging_mixin.py:137} INFO - [2023-01-31T10:21:54.460+0000] {dag.py:2690} INFO - Sync 1 DAGs
[2023-01-31T10:21:54.504+0000] {logging_mixin.py:137} INFO - [2023-01-31T10:21:54.504+0000] {dag.py:3441} INFO - Setting next_dagrun for tutorial_taskflow_api_virtualenv to None, run_after=None
[2023-01-31T10:21:54.558+0000] {processor.py:175} INFO - Processing /home/airflow/.local/lib/python3.7/site-packages/airflow/example_dags/tutorial_taskflow_api_virtualenv.py took 0.416 seconds
[2023-01-31T10:22:26.531+0000] {processor.py:153} INFO - Started process (PID=1174) to work on /home/airflow/.local/lib/python3.7/site-packages/airflow/example_dags/tutorial_taskflow_api_virtualenv.py
[2023-01-31T10:22:26.532+0000] {processor.py:743} INFO - Processing file /home/airflow/.local/lib/python3.7/site-packages/airflow/example_dags/tutorial_taskflow_api_virtualenv.py for tasks to queue
[2023-01-31T10:22:26.539+0000] {logging_mixin.py:137} INFO - [2023-01-31T10:22:26.539+0000] {dagbag.py:538} INFO - Filling up the DagBag from /home/airflow/.local/lib/python3.7/site-packages/airflow/example_dags/tutorial_taskflow_api_virtualenv.py
[2023-01-31T10:22:26.614+0000] {processor.py:753} INFO - DAG(s) dict_keys(['tutorial_taskflow_api_virtualenv']) retrieved from /home/airflow/.local/lib/python3.7/site-packages/airflow/example_dags/tutorial_taskflow_api_virtualenv.py
[2023-01-31T10:22:26.661+0000] {logging_mixin.py:137} INFO - [2023-01-31T10:22:26.661+0000] {dag.py:2690} INFO - Sync 1 DAGs
[2023-01-31T10:22:26.691+0000] {logging_mixin.py:137} INFO - [2023-01-31T10:22:26.691+0000] {dag.py:3441} INFO - Setting next_dagrun for tutorial_taskflow_api_virtualenv to None, run_after=None
[2023-01-31T10:22:26.721+0000] {processor.py:175} INFO - Processing /home/airflow/.local/lib/python3.7/site-packages/airflow/example_dags/tutorial_taskflow_api_virtualenv.py took 0.195 seconds
[2023-01-31T10:22:57.194+0000] {processor.py:153} INFO - Started process (PID=1252) to work on /home/airflow/.local/lib/python3.7/site-packages/airflow/example_dags/tutorial_taskflow_api_virtualenv.py
[2023-01-31T10:22:57.197+0000] {processor.py:743} INFO - Processing file /home/airflow/.local/lib/python3.7/site-packages/airflow/example_dags/tutorial_taskflow_api_virtualenv.py for tasks to queue
[2023-01-31T10:22:57.199+0000] {logging_mixin.py:137} INFO - [2023-01-31T10:22:57.199+0000] {dagbag.py:538} INFO - Filling up the DagBag from /home/airflow/.local/lib/python3.7/site-packages/airflow/example_dags/tutorial_taskflow_api_virtualenv.py
[2023-01-31T10:22:57.225+0000] {processor.py:753} INFO - DAG(s) dict_keys(['tutorial_taskflow_api_virtualenv']) retrieved from /home/airflow/.local/lib/python3.7/site-packages/airflow/example_dags/tutorial_taskflow_api_virtualenv.py
[2023-01-31T10:22:57.309+0000] {logging_mixin.py:137} INFO - [2023-01-31T10:22:57.308+0000] {dag.py:2690} INFO - Sync 1 DAGs
[2023-01-31T10:22:57.328+0000] {logging_mixin.py:137} INFO - [2023-01-31T10:22:57.328+0000] {dag.py:3441} INFO - Setting next_dagrun for tutorial_taskflow_api_virtualenv to None, run_after=None
[2023-01-31T10:22:57.353+0000] {processor.py:175} INFO - Processing /home/airflow/.local/lib/python3.7/site-packages/airflow/example_dags/tutorial_taskflow_api_virtualenv.py took 0.165 seconds
[2023-01-31T10:23:28.673+0000] {processor.py:153} INFO - Started process (PID=1337) to work on /home/airflow/.local/lib/python3.7/site-packages/airflow/example_dags/tutorial_taskflow_api_virtualenv.py
[2023-01-31T10:23:28.677+0000] {processor.py:743} INFO - Processing file /home/airflow/.local/lib/python3.7/site-packages/airflow/example_dags/tutorial_taskflow_api_virtualenv.py for tasks to queue
[2023-01-31T10:23:28.681+0000] {logging_mixin.py:137} INFO - [2023-01-31T10:23:28.680+0000] {dagbag.py:538} INFO - Filling up the DagBag from /home/airflow/.local/lib/python3.7/site-packages/airflow/example_dags/tutorial_taskflow_api_virtualenv.py
[2023-01-31T10:23:28.744+0000] {processor.py:753} INFO - DAG(s) dict_keys(['tutorial_taskflow_api_virtualenv']) retrieved from /home/airflow/.local/lib/python3.7/site-packages/airflow/example_dags/tutorial_taskflow_api_virtualenv.py
[2023-01-31T10:23:28.792+0000] {logging_mixin.py:137} INFO - [2023-01-31T10:23:28.792+0000] {dag.py:2690} INFO - Sync 1 DAGs
[2023-01-31T10:23:28.838+0000] {logging_mixin.py:137} INFO - [2023-01-31T10:23:28.838+0000] {dag.py:3441} INFO - Setting next_dagrun for tutorial_taskflow_api_virtualenv to None, run_after=None
[2023-01-31T10:23:28.877+0000] {processor.py:175} INFO - Processing /home/airflow/.local/lib/python3.7/site-packages/airflow/example_dags/tutorial_taskflow_api_virtualenv.py took 0.209 seconds
[2023-01-31T10:24:00.303+0000] {processor.py:153} INFO - Started process (PID=1418) to work on /home/airflow/.local/lib/python3.7/site-packages/airflow/example_dags/tutorial_taskflow_api_virtualenv.py
[2023-01-31T10:24:00.306+0000] {processor.py:743} INFO - Processing file /home/airflow/.local/lib/python3.7/site-packages/airflow/example_dags/tutorial_taskflow_api_virtualenv.py for tasks to queue
[2023-01-31T10:24:00.310+0000] {logging_mixin.py:137} INFO - [2023-01-31T10:24:00.309+0000] {dagbag.py:538} INFO - Filling up the DagBag from /home/airflow/.local/lib/python3.7/site-packages/airflow/example_dags/tutorial_taskflow_api_virtualenv.py
[2023-01-31T10:24:00.388+0000] {processor.py:753} INFO - DAG(s) dict_keys(['tutorial_taskflow_api_virtualenv']) retrieved from /home/airflow/.local/lib/python3.7/site-packages/airflow/example_dags/tutorial_taskflow_api_virtualenv.py
[2023-01-31T10:24:00.484+0000] {logging_mixin.py:137} INFO - [2023-01-31T10:24:00.484+0000] {dag.py:2690} INFO - Sync 1 DAGs
[2023-01-31T10:24:00.561+0000] {logging_mixin.py:137} INFO - [2023-01-31T10:24:00.561+0000] {dag.py:3441} INFO - Setting next_dagrun for tutorial_taskflow_api_virtualenv to None, run_after=None
[2023-01-31T10:24:00.711+0000] {processor.py:175} INFO - Processing /home/airflow/.local/lib/python3.7/site-packages/airflow/example_dags/tutorial_taskflow_api_virtualenv.py took 0.414 seconds
[2023-01-31T10:24:31.706+0000] {processor.py:153} INFO - Started process (PID=1487) to work on /home/airflow/.local/lib/python3.7/site-packages/airflow/example_dags/tutorial_taskflow_api_virtualenv.py
[2023-01-31T10:24:31.707+0000] {processor.py:743} INFO - Processing file /home/airflow/.local/lib/python3.7/site-packages/airflow/example_dags/tutorial_taskflow_api_virtualenv.py for tasks to queue
[2023-01-31T10:24:31.708+0000] {logging_mixin.py:137} INFO - [2023-01-31T10:24:31.708+0000] {dagbag.py:538} INFO - Filling up the DagBag from /home/airflow/.local/lib/python3.7/site-packages/airflow/example_dags/tutorial_taskflow_api_virtualenv.py
[2023-01-31T10:24:31.729+0000] {processor.py:753} INFO - DAG(s) dict_keys(['tutorial_taskflow_api_virtualenv']) retrieved from /home/airflow/.local/lib/python3.7/site-packages/airflow/example_dags/tutorial_taskflow_api_virtualenv.py
[2023-01-31T10:24:31.789+0000] {logging_mixin.py:137} INFO - [2023-01-31T10:24:31.789+0000] {dag.py:2690} INFO - Sync 1 DAGs
[2023-01-31T10:24:31.811+0000] {logging_mixin.py:137} INFO - [2023-01-31T10:24:31.811+0000] {dag.py:3441} INFO - Setting next_dagrun for tutorial_taskflow_api_virtualenv to None, run_after=None
[2023-01-31T10:24:31.834+0000] {processor.py:175} INFO - Processing /home/airflow/.local/lib/python3.7/site-packages/airflow/example_dags/tutorial_taskflow_api_virtualenv.py took 0.132 seconds
[2023-01-31T10:25:02.412+0000] {processor.py:153} INFO - Started process (PID=1585) to work on /home/airflow/.local/lib/python3.7/site-packages/airflow/example_dags/tutorial_taskflow_api_virtualenv.py
[2023-01-31T10:25:02.415+0000] {processor.py:743} INFO - Processing file /home/airflow/.local/lib/python3.7/site-packages/airflow/example_dags/tutorial_taskflow_api_virtualenv.py for tasks to queue
[2023-01-31T10:25:02.418+0000] {logging_mixin.py:137} INFO - [2023-01-31T10:25:02.418+0000] {dagbag.py:538} INFO - Filling up the DagBag from /home/airflow/.local/lib/python3.7/site-packages/airflow/example_dags/tutorial_taskflow_api_virtualenv.py
[2023-01-31T10:25:02.452+0000] {processor.py:753} INFO - DAG(s) dict_keys(['tutorial_taskflow_api_virtualenv']) retrieved from /home/airflow/.local/lib/python3.7/site-packages/airflow/example_dags/tutorial_taskflow_api_virtualenv.py
[2023-01-31T10:25:02.484+0000] {logging_mixin.py:137} INFO - [2023-01-31T10:25:02.484+0000] {dag.py:2690} INFO - Sync 1 DAGs
[2023-01-31T10:25:02.502+0000] {logging_mixin.py:137} INFO - [2023-01-31T10:25:02.502+0000] {dag.py:3441} INFO - Setting next_dagrun for tutorial_taskflow_api_virtualenv to None, run_after=None
[2023-01-31T10:25:02.515+0000] {processor.py:175} INFO - Processing /home/airflow/.local/lib/python3.7/site-packages/airflow/example_dags/tutorial_taskflow_api_virtualenv.py took 0.114 seconds
[2023-01-31T10:25:32.555+0000] {processor.py:153} INFO - Started process (PID=1664) to work on /home/airflow/.local/lib/python3.7/site-packages/airflow/example_dags/tutorial_taskflow_api_virtualenv.py
[2023-01-31T10:25:32.556+0000] {processor.py:743} INFO - Processing file /home/airflow/.local/lib/python3.7/site-packages/airflow/example_dags/tutorial_taskflow_api_virtualenv.py for tasks to queue
[2023-01-31T10:25:32.557+0000] {logging_mixin.py:137} INFO - [2023-01-31T10:25:32.557+0000] {dagbag.py:538} INFO - Filling up the DagBag from /home/airflow/.local/lib/python3.7/site-packages/airflow/example_dags/tutorial_taskflow_api_virtualenv.py
[2023-01-31T10:25:32.572+0000] {processor.py:753} INFO - DAG(s) dict_keys(['tutorial_taskflow_api_virtualenv']) retrieved from /home/airflow/.local/lib/python3.7/site-packages/airflow/example_dags/tutorial_taskflow_api_virtualenv.py
[2023-01-31T10:25:32.593+0000] {logging_mixin.py:137} INFO - [2023-01-31T10:25:32.593+0000] {dag.py:2690} INFO - Sync 1 DAGs
[2023-01-31T10:25:32.611+0000] {logging_mixin.py:137} INFO - [2023-01-31T10:25:32.611+0000] {dag.py:3441} INFO - Setting next_dagrun for tutorial_taskflow_api_virtualenv to None, run_after=None
[2023-01-31T10:25:32.625+0000] {processor.py:175} INFO - Processing /home/airflow/.local/lib/python3.7/site-packages/airflow/example_dags/tutorial_taskflow_api_virtualenv.py took 0.073 seconds
[2023-01-31T10:26:03.357+0000] {processor.py:153} INFO - Started process (PID=1744) to work on /home/airflow/.local/lib/python3.7/site-packages/airflow/example_dags/tutorial_taskflow_api_virtualenv.py
[2023-01-31T10:26:03.359+0000] {processor.py:743} INFO - Processing file /home/airflow/.local/lib/python3.7/site-packages/airflow/example_dags/tutorial_taskflow_api_virtualenv.py for tasks to queue
[2023-01-31T10:26:03.360+0000] {logging_mixin.py:137} INFO - [2023-01-31T10:26:03.360+0000] {dagbag.py:538} INFO - Filling up the DagBag from /home/airflow/.local/lib/python3.7/site-packages/airflow/example_dags/tutorial_taskflow_api_virtualenv.py
[2023-01-31T10:26:03.378+0000] {processor.py:753} INFO - DAG(s) dict_keys(['tutorial_taskflow_api_virtualenv']) retrieved from /home/airflow/.local/lib/python3.7/site-packages/airflow/example_dags/tutorial_taskflow_api_virtualenv.py
[2023-01-31T10:26:03.414+0000] {logging_mixin.py:137} INFO - [2023-01-31T10:26:03.414+0000] {dag.py:2690} INFO - Sync 1 DAGs
[2023-01-31T10:26:03.445+0000] {logging_mixin.py:137} INFO - [2023-01-31T10:26:03.445+0000] {dag.py:3441} INFO - Setting next_dagrun for tutorial_taskflow_api_virtualenv to None, run_after=None
[2023-01-31T10:26:03.477+0000] {processor.py:175} INFO - Processing /home/airflow/.local/lib/python3.7/site-packages/airflow/example_dags/tutorial_taskflow_api_virtualenv.py took 0.123 seconds
[2023-01-31T10:26:33.599+0000] {processor.py:153} INFO - Started process (PID=1827) to work on /home/airflow/.local/lib/python3.7/site-packages/airflow/example_dags/tutorial_taskflow_api_virtualenv.py
[2023-01-31T10:26:33.601+0000] {processor.py:743} INFO - Processing file /home/airflow/.local/lib/python3.7/site-packages/airflow/example_dags/tutorial_taskflow_api_virtualenv.py for tasks to queue
[2023-01-31T10:26:33.602+0000] {logging_mixin.py:137} INFO - [2023-01-31T10:26:33.601+0000] {dagbag.py:538} INFO - Filling up the DagBag from /home/airflow/.local/lib/python3.7/site-packages/airflow/example_dags/tutorial_taskflow_api_virtualenv.py
[2023-01-31T10:26:33.619+0000] {processor.py:753} INFO - DAG(s) dict_keys(['tutorial_taskflow_api_virtualenv']) retrieved from /home/airflow/.local/lib/python3.7/site-packages/airflow/example_dags/tutorial_taskflow_api_virtualenv.py
[2023-01-31T10:26:33.647+0000] {logging_mixin.py:137} INFO - [2023-01-31T10:26:33.646+0000] {dag.py:2690} INFO - Sync 1 DAGs
[2023-01-31T10:26:33.664+0000] {logging_mixin.py:137} INFO - [2023-01-31T10:26:33.664+0000] {dag.py:3441} INFO - Setting next_dagrun for tutorial_taskflow_api_virtualenv to None, run_after=None
[2023-01-31T10:26:33.679+0000] {processor.py:175} INFO - Processing /home/airflow/.local/lib/python3.7/site-packages/airflow/example_dags/tutorial_taskflow_api_virtualenv.py took 0.083 seconds
[2023-01-31T10:27:04.390+0000] {processor.py:153} INFO - Started process (PID=1922) to work on /home/airflow/.local/lib/python3.7/site-packages/airflow/example_dags/tutorial_taskflow_api_virtualenv.py
[2023-01-31T10:27:04.392+0000] {processor.py:743} INFO - Processing file /home/airflow/.local/lib/python3.7/site-packages/airflow/example_dags/tutorial_taskflow_api_virtualenv.py for tasks to queue
[2023-01-31T10:27:04.395+0000] {logging_mixin.py:137} INFO - [2023-01-31T10:27:04.395+0000] {dagbag.py:538} INFO - Filling up the DagBag from /home/airflow/.local/lib/python3.7/site-packages/airflow/example_dags/tutorial_taskflow_api_virtualenv.py
[2023-01-31T10:27:04.419+0000] {processor.py:753} INFO - DAG(s) dict_keys(['tutorial_taskflow_api_virtualenv']) retrieved from /home/airflow/.local/lib/python3.7/site-packages/airflow/example_dags/tutorial_taskflow_api_virtualenv.py
[2023-01-31T10:27:04.447+0000] {logging_mixin.py:137} INFO - [2023-01-31T10:27:04.447+0000] {dag.py:2690} INFO - Sync 1 DAGs
[2023-01-31T10:27:04.464+0000] {logging_mixin.py:137} INFO - [2023-01-31T10:27:04.464+0000] {dag.py:3441} INFO - Setting next_dagrun for tutorial_taskflow_api_virtualenv to None, run_after=None
[2023-01-31T10:27:04.476+0000] {processor.py:175} INFO - Processing /home/airflow/.local/lib/python3.7/site-packages/airflow/example_dags/tutorial_taskflow_api_virtualenv.py took 0.090 seconds
[2023-01-31T10:27:35.671+0000] {processor.py:153} INFO - Started process (PID=2001) to work on /home/airflow/.local/lib/python3.7/site-packages/airflow/example_dags/tutorial_taskflow_api_virtualenv.py
[2023-01-31T10:27:35.697+0000] {processor.py:743} INFO - Processing file /home/airflow/.local/lib/python3.7/site-packages/airflow/example_dags/tutorial_taskflow_api_virtualenv.py for tasks to queue
[2023-01-31T10:27:35.719+0000] {logging_mixin.py:137} INFO - [2023-01-31T10:27:35.719+0000] {dagbag.py:538} INFO - Filling up the DagBag from /home/airflow/.local/lib/python3.7/site-packages/airflow/example_dags/tutorial_taskflow_api_virtualenv.py
[2023-01-31T10:27:35.786+0000] {processor.py:753} INFO - DAG(s) dict_keys(['tutorial_taskflow_api_virtualenv']) retrieved from /home/airflow/.local/lib/python3.7/site-packages/airflow/example_dags/tutorial_taskflow_api_virtualenv.py
[2023-01-31T10:27:36.091+0000] {logging_mixin.py:137} INFO - [2023-01-31T10:27:36.090+0000] {dag.py:2690} INFO - Sync 1 DAGs
[2023-01-31T10:27:36.171+0000] {logging_mixin.py:137} INFO - [2023-01-31T10:27:36.171+0000] {dag.py:3441} INFO - Setting next_dagrun for tutorial_taskflow_api_virtualenv to None, run_after=None
[2023-01-31T10:27:36.201+0000] {processor.py:175} INFO - Processing /home/airflow/.local/lib/python3.7/site-packages/airflow/example_dags/tutorial_taskflow_api_virtualenv.py took 0.534 seconds
[2023-01-31T10:28:07.257+0000] {processor.py:153} INFO - Started process (PID=2090) to work on /home/airflow/.local/lib/python3.7/site-packages/airflow/example_dags/tutorial_taskflow_api_virtualenv.py
[2023-01-31T10:28:07.260+0000] {processor.py:743} INFO - Processing file /home/airflow/.local/lib/python3.7/site-packages/airflow/example_dags/tutorial_taskflow_api_virtualenv.py for tasks to queue
[2023-01-31T10:28:07.261+0000] {logging_mixin.py:137} INFO - [2023-01-31T10:28:07.261+0000] {dagbag.py:538} INFO - Filling up the DagBag from /home/airflow/.local/lib/python3.7/site-packages/airflow/example_dags/tutorial_taskflow_api_virtualenv.py
[2023-01-31T10:28:07.366+0000] {processor.py:753} INFO - DAG(s) dict_keys(['tutorial_taskflow_api_virtualenv']) retrieved from /home/airflow/.local/lib/python3.7/site-packages/airflow/example_dags/tutorial_taskflow_api_virtualenv.py
[2023-01-31T10:28:07.454+0000] {logging_mixin.py:137} INFO - [2023-01-31T10:28:07.454+0000] {dag.py:2690} INFO - Sync 1 DAGs
[2023-01-31T10:28:07.490+0000] {logging_mixin.py:137} INFO - [2023-01-31T10:28:07.490+0000] {dag.py:3441} INFO - Setting next_dagrun for tutorial_taskflow_api_virtualenv to None, run_after=None
[2023-01-31T10:28:07.530+0000] {processor.py:175} INFO - Processing /home/airflow/.local/lib/python3.7/site-packages/airflow/example_dags/tutorial_taskflow_api_virtualenv.py took 0.279 seconds
[2023-01-31T10:28:38.044+0000] {processor.py:153} INFO - Started process (PID=2176) to work on /home/airflow/.local/lib/python3.7/site-packages/airflow/example_dags/tutorial_taskflow_api_virtualenv.py
[2023-01-31T10:28:38.046+0000] {processor.py:743} INFO - Processing file /home/airflow/.local/lib/python3.7/site-packages/airflow/example_dags/tutorial_taskflow_api_virtualenv.py for tasks to queue
[2023-01-31T10:28:38.048+0000] {logging_mixin.py:137} INFO - [2023-01-31T10:28:38.048+0000] {dagbag.py:538} INFO - Filling up the DagBag from /home/airflow/.local/lib/python3.7/site-packages/airflow/example_dags/tutorial_taskflow_api_virtualenv.py
[2023-01-31T10:28:38.078+0000] {processor.py:753} INFO - DAG(s) dict_keys(['tutorial_taskflow_api_virtualenv']) retrieved from /home/airflow/.local/lib/python3.7/site-packages/airflow/example_dags/tutorial_taskflow_api_virtualenv.py
[2023-01-31T10:28:38.114+0000] {logging_mixin.py:137} INFO - [2023-01-31T10:28:38.114+0000] {dag.py:2690} INFO - Sync 1 DAGs
[2023-01-31T10:28:38.135+0000] {logging_mixin.py:137} INFO - [2023-01-31T10:28:38.134+0000] {dag.py:3441} INFO - Setting next_dagrun for tutorial_taskflow_api_virtualenv to None, run_after=None
[2023-01-31T10:28:38.171+0000] {processor.py:175} INFO - Processing /home/airflow/.local/lib/python3.7/site-packages/airflow/example_dags/tutorial_taskflow_api_virtualenv.py took 0.132 seconds
[2023-01-31T10:29:08.565+0000] {processor.py:153} INFO - Started process (PID=2254) to work on /home/airflow/.local/lib/python3.7/site-packages/airflow/example_dags/tutorial_taskflow_api_virtualenv.py
[2023-01-31T10:29:08.569+0000] {processor.py:743} INFO - Processing file /home/airflow/.local/lib/python3.7/site-packages/airflow/example_dags/tutorial_taskflow_api_virtualenv.py for tasks to queue
[2023-01-31T10:29:08.571+0000] {logging_mixin.py:137} INFO - [2023-01-31T10:29:08.571+0000] {dagbag.py:538} INFO - Filling up the DagBag from /home/airflow/.local/lib/python3.7/site-packages/airflow/example_dags/tutorial_taskflow_api_virtualenv.py
[2023-01-31T10:29:08.604+0000] {processor.py:753} INFO - DAG(s) dict_keys(['tutorial_taskflow_api_virtualenv']) retrieved from /home/airflow/.local/lib/python3.7/site-packages/airflow/example_dags/tutorial_taskflow_api_virtualenv.py
[2023-01-31T10:29:08.670+0000] {logging_mixin.py:137} INFO - [2023-01-31T10:29:08.670+0000] {dag.py:2690} INFO - Sync 1 DAGs
[2023-01-31T10:29:08.746+0000] {logging_mixin.py:137} INFO - [2023-01-31T10:29:08.746+0000] {dag.py:3441} INFO - Setting next_dagrun for tutorial_taskflow_api_virtualenv to None, run_after=None
[2023-01-31T10:29:08.790+0000] {processor.py:175} INFO - Processing /home/airflow/.local/lib/python3.7/site-packages/airflow/example_dags/tutorial_taskflow_api_virtualenv.py took 0.233 seconds
[2023-01-31T10:29:39.293+0000] {processor.py:153} INFO - Started process (PID=2333) to work on /home/airflow/.local/lib/python3.7/site-packages/airflow/example_dags/tutorial_taskflow_api_virtualenv.py
[2023-01-31T10:29:39.296+0000] {processor.py:743} INFO - Processing file /home/airflow/.local/lib/python3.7/site-packages/airflow/example_dags/tutorial_taskflow_api_virtualenv.py for tasks to queue
[2023-01-31T10:29:39.297+0000] {logging_mixin.py:137} INFO - [2023-01-31T10:29:39.297+0000] {dagbag.py:538} INFO - Filling up the DagBag from /home/airflow/.local/lib/python3.7/site-packages/airflow/example_dags/tutorial_taskflow_api_virtualenv.py
[2023-01-31T10:29:39.319+0000] {processor.py:753} INFO - DAG(s) dict_keys(['tutorial_taskflow_api_virtualenv']) retrieved from /home/airflow/.local/lib/python3.7/site-packages/airflow/example_dags/tutorial_taskflow_api_virtualenv.py
[2023-01-31T10:29:39.345+0000] {logging_mixin.py:137} INFO - [2023-01-31T10:29:39.345+0000] {dag.py:2690} INFO - Sync 1 DAGs
[2023-01-31T10:29:39.369+0000] {logging_mixin.py:137} INFO - [2023-01-31T10:29:39.369+0000] {dag.py:3441} INFO - Setting next_dagrun for tutorial_taskflow_api_virtualenv to None, run_after=None
[2023-01-31T10:29:39.384+0000] {processor.py:175} INFO - Processing /home/airflow/.local/lib/python3.7/site-packages/airflow/example_dags/tutorial_taskflow_api_virtualenv.py took 0.095 seconds
[2023-01-31T10:30:10.282+0000] {processor.py:153} INFO - Started process (PID=2412) to work on /home/airflow/.local/lib/python3.7/site-packages/airflow/example_dags/tutorial_taskflow_api_virtualenv.py
[2023-01-31T10:30:10.284+0000] {processor.py:743} INFO - Processing file /home/airflow/.local/lib/python3.7/site-packages/airflow/example_dags/tutorial_taskflow_api_virtualenv.py for tasks to queue
[2023-01-31T10:30:10.285+0000] {logging_mixin.py:137} INFO - [2023-01-31T10:30:10.285+0000] {dagbag.py:538} INFO - Filling up the DagBag from /home/airflow/.local/lib/python3.7/site-packages/airflow/example_dags/tutorial_taskflow_api_virtualenv.py
[2023-01-31T10:30:10.311+0000] {processor.py:753} INFO - DAG(s) dict_keys(['tutorial_taskflow_api_virtualenv']) retrieved from /home/airflow/.local/lib/python3.7/site-packages/airflow/example_dags/tutorial_taskflow_api_virtualenv.py
[2023-01-31T10:30:10.338+0000] {logging_mixin.py:137} INFO - [2023-01-31T10:30:10.338+0000] {dag.py:2690} INFO - Sync 1 DAGs
[2023-01-31T10:30:10.357+0000] {logging_mixin.py:137} INFO - [2023-01-31T10:30:10.357+0000] {dag.py:3441} INFO - Setting next_dagrun for tutorial_taskflow_api_virtualenv to None, run_after=None
[2023-01-31T10:30:10.370+0000] {processor.py:175} INFO - Processing /home/airflow/.local/lib/python3.7/site-packages/airflow/example_dags/tutorial_taskflow_api_virtualenv.py took 0.096 seconds
[2023-01-31T10:30:40.966+0000] {processor.py:153} INFO - Started process (PID=2491) to work on /home/airflow/.local/lib/python3.7/site-packages/airflow/example_dags/tutorial_taskflow_api_virtualenv.py
[2023-01-31T10:30:40.969+0000] {processor.py:743} INFO - Processing file /home/airflow/.local/lib/python3.7/site-packages/airflow/example_dags/tutorial_taskflow_api_virtualenv.py for tasks to queue
[2023-01-31T10:30:40.970+0000] {logging_mixin.py:137} INFO - [2023-01-31T10:30:40.970+0000] {dagbag.py:538} INFO - Filling up the DagBag from /home/airflow/.local/lib/python3.7/site-packages/airflow/example_dags/tutorial_taskflow_api_virtualenv.py
[2023-01-31T10:30:40.988+0000] {processor.py:753} INFO - DAG(s) dict_keys(['tutorial_taskflow_api_virtualenv']) retrieved from /home/airflow/.local/lib/python3.7/site-packages/airflow/example_dags/tutorial_taskflow_api_virtualenv.py
[2023-01-31T10:30:41.024+0000] {logging_mixin.py:137} INFO - [2023-01-31T10:30:41.024+0000] {dag.py:2690} INFO - Sync 1 DAGs
[2023-01-31T10:30:41.040+0000] {logging_mixin.py:137} INFO - [2023-01-31T10:30:41.040+0000] {dag.py:3441} INFO - Setting next_dagrun for tutorial_taskflow_api_virtualenv to None, run_after=None
[2023-01-31T10:30:41.066+0000] {processor.py:175} INFO - Processing /home/airflow/.local/lib/python3.7/site-packages/airflow/example_dags/tutorial_taskflow_api_virtualenv.py took 0.106 seconds
[2023-01-31T10:31:12.119+0000] {processor.py:153} INFO - Started process (PID=2586) to work on /home/airflow/.local/lib/python3.7/site-packages/airflow/example_dags/tutorial_taskflow_api_virtualenv.py
[2023-01-31T10:31:12.126+0000] {processor.py:743} INFO - Processing file /home/airflow/.local/lib/python3.7/site-packages/airflow/example_dags/tutorial_taskflow_api_virtualenv.py for tasks to queue
[2023-01-31T10:31:12.129+0000] {logging_mixin.py:137} INFO - [2023-01-31T10:31:12.129+0000] {dagbag.py:538} INFO - Filling up the DagBag from /home/airflow/.local/lib/python3.7/site-packages/airflow/example_dags/tutorial_taskflow_api_virtualenv.py
[2023-01-31T10:31:12.154+0000] {processor.py:753} INFO - DAG(s) dict_keys(['tutorial_taskflow_api_virtualenv']) retrieved from /home/airflow/.local/lib/python3.7/site-packages/airflow/example_dags/tutorial_taskflow_api_virtualenv.py
[2023-01-31T10:31:12.191+0000] {logging_mixin.py:137} INFO - [2023-01-31T10:31:12.191+0000] {dag.py:2690} INFO - Sync 1 DAGs
[2023-01-31T10:31:12.221+0000] {logging_mixin.py:137} INFO - [2023-01-31T10:31:12.221+0000] {dag.py:3441} INFO - Setting next_dagrun for tutorial_taskflow_api_virtualenv to None, run_after=None
[2023-01-31T10:31:12.249+0000] {processor.py:175} INFO - Processing /home/airflow/.local/lib/python3.7/site-packages/airflow/example_dags/tutorial_taskflow_api_virtualenv.py took 0.135 seconds
[2023-01-31T10:31:42.965+0000] {processor.py:153} INFO - Started process (PID=2663) to work on /home/airflow/.local/lib/python3.7/site-packages/airflow/example_dags/tutorial_taskflow_api_virtualenv.py
[2023-01-31T10:31:42.966+0000] {processor.py:743} INFO - Processing file /home/airflow/.local/lib/python3.7/site-packages/airflow/example_dags/tutorial_taskflow_api_virtualenv.py for tasks to queue
[2023-01-31T10:31:42.967+0000] {logging_mixin.py:137} INFO - [2023-01-31T10:31:42.967+0000] {dagbag.py:538} INFO - Filling up the DagBag from /home/airflow/.local/lib/python3.7/site-packages/airflow/example_dags/tutorial_taskflow_api_virtualenv.py
[2023-01-31T10:31:42.984+0000] {processor.py:753} INFO - DAG(s) dict_keys(['tutorial_taskflow_api_virtualenv']) retrieved from /home/airflow/.local/lib/python3.7/site-packages/airflow/example_dags/tutorial_taskflow_api_virtualenv.py
[2023-01-31T10:31:43.011+0000] {logging_mixin.py:137} INFO - [2023-01-31T10:31:43.011+0000] {dag.py:2690} INFO - Sync 1 DAGs
[2023-01-31T10:31:43.032+0000] {logging_mixin.py:137} INFO - [2023-01-31T10:31:43.032+0000] {dag.py:3441} INFO - Setting next_dagrun for tutorial_taskflow_api_virtualenv to None, run_after=None
[2023-01-31T10:31:43.049+0000] {processor.py:175} INFO - Processing /home/airflow/.local/lib/python3.7/site-packages/airflow/example_dags/tutorial_taskflow_api_virtualenv.py took 0.089 seconds
[2023-01-31T10:32:14.598+0000] {processor.py:153} INFO - Started process (PID=2749) to work on /home/airflow/.local/lib/python3.7/site-packages/airflow/example_dags/tutorial_taskflow_api_virtualenv.py
[2023-01-31T10:32:14.615+0000] {processor.py:743} INFO - Processing file /home/airflow/.local/lib/python3.7/site-packages/airflow/example_dags/tutorial_taskflow_api_virtualenv.py for tasks to queue
[2023-01-31T10:32:14.618+0000] {logging_mixin.py:137} INFO - [2023-01-31T10:32:14.618+0000] {dagbag.py:538} INFO - Filling up the DagBag from /home/airflow/.local/lib/python3.7/site-packages/airflow/example_dags/tutorial_taskflow_api_virtualenv.py
[2023-01-31T10:32:14.717+0000] {processor.py:753} INFO - DAG(s) dict_keys(['tutorial_taskflow_api_virtualenv']) retrieved from /home/airflow/.local/lib/python3.7/site-packages/airflow/example_dags/tutorial_taskflow_api_virtualenv.py
[2023-01-31T10:32:14.858+0000] {logging_mixin.py:137} INFO - [2023-01-31T10:32:14.858+0000] {dag.py:2690} INFO - Sync 1 DAGs
[2023-01-31T10:32:14.908+0000] {logging_mixin.py:137} INFO - [2023-01-31T10:32:14.908+0000] {dag.py:3441} INFO - Setting next_dagrun for tutorial_taskflow_api_virtualenv to None, run_after=None
[2023-01-31T10:32:14.945+0000] {processor.py:175} INFO - Processing /home/airflow/.local/lib/python3.7/site-packages/airflow/example_dags/tutorial_taskflow_api_virtualenv.py took 0.376 seconds
[2023-01-31T10:32:45.051+0000] {processor.py:153} INFO - Started process (PID=2837) to work on /home/airflow/.local/lib/python3.7/site-packages/airflow/example_dags/tutorial_taskflow_api_virtualenv.py
[2023-01-31T10:32:45.053+0000] {processor.py:743} INFO - Processing file /home/airflow/.local/lib/python3.7/site-packages/airflow/example_dags/tutorial_taskflow_api_virtualenv.py for tasks to queue
[2023-01-31T10:32:45.055+0000] {logging_mixin.py:137} INFO - [2023-01-31T10:32:45.055+0000] {dagbag.py:538} INFO - Filling up the DagBag from /home/airflow/.local/lib/python3.7/site-packages/airflow/example_dags/tutorial_taskflow_api_virtualenv.py
[2023-01-31T10:32:45.089+0000] {processor.py:753} INFO - DAG(s) dict_keys(['tutorial_taskflow_api_virtualenv']) retrieved from /home/airflow/.local/lib/python3.7/site-packages/airflow/example_dags/tutorial_taskflow_api_virtualenv.py
[2023-01-31T10:32:45.138+0000] {logging_mixin.py:137} INFO - [2023-01-31T10:32:45.138+0000] {dag.py:2690} INFO - Sync 1 DAGs
[2023-01-31T10:32:45.164+0000] {logging_mixin.py:137} INFO - [2023-01-31T10:32:45.164+0000] {dag.py:3441} INFO - Setting next_dagrun for tutorial_taskflow_api_virtualenv to None, run_after=None
[2023-01-31T10:32:45.181+0000] {processor.py:175} INFO - Processing /home/airflow/.local/lib/python3.7/site-packages/airflow/example_dags/tutorial_taskflow_api_virtualenv.py took 0.137 seconds
[2023-01-31T10:33:15.365+0000] {processor.py:153} INFO - Started process (PID=2916) to work on /home/airflow/.local/lib/python3.7/site-packages/airflow/example_dags/tutorial_taskflow_api_virtualenv.py
[2023-01-31T10:33:15.376+0000] {processor.py:743} INFO - Processing file /home/airflow/.local/lib/python3.7/site-packages/airflow/example_dags/tutorial_taskflow_api_virtualenv.py for tasks to queue
[2023-01-31T10:33:15.394+0000] {logging_mixin.py:137} INFO - [2023-01-31T10:33:15.394+0000] {dagbag.py:538} INFO - Filling up the DagBag from /home/airflow/.local/lib/python3.7/site-packages/airflow/example_dags/tutorial_taskflow_api_virtualenv.py
[2023-01-31T10:33:15.501+0000] {processor.py:753} INFO - DAG(s) dict_keys(['tutorial_taskflow_api_virtualenv']) retrieved from /home/airflow/.local/lib/python3.7/site-packages/airflow/example_dags/tutorial_taskflow_api_virtualenv.py
[2023-01-31T10:33:15.778+0000] {logging_mixin.py:137} INFO - [2023-01-31T10:33:15.777+0000] {dag.py:2690} INFO - Sync 1 DAGs
[2023-01-31T10:33:15.848+0000] {logging_mixin.py:137} INFO - [2023-01-31T10:33:15.847+0000] {dag.py:3441} INFO - Setting next_dagrun for tutorial_taskflow_api_virtualenv to None, run_after=None
[2023-01-31T10:33:15.919+0000] {processor.py:175} INFO - Processing /home/airflow/.local/lib/python3.7/site-packages/airflow/example_dags/tutorial_taskflow_api_virtualenv.py took 0.560 seconds
[2023-01-31T10:33:46.689+0000] {processor.py:153} INFO - Started process (PID=3004) to work on /home/airflow/.local/lib/python3.7/site-packages/airflow/example_dags/tutorial_taskflow_api_virtualenv.py
[2023-01-31T10:33:46.692+0000] {processor.py:743} INFO - Processing file /home/airflow/.local/lib/python3.7/site-packages/airflow/example_dags/tutorial_taskflow_api_virtualenv.py for tasks to queue
[2023-01-31T10:33:46.693+0000] {logging_mixin.py:137} INFO - [2023-01-31T10:33:46.693+0000] {dagbag.py:538} INFO - Filling up the DagBag from /home/airflow/.local/lib/python3.7/site-packages/airflow/example_dags/tutorial_taskflow_api_virtualenv.py
[2023-01-31T10:33:46.749+0000] {processor.py:753} INFO - DAG(s) dict_keys(['tutorial_taskflow_api_virtualenv']) retrieved from /home/airflow/.local/lib/python3.7/site-packages/airflow/example_dags/tutorial_taskflow_api_virtualenv.py
[2023-01-31T10:33:46.794+0000] {logging_mixin.py:137} INFO - [2023-01-31T10:33:46.794+0000] {dag.py:2690} INFO - Sync 1 DAGs
[2023-01-31T10:33:46.872+0000] {logging_mixin.py:137} INFO - [2023-01-31T10:33:46.872+0000] {dag.py:3441} INFO - Setting next_dagrun for tutorial_taskflow_api_virtualenv to None, run_after=None
[2023-01-31T10:33:46.909+0000] {processor.py:175} INFO - Processing /home/airflow/.local/lib/python3.7/site-packages/airflow/example_dags/tutorial_taskflow_api_virtualenv.py took 0.224 seconds
[2023-01-31T10:34:17.825+0000] {processor.py:153} INFO - Started process (PID=3090) to work on /home/airflow/.local/lib/python3.7/site-packages/airflow/example_dags/tutorial_taskflow_api_virtualenv.py
[2023-01-31T10:34:17.826+0000] {processor.py:743} INFO - Processing file /home/airflow/.local/lib/python3.7/site-packages/airflow/example_dags/tutorial_taskflow_api_virtualenv.py for tasks to queue
[2023-01-31T10:34:17.827+0000] {logging_mixin.py:137} INFO - [2023-01-31T10:34:17.827+0000] {dagbag.py:538} INFO - Filling up the DagBag from /home/airflow/.local/lib/python3.7/site-packages/airflow/example_dags/tutorial_taskflow_api_virtualenv.py
[2023-01-31T10:34:17.853+0000] {processor.py:753} INFO - DAG(s) dict_keys(['tutorial_taskflow_api_virtualenv']) retrieved from /home/airflow/.local/lib/python3.7/site-packages/airflow/example_dags/tutorial_taskflow_api_virtualenv.py
[2023-01-31T10:34:17.878+0000] {logging_mixin.py:137} INFO - [2023-01-31T10:34:17.878+0000] {dag.py:2690} INFO - Sync 1 DAGs
[2023-01-31T10:34:17.895+0000] {logging_mixin.py:137} INFO - [2023-01-31T10:34:17.895+0000] {dag.py:3441} INFO - Setting next_dagrun for tutorial_taskflow_api_virtualenv to None, run_after=None
[2023-01-31T10:34:17.913+0000] {processor.py:175} INFO - Processing /home/airflow/.local/lib/python3.7/site-packages/airflow/example_dags/tutorial_taskflow_api_virtualenv.py took 0.091 seconds
[2023-01-31T10:34:48.895+0000] {processor.py:153} INFO - Started process (PID=3179) to work on /home/airflow/.local/lib/python3.7/site-packages/airflow/example_dags/tutorial_taskflow_api_virtualenv.py
[2023-01-31T10:34:48.897+0000] {processor.py:743} INFO - Processing file /home/airflow/.local/lib/python3.7/site-packages/airflow/example_dags/tutorial_taskflow_api_virtualenv.py for tasks to queue
[2023-01-31T10:34:48.899+0000] {logging_mixin.py:137} INFO - [2023-01-31T10:34:48.899+0000] {dagbag.py:538} INFO - Filling up the DagBag from /home/airflow/.local/lib/python3.7/site-packages/airflow/example_dags/tutorial_taskflow_api_virtualenv.py
[2023-01-31T10:34:48.934+0000] {processor.py:753} INFO - DAG(s) dict_keys(['tutorial_taskflow_api_virtualenv']) retrieved from /home/airflow/.local/lib/python3.7/site-packages/airflow/example_dags/tutorial_taskflow_api_virtualenv.py
[2023-01-31T10:34:48.973+0000] {logging_mixin.py:137} INFO - [2023-01-31T10:34:48.973+0000] {dag.py:2690} INFO - Sync 1 DAGs
[2023-01-31T10:34:49.006+0000] {logging_mixin.py:137} INFO - [2023-01-31T10:34:49.006+0000] {dag.py:3441} INFO - Setting next_dagrun for tutorial_taskflow_api_virtualenv to None, run_after=None
[2023-01-31T10:34:49.023+0000] {processor.py:175} INFO - Processing /home/airflow/.local/lib/python3.7/site-packages/airflow/example_dags/tutorial_taskflow_api_virtualenv.py took 0.132 seconds
[2023-01-31T10:35:19.266+0000] {processor.py:153} INFO - Started process (PID=3254) to work on /home/airflow/.local/lib/python3.7/site-packages/airflow/example_dags/tutorial_taskflow_api_virtualenv.py
[2023-01-31T10:35:19.268+0000] {processor.py:743} INFO - Processing file /home/airflow/.local/lib/python3.7/site-packages/airflow/example_dags/tutorial_taskflow_api_virtualenv.py for tasks to queue
[2023-01-31T10:35:19.270+0000] {logging_mixin.py:137} INFO - [2023-01-31T10:35:19.270+0000] {dagbag.py:538} INFO - Filling up the DagBag from /home/airflow/.local/lib/python3.7/site-packages/airflow/example_dags/tutorial_taskflow_api_virtualenv.py
[2023-01-31T10:35:19.289+0000] {processor.py:753} INFO - DAG(s) dict_keys(['tutorial_taskflow_api_virtualenv']) retrieved from /home/airflow/.local/lib/python3.7/site-packages/airflow/example_dags/tutorial_taskflow_api_virtualenv.py
[2023-01-31T10:35:19.323+0000] {logging_mixin.py:137} INFO - [2023-01-31T10:35:19.323+0000] {dag.py:2690} INFO - Sync 1 DAGs
[2023-01-31T10:35:19.345+0000] {logging_mixin.py:137} INFO - [2023-01-31T10:35:19.345+0000] {dag.py:3441} INFO - Setting next_dagrun for tutorial_taskflow_api_virtualenv to None, run_after=None
[2023-01-31T10:35:19.359+0000] {processor.py:175} INFO - Processing /home/airflow/.local/lib/python3.7/site-packages/airflow/example_dags/tutorial_taskflow_api_virtualenv.py took 0.097 seconds
[2023-01-31T10:35:49.945+0000] {processor.py:153} INFO - Started process (PID=3348) to work on /home/airflow/.local/lib/python3.7/site-packages/airflow/example_dags/tutorial_taskflow_api_virtualenv.py
[2023-01-31T10:35:49.949+0000] {processor.py:743} INFO - Processing file /home/airflow/.local/lib/python3.7/site-packages/airflow/example_dags/tutorial_taskflow_api_virtualenv.py for tasks to queue
[2023-01-31T10:35:49.952+0000] {logging_mixin.py:137} INFO - [2023-01-31T10:35:49.952+0000] {dagbag.py:538} INFO - Filling up the DagBag from /home/airflow/.local/lib/python3.7/site-packages/airflow/example_dags/tutorial_taskflow_api_virtualenv.py
[2023-01-31T10:35:49.971+0000] {processor.py:753} INFO - DAG(s) dict_keys(['tutorial_taskflow_api_virtualenv']) retrieved from /home/airflow/.local/lib/python3.7/site-packages/airflow/example_dags/tutorial_taskflow_api_virtualenv.py
[2023-01-31T10:35:50.000+0000] {logging_mixin.py:137} INFO - [2023-01-31T10:35:50.000+0000] {dag.py:2690} INFO - Sync 1 DAGs
[2023-01-31T10:35:50.017+0000] {logging_mixin.py:137} INFO - [2023-01-31T10:35:50.017+0000] {dag.py:3441} INFO - Setting next_dagrun for tutorial_taskflow_api_virtualenv to None, run_after=None
[2023-01-31T10:35:50.028+0000] {processor.py:175} INFO - Processing /home/airflow/.local/lib/python3.7/site-packages/airflow/example_dags/tutorial_taskflow_api_virtualenv.py took 0.085 seconds
[2023-01-31T10:36:20.856+0000] {processor.py:153} INFO - Started process (PID=3420) to work on /home/airflow/.local/lib/python3.7/site-packages/airflow/example_dags/tutorial_taskflow_api_virtualenv.py
[2023-01-31T10:36:20.858+0000] {processor.py:743} INFO - Processing file /home/airflow/.local/lib/python3.7/site-packages/airflow/example_dags/tutorial_taskflow_api_virtualenv.py for tasks to queue
[2023-01-31T10:36:20.859+0000] {logging_mixin.py:137} INFO - [2023-01-31T10:36:20.859+0000] {dagbag.py:538} INFO - Filling up the DagBag from /home/airflow/.local/lib/python3.7/site-packages/airflow/example_dags/tutorial_taskflow_api_virtualenv.py
[2023-01-31T10:36:20.901+0000] {processor.py:753} INFO - DAG(s) dict_keys(['tutorial_taskflow_api_virtualenv']) retrieved from /home/airflow/.local/lib/python3.7/site-packages/airflow/example_dags/tutorial_taskflow_api_virtualenv.py
[2023-01-31T10:36:20.970+0000] {logging_mixin.py:137} INFO - [2023-01-31T10:36:20.970+0000] {dag.py:2690} INFO - Sync 1 DAGs
[2023-01-31T10:36:21.060+0000] {logging_mixin.py:137} INFO - [2023-01-31T10:36:21.060+0000] {dag.py:3441} INFO - Setting next_dagrun for tutorial_taskflow_api_virtualenv to None, run_after=None
[2023-01-31T10:36:21.147+0000] {processor.py:175} INFO - Processing /home/airflow/.local/lib/python3.7/site-packages/airflow/example_dags/tutorial_taskflow_api_virtualenv.py took 0.294 seconds
[2023-01-31T10:36:52.011+0000] {processor.py:153} INFO - Started process (PID=3503) to work on /home/airflow/.local/lib/python3.7/site-packages/airflow/example_dags/tutorial_taskflow_api_virtualenv.py
[2023-01-31T10:36:52.013+0000] {processor.py:743} INFO - Processing file /home/airflow/.local/lib/python3.7/site-packages/airflow/example_dags/tutorial_taskflow_api_virtualenv.py for tasks to queue
[2023-01-31T10:36:52.015+0000] {logging_mixin.py:137} INFO - [2023-01-31T10:36:52.015+0000] {dagbag.py:538} INFO - Filling up the DagBag from /home/airflow/.local/lib/python3.7/site-packages/airflow/example_dags/tutorial_taskflow_api_virtualenv.py
[2023-01-31T10:36:52.047+0000] {processor.py:753} INFO - DAG(s) dict_keys(['tutorial_taskflow_api_virtualenv']) retrieved from /home/airflow/.local/lib/python3.7/site-packages/airflow/example_dags/tutorial_taskflow_api_virtualenv.py
[2023-01-31T10:36:52.110+0000] {logging_mixin.py:137} INFO - [2023-01-31T10:36:52.109+0000] {dag.py:2690} INFO - Sync 1 DAGs
[2023-01-31T10:36:52.156+0000] {logging_mixin.py:137} INFO - [2023-01-31T10:36:52.156+0000] {dag.py:3441} INFO - Setting next_dagrun for tutorial_taskflow_api_virtualenv to None, run_after=None
[2023-01-31T10:36:52.176+0000] {processor.py:175} INFO - Processing /home/airflow/.local/lib/python3.7/site-packages/airflow/example_dags/tutorial_taskflow_api_virtualenv.py took 0.169 seconds
[2023-01-31T10:37:22.592+0000] {processor.py:153} INFO - Started process (PID=3582) to work on /home/airflow/.local/lib/python3.7/site-packages/airflow/example_dags/tutorial_taskflow_api_virtualenv.py
[2023-01-31T10:37:22.600+0000] {processor.py:743} INFO - Processing file /home/airflow/.local/lib/python3.7/site-packages/airflow/example_dags/tutorial_taskflow_api_virtualenv.py for tasks to queue
[2023-01-31T10:37:22.605+0000] {logging_mixin.py:137} INFO - [2023-01-31T10:37:22.605+0000] {dagbag.py:538} INFO - Filling up the DagBag from /home/airflow/.local/lib/python3.7/site-packages/airflow/example_dags/tutorial_taskflow_api_virtualenv.py
[2023-01-31T10:37:22.628+0000] {processor.py:753} INFO - DAG(s) dict_keys(['tutorial_taskflow_api_virtualenv']) retrieved from /home/airflow/.local/lib/python3.7/site-packages/airflow/example_dags/tutorial_taskflow_api_virtualenv.py
[2023-01-31T10:37:22.677+0000] {logging_mixin.py:137} INFO - [2023-01-31T10:37:22.677+0000] {dag.py:2690} INFO - Sync 1 DAGs
[2023-01-31T10:37:22.770+0000] {logging_mixin.py:137} INFO - [2023-01-31T10:37:22.770+0000] {dag.py:3441} INFO - Setting next_dagrun for tutorial_taskflow_api_virtualenv to None, run_after=None
[2023-01-31T10:37:22.836+0000] {processor.py:175} INFO - Processing /home/airflow/.local/lib/python3.7/site-packages/airflow/example_dags/tutorial_taskflow_api_virtualenv.py took 0.248 seconds
[2023-01-31T10:37:54.063+0000] {processor.py:153} INFO - Started process (PID=3668) to work on /home/airflow/.local/lib/python3.7/site-packages/airflow/example_dags/tutorial_taskflow_api_virtualenv.py
[2023-01-31T10:37:54.066+0000] {processor.py:743} INFO - Processing file /home/airflow/.local/lib/python3.7/site-packages/airflow/example_dags/tutorial_taskflow_api_virtualenv.py for tasks to queue
[2023-01-31T10:37:54.068+0000] {logging_mixin.py:137} INFO - [2023-01-31T10:37:54.068+0000] {dagbag.py:538} INFO - Filling up the DagBag from /home/airflow/.local/lib/python3.7/site-packages/airflow/example_dags/tutorial_taskflow_api_virtualenv.py
[2023-01-31T10:37:54.101+0000] {processor.py:753} INFO - DAG(s) dict_keys(['tutorial_taskflow_api_virtualenv']) retrieved from /home/airflow/.local/lib/python3.7/site-packages/airflow/example_dags/tutorial_taskflow_api_virtualenv.py
[2023-01-31T10:37:54.140+0000] {logging_mixin.py:137} INFO - [2023-01-31T10:37:54.139+0000] {dag.py:2690} INFO - Sync 1 DAGs
[2023-01-31T10:37:54.160+0000] {logging_mixin.py:137} INFO - [2023-01-31T10:37:54.160+0000] {dag.py:3441} INFO - Setting next_dagrun for tutorial_taskflow_api_virtualenv to None, run_after=None
[2023-01-31T10:37:54.178+0000] {processor.py:175} INFO - Processing /home/airflow/.local/lib/python3.7/site-packages/airflow/example_dags/tutorial_taskflow_api_virtualenv.py took 0.120 seconds
[2023-01-31T10:38:24.899+0000] {processor.py:153} INFO - Started process (PID=3747) to work on /home/airflow/.local/lib/python3.7/site-packages/airflow/example_dags/tutorial_taskflow_api_virtualenv.py
[2023-01-31T10:38:24.900+0000] {processor.py:743} INFO - Processing file /home/airflow/.local/lib/python3.7/site-packages/airflow/example_dags/tutorial_taskflow_api_virtualenv.py for tasks to queue
[2023-01-31T10:38:24.902+0000] {logging_mixin.py:137} INFO - [2023-01-31T10:38:24.901+0000] {dagbag.py:538} INFO - Filling up the DagBag from /home/airflow/.local/lib/python3.7/site-packages/airflow/example_dags/tutorial_taskflow_api_virtualenv.py
[2023-01-31T10:38:24.919+0000] {processor.py:753} INFO - DAG(s) dict_keys(['tutorial_taskflow_api_virtualenv']) retrieved from /home/airflow/.local/lib/python3.7/site-packages/airflow/example_dags/tutorial_taskflow_api_virtualenv.py
[2023-01-31T10:38:24.940+0000] {logging_mixin.py:137} INFO - [2023-01-31T10:38:24.940+0000] {dag.py:2690} INFO - Sync 1 DAGs
[2023-01-31T10:38:24.966+0000] {logging_mixin.py:137} INFO - [2023-01-31T10:38:24.966+0000] {dag.py:3441} INFO - Setting next_dagrun for tutorial_taskflow_api_virtualenv to None, run_after=None
[2023-01-31T10:38:25.012+0000] {processor.py:175} INFO - Processing /home/airflow/.local/lib/python3.7/site-packages/airflow/example_dags/tutorial_taskflow_api_virtualenv.py took 0.116 seconds
[2023-01-31T10:38:55.824+0000] {processor.py:153} INFO - Started process (PID=3830) to work on /home/airflow/.local/lib/python3.7/site-packages/airflow/example_dags/tutorial_taskflow_api_virtualenv.py
[2023-01-31T10:38:55.827+0000] {processor.py:743} INFO - Processing file /home/airflow/.local/lib/python3.7/site-packages/airflow/example_dags/tutorial_taskflow_api_virtualenv.py for tasks to queue
[2023-01-31T10:38:55.830+0000] {logging_mixin.py:137} INFO - [2023-01-31T10:38:55.829+0000] {dagbag.py:538} INFO - Filling up the DagBag from /home/airflow/.local/lib/python3.7/site-packages/airflow/example_dags/tutorial_taskflow_api_virtualenv.py
[2023-01-31T10:38:55.848+0000] {processor.py:753} INFO - DAG(s) dict_keys(['tutorial_taskflow_api_virtualenv']) retrieved from /home/airflow/.local/lib/python3.7/site-packages/airflow/example_dags/tutorial_taskflow_api_virtualenv.py
[2023-01-31T10:38:55.879+0000] {logging_mixin.py:137} INFO - [2023-01-31T10:38:55.879+0000] {dag.py:2690} INFO - Sync 1 DAGs
[2023-01-31T10:38:55.896+0000] {logging_mixin.py:137} INFO - [2023-01-31T10:38:55.895+0000] {dag.py:3441} INFO - Setting next_dagrun for tutorial_taskflow_api_virtualenv to None, run_after=None
[2023-01-31T10:38:55.912+0000] {processor.py:175} INFO - Processing /home/airflow/.local/lib/python3.7/site-packages/airflow/example_dags/tutorial_taskflow_api_virtualenv.py took 0.092 seconds
[2023-01-31T10:39:26.993+0000] {processor.py:153} INFO - Started process (PID=3908) to work on /home/airflow/.local/lib/python3.7/site-packages/airflow/example_dags/tutorial_taskflow_api_virtualenv.py
[2023-01-31T10:39:26.995+0000] {processor.py:743} INFO - Processing file /home/airflow/.local/lib/python3.7/site-packages/airflow/example_dags/tutorial_taskflow_api_virtualenv.py for tasks to queue
[2023-01-31T10:39:26.998+0000] {logging_mixin.py:137} INFO - [2023-01-31T10:39:26.998+0000] {dagbag.py:538} INFO - Filling up the DagBag from /home/airflow/.local/lib/python3.7/site-packages/airflow/example_dags/tutorial_taskflow_api_virtualenv.py
[2023-01-31T10:39:27.038+0000] {processor.py:753} INFO - DAG(s) dict_keys(['tutorial_taskflow_api_virtualenv']) retrieved from /home/airflow/.local/lib/python3.7/site-packages/airflow/example_dags/tutorial_taskflow_api_virtualenv.py
[2023-01-31T10:39:27.167+0000] {logging_mixin.py:137} INFO - [2023-01-31T10:39:27.167+0000] {dag.py:2690} INFO - Sync 1 DAGs
[2023-01-31T10:39:27.195+0000] {logging_mixin.py:137} INFO - [2023-01-31T10:39:27.195+0000] {dag.py:3441} INFO - Setting next_dagrun for tutorial_taskflow_api_virtualenv to None, run_after=None
[2023-01-31T10:39:27.224+0000] {processor.py:175} INFO - Processing /home/airflow/.local/lib/python3.7/site-packages/airflow/example_dags/tutorial_taskflow_api_virtualenv.py took 0.234 seconds
[2023-01-31T10:39:57.896+0000] {processor.py:153} INFO - Started process (PID=3987) to work on /home/airflow/.local/lib/python3.7/site-packages/airflow/example_dags/tutorial_taskflow_api_virtualenv.py
[2023-01-31T10:39:57.900+0000] {processor.py:743} INFO - Processing file /home/airflow/.local/lib/python3.7/site-packages/airflow/example_dags/tutorial_taskflow_api_virtualenv.py for tasks to queue
[2023-01-31T10:39:57.902+0000] {logging_mixin.py:137} INFO - [2023-01-31T10:39:57.902+0000] {dagbag.py:538} INFO - Filling up the DagBag from /home/airflow/.local/lib/python3.7/site-packages/airflow/example_dags/tutorial_taskflow_api_virtualenv.py
[2023-01-31T10:39:57.931+0000] {processor.py:753} INFO - DAG(s) dict_keys(['tutorial_taskflow_api_virtualenv']) retrieved from /home/airflow/.local/lib/python3.7/site-packages/airflow/example_dags/tutorial_taskflow_api_virtualenv.py
[2023-01-31T10:39:58.001+0000] {logging_mixin.py:137} INFO - [2023-01-31T10:39:58.000+0000] {dag.py:2690} INFO - Sync 1 DAGs
[2023-01-31T10:39:58.154+0000] {logging_mixin.py:137} INFO - [2023-01-31T10:39:58.154+0000] {dag.py:3441} INFO - Setting next_dagrun for tutorial_taskflow_api_virtualenv to None, run_after=None
[2023-01-31T10:39:58.726+0000] {processor.py:175} INFO - Processing /home/airflow/.local/lib/python3.7/site-packages/airflow/example_dags/tutorial_taskflow_api_virtualenv.py took 0.834 seconds
[2023-01-31T10:40:29.216+0000] {processor.py:153} INFO - Started process (PID=4074) to work on /home/airflow/.local/lib/python3.7/site-packages/airflow/example_dags/tutorial_taskflow_api_virtualenv.py
[2023-01-31T10:40:29.219+0000] {processor.py:743} INFO - Processing file /home/airflow/.local/lib/python3.7/site-packages/airflow/example_dags/tutorial_taskflow_api_virtualenv.py for tasks to queue
[2023-01-31T10:40:29.222+0000] {logging_mixin.py:137} INFO - [2023-01-31T10:40:29.222+0000] {dagbag.py:538} INFO - Filling up the DagBag from /home/airflow/.local/lib/python3.7/site-packages/airflow/example_dags/tutorial_taskflow_api_virtualenv.py
[2023-01-31T10:40:29.285+0000] {processor.py:753} INFO - DAG(s) dict_keys(['tutorial_taskflow_api_virtualenv']) retrieved from /home/airflow/.local/lib/python3.7/site-packages/airflow/example_dags/tutorial_taskflow_api_virtualenv.py
[2023-01-31T10:40:29.349+0000] {logging_mixin.py:137} INFO - [2023-01-31T10:40:29.349+0000] {dag.py:2690} INFO - Sync 1 DAGs
[2023-01-31T10:40:29.401+0000] {logging_mixin.py:137} INFO - [2023-01-31T10:40:29.401+0000] {dag.py:3441} INFO - Setting next_dagrun for tutorial_taskflow_api_virtualenv to None, run_after=None
[2023-01-31T10:40:29.452+0000] {processor.py:175} INFO - Processing /home/airflow/.local/lib/python3.7/site-packages/airflow/example_dags/tutorial_taskflow_api_virtualenv.py took 0.242 seconds
[2023-01-31T10:40:59.673+0000] {processor.py:153} INFO - Started process (PID=4160) to work on /home/airflow/.local/lib/python3.7/site-packages/airflow/example_dags/tutorial_taskflow_api_virtualenv.py
[2023-01-31T10:40:59.675+0000] {processor.py:743} INFO - Processing file /home/airflow/.local/lib/python3.7/site-packages/airflow/example_dags/tutorial_taskflow_api_virtualenv.py for tasks to queue
[2023-01-31T10:40:59.677+0000] {logging_mixin.py:137} INFO - [2023-01-31T10:40:59.677+0000] {dagbag.py:538} INFO - Filling up the DagBag from /home/airflow/.local/lib/python3.7/site-packages/airflow/example_dags/tutorial_taskflow_api_virtualenv.py
[2023-01-31T10:40:59.697+0000] {processor.py:753} INFO - DAG(s) dict_keys(['tutorial_taskflow_api_virtualenv']) retrieved from /home/airflow/.local/lib/python3.7/site-packages/airflow/example_dags/tutorial_taskflow_api_virtualenv.py
[2023-01-31T10:40:59.723+0000] {logging_mixin.py:137} INFO - [2023-01-31T10:40:59.723+0000] {dag.py:2690} INFO - Sync 1 DAGs
[2023-01-31T10:40:59.741+0000] {logging_mixin.py:137} INFO - [2023-01-31T10:40:59.741+0000] {dag.py:3441} INFO - Setting next_dagrun for tutorial_taskflow_api_virtualenv to None, run_after=None
[2023-01-31T10:40:59.764+0000] {processor.py:175} INFO - Processing /home/airflow/.local/lib/python3.7/site-packages/airflow/example_dags/tutorial_taskflow_api_virtualenv.py took 0.094 seconds
[2023-01-31T10:41:29.835+0000] {processor.py:153} INFO - Started process (PID=4223) to work on /home/airflow/.local/lib/python3.7/site-packages/airflow/example_dags/tutorial_taskflow_api_virtualenv.py
[2023-01-31T10:41:29.863+0000] {processor.py:743} INFO - Processing file /home/airflow/.local/lib/python3.7/site-packages/airflow/example_dags/tutorial_taskflow_api_virtualenv.py for tasks to queue
[2023-01-31T10:41:29.874+0000] {logging_mixin.py:137} INFO - [2023-01-31T10:41:29.874+0000] {dagbag.py:538} INFO - Filling up the DagBag from /home/airflow/.local/lib/python3.7/site-packages/airflow/example_dags/tutorial_taskflow_api_virtualenv.py
[2023-01-31T10:41:29.915+0000] {processor.py:753} INFO - DAG(s) dict_keys(['tutorial_taskflow_api_virtualenv']) retrieved from /home/airflow/.local/lib/python3.7/site-packages/airflow/example_dags/tutorial_taskflow_api_virtualenv.py
[2023-01-31T10:41:30.022+0000] {logging_mixin.py:137} INFO - [2023-01-31T10:41:30.022+0000] {dag.py:2690} INFO - Sync 1 DAGs
[2023-01-31T10:41:30.067+0000] {logging_mixin.py:137} INFO - [2023-01-31T10:41:30.067+0000] {dag.py:3441} INFO - Setting next_dagrun for tutorial_taskflow_api_virtualenv to None, run_after=None
[2023-01-31T10:41:30.117+0000] {processor.py:175} INFO - Processing /home/airflow/.local/lib/python3.7/site-packages/airflow/example_dags/tutorial_taskflow_api_virtualenv.py took 0.284 seconds
[2023-01-31T10:42:03.423+0000] {processor.py:153} INFO - Started process (PID=4319) to work on /home/airflow/.local/lib/python3.7/site-packages/airflow/example_dags/tutorial_taskflow_api_virtualenv.py
[2023-01-31T10:42:03.427+0000] {processor.py:743} INFO - Processing file /home/airflow/.local/lib/python3.7/site-packages/airflow/example_dags/tutorial_taskflow_api_virtualenv.py for tasks to queue
[2023-01-31T10:42:03.430+0000] {logging_mixin.py:137} INFO - [2023-01-31T10:42:03.430+0000] {dagbag.py:538} INFO - Filling up the DagBag from /home/airflow/.local/lib/python3.7/site-packages/airflow/example_dags/tutorial_taskflow_api_virtualenv.py
[2023-01-31T10:42:03.463+0000] {processor.py:753} INFO - DAG(s) dict_keys(['tutorial_taskflow_api_virtualenv']) retrieved from /home/airflow/.local/lib/python3.7/site-packages/airflow/example_dags/tutorial_taskflow_api_virtualenv.py
[2023-01-31T10:42:03.505+0000] {logging_mixin.py:137} INFO - [2023-01-31T10:42:03.505+0000] {dag.py:2690} INFO - Sync 1 DAGs
[2023-01-31T10:42:03.535+0000] {logging_mixin.py:137} INFO - [2023-01-31T10:42:03.535+0000] {dag.py:3441} INFO - Setting next_dagrun for tutorial_taskflow_api_virtualenv to None, run_after=None
[2023-01-31T10:42:03.572+0000] {processor.py:175} INFO - Processing /home/airflow/.local/lib/python3.7/site-packages/airflow/example_dags/tutorial_taskflow_api_virtualenv.py took 0.153 seconds
[2023-01-31T10:42:36.784+0000] {processor.py:153} INFO - Started process (PID=4399) to work on /home/airflow/.local/lib/python3.7/site-packages/airflow/example_dags/tutorial_taskflow_api_virtualenv.py
[2023-01-31T10:42:36.789+0000] {processor.py:743} INFO - Processing file /home/airflow/.local/lib/python3.7/site-packages/airflow/example_dags/tutorial_taskflow_api_virtualenv.py for tasks to queue
[2023-01-31T10:42:36.793+0000] {logging_mixin.py:137} INFO - [2023-01-31T10:42:36.792+0000] {dagbag.py:538} INFO - Filling up the DagBag from /home/airflow/.local/lib/python3.7/site-packages/airflow/example_dags/tutorial_taskflow_api_virtualenv.py
[2023-01-31T10:42:36.821+0000] {processor.py:753} INFO - DAG(s) dict_keys(['tutorial_taskflow_api_virtualenv']) retrieved from /home/airflow/.local/lib/python3.7/site-packages/airflow/example_dags/tutorial_taskflow_api_virtualenv.py
[2023-01-31T10:42:36.883+0000] {logging_mixin.py:137} INFO - [2023-01-31T10:42:36.883+0000] {dag.py:2690} INFO - Sync 1 DAGs
[2023-01-31T10:42:36.914+0000] {logging_mixin.py:137} INFO - [2023-01-31T10:42:36.914+0000] {dag.py:3441} INFO - Setting next_dagrun for tutorial_taskflow_api_virtualenv to None, run_after=None
[2023-01-31T10:42:36.974+0000] {processor.py:175} INFO - Processing /home/airflow/.local/lib/python3.7/site-packages/airflow/example_dags/tutorial_taskflow_api_virtualenv.py took 0.195 seconds
[2023-01-31T10:43:13.230+0000] {processor.py:153} INFO - Started process (PID=4499) to work on /home/airflow/.local/lib/python3.7/site-packages/airflow/example_dags/tutorial_taskflow_api_virtualenv.py
[2023-01-31T10:43:13.233+0000] {processor.py:743} INFO - Processing file /home/airflow/.local/lib/python3.7/site-packages/airflow/example_dags/tutorial_taskflow_api_virtualenv.py for tasks to queue
[2023-01-31T10:43:13.252+0000] {logging_mixin.py:137} INFO - [2023-01-31T10:43:13.252+0000] {dagbag.py:538} INFO - Filling up the DagBag from /home/airflow/.local/lib/python3.7/site-packages/airflow/example_dags/tutorial_taskflow_api_virtualenv.py
[2023-01-31T10:43:13.278+0000] {processor.py:753} INFO - DAG(s) dict_keys(['tutorial_taskflow_api_virtualenv']) retrieved from /home/airflow/.local/lib/python3.7/site-packages/airflow/example_dags/tutorial_taskflow_api_virtualenv.py
[2023-01-31T10:43:13.393+0000] {logging_mixin.py:137} INFO - [2023-01-31T10:43:13.393+0000] {dag.py:2690} INFO - Sync 1 DAGs
[2023-01-31T10:43:13.654+0000] {logging_mixin.py:137} INFO - [2023-01-31T10:43:13.654+0000] {dag.py:3441} INFO - Setting next_dagrun for tutorial_taskflow_api_virtualenv to None, run_after=None
[2023-01-31T10:43:13.678+0000] {processor.py:175} INFO - Processing /home/airflow/.local/lib/python3.7/site-packages/airflow/example_dags/tutorial_taskflow_api_virtualenv.py took 0.457 seconds
[2023-01-31T10:43:43.823+0000] {processor.py:153} INFO - Started process (PID=4577) to work on /home/airflow/.local/lib/python3.7/site-packages/airflow/example_dags/tutorial_taskflow_api_virtualenv.py
[2023-01-31T10:43:43.825+0000] {processor.py:743} INFO - Processing file /home/airflow/.local/lib/python3.7/site-packages/airflow/example_dags/tutorial_taskflow_api_virtualenv.py for tasks to queue
[2023-01-31T10:43:43.826+0000] {logging_mixin.py:137} INFO - [2023-01-31T10:43:43.826+0000] {dagbag.py:538} INFO - Filling up the DagBag from /home/airflow/.local/lib/python3.7/site-packages/airflow/example_dags/tutorial_taskflow_api_virtualenv.py
[2023-01-31T10:43:43.849+0000] {processor.py:753} INFO - DAG(s) dict_keys(['tutorial_taskflow_api_virtualenv']) retrieved from /home/airflow/.local/lib/python3.7/site-packages/airflow/example_dags/tutorial_taskflow_api_virtualenv.py
[2023-01-31T10:43:43.916+0000] {logging_mixin.py:137} INFO - [2023-01-31T10:43:43.916+0000] {dag.py:2690} INFO - Sync 1 DAGs
[2023-01-31T10:43:44.026+0000] {logging_mixin.py:137} INFO - [2023-01-31T10:43:44.025+0000] {dag.py:3441} INFO - Setting next_dagrun for tutorial_taskflow_api_virtualenv to None, run_after=None
[2023-01-31T10:43:44.076+0000] {processor.py:175} INFO - Processing /home/airflow/.local/lib/python3.7/site-packages/airflow/example_dags/tutorial_taskflow_api_virtualenv.py took 0.257 seconds
