[2023-01-31T10:15:32.111+0000] {processor.py:153} INFO - Started process (PID=80) to work on /home/airflow/.local/lib/python3.7/site-packages/airflow/example_dags/tutorial.py
[2023-01-31T10:15:32.113+0000] {processor.py:743} INFO - Processing file /home/airflow/.local/lib/python3.7/site-packages/airflow/example_dags/tutorial.py for tasks to queue
[2023-01-31T10:15:32.114+0000] {logging_mixin.py:137} INFO - [2023-01-31T10:15:32.113+0000] {dagbag.py:538} INFO - Filling up the DagBag from /home/airflow/.local/lib/python3.7/site-packages/airflow/example_dags/tutorial.py
[2023-01-31T10:15:32.126+0000] {processor.py:753} INFO - DAG(s) dict_keys(['tutorial']) retrieved from /home/airflow/.local/lib/python3.7/site-packages/airflow/example_dags/tutorial.py
[2023-01-31T10:15:32.151+0000] {logging_mixin.py:137} INFO - [2023-01-31T10:15:32.151+0000] {dag.py:2690} INFO - Sync 1 DAGs
[2023-01-31T10:15:32.175+0000] {logging_mixin.py:137} INFO - [2023-01-31T10:15:32.175+0000] {dag.py:3441} INFO - Setting next_dagrun for tutorial to 2023-01-30T10:15:32.175561+00:00, run_after=2023-01-31T10:15:32.175561+00:00
[2023-01-31T10:15:32.226+0000] {processor.py:175} INFO - Processing /home/airflow/.local/lib/python3.7/site-packages/airflow/example_dags/tutorial.py took 0.117 seconds
[2023-01-31T10:16:03.114+0000] {processor.py:153} INFO - Started process (PID=163) to work on /home/airflow/.local/lib/python3.7/site-packages/airflow/example_dags/tutorial.py
[2023-01-31T10:16:03.116+0000] {processor.py:743} INFO - Processing file /home/airflow/.local/lib/python3.7/site-packages/airflow/example_dags/tutorial.py for tasks to queue
[2023-01-31T10:16:03.117+0000] {logging_mixin.py:137} INFO - [2023-01-31T10:16:03.117+0000] {dagbag.py:538} INFO - Filling up the DagBag from /home/airflow/.local/lib/python3.7/site-packages/airflow/example_dags/tutorial.py
[2023-01-31T10:16:03.135+0000] {processor.py:753} INFO - DAG(s) dict_keys(['tutorial']) retrieved from /home/airflow/.local/lib/python3.7/site-packages/airflow/example_dags/tutorial.py
[2023-01-31T10:16:03.158+0000] {logging_mixin.py:137} INFO - [2023-01-31T10:16:03.158+0000] {dag.py:2690} INFO - Sync 1 DAGs
[2023-01-31T10:16:03.225+0000] {logging_mixin.py:137} INFO - [2023-01-31T10:16:03.224+0000] {dag.py:3441} INFO - Setting next_dagrun for tutorial to 2023-01-30T10:16:03.224216+00:00, run_after=2023-01-31T10:16:03.224216+00:00
[2023-01-31T10:16:03.263+0000] {processor.py:175} INFO - Processing /home/airflow/.local/lib/python3.7/site-packages/airflow/example_dags/tutorial.py took 0.153 seconds
[2023-01-31T10:16:34.360+0000] {processor.py:153} INFO - Started process (PID=258) to work on /home/airflow/.local/lib/python3.7/site-packages/airflow/example_dags/tutorial.py
[2023-01-31T10:16:34.363+0000] {processor.py:743} INFO - Processing file /home/airflow/.local/lib/python3.7/site-packages/airflow/example_dags/tutorial.py for tasks to queue
[2023-01-31T10:16:34.365+0000] {logging_mixin.py:137} INFO - [2023-01-31T10:16:34.365+0000] {dagbag.py:538} INFO - Filling up the DagBag from /home/airflow/.local/lib/python3.7/site-packages/airflow/example_dags/tutorial.py
[2023-01-31T10:16:34.381+0000] {processor.py:753} INFO - DAG(s) dict_keys(['tutorial']) retrieved from /home/airflow/.local/lib/python3.7/site-packages/airflow/example_dags/tutorial.py
[2023-01-31T10:16:34.406+0000] {logging_mixin.py:137} INFO - [2023-01-31T10:16:34.406+0000] {dag.py:2690} INFO - Sync 1 DAGs
[2023-01-31T10:16:34.430+0000] {logging_mixin.py:137} INFO - [2023-01-31T10:16:34.430+0000] {dag.py:3441} INFO - Setting next_dagrun for tutorial to 2023-01-30T10:16:34.430534+00:00, run_after=2023-01-31T10:16:34.430534+00:00
[2023-01-31T10:16:34.457+0000] {processor.py:175} INFO - Processing /home/airflow/.local/lib/python3.7/site-packages/airflow/example_dags/tutorial.py took 0.100 seconds
[2023-01-31T10:17:05.945+0000] {processor.py:153} INFO - Started process (PID=337) to work on /home/airflow/.local/lib/python3.7/site-packages/airflow/example_dags/tutorial.py
[2023-01-31T10:17:05.957+0000] {processor.py:743} INFO - Processing file /home/airflow/.local/lib/python3.7/site-packages/airflow/example_dags/tutorial.py for tasks to queue
[2023-01-31T10:17:05.970+0000] {logging_mixin.py:137} INFO - [2023-01-31T10:17:05.970+0000] {dagbag.py:538} INFO - Filling up the DagBag from /home/airflow/.local/lib/python3.7/site-packages/airflow/example_dags/tutorial.py
[2023-01-31T10:17:05.995+0000] {processor.py:753} INFO - DAG(s) dict_keys(['tutorial']) retrieved from /home/airflow/.local/lib/python3.7/site-packages/airflow/example_dags/tutorial.py
[2023-01-31T10:17:06.129+0000] {logging_mixin.py:137} INFO - [2023-01-31T10:17:06.128+0000] {dag.py:2690} INFO - Sync 1 DAGs
[2023-01-31T10:17:06.164+0000] {logging_mixin.py:137} INFO - [2023-01-31T10:17:06.163+0000] {dag.py:3441} INFO - Setting next_dagrun for tutorial to 2023-01-30T10:17:06.163503+00:00, run_after=2023-01-31T10:17:06.163503+00:00
[2023-01-31T10:17:06.234+0000] {processor.py:175} INFO - Processing /home/airflow/.local/lib/python3.7/site-packages/airflow/example_dags/tutorial.py took 0.292 seconds
[2023-01-31T10:17:36.364+0000] {processor.py:153} INFO - Started process (PID=415) to work on /home/airflow/.local/lib/python3.7/site-packages/airflow/example_dags/tutorial.py
[2023-01-31T10:17:36.370+0000] {processor.py:743} INFO - Processing file /home/airflow/.local/lib/python3.7/site-packages/airflow/example_dags/tutorial.py for tasks to queue
[2023-01-31T10:17:36.373+0000] {logging_mixin.py:137} INFO - [2023-01-31T10:17:36.373+0000] {dagbag.py:538} INFO - Filling up the DagBag from /home/airflow/.local/lib/python3.7/site-packages/airflow/example_dags/tutorial.py
[2023-01-31T10:17:36.404+0000] {processor.py:753} INFO - DAG(s) dict_keys(['tutorial']) retrieved from /home/airflow/.local/lib/python3.7/site-packages/airflow/example_dags/tutorial.py
[2023-01-31T10:17:36.433+0000] {logging_mixin.py:137} INFO - [2023-01-31T10:17:36.433+0000] {dag.py:2690} INFO - Sync 1 DAGs
[2023-01-31T10:17:36.452+0000] {logging_mixin.py:137} INFO - [2023-01-31T10:17:36.452+0000] {dag.py:3441} INFO - Setting next_dagrun for tutorial to 2023-01-30T10:17:36.452132+00:00, run_after=2023-01-31T10:17:36.452132+00:00
[2023-01-31T10:17:36.470+0000] {processor.py:175} INFO - Processing /home/airflow/.local/lib/python3.7/site-packages/airflow/example_dags/tutorial.py took 0.110 seconds
[2023-01-31T10:18:07.423+0000] {processor.py:153} INFO - Started process (PID=494) to work on /home/airflow/.local/lib/python3.7/site-packages/airflow/example_dags/tutorial.py
[2023-01-31T10:18:07.425+0000] {processor.py:743} INFO - Processing file /home/airflow/.local/lib/python3.7/site-packages/airflow/example_dags/tutorial.py for tasks to queue
[2023-01-31T10:18:07.426+0000] {logging_mixin.py:137} INFO - [2023-01-31T10:18:07.426+0000] {dagbag.py:538} INFO - Filling up the DagBag from /home/airflow/.local/lib/python3.7/site-packages/airflow/example_dags/tutorial.py
[2023-01-31T10:18:07.441+0000] {processor.py:753} INFO - DAG(s) dict_keys(['tutorial']) retrieved from /home/airflow/.local/lib/python3.7/site-packages/airflow/example_dags/tutorial.py
[2023-01-31T10:18:07.476+0000] {logging_mixin.py:137} INFO - [2023-01-31T10:18:07.476+0000] {dag.py:2690} INFO - Sync 1 DAGs
[2023-01-31T10:18:07.499+0000] {logging_mixin.py:137} INFO - [2023-01-31T10:18:07.499+0000] {dag.py:3441} INFO - Setting next_dagrun for tutorial to 2023-01-30T10:18:07.499125+00:00, run_after=2023-01-31T10:18:07.499125+00:00
[2023-01-31T10:18:07.513+0000] {processor.py:175} INFO - Processing /home/airflow/.local/lib/python3.7/site-packages/airflow/example_dags/tutorial.py took 0.094 seconds
[2023-01-31T10:18:43.215+0000] {processor.py:153} INFO - Started process (PID=573) to work on /home/airflow/.local/lib/python3.7/site-packages/airflow/example_dags/tutorial.py
[2023-01-31T10:18:43.217+0000] {processor.py:743} INFO - Processing file /home/airflow/.local/lib/python3.7/site-packages/airflow/example_dags/tutorial.py for tasks to queue
[2023-01-31T10:18:43.218+0000] {logging_mixin.py:137} INFO - [2023-01-31T10:18:43.218+0000] {dagbag.py:538} INFO - Filling up the DagBag from /home/airflow/.local/lib/python3.7/site-packages/airflow/example_dags/tutorial.py
[2023-01-31T10:18:43.245+0000] {processor.py:753} INFO - DAG(s) dict_keys(['tutorial']) retrieved from /home/airflow/.local/lib/python3.7/site-packages/airflow/example_dags/tutorial.py
[2023-01-31T10:18:43.285+0000] {logging_mixin.py:137} INFO - [2023-01-31T10:18:43.284+0000] {dag.py:2690} INFO - Sync 1 DAGs
[2023-01-31T10:18:43.317+0000] {logging_mixin.py:137} INFO - [2023-01-31T10:18:43.317+0000] {dag.py:3441} INFO - Setting next_dagrun for tutorial to 2023-01-30T10:18:43.316916+00:00, run_after=2023-01-31T10:18:43.316916+00:00
[2023-01-31T10:18:43.345+0000] {processor.py:175} INFO - Processing /home/airflow/.local/lib/python3.7/site-packages/airflow/example_dags/tutorial.py took 0.135 seconds
[2023-01-31T10:19:14.406+0000] {processor.py:153} INFO - Started process (PID=656) to work on /home/airflow/.local/lib/python3.7/site-packages/airflow/example_dags/tutorial.py
[2023-01-31T10:19:14.420+0000] {processor.py:743} INFO - Processing file /home/airflow/.local/lib/python3.7/site-packages/airflow/example_dags/tutorial.py for tasks to queue
[2023-01-31T10:19:14.432+0000] {logging_mixin.py:137} INFO - [2023-01-31T10:19:14.432+0000] {dagbag.py:538} INFO - Filling up the DagBag from /home/airflow/.local/lib/python3.7/site-packages/airflow/example_dags/tutorial.py
[2023-01-31T10:19:14.473+0000] {processor.py:753} INFO - DAG(s) dict_keys(['tutorial']) retrieved from /home/airflow/.local/lib/python3.7/site-packages/airflow/example_dags/tutorial.py
[2023-01-31T10:19:14.521+0000] {logging_mixin.py:137} INFO - [2023-01-31T10:19:14.521+0000] {dag.py:2690} INFO - Sync 1 DAGs
[2023-01-31T10:19:14.554+0000] {logging_mixin.py:137} INFO - [2023-01-31T10:19:14.554+0000] {dag.py:3441} INFO - Setting next_dagrun for tutorial to 2023-01-30T10:19:14.553993+00:00, run_after=2023-01-31T10:19:14.553993+00:00
[2023-01-31T10:19:14.571+0000] {processor.py:175} INFO - Processing /home/airflow/.local/lib/python3.7/site-packages/airflow/example_dags/tutorial.py took 0.169 seconds
[2023-01-31T10:19:45.067+0000] {processor.py:153} INFO - Started process (PID=733) to work on /home/airflow/.local/lib/python3.7/site-packages/airflow/example_dags/tutorial.py
[2023-01-31T10:19:45.070+0000] {processor.py:743} INFO - Processing file /home/airflow/.local/lib/python3.7/site-packages/airflow/example_dags/tutorial.py for tasks to queue
[2023-01-31T10:19:45.074+0000] {logging_mixin.py:137} INFO - [2023-01-31T10:19:45.074+0000] {dagbag.py:538} INFO - Filling up the DagBag from /home/airflow/.local/lib/python3.7/site-packages/airflow/example_dags/tutorial.py
[2023-01-31T10:19:45.095+0000] {processor.py:753} INFO - DAG(s) dict_keys(['tutorial']) retrieved from /home/airflow/.local/lib/python3.7/site-packages/airflow/example_dags/tutorial.py
[2023-01-31T10:19:45.123+0000] {logging_mixin.py:137} INFO - [2023-01-31T10:19:45.123+0000] {dag.py:2690} INFO - Sync 1 DAGs
[2023-01-31T10:19:45.144+0000] {logging_mixin.py:137} INFO - [2023-01-31T10:19:45.144+0000] {dag.py:3441} INFO - Setting next_dagrun for tutorial to 2023-01-30T10:19:45.144376+00:00, run_after=2023-01-31T10:19:45.144376+00:00
[2023-01-31T10:19:45.159+0000] {processor.py:175} INFO - Processing /home/airflow/.local/lib/python3.7/site-packages/airflow/example_dags/tutorial.py took 0.096 seconds
[2023-01-31T10:20:16.286+0000] {processor.py:153} INFO - Started process (PID=833) to work on /home/airflow/.local/lib/python3.7/site-packages/airflow/example_dags/tutorial.py
[2023-01-31T10:20:16.298+0000] {processor.py:743} INFO - Processing file /home/airflow/.local/lib/python3.7/site-packages/airflow/example_dags/tutorial.py for tasks to queue
[2023-01-31T10:20:16.303+0000] {logging_mixin.py:137} INFO - [2023-01-31T10:20:16.303+0000] {dagbag.py:538} INFO - Filling up the DagBag from /home/airflow/.local/lib/python3.7/site-packages/airflow/example_dags/tutorial.py
[2023-01-31T10:20:16.351+0000] {processor.py:753} INFO - DAG(s) dict_keys(['tutorial']) retrieved from /home/airflow/.local/lib/python3.7/site-packages/airflow/example_dags/tutorial.py
[2023-01-31T10:20:16.408+0000] {logging_mixin.py:137} INFO - [2023-01-31T10:20:16.408+0000] {dag.py:2690} INFO - Sync 1 DAGs
[2023-01-31T10:20:16.441+0000] {logging_mixin.py:137} INFO - [2023-01-31T10:20:16.441+0000] {dag.py:3441} INFO - Setting next_dagrun for tutorial to 2023-01-30T10:20:16.440838+00:00, run_after=2023-01-31T10:20:16.440838+00:00
[2023-01-31T10:20:16.471+0000] {processor.py:175} INFO - Processing /home/airflow/.local/lib/python3.7/site-packages/airflow/example_dags/tutorial.py took 0.194 seconds
[2023-01-31T10:20:46.961+0000] {processor.py:153} INFO - Started process (PID=912) to work on /home/airflow/.local/lib/python3.7/site-packages/airflow/example_dags/tutorial.py
[2023-01-31T10:20:46.970+0000] {processor.py:743} INFO - Processing file /home/airflow/.local/lib/python3.7/site-packages/airflow/example_dags/tutorial.py for tasks to queue
[2023-01-31T10:20:46.981+0000] {logging_mixin.py:137} INFO - [2023-01-31T10:20:46.981+0000] {dagbag.py:538} INFO - Filling up the DagBag from /home/airflow/.local/lib/python3.7/site-packages/airflow/example_dags/tutorial.py
[2023-01-31T10:20:47.052+0000] {processor.py:753} INFO - DAG(s) dict_keys(['tutorial']) retrieved from /home/airflow/.local/lib/python3.7/site-packages/airflow/example_dags/tutorial.py
[2023-01-31T10:20:47.128+0000] {logging_mixin.py:137} INFO - [2023-01-31T10:20:47.127+0000] {dag.py:2690} INFO - Sync 1 DAGs
[2023-01-31T10:20:47.225+0000] {logging_mixin.py:137} INFO - [2023-01-31T10:20:47.224+0000] {dag.py:3441} INFO - Setting next_dagrun for tutorial to 2023-01-30T10:20:47.224516+00:00, run_after=2023-01-31T10:20:47.224516+00:00
[2023-01-31T10:20:47.280+0000] {processor.py:175} INFO - Processing /home/airflow/.local/lib/python3.7/site-packages/airflow/example_dags/tutorial.py took 0.322 seconds
[2023-01-31T10:21:17.573+0000] {processor.py:153} INFO - Started process (PID=991) to work on /home/airflow/.local/lib/python3.7/site-packages/airflow/example_dags/tutorial.py
[2023-01-31T10:21:17.575+0000] {processor.py:743} INFO - Processing file /home/airflow/.local/lib/python3.7/site-packages/airflow/example_dags/tutorial.py for tasks to queue
[2023-01-31T10:21:17.575+0000] {logging_mixin.py:137} INFO - [2023-01-31T10:21:17.575+0000] {dagbag.py:538} INFO - Filling up the DagBag from /home/airflow/.local/lib/python3.7/site-packages/airflow/example_dags/tutorial.py
[2023-01-31T10:21:17.586+0000] {processor.py:753} INFO - DAG(s) dict_keys(['tutorial']) retrieved from /home/airflow/.local/lib/python3.7/site-packages/airflow/example_dags/tutorial.py
[2023-01-31T10:21:17.649+0000] {logging_mixin.py:137} INFO - [2023-01-31T10:21:17.649+0000] {dag.py:2690} INFO - Sync 1 DAGs
[2023-01-31T10:21:17.728+0000] {logging_mixin.py:137} INFO - [2023-01-31T10:21:17.728+0000] {dag.py:3441} INFO - Setting next_dagrun for tutorial to 2023-01-30T10:21:17.728317+00:00, run_after=2023-01-31T10:21:17.728317+00:00
[2023-01-31T10:21:17.779+0000] {processor.py:175} INFO - Processing /home/airflow/.local/lib/python3.7/site-packages/airflow/example_dags/tutorial.py took 0.209 seconds
[2023-01-31T10:21:48.099+0000] {processor.py:153} INFO - Started process (PID=1069) to work on /home/airflow/.local/lib/python3.7/site-packages/airflow/example_dags/tutorial.py
[2023-01-31T10:21:48.101+0000] {processor.py:743} INFO - Processing file /home/airflow/.local/lib/python3.7/site-packages/airflow/example_dags/tutorial.py for tasks to queue
[2023-01-31T10:21:48.103+0000] {logging_mixin.py:137} INFO - [2023-01-31T10:21:48.103+0000] {dagbag.py:538} INFO - Filling up the DagBag from /home/airflow/.local/lib/python3.7/site-packages/airflow/example_dags/tutorial.py
[2023-01-31T10:21:48.117+0000] {processor.py:753} INFO - DAG(s) dict_keys(['tutorial']) retrieved from /home/airflow/.local/lib/python3.7/site-packages/airflow/example_dags/tutorial.py
[2023-01-31T10:21:48.142+0000] {logging_mixin.py:137} INFO - [2023-01-31T10:21:48.142+0000] {dag.py:2690} INFO - Sync 1 DAGs
[2023-01-31T10:21:48.160+0000] {logging_mixin.py:137} INFO - [2023-01-31T10:21:48.160+0000] {dag.py:3441} INFO - Setting next_dagrun for tutorial to 2023-01-30T10:21:48.160380+00:00, run_after=2023-01-31T10:21:48.160380+00:00
[2023-01-31T10:21:48.172+0000] {processor.py:175} INFO - Processing /home/airflow/.local/lib/python3.7/site-packages/airflow/example_dags/tutorial.py took 0.077 seconds
[2023-01-31T10:22:19.003+0000] {processor.py:153} INFO - Started process (PID=1148) to work on /home/airflow/.local/lib/python3.7/site-packages/airflow/example_dags/tutorial.py
[2023-01-31T10:22:19.007+0000] {processor.py:743} INFO - Processing file /home/airflow/.local/lib/python3.7/site-packages/airflow/example_dags/tutorial.py for tasks to queue
[2023-01-31T10:22:19.010+0000] {logging_mixin.py:137} INFO - [2023-01-31T10:22:19.010+0000] {dagbag.py:538} INFO - Filling up the DagBag from /home/airflow/.local/lib/python3.7/site-packages/airflow/example_dags/tutorial.py
[2023-01-31T10:22:19.030+0000] {processor.py:753} INFO - DAG(s) dict_keys(['tutorial']) retrieved from /home/airflow/.local/lib/python3.7/site-packages/airflow/example_dags/tutorial.py
[2023-01-31T10:22:19.065+0000] {logging_mixin.py:137} INFO - [2023-01-31T10:22:19.064+0000] {dag.py:2690} INFO - Sync 1 DAGs
[2023-01-31T10:22:19.088+0000] {logging_mixin.py:137} INFO - [2023-01-31T10:22:19.088+0000] {dag.py:3441} INFO - Setting next_dagrun for tutorial to 2023-01-30T10:22:19.087637+00:00, run_after=2023-01-31T10:22:19.087637+00:00
[2023-01-31T10:22:19.117+0000] {processor.py:175} INFO - Processing /home/airflow/.local/lib/python3.7/site-packages/airflow/example_dags/tutorial.py took 0.118 seconds
[2023-01-31T10:22:51.716+0000] {processor.py:153} INFO - Started process (PID=1242) to work on /home/airflow/.local/lib/python3.7/site-packages/airflow/example_dags/tutorial.py
[2023-01-31T10:22:51.719+0000] {processor.py:743} INFO - Processing file /home/airflow/.local/lib/python3.7/site-packages/airflow/example_dags/tutorial.py for tasks to queue
[2023-01-31T10:22:51.720+0000] {logging_mixin.py:137} INFO - [2023-01-31T10:22:51.720+0000] {dagbag.py:538} INFO - Filling up the DagBag from /home/airflow/.local/lib/python3.7/site-packages/airflow/example_dags/tutorial.py
[2023-01-31T10:22:51.763+0000] {processor.py:753} INFO - DAG(s) dict_keys(['tutorial']) retrieved from /home/airflow/.local/lib/python3.7/site-packages/airflow/example_dags/tutorial.py
[2023-01-31T10:22:51.818+0000] {logging_mixin.py:137} INFO - [2023-01-31T10:22:51.818+0000] {dag.py:2690} INFO - Sync 1 DAGs
[2023-01-31T10:22:51.837+0000] {logging_mixin.py:137} INFO - [2023-01-31T10:22:51.837+0000] {dag.py:3441} INFO - Setting next_dagrun for tutorial to 2023-01-30T10:22:51.837351+00:00, run_after=2023-01-31T10:22:51.837351+00:00
[2023-01-31T10:22:51.873+0000] {processor.py:175} INFO - Processing /home/airflow/.local/lib/python3.7/site-packages/airflow/example_dags/tutorial.py took 0.161 seconds
[2023-01-31T10:23:22.004+0000] {processor.py:153} INFO - Started process (PID=1320) to work on /home/airflow/.local/lib/python3.7/site-packages/airflow/example_dags/tutorial.py
[2023-01-31T10:23:22.006+0000] {processor.py:743} INFO - Processing file /home/airflow/.local/lib/python3.7/site-packages/airflow/example_dags/tutorial.py for tasks to queue
[2023-01-31T10:23:22.006+0000] {logging_mixin.py:137} INFO - [2023-01-31T10:23:22.006+0000] {dagbag.py:538} INFO - Filling up the DagBag from /home/airflow/.local/lib/python3.7/site-packages/airflow/example_dags/tutorial.py
[2023-01-31T10:23:22.018+0000] {processor.py:753} INFO - DAG(s) dict_keys(['tutorial']) retrieved from /home/airflow/.local/lib/python3.7/site-packages/airflow/example_dags/tutorial.py
[2023-01-31T10:23:22.039+0000] {logging_mixin.py:137} INFO - [2023-01-31T10:23:22.039+0000] {dag.py:2690} INFO - Sync 1 DAGs
[2023-01-31T10:23:22.068+0000] {logging_mixin.py:137} INFO - [2023-01-31T10:23:22.068+0000] {dag.py:3441} INFO - Setting next_dagrun for tutorial to 2023-01-30T10:23:22.068173+00:00, run_after=2023-01-31T10:23:22.068173+00:00
[2023-01-31T10:23:22.162+0000] {processor.py:175} INFO - Processing /home/airflow/.local/lib/python3.7/site-packages/airflow/example_dags/tutorial.py took 0.160 seconds
[2023-01-31T10:23:53.329+0000] {processor.py:153} INFO - Started process (PID=1399) to work on /home/airflow/.local/lib/python3.7/site-packages/airflow/example_dags/tutorial.py
[2023-01-31T10:23:53.333+0000] {processor.py:743} INFO - Processing file /home/airflow/.local/lib/python3.7/site-packages/airflow/example_dags/tutorial.py for tasks to queue
[2023-01-31T10:23:53.334+0000] {logging_mixin.py:137} INFO - [2023-01-31T10:23:53.334+0000] {dagbag.py:538} INFO - Filling up the DagBag from /home/airflow/.local/lib/python3.7/site-packages/airflow/example_dags/tutorial.py
[2023-01-31T10:23:53.349+0000] {processor.py:753} INFO - DAG(s) dict_keys(['tutorial']) retrieved from /home/airflow/.local/lib/python3.7/site-packages/airflow/example_dags/tutorial.py
[2023-01-31T10:23:53.376+0000] {logging_mixin.py:137} INFO - [2023-01-31T10:23:53.376+0000] {dag.py:2690} INFO - Sync 1 DAGs
[2023-01-31T10:23:53.408+0000] {logging_mixin.py:137} INFO - [2023-01-31T10:23:53.408+0000] {dag.py:3441} INFO - Setting next_dagrun for tutorial to 2023-01-30T10:23:53.408056+00:00, run_after=2023-01-31T10:23:53.408056+00:00
[2023-01-31T10:23:53.432+0000] {processor.py:175} INFO - Processing /home/airflow/.local/lib/python3.7/site-packages/airflow/example_dags/tutorial.py took 0.106 seconds
[2023-01-31T10:24:23.680+0000] {processor.py:153} INFO - Started process (PID=1477) to work on /home/airflow/.local/lib/python3.7/site-packages/airflow/example_dags/tutorial.py
[2023-01-31T10:24:23.683+0000] {processor.py:743} INFO - Processing file /home/airflow/.local/lib/python3.7/site-packages/airflow/example_dags/tutorial.py for tasks to queue
[2023-01-31T10:24:23.684+0000] {logging_mixin.py:137} INFO - [2023-01-31T10:24:23.684+0000] {dagbag.py:538} INFO - Filling up the DagBag from /home/airflow/.local/lib/python3.7/site-packages/airflow/example_dags/tutorial.py
[2023-01-31T10:24:23.697+0000] {processor.py:753} INFO - DAG(s) dict_keys(['tutorial']) retrieved from /home/airflow/.local/lib/python3.7/site-packages/airflow/example_dags/tutorial.py
[2023-01-31T10:24:23.721+0000] {logging_mixin.py:137} INFO - [2023-01-31T10:24:23.721+0000] {dag.py:2690} INFO - Sync 1 DAGs
[2023-01-31T10:24:23.738+0000] {logging_mixin.py:137} INFO - [2023-01-31T10:24:23.738+0000] {dag.py:3441} INFO - Setting next_dagrun for tutorial to 2023-01-30T10:24:23.738383+00:00, run_after=2023-01-31T10:24:23.738383+00:00
[2023-01-31T10:24:23.756+0000] {processor.py:175} INFO - Processing /home/airflow/.local/lib/python3.7/site-packages/airflow/example_dags/tutorial.py took 0.080 seconds
[2023-01-31T10:24:54.634+0000] {processor.py:153} INFO - Started process (PID=1559) to work on /home/airflow/.local/lib/python3.7/site-packages/airflow/example_dags/tutorial.py
[2023-01-31T10:24:54.636+0000] {processor.py:743} INFO - Processing file /home/airflow/.local/lib/python3.7/site-packages/airflow/example_dags/tutorial.py for tasks to queue
[2023-01-31T10:24:54.637+0000] {logging_mixin.py:137} INFO - [2023-01-31T10:24:54.637+0000] {dagbag.py:538} INFO - Filling up the DagBag from /home/airflow/.local/lib/python3.7/site-packages/airflow/example_dags/tutorial.py
[2023-01-31T10:24:54.649+0000] {processor.py:753} INFO - DAG(s) dict_keys(['tutorial']) retrieved from /home/airflow/.local/lib/python3.7/site-packages/airflow/example_dags/tutorial.py
[2023-01-31T10:24:54.676+0000] {logging_mixin.py:137} INFO - [2023-01-31T10:24:54.676+0000] {dag.py:2690} INFO - Sync 1 DAGs
[2023-01-31T10:24:54.700+0000] {logging_mixin.py:137} INFO - [2023-01-31T10:24:54.700+0000] {dag.py:3441} INFO - Setting next_dagrun for tutorial to 2023-01-30T10:24:54.699674+00:00, run_after=2023-01-31T10:24:54.699674+00:00
[2023-01-31T10:24:54.734+0000] {processor.py:175} INFO - Processing /home/airflow/.local/lib/python3.7/site-packages/airflow/example_dags/tutorial.py took 0.104 seconds
[2023-01-31T10:25:28.971+0000] {processor.py:153} INFO - Started process (PID=1654) to work on /home/airflow/.local/lib/python3.7/site-packages/airflow/example_dags/tutorial.py
[2023-01-31T10:25:28.976+0000] {processor.py:743} INFO - Processing file /home/airflow/.local/lib/python3.7/site-packages/airflow/example_dags/tutorial.py for tasks to queue
[2023-01-31T10:25:28.981+0000] {logging_mixin.py:137} INFO - [2023-01-31T10:25:28.981+0000] {dagbag.py:538} INFO - Filling up the DagBag from /home/airflow/.local/lib/python3.7/site-packages/airflow/example_dags/tutorial.py
[2023-01-31T10:25:29.015+0000] {processor.py:753} INFO - DAG(s) dict_keys(['tutorial']) retrieved from /home/airflow/.local/lib/python3.7/site-packages/airflow/example_dags/tutorial.py
[2023-01-31T10:25:29.100+0000] {logging_mixin.py:137} INFO - [2023-01-31T10:25:29.100+0000] {dag.py:2690} INFO - Sync 1 DAGs
[2023-01-31T10:25:29.192+0000] {logging_mixin.py:137} INFO - [2023-01-31T10:25:29.192+0000] {dag.py:3441} INFO - Setting next_dagrun for tutorial to 2023-01-30T10:25:29.190514+00:00, run_after=2023-01-31T10:25:29.190514+00:00
[2023-01-31T10:25:29.285+0000] {processor.py:175} INFO - Processing /home/airflow/.local/lib/python3.7/site-packages/airflow/example_dags/tutorial.py took 0.322 seconds
[2023-01-31T10:25:59.934+0000] {processor.py:153} INFO - Started process (PID=1734) to work on /home/airflow/.local/lib/python3.7/site-packages/airflow/example_dags/tutorial.py
[2023-01-31T10:25:59.937+0000] {processor.py:743} INFO - Processing file /home/airflow/.local/lib/python3.7/site-packages/airflow/example_dags/tutorial.py for tasks to queue
[2023-01-31T10:25:59.938+0000] {logging_mixin.py:137} INFO - [2023-01-31T10:25:59.938+0000] {dagbag.py:538} INFO - Filling up the DagBag from /home/airflow/.local/lib/python3.7/site-packages/airflow/example_dags/tutorial.py
[2023-01-31T10:25:59.962+0000] {processor.py:753} INFO - DAG(s) dict_keys(['tutorial']) retrieved from /home/airflow/.local/lib/python3.7/site-packages/airflow/example_dags/tutorial.py
[2023-01-31T10:26:00.020+0000] {logging_mixin.py:137} INFO - [2023-01-31T10:26:00.019+0000] {dag.py:2690} INFO - Sync 1 DAGs
[2023-01-31T10:26:00.099+0000] {logging_mixin.py:137} INFO - [2023-01-31T10:26:00.099+0000] {dag.py:3441} INFO - Setting next_dagrun for tutorial to 2023-01-30T10:26:00.098690+00:00, run_after=2023-01-31T10:26:00.098690+00:00
[2023-01-31T10:26:00.149+0000] {processor.py:175} INFO - Processing /home/airflow/.local/lib/python3.7/site-packages/airflow/example_dags/tutorial.py took 0.220 seconds
[2023-01-31T10:26:30.313+0000] {processor.py:153} INFO - Started process (PID=1817) to work on /home/airflow/.local/lib/python3.7/site-packages/airflow/example_dags/tutorial.py
[2023-01-31T10:26:30.315+0000] {processor.py:743} INFO - Processing file /home/airflow/.local/lib/python3.7/site-packages/airflow/example_dags/tutorial.py for tasks to queue
[2023-01-31T10:26:30.316+0000] {logging_mixin.py:137} INFO - [2023-01-31T10:26:30.316+0000] {dagbag.py:538} INFO - Filling up the DagBag from /home/airflow/.local/lib/python3.7/site-packages/airflow/example_dags/tutorial.py
[2023-01-31T10:26:30.332+0000] {processor.py:753} INFO - DAG(s) dict_keys(['tutorial']) retrieved from /home/airflow/.local/lib/python3.7/site-packages/airflow/example_dags/tutorial.py
[2023-01-31T10:26:30.359+0000] {logging_mixin.py:137} INFO - [2023-01-31T10:26:30.359+0000] {dag.py:2690} INFO - Sync 1 DAGs
[2023-01-31T10:26:30.383+0000] {logging_mixin.py:137} INFO - [2023-01-31T10:26:30.383+0000] {dag.py:3441} INFO - Setting next_dagrun for tutorial to 2023-01-30T10:26:30.382936+00:00, run_after=2023-01-31T10:26:30.382936+00:00
[2023-01-31T10:26:30.409+0000] {processor.py:175} INFO - Processing /home/airflow/.local/lib/python3.7/site-packages/airflow/example_dags/tutorial.py took 0.099 seconds
[2023-01-31T10:27:01.584+0000] {processor.py:153} INFO - Started process (PID=1896) to work on /home/airflow/.local/lib/python3.7/site-packages/airflow/example_dags/tutorial.py
[2023-01-31T10:27:01.586+0000] {processor.py:743} INFO - Processing file /home/airflow/.local/lib/python3.7/site-packages/airflow/example_dags/tutorial.py for tasks to queue
[2023-01-31T10:27:01.587+0000] {logging_mixin.py:137} INFO - [2023-01-31T10:27:01.587+0000] {dagbag.py:538} INFO - Filling up the DagBag from /home/airflow/.local/lib/python3.7/site-packages/airflow/example_dags/tutorial.py
[2023-01-31T10:27:01.602+0000] {processor.py:753} INFO - DAG(s) dict_keys(['tutorial']) retrieved from /home/airflow/.local/lib/python3.7/site-packages/airflow/example_dags/tutorial.py
[2023-01-31T10:27:01.630+0000] {logging_mixin.py:137} INFO - [2023-01-31T10:27:01.630+0000] {dag.py:2690} INFO - Sync 1 DAGs
[2023-01-31T10:27:01.652+0000] {logging_mixin.py:137} INFO - [2023-01-31T10:27:01.652+0000] {dag.py:3441} INFO - Setting next_dagrun for tutorial to 2023-01-30T10:27:01.652011+00:00, run_after=2023-01-31T10:27:01.652011+00:00
[2023-01-31T10:27:01.668+0000] {processor.py:175} INFO - Processing /home/airflow/.local/lib/python3.7/site-packages/airflow/example_dags/tutorial.py took 0.087 seconds
[2023-01-31T10:27:32.020+0000] {processor.py:153} INFO - Started process (PID=1991) to work on /home/airflow/.local/lib/python3.7/site-packages/airflow/example_dags/tutorial.py
[2023-01-31T10:27:32.024+0000] {processor.py:743} INFO - Processing file /home/airflow/.local/lib/python3.7/site-packages/airflow/example_dags/tutorial.py for tasks to queue
[2023-01-31T10:27:32.026+0000] {logging_mixin.py:137} INFO - [2023-01-31T10:27:32.026+0000] {dagbag.py:538} INFO - Filling up the DagBag from /home/airflow/.local/lib/python3.7/site-packages/airflow/example_dags/tutorial.py
[2023-01-31T10:27:32.041+0000] {processor.py:753} INFO - DAG(s) dict_keys(['tutorial']) retrieved from /home/airflow/.local/lib/python3.7/site-packages/airflow/example_dags/tutorial.py
[2023-01-31T10:27:32.065+0000] {logging_mixin.py:137} INFO - [2023-01-31T10:27:32.065+0000] {dag.py:2690} INFO - Sync 1 DAGs
[2023-01-31T10:27:32.082+0000] {logging_mixin.py:137} INFO - [2023-01-31T10:27:32.082+0000] {dag.py:3441} INFO - Setting next_dagrun for tutorial to 2023-01-30T10:27:32.082244+00:00, run_after=2023-01-31T10:27:32.082244+00:00
[2023-01-31T10:27:32.102+0000] {processor.py:175} INFO - Processing /home/airflow/.local/lib/python3.7/site-packages/airflow/example_dags/tutorial.py took 0.086 seconds
[2023-01-31T10:28:02.602+0000] {processor.py:153} INFO - Started process (PID=2071) to work on /home/airflow/.local/lib/python3.7/site-packages/airflow/example_dags/tutorial.py
[2023-01-31T10:28:02.604+0000] {processor.py:743} INFO - Processing file /home/airflow/.local/lib/python3.7/site-packages/airflow/example_dags/tutorial.py for tasks to queue
[2023-01-31T10:28:02.605+0000] {logging_mixin.py:137} INFO - [2023-01-31T10:28:02.605+0000] {dagbag.py:538} INFO - Filling up the DagBag from /home/airflow/.local/lib/python3.7/site-packages/airflow/example_dags/tutorial.py
[2023-01-31T10:28:02.621+0000] {processor.py:753} INFO - DAG(s) dict_keys(['tutorial']) retrieved from /home/airflow/.local/lib/python3.7/site-packages/airflow/example_dags/tutorial.py
[2023-01-31T10:28:02.655+0000] {logging_mixin.py:137} INFO - [2023-01-31T10:28:02.655+0000] {dag.py:2690} INFO - Sync 1 DAGs
[2023-01-31T10:28:02.680+0000] {logging_mixin.py:137} INFO - [2023-01-31T10:28:02.680+0000] {dag.py:3441} INFO - Setting next_dagrun for tutorial to 2023-01-30T10:28:02.680111+00:00, run_after=2023-01-31T10:28:02.680111+00:00
[2023-01-31T10:28:02.692+0000] {processor.py:175} INFO - Processing /home/airflow/.local/lib/python3.7/site-packages/airflow/example_dags/tutorial.py took 0.095 seconds
[2023-01-31T10:28:33.010+0000] {processor.py:153} INFO - Started process (PID=2159) to work on /home/airflow/.local/lib/python3.7/site-packages/airflow/example_dags/tutorial.py
[2023-01-31T10:28:33.024+0000] {processor.py:743} INFO - Processing file /home/airflow/.local/lib/python3.7/site-packages/airflow/example_dags/tutorial.py for tasks to queue
[2023-01-31T10:28:33.028+0000] {logging_mixin.py:137} INFO - [2023-01-31T10:28:33.028+0000] {dagbag.py:538} INFO - Filling up the DagBag from /home/airflow/.local/lib/python3.7/site-packages/airflow/example_dags/tutorial.py
[2023-01-31T10:28:33.058+0000] {processor.py:753} INFO - DAG(s) dict_keys(['tutorial']) retrieved from /home/airflow/.local/lib/python3.7/site-packages/airflow/example_dags/tutorial.py
[2023-01-31T10:28:33.090+0000] {logging_mixin.py:137} INFO - [2023-01-31T10:28:33.090+0000] {dag.py:2690} INFO - Sync 1 DAGs
[2023-01-31T10:28:33.113+0000] {logging_mixin.py:137} INFO - [2023-01-31T10:28:33.113+0000] {dag.py:3441} INFO - Setting next_dagrun for tutorial to 2023-01-30T10:28:33.113119+00:00, run_after=2023-01-31T10:28:33.113119+00:00
[2023-01-31T10:28:33.152+0000] {processor.py:175} INFO - Processing /home/airflow/.local/lib/python3.7/site-packages/airflow/example_dags/tutorial.py took 0.146 seconds
[2023-01-31T10:29:03.354+0000] {processor.py:153} INFO - Started process (PID=2244) to work on /home/airflow/.local/lib/python3.7/site-packages/airflow/example_dags/tutorial.py
[2023-01-31T10:29:03.357+0000] {processor.py:743} INFO - Processing file /home/airflow/.local/lib/python3.7/site-packages/airflow/example_dags/tutorial.py for tasks to queue
[2023-01-31T10:29:03.358+0000] {logging_mixin.py:137} INFO - [2023-01-31T10:29:03.358+0000] {dagbag.py:538} INFO - Filling up the DagBag from /home/airflow/.local/lib/python3.7/site-packages/airflow/example_dags/tutorial.py
[2023-01-31T10:29:03.376+0000] {processor.py:753} INFO - DAG(s) dict_keys(['tutorial']) retrieved from /home/airflow/.local/lib/python3.7/site-packages/airflow/example_dags/tutorial.py
[2023-01-31T10:29:03.475+0000] {logging_mixin.py:137} INFO - [2023-01-31T10:29:03.475+0000] {dag.py:2690} INFO - Sync 1 DAGs
[2023-01-31T10:29:03.514+0000] {logging_mixin.py:137} INFO - [2023-01-31T10:29:03.514+0000] {dag.py:3441} INFO - Setting next_dagrun for tutorial to 2023-01-30T10:29:03.513750+00:00, run_after=2023-01-31T10:29:03.513750+00:00
[2023-01-31T10:29:03.550+0000] {processor.py:175} INFO - Processing /home/airflow/.local/lib/python3.7/site-packages/airflow/example_dags/tutorial.py took 0.199 seconds
[2023-01-31T10:29:34.487+0000] {processor.py:153} INFO - Started process (PID=2323) to work on /home/airflow/.local/lib/python3.7/site-packages/airflow/example_dags/tutorial.py
[2023-01-31T10:29:34.489+0000] {processor.py:743} INFO - Processing file /home/airflow/.local/lib/python3.7/site-packages/airflow/example_dags/tutorial.py for tasks to queue
[2023-01-31T10:29:34.491+0000] {logging_mixin.py:137} INFO - [2023-01-31T10:29:34.491+0000] {dagbag.py:538} INFO - Filling up the DagBag from /home/airflow/.local/lib/python3.7/site-packages/airflow/example_dags/tutorial.py
[2023-01-31T10:29:34.510+0000] {processor.py:753} INFO - DAG(s) dict_keys(['tutorial']) retrieved from /home/airflow/.local/lib/python3.7/site-packages/airflow/example_dags/tutorial.py
[2023-01-31T10:29:34.564+0000] {logging_mixin.py:137} INFO - [2023-01-31T10:29:34.564+0000] {dag.py:2690} INFO - Sync 1 DAGs
[2023-01-31T10:29:34.717+0000] {logging_mixin.py:137} INFO - [2023-01-31T10:29:34.717+0000] {dag.py:3441} INFO - Setting next_dagrun for tutorial to 2023-01-30T10:29:34.716973+00:00, run_after=2023-01-31T10:29:34.716973+00:00
[2023-01-31T10:29:34.746+0000] {processor.py:175} INFO - Processing /home/airflow/.local/lib/python3.7/site-packages/airflow/example_dags/tutorial.py took 0.263 seconds
[2023-01-31T10:30:04.939+0000] {processor.py:153} INFO - Started process (PID=2402) to work on /home/airflow/.local/lib/python3.7/site-packages/airflow/example_dags/tutorial.py
[2023-01-31T10:30:04.941+0000] {processor.py:743} INFO - Processing file /home/airflow/.local/lib/python3.7/site-packages/airflow/example_dags/tutorial.py for tasks to queue
[2023-01-31T10:30:04.944+0000] {logging_mixin.py:137} INFO - [2023-01-31T10:30:04.943+0000] {dagbag.py:538} INFO - Filling up the DagBag from /home/airflow/.local/lib/python3.7/site-packages/airflow/example_dags/tutorial.py
[2023-01-31T10:30:04.972+0000] {processor.py:753} INFO - DAG(s) dict_keys(['tutorial']) retrieved from /home/airflow/.local/lib/python3.7/site-packages/airflow/example_dags/tutorial.py
[2023-01-31T10:30:05.002+0000] {logging_mixin.py:137} INFO - [2023-01-31T10:30:05.002+0000] {dag.py:2690} INFO - Sync 1 DAGs
[2023-01-31T10:30:05.026+0000] {logging_mixin.py:137} INFO - [2023-01-31T10:30:05.026+0000] {dag.py:3441} INFO - Setting next_dagrun for tutorial to 2023-01-30T10:30:05.026439+00:00, run_after=2023-01-31T10:30:05.026439+00:00
[2023-01-31T10:30:05.085+0000] {processor.py:175} INFO - Processing /home/airflow/.local/lib/python3.7/site-packages/airflow/example_dags/tutorial.py took 0.151 seconds
[2023-01-31T10:30:36.041+0000] {processor.py:153} INFO - Started process (PID=2481) to work on /home/airflow/.local/lib/python3.7/site-packages/airflow/example_dags/tutorial.py
[2023-01-31T10:30:36.044+0000] {processor.py:743} INFO - Processing file /home/airflow/.local/lib/python3.7/site-packages/airflow/example_dags/tutorial.py for tasks to queue
[2023-01-31T10:30:36.047+0000] {logging_mixin.py:137} INFO - [2023-01-31T10:30:36.047+0000] {dagbag.py:538} INFO - Filling up the DagBag from /home/airflow/.local/lib/python3.7/site-packages/airflow/example_dags/tutorial.py
[2023-01-31T10:30:36.068+0000] {processor.py:753} INFO - DAG(s) dict_keys(['tutorial']) retrieved from /home/airflow/.local/lib/python3.7/site-packages/airflow/example_dags/tutorial.py
[2023-01-31T10:30:36.128+0000] {logging_mixin.py:137} INFO - [2023-01-31T10:30:36.128+0000] {dag.py:2690} INFO - Sync 1 DAGs
[2023-01-31T10:30:36.154+0000] {logging_mixin.py:137} INFO - [2023-01-31T10:30:36.154+0000] {dag.py:3441} INFO - Setting next_dagrun for tutorial to 2023-01-30T10:30:36.153934+00:00, run_after=2023-01-31T10:30:36.153934+00:00
[2023-01-31T10:30:36.172+0000] {processor.py:175} INFO - Processing /home/airflow/.local/lib/python3.7/site-packages/airflow/example_dags/tutorial.py took 0.134 seconds
[2023-01-31T10:31:06.357+0000] {processor.py:153} INFO - Started process (PID=2559) to work on /home/airflow/.local/lib/python3.7/site-packages/airflow/example_dags/tutorial.py
[2023-01-31T10:31:06.360+0000] {processor.py:743} INFO - Processing file /home/airflow/.local/lib/python3.7/site-packages/airflow/example_dags/tutorial.py for tasks to queue
[2023-01-31T10:31:06.364+0000] {logging_mixin.py:137} INFO - [2023-01-31T10:31:06.364+0000] {dagbag.py:538} INFO - Filling up the DagBag from /home/airflow/.local/lib/python3.7/site-packages/airflow/example_dags/tutorial.py
[2023-01-31T10:31:06.385+0000] {processor.py:753} INFO - DAG(s) dict_keys(['tutorial']) retrieved from /home/airflow/.local/lib/python3.7/site-packages/airflow/example_dags/tutorial.py
[2023-01-31T10:31:06.408+0000] {logging_mixin.py:137} INFO - [2023-01-31T10:31:06.407+0000] {dag.py:2690} INFO - Sync 1 DAGs
[2023-01-31T10:31:06.425+0000] {logging_mixin.py:137} INFO - [2023-01-31T10:31:06.425+0000] {dag.py:3441} INFO - Setting next_dagrun for tutorial to 2023-01-30T10:31:06.425284+00:00, run_after=2023-01-31T10:31:06.425284+00:00
[2023-01-31T10:31:06.482+0000] {processor.py:175} INFO - Processing /home/airflow/.local/lib/python3.7/site-packages/airflow/example_dags/tutorial.py took 0.129 seconds
[2023-01-31T10:31:37.587+0000] {processor.py:153} INFO - Started process (PID=2652) to work on /home/airflow/.local/lib/python3.7/site-packages/airflow/example_dags/tutorial.py
[2023-01-31T10:31:37.588+0000] {processor.py:743} INFO - Processing file /home/airflow/.local/lib/python3.7/site-packages/airflow/example_dags/tutorial.py for tasks to queue
[2023-01-31T10:31:37.590+0000] {logging_mixin.py:137} INFO - [2023-01-31T10:31:37.589+0000] {dagbag.py:538} INFO - Filling up the DagBag from /home/airflow/.local/lib/python3.7/site-packages/airflow/example_dags/tutorial.py
[2023-01-31T10:31:37.602+0000] {processor.py:753} INFO - DAG(s) dict_keys(['tutorial']) retrieved from /home/airflow/.local/lib/python3.7/site-packages/airflow/example_dags/tutorial.py
[2023-01-31T10:31:37.629+0000] {logging_mixin.py:137} INFO - [2023-01-31T10:31:37.629+0000] {dag.py:2690} INFO - Sync 1 DAGs
[2023-01-31T10:31:37.655+0000] {logging_mixin.py:137} INFO - [2023-01-31T10:31:37.655+0000] {dag.py:3441} INFO - Setting next_dagrun for tutorial to 2023-01-30T10:31:37.655008+00:00, run_after=2023-01-31T10:31:37.655008+00:00
[2023-01-31T10:31:37.676+0000] {processor.py:175} INFO - Processing /home/airflow/.local/lib/python3.7/site-packages/airflow/example_dags/tutorial.py took 0.093 seconds
[2023-01-31T10:32:07.803+0000] {processor.py:153} INFO - Started process (PID=2731) to work on /home/airflow/.local/lib/python3.7/site-packages/airflow/example_dags/tutorial.py
[2023-01-31T10:32:07.806+0000] {processor.py:743} INFO - Processing file /home/airflow/.local/lib/python3.7/site-packages/airflow/example_dags/tutorial.py for tasks to queue
[2023-01-31T10:32:07.807+0000] {logging_mixin.py:137} INFO - [2023-01-31T10:32:07.807+0000] {dagbag.py:538} INFO - Filling up the DagBag from /home/airflow/.local/lib/python3.7/site-packages/airflow/example_dags/tutorial.py
[2023-01-31T10:32:07.818+0000] {processor.py:753} INFO - DAG(s) dict_keys(['tutorial']) retrieved from /home/airflow/.local/lib/python3.7/site-packages/airflow/example_dags/tutorial.py
[2023-01-31T10:32:07.839+0000] {logging_mixin.py:137} INFO - [2023-01-31T10:32:07.839+0000] {dag.py:2690} INFO - Sync 1 DAGs
[2023-01-31T10:32:07.859+0000] {logging_mixin.py:137} INFO - [2023-01-31T10:32:07.859+0000] {dag.py:3441} INFO - Setting next_dagrun for tutorial to 2023-01-30T10:32:07.858952+00:00, run_after=2023-01-31T10:32:07.858952+00:00
[2023-01-31T10:32:07.880+0000] {processor.py:175} INFO - Processing /home/airflow/.local/lib/python3.7/site-packages/airflow/example_dags/tutorial.py took 0.080 seconds
[2023-01-31T10:32:38.753+0000] {processor.py:153} INFO - Started process (PID=2810) to work on /home/airflow/.local/lib/python3.7/site-packages/airflow/example_dags/tutorial.py
[2023-01-31T10:32:38.754+0000] {processor.py:743} INFO - Processing file /home/airflow/.local/lib/python3.7/site-packages/airflow/example_dags/tutorial.py for tasks to queue
[2023-01-31T10:32:38.755+0000] {logging_mixin.py:137} INFO - [2023-01-31T10:32:38.755+0000] {dagbag.py:538} INFO - Filling up the DagBag from /home/airflow/.local/lib/python3.7/site-packages/airflow/example_dags/tutorial.py
[2023-01-31T10:32:38.767+0000] {processor.py:753} INFO - DAG(s) dict_keys(['tutorial']) retrieved from /home/airflow/.local/lib/python3.7/site-packages/airflow/example_dags/tutorial.py
[2023-01-31T10:32:38.790+0000] {logging_mixin.py:137} INFO - [2023-01-31T10:32:38.790+0000] {dag.py:2690} INFO - Sync 1 DAGs
[2023-01-31T10:32:38.813+0000] {logging_mixin.py:137} INFO - [2023-01-31T10:32:38.813+0000] {dag.py:3441} INFO - Setting next_dagrun for tutorial to 2023-01-30T10:32:38.812904+00:00, run_after=2023-01-31T10:32:38.812904+00:00
[2023-01-31T10:32:38.842+0000] {processor.py:175} INFO - Processing /home/airflow/.local/lib/python3.7/site-packages/airflow/example_dags/tutorial.py took 0.093 seconds
[2023-01-31T10:33:09.487+0000] {processor.py:153} INFO - Started process (PID=2905) to work on /home/airflow/.local/lib/python3.7/site-packages/airflow/example_dags/tutorial.py
[2023-01-31T10:33:09.489+0000] {processor.py:743} INFO - Processing file /home/airflow/.local/lib/python3.7/site-packages/airflow/example_dags/tutorial.py for tasks to queue
[2023-01-31T10:33:09.490+0000] {logging_mixin.py:137} INFO - [2023-01-31T10:33:09.490+0000] {dagbag.py:538} INFO - Filling up the DagBag from /home/airflow/.local/lib/python3.7/site-packages/airflow/example_dags/tutorial.py
[2023-01-31T10:33:09.501+0000] {processor.py:753} INFO - DAG(s) dict_keys(['tutorial']) retrieved from /home/airflow/.local/lib/python3.7/site-packages/airflow/example_dags/tutorial.py
[2023-01-31T10:33:09.522+0000] {logging_mixin.py:137} INFO - [2023-01-31T10:33:09.522+0000] {dag.py:2690} INFO - Sync 1 DAGs
[2023-01-31T10:33:09.555+0000] {logging_mixin.py:137} INFO - [2023-01-31T10:33:09.555+0000] {dag.py:3441} INFO - Setting next_dagrun for tutorial to 2023-01-30T10:33:09.554990+00:00, run_after=2023-01-31T10:33:09.554990+00:00
[2023-01-31T10:33:09.584+0000] {processor.py:175} INFO - Processing /home/airflow/.local/lib/python3.7/site-packages/airflow/example_dags/tutorial.py took 0.099 seconds
[2023-01-31T10:33:40.833+0000] {processor.py:153} INFO - Started process (PID=2984) to work on /home/airflow/.local/lib/python3.7/site-packages/airflow/example_dags/tutorial.py
[2023-01-31T10:33:40.835+0000] {processor.py:743} INFO - Processing file /home/airflow/.local/lib/python3.7/site-packages/airflow/example_dags/tutorial.py for tasks to queue
[2023-01-31T10:33:40.838+0000] {logging_mixin.py:137} INFO - [2023-01-31T10:33:40.838+0000] {dagbag.py:538} INFO - Filling up the DagBag from /home/airflow/.local/lib/python3.7/site-packages/airflow/example_dags/tutorial.py
[2023-01-31T10:33:40.852+0000] {processor.py:753} INFO - DAG(s) dict_keys(['tutorial']) retrieved from /home/airflow/.local/lib/python3.7/site-packages/airflow/example_dags/tutorial.py
[2023-01-31T10:33:40.893+0000] {logging_mixin.py:137} INFO - [2023-01-31T10:33:40.893+0000] {dag.py:2690} INFO - Sync 1 DAGs
[2023-01-31T10:33:40.919+0000] {logging_mixin.py:137} INFO - [2023-01-31T10:33:40.918+0000] {dag.py:3441} INFO - Setting next_dagrun for tutorial to 2023-01-30T10:33:40.918234+00:00, run_after=2023-01-31T10:33:40.918234+00:00
[2023-01-31T10:33:40.993+0000] {processor.py:175} INFO - Processing /home/airflow/.local/lib/python3.7/site-packages/airflow/example_dags/tutorial.py took 0.164 seconds
[2023-01-31T10:34:11.400+0000] {processor.py:153} INFO - Started process (PID=3072) to work on /home/airflow/.local/lib/python3.7/site-packages/airflow/example_dags/tutorial.py
[2023-01-31T10:34:11.408+0000] {processor.py:743} INFO - Processing file /home/airflow/.local/lib/python3.7/site-packages/airflow/example_dags/tutorial.py for tasks to queue
[2023-01-31T10:34:11.411+0000] {logging_mixin.py:137} INFO - [2023-01-31T10:34:11.411+0000] {dagbag.py:538} INFO - Filling up the DagBag from /home/airflow/.local/lib/python3.7/site-packages/airflow/example_dags/tutorial.py
[2023-01-31T10:34:11.426+0000] {processor.py:753} INFO - DAG(s) dict_keys(['tutorial']) retrieved from /home/airflow/.local/lib/python3.7/site-packages/airflow/example_dags/tutorial.py
[2023-01-31T10:34:11.465+0000] {logging_mixin.py:137} INFO - [2023-01-31T10:34:11.465+0000] {dag.py:2690} INFO - Sync 1 DAGs
[2023-01-31T10:34:11.504+0000] {logging_mixin.py:137} INFO - [2023-01-31T10:34:11.504+0000] {dag.py:3441} INFO - Setting next_dagrun for tutorial to 2023-01-30T10:34:11.503346+00:00, run_after=2023-01-31T10:34:11.503346+00:00
[2023-01-31T10:34:11.537+0000] {processor.py:175} INFO - Processing /home/airflow/.local/lib/python3.7/site-packages/airflow/example_dags/tutorial.py took 0.140 seconds
[2023-01-31T10:34:42.373+0000] {processor.py:153} INFO - Started process (PID=3158) to work on /home/airflow/.local/lib/python3.7/site-packages/airflow/example_dags/tutorial.py
[2023-01-31T10:34:42.398+0000] {processor.py:743} INFO - Processing file /home/airflow/.local/lib/python3.7/site-packages/airflow/example_dags/tutorial.py for tasks to queue
[2023-01-31T10:34:42.405+0000] {logging_mixin.py:137} INFO - [2023-01-31T10:34:42.405+0000] {dagbag.py:538} INFO - Filling up the DagBag from /home/airflow/.local/lib/python3.7/site-packages/airflow/example_dags/tutorial.py
[2023-01-31T10:34:42.517+0000] {processor.py:753} INFO - DAG(s) dict_keys(['tutorial']) retrieved from /home/airflow/.local/lib/python3.7/site-packages/airflow/example_dags/tutorial.py
[2023-01-31T10:34:42.669+0000] {logging_mixin.py:137} INFO - [2023-01-31T10:34:42.669+0000] {dag.py:2690} INFO - Sync 1 DAGs
[2023-01-31T10:34:42.700+0000] {logging_mixin.py:137} INFO - [2023-01-31T10:34:42.700+0000] {dag.py:3441} INFO - Setting next_dagrun for tutorial to 2023-01-30T10:34:42.699963+00:00, run_after=2023-01-31T10:34:42.699963+00:00
[2023-01-31T10:34:42.743+0000] {processor.py:175} INFO - Processing /home/airflow/.local/lib/python3.7/site-packages/airflow/example_dags/tutorial.py took 0.374 seconds
[2023-01-31T10:35:12.829+0000] {processor.py:153} INFO - Started process (PID=3242) to work on /home/airflow/.local/lib/python3.7/site-packages/airflow/example_dags/tutorial.py
[2023-01-31T10:35:12.831+0000] {processor.py:743} INFO - Processing file /home/airflow/.local/lib/python3.7/site-packages/airflow/example_dags/tutorial.py for tasks to queue
[2023-01-31T10:35:12.833+0000] {logging_mixin.py:137} INFO - [2023-01-31T10:35:12.833+0000] {dagbag.py:538} INFO - Filling up the DagBag from /home/airflow/.local/lib/python3.7/site-packages/airflow/example_dags/tutorial.py
[2023-01-31T10:35:12.856+0000] {processor.py:753} INFO - DAG(s) dict_keys(['tutorial']) retrieved from /home/airflow/.local/lib/python3.7/site-packages/airflow/example_dags/tutorial.py
[2023-01-31T10:35:12.931+0000] {logging_mixin.py:137} INFO - [2023-01-31T10:35:12.931+0000] {dag.py:2690} INFO - Sync 1 DAGs
[2023-01-31T10:35:12.961+0000] {logging_mixin.py:137} INFO - [2023-01-31T10:35:12.961+0000] {dag.py:3441} INFO - Setting next_dagrun for tutorial to 2023-01-30T10:35:12.961032+00:00, run_after=2023-01-31T10:35:12.961032+00:00
[2023-01-31T10:35:12.988+0000] {processor.py:175} INFO - Processing /home/airflow/.local/lib/python3.7/site-packages/airflow/example_dags/tutorial.py took 0.164 seconds
[2023-01-31T10:35:43.833+0000] {processor.py:153} INFO - Started process (PID=3321) to work on /home/airflow/.local/lib/python3.7/site-packages/airflow/example_dags/tutorial.py
[2023-01-31T10:35:43.835+0000] {processor.py:743} INFO - Processing file /home/airflow/.local/lib/python3.7/site-packages/airflow/example_dags/tutorial.py for tasks to queue
[2023-01-31T10:35:43.838+0000] {logging_mixin.py:137} INFO - [2023-01-31T10:35:43.837+0000] {dagbag.py:538} INFO - Filling up the DagBag from /home/airflow/.local/lib/python3.7/site-packages/airflow/example_dags/tutorial.py
[2023-01-31T10:35:43.852+0000] {processor.py:753} INFO - DAG(s) dict_keys(['tutorial']) retrieved from /home/airflow/.local/lib/python3.7/site-packages/airflow/example_dags/tutorial.py
[2023-01-31T10:35:43.893+0000] {logging_mixin.py:137} INFO - [2023-01-31T10:35:43.893+0000] {dag.py:2690} INFO - Sync 1 DAGs
[2023-01-31T10:35:43.913+0000] {logging_mixin.py:137} INFO - [2023-01-31T10:35:43.913+0000] {dag.py:3441} INFO - Setting next_dagrun for tutorial to 2023-01-30T10:35:43.913129+00:00, run_after=2023-01-31T10:35:43.913129+00:00
[2023-01-31T10:35:43.938+0000] {processor.py:175} INFO - Processing /home/airflow/.local/lib/python3.7/site-packages/airflow/example_dags/tutorial.py took 0.110 seconds
[2023-01-31T10:36:15.453+0000] {processor.py:153} INFO - Started process (PID=3400) to work on /home/airflow/.local/lib/python3.7/site-packages/airflow/example_dags/tutorial.py
[2023-01-31T10:36:15.456+0000] {processor.py:743} INFO - Processing file /home/airflow/.local/lib/python3.7/site-packages/airflow/example_dags/tutorial.py for tasks to queue
[2023-01-31T10:36:15.458+0000] {logging_mixin.py:137} INFO - [2023-01-31T10:36:15.458+0000] {dagbag.py:538} INFO - Filling up the DagBag from /home/airflow/.local/lib/python3.7/site-packages/airflow/example_dags/tutorial.py
[2023-01-31T10:36:15.471+0000] {processor.py:753} INFO - DAG(s) dict_keys(['tutorial']) retrieved from /home/airflow/.local/lib/python3.7/site-packages/airflow/example_dags/tutorial.py
[2023-01-31T10:36:15.495+0000] {logging_mixin.py:137} INFO - [2023-01-31T10:36:15.495+0000] {dag.py:2690} INFO - Sync 1 DAGs
[2023-01-31T10:36:15.512+0000] {logging_mixin.py:137} INFO - [2023-01-31T10:36:15.512+0000] {dag.py:3441} INFO - Setting next_dagrun for tutorial to 2023-01-30T10:36:15.512126+00:00, run_after=2023-01-31T10:36:15.512126+00:00
[2023-01-31T10:36:15.526+0000] {processor.py:175} INFO - Processing /home/airflow/.local/lib/python3.7/site-packages/airflow/example_dags/tutorial.py took 0.076 seconds
[2023-01-31T10:36:47.045+0000] {processor.py:153} INFO - Started process (PID=3483) to work on /home/airflow/.local/lib/python3.7/site-packages/airflow/example_dags/tutorial.py
[2023-01-31T10:36:47.050+0000] {processor.py:743} INFO - Processing file /home/airflow/.local/lib/python3.7/site-packages/airflow/example_dags/tutorial.py for tasks to queue
[2023-01-31T10:36:47.063+0000] {logging_mixin.py:137} INFO - [2023-01-31T10:36:47.062+0000] {dagbag.py:538} INFO - Filling up the DagBag from /home/airflow/.local/lib/python3.7/site-packages/airflow/example_dags/tutorial.py
[2023-01-31T10:36:47.105+0000] {processor.py:753} INFO - DAG(s) dict_keys(['tutorial']) retrieved from /home/airflow/.local/lib/python3.7/site-packages/airflow/example_dags/tutorial.py
[2023-01-31T10:36:47.214+0000] {logging_mixin.py:137} INFO - [2023-01-31T10:36:47.214+0000] {dag.py:2690} INFO - Sync 1 DAGs
[2023-01-31T10:36:47.276+0000] {logging_mixin.py:137} INFO - [2023-01-31T10:36:47.275+0000] {dag.py:3441} INFO - Setting next_dagrun for tutorial to 2023-01-30T10:36:47.275392+00:00, run_after=2023-01-31T10:36:47.275392+00:00
[2023-01-31T10:36:47.382+0000] {processor.py:175} INFO - Processing /home/airflow/.local/lib/python3.7/site-packages/airflow/example_dags/tutorial.py took 0.348 seconds
[2023-01-31T10:37:20.519+0000] {processor.py:153} INFO - Started process (PID=3563) to work on /home/airflow/.local/lib/python3.7/site-packages/airflow/example_dags/tutorial.py
[2023-01-31T10:37:20.522+0000] {processor.py:743} INFO - Processing file /home/airflow/.local/lib/python3.7/site-packages/airflow/example_dags/tutorial.py for tasks to queue
[2023-01-31T10:37:20.524+0000] {logging_mixin.py:137} INFO - [2023-01-31T10:37:20.524+0000] {dagbag.py:538} INFO - Filling up the DagBag from /home/airflow/.local/lib/python3.7/site-packages/airflow/example_dags/tutorial.py
[2023-01-31T10:37:20.540+0000] {processor.py:753} INFO - DAG(s) dict_keys(['tutorial']) retrieved from /home/airflow/.local/lib/python3.7/site-packages/airflow/example_dags/tutorial.py
[2023-01-31T10:37:20.569+0000] {logging_mixin.py:137} INFO - [2023-01-31T10:37:20.569+0000] {dag.py:2690} INFO - Sync 1 DAGs
[2023-01-31T10:37:20.600+0000] {logging_mixin.py:137} INFO - [2023-01-31T10:37:20.600+0000] {dag.py:3441} INFO - Setting next_dagrun for tutorial to 2023-01-30T10:37:20.600524+00:00, run_after=2023-01-31T10:37:20.600524+00:00
[2023-01-31T10:37:20.619+0000] {processor.py:175} INFO - Processing /home/airflow/.local/lib/python3.7/site-packages/airflow/example_dags/tutorial.py took 0.103 seconds
[2023-01-31T10:37:52.897+0000] {processor.py:153} INFO - Started process (PID=3658) to work on /home/airflow/.local/lib/python3.7/site-packages/airflow/example_dags/tutorial.py
[2023-01-31T10:37:52.899+0000] {processor.py:743} INFO - Processing file /home/airflow/.local/lib/python3.7/site-packages/airflow/example_dags/tutorial.py for tasks to queue
[2023-01-31T10:37:52.900+0000] {logging_mixin.py:137} INFO - [2023-01-31T10:37:52.900+0000] {dagbag.py:538} INFO - Filling up the DagBag from /home/airflow/.local/lib/python3.7/site-packages/airflow/example_dags/tutorial.py
[2023-01-31T10:37:52.921+0000] {processor.py:753} INFO - DAG(s) dict_keys(['tutorial']) retrieved from /home/airflow/.local/lib/python3.7/site-packages/airflow/example_dags/tutorial.py
[2023-01-31T10:37:52.988+0000] {logging_mixin.py:137} INFO - [2023-01-31T10:37:52.988+0000] {dag.py:2690} INFO - Sync 1 DAGs
[2023-01-31T10:37:53.026+0000] {logging_mixin.py:137} INFO - [2023-01-31T10:37:53.025+0000] {dag.py:3441} INFO - Setting next_dagrun for tutorial to 2023-01-30T10:37:53.025566+00:00, run_after=2023-01-31T10:37:53.025566+00:00
[2023-01-31T10:37:53.083+0000] {processor.py:175} INFO - Processing /home/airflow/.local/lib/python3.7/site-packages/airflow/example_dags/tutorial.py took 0.190 seconds
[2023-01-31T10:38:24.107+0000] {processor.py:153} INFO - Started process (PID=3737) to work on /home/airflow/.local/lib/python3.7/site-packages/airflow/example_dags/tutorial.py
[2023-01-31T10:38:24.109+0000] {processor.py:743} INFO - Processing file /home/airflow/.local/lib/python3.7/site-packages/airflow/example_dags/tutorial.py for tasks to queue
[2023-01-31T10:38:24.111+0000] {logging_mixin.py:137} INFO - [2023-01-31T10:38:24.111+0000] {dagbag.py:538} INFO - Filling up the DagBag from /home/airflow/.local/lib/python3.7/site-packages/airflow/example_dags/tutorial.py
[2023-01-31T10:38:24.129+0000] {processor.py:753} INFO - DAG(s) dict_keys(['tutorial']) retrieved from /home/airflow/.local/lib/python3.7/site-packages/airflow/example_dags/tutorial.py
[2023-01-31T10:38:24.162+0000] {logging_mixin.py:137} INFO - [2023-01-31T10:38:24.161+0000] {dag.py:2690} INFO - Sync 1 DAGs
[2023-01-31T10:38:24.207+0000] {logging_mixin.py:137} INFO - [2023-01-31T10:38:24.207+0000] {dag.py:3441} INFO - Setting next_dagrun for tutorial to 2023-01-30T10:38:24.207047+00:00, run_after=2023-01-31T10:38:24.207047+00:00
[2023-01-31T10:38:24.227+0000] {processor.py:175} INFO - Processing /home/airflow/.local/lib/python3.7/site-packages/airflow/example_dags/tutorial.py took 0.124 seconds
[2023-01-31T10:38:54.307+0000] {processor.py:153} INFO - Started process (PID=3820) to work on /home/airflow/.local/lib/python3.7/site-packages/airflow/example_dags/tutorial.py
[2023-01-31T10:38:54.309+0000] {processor.py:743} INFO - Processing file /home/airflow/.local/lib/python3.7/site-packages/airflow/example_dags/tutorial.py for tasks to queue
[2023-01-31T10:38:54.310+0000] {logging_mixin.py:137} INFO - [2023-01-31T10:38:54.310+0000] {dagbag.py:538} INFO - Filling up the DagBag from /home/airflow/.local/lib/python3.7/site-packages/airflow/example_dags/tutorial.py
[2023-01-31T10:38:54.325+0000] {processor.py:753} INFO - DAG(s) dict_keys(['tutorial']) retrieved from /home/airflow/.local/lib/python3.7/site-packages/airflow/example_dags/tutorial.py
[2023-01-31T10:38:54.350+0000] {logging_mixin.py:137} INFO - [2023-01-31T10:38:54.350+0000] {dag.py:2690} INFO - Sync 1 DAGs
[2023-01-31T10:38:54.370+0000] {logging_mixin.py:137} INFO - [2023-01-31T10:38:54.370+0000] {dag.py:3441} INFO - Setting next_dagrun for tutorial to 2023-01-30T10:38:54.370438+00:00, run_after=2023-01-31T10:38:54.370438+00:00
[2023-01-31T10:38:54.387+0000] {processor.py:175} INFO - Processing /home/airflow/.local/lib/python3.7/site-packages/airflow/example_dags/tutorial.py took 0.084 seconds
[2023-01-31T10:39:24.987+0000] {processor.py:153} INFO - Started process (PID=3898) to work on /home/airflow/.local/lib/python3.7/site-packages/airflow/example_dags/tutorial.py
[2023-01-31T10:39:24.989+0000] {processor.py:743} INFO - Processing file /home/airflow/.local/lib/python3.7/site-packages/airflow/example_dags/tutorial.py for tasks to queue
[2023-01-31T10:39:24.990+0000] {logging_mixin.py:137} INFO - [2023-01-31T10:39:24.990+0000] {dagbag.py:538} INFO - Filling up the DagBag from /home/airflow/.local/lib/python3.7/site-packages/airflow/example_dags/tutorial.py
[2023-01-31T10:39:25.003+0000] {processor.py:753} INFO - DAG(s) dict_keys(['tutorial']) retrieved from /home/airflow/.local/lib/python3.7/site-packages/airflow/example_dags/tutorial.py
[2023-01-31T10:39:25.025+0000] {logging_mixin.py:137} INFO - [2023-01-31T10:39:25.024+0000] {dag.py:2690} INFO - Sync 1 DAGs
[2023-01-31T10:39:25.044+0000] {logging_mixin.py:137} INFO - [2023-01-31T10:39:25.044+0000] {dag.py:3441} INFO - Setting next_dagrun for tutorial to 2023-01-30T10:39:25.044366+00:00, run_after=2023-01-31T10:39:25.044366+00:00
[2023-01-31T10:39:25.058+0000] {processor.py:175} INFO - Processing /home/airflow/.local/lib/python3.7/site-packages/airflow/example_dags/tutorial.py took 0.074 seconds
[2023-01-31T10:39:55.359+0000] {processor.py:153} INFO - Started process (PID=3977) to work on /home/airflow/.local/lib/python3.7/site-packages/airflow/example_dags/tutorial.py
[2023-01-31T10:39:55.361+0000] {processor.py:743} INFO - Processing file /home/airflow/.local/lib/python3.7/site-packages/airflow/example_dags/tutorial.py for tasks to queue
[2023-01-31T10:39:55.363+0000] {logging_mixin.py:137} INFO - [2023-01-31T10:39:55.363+0000] {dagbag.py:538} INFO - Filling up the DagBag from /home/airflow/.local/lib/python3.7/site-packages/airflow/example_dags/tutorial.py
[2023-01-31T10:39:55.381+0000] {processor.py:753} INFO - DAG(s) dict_keys(['tutorial']) retrieved from /home/airflow/.local/lib/python3.7/site-packages/airflow/example_dags/tutorial.py
[2023-01-31T10:39:55.414+0000] {logging_mixin.py:137} INFO - [2023-01-31T10:39:55.414+0000] {dag.py:2690} INFO - Sync 1 DAGs
[2023-01-31T10:39:55.440+0000] {logging_mixin.py:137} INFO - [2023-01-31T10:39:55.440+0000] {dag.py:3441} INFO - Setting next_dagrun for tutorial to 2023-01-30T10:39:55.440544+00:00, run_after=2023-01-31T10:39:55.440544+00:00
[2023-01-31T10:39:55.457+0000] {processor.py:175} INFO - Processing /home/airflow/.local/lib/python3.7/site-packages/airflow/example_dags/tutorial.py took 0.103 seconds
[2023-01-31T10:40:25.493+0000] {processor.py:153} INFO - Started process (PID=4056) to work on /home/airflow/.local/lib/python3.7/site-packages/airflow/example_dags/tutorial.py
[2023-01-31T10:40:25.495+0000] {processor.py:743} INFO - Processing file /home/airflow/.local/lib/python3.7/site-packages/airflow/example_dags/tutorial.py for tasks to queue
[2023-01-31T10:40:25.496+0000] {logging_mixin.py:137} INFO - [2023-01-31T10:40:25.496+0000] {dagbag.py:538} INFO - Filling up the DagBag from /home/airflow/.local/lib/python3.7/site-packages/airflow/example_dags/tutorial.py
[2023-01-31T10:40:25.510+0000] {processor.py:753} INFO - DAG(s) dict_keys(['tutorial']) retrieved from /home/airflow/.local/lib/python3.7/site-packages/airflow/example_dags/tutorial.py
[2023-01-31T10:40:25.534+0000] {logging_mixin.py:137} INFO - [2023-01-31T10:40:25.533+0000] {dag.py:2690} INFO - Sync 1 DAGs
[2023-01-31T10:40:25.554+0000] {logging_mixin.py:137} INFO - [2023-01-31T10:40:25.554+0000] {dag.py:3441} INFO - Setting next_dagrun for tutorial to 2023-01-30T10:40:25.554108+00:00, run_after=2023-01-31T10:40:25.554108+00:00
[2023-01-31T10:40:25.574+0000] {processor.py:175} INFO - Processing /home/airflow/.local/lib/python3.7/site-packages/airflow/example_dags/tutorial.py took 0.084 seconds
[2023-01-31T10:40:57.016+0000] {processor.py:153} INFO - Started process (PID=4141) to work on /home/airflow/.local/lib/python3.7/site-packages/airflow/example_dags/tutorial.py
[2023-01-31T10:40:57.022+0000] {processor.py:743} INFO - Processing file /home/airflow/.local/lib/python3.7/site-packages/airflow/example_dags/tutorial.py for tasks to queue
[2023-01-31T10:40:57.030+0000] {logging_mixin.py:137} INFO - [2023-01-31T10:40:57.029+0000] {dagbag.py:538} INFO - Filling up the DagBag from /home/airflow/.local/lib/python3.7/site-packages/airflow/example_dags/tutorial.py
[2023-01-31T10:40:57.050+0000] {processor.py:753} INFO - DAG(s) dict_keys(['tutorial']) retrieved from /home/airflow/.local/lib/python3.7/site-packages/airflow/example_dags/tutorial.py
[2023-01-31T10:40:57.158+0000] {logging_mixin.py:137} INFO - [2023-01-31T10:40:57.158+0000] {dag.py:2690} INFO - Sync 1 DAGs
[2023-01-31T10:40:57.389+0000] {logging_mixin.py:137} INFO - [2023-01-31T10:40:57.389+0000] {dag.py:3441} INFO - Setting next_dagrun for tutorial to 2023-01-30T10:40:57.388607+00:00, run_after=2023-01-31T10:40:57.388607+00:00
[2023-01-31T10:40:57.425+0000] {processor.py:175} INFO - Processing /home/airflow/.local/lib/python3.7/site-packages/airflow/example_dags/tutorial.py took 0.413 seconds
[2023-01-31T10:41:27.523+0000] {processor.py:153} INFO - Started process (PID=4213) to work on /home/airflow/.local/lib/python3.7/site-packages/airflow/example_dags/tutorial.py
[2023-01-31T10:41:27.525+0000] {processor.py:743} INFO - Processing file /home/airflow/.local/lib/python3.7/site-packages/airflow/example_dags/tutorial.py for tasks to queue
[2023-01-31T10:41:27.526+0000] {logging_mixin.py:137} INFO - [2023-01-31T10:41:27.526+0000] {dagbag.py:538} INFO - Filling up the DagBag from /home/airflow/.local/lib/python3.7/site-packages/airflow/example_dags/tutorial.py
[2023-01-31T10:41:27.540+0000] {processor.py:753} INFO - DAG(s) dict_keys(['tutorial']) retrieved from /home/airflow/.local/lib/python3.7/site-packages/airflow/example_dags/tutorial.py
[2023-01-31T10:41:27.562+0000] {logging_mixin.py:137} INFO - [2023-01-31T10:41:27.562+0000] {dag.py:2690} INFO - Sync 1 DAGs
[2023-01-31T10:41:27.580+0000] {logging_mixin.py:137} INFO - [2023-01-31T10:41:27.580+0000] {dag.py:3441} INFO - Setting next_dagrun for tutorial to 2023-01-30T10:41:27.580276+00:00, run_after=2023-01-31T10:41:27.580276+00:00
[2023-01-31T10:41:27.595+0000] {processor.py:175} INFO - Processing /home/airflow/.local/lib/python3.7/site-packages/airflow/example_dags/tutorial.py took 0.074 seconds
[2023-01-31T10:42:02.449+0000] {processor.py:153} INFO - Started process (PID=4309) to work on /home/airflow/.local/lib/python3.7/site-packages/airflow/example_dags/tutorial.py
[2023-01-31T10:42:02.451+0000] {processor.py:743} INFO - Processing file /home/airflow/.local/lib/python3.7/site-packages/airflow/example_dags/tutorial.py for tasks to queue
[2023-01-31T10:42:02.454+0000] {logging_mixin.py:137} INFO - [2023-01-31T10:42:02.454+0000] {dagbag.py:538} INFO - Filling up the DagBag from /home/airflow/.local/lib/python3.7/site-packages/airflow/example_dags/tutorial.py
[2023-01-31T10:42:02.470+0000] {processor.py:753} INFO - DAG(s) dict_keys(['tutorial']) retrieved from /home/airflow/.local/lib/python3.7/site-packages/airflow/example_dags/tutorial.py
[2023-01-31T10:42:02.525+0000] {logging_mixin.py:137} INFO - [2023-01-31T10:42:02.525+0000] {dag.py:2690} INFO - Sync 1 DAGs
[2023-01-31T10:42:02.551+0000] {logging_mixin.py:137} INFO - [2023-01-31T10:42:02.551+0000] {dag.py:3441} INFO - Setting next_dagrun for tutorial to 2023-01-30T10:42:02.551396+00:00, run_after=2023-01-31T10:42:02.551396+00:00
[2023-01-31T10:42:02.572+0000] {processor.py:175} INFO - Processing /home/airflow/.local/lib/python3.7/site-packages/airflow/example_dags/tutorial.py took 0.127 seconds
[2023-01-31T10:42:36.128+0000] {processor.py:153} INFO - Started process (PID=4389) to work on /home/airflow/.local/lib/python3.7/site-packages/airflow/example_dags/tutorial.py
[2023-01-31T10:42:36.137+0000] {processor.py:743} INFO - Processing file /home/airflow/.local/lib/python3.7/site-packages/airflow/example_dags/tutorial.py for tasks to queue
[2023-01-31T10:42:36.141+0000] {logging_mixin.py:137} INFO - [2023-01-31T10:42:36.141+0000] {dagbag.py:538} INFO - Filling up the DagBag from /home/airflow/.local/lib/python3.7/site-packages/airflow/example_dags/tutorial.py
[2023-01-31T10:42:36.158+0000] {processor.py:753} INFO - DAG(s) dict_keys(['tutorial']) retrieved from /home/airflow/.local/lib/python3.7/site-packages/airflow/example_dags/tutorial.py
[2023-01-31T10:42:36.197+0000] {logging_mixin.py:137} INFO - [2023-01-31T10:42:36.197+0000] {dag.py:2690} INFO - Sync 1 DAGs
[2023-01-31T10:42:36.217+0000] {logging_mixin.py:137} INFO - [2023-01-31T10:42:36.217+0000] {dag.py:3441} INFO - Setting next_dagrun for tutorial to 2023-01-30T10:42:36.217406+00:00, run_after=2023-01-31T10:42:36.217406+00:00
[2023-01-31T10:42:36.232+0000] {processor.py:175} INFO - Processing /home/airflow/.local/lib/python3.7/site-packages/airflow/example_dags/tutorial.py took 0.108 seconds
[2023-01-31T10:43:11.594+0000] {processor.py:153} INFO - Started process (PID=4489) to work on /home/airflow/.local/lib/python3.7/site-packages/airflow/example_dags/tutorial.py
[2023-01-31T10:43:11.597+0000] {processor.py:743} INFO - Processing file /home/airflow/.local/lib/python3.7/site-packages/airflow/example_dags/tutorial.py for tasks to queue
[2023-01-31T10:43:11.600+0000] {logging_mixin.py:137} INFO - [2023-01-31T10:43:11.599+0000] {dagbag.py:538} INFO - Filling up the DagBag from /home/airflow/.local/lib/python3.7/site-packages/airflow/example_dags/tutorial.py
[2023-01-31T10:43:11.635+0000] {processor.py:753} INFO - DAG(s) dict_keys(['tutorial']) retrieved from /home/airflow/.local/lib/python3.7/site-packages/airflow/example_dags/tutorial.py
[2023-01-31T10:43:11.729+0000] {logging_mixin.py:137} INFO - [2023-01-31T10:43:11.729+0000] {dag.py:2690} INFO - Sync 1 DAGs
[2023-01-31T10:43:11.752+0000] {logging_mixin.py:137} INFO - [2023-01-31T10:43:11.752+0000] {dag.py:3441} INFO - Setting next_dagrun for tutorial to 2023-01-30T10:43:11.751632+00:00, run_after=2023-01-31T10:43:11.751632+00:00
[2023-01-31T10:43:11.814+0000] {processor.py:175} INFO - Processing /home/airflow/.local/lib/python3.7/site-packages/airflow/example_dags/tutorial.py took 0.227 seconds
[2023-01-31T10:43:42.568+0000] {processor.py:153} INFO - Started process (PID=4567) to work on /home/airflow/.local/lib/python3.7/site-packages/airflow/example_dags/tutorial.py
[2023-01-31T10:43:42.572+0000] {processor.py:743} INFO - Processing file /home/airflow/.local/lib/python3.7/site-packages/airflow/example_dags/tutorial.py for tasks to queue
[2023-01-31T10:43:42.574+0000] {logging_mixin.py:137} INFO - [2023-01-31T10:43:42.574+0000] {dagbag.py:538} INFO - Filling up the DagBag from /home/airflow/.local/lib/python3.7/site-packages/airflow/example_dags/tutorial.py
[2023-01-31T10:43:42.610+0000] {processor.py:753} INFO - DAG(s) dict_keys(['tutorial']) retrieved from /home/airflow/.local/lib/python3.7/site-packages/airflow/example_dags/tutorial.py
[2023-01-31T10:43:42.680+0000] {logging_mixin.py:137} INFO - [2023-01-31T10:43:42.680+0000] {dag.py:2690} INFO - Sync 1 DAGs
[2023-01-31T10:43:42.735+0000] {logging_mixin.py:137} INFO - [2023-01-31T10:43:42.735+0000] {dag.py:3441} INFO - Setting next_dagrun for tutorial to 2023-01-30T10:43:42.712483+00:00, run_after=2023-01-31T10:43:42.712483+00:00
[2023-01-31T10:43:42.847+0000] {processor.py:175} INFO - Processing /home/airflow/.local/lib/python3.7/site-packages/airflow/example_dags/tutorial.py took 0.283 seconds
