[2023-01-31T10:24:42.123+0000] {taskinstance.py:1083} INFO - Dependencies all met for <TaskInstance: assignment_medium.read_data manual__2023-01-31T10:24:36.835854+00:00 [queued]>
[2023-01-31T10:24:42.139+0000] {taskinstance.py:1083} INFO - Dependencies all met for <TaskInstance: assignment_medium.read_data manual__2023-01-31T10:24:36.835854+00:00 [queued]>
[2023-01-31T10:24:42.141+0000] {taskinstance.py:1279} INFO - 
--------------------------------------------------------------------------------
[2023-01-31T10:24:42.142+0000] {taskinstance.py:1280} INFO - Starting attempt 1 of 1
[2023-01-31T10:24:42.143+0000] {taskinstance.py:1281} INFO - 
--------------------------------------------------------------------------------
[2023-01-31T10:24:42.158+0000] {taskinstance.py:1300} INFO - Executing <Task(_PythonDecoratedOperator): read_data> on 2023-01-31 10:24:36.835854+00:00
[2023-01-31T10:24:42.175+0000] {standard_task_runner.py:55} INFO - Started process 710 to run task
[2023-01-31T10:24:42.190+0000] {standard_task_runner.py:82} INFO - Running: ['***', 'tasks', 'run', 'assignment_medium', 'read_data', 'manual__2023-01-31T10:24:36.835854+00:00', '--job-id', '47', '--raw', '--subdir', 'DAGS_FOLDER/assignment_medium.py', '--cfg-path', '/tmp/tmpxl_sixl_']
[2023-01-31T10:24:42.194+0000] {standard_task_runner.py:83} INFO - Job 47: Subtask read_data
[2023-01-31T10:24:42.436+0000] {task_command.py:388} INFO - Running <TaskInstance: assignment_medium.read_data manual__2023-01-31T10:24:36.835854+00:00 [running]> on host 2ee7bc173f76
[2023-01-31T10:24:42.658+0000] {taskinstance.py:1509} INFO - Exporting the following env vars:
AIRFLOW_CTX_DAG_OWNER=***
AIRFLOW_CTX_DAG_ID=assignment_medium
AIRFLOW_CTX_TASK_ID=read_data
AIRFLOW_CTX_EXECUTION_DATE=2023-01-31T10:24:36.835854+00:00
AIRFLOW_CTX_TRY_NUMBER=1
AIRFLOW_CTX_DAG_RUN_ID=manual__2023-01-31T10:24:36.835854+00:00
[2023-01-31T10:24:42.985+0000] {logging_mixin.py:137} INFO - {"bestMatches": [{"1. symbol": "NNND.FRK", "2. name": "Tencent Holdings Ltd", "3. type": "Equity", "4. region": "Frankfurt", "5. marketOpen": "08:00", "6. marketClose": "20:00", "7. timezone": "UTC+02", "8. currency": "EUR", "9. matchScore": "0.5185"}, {"1. symbol": "TCEHY", "2. name": "Tencent Holdings Ltd", "3. type": "Equity", "4. region": "United States", "5. marketOpen": "09:30", "6. marketClose": "16:00", "7. timezone": "UTC-04", "8. currency": "USD", "9. matchScore": "0.5185"}, {"1. symbol": "TCTZF", "2. name": "Tencent Holdings Ltd", "3. type": "Equity", "4. region": "United States", "5. marketOpen": "09:30", "6. marketClose": "16:00", "7. timezone": "UTC-04", "8. currency": "USD", "9. matchScore": "0.5185"}, {"1. symbol": "NNN1.FRK", "2. name": "Tencent Holdings Ltd ADR", "3. type": "Equity", "4. region": "Frankfurt", "5. marketOpen": "08:00", "6. marketClose": "20:00", "7. timezone": "UTC+02", "8. currency": "EUR", "9. matchScore": "0.4516"}, {"1. symbol": "TME", "2. name": "Tencent Music Entertainment Group", "3. type": "Equity", "4. region": "United States", "5. marketOpen": "09:30", "6. marketClose": "16:00", "7. timezone": "UTC-04", "8. currency": "USD", "9. matchScore": "0.4000"}, {"1. symbol": "63TA.FRK", "2. name": "Tencent Music Entertainment Group", "3. type": "Equity", "4. region": "Frankfurt", "5. marketOpen": "08:00", "6. marketClose": "20:00", "7. timezone": "UTC+02", "8. currency": "EUR", "9. matchScore": "0.3500"}]}
[2023-01-31T10:24:42.987+0000] {python.py:177} INFO - Done. Returned value was: {'bestMatches': [{'1. symbol': 'NNND.FRK', '2. name': 'Tencent Holdings Ltd', '3. type': 'Equity', '4. region': 'Frankfurt', '5. marketOpen': '08:00', '6. marketClose': '20:00', '7. timezone': 'UTC+02', '8. currency': 'EUR', '9. matchScore': '0.5185'}, {'1. symbol': 'TCEHY', '2. name': 'Tencent Holdings Ltd', '3. type': 'Equity', '4. region': 'United States', '5. marketOpen': '09:30', '6. marketClose': '16:00', '7. timezone': 'UTC-04', '8. currency': 'USD', '9. matchScore': '0.5185'}, {'1. symbol': 'TCTZF', '2. name': 'Tencent Holdings Ltd', '3. type': 'Equity', '4. region': 'United States', '5. marketOpen': '09:30', '6. marketClose': '16:00', '7. timezone': 'UTC-04', '8. currency': 'USD', '9. matchScore': '0.5185'}, {'1. symbol': 'NNN1.FRK', '2. name': 'Tencent Holdings Ltd ADR', '3. type': 'Equity', '4. region': 'Frankfurt', '5. marketOpen': '08:00', '6. marketClose': '20:00', '7. timezone': 'UTC+02', '8. currency': 'EUR', '9. matchScore': '0.4516'}, {'1. symbol': 'TME', '2. name': 'Tencent Music Entertainment Group', '3. type': 'Equity', '4. region': 'United States', '5. marketOpen': '09:30', '6. marketClose': '16:00', '7. timezone': 'UTC-04', '8. currency': 'USD', '9. matchScore': '0.4000'}, {'1. symbol': '63TA.FRK', '2. name': 'Tencent Music Entertainment Group', '3. type': 'Equity', '4. region': 'Frankfurt', '5. marketOpen': '08:00', '6. marketClose': '20:00', '7. timezone': 'UTC+02', '8. currency': 'EUR', '9. matchScore': '0.3500'}]}
[2023-01-31T10:24:43.052+0000] {taskinstance.py:1323} INFO - Marking task as SUCCESS. dag_id=assignment_medium, task_id=read_data, execution_date=20230131T102436, start_date=20230131T102442, end_date=20230131T102443
[2023-01-31T10:24:43.112+0000] {local_task_job.py:208} INFO - Task exited with return code 0
[2023-01-31T10:24:43.141+0000] {taskinstance.py:2578} INFO - 2 downstream tasks scheduled from follow-on schedule check
