[2023-01-31T10:36:42.223+0000] {taskinstance.py:1083} INFO - Dependencies all met for <TaskInstance: assignment_medium.write_data manual__2023-01-31T10:36:35.833046+00:00 [queued]>
[2023-01-31T10:36:42.233+0000] {taskinstance.py:1083} INFO - Dependencies all met for <TaskInstance: assignment_medium.write_data manual__2023-01-31T10:36:35.833046+00:00 [queued]>
[2023-01-31T10:36:42.234+0000] {taskinstance.py:1279} INFO - 
--------------------------------------------------------------------------------
[2023-01-31T10:36:42.237+0000] {taskinstance.py:1280} INFO - Starting attempt 1 of 1
[2023-01-31T10:36:42.238+0000] {taskinstance.py:1281} INFO - 
--------------------------------------------------------------------------------
[2023-01-31T10:36:42.263+0000] {taskinstance.py:1300} INFO - Executing <Task(_PythonDecoratedOperator): write_data> on 2023-01-31 10:36:35.833046+00:00
[2023-01-31T10:36:42.274+0000] {standard_task_runner.py:55} INFO - Started process 1607 to run task
[2023-01-31T10:36:42.290+0000] {standard_task_runner.py:82} INFO - Running: ['***', 'tasks', 'run', 'assignment_medium', 'write_data', 'manual__2023-01-31T10:36:35.833046+00:00', '--job-id', '58', '--raw', '--subdir', 'DAGS_FOLDER/assignment_medium.py', '--cfg-path', '/tmp/tmp5zvldv4k']
[2023-01-31T10:36:42.298+0000] {standard_task_runner.py:83} INFO - Job 58: Subtask write_data
[2023-01-31T10:36:42.425+0000] {task_command.py:388} INFO - Running <TaskInstance: assignment_medium.write_data manual__2023-01-31T10:36:35.833046+00:00 [running]> on host 2ee7bc173f76
[2023-01-31T10:36:42.527+0000] {taskinstance.py:1509} INFO - Exporting the following env vars:
AIRFLOW_CTX_DAG_OWNER=***
AIRFLOW_CTX_DAG_ID=assignment_medium
AIRFLOW_CTX_TASK_ID=write_data
AIRFLOW_CTX_EXECUTION_DATE=2023-01-31T10:36:35.833046+00:00
AIRFLOW_CTX_TRY_NUMBER=1
AIRFLOW_CTX_DAG_RUN_ID=manual__2023-01-31T10:36:35.833046+00:00
[2023-01-31T10:36:42.535+0000] {python.py:177} INFO - Done. Returned value was: None
[2023-01-31T10:36:42.548+0000] {taskinstance.py:1323} INFO - Marking task as SUCCESS. dag_id=assignment_medium, task_id=write_data, execution_date=20230131T103635, start_date=20230131T103642, end_date=20230131T103642
[2023-01-31T10:36:42.598+0000] {local_task_job.py:208} INFO - Task exited with return code 0
[2023-01-31T10:36:42.630+0000] {taskinstance.py:2578} INFO - 0 downstream tasks scheduled from follow-on schedule check
