[2023-01-31T10:24:45.158+0000] {taskinstance.py:1083} INFO - Dependencies all met for <TaskInstance: assignment_medium.count_frankfurt_region manual__2023-01-31T10:24:36.835854+00:00 [queued]>
[2023-01-31T10:24:45.205+0000] {taskinstance.py:1083} INFO - Dependencies all met for <TaskInstance: assignment_medium.count_frankfurt_region manual__2023-01-31T10:24:36.835854+00:00 [queued]>
[2023-01-31T10:24:45.211+0000] {taskinstance.py:1279} INFO - 
--------------------------------------------------------------------------------
[2023-01-31T10:24:45.213+0000] {taskinstance.py:1280} INFO - Starting attempt 1 of 1
[2023-01-31T10:24:45.216+0000] {taskinstance.py:1281} INFO - 
--------------------------------------------------------------------------------
[2023-01-31T10:24:45.290+0000] {taskinstance.py:1300} INFO - Executing <Task(_PythonDecoratedOperator): count_frankfurt_region> on 2023-01-31 10:24:36.835854+00:00
[2023-01-31T10:24:45.339+0000] {standard_task_runner.py:55} INFO - Started process 723 to run task
[2023-01-31T10:24:45.346+0000] {standard_task_runner.py:82} INFO - Running: ['***', 'tasks', 'run', 'assignment_medium', 'count_frankfurt_region', 'manual__2023-01-31T10:24:36.835854+00:00', '--job-id', '49', '--raw', '--subdir', 'DAGS_FOLDER/assignment_medium.py', '--cfg-path', '/tmp/tmpkxb4rpwf']
[2023-01-31T10:24:45.349+0000] {standard_task_runner.py:83} INFO - Job 49: Subtask count_frankfurt_region
[2023-01-31T10:24:45.524+0000] {task_command.py:388} INFO - Running <TaskInstance: assignment_medium.count_frankfurt_region manual__2023-01-31T10:24:36.835854+00:00 [running]> on host 2ee7bc173f76
[2023-01-31T10:24:45.779+0000] {taskinstance.py:1509} INFO - Exporting the following env vars:
AIRFLOW_CTX_DAG_OWNER=***
AIRFLOW_CTX_DAG_ID=assignment_medium
AIRFLOW_CTX_TASK_ID=count_frankfurt_region
AIRFLOW_CTX_EXECUTION_DATE=2023-01-31T10:24:36.835854+00:00
AIRFLOW_CTX_TRY_NUMBER=1
AIRFLOW_CTX_DAG_RUN_ID=manual__2023-01-31T10:24:36.835854+00:00
[2023-01-31T10:24:45.788+0000] {logging_mixin.py:137} INFO - Frankfurt region appeared in the search results: 3 times
[2023-01-31T10:24:45.792+0000] {python.py:177} INFO - Done. Returned value was: None
[2023-01-31T10:24:45.808+0000] {taskinstance.py:1323} INFO - Marking task as SUCCESS. dag_id=assignment_medium, task_id=count_frankfurt_region, execution_date=20230131T102436, start_date=20230131T102445, end_date=20230131T102445
[2023-01-31T10:24:45.870+0000] {local_task_job.py:208} INFO - Task exited with return code 0
[2023-01-31T10:24:45.913+0000] {taskinstance.py:2578} INFO - 0 downstream tasks scheduled from follow-on schedule check
