[2023-01-31T10:35:13.272+0000] {taskinstance.py:1083} INFO - Dependencies all met for <TaskInstance: assignment_medium.count_frankfurt_region manual__2023-01-31T10:35:03.083424+00:00 [queued]>
[2023-01-31T10:35:13.288+0000] {taskinstance.py:1083} INFO - Dependencies all met for <TaskInstance: assignment_medium.count_frankfurt_region manual__2023-01-31T10:35:03.083424+00:00 [queued]>
[2023-01-31T10:35:13.289+0000] {taskinstance.py:1279} INFO - 
--------------------------------------------------------------------------------
[2023-01-31T10:35:13.290+0000] {taskinstance.py:1280} INFO - Starting attempt 1 of 1
[2023-01-31T10:35:13.291+0000] {taskinstance.py:1281} INFO - 
--------------------------------------------------------------------------------
[2023-01-31T10:35:13.458+0000] {taskinstance.py:1300} INFO - Executing <Task(_PythonDecoratedOperator): count_frankfurt_region> on 2023-01-31 10:35:03.083424+00:00
[2023-01-31T10:35:13.499+0000] {standard_task_runner.py:55} INFO - Started process 1506 to run task
[2023-01-31T10:35:13.512+0000] {standard_task_runner.py:82} INFO - Running: ['***', 'tasks', 'run', 'assignment_medium', 'count_frankfurt_region', 'manual__2023-01-31T10:35:03.083424+00:00', '--job-id', '54', '--raw', '--subdir', 'DAGS_FOLDER/assignment_medium.py', '--cfg-path', '/tmp/tmpi67xhvgo']
[2023-01-31T10:35:13.520+0000] {standard_task_runner.py:83} INFO - Job 54: Subtask count_frankfurt_region
[2023-01-31T10:35:14.093+0000] {task_command.py:388} INFO - Running <TaskInstance: assignment_medium.count_frankfurt_region manual__2023-01-31T10:35:03.083424+00:00 [running]> on host 2ee7bc173f76
[2023-01-31T10:35:14.350+0000] {taskinstance.py:1509} INFO - Exporting the following env vars:
AIRFLOW_CTX_DAG_OWNER=***
AIRFLOW_CTX_DAG_ID=assignment_medium
AIRFLOW_CTX_TASK_ID=count_frankfurt_region
AIRFLOW_CTX_EXECUTION_DATE=2023-01-31T10:35:03.083424+00:00
AIRFLOW_CTX_TRY_NUMBER=1
AIRFLOW_CTX_DAG_RUN_ID=manual__2023-01-31T10:35:03.083424+00:00
[2023-01-31T10:35:14.356+0000] {logging_mixin.py:137} INFO - Frankfurt region appeared in the search results: 3 times
[2023-01-31T10:35:14.360+0000] {python.py:177} INFO - Done. Returned value was: None
[2023-01-31T10:35:14.377+0000] {taskinstance.py:1323} INFO - Marking task as SUCCESS. dag_id=assignment_medium, task_id=count_frankfurt_region, execution_date=20230131T103503, start_date=20230131T103513, end_date=20230131T103514
[2023-01-31T10:35:14.428+0000] {local_task_job.py:208} INFO - Task exited with return code 0
[2023-01-31T10:35:14.528+0000] {taskinstance.py:2578} INFO - 0 downstream tasks scheduled from follow-on schedule check
