[2023-01-31T10:26:19.226+0000] {taskinstance.py:1083} INFO - Dependencies all met for <TaskInstance: assignment_medium.count_frankfurt_region manual__2023-01-31T10:26:12.548190+00:00 [queued]>
[2023-01-31T10:26:19.237+0000] {taskinstance.py:1083} INFO - Dependencies all met for <TaskInstance: assignment_medium.count_frankfurt_region manual__2023-01-31T10:26:12.548190+00:00 [queued]>
[2023-01-31T10:26:19.239+0000] {taskinstance.py:1279} INFO - 
--------------------------------------------------------------------------------
[2023-01-31T10:26:19.241+0000] {taskinstance.py:1280} INFO - Starting attempt 1 of 1
[2023-01-31T10:26:19.244+0000] {taskinstance.py:1281} INFO - 
--------------------------------------------------------------------------------
[2023-01-31T10:26:19.270+0000] {taskinstance.py:1300} INFO - Executing <Task(_PythonDecoratedOperator): count_frankfurt_region> on 2023-01-31 10:26:12.548190+00:00
[2023-01-31T10:26:19.276+0000] {standard_task_runner.py:55} INFO - Started process 848 to run task
[2023-01-31T10:26:19.282+0000] {standard_task_runner.py:82} INFO - Running: ['***', 'tasks', 'run', 'assignment_medium', 'count_frankfurt_region', 'manual__2023-01-31T10:26:12.548190+00:00', '--job-id', '52', '--raw', '--subdir', 'DAGS_FOLDER/assignment_medium.py', '--cfg-path', '/tmp/tmp1eqn6lvk']
[2023-01-31T10:26:19.283+0000] {standard_task_runner.py:83} INFO - Job 52: Subtask count_frankfurt_region
[2023-01-31T10:26:19.386+0000] {task_command.py:388} INFO - Running <TaskInstance: assignment_medium.count_frankfurt_region manual__2023-01-31T10:26:12.548190+00:00 [running]> on host 2ee7bc173f76
[2023-01-31T10:26:19.525+0000] {taskinstance.py:1509} INFO - Exporting the following env vars:
AIRFLOW_CTX_DAG_OWNER=***
AIRFLOW_CTX_DAG_ID=assignment_medium
AIRFLOW_CTX_TASK_ID=count_frankfurt_region
AIRFLOW_CTX_EXECUTION_DATE=2023-01-31T10:26:12.548190+00:00
AIRFLOW_CTX_TRY_NUMBER=1
AIRFLOW_CTX_DAG_RUN_ID=manual__2023-01-31T10:26:12.548190+00:00
[2023-01-31T10:26:19.527+0000] {logging_mixin.py:137} INFO - Frankfurt region appeared in the search results: 3 times
[2023-01-31T10:26:19.527+0000] {python.py:177} INFO - Done. Returned value was: None
[2023-01-31T10:26:19.539+0000] {taskinstance.py:1323} INFO - Marking task as SUCCESS. dag_id=assignment_medium, task_id=count_frankfurt_region, execution_date=20230131T102612, start_date=20230131T102619, end_date=20230131T102619
[2023-01-31T10:26:19.579+0000] {local_task_job.py:208} INFO - Task exited with return code 0
[2023-01-31T10:26:19.602+0000] {taskinstance.py:2578} INFO - 0 downstream tasks scheduled from follow-on schedule check
