[2023-01-24T16:40:43.567+0000] {taskinstance.py:1083} INFO - Dependencies all met for <TaskInstance: exercise16.read_users manual__2023-01-24T16:40:42.797709+00:00 [queued]>
[2023-01-24T16:40:43.574+0000] {taskinstance.py:1083} INFO - Dependencies all met for <TaskInstance: exercise16.read_users manual__2023-01-24T16:40:42.797709+00:00 [queued]>
[2023-01-24T16:40:43.574+0000] {taskinstance.py:1279} INFO - 
--------------------------------------------------------------------------------
[2023-01-24T16:40:43.575+0000] {taskinstance.py:1280} INFO - Starting attempt 1 of 1
[2023-01-24T16:40:43.576+0000] {taskinstance.py:1281} INFO - 
--------------------------------------------------------------------------------
[2023-01-24T16:40:43.585+0000] {taskinstance.py:1300} INFO - Executing <Task(_PythonDecoratedOperator): read_users> on 2023-01-24 16:40:42.797709+00:00
[2023-01-24T16:40:43.590+0000] {standard_task_runner.py:55} INFO - Started process 1985 to run task
[2023-01-24T16:40:43.594+0000] {standard_task_runner.py:82} INFO - Running: ['***', 'tasks', 'run', 'exercise16', 'read_users', 'manual__2023-01-24T16:40:42.797709+00:00', '--job-id', '14', '--raw', '--subdir', 'DAGS_FOLDER/exercise16.py', '--cfg-path', '/tmp/tmp75bqqg74']
[2023-01-24T16:40:43.595+0000] {standard_task_runner.py:83} INFO - Job 14: Subtask read_users
[2023-01-24T16:40:43.650+0000] {task_command.py:388} INFO - Running <TaskInstance: exercise16.read_users manual__2023-01-24T16:40:42.797709+00:00 [running]> on host 2ee7bc173f76
[2023-01-24T16:40:43.702+0000] {taskinstance.py:1509} INFO - Exporting the following env vars:
AIRFLOW_CTX_DAG_OWNER=***
AIRFLOW_CTX_DAG_ID=exercise16
AIRFLOW_CTX_TASK_ID=read_users
AIRFLOW_CTX_EXECUTION_DATE=2023-01-24T16:40:42.797709+00:00
AIRFLOW_CTX_TRY_NUMBER=1
AIRFLOW_CTX_DAG_RUN_ID=manual__2023-01-24T16:40:42.797709+00:00
[2023-01-24T16:40:43.704+0000] {python.py:177} INFO - Done. Returned value was: {'users': [{'id': '0001', 'name': 'Pierre', 'city': 'Paris', 'school': 'EPITA', 'age': 36, 'is_teacher': True}, {'id': '0002', 'name': 'Ada', 'city': 'London', 'school': 'Home', 'age': 28, 'is_teacher': False}, {'id': '0003', 'name': 'Margaret', 'city': 'Boston', 'school': 'MIT', 'age': 33, 'is_teacher': True}]}
[2023-01-24T16:40:43.735+0000] {taskinstance.py:1323} INFO - Marking task as SUCCESS. dag_id=exercise16, task_id=read_users, execution_date=20230124T164042, start_date=20230124T164043, end_date=20230124T164043
[2023-01-24T16:40:43.767+0000] {local_task_job.py:208} INFO - Task exited with return code 0
[2023-01-24T16:40:43.786+0000] {taskinstance.py:2578} INFO - 1 downstream tasks scheduled from follow-on schedule check
