[2023-01-24T17:43:18.510+0000] {processor.py:153} INFO - Started process (PID=14445) to work on /opt/airflow/dags/assignment_main.py
[2023-01-24T17:43:18.511+0000] {processor.py:743} INFO - Processing file /opt/airflow/dags/assignment_main.py for tasks to queue
[2023-01-24T17:43:18.513+0000] {logging_mixin.py:137} INFO - [2023-01-24T17:43:18.513+0000] {dagbag.py:538} INFO - Filling up the DagBag from /opt/airflow/dags/assignment_main.py
[2023-01-24T17:43:18.546+0000] {processor.py:753} INFO - DAG(s) dict_keys(['maingoal']) retrieved from /opt/airflow/dags/assignment_main.py
[2023-01-24T17:43:18.656+0000] {logging_mixin.py:137} INFO - [2023-01-24T17:43:18.656+0000] {dag.py:2690} INFO - Sync 1 DAGs
[2023-01-24T17:43:18.685+0000] {logging_mixin.py:137} INFO - [2023-01-24T17:43:18.685+0000] {dag.py:3441} INFO - Setting next_dagrun for maingoal to None, run_after=None
[2023-01-24T17:43:18.714+0000] {processor.py:175} INFO - Processing /opt/airflow/dags/assignment_main.py took 0.209 seconds
[2023-01-24T17:43:49.565+0000] {processor.py:153} INFO - Started process (PID=14522) to work on /opt/airflow/dags/assignment_main.py
[2023-01-24T17:43:49.569+0000] {processor.py:743} INFO - Processing file /opt/airflow/dags/assignment_main.py for tasks to queue
[2023-01-24T17:43:49.571+0000] {logging_mixin.py:137} INFO - [2023-01-24T17:43:49.570+0000] {dagbag.py:538} INFO - Filling up the DagBag from /opt/airflow/dags/assignment_main.py
[2023-01-24T17:43:49.598+0000] {processor.py:753} INFO - DAG(s) dict_keys(['maingoal']) retrieved from /opt/airflow/dags/assignment_main.py
[2023-01-24T17:43:49.617+0000] {logging_mixin.py:137} INFO - [2023-01-24T17:43:49.617+0000] {dag.py:2690} INFO - Sync 1 DAGs
[2023-01-24T17:43:49.631+0000] {logging_mixin.py:137} INFO - [2023-01-24T17:43:49.631+0000] {dag.py:3441} INFO - Setting next_dagrun for maingoal to None, run_after=None
[2023-01-24T17:43:49.642+0000] {processor.py:175} INFO - Processing /opt/airflow/dags/assignment_main.py took 0.082 seconds
[2023-01-24T17:44:20.610+0000] {processor.py:153} INFO - Started process (PID=14615) to work on /opt/airflow/dags/assignment_main.py
[2023-01-24T17:44:20.613+0000] {processor.py:743} INFO - Processing file /opt/airflow/dags/assignment_main.py for tasks to queue
[2023-01-24T17:44:20.614+0000] {logging_mixin.py:137} INFO - [2023-01-24T17:44:20.614+0000] {dagbag.py:538} INFO - Filling up the DagBag from /opt/airflow/dags/assignment_main.py
[2023-01-24T17:44:20.636+0000] {processor.py:753} INFO - DAG(s) dict_keys(['maingoal']) retrieved from /opt/airflow/dags/assignment_main.py
[2023-01-24T17:44:20.655+0000] {logging_mixin.py:137} INFO - [2023-01-24T17:44:20.655+0000] {dag.py:2690} INFO - Sync 1 DAGs
[2023-01-24T17:44:20.669+0000] {logging_mixin.py:137} INFO - [2023-01-24T17:44:20.669+0000] {dag.py:3441} INFO - Setting next_dagrun for maingoal to None, run_after=None
[2023-01-24T17:44:20.679+0000] {processor.py:175} INFO - Processing /opt/airflow/dags/assignment_main.py took 0.074 seconds
[2023-01-24T17:44:50.893+0000] {processor.py:153} INFO - Started process (PID=14708) to work on /opt/airflow/dags/assignment_main.py
[2023-01-24T17:44:50.898+0000] {processor.py:743} INFO - Processing file /opt/airflow/dags/assignment_main.py for tasks to queue
[2023-01-24T17:44:50.901+0000] {logging_mixin.py:137} INFO - [2023-01-24T17:44:50.901+0000] {dagbag.py:538} INFO - Filling up the DagBag from /opt/airflow/dags/assignment_main.py
[2023-01-24T17:44:50.926+0000] {processor.py:753} INFO - DAG(s) dict_keys(['maingoal']) retrieved from /opt/airflow/dags/assignment_main.py
[2023-01-24T17:44:50.948+0000] {logging_mixin.py:137} INFO - [2023-01-24T17:44:50.948+0000] {dag.py:2690} INFO - Sync 1 DAGs
[2023-01-24T17:44:50.962+0000] {logging_mixin.py:137} INFO - [2023-01-24T17:44:50.962+0000] {dag.py:3441} INFO - Setting next_dagrun for maingoal to None, run_after=None
[2023-01-24T17:44:50.973+0000] {processor.py:175} INFO - Processing /opt/airflow/dags/assignment_main.py took 0.086 seconds
[2023-01-24T17:45:21.908+0000] {processor.py:153} INFO - Started process (PID=14785) to work on /opt/airflow/dags/assignment_main.py
[2023-01-24T17:45:21.910+0000] {processor.py:743} INFO - Processing file /opt/airflow/dags/assignment_main.py for tasks to queue
[2023-01-24T17:45:21.910+0000] {logging_mixin.py:137} INFO - [2023-01-24T17:45:21.910+0000] {dagbag.py:538} INFO - Filling up the DagBag from /opt/airflow/dags/assignment_main.py
[2023-01-24T17:45:21.930+0000] {processor.py:753} INFO - DAG(s) dict_keys(['maingoal']) retrieved from /opt/airflow/dags/assignment_main.py
[2023-01-24T17:45:21.951+0000] {logging_mixin.py:137} INFO - [2023-01-24T17:45:21.951+0000] {dag.py:2690} INFO - Sync 1 DAGs
[2023-01-24T17:45:21.969+0000] {logging_mixin.py:137} INFO - [2023-01-24T17:45:21.968+0000] {dag.py:3441} INFO - Setting next_dagrun for maingoal to None, run_after=None
[2023-01-24T17:45:21.987+0000] {processor.py:175} INFO - Processing /opt/airflow/dags/assignment_main.py took 0.082 seconds
[2023-01-24T17:45:52.489+0000] {processor.py:153} INFO - Started process (PID=14879) to work on /opt/airflow/dags/assignment_main.py
[2023-01-24T17:45:52.491+0000] {processor.py:743} INFO - Processing file /opt/airflow/dags/assignment_main.py for tasks to queue
[2023-01-24T17:45:52.492+0000] {logging_mixin.py:137} INFO - [2023-01-24T17:45:52.492+0000] {dagbag.py:538} INFO - Filling up the DagBag from /opt/airflow/dags/assignment_main.py
[2023-01-24T17:45:52.515+0000] {processor.py:753} INFO - DAG(s) dict_keys(['maingoal']) retrieved from /opt/airflow/dags/assignment_main.py
[2023-01-24T17:45:52.537+0000] {logging_mixin.py:137} INFO - [2023-01-24T17:45:52.537+0000] {dag.py:2690} INFO - Sync 1 DAGs
[2023-01-24T17:45:52.553+0000] {logging_mixin.py:137} INFO - [2023-01-24T17:45:52.553+0000] {dag.py:3441} INFO - Setting next_dagrun for maingoal to None, run_after=None
[2023-01-24T17:45:52.563+0000] {processor.py:175} INFO - Processing /opt/airflow/dags/assignment_main.py took 0.079 seconds
[2023-01-24T17:46:23.304+0000] {processor.py:153} INFO - Started process (PID=14971) to work on /opt/airflow/dags/assignment_main.py
[2023-01-24T17:46:23.308+0000] {processor.py:743} INFO - Processing file /opt/airflow/dags/assignment_main.py for tasks to queue
[2023-01-24T17:46:23.310+0000] {logging_mixin.py:137} INFO - [2023-01-24T17:46:23.310+0000] {dagbag.py:538} INFO - Filling up the DagBag from /opt/airflow/dags/assignment_main.py
[2023-01-24T17:46:23.336+0000] {processor.py:753} INFO - DAG(s) dict_keys(['maingoal']) retrieved from /opt/airflow/dags/assignment_main.py
[2023-01-24T17:46:23.356+0000] {logging_mixin.py:137} INFO - [2023-01-24T17:46:23.356+0000] {dag.py:2690} INFO - Sync 1 DAGs
[2023-01-24T17:46:23.370+0000] {logging_mixin.py:137} INFO - [2023-01-24T17:46:23.370+0000] {dag.py:3441} INFO - Setting next_dagrun for maingoal to None, run_after=None
[2023-01-24T17:46:23.379+0000] {processor.py:175} INFO - Processing /opt/airflow/dags/assignment_main.py took 0.081 seconds
[2023-01-24T17:46:53.927+0000] {processor.py:153} INFO - Started process (PID=15048) to work on /opt/airflow/dags/assignment_main.py
[2023-01-24T17:46:53.931+0000] {processor.py:743} INFO - Processing file /opt/airflow/dags/assignment_main.py for tasks to queue
[2023-01-24T17:46:53.932+0000] {logging_mixin.py:137} INFO - [2023-01-24T17:46:53.932+0000] {dagbag.py:538} INFO - Filling up the DagBag from /opt/airflow/dags/assignment_main.py
[2023-01-24T17:46:53.959+0000] {processor.py:753} INFO - DAG(s) dict_keys(['maingoal']) retrieved from /opt/airflow/dags/assignment_main.py
[2023-01-24T17:46:53.979+0000] {logging_mixin.py:137} INFO - [2023-01-24T17:46:53.979+0000] {dag.py:2690} INFO - Sync 1 DAGs
[2023-01-24T17:46:53.993+0000] {logging_mixin.py:137} INFO - [2023-01-24T17:46:53.993+0000] {dag.py:3441} INFO - Setting next_dagrun for maingoal to None, run_after=None
[2023-01-24T17:46:54.003+0000] {processor.py:175} INFO - Processing /opt/airflow/dags/assignment_main.py took 0.081 seconds
[2023-01-24T17:47:24.934+0000] {processor.py:153} INFO - Started process (PID=15141) to work on /opt/airflow/dags/assignment_main.py
[2023-01-24T17:47:24.936+0000] {processor.py:743} INFO - Processing file /opt/airflow/dags/assignment_main.py for tasks to queue
[2023-01-24T17:47:24.939+0000] {logging_mixin.py:137} INFO - [2023-01-24T17:47:24.938+0000] {dagbag.py:538} INFO - Filling up the DagBag from /opt/airflow/dags/assignment_main.py
[2023-01-24T17:47:24.959+0000] {processor.py:753} INFO - DAG(s) dict_keys(['maingoal']) retrieved from /opt/airflow/dags/assignment_main.py
[2023-01-24T17:47:24.978+0000] {logging_mixin.py:137} INFO - [2023-01-24T17:47:24.978+0000] {dag.py:2690} INFO - Sync 1 DAGs
[2023-01-24T17:47:24.991+0000] {logging_mixin.py:137} INFO - [2023-01-24T17:47:24.991+0000] {dag.py:3441} INFO - Setting next_dagrun for maingoal to None, run_after=None
[2023-01-24T17:47:25.001+0000] {processor.py:175} INFO - Processing /opt/airflow/dags/assignment_main.py took 0.073 seconds
[2023-01-24T17:47:53.744+0000] {processor.py:153} INFO - Started process (PID=15234) to work on /opt/airflow/dags/assignment_main.py
[2023-01-24T17:47:53.746+0000] {processor.py:743} INFO - Processing file /opt/airflow/dags/assignment_main.py for tasks to queue
[2023-01-24T17:47:53.747+0000] {logging_mixin.py:137} INFO - [2023-01-24T17:47:53.747+0000] {dagbag.py:538} INFO - Filling up the DagBag from /opt/airflow/dags/assignment_main.py
[2023-01-24T17:47:53.791+0000] {processor.py:753} INFO - DAG(s) dict_keys(['maingoal']) retrieved from /opt/airflow/dags/assignment_main.py
[2023-01-24T17:47:53.823+0000] {logging_mixin.py:137} INFO - [2023-01-24T17:47:53.823+0000] {dag.py:2690} INFO - Sync 1 DAGs
[2023-01-24T17:47:53.844+0000] {logging_mixin.py:137} INFO - [2023-01-24T17:47:53.844+0000] {dag.py:3441} INFO - Setting next_dagrun for maingoal to None, run_after=None
[2023-01-24T17:47:53.867+0000] {processor.py:175} INFO - Processing /opt/airflow/dags/assignment_main.py took 0.127 seconds
[2023-01-24T17:48:24.622+0000] {processor.py:153} INFO - Started process (PID=15311) to work on /opt/airflow/dags/assignment_main.py
[2023-01-24T17:48:24.626+0000] {processor.py:743} INFO - Processing file /opt/airflow/dags/assignment_main.py for tasks to queue
[2023-01-24T17:48:24.627+0000] {logging_mixin.py:137} INFO - [2023-01-24T17:48:24.627+0000] {dagbag.py:538} INFO - Filling up the DagBag from /opt/airflow/dags/assignment_main.py
[2023-01-24T17:48:24.655+0000] {processor.py:753} INFO - DAG(s) dict_keys(['maingoal']) retrieved from /opt/airflow/dags/assignment_main.py
[2023-01-24T17:48:24.680+0000] {logging_mixin.py:137} INFO - [2023-01-24T17:48:24.680+0000] {dag.py:2690} INFO - Sync 1 DAGs
[2023-01-24T17:48:24.696+0000] {logging_mixin.py:137} INFO - [2023-01-24T17:48:24.696+0000] {dag.py:3441} INFO - Setting next_dagrun for maingoal to None, run_after=None
[2023-01-24T17:48:24.710+0000] {processor.py:175} INFO - Processing /opt/airflow/dags/assignment_main.py took 0.093 seconds
[2023-01-24T17:48:55.583+0000] {processor.py:153} INFO - Started process (PID=15403) to work on /opt/airflow/dags/assignment_main.py
[2023-01-24T17:48:55.587+0000] {processor.py:743} INFO - Processing file /opt/airflow/dags/assignment_main.py for tasks to queue
[2023-01-24T17:48:55.588+0000] {logging_mixin.py:137} INFO - [2023-01-24T17:48:55.588+0000] {dagbag.py:538} INFO - Filling up the DagBag from /opt/airflow/dags/assignment_main.py
[2023-01-24T17:48:55.607+0000] {processor.py:753} INFO - DAG(s) dict_keys(['maingoal']) retrieved from /opt/airflow/dags/assignment_main.py
[2023-01-24T17:48:55.628+0000] {logging_mixin.py:137} INFO - [2023-01-24T17:48:55.628+0000] {dag.py:2690} INFO - Sync 1 DAGs
[2023-01-24T17:48:55.643+0000] {logging_mixin.py:137} INFO - [2023-01-24T17:48:55.643+0000] {dag.py:3441} INFO - Setting next_dagrun for maingoal to None, run_after=None
[2023-01-24T17:48:55.653+0000] {processor.py:175} INFO - Processing /opt/airflow/dags/assignment_main.py took 0.075 seconds
[2023-01-24T17:49:26.405+0000] {processor.py:153} INFO - Started process (PID=15496) to work on /opt/airflow/dags/assignment_main.py
[2023-01-24T17:49:26.409+0000] {processor.py:743} INFO - Processing file /opt/airflow/dags/assignment_main.py for tasks to queue
[2023-01-24T17:49:26.410+0000] {logging_mixin.py:137} INFO - [2023-01-24T17:49:26.410+0000] {dagbag.py:538} INFO - Filling up the DagBag from /opt/airflow/dags/assignment_main.py
[2023-01-24T17:49:26.431+0000] {processor.py:753} INFO - DAG(s) dict_keys(['maingoal']) retrieved from /opt/airflow/dags/assignment_main.py
[2023-01-24T17:49:26.451+0000] {logging_mixin.py:137} INFO - [2023-01-24T17:49:26.451+0000] {dag.py:2690} INFO - Sync 1 DAGs
[2023-01-24T17:49:26.465+0000] {logging_mixin.py:137} INFO - [2023-01-24T17:49:26.465+0000] {dag.py:3441} INFO - Setting next_dagrun for maingoal to None, run_after=None
[2023-01-24T17:49:26.475+0000] {processor.py:175} INFO - Processing /opt/airflow/dags/assignment_main.py took 0.075 seconds
[2023-01-24T17:49:43.441+0000] {processor.py:153} INFO - Started process (PID=15543) to work on /opt/airflow/dags/assignment_main.py
[2023-01-24T17:49:43.443+0000] {processor.py:743} INFO - Processing file /opt/airflow/dags/assignment_main.py for tasks to queue
[2023-01-24T17:49:43.444+0000] {logging_mixin.py:137} INFO - [2023-01-24T17:49:43.444+0000] {dagbag.py:538} INFO - Filling up the DagBag from /opt/airflow/dags/assignment_main.py
[2023-01-24T17:49:43.472+0000] {processor.py:753} INFO - DAG(s) dict_keys(['maingoal']) retrieved from /opt/airflow/dags/assignment_main.py
[2023-01-24T17:49:43.496+0000] {logging_mixin.py:137} INFO - [2023-01-24T17:49:43.496+0000] {dag.py:2690} INFO - Sync 1 DAGs
[2023-01-24T17:49:43.513+0000] {logging_mixin.py:137} INFO - [2023-01-24T17:49:43.513+0000] {dag.py:3441} INFO - Setting next_dagrun for maingoal to None, run_after=None
[2023-01-24T17:49:43.529+0000] {processor.py:175} INFO - Processing /opt/airflow/dags/assignment_main.py took 0.093 seconds
[2023-01-24T17:50:13.855+0000] {processor.py:153} INFO - Started process (PID=15636) to work on /opt/airflow/dags/assignment_main.py
[2023-01-24T17:50:13.857+0000] {processor.py:743} INFO - Processing file /opt/airflow/dags/assignment_main.py for tasks to queue
[2023-01-24T17:50:13.859+0000] {logging_mixin.py:137} INFO - [2023-01-24T17:50:13.859+0000] {dagbag.py:538} INFO - Filling up the DagBag from /opt/airflow/dags/assignment_main.py
[2023-01-24T17:50:13.880+0000] {processor.py:753} INFO - DAG(s) dict_keys(['maingoal']) retrieved from /opt/airflow/dags/assignment_main.py
[2023-01-24T17:50:13.903+0000] {logging_mixin.py:137} INFO - [2023-01-24T17:50:13.903+0000] {dag.py:2690} INFO - Sync 1 DAGs
[2023-01-24T17:50:13.919+0000] {logging_mixin.py:137} INFO - [2023-01-24T17:50:13.919+0000] {dag.py:3441} INFO - Setting next_dagrun for maingoal to None, run_after=None
[2023-01-24T17:50:13.932+0000] {processor.py:175} INFO - Processing /opt/airflow/dags/assignment_main.py took 0.081 seconds
[2023-01-24T17:50:44.937+0000] {processor.py:153} INFO - Started process (PID=15714) to work on /opt/airflow/dags/assignment_main.py
[2023-01-24T17:50:44.940+0000] {processor.py:743} INFO - Processing file /opt/airflow/dags/assignment_main.py for tasks to queue
[2023-01-24T17:50:44.942+0000] {logging_mixin.py:137} INFO - [2023-01-24T17:50:44.942+0000] {dagbag.py:538} INFO - Filling up the DagBag from /opt/airflow/dags/assignment_main.py
[2023-01-24T17:50:44.964+0000] {processor.py:753} INFO - DAG(s) dict_keys(['maingoal']) retrieved from /opt/airflow/dags/assignment_main.py
[2023-01-24T17:50:44.984+0000] {logging_mixin.py:137} INFO - [2023-01-24T17:50:44.984+0000] {dag.py:2690} INFO - Sync 1 DAGs
[2023-01-24T17:50:45.000+0000] {logging_mixin.py:137} INFO - [2023-01-24T17:50:45.000+0000] {dag.py:3441} INFO - Setting next_dagrun for maingoal to None, run_after=None
[2023-01-24T17:50:45.012+0000] {processor.py:175} INFO - Processing /opt/airflow/dags/assignment_main.py took 0.081 seconds
[2023-01-24T17:51:15.767+0000] {processor.py:153} INFO - Started process (PID=15807) to work on /opt/airflow/dags/assignment_main.py
[2023-01-24T17:51:15.768+0000] {processor.py:743} INFO - Processing file /opt/airflow/dags/assignment_main.py for tasks to queue
[2023-01-24T17:51:15.770+0000] {logging_mixin.py:137} INFO - [2023-01-24T17:51:15.769+0000] {dagbag.py:538} INFO - Filling up the DagBag from /opt/airflow/dags/assignment_main.py
[2023-01-24T17:51:15.788+0000] {processor.py:753} INFO - DAG(s) dict_keys(['maingoal']) retrieved from /opt/airflow/dags/assignment_main.py
[2023-01-24T17:51:15.808+0000] {logging_mixin.py:137} INFO - [2023-01-24T17:51:15.808+0000] {dag.py:2690} INFO - Sync 1 DAGs
[2023-01-24T17:51:15.825+0000] {logging_mixin.py:137} INFO - [2023-01-24T17:51:15.824+0000] {dag.py:3441} INFO - Setting next_dagrun for maingoal to None, run_after=None
[2023-01-24T17:51:15.834+0000] {processor.py:175} INFO - Processing /opt/airflow/dags/assignment_main.py took 0.071 seconds
[2023-01-24T17:51:46.482+0000] {processor.py:153} INFO - Started process (PID=15900) to work on /opt/airflow/dags/assignment_main.py
[2023-01-24T17:51:46.485+0000] {processor.py:743} INFO - Processing file /opt/airflow/dags/assignment_main.py for tasks to queue
[2023-01-24T17:51:46.487+0000] {logging_mixin.py:137} INFO - [2023-01-24T17:51:46.487+0000] {dagbag.py:538} INFO - Filling up the DagBag from /opt/airflow/dags/assignment_main.py
[2023-01-24T17:51:46.513+0000] {processor.py:753} INFO - DAG(s) dict_keys(['maingoal']) retrieved from /opt/airflow/dags/assignment_main.py
[2023-01-24T17:51:46.536+0000] {logging_mixin.py:137} INFO - [2023-01-24T17:51:46.536+0000] {dag.py:2690} INFO - Sync 1 DAGs
[2023-01-24T17:51:46.551+0000] {logging_mixin.py:137} INFO - [2023-01-24T17:51:46.551+0000] {dag.py:3441} INFO - Setting next_dagrun for maingoal to None, run_after=None
[2023-01-24T17:51:46.562+0000] {processor.py:175} INFO - Processing /opt/airflow/dags/assignment_main.py took 0.086 seconds
[2023-01-24T17:52:17.414+0000] {processor.py:153} INFO - Started process (PID=15977) to work on /opt/airflow/dags/assignment_main.py
[2023-01-24T17:52:17.416+0000] {processor.py:743} INFO - Processing file /opt/airflow/dags/assignment_main.py for tasks to queue
[2023-01-24T17:52:17.417+0000] {logging_mixin.py:137} INFO - [2023-01-24T17:52:17.417+0000] {dagbag.py:538} INFO - Filling up the DagBag from /opt/airflow/dags/assignment_main.py
[2023-01-24T17:52:17.440+0000] {processor.py:753} INFO - DAG(s) dict_keys(['maingoal']) retrieved from /opt/airflow/dags/assignment_main.py
[2023-01-24T17:52:17.463+0000] {logging_mixin.py:137} INFO - [2023-01-24T17:52:17.462+0000] {dag.py:2690} INFO - Sync 1 DAGs
[2023-01-24T17:52:17.479+0000] {logging_mixin.py:137} INFO - [2023-01-24T17:52:17.479+0000] {dag.py:3441} INFO - Setting next_dagrun for maingoal to None, run_after=None
[2023-01-24T17:52:17.492+0000] {processor.py:175} INFO - Processing /opt/airflow/dags/assignment_main.py took 0.081 seconds
[2023-01-24T17:52:48.151+0000] {processor.py:153} INFO - Started process (PID=16071) to work on /opt/airflow/dags/assignment_main.py
[2023-01-24T17:52:48.153+0000] {processor.py:743} INFO - Processing file /opt/airflow/dags/assignment_main.py for tasks to queue
[2023-01-24T17:52:48.154+0000] {logging_mixin.py:137} INFO - [2023-01-24T17:52:48.154+0000] {dagbag.py:538} INFO - Filling up the DagBag from /opt/airflow/dags/assignment_main.py
[2023-01-24T17:52:48.170+0000] {processor.py:753} INFO - DAG(s) dict_keys(['maingoal']) retrieved from /opt/airflow/dags/assignment_main.py
[2023-01-24T17:52:48.191+0000] {logging_mixin.py:137} INFO - [2023-01-24T17:52:48.191+0000] {dag.py:2690} INFO - Sync 1 DAGs
[2023-01-24T17:52:48.205+0000] {logging_mixin.py:137} INFO - [2023-01-24T17:52:48.205+0000] {dag.py:3441} INFO - Setting next_dagrun for maingoal to None, run_after=None
[2023-01-24T17:52:48.217+0000] {processor.py:175} INFO - Processing /opt/airflow/dags/assignment_main.py took 0.070 seconds
[2023-01-24T17:53:19.132+0000] {processor.py:153} INFO - Started process (PID=16164) to work on /opt/airflow/dags/assignment_main.py
[2023-01-24T17:53:19.133+0000] {processor.py:743} INFO - Processing file /opt/airflow/dags/assignment_main.py for tasks to queue
[2023-01-24T17:53:19.134+0000] {logging_mixin.py:137} INFO - [2023-01-24T17:53:19.134+0000] {dagbag.py:538} INFO - Filling up the DagBag from /opt/airflow/dags/assignment_main.py
[2023-01-24T17:53:19.150+0000] {processor.py:753} INFO - DAG(s) dict_keys(['maingoal']) retrieved from /opt/airflow/dags/assignment_main.py
[2023-01-24T17:53:19.173+0000] {logging_mixin.py:137} INFO - [2023-01-24T17:53:19.173+0000] {dag.py:2690} INFO - Sync 1 DAGs
[2023-01-24T17:53:19.189+0000] {logging_mixin.py:137} INFO - [2023-01-24T17:53:19.189+0000] {dag.py:3441} INFO - Setting next_dagrun for maingoal to None, run_after=None
[2023-01-24T17:53:19.200+0000] {processor.py:175} INFO - Processing /opt/airflow/dags/assignment_main.py took 0.072 seconds
[2023-01-24T17:53:49.888+0000] {processor.py:153} INFO - Started process (PID=16236) to work on /opt/airflow/dags/assignment_main.py
[2023-01-24T17:53:49.890+0000] {processor.py:743} INFO - Processing file /opt/airflow/dags/assignment_main.py for tasks to queue
[2023-01-24T17:53:49.891+0000] {logging_mixin.py:137} INFO - [2023-01-24T17:53:49.891+0000] {dagbag.py:538} INFO - Filling up the DagBag from /opt/airflow/dags/assignment_main.py
[2023-01-24T17:53:49.908+0000] {processor.py:753} INFO - DAG(s) dict_keys(['maingoal']) retrieved from /opt/airflow/dags/assignment_main.py
[2023-01-24T17:53:49.928+0000] {logging_mixin.py:137} INFO - [2023-01-24T17:53:49.928+0000] {dag.py:2690} INFO - Sync 1 DAGs
[2023-01-24T17:53:49.943+0000] {logging_mixin.py:137} INFO - [2023-01-24T17:53:49.943+0000] {dag.py:3441} INFO - Setting next_dagrun for maingoal to None, run_after=None
[2023-01-24T17:53:49.953+0000] {processor.py:175} INFO - Processing /opt/airflow/dags/assignment_main.py took 0.069 seconds
[2023-01-24T17:54:20.088+0000] {processor.py:153} INFO - Started process (PID=16329) to work on /opt/airflow/dags/assignment_main.py
[2023-01-24T17:54:20.092+0000] {processor.py:743} INFO - Processing file /opt/airflow/dags/assignment_main.py for tasks to queue
[2023-01-24T17:54:20.094+0000] {logging_mixin.py:137} INFO - [2023-01-24T17:54:20.093+0000] {dagbag.py:538} INFO - Filling up the DagBag from /opt/airflow/dags/assignment_main.py
[2023-01-24T17:54:20.121+0000] {processor.py:753} INFO - DAG(s) dict_keys(['maingoal']) retrieved from /opt/airflow/dags/assignment_main.py
[2023-01-24T17:54:20.156+0000] {logging_mixin.py:137} INFO - [2023-01-24T17:54:20.156+0000] {dag.py:2690} INFO - Sync 1 DAGs
[2023-01-24T17:54:20.179+0000] {logging_mixin.py:137} INFO - [2023-01-24T17:54:20.179+0000] {dag.py:3441} INFO - Setting next_dagrun for maingoal to None, run_after=None
[2023-01-24T17:54:20.205+0000] {processor.py:175} INFO - Processing /opt/airflow/dags/assignment_main.py took 0.121 seconds
[2023-01-24T17:54:50.782+0000] {processor.py:153} INFO - Started process (PID=16422) to work on /opt/airflow/dags/assignment_main.py
[2023-01-24T17:54:50.785+0000] {processor.py:743} INFO - Processing file /opt/airflow/dags/assignment_main.py for tasks to queue
[2023-01-24T17:54:50.786+0000] {logging_mixin.py:137} INFO - [2023-01-24T17:54:50.786+0000] {dagbag.py:538} INFO - Filling up the DagBag from /opt/airflow/dags/assignment_main.py
[2023-01-24T17:54:50.813+0000] {processor.py:753} INFO - DAG(s) dict_keys(['maingoal']) retrieved from /opt/airflow/dags/assignment_main.py
[2023-01-24T17:54:50.855+0000] {logging_mixin.py:137} INFO - [2023-01-24T17:54:50.855+0000] {dag.py:2690} INFO - Sync 1 DAGs
[2023-01-24T17:54:50.891+0000] {logging_mixin.py:137} INFO - [2023-01-24T17:54:50.891+0000] {dag.py:3441} INFO - Setting next_dagrun for maingoal to None, run_after=None
[2023-01-24T17:54:50.911+0000] {processor.py:175} INFO - Processing /opt/airflow/dags/assignment_main.py took 0.133 seconds
[2023-01-24T17:55:20.990+0000] {processor.py:153} INFO - Started process (PID=16499) to work on /opt/airflow/dags/assignment_main.py
[2023-01-24T17:55:20.992+0000] {processor.py:743} INFO - Processing file /opt/airflow/dags/assignment_main.py for tasks to queue
[2023-01-24T17:55:20.993+0000] {logging_mixin.py:137} INFO - [2023-01-24T17:55:20.993+0000] {dagbag.py:538} INFO - Filling up the DagBag from /opt/airflow/dags/assignment_main.py
[2023-01-24T17:55:21.011+0000] {processor.py:753} INFO - DAG(s) dict_keys(['maingoal']) retrieved from /opt/airflow/dags/assignment_main.py
[2023-01-24T17:55:21.034+0000] {logging_mixin.py:137} INFO - [2023-01-24T17:55:21.034+0000] {dag.py:2690} INFO - Sync 1 DAGs
[2023-01-24T17:55:21.052+0000] {logging_mixin.py:137} INFO - [2023-01-24T17:55:21.052+0000] {dag.py:3441} INFO - Setting next_dagrun for maingoal to None, run_after=None
[2023-01-24T17:55:21.064+0000] {processor.py:175} INFO - Processing /opt/airflow/dags/assignment_main.py took 0.078 seconds
[2023-01-24T17:55:51.922+0000] {processor.py:153} INFO - Started process (PID=16593) to work on /opt/airflow/dags/assignment_main.py
[2023-01-24T17:55:51.924+0000] {processor.py:743} INFO - Processing file /opt/airflow/dags/assignment_main.py for tasks to queue
[2023-01-24T17:55:51.925+0000] {logging_mixin.py:137} INFO - [2023-01-24T17:55:51.925+0000] {dagbag.py:538} INFO - Filling up the DagBag from /opt/airflow/dags/assignment_main.py
[2023-01-24T17:55:51.959+0000] {processor.py:753} INFO - DAG(s) dict_keys(['maingoal']) retrieved from /opt/airflow/dags/assignment_main.py
[2023-01-24T17:55:51.989+0000] {logging_mixin.py:137} INFO - [2023-01-24T17:55:51.989+0000] {dag.py:2690} INFO - Sync 1 DAGs
[2023-01-24T17:55:52.010+0000] {logging_mixin.py:137} INFO - [2023-01-24T17:55:52.010+0000] {dag.py:3441} INFO - Setting next_dagrun for maingoal to None, run_after=None
[2023-01-24T17:55:52.024+0000] {processor.py:175} INFO - Processing /opt/airflow/dags/assignment_main.py took 0.108 seconds
[2023-01-24T17:56:22.126+0000] {processor.py:153} INFO - Started process (PID=16670) to work on /opt/airflow/dags/assignment_main.py
[2023-01-24T17:56:22.129+0000] {processor.py:743} INFO - Processing file /opt/airflow/dags/assignment_main.py for tasks to queue
[2023-01-24T17:56:22.130+0000] {logging_mixin.py:137} INFO - [2023-01-24T17:56:22.130+0000] {dagbag.py:538} INFO - Filling up the DagBag from /opt/airflow/dags/assignment_main.py
[2023-01-24T17:56:22.156+0000] {processor.py:753} INFO - DAG(s) dict_keys(['maingoal']) retrieved from /opt/airflow/dags/assignment_main.py
[2023-01-24T17:56:22.179+0000] {logging_mixin.py:137} INFO - [2023-01-24T17:56:22.179+0000] {dag.py:2690} INFO - Sync 1 DAGs
[2023-01-24T17:56:22.194+0000] {logging_mixin.py:137} INFO - [2023-01-24T17:56:22.194+0000] {dag.py:3441} INFO - Setting next_dagrun for maingoal to None, run_after=None
[2023-01-24T17:56:22.206+0000] {processor.py:175} INFO - Processing /opt/airflow/dags/assignment_main.py took 0.084 seconds
[2023-01-24T17:56:52.943+0000] {processor.py:153} INFO - Started process (PID=16763) to work on /opt/airflow/dags/assignment_main.py
[2023-01-24T17:56:52.944+0000] {processor.py:743} INFO - Processing file /opt/airflow/dags/assignment_main.py for tasks to queue
[2023-01-24T17:56:52.945+0000] {logging_mixin.py:137} INFO - [2023-01-24T17:56:52.944+0000] {dagbag.py:538} INFO - Filling up the DagBag from /opt/airflow/dags/assignment_main.py
[2023-01-24T17:56:52.960+0000] {processor.py:753} INFO - DAG(s) dict_keys(['maingoal']) retrieved from /opt/airflow/dags/assignment_main.py
[2023-01-24T17:56:52.980+0000] {logging_mixin.py:137} INFO - [2023-01-24T17:56:52.979+0000] {dag.py:2690} INFO - Sync 1 DAGs
[2023-01-24T17:56:52.995+0000] {logging_mixin.py:137} INFO - [2023-01-24T17:56:52.995+0000] {dag.py:3441} INFO - Setting next_dagrun for maingoal to None, run_after=None
[2023-01-24T17:56:53.006+0000] {processor.py:175} INFO - Processing /opt/airflow/dags/assignment_main.py took 0.067 seconds
[2023-01-24T17:57:23.335+0000] {processor.py:153} INFO - Started process (PID=16856) to work on /opt/airflow/dags/assignment_main.py
[2023-01-24T17:57:23.336+0000] {processor.py:743} INFO - Processing file /opt/airflow/dags/assignment_main.py for tasks to queue
[2023-01-24T17:57:23.337+0000] {logging_mixin.py:137} INFO - [2023-01-24T17:57:23.337+0000] {dagbag.py:538} INFO - Filling up the DagBag from /opt/airflow/dags/assignment_main.py
[2023-01-24T17:57:23.357+0000] {processor.py:753} INFO - DAG(s) dict_keys(['maingoal']) retrieved from /opt/airflow/dags/assignment_main.py
[2023-01-24T17:57:23.378+0000] {logging_mixin.py:137} INFO - [2023-01-24T17:57:23.378+0000] {dag.py:2690} INFO - Sync 1 DAGs
[2023-01-24T17:57:23.395+0000] {logging_mixin.py:137} INFO - [2023-01-24T17:57:23.395+0000] {dag.py:3441} INFO - Setting next_dagrun for maingoal to None, run_after=None
[2023-01-24T17:57:23.411+0000] {processor.py:175} INFO - Processing /opt/airflow/dags/assignment_main.py took 0.079 seconds
[2023-01-24T17:57:54.065+0000] {processor.py:153} INFO - Started process (PID=16929) to work on /opt/airflow/dags/assignment_main.py
[2023-01-24T17:57:54.066+0000] {processor.py:743} INFO - Processing file /opt/airflow/dags/assignment_main.py for tasks to queue
[2023-01-24T17:57:54.068+0000] {logging_mixin.py:137} INFO - [2023-01-24T17:57:54.067+0000] {dagbag.py:538} INFO - Filling up the DagBag from /opt/airflow/dags/assignment_main.py
[2023-01-24T17:57:54.088+0000] {processor.py:753} INFO - DAG(s) dict_keys(['maingoal']) retrieved from /opt/airflow/dags/assignment_main.py
[2023-01-24T17:57:54.111+0000] {logging_mixin.py:137} INFO - [2023-01-24T17:57:54.111+0000] {dag.py:2690} INFO - Sync 1 DAGs
[2023-01-24T17:57:54.128+0000] {logging_mixin.py:137} INFO - [2023-01-24T17:57:54.127+0000] {dag.py:3441} INFO - Setting next_dagrun for maingoal to None, run_after=None
[2023-01-24T17:57:54.139+0000] {processor.py:175} INFO - Processing /opt/airflow/dags/assignment_main.py took 0.080 seconds
[2023-01-24T17:58:24.898+0000] {processor.py:153} INFO - Started process (PID=17022) to work on /opt/airflow/dags/assignment_main.py
[2023-01-24T17:58:24.906+0000] {processor.py:743} INFO - Processing file /opt/airflow/dags/assignment_main.py for tasks to queue
[2023-01-24T17:58:24.914+0000] {logging_mixin.py:137} INFO - [2023-01-24T17:58:24.913+0000] {dagbag.py:538} INFO - Filling up the DagBag from /opt/airflow/dags/assignment_main.py
[2023-01-24T17:58:25.013+0000] {processor.py:753} INFO - DAG(s) dict_keys(['maingoal']) retrieved from /opt/airflow/dags/assignment_main.py
[2023-01-24T17:58:25.061+0000] {logging_mixin.py:137} INFO - [2023-01-24T17:58:25.061+0000] {dag.py:2690} INFO - Sync 1 DAGs
[2023-01-24T17:58:25.105+0000] {logging_mixin.py:137} INFO - [2023-01-24T17:58:25.105+0000] {dag.py:3441} INFO - Setting next_dagrun for maingoal to None, run_after=None
[2023-01-24T17:58:25.123+0000] {processor.py:175} INFO - Processing /opt/airflow/dags/assignment_main.py took 0.236 seconds
[2023-01-24T17:58:55.221+0000] {processor.py:153} INFO - Started process (PID=17099) to work on /opt/airflow/dags/assignment_main.py
[2023-01-24T17:58:55.225+0000] {processor.py:743} INFO - Processing file /opt/airflow/dags/assignment_main.py for tasks to queue
[2023-01-24T17:58:55.227+0000] {logging_mixin.py:137} INFO - [2023-01-24T17:58:55.227+0000] {dagbag.py:538} INFO - Filling up the DagBag from /opt/airflow/dags/assignment_main.py
[2023-01-24T17:58:55.248+0000] {processor.py:753} INFO - DAG(s) dict_keys(['maingoal']) retrieved from /opt/airflow/dags/assignment_main.py
[2023-01-24T17:58:55.270+0000] {logging_mixin.py:137} INFO - [2023-01-24T17:58:55.269+0000] {dag.py:2690} INFO - Sync 1 DAGs
[2023-01-24T17:58:55.284+0000] {logging_mixin.py:137} INFO - [2023-01-24T17:58:55.284+0000] {dag.py:3441} INFO - Setting next_dagrun for maingoal to None, run_after=None
[2023-01-24T17:58:55.294+0000] {processor.py:175} INFO - Processing /opt/airflow/dags/assignment_main.py took 0.080 seconds
[2023-01-24T17:59:26.034+0000] {processor.py:153} INFO - Started process (PID=17192) to work on /opt/airflow/dags/assignment_main.py
[2023-01-24T17:59:26.036+0000] {processor.py:743} INFO - Processing file /opt/airflow/dags/assignment_main.py for tasks to queue
[2023-01-24T17:59:26.037+0000] {logging_mixin.py:137} INFO - [2023-01-24T17:59:26.037+0000] {dagbag.py:538} INFO - Filling up the DagBag from /opt/airflow/dags/assignment_main.py
[2023-01-24T17:59:26.056+0000] {processor.py:753} INFO - DAG(s) dict_keys(['maingoal']) retrieved from /opt/airflow/dags/assignment_main.py
[2023-01-24T17:59:26.076+0000] {logging_mixin.py:137} INFO - [2023-01-24T17:59:26.076+0000] {dag.py:2690} INFO - Sync 1 DAGs
[2023-01-24T17:59:26.089+0000] {logging_mixin.py:137} INFO - [2023-01-24T17:59:26.089+0000] {dag.py:3441} INFO - Setting next_dagrun for maingoal to None, run_after=None
[2023-01-24T17:59:26.100+0000] {processor.py:175} INFO - Processing /opt/airflow/dags/assignment_main.py took 0.070 seconds
[2023-01-24T17:59:56.677+0000] {processor.py:153} INFO - Started process (PID=17285) to work on /opt/airflow/dags/assignment_main.py
[2023-01-24T17:59:56.681+0000] {processor.py:743} INFO - Processing file /opt/airflow/dags/assignment_main.py for tasks to queue
[2023-01-24T17:59:56.683+0000] {logging_mixin.py:137} INFO - [2023-01-24T17:59:56.683+0000] {dagbag.py:538} INFO - Filling up the DagBag from /opt/airflow/dags/assignment_main.py
[2023-01-24T17:59:56.705+0000] {processor.py:753} INFO - DAG(s) dict_keys(['maingoal']) retrieved from /opt/airflow/dags/assignment_main.py
[2023-01-24T17:59:56.726+0000] {logging_mixin.py:137} INFO - [2023-01-24T17:59:56.726+0000] {dag.py:2690} INFO - Sync 1 DAGs
[2023-01-24T17:59:56.740+0000] {logging_mixin.py:137} INFO - [2023-01-24T17:59:56.740+0000] {dag.py:3441} INFO - Setting next_dagrun for maingoal to None, run_after=None
[2023-01-24T17:59:56.753+0000] {processor.py:175} INFO - Processing /opt/airflow/dags/assignment_main.py took 0.083 seconds
[2023-01-24T18:00:27.364+0000] {processor.py:153} INFO - Started process (PID=17371) to work on /opt/airflow/dags/assignment_main.py
[2023-01-24T18:00:27.366+0000] {processor.py:743} INFO - Processing file /opt/airflow/dags/assignment_main.py for tasks to queue
[2023-01-24T18:00:27.367+0000] {logging_mixin.py:137} INFO - [2023-01-24T18:00:27.367+0000] {dagbag.py:538} INFO - Filling up the DagBag from /opt/airflow/dags/assignment_main.py
[2023-01-24T18:00:27.384+0000] {processor.py:753} INFO - DAG(s) dict_keys(['maingoal']) retrieved from /opt/airflow/dags/assignment_main.py
[2023-01-24T18:00:27.418+0000] {logging_mixin.py:137} INFO - [2023-01-24T18:00:27.418+0000] {dag.py:2690} INFO - Sync 1 DAGs
[2023-01-24T18:00:27.458+0000] {logging_mixin.py:137} INFO - [2023-01-24T18:00:27.458+0000] {dag.py:3441} INFO - Setting next_dagrun for maingoal to None, run_after=None
[2023-01-24T18:00:27.474+0000] {processor.py:175} INFO - Processing /opt/airflow/dags/assignment_main.py took 0.113 seconds
[2023-01-24T18:00:58.196+0000] {processor.py:153} INFO - Started process (PID=17455) to work on /opt/airflow/dags/assignment_main.py
[2023-01-24T18:00:58.200+0000] {processor.py:743} INFO - Processing file /opt/airflow/dags/assignment_main.py for tasks to queue
[2023-01-24T18:00:58.202+0000] {logging_mixin.py:137} INFO - [2023-01-24T18:00:58.201+0000] {dagbag.py:538} INFO - Filling up the DagBag from /opt/airflow/dags/assignment_main.py
[2023-01-24T18:00:58.225+0000] {processor.py:753} INFO - DAG(s) dict_keys(['maingoal']) retrieved from /opt/airflow/dags/assignment_main.py
[2023-01-24T18:00:58.247+0000] {logging_mixin.py:137} INFO - [2023-01-24T18:00:58.247+0000] {dag.py:2690} INFO - Sync 1 DAGs
[2023-01-24T18:00:58.262+0000] {logging_mixin.py:137} INFO - [2023-01-24T18:00:58.262+0000] {dag.py:3441} INFO - Setting next_dagrun for maingoal to None, run_after=None
[2023-01-24T18:00:58.272+0000] {processor.py:175} INFO - Processing /opt/airflow/dags/assignment_main.py took 0.082 seconds
[2023-01-24T18:01:28.718+0000] {processor.py:153} INFO - Started process (PID=17548) to work on /opt/airflow/dags/assignment_main.py
[2023-01-24T18:01:28.720+0000] {processor.py:743} INFO - Processing file /opt/airflow/dags/assignment_main.py for tasks to queue
[2023-01-24T18:01:28.721+0000] {logging_mixin.py:137} INFO - [2023-01-24T18:01:28.721+0000] {dagbag.py:538} INFO - Filling up the DagBag from /opt/airflow/dags/assignment_main.py
[2023-01-24T18:01:28.740+0000] {processor.py:753} INFO - DAG(s) dict_keys(['maingoal']) retrieved from /opt/airflow/dags/assignment_main.py
[2023-01-24T18:01:28.761+0000] {logging_mixin.py:137} INFO - [2023-01-24T18:01:28.761+0000] {dag.py:2690} INFO - Sync 1 DAGs
[2023-01-24T18:01:28.777+0000] {logging_mixin.py:137} INFO - [2023-01-24T18:01:28.776+0000] {dag.py:3441} INFO - Setting next_dagrun for maingoal to None, run_after=None
[2023-01-24T18:01:28.788+0000] {processor.py:175} INFO - Processing /opt/airflow/dags/assignment_main.py took 0.073 seconds
[2023-01-24T18:01:58.845+0000] {processor.py:153} INFO - Started process (PID=17641) to work on /opt/airflow/dags/assignment_main.py
[2023-01-24T18:01:58.847+0000] {processor.py:743} INFO - Processing file /opt/airflow/dags/assignment_main.py for tasks to queue
[2023-01-24T18:01:58.848+0000] {logging_mixin.py:137} INFO - [2023-01-24T18:01:58.848+0000] {dagbag.py:538} INFO - Filling up the DagBag from /opt/airflow/dags/assignment_main.py
[2023-01-24T18:01:58.864+0000] {processor.py:753} INFO - DAG(s) dict_keys(['maingoal']) retrieved from /opt/airflow/dags/assignment_main.py
[2023-01-24T18:01:58.886+0000] {logging_mixin.py:137} INFO - [2023-01-24T18:01:58.886+0000] {dag.py:2690} INFO - Sync 1 DAGs
[2023-01-24T18:01:58.908+0000] {logging_mixin.py:137} INFO - [2023-01-24T18:01:58.908+0000] {dag.py:3441} INFO - Setting next_dagrun for maingoal to None, run_after=None
[2023-01-24T18:01:58.928+0000] {processor.py:175} INFO - Processing /opt/airflow/dags/assignment_main.py took 0.086 seconds
[2023-01-24T18:02:29.466+0000] {processor.py:153} INFO - Started process (PID=17712) to work on /opt/airflow/dags/assignment_main.py
[2023-01-24T18:02:29.467+0000] {processor.py:743} INFO - Processing file /opt/airflow/dags/assignment_main.py for tasks to queue
[2023-01-24T18:02:29.468+0000] {logging_mixin.py:137} INFO - [2023-01-24T18:02:29.468+0000] {dagbag.py:538} INFO - Filling up the DagBag from /opt/airflow/dags/assignment_main.py
[2023-01-24T18:02:29.486+0000] {processor.py:753} INFO - DAG(s) dict_keys(['maingoal']) retrieved from /opt/airflow/dags/assignment_main.py
[2023-01-24T18:02:29.507+0000] {logging_mixin.py:137} INFO - [2023-01-24T18:02:29.507+0000] {dag.py:2690} INFO - Sync 1 DAGs
[2023-01-24T18:02:29.523+0000] {logging_mixin.py:137} INFO - [2023-01-24T18:02:29.523+0000] {dag.py:3441} INFO - Setting next_dagrun for maingoal to None, run_after=None
[2023-01-24T18:02:29.534+0000] {processor.py:175} INFO - Processing /opt/airflow/dags/assignment_main.py took 0.072 seconds
[2023-01-24T18:03:00.300+0000] {processor.py:153} INFO - Started process (PID=17805) to work on /opt/airflow/dags/assignment_main.py
[2023-01-24T18:03:00.301+0000] {processor.py:743} INFO - Processing file /opt/airflow/dags/assignment_main.py for tasks to queue
[2023-01-24T18:03:00.302+0000] {logging_mixin.py:137} INFO - [2023-01-24T18:03:00.302+0000] {dagbag.py:538} INFO - Filling up the DagBag from /opt/airflow/dags/assignment_main.py
[2023-01-24T18:03:00.319+0000] {processor.py:753} INFO - DAG(s) dict_keys(['maingoal']) retrieved from /opt/airflow/dags/assignment_main.py
[2023-01-24T18:03:00.340+0000] {logging_mixin.py:137} INFO - [2023-01-24T18:03:00.340+0000] {dag.py:2690} INFO - Sync 1 DAGs
[2023-01-24T18:03:00.354+0000] {logging_mixin.py:137} INFO - [2023-01-24T18:03:00.354+0000] {dag.py:3441} INFO - Setting next_dagrun for maingoal to None, run_after=None
[2023-01-24T18:03:00.365+0000] {processor.py:175} INFO - Processing /opt/airflow/dags/assignment_main.py took 0.069 seconds
[2023-01-24T18:03:31.179+0000] {processor.py:153} INFO - Started process (PID=17897) to work on /opt/airflow/dags/assignment_main.py
[2023-01-24T18:03:31.181+0000] {processor.py:743} INFO - Processing file /opt/airflow/dags/assignment_main.py for tasks to queue
[2023-01-24T18:03:31.182+0000] {logging_mixin.py:137} INFO - [2023-01-24T18:03:31.182+0000] {dagbag.py:538} INFO - Filling up the DagBag from /opt/airflow/dags/assignment_main.py
[2023-01-24T18:03:31.204+0000] {processor.py:753} INFO - DAG(s) dict_keys(['maingoal']) retrieved from /opt/airflow/dags/assignment_main.py
[2023-01-24T18:03:31.226+0000] {logging_mixin.py:137} INFO - [2023-01-24T18:03:31.226+0000] {dag.py:2690} INFO - Sync 1 DAGs
[2023-01-24T18:03:31.241+0000] {logging_mixin.py:137} INFO - [2023-01-24T18:03:31.241+0000] {dag.py:3441} INFO - Setting next_dagrun for maingoal to None, run_after=None
[2023-01-24T18:03:31.252+0000] {processor.py:175} INFO - Processing /opt/airflow/dags/assignment_main.py took 0.080 seconds
[2023-01-24T18:04:01.343+0000] {processor.py:153} INFO - Started process (PID=17974) to work on /opt/airflow/dags/assignment_main.py
[2023-01-24T18:04:01.344+0000] {processor.py:743} INFO - Processing file /opt/airflow/dags/assignment_main.py for tasks to queue
[2023-01-24T18:04:01.345+0000] {logging_mixin.py:137} INFO - [2023-01-24T18:04:01.345+0000] {dagbag.py:538} INFO - Filling up the DagBag from /opt/airflow/dags/assignment_main.py
[2023-01-24T18:04:01.362+0000] {processor.py:753} INFO - DAG(s) dict_keys(['maingoal']) retrieved from /opt/airflow/dags/assignment_main.py
[2023-01-24T18:04:01.383+0000] {logging_mixin.py:137} INFO - [2023-01-24T18:04:01.383+0000] {dag.py:2690} INFO - Sync 1 DAGs
[2023-01-24T18:04:01.398+0000] {logging_mixin.py:137} INFO - [2023-01-24T18:04:01.398+0000] {dag.py:3441} INFO - Setting next_dagrun for maingoal to None, run_after=None
[2023-01-24T18:04:01.409+0000] {processor.py:175} INFO - Processing /opt/airflow/dags/assignment_main.py took 0.070 seconds
[2023-01-24T18:04:32.416+0000] {processor.py:153} INFO - Started process (PID=18067) to work on /opt/airflow/dags/assignment_main.py
[2023-01-24T18:04:32.418+0000] {processor.py:743} INFO - Processing file /opt/airflow/dags/assignment_main.py for tasks to queue
[2023-01-24T18:04:32.419+0000] {logging_mixin.py:137} INFO - [2023-01-24T18:04:32.419+0000] {dagbag.py:538} INFO - Filling up the DagBag from /opt/airflow/dags/assignment_main.py
[2023-01-24T18:04:32.437+0000] {processor.py:753} INFO - DAG(s) dict_keys(['maingoal']) retrieved from /opt/airflow/dags/assignment_main.py
[2023-01-24T18:04:32.458+0000] {logging_mixin.py:137} INFO - [2023-01-24T18:04:32.457+0000] {dag.py:2690} INFO - Sync 1 DAGs
[2023-01-24T18:04:32.472+0000] {logging_mixin.py:137} INFO - [2023-01-24T18:04:32.472+0000] {dag.py:3441} INFO - Setting next_dagrun for maingoal to None, run_after=None
[2023-01-24T18:04:32.484+0000] {processor.py:175} INFO - Processing /opt/airflow/dags/assignment_main.py took 0.071 seconds
[2023-01-24T18:05:02.585+0000] {processor.py:153} INFO - Started process (PID=18147) to work on /opt/airflow/dags/assignment_main.py
[2023-01-24T18:05:02.587+0000] {processor.py:743} INFO - Processing file /opt/airflow/dags/assignment_main.py for tasks to queue
[2023-01-24T18:05:02.588+0000] {logging_mixin.py:137} INFO - [2023-01-24T18:05:02.588+0000] {dagbag.py:538} INFO - Filling up the DagBag from /opt/airflow/dags/assignment_main.py
[2023-01-24T18:05:02.604+0000] {processor.py:753} INFO - DAG(s) dict_keys(['maingoal']) retrieved from /opt/airflow/dags/assignment_main.py
[2023-01-24T18:05:02.624+0000] {logging_mixin.py:137} INFO - [2023-01-24T18:05:02.623+0000] {dag.py:2690} INFO - Sync 1 DAGs
[2023-01-24T18:05:02.639+0000] {logging_mixin.py:137} INFO - [2023-01-24T18:05:02.639+0000] {dag.py:3441} INFO - Setting next_dagrun for maingoal to None, run_after=None
[2023-01-24T18:05:02.650+0000] {processor.py:175} INFO - Processing /opt/airflow/dags/assignment_main.py took 0.067 seconds
[2023-01-24T18:05:33.509+0000] {processor.py:153} INFO - Started process (PID=18224) to work on /opt/airflow/dags/assignment_main.py
[2023-01-24T18:05:33.511+0000] {processor.py:743} INFO - Processing file /opt/airflow/dags/assignment_main.py for tasks to queue
[2023-01-24T18:05:33.512+0000] {logging_mixin.py:137} INFO - [2023-01-24T18:05:33.511+0000] {dagbag.py:538} INFO - Filling up the DagBag from /opt/airflow/dags/assignment_main.py
[2023-01-24T18:05:33.534+0000] {processor.py:753} INFO - DAG(s) dict_keys(['maingoal']) retrieved from /opt/airflow/dags/assignment_main.py
[2023-01-24T18:05:33.557+0000] {logging_mixin.py:137} INFO - [2023-01-24T18:05:33.557+0000] {dag.py:2690} INFO - Sync 1 DAGs
[2023-01-24T18:05:33.574+0000] {logging_mixin.py:137} INFO - [2023-01-24T18:05:33.574+0000] {dag.py:3441} INFO - Setting next_dagrun for maingoal to None, run_after=None
[2023-01-24T18:05:33.586+0000] {processor.py:175} INFO - Processing /opt/airflow/dags/assignment_main.py took 0.080 seconds
[2023-01-24T18:06:04.575+0000] {processor.py:153} INFO - Started process (PID=18317) to work on /opt/airflow/dags/assignment_main.py
[2023-01-24T18:06:04.577+0000] {processor.py:743} INFO - Processing file /opt/airflow/dags/assignment_main.py for tasks to queue
[2023-01-24T18:06:04.578+0000] {logging_mixin.py:137} INFO - [2023-01-24T18:06:04.578+0000] {dagbag.py:538} INFO - Filling up the DagBag from /opt/airflow/dags/assignment_main.py
[2023-01-24T18:06:04.593+0000] {processor.py:753} INFO - DAG(s) dict_keys(['maingoal']) retrieved from /opt/airflow/dags/assignment_main.py
[2023-01-24T18:06:04.619+0000] {logging_mixin.py:137} INFO - [2023-01-24T18:06:04.619+0000] {dag.py:2690} INFO - Sync 1 DAGs
[2023-01-24T18:06:04.635+0000] {logging_mixin.py:137} INFO - [2023-01-24T18:06:04.635+0000] {dag.py:3441} INFO - Setting next_dagrun for maingoal to None, run_after=None
[2023-01-24T18:06:04.647+0000] {processor.py:175} INFO - Processing /opt/airflow/dags/assignment_main.py took 0.076 seconds
[2023-01-24T18:06:35.487+0000] {processor.py:153} INFO - Started process (PID=18410) to work on /opt/airflow/dags/assignment_main.py
[2023-01-24T18:06:35.490+0000] {processor.py:743} INFO - Processing file /opt/airflow/dags/assignment_main.py for tasks to queue
[2023-01-24T18:06:35.491+0000] {logging_mixin.py:137} INFO - [2023-01-24T18:06:35.491+0000] {dagbag.py:538} INFO - Filling up the DagBag from /opt/airflow/dags/assignment_main.py
[2023-01-24T18:06:35.523+0000] {processor.py:753} INFO - DAG(s) dict_keys(['maingoal']) retrieved from /opt/airflow/dags/assignment_main.py
[2023-01-24T18:06:35.549+0000] {logging_mixin.py:137} INFO - [2023-01-24T18:06:35.549+0000] {dag.py:2690} INFO - Sync 1 DAGs
[2023-01-24T18:06:35.568+0000] {logging_mixin.py:137} INFO - [2023-01-24T18:06:35.568+0000] {dag.py:3441} INFO - Setting next_dagrun for maingoal to None, run_after=None
[2023-01-24T18:06:35.580+0000] {processor.py:175} INFO - Processing /opt/airflow/dags/assignment_main.py took 0.097 seconds
[2023-01-24T18:14:05.880+0000] {processor.py:153} INFO - Started process (PID=18471) to work on /opt/airflow/dags/assignment_main.py
[2023-01-24T18:14:05.932+0000] {processor.py:743} INFO - Processing file /opt/airflow/dags/assignment_main.py for tasks to queue
[2023-01-24T18:14:05.940+0000] {logging_mixin.py:137} INFO - [2023-01-24T18:14:05.940+0000] {dagbag.py:538} INFO - Filling up the DagBag from /opt/airflow/dags/assignment_main.py
[2023-01-24T18:14:06.150+0000] {processor.py:753} INFO - DAG(s) dict_keys(['maingoal']) retrieved from /opt/airflow/dags/assignment_main.py
[2023-01-24T18:14:06.249+0000] {logging_mixin.py:137} INFO - [2023-01-24T18:14:06.249+0000] {dag.py:2690} INFO - Sync 1 DAGs
[2023-01-24T18:14:06.283+0000] {logging_mixin.py:137} INFO - [2023-01-24T18:14:06.283+0000] {dag.py:3441} INFO - Setting next_dagrun for maingoal to None, run_after=None
[2023-01-24T18:14:06.338+0000] {processor.py:175} INFO - Processing /opt/airflow/dags/assignment_main.py took 0.468 seconds
[2023-01-24T18:14:47.218+0000] {processor.py:153} INFO - Started process (PID=18548) to work on /opt/airflow/dags/assignment_main.py
[2023-01-24T18:14:47.220+0000] {processor.py:743} INFO - Processing file /opt/airflow/dags/assignment_main.py for tasks to queue
[2023-01-24T18:14:47.222+0000] {logging_mixin.py:137} INFO - [2023-01-24T18:14:47.222+0000] {dagbag.py:538} INFO - Filling up the DagBag from /opt/airflow/dags/assignment_main.py
[2023-01-24T18:14:47.267+0000] {processor.py:753} INFO - DAG(s) dict_keys(['maingoal']) retrieved from /opt/airflow/dags/assignment_main.py
[2023-01-24T18:14:47.294+0000] {logging_mixin.py:137} INFO - [2023-01-24T18:14:47.294+0000] {dag.py:2690} INFO - Sync 1 DAGs
[2023-01-24T18:14:47.313+0000] {logging_mixin.py:137} INFO - [2023-01-24T18:14:47.313+0000] {dag.py:3441} INFO - Setting next_dagrun for maingoal to None, run_after=None
[2023-01-24T18:14:47.325+0000] {processor.py:175} INFO - Processing /opt/airflow/dags/assignment_main.py took 0.111 seconds
[2023-01-24T18:16:19.546+0000] {processor.py:153} INFO - Started process (PID=18641) to work on /opt/airflow/dags/assignment_main.py
[2023-01-24T18:16:19.548+0000] {processor.py:743} INFO - Processing file /opt/airflow/dags/assignment_main.py for tasks to queue
[2023-01-24T18:16:19.549+0000] {logging_mixin.py:137} INFO - [2023-01-24T18:16:19.549+0000] {dagbag.py:538} INFO - Filling up the DagBag from /opt/airflow/dags/assignment_main.py
[2023-01-24T18:16:19.564+0000] {processor.py:753} INFO - DAG(s) dict_keys(['maingoal']) retrieved from /opt/airflow/dags/assignment_main.py
[2023-01-24T18:16:19.583+0000] {logging_mixin.py:137} INFO - [2023-01-24T18:16:19.583+0000] {dag.py:2690} INFO - Sync 1 DAGs
[2023-01-24T18:16:19.598+0000] {logging_mixin.py:137} INFO - [2023-01-24T18:16:19.598+0000] {dag.py:3441} INFO - Setting next_dagrun for maingoal to None, run_after=None
[2023-01-24T18:16:19.608+0000] {processor.py:175} INFO - Processing /opt/airflow/dags/assignment_main.py took 0.064 seconds
[2023-01-24T19:21:59.191+0000] {processor.py:153} INFO - Started process (PID=18718) to work on /opt/airflow/dags/assignment_main.py
[2023-01-24T19:21:59.192+0000] {processor.py:743} INFO - Processing file /opt/airflow/dags/assignment_main.py for tasks to queue
[2023-01-24T19:21:59.193+0000] {logging_mixin.py:137} INFO - [2023-01-24T19:21:59.193+0000] {dagbag.py:538} INFO - Filling up the DagBag from /opt/airflow/dags/assignment_main.py
[2023-01-24T19:21:59.211+0000] {processor.py:753} INFO - DAG(s) dict_keys(['maingoal']) retrieved from /opt/airflow/dags/assignment_main.py
[2023-01-24T19:21:59.232+0000] {logging_mixin.py:137} INFO - [2023-01-24T19:21:59.232+0000] {dag.py:2690} INFO - Sync 1 DAGs
[2023-01-24T19:21:59.247+0000] {logging_mixin.py:137} INFO - [2023-01-24T19:21:59.247+0000] {dag.py:3441} INFO - Setting next_dagrun for maingoal to None, run_after=None
[2023-01-24T19:21:59.258+0000] {processor.py:175} INFO - Processing /opt/airflow/dags/assignment_main.py took 0.070 seconds
[2023-01-24T19:27:23.707+0000] {processor.py:153} INFO - Started process (PID=18810) to work on /opt/airflow/dags/assignment_main.py
[2023-01-24T19:27:23.709+0000] {processor.py:743} INFO - Processing file /opt/airflow/dags/assignment_main.py for tasks to queue
[2023-01-24T19:27:23.710+0000] {logging_mixin.py:137} INFO - [2023-01-24T19:27:23.710+0000] {dagbag.py:538} INFO - Filling up the DagBag from /opt/airflow/dags/assignment_main.py
[2023-01-24T19:27:23.746+0000] {processor.py:753} INFO - DAG(s) dict_keys(['maingoal']) retrieved from /opt/airflow/dags/assignment_main.py
[2023-01-24T19:27:23.772+0000] {logging_mixin.py:137} INFO - [2023-01-24T19:27:23.772+0000] {dag.py:2690} INFO - Sync 1 DAGs
[2023-01-24T19:27:23.791+0000] {logging_mixin.py:137} INFO - [2023-01-24T19:27:23.791+0000] {dag.py:3441} INFO - Setting next_dagrun for maingoal to None, run_after=None
[2023-01-24T19:27:23.804+0000] {processor.py:175} INFO - Processing /opt/airflow/dags/assignment_main.py took 0.100 seconds
[2023-01-24T19:27:54.259+0000] {processor.py:153} INFO - Started process (PID=18887) to work on /opt/airflow/dags/assignment_main.py
[2023-01-24T19:27:54.261+0000] {processor.py:743} INFO - Processing file /opt/airflow/dags/assignment_main.py for tasks to queue
[2023-01-24T19:27:54.263+0000] {logging_mixin.py:137} INFO - [2023-01-24T19:27:54.263+0000] {dagbag.py:538} INFO - Filling up the DagBag from /opt/airflow/dags/assignment_main.py
[2023-01-24T19:27:54.298+0000] {processor.py:753} INFO - DAG(s) dict_keys(['maingoal']) retrieved from /opt/airflow/dags/assignment_main.py
[2023-01-24T19:27:54.325+0000] {logging_mixin.py:137} INFO - [2023-01-24T19:27:54.325+0000] {dag.py:2690} INFO - Sync 1 DAGs
[2023-01-24T19:27:54.344+0000] {logging_mixin.py:137} INFO - [2023-01-24T19:27:54.344+0000] {dag.py:3441} INFO - Setting next_dagrun for maingoal to None, run_after=None
[2023-01-24T19:27:54.356+0000] {processor.py:175} INFO - Processing /opt/airflow/dags/assignment_main.py took 0.100 seconds
[2023-01-24T19:28:25.354+0000] {processor.py:153} INFO - Started process (PID=18980) to work on /opt/airflow/dags/assignment_main.py
[2023-01-24T19:28:25.355+0000] {processor.py:743} INFO - Processing file /opt/airflow/dags/assignment_main.py for tasks to queue
[2023-01-24T19:28:25.358+0000] {logging_mixin.py:137} INFO - [2023-01-24T19:28:25.358+0000] {dagbag.py:538} INFO - Filling up the DagBag from /opt/airflow/dags/assignment_main.py
[2023-01-24T19:28:25.373+0000] {processor.py:753} INFO - DAG(s) dict_keys(['maingoal']) retrieved from /opt/airflow/dags/assignment_main.py
[2023-01-24T19:28:25.392+0000] {logging_mixin.py:137} INFO - [2023-01-24T19:28:25.392+0000] {dag.py:2690} INFO - Sync 1 DAGs
[2023-01-24T19:28:25.408+0000] {logging_mixin.py:137} INFO - [2023-01-24T19:28:25.407+0000] {dag.py:3441} INFO - Setting next_dagrun for maingoal to None, run_after=None
[2023-01-24T19:28:25.418+0000] {processor.py:175} INFO - Processing /opt/airflow/dags/assignment_main.py took 0.066 seconds
[2023-01-24T19:28:55.841+0000] {processor.py:153} INFO - Started process (PID=19073) to work on /opt/airflow/dags/assignment_main.py
[2023-01-24T19:28:55.842+0000] {processor.py:743} INFO - Processing file /opt/airflow/dags/assignment_main.py for tasks to queue
[2023-01-24T19:28:55.842+0000] {logging_mixin.py:137} INFO - [2023-01-24T19:28:55.842+0000] {dagbag.py:538} INFO - Filling up the DagBag from /opt/airflow/dags/assignment_main.py
[2023-01-24T19:28:55.859+0000] {processor.py:753} INFO - DAG(s) dict_keys(['maingoal']) retrieved from /opt/airflow/dags/assignment_main.py
[2023-01-24T19:28:55.878+0000] {logging_mixin.py:137} INFO - [2023-01-24T19:28:55.878+0000] {dag.py:2690} INFO - Sync 1 DAGs
[2023-01-24T19:28:55.893+0000] {logging_mixin.py:137} INFO - [2023-01-24T19:28:55.893+0000] {dag.py:3441} INFO - Setting next_dagrun for maingoal to None, run_after=None
[2023-01-24T19:28:55.903+0000] {processor.py:175} INFO - Processing /opt/airflow/dags/assignment_main.py took 0.065 seconds
[2023-01-24T19:29:26.456+0000] {processor.py:153} INFO - Started process (PID=19167) to work on /opt/airflow/dags/assignment_main.py
[2023-01-24T19:29:26.458+0000] {processor.py:743} INFO - Processing file /opt/airflow/dags/assignment_main.py for tasks to queue
[2023-01-24T19:29:26.459+0000] {logging_mixin.py:137} INFO - [2023-01-24T19:29:26.459+0000] {dagbag.py:538} INFO - Filling up the DagBag from /opt/airflow/dags/assignment_main.py
[2023-01-24T19:29:26.475+0000] {processor.py:753} INFO - DAG(s) dict_keys(['maingoal']) retrieved from /opt/airflow/dags/assignment_main.py
[2023-01-24T19:29:26.500+0000] {logging_mixin.py:137} INFO - [2023-01-24T19:29:26.500+0000] {dag.py:2690} INFO - Sync 1 DAGs
[2023-01-24T19:29:26.523+0000] {logging_mixin.py:137} INFO - [2023-01-24T19:29:26.523+0000] {dag.py:3441} INFO - Setting next_dagrun for maingoal to None, run_after=None
[2023-01-24T19:29:26.540+0000] {processor.py:175} INFO - Processing /opt/airflow/dags/assignment_main.py took 0.086 seconds
[2023-01-24T19:29:56.966+0000] {processor.py:153} INFO - Started process (PID=19244) to work on /opt/airflow/dags/assignment_main.py
[2023-01-24T19:29:56.967+0000] {processor.py:743} INFO - Processing file /opt/airflow/dags/assignment_main.py for tasks to queue
[2023-01-24T19:29:56.969+0000] {logging_mixin.py:137} INFO - [2023-01-24T19:29:56.969+0000] {dagbag.py:538} INFO - Filling up the DagBag from /opt/airflow/dags/assignment_main.py
[2023-01-24T19:29:56.989+0000] {processor.py:753} INFO - DAG(s) dict_keys(['maingoal']) retrieved from /opt/airflow/dags/assignment_main.py
[2023-01-24T19:29:57.012+0000] {logging_mixin.py:137} INFO - [2023-01-24T19:29:57.012+0000] {dag.py:2690} INFO - Sync 1 DAGs
[2023-01-24T19:29:57.029+0000] {logging_mixin.py:137} INFO - [2023-01-24T19:29:57.028+0000] {dag.py:3441} INFO - Setting next_dagrun for maingoal to None, run_after=None
[2023-01-24T19:29:57.040+0000] {processor.py:175} INFO - Processing /opt/airflow/dags/assignment_main.py took 0.078 seconds
[2023-01-24T19:30:27.772+0000] {processor.py:153} INFO - Started process (PID=19337) to work on /opt/airflow/dags/assignment_main.py
[2023-01-24T19:30:27.773+0000] {processor.py:743} INFO - Processing file /opt/airflow/dags/assignment_main.py for tasks to queue
[2023-01-24T19:30:27.774+0000] {logging_mixin.py:137} INFO - [2023-01-24T19:30:27.774+0000] {dagbag.py:538} INFO - Filling up the DagBag from /opt/airflow/dags/assignment_main.py
[2023-01-24T19:30:27.789+0000] {processor.py:753} INFO - DAG(s) dict_keys(['maingoal']) retrieved from /opt/airflow/dags/assignment_main.py
[2023-01-24T19:30:27.810+0000] {logging_mixin.py:137} INFO - [2023-01-24T19:30:27.810+0000] {dag.py:2690} INFO - Sync 1 DAGs
[2023-01-24T19:30:27.824+0000] {logging_mixin.py:137} INFO - [2023-01-24T19:30:27.824+0000] {dag.py:3441} INFO - Setting next_dagrun for maingoal to None, run_after=None
[2023-01-24T19:30:27.835+0000] {processor.py:175} INFO - Processing /opt/airflow/dags/assignment_main.py took 0.066 seconds
[2023-01-24T19:30:58.254+0000] {processor.py:153} INFO - Started process (PID=19430) to work on /opt/airflow/dags/assignment_main.py
[2023-01-24T19:30:58.255+0000] {processor.py:743} INFO - Processing file /opt/airflow/dags/assignment_main.py for tasks to queue
[2023-01-24T19:30:58.256+0000] {logging_mixin.py:137} INFO - [2023-01-24T19:30:58.256+0000] {dagbag.py:538} INFO - Filling up the DagBag from /opt/airflow/dags/assignment_main.py
[2023-01-24T19:30:58.270+0000] {processor.py:753} INFO - DAG(s) dict_keys(['maingoal']) retrieved from /opt/airflow/dags/assignment_main.py
[2023-01-24T19:30:58.290+0000] {logging_mixin.py:137} INFO - [2023-01-24T19:30:58.290+0000] {dag.py:2690} INFO - Sync 1 DAGs
[2023-01-24T19:30:58.304+0000] {logging_mixin.py:137} INFO - [2023-01-24T19:30:58.304+0000] {dag.py:3441} INFO - Setting next_dagrun for maingoal to None, run_after=None
[2023-01-24T19:30:58.314+0000] {processor.py:175} INFO - Processing /opt/airflow/dags/assignment_main.py took 0.063 seconds
[2023-01-24T19:31:28.945+0000] {processor.py:153} INFO - Started process (PID=19507) to work on /opt/airflow/dags/assignment_main.py
[2023-01-24T19:31:28.947+0000] {processor.py:743} INFO - Processing file /opt/airflow/dags/assignment_main.py for tasks to queue
[2023-01-24T19:31:28.948+0000] {logging_mixin.py:137} INFO - [2023-01-24T19:31:28.948+0000] {dagbag.py:538} INFO - Filling up the DagBag from /opt/airflow/dags/assignment_main.py
[2023-01-24T19:31:28.967+0000] {processor.py:753} INFO - DAG(s) dict_keys(['maingoal']) retrieved from /opt/airflow/dags/assignment_main.py
[2023-01-24T19:31:28.988+0000] {logging_mixin.py:137} INFO - [2023-01-24T19:31:28.987+0000] {dag.py:2690} INFO - Sync 1 DAGs
[2023-01-24T19:31:29.002+0000] {logging_mixin.py:137} INFO - [2023-01-24T19:31:29.002+0000] {dag.py:3441} INFO - Setting next_dagrun for maingoal to None, run_after=None
[2023-01-24T19:31:29.013+0000] {processor.py:175} INFO - Processing /opt/airflow/dags/assignment_main.py took 0.072 seconds
[2023-01-24T19:31:59.645+0000] {processor.py:153} INFO - Started process (PID=19600) to work on /opt/airflow/dags/assignment_main.py
[2023-01-24T19:31:59.647+0000] {processor.py:743} INFO - Processing file /opt/airflow/dags/assignment_main.py for tasks to queue
[2023-01-24T19:31:59.649+0000] {logging_mixin.py:137} INFO - [2023-01-24T19:31:59.649+0000] {dagbag.py:538} INFO - Filling up the DagBag from /opt/airflow/dags/assignment_main.py
[2023-01-24T19:31:59.676+0000] {processor.py:753} INFO - DAG(s) dict_keys(['maingoal']) retrieved from /opt/airflow/dags/assignment_main.py
[2023-01-24T19:31:59.701+0000] {logging_mixin.py:137} INFO - [2023-01-24T19:31:59.701+0000] {dag.py:2690} INFO - Sync 1 DAGs
[2023-01-24T19:31:59.719+0000] {logging_mixin.py:137} INFO - [2023-01-24T19:31:59.719+0000] {dag.py:3441} INFO - Setting next_dagrun for maingoal to None, run_after=None
[2023-01-24T19:31:59.731+0000] {processor.py:175} INFO - Processing /opt/airflow/dags/assignment_main.py took 0.090 seconds
[2023-01-24T19:32:30.204+0000] {processor.py:153} INFO - Started process (PID=19693) to work on /opt/airflow/dags/assignment_main.py
[2023-01-24T19:32:30.206+0000] {processor.py:743} INFO - Processing file /opt/airflow/dags/assignment_main.py for tasks to queue
[2023-01-24T19:32:30.207+0000] {logging_mixin.py:137} INFO - [2023-01-24T19:32:30.207+0000] {dagbag.py:538} INFO - Filling up the DagBag from /opt/airflow/dags/assignment_main.py
[2023-01-24T19:32:30.223+0000] {processor.py:753} INFO - DAG(s) dict_keys(['maingoal']) retrieved from /opt/airflow/dags/assignment_main.py
[2023-01-24T19:32:30.242+0000] {logging_mixin.py:137} INFO - [2023-01-24T19:32:30.242+0000] {dag.py:2690} INFO - Sync 1 DAGs
[2023-01-24T19:32:30.257+0000] {logging_mixin.py:137} INFO - [2023-01-24T19:32:30.257+0000] {dag.py:3441} INFO - Setting next_dagrun for maingoal to None, run_after=None
[2023-01-24T19:32:30.268+0000] {processor.py:175} INFO - Processing /opt/airflow/dags/assignment_main.py took 0.066 seconds
[2023-01-24T19:33:00.667+0000] {processor.py:153} INFO - Started process (PID=19770) to work on /opt/airflow/dags/assignment_main.py
[2023-01-24T19:33:00.669+0000] {processor.py:743} INFO - Processing file /opt/airflow/dags/assignment_main.py for tasks to queue
[2023-01-24T19:33:00.670+0000] {logging_mixin.py:137} INFO - [2023-01-24T19:33:00.670+0000] {dagbag.py:538} INFO - Filling up the DagBag from /opt/airflow/dags/assignment_main.py
[2023-01-24T19:33:00.689+0000] {processor.py:753} INFO - DAG(s) dict_keys(['maingoal']) retrieved from /opt/airflow/dags/assignment_main.py
[2023-01-24T19:33:00.709+0000] {logging_mixin.py:137} INFO - [2023-01-24T19:33:00.709+0000] {dag.py:2690} INFO - Sync 1 DAGs
[2023-01-24T19:33:00.723+0000] {logging_mixin.py:137} INFO - [2023-01-24T19:33:00.723+0000] {dag.py:3441} INFO - Setting next_dagrun for maingoal to None, run_after=None
[2023-01-24T19:33:00.735+0000] {processor.py:175} INFO - Processing /opt/airflow/dags/assignment_main.py took 0.072 seconds
[2023-01-24T19:33:31.395+0000] {processor.py:153} INFO - Started process (PID=19863) to work on /opt/airflow/dags/assignment_main.py
[2023-01-24T19:33:31.398+0000] {processor.py:743} INFO - Processing file /opt/airflow/dags/assignment_main.py for tasks to queue
[2023-01-24T19:33:31.400+0000] {logging_mixin.py:137} INFO - [2023-01-24T19:33:31.399+0000] {dagbag.py:538} INFO - Filling up the DagBag from /opt/airflow/dags/assignment_main.py
[2023-01-24T19:33:31.420+0000] {processor.py:753} INFO - DAG(s) dict_keys(['maingoal']) retrieved from /opt/airflow/dags/assignment_main.py
[2023-01-24T19:33:31.439+0000] {logging_mixin.py:137} INFO - [2023-01-24T19:33:31.439+0000] {dag.py:2690} INFO - Sync 1 DAGs
[2023-01-24T19:33:31.454+0000] {logging_mixin.py:137} INFO - [2023-01-24T19:33:31.453+0000] {dag.py:3441} INFO - Setting next_dagrun for maingoal to None, run_after=None
[2023-01-24T19:33:31.465+0000] {processor.py:175} INFO - Processing /opt/airflow/dags/assignment_main.py took 0.074 seconds
[2023-01-24T19:34:01.970+0000] {processor.py:153} INFO - Started process (PID=19956) to work on /opt/airflow/dags/assignment_main.py
[2023-01-24T19:34:01.972+0000] {processor.py:743} INFO - Processing file /opt/airflow/dags/assignment_main.py for tasks to queue
[2023-01-24T19:34:01.973+0000] {logging_mixin.py:137} INFO - [2023-01-24T19:34:01.973+0000] {dagbag.py:538} INFO - Filling up the DagBag from /opt/airflow/dags/assignment_main.py
[2023-01-24T19:34:01.998+0000] {processor.py:753} INFO - DAG(s) dict_keys(['maingoal']) retrieved from /opt/airflow/dags/assignment_main.py
[2023-01-24T19:34:02.022+0000] {logging_mixin.py:137} INFO - [2023-01-24T19:34:02.022+0000] {dag.py:2690} INFO - Sync 1 DAGs
[2023-01-24T19:34:02.039+0000] {logging_mixin.py:137} INFO - [2023-01-24T19:34:02.039+0000] {dag.py:3441} INFO - Setting next_dagrun for maingoal to None, run_after=None
[2023-01-24T19:34:02.051+0000] {processor.py:175} INFO - Processing /opt/airflow/dags/assignment_main.py took 0.085 seconds
[2023-01-24T19:34:32.660+0000] {processor.py:153} INFO - Started process (PID=20034) to work on /opt/airflow/dags/assignment_main.py
[2023-01-24T19:34:32.662+0000] {processor.py:743} INFO - Processing file /opt/airflow/dags/assignment_main.py for tasks to queue
[2023-01-24T19:34:32.663+0000] {logging_mixin.py:137} INFO - [2023-01-24T19:34:32.663+0000] {dagbag.py:538} INFO - Filling up the DagBag from /opt/airflow/dags/assignment_main.py
[2023-01-24T19:34:32.683+0000] {processor.py:753} INFO - DAG(s) dict_keys(['maingoal']) retrieved from /opt/airflow/dags/assignment_main.py
[2023-01-24T19:34:32.704+0000] {logging_mixin.py:137} INFO - [2023-01-24T19:34:32.704+0000] {dag.py:2690} INFO - Sync 1 DAGs
[2023-01-24T19:34:32.718+0000] {logging_mixin.py:137} INFO - [2023-01-24T19:34:32.718+0000] {dag.py:3441} INFO - Setting next_dagrun for maingoal to None, run_after=None
[2023-01-24T19:34:32.729+0000] {processor.py:175} INFO - Processing /opt/airflow/dags/assignment_main.py took 0.074 seconds
[2023-01-24T19:35:03.405+0000] {processor.py:153} INFO - Started process (PID=20126) to work on /opt/airflow/dags/assignment_main.py
[2023-01-24T19:35:03.407+0000] {processor.py:743} INFO - Processing file /opt/airflow/dags/assignment_main.py for tasks to queue
[2023-01-24T19:35:03.408+0000] {logging_mixin.py:137} INFO - [2023-01-24T19:35:03.408+0000] {dagbag.py:538} INFO - Filling up the DagBag from /opt/airflow/dags/assignment_main.py
[2023-01-24T19:35:03.427+0000] {processor.py:753} INFO - DAG(s) dict_keys(['maingoal']) retrieved from /opt/airflow/dags/assignment_main.py
[2023-01-24T19:35:03.447+0000] {logging_mixin.py:137} INFO - [2023-01-24T19:35:03.447+0000] {dag.py:2690} INFO - Sync 1 DAGs
[2023-01-24T19:35:03.463+0000] {logging_mixin.py:137} INFO - [2023-01-24T19:35:03.463+0000] {dag.py:3441} INFO - Setting next_dagrun for maingoal to None, run_after=None
[2023-01-24T19:35:03.473+0000] {processor.py:175} INFO - Processing /opt/airflow/dags/assignment_main.py took 0.073 seconds
[2023-01-24T19:35:34.370+0000] {processor.py:153} INFO - Started process (PID=20218) to work on /opt/airflow/dags/assignment_main.py
[2023-01-24T19:35:34.372+0000] {processor.py:743} INFO - Processing file /opt/airflow/dags/assignment_main.py for tasks to queue
[2023-01-24T19:35:34.373+0000] {logging_mixin.py:137} INFO - [2023-01-24T19:35:34.373+0000] {dagbag.py:538} INFO - Filling up the DagBag from /opt/airflow/dags/assignment_main.py
[2023-01-24T19:35:34.392+0000] {processor.py:753} INFO - DAG(s) dict_keys(['maingoal']) retrieved from /opt/airflow/dags/assignment_main.py
[2023-01-24T19:35:34.412+0000] {logging_mixin.py:137} INFO - [2023-01-24T19:35:34.412+0000] {dag.py:2690} INFO - Sync 1 DAGs
[2023-01-24T19:35:34.427+0000] {logging_mixin.py:137} INFO - [2023-01-24T19:35:34.426+0000] {dag.py:3441} INFO - Setting next_dagrun for maingoal to None, run_after=None
[2023-01-24T19:35:34.438+0000] {processor.py:175} INFO - Processing /opt/airflow/dags/assignment_main.py took 0.071 seconds
[2023-01-24T19:36:04.988+0000] {processor.py:153} INFO - Started process (PID=20311) to work on /opt/airflow/dags/assignment_main.py
[2023-01-24T19:36:04.989+0000] {processor.py:743} INFO - Processing file /opt/airflow/dags/assignment_main.py for tasks to queue
[2023-01-24T19:36:04.991+0000] {logging_mixin.py:137} INFO - [2023-01-24T19:36:04.991+0000] {dagbag.py:538} INFO - Filling up the DagBag from /opt/airflow/dags/assignment_main.py
[2023-01-24T19:36:05.019+0000] {processor.py:753} INFO - DAG(s) dict_keys(['maingoal']) retrieved from /opt/airflow/dags/assignment_main.py
[2023-01-24T19:36:05.056+0000] {logging_mixin.py:137} INFO - [2023-01-24T19:36:05.056+0000] {dag.py:2690} INFO - Sync 1 DAGs
[2023-01-24T19:36:05.088+0000] {logging_mixin.py:137} INFO - [2023-01-24T19:36:05.088+0000] {dag.py:3441} INFO - Setting next_dagrun for maingoal to None, run_after=None
[2023-01-24T19:36:05.106+0000] {processor.py:175} INFO - Processing /opt/airflow/dags/assignment_main.py took 0.120 seconds
[2023-01-24T19:36:35.798+0000] {processor.py:153} INFO - Started process (PID=20388) to work on /opt/airflow/dags/assignment_main.py
[2023-01-24T19:36:35.800+0000] {processor.py:743} INFO - Processing file /opt/airflow/dags/assignment_main.py for tasks to queue
[2023-01-24T19:36:35.800+0000] {logging_mixin.py:137} INFO - [2023-01-24T19:36:35.800+0000] {dagbag.py:538} INFO - Filling up the DagBag from /opt/airflow/dags/assignment_main.py
[2023-01-24T19:36:35.819+0000] {processor.py:753} INFO - DAG(s) dict_keys(['maingoal']) retrieved from /opt/airflow/dags/assignment_main.py
[2023-01-24T19:36:35.840+0000] {logging_mixin.py:137} INFO - [2023-01-24T19:36:35.839+0000] {dag.py:2690} INFO - Sync 1 DAGs
[2023-01-24T19:36:35.853+0000] {logging_mixin.py:137} INFO - [2023-01-24T19:36:35.853+0000] {dag.py:3441} INFO - Setting next_dagrun for maingoal to None, run_after=None
[2023-01-24T19:36:35.865+0000] {processor.py:175} INFO - Processing /opt/airflow/dags/assignment_main.py took 0.070 seconds
[2023-01-24T19:37:06.641+0000] {processor.py:153} INFO - Started process (PID=20481) to work on /opt/airflow/dags/assignment_main.py
[2023-01-24T19:37:06.643+0000] {processor.py:743} INFO - Processing file /opt/airflow/dags/assignment_main.py for tasks to queue
[2023-01-24T19:37:06.644+0000] {logging_mixin.py:137} INFO - [2023-01-24T19:37:06.644+0000] {dagbag.py:538} INFO - Filling up the DagBag from /opt/airflow/dags/assignment_main.py
[2023-01-24T19:37:06.664+0000] {processor.py:753} INFO - DAG(s) dict_keys(['maingoal']) retrieved from /opt/airflow/dags/assignment_main.py
[2023-01-24T19:37:06.684+0000] {logging_mixin.py:137} INFO - [2023-01-24T19:37:06.684+0000] {dag.py:2690} INFO - Sync 1 DAGs
[2023-01-24T19:37:06.700+0000] {logging_mixin.py:137} INFO - [2023-01-24T19:37:06.700+0000] {dag.py:3441} INFO - Setting next_dagrun for maingoal to None, run_after=None
[2023-01-24T19:37:06.711+0000] {processor.py:175} INFO - Processing /opt/airflow/dags/assignment_main.py took 0.074 seconds
[2023-01-24T19:37:37.373+0000] {processor.py:153} INFO - Started process (PID=20574) to work on /opt/airflow/dags/assignment_main.py
[2023-01-24T19:37:37.374+0000] {processor.py:743} INFO - Processing file /opt/airflow/dags/assignment_main.py for tasks to queue
[2023-01-24T19:37:37.375+0000] {logging_mixin.py:137} INFO - [2023-01-24T19:37:37.375+0000] {dagbag.py:538} INFO - Filling up the DagBag from /opt/airflow/dags/assignment_main.py
[2023-01-24T19:37:37.389+0000] {processor.py:753} INFO - DAG(s) dict_keys(['maingoal']) retrieved from /opt/airflow/dags/assignment_main.py
[2023-01-24T19:37:37.409+0000] {logging_mixin.py:137} INFO - [2023-01-24T19:37:37.409+0000] {dag.py:2690} INFO - Sync 1 DAGs
[2023-01-24T19:37:37.422+0000] {logging_mixin.py:137} INFO - [2023-01-24T19:37:37.422+0000] {dag.py:3441} INFO - Setting next_dagrun for maingoal to None, run_after=None
[2023-01-24T19:37:37.433+0000] {processor.py:175} INFO - Processing /opt/airflow/dags/assignment_main.py took 0.063 seconds
[2023-01-24T19:38:07.919+0000] {processor.py:153} INFO - Started process (PID=20651) to work on /opt/airflow/dags/assignment_main.py
[2023-01-24T19:38:07.920+0000] {processor.py:743} INFO - Processing file /opt/airflow/dags/assignment_main.py for tasks to queue
[2023-01-24T19:38:07.922+0000] {logging_mixin.py:137} INFO - [2023-01-24T19:38:07.921+0000] {dagbag.py:538} INFO - Filling up the DagBag from /opt/airflow/dags/assignment_main.py
[2023-01-24T19:38:07.941+0000] {processor.py:753} INFO - DAG(s) dict_keys(['maingoal']) retrieved from /opt/airflow/dags/assignment_main.py
[2023-01-24T19:38:07.962+0000] {logging_mixin.py:137} INFO - [2023-01-24T19:38:07.962+0000] {dag.py:2690} INFO - Sync 1 DAGs
[2023-01-24T19:38:07.978+0000] {logging_mixin.py:137} INFO - [2023-01-24T19:38:07.977+0000] {dag.py:3441} INFO - Setting next_dagrun for maingoal to None, run_after=None
[2023-01-24T19:38:07.988+0000] {processor.py:175} INFO - Processing /opt/airflow/dags/assignment_main.py took 0.073 seconds
[2023-01-24T19:38:38.489+0000] {processor.py:153} INFO - Started process (PID=20744) to work on /opt/airflow/dags/assignment_main.py
[2023-01-24T19:38:38.490+0000] {processor.py:743} INFO - Processing file /opt/airflow/dags/assignment_main.py for tasks to queue
[2023-01-24T19:38:38.491+0000] {logging_mixin.py:137} INFO - [2023-01-24T19:38:38.491+0000] {dagbag.py:538} INFO - Filling up the DagBag from /opt/airflow/dags/assignment_main.py
[2023-01-24T19:38:38.508+0000] {processor.py:753} INFO - DAG(s) dict_keys(['maingoal']) retrieved from /opt/airflow/dags/assignment_main.py
[2023-01-24T19:38:38.527+0000] {logging_mixin.py:137} INFO - [2023-01-24T19:38:38.527+0000] {dag.py:2690} INFO - Sync 1 DAGs
[2023-01-24T19:38:38.542+0000] {logging_mixin.py:137} INFO - [2023-01-24T19:38:38.542+0000] {dag.py:3441} INFO - Setting next_dagrun for maingoal to None, run_after=None
[2023-01-24T19:38:38.552+0000] {processor.py:175} INFO - Processing /opt/airflow/dags/assignment_main.py took 0.066 seconds
[2023-01-24T19:39:08.927+0000] {processor.py:153} INFO - Started process (PID=20838) to work on /opt/airflow/dags/assignment_main.py
[2023-01-24T19:39:08.928+0000] {processor.py:743} INFO - Processing file /opt/airflow/dags/assignment_main.py for tasks to queue
[2023-01-24T19:39:08.929+0000] {logging_mixin.py:137} INFO - [2023-01-24T19:39:08.929+0000] {dagbag.py:538} INFO - Filling up the DagBag from /opt/airflow/dags/assignment_main.py
[2023-01-24T19:39:08.949+0000] {processor.py:753} INFO - DAG(s) dict_keys(['maingoal']) retrieved from /opt/airflow/dags/assignment_main.py
[2023-01-24T19:39:08.970+0000] {logging_mixin.py:137} INFO - [2023-01-24T19:39:08.970+0000] {dag.py:2690} INFO - Sync 1 DAGs
[2023-01-24T19:39:08.985+0000] {logging_mixin.py:137} INFO - [2023-01-24T19:39:08.985+0000] {dag.py:3441} INFO - Setting next_dagrun for maingoal to None, run_after=None
[2023-01-24T19:39:08.996+0000] {processor.py:175} INFO - Processing /opt/airflow/dags/assignment_main.py took 0.073 seconds
[2023-01-24T19:39:39.539+0000] {processor.py:153} INFO - Started process (PID=20915) to work on /opt/airflow/dags/assignment_main.py
[2023-01-24T19:39:39.540+0000] {processor.py:743} INFO - Processing file /opt/airflow/dags/assignment_main.py for tasks to queue
[2023-01-24T19:39:39.541+0000] {logging_mixin.py:137} INFO - [2023-01-24T19:39:39.541+0000] {dagbag.py:538} INFO - Filling up the DagBag from /opt/airflow/dags/assignment_main.py
[2023-01-24T19:39:39.568+0000] {processor.py:753} INFO - DAG(s) dict_keys(['maingoal']) retrieved from /opt/airflow/dags/assignment_main.py
[2023-01-24T19:39:39.591+0000] {logging_mixin.py:137} INFO - [2023-01-24T19:39:39.591+0000] {dag.py:2690} INFO - Sync 1 DAGs
[2023-01-24T19:39:39.610+0000] {logging_mixin.py:137} INFO - [2023-01-24T19:39:39.610+0000] {dag.py:3441} INFO - Setting next_dagrun for maingoal to None, run_after=None
[2023-01-24T19:39:39.620+0000] {processor.py:175} INFO - Processing /opt/airflow/dags/assignment_main.py took 0.084 seconds
[2023-01-24T19:40:10.212+0000] {processor.py:153} INFO - Started process (PID=21008) to work on /opt/airflow/dags/assignment_main.py
[2023-01-24T19:40:10.214+0000] {processor.py:743} INFO - Processing file /opt/airflow/dags/assignment_main.py for tasks to queue
[2023-01-24T19:40:10.215+0000] {logging_mixin.py:137} INFO - [2023-01-24T19:40:10.215+0000] {dagbag.py:538} INFO - Filling up the DagBag from /opt/airflow/dags/assignment_main.py
[2023-01-24T19:40:10.237+0000] {processor.py:753} INFO - DAG(s) dict_keys(['maingoal']) retrieved from /opt/airflow/dags/assignment_main.py
[2023-01-24T19:40:10.259+0000] {logging_mixin.py:137} INFO - [2023-01-24T19:40:10.259+0000] {dag.py:2690} INFO - Sync 1 DAGs
[2023-01-24T19:40:10.277+0000] {logging_mixin.py:137} INFO - [2023-01-24T19:40:10.277+0000] {dag.py:3441} INFO - Setting next_dagrun for maingoal to None, run_after=None
[2023-01-24T19:40:10.288+0000] {processor.py:175} INFO - Processing /opt/airflow/dags/assignment_main.py took 0.080 seconds
[2023-01-24T19:40:40.856+0000] {processor.py:153} INFO - Started process (PID=21101) to work on /opt/airflow/dags/assignment_main.py
[2023-01-24T19:40:40.857+0000] {processor.py:743} INFO - Processing file /opt/airflow/dags/assignment_main.py for tasks to queue
[2023-01-24T19:40:40.857+0000] {logging_mixin.py:137} INFO - [2023-01-24T19:40:40.857+0000] {dagbag.py:538} INFO - Filling up the DagBag from /opt/airflow/dags/assignment_main.py
[2023-01-24T19:40:40.873+0000] {processor.py:753} INFO - DAG(s) dict_keys(['maingoal']) retrieved from /opt/airflow/dags/assignment_main.py
[2023-01-24T19:40:40.893+0000] {logging_mixin.py:137} INFO - [2023-01-24T19:40:40.893+0000] {dag.py:2690} INFO - Sync 1 DAGs
[2023-01-24T19:40:40.907+0000] {logging_mixin.py:137} INFO - [2023-01-24T19:40:40.907+0000] {dag.py:3441} INFO - Setting next_dagrun for maingoal to None, run_after=None
[2023-01-24T19:40:40.918+0000] {processor.py:175} INFO - Processing /opt/airflow/dags/assignment_main.py took 0.065 seconds
[2023-01-24T19:41:11.329+0000] {processor.py:153} INFO - Started process (PID=21194) to work on /opt/airflow/dags/assignment_main.py
[2023-01-24T19:41:11.331+0000] {processor.py:743} INFO - Processing file /opt/airflow/dags/assignment_main.py for tasks to queue
[2023-01-24T19:41:11.334+0000] {logging_mixin.py:137} INFO - [2023-01-24T19:41:11.334+0000] {dagbag.py:538} INFO - Filling up the DagBag from /opt/airflow/dags/assignment_main.py
[2023-01-24T19:41:11.353+0000] {processor.py:753} INFO - DAG(s) dict_keys(['maingoal']) retrieved from /opt/airflow/dags/assignment_main.py
[2023-01-24T19:41:11.378+0000] {logging_mixin.py:137} INFO - [2023-01-24T19:41:11.378+0000] {dag.py:2690} INFO - Sync 1 DAGs
[2023-01-24T19:41:11.393+0000] {logging_mixin.py:137} INFO - [2023-01-24T19:41:11.393+0000] {dag.py:3441} INFO - Setting next_dagrun for maingoal to None, run_after=None
[2023-01-24T19:41:11.405+0000] {processor.py:175} INFO - Processing /opt/airflow/dags/assignment_main.py took 0.078 seconds
[2023-01-24T19:41:41.896+0000] {processor.py:153} INFO - Started process (PID=21271) to work on /opt/airflow/dags/assignment_main.py
[2023-01-24T19:41:41.898+0000] {processor.py:743} INFO - Processing file /opt/airflow/dags/assignment_main.py for tasks to queue
[2023-01-24T19:41:41.898+0000] {logging_mixin.py:137} INFO - [2023-01-24T19:41:41.898+0000] {dagbag.py:538} INFO - Filling up the DagBag from /opt/airflow/dags/assignment_main.py
[2023-01-24T19:41:41.913+0000] {processor.py:753} INFO - DAG(s) dict_keys(['maingoal']) retrieved from /opt/airflow/dags/assignment_main.py
[2023-01-24T19:41:41.932+0000] {logging_mixin.py:137} INFO - [2023-01-24T19:41:41.932+0000] {dag.py:2690} INFO - Sync 1 DAGs
[2023-01-24T19:41:41.946+0000] {logging_mixin.py:137} INFO - [2023-01-24T19:41:41.946+0000] {dag.py:3441} INFO - Setting next_dagrun for maingoal to None, run_after=None
[2023-01-24T19:41:41.957+0000] {processor.py:175} INFO - Processing /opt/airflow/dags/assignment_main.py took 0.063 seconds
[2023-01-24T19:42:12.755+0000] {processor.py:153} INFO - Started process (PID=21364) to work on /opt/airflow/dags/assignment_main.py
[2023-01-24T19:42:12.756+0000] {processor.py:743} INFO - Processing file /opt/airflow/dags/assignment_main.py for tasks to queue
[2023-01-24T19:42:12.757+0000] {logging_mixin.py:137} INFO - [2023-01-24T19:42:12.757+0000] {dagbag.py:538} INFO - Filling up the DagBag from /opt/airflow/dags/assignment_main.py
[2023-01-24T19:42:12.775+0000] {processor.py:753} INFO - DAG(s) dict_keys(['maingoal']) retrieved from /opt/airflow/dags/assignment_main.py
[2023-01-24T19:42:12.795+0000] {logging_mixin.py:137} INFO - [2023-01-24T19:42:12.795+0000] {dag.py:2690} INFO - Sync 1 DAGs
[2023-01-24T19:42:12.809+0000] {logging_mixin.py:137} INFO - [2023-01-24T19:42:12.809+0000] {dag.py:3441} INFO - Setting next_dagrun for maingoal to None, run_after=None
[2023-01-24T19:42:12.822+0000] {processor.py:175} INFO - Processing /opt/airflow/dags/assignment_main.py took 0.070 seconds
[2023-01-24T19:42:43.357+0000] {processor.py:153} INFO - Started process (PID=21457) to work on /opt/airflow/dags/assignment_main.py
[2023-01-24T19:42:43.358+0000] {processor.py:743} INFO - Processing file /opt/airflow/dags/assignment_main.py for tasks to queue
[2023-01-24T19:42:43.360+0000] {logging_mixin.py:137} INFO - [2023-01-24T19:42:43.360+0000] {dagbag.py:538} INFO - Filling up the DagBag from /opt/airflow/dags/assignment_main.py
[2023-01-24T19:42:43.383+0000] {processor.py:753} INFO - DAG(s) dict_keys(['maingoal']) retrieved from /opt/airflow/dags/assignment_main.py
[2023-01-24T19:42:43.406+0000] {logging_mixin.py:137} INFO - [2023-01-24T19:42:43.406+0000] {dag.py:2690} INFO - Sync 1 DAGs
[2023-01-24T19:42:43.421+0000] {logging_mixin.py:137} INFO - [2023-01-24T19:42:43.421+0000] {dag.py:3441} INFO - Setting next_dagrun for maingoal to None, run_after=None
[2023-01-24T19:42:43.433+0000] {processor.py:175} INFO - Processing /opt/airflow/dags/assignment_main.py took 0.080 seconds
[2023-01-24T19:43:13.879+0000] {processor.py:153} INFO - Started process (PID=21534) to work on /opt/airflow/dags/assignment_main.py
[2023-01-24T19:43:13.880+0000] {processor.py:743} INFO - Processing file /opt/airflow/dags/assignment_main.py for tasks to queue
[2023-01-24T19:43:13.881+0000] {logging_mixin.py:137} INFO - [2023-01-24T19:43:13.881+0000] {dagbag.py:538} INFO - Filling up the DagBag from /opt/airflow/dags/assignment_main.py
[2023-01-24T19:43:13.910+0000] {processor.py:753} INFO - DAG(s) dict_keys(['maingoal']) retrieved from /opt/airflow/dags/assignment_main.py
[2023-01-24T19:43:13.936+0000] {logging_mixin.py:137} INFO - [2023-01-24T19:43:13.936+0000] {dag.py:2690} INFO - Sync 1 DAGs
[2023-01-24T19:43:13.956+0000] {logging_mixin.py:137} INFO - [2023-01-24T19:43:13.956+0000] {dag.py:3441} INFO - Setting next_dagrun for maingoal to None, run_after=None
[2023-01-24T19:43:13.969+0000] {processor.py:175} INFO - Processing /opt/airflow/dags/assignment_main.py took 0.093 seconds
[2023-01-24T19:43:44.865+0000] {processor.py:153} INFO - Started process (PID=21627) to work on /opt/airflow/dags/assignment_main.py
[2023-01-24T19:43:44.866+0000] {processor.py:743} INFO - Processing file /opt/airflow/dags/assignment_main.py for tasks to queue
[2023-01-24T19:43:44.867+0000] {logging_mixin.py:137} INFO - [2023-01-24T19:43:44.867+0000] {dagbag.py:538} INFO - Filling up the DagBag from /opt/airflow/dags/assignment_main.py
[2023-01-24T19:43:44.883+0000] {processor.py:753} INFO - DAG(s) dict_keys(['maingoal']) retrieved from /opt/airflow/dags/assignment_main.py
[2023-01-24T19:43:44.903+0000] {logging_mixin.py:137} INFO - [2023-01-24T19:43:44.903+0000] {dag.py:2690} INFO - Sync 1 DAGs
[2023-01-24T19:43:44.917+0000] {logging_mixin.py:137} INFO - [2023-01-24T19:43:44.917+0000] {dag.py:3441} INFO - Setting next_dagrun for maingoal to None, run_after=None
[2023-01-24T19:43:44.928+0000] {processor.py:175} INFO - Processing /opt/airflow/dags/assignment_main.py took 0.065 seconds
[2023-01-24T19:44:15.558+0000] {processor.py:153} INFO - Started process (PID=21720) to work on /opt/airflow/dags/assignment_main.py
[2023-01-24T19:44:15.559+0000] {processor.py:743} INFO - Processing file /opt/airflow/dags/assignment_main.py for tasks to queue
[2023-01-24T19:44:15.560+0000] {logging_mixin.py:137} INFO - [2023-01-24T19:44:15.560+0000] {dagbag.py:538} INFO - Filling up the DagBag from /opt/airflow/dags/assignment_main.py
[2023-01-24T19:44:15.581+0000] {processor.py:753} INFO - DAG(s) dict_keys(['maingoal']) retrieved from /opt/airflow/dags/assignment_main.py
[2023-01-24T19:44:15.605+0000] {logging_mixin.py:137} INFO - [2023-01-24T19:44:15.605+0000] {dag.py:2690} INFO - Sync 1 DAGs
[2023-01-24T19:44:15.622+0000] {logging_mixin.py:137} INFO - [2023-01-24T19:44:15.622+0000] {dag.py:3441} INFO - Setting next_dagrun for maingoal to None, run_after=None
[2023-01-24T19:44:15.633+0000] {processor.py:175} INFO - Processing /opt/airflow/dags/assignment_main.py took 0.078 seconds
