[2023-01-24T17:43:18.506+0000] {processor.py:153} INFO - Started process (PID=14444) to work on /opt/airflow/dags/assignment_easy.py
[2023-01-24T17:43:18.508+0000] {processor.py:743} INFO - Processing file /opt/airflow/dags/assignment_easy.py for tasks to queue
[2023-01-24T17:43:18.510+0000] {logging_mixin.py:137} INFO - [2023-01-24T17:43:18.509+0000] {dagbag.py:538} INFO - Filling up the DagBag from /opt/airflow/dags/assignment_easy.py
[2023-01-24T17:43:18.547+0000] {processor.py:753} INFO - DAG(s) dict_keys(['my_dag_id']) retrieved from /opt/airflow/dags/assignment_easy.py
[2023-01-24T17:43:18.643+0000] {logging_mixin.py:137} INFO - [2023-01-24T17:43:18.643+0000] {dag.py:2690} INFO - Sync 1 DAGs
[2023-01-24T17:43:18.678+0000] {logging_mixin.py:137} INFO - [2023-01-24T17:43:18.678+0000] {dag.py:3441} INFO - Setting next_dagrun for my_dag_id to 2023-01-23T17:43:18.677993+00:00, run_after=2023-01-24T17:43:18.677993+00:00
[2023-01-24T17:43:18.710+0000] {processor.py:175} INFO - Processing /opt/airflow/dags/assignment_easy.py took 0.209 seconds
[2023-01-24T17:43:21.629+0000] {processor.py:153} INFO - Started process (PID=14446) to work on /opt/airflow/dags/assignment_easy.py
[2023-01-24T17:43:21.633+0000] {processor.py:743} INFO - Processing file /opt/airflow/dags/assignment_easy.py for tasks to queue
[2023-01-24T17:43:21.636+0000] {logging_mixin.py:137} INFO - [2023-01-24T17:43:21.636+0000] {dagbag.py:538} INFO - Filling up the DagBag from /opt/airflow/dags/assignment_easy.py
[2023-01-24T17:43:21.722+0000] {processor.py:753} INFO - DAG(s) dict_keys(['my_dag_id']) retrieved from /opt/airflow/dags/assignment_easy.py
[2023-01-24T17:43:21.767+0000] {logging_mixin.py:137} INFO - [2023-01-24T17:43:21.767+0000] {dag.py:2690} INFO - Sync 1 DAGs
[2023-01-24T17:43:21.813+0000] {logging_mixin.py:137} INFO - [2023-01-24T17:43:21.813+0000] {dag.py:3441} INFO - Setting next_dagrun for my_dag_id to 2023-01-23T17:43:21.812989+00:00, run_after=2023-01-24T17:43:21.812989+00:00
[2023-01-24T17:43:21.839+0000] {processor.py:175} INFO - Processing /opt/airflow/dags/assignment_easy.py took 0.228 seconds
[2023-01-24T17:43:52.616+0000] {processor.py:153} INFO - Started process (PID=14539) to work on /opt/airflow/dags/assignment_easy.py
[2023-01-24T17:43:52.618+0000] {processor.py:743} INFO - Processing file /opt/airflow/dags/assignment_easy.py for tasks to queue
[2023-01-24T17:43:52.619+0000] {logging_mixin.py:137} INFO - [2023-01-24T17:43:52.619+0000] {dagbag.py:538} INFO - Filling up the DagBag from /opt/airflow/dags/assignment_easy.py
[2023-01-24T17:43:52.640+0000] {processor.py:753} INFO - DAG(s) dict_keys(['my_dag_id']) retrieved from /opt/airflow/dags/assignment_easy.py
[2023-01-24T17:43:52.658+0000] {logging_mixin.py:137} INFO - [2023-01-24T17:43:52.658+0000] {dag.py:2690} INFO - Sync 1 DAGs
[2023-01-24T17:43:52.673+0000] {logging_mixin.py:137} INFO - [2023-01-24T17:43:52.673+0000] {dag.py:3441} INFO - Setting next_dagrun for my_dag_id to 2023-01-23T17:43:52.673000+00:00, run_after=2023-01-24T17:43:52.673000+00:00
[2023-01-24T17:43:52.685+0000] {processor.py:175} INFO - Processing /opt/airflow/dags/assignment_easy.py took 0.073 seconds
[2023-01-24T17:44:22.735+0000] {processor.py:153} INFO - Started process (PID=14616) to work on /opt/airflow/dags/assignment_easy.py
[2023-01-24T17:44:22.738+0000] {processor.py:743} INFO - Processing file /opt/airflow/dags/assignment_easy.py for tasks to queue
[2023-01-24T17:44:22.739+0000] {logging_mixin.py:137} INFO - [2023-01-24T17:44:22.739+0000] {dagbag.py:538} INFO - Filling up the DagBag from /opt/airflow/dags/assignment_easy.py
[2023-01-24T17:44:22.758+0000] {processor.py:753} INFO - DAG(s) dict_keys(['my_dag_id']) retrieved from /opt/airflow/dags/assignment_easy.py
[2023-01-24T17:44:22.776+0000] {logging_mixin.py:137} INFO - [2023-01-24T17:44:22.776+0000] {dag.py:2690} INFO - Sync 1 DAGs
[2023-01-24T17:44:22.790+0000] {logging_mixin.py:137} INFO - [2023-01-24T17:44:22.790+0000] {dag.py:3441} INFO - Setting next_dagrun for my_dag_id to 2023-01-23T17:44:22.790065+00:00, run_after=2023-01-24T17:44:22.790065+00:00
[2023-01-24T17:44:22.800+0000] {processor.py:175} INFO - Processing /opt/airflow/dags/assignment_easy.py took 0.072 seconds
[2023-01-24T17:44:52.950+0000] {processor.py:153} INFO - Started process (PID=14709) to work on /opt/airflow/dags/assignment_easy.py
[2023-01-24T17:44:52.954+0000] {processor.py:743} INFO - Processing file /opt/airflow/dags/assignment_easy.py for tasks to queue
[2023-01-24T17:44:52.955+0000] {logging_mixin.py:137} INFO - [2023-01-24T17:44:52.955+0000] {dagbag.py:538} INFO - Filling up the DagBag from /opt/airflow/dags/assignment_easy.py
[2023-01-24T17:44:52.973+0000] {processor.py:753} INFO - DAG(s) dict_keys(['my_dag_id']) retrieved from /opt/airflow/dags/assignment_easy.py
[2023-01-24T17:44:52.991+0000] {logging_mixin.py:137} INFO - [2023-01-24T17:44:52.991+0000] {dag.py:2690} INFO - Sync 1 DAGs
[2023-01-24T17:44:53.006+0000] {logging_mixin.py:137} INFO - [2023-01-24T17:44:53.006+0000] {dag.py:3441} INFO - Setting next_dagrun for my_dag_id to 2023-01-23T17:44:53.006179+00:00, run_after=2023-01-24T17:44:53.006179+00:00
[2023-01-24T17:44:53.016+0000] {processor.py:175} INFO - Processing /opt/airflow/dags/assignment_easy.py took 0.072 seconds
[2023-01-24T17:45:23.954+0000] {processor.py:153} INFO - Started process (PID=14802) to work on /opt/airflow/dags/assignment_easy.py
[2023-01-24T17:45:23.956+0000] {processor.py:743} INFO - Processing file /opt/airflow/dags/assignment_easy.py for tasks to queue
[2023-01-24T17:45:23.957+0000] {logging_mixin.py:137} INFO - [2023-01-24T17:45:23.957+0000] {dagbag.py:538} INFO - Filling up the DagBag from /opt/airflow/dags/assignment_easy.py
[2023-01-24T17:45:23.978+0000] {processor.py:753} INFO - DAG(s) dict_keys(['my_dag_id']) retrieved from /opt/airflow/dags/assignment_easy.py
[2023-01-24T17:45:24.001+0000] {logging_mixin.py:137} INFO - [2023-01-24T17:45:24.001+0000] {dag.py:2690} INFO - Sync 1 DAGs
[2023-01-24T17:45:24.024+0000] {logging_mixin.py:137} INFO - [2023-01-24T17:45:24.024+0000] {dag.py:3441} INFO - Setting next_dagrun for my_dag_id to 2023-01-23T17:45:24.024279+00:00, run_after=2023-01-24T17:45:24.024279+00:00
[2023-01-24T17:45:24.042+0000] {processor.py:175} INFO - Processing /opt/airflow/dags/assignment_easy.py took 0.092 seconds
[2023-01-24T17:45:36.315+0000] {processor.py:153} INFO - Started process (PID=14846) to work on /opt/airflow/dags/assignment_easy.py
[2023-01-24T17:45:36.318+0000] {processor.py:743} INFO - Processing file /opt/airflow/dags/assignment_easy.py for tasks to queue
[2023-01-24T17:45:36.319+0000] {logging_mixin.py:137} INFO - [2023-01-24T17:45:36.319+0000] {dagbag.py:538} INFO - Filling up the DagBag from /opt/airflow/dags/assignment_easy.py
[2023-01-24T17:45:36.365+0000] {processor.py:753} INFO - DAG(s) dict_keys(['my_dag_id']) retrieved from /opt/airflow/dags/assignment_easy.py
[2023-01-24T17:45:36.402+0000] {logging_mixin.py:137} INFO - [2023-01-24T17:45:36.402+0000] {dag.py:2690} INFO - Sync 1 DAGs
[2023-01-24T17:45:36.428+0000] {logging_mixin.py:137} INFO - [2023-01-24T17:45:36.428+0000] {dag.py:3441} INFO - Setting next_dagrun for my_dag_id to 2023-01-23T17:45:36.427979+00:00, run_after=2023-01-24T17:45:36.427979+00:00
[2023-01-24T17:45:36.449+0000] {processor.py:175} INFO - Processing /opt/airflow/dags/assignment_easy.py took 0.139 seconds
[2023-01-24T17:46:07.159+0000] {processor.py:153} INFO - Started process (PID=14920) to work on /opt/airflow/dags/assignment_easy.py
[2023-01-24T17:46:07.163+0000] {processor.py:743} INFO - Processing file /opt/airflow/dags/assignment_easy.py for tasks to queue
[2023-01-24T17:46:07.165+0000] {logging_mixin.py:137} INFO - [2023-01-24T17:46:07.164+0000] {dagbag.py:538} INFO - Filling up the DagBag from /opt/airflow/dags/assignment_easy.py
[2023-01-24T17:46:07.188+0000] {processor.py:753} INFO - DAG(s) dict_keys(['my_dag_id']) retrieved from /opt/airflow/dags/assignment_easy.py
[2023-01-24T17:46:07.203+0000] {logging_mixin.py:137} INFO - [2023-01-24T17:46:07.203+0000] {dag.py:2690} INFO - Sync 1 DAGs
[2023-01-24T17:46:07.218+0000] {logging_mixin.py:137} INFO - [2023-01-24T17:46:07.218+0000] {dag.py:3441} INFO - Setting next_dagrun for my_dag_id to 2023-01-23T17:46:07.218067+00:00, run_after=2023-01-24T17:46:07.218067+00:00
[2023-01-24T17:46:07.229+0000] {processor.py:175} INFO - Processing /opt/airflow/dags/assignment_easy.py took 0.077 seconds
[2023-01-24T17:46:37.782+0000] {processor.py:153} INFO - Started process (PID=15012) to work on /opt/airflow/dags/assignment_easy.py
[2023-01-24T17:46:37.786+0000] {processor.py:743} INFO - Processing file /opt/airflow/dags/assignment_easy.py for tasks to queue
[2023-01-24T17:46:37.788+0000] {logging_mixin.py:137} INFO - [2023-01-24T17:46:37.788+0000] {dagbag.py:538} INFO - Filling up the DagBag from /opt/airflow/dags/assignment_easy.py
[2023-01-24T17:46:37.817+0000] {processor.py:753} INFO - DAG(s) dict_keys(['my_dag_id']) retrieved from /opt/airflow/dags/assignment_easy.py
[2023-01-24T17:46:37.835+0000] {logging_mixin.py:137} INFO - [2023-01-24T17:46:37.835+0000] {dag.py:2690} INFO - Sync 1 DAGs
[2023-01-24T17:46:37.850+0000] {logging_mixin.py:137} INFO - [2023-01-24T17:46:37.850+0000] {dag.py:3441} INFO - Setting next_dagrun for my_dag_id to 2023-01-23T17:46:37.849976+00:00, run_after=2023-01-24T17:46:37.849976+00:00
[2023-01-24T17:46:37.860+0000] {processor.py:175} INFO - Processing /opt/airflow/dags/assignment_easy.py took 0.085 seconds
[2023-01-24T17:47:06.521+0000] {processor.py:153} INFO - Started process (PID=15072) to work on /opt/airflow/dags/assignment_easy.py
[2023-01-24T17:47:06.523+0000] {processor.py:743} INFO - Processing file /opt/airflow/dags/assignment_easy.py for tasks to queue
[2023-01-24T17:47:06.524+0000] {logging_mixin.py:137} INFO - [2023-01-24T17:47:06.524+0000] {dagbag.py:538} INFO - Filling up the DagBag from /opt/airflow/dags/assignment_easy.py
[2023-01-24T17:47:06.556+0000] {processor.py:753} INFO - DAG(s) dict_keys(['my_dag_id']) retrieved from /opt/airflow/dags/assignment_easy.py
[2023-01-24T17:47:06.574+0000] {logging_mixin.py:137} INFO - [2023-01-24T17:47:06.574+0000] {dag.py:2690} INFO - Sync 1 DAGs
[2023-01-24T17:47:06.595+0000] {logging_mixin.py:137} INFO - [2023-01-24T17:47:06.595+0000] {dag.py:3441} INFO - Setting next_dagrun for my_dag_id to 2023-01-23T17:47:06.595444+00:00, run_after=2023-01-24T17:47:06.595444+00:00
[2023-01-24T17:47:06.611+0000] {processor.py:175} INFO - Processing /opt/airflow/dags/assignment_easy.py took 0.097 seconds
[2023-01-24T17:47:37.550+0000] {processor.py:153} INFO - Started process (PID=15165) to work on /opt/airflow/dags/assignment_easy.py
[2023-01-24T17:47:37.554+0000] {processor.py:743} INFO - Processing file /opt/airflow/dags/assignment_easy.py for tasks to queue
[2023-01-24T17:47:37.555+0000] {logging_mixin.py:137} INFO - [2023-01-24T17:47:37.555+0000] {dagbag.py:538} INFO - Filling up the DagBag from /opt/airflow/dags/assignment_easy.py
[2023-01-24T17:47:37.573+0000] {processor.py:753} INFO - DAG(s) dict_keys(['my_dag_id']) retrieved from /opt/airflow/dags/assignment_easy.py
[2023-01-24T17:47:37.590+0000] {logging_mixin.py:137} INFO - [2023-01-24T17:47:37.590+0000] {dag.py:2690} INFO - Sync 1 DAGs
[2023-01-24T17:47:37.605+0000] {logging_mixin.py:137} INFO - [2023-01-24T17:47:37.605+0000] {dag.py:3441} INFO - Setting next_dagrun for my_dag_id to 2023-01-23T17:47:37.605005+00:00, run_after=2023-01-24T17:47:37.605005+00:00
[2023-01-24T17:47:37.619+0000] {processor.py:175} INFO - Processing /opt/airflow/dags/assignment_easy.py took 0.076 seconds
[2023-01-24T17:48:08.398+0000] {processor.py:153} INFO - Started process (PID=15258) to work on /opt/airflow/dags/assignment_easy.py
[2023-01-24T17:48:08.400+0000] {processor.py:743} INFO - Processing file /opt/airflow/dags/assignment_easy.py for tasks to queue
[2023-01-24T17:48:08.402+0000] {logging_mixin.py:137} INFO - [2023-01-24T17:48:08.401+0000] {dagbag.py:538} INFO - Filling up the DagBag from /opt/airflow/dags/assignment_easy.py
[2023-01-24T17:48:08.423+0000] {processor.py:753} INFO - DAG(s) dict_keys(['my_dag_id']) retrieved from /opt/airflow/dags/assignment_easy.py
[2023-01-24T17:48:08.444+0000] {logging_mixin.py:137} INFO - [2023-01-24T17:48:08.444+0000] {dag.py:2690} INFO - Sync 1 DAGs
[2023-01-24T17:48:08.461+0000] {logging_mixin.py:137} INFO - [2023-01-24T17:48:08.461+0000] {dag.py:3441} INFO - Setting next_dagrun for my_dag_id to 2023-01-23T17:48:08.461022+00:00, run_after=2023-01-24T17:48:08.461022+00:00
[2023-01-24T17:48:08.473+0000] {processor.py:175} INFO - Processing /opt/airflow/dags/assignment_easy.py took 0.077 seconds
[2023-01-24T17:48:39.245+0000] {processor.py:153} INFO - Started process (PID=15350) to work on /opt/airflow/dags/assignment_easy.py
[2023-01-24T17:48:39.247+0000] {processor.py:743} INFO - Processing file /opt/airflow/dags/assignment_easy.py for tasks to queue
[2023-01-24T17:48:39.249+0000] {logging_mixin.py:137} INFO - [2023-01-24T17:48:39.249+0000] {dagbag.py:538} INFO - Filling up the DagBag from /opt/airflow/dags/assignment_easy.py
[2023-01-24T17:48:39.275+0000] {processor.py:753} INFO - DAG(s) dict_keys(['my_dag_id']) retrieved from /opt/airflow/dags/assignment_easy.py
[2023-01-24T17:48:39.312+0000] {logging_mixin.py:137} INFO - [2023-01-24T17:48:39.312+0000] {dag.py:2690} INFO - Sync 1 DAGs
[2023-01-24T17:48:39.339+0000] {logging_mixin.py:137} INFO - [2023-01-24T17:48:39.339+0000] {dag.py:3441} INFO - Setting next_dagrun for my_dag_id to 2023-01-23T17:48:39.339484+00:00, run_after=2023-01-24T17:48:39.339484+00:00
[2023-01-24T17:48:39.357+0000] {processor.py:175} INFO - Processing /opt/airflow/dags/assignment_easy.py took 0.115 seconds
[2023-01-24T17:49:10.199+0000] {processor.py:153} INFO - Started process (PID=15427) to work on /opt/airflow/dags/assignment_easy.py
[2023-01-24T17:49:10.202+0000] {processor.py:743} INFO - Processing file /opt/airflow/dags/assignment_easy.py for tasks to queue
[2023-01-24T17:49:10.204+0000] {logging_mixin.py:137} INFO - [2023-01-24T17:49:10.204+0000] {dagbag.py:538} INFO - Filling up the DagBag from /opt/airflow/dags/assignment_easy.py
[2023-01-24T17:49:10.226+0000] {processor.py:753} INFO - DAG(s) dict_keys(['my_dag_id']) retrieved from /opt/airflow/dags/assignment_easy.py
[2023-01-24T17:49:10.242+0000] {logging_mixin.py:137} INFO - [2023-01-24T17:49:10.242+0000] {dag.py:2690} INFO - Sync 1 DAGs
[2023-01-24T17:49:10.257+0000] {logging_mixin.py:137} INFO - [2023-01-24T17:49:10.257+0000] {dag.py:3441} INFO - Setting next_dagrun for my_dag_id to 2023-01-23T17:49:10.256950+00:00, run_after=2023-01-24T17:49:10.256950+00:00
[2023-01-24T17:49:10.268+0000] {processor.py:175} INFO - Processing /opt/airflow/dags/assignment_easy.py took 0.078 seconds
[2023-01-24T17:49:41.047+0000] {processor.py:153} INFO - Started process (PID=15520) to work on /opt/airflow/dags/assignment_easy.py
[2023-01-24T17:49:41.049+0000] {processor.py:743} INFO - Processing file /opt/airflow/dags/assignment_easy.py for tasks to queue
[2023-01-24T17:49:41.051+0000] {logging_mixin.py:137} INFO - [2023-01-24T17:49:41.051+0000] {dagbag.py:538} INFO - Filling up the DagBag from /opt/airflow/dags/assignment_easy.py
[2023-01-24T17:49:41.070+0000] {processor.py:753} INFO - DAG(s) dict_keys(['my_dag_id']) retrieved from /opt/airflow/dags/assignment_easy.py
[2023-01-24T17:49:41.090+0000] {logging_mixin.py:137} INFO - [2023-01-24T17:49:41.090+0000] {dag.py:2690} INFO - Sync 1 DAGs
[2023-01-24T17:49:41.108+0000] {logging_mixin.py:137} INFO - [2023-01-24T17:49:41.108+0000] {dag.py:3441} INFO - Setting next_dagrun for my_dag_id to 2023-01-23T17:49:41.107901+00:00, run_after=2023-01-24T17:49:41.107901+00:00
[2023-01-24T17:49:41.121+0000] {processor.py:175} INFO - Processing /opt/airflow/dags/assignment_easy.py took 0.078 seconds
[2023-01-24T17:49:43.435+0000] {processor.py:153} INFO - Started process (PID=15542) to work on /opt/airflow/dags/assignment_easy.py
[2023-01-24T17:49:43.437+0000] {processor.py:743} INFO - Processing file /opt/airflow/dags/assignment_easy.py for tasks to queue
[2023-01-24T17:49:43.438+0000] {logging_mixin.py:137} INFO - [2023-01-24T17:49:43.438+0000] {dagbag.py:538} INFO - Filling up the DagBag from /opt/airflow/dags/assignment_easy.py
[2023-01-24T17:49:43.469+0000] {processor.py:753} INFO - DAG(s) dict_keys(['my_dag_id']) retrieved from /opt/airflow/dags/assignment_easy.py
[2023-01-24T17:49:43.493+0000] {logging_mixin.py:137} INFO - [2023-01-24T17:49:43.493+0000] {dag.py:2690} INFO - Sync 1 DAGs
[2023-01-24T17:49:43.513+0000] {logging_mixin.py:137} INFO - [2023-01-24T17:49:43.513+0000] {dag.py:3441} INFO - Setting next_dagrun for my_dag_id to 2023-01-23T17:49:43.513326+00:00, run_after=2023-01-24T17:49:43.513326+00:00
[2023-01-24T17:49:43.529+0000] {processor.py:175} INFO - Processing /opt/airflow/dags/assignment_easy.py took 0.100 seconds
[2023-01-24T17:50:13.851+0000] {processor.py:153} INFO - Started process (PID=15635) to work on /opt/airflow/dags/assignment_easy.py
[2023-01-24T17:50:13.854+0000] {processor.py:743} INFO - Processing file /opt/airflow/dags/assignment_easy.py for tasks to queue
[2023-01-24T17:50:13.855+0000] {logging_mixin.py:137} INFO - [2023-01-24T17:50:13.855+0000] {dagbag.py:538} INFO - Filling up the DagBag from /opt/airflow/dags/assignment_easy.py
[2023-01-24T17:50:13.879+0000] {processor.py:753} INFO - DAG(s) dict_keys(['my_dag_id']) retrieved from /opt/airflow/dags/assignment_easy.py
[2023-01-24T17:50:13.900+0000] {logging_mixin.py:137} INFO - [2023-01-24T17:50:13.900+0000] {dag.py:2690} INFO - Sync 1 DAGs
[2023-01-24T17:50:13.919+0000] {logging_mixin.py:137} INFO - [2023-01-24T17:50:13.919+0000] {dag.py:3441} INFO - Setting next_dagrun for my_dag_id to 2023-01-23T17:50:13.919050+00:00, run_after=2023-01-24T17:50:13.919050+00:00
[2023-01-24T17:50:13.932+0000] {processor.py:175} INFO - Processing /opt/airflow/dags/assignment_easy.py took 0.087 seconds
[2023-01-24T17:50:41.652+0000] {processor.py:153} INFO - Started process (PID=15691) to work on /opt/airflow/dags/assignment_easy.py
[2023-01-24T17:50:41.654+0000] {processor.py:743} INFO - Processing file /opt/airflow/dags/assignment_easy.py for tasks to queue
[2023-01-24T17:50:41.655+0000] {logging_mixin.py:137} INFO - [2023-01-24T17:50:41.655+0000] {dagbag.py:538} INFO - Filling up the DagBag from /opt/airflow/dags/assignment_easy.py
[2023-01-24T17:50:41.677+0000] {processor.py:755} WARNING - No viable dags retrieved from /opt/airflow/dags/assignment_easy.py
[2023-01-24T17:50:41.692+0000] {processor.py:175} INFO - Processing /opt/airflow/dags/assignment_easy.py took 0.045 seconds
[2023-01-24T17:50:44.940+0000] {processor.py:153} INFO - Started process (PID=15713) to work on /opt/airflow/dags/assignment_easy.py
[2023-01-24T17:50:44.941+0000] {processor.py:743} INFO - Processing file /opt/airflow/dags/assignment_easy.py for tasks to queue
[2023-01-24T17:50:44.942+0000] {logging_mixin.py:137} INFO - [2023-01-24T17:50:44.942+0000] {dagbag.py:538} INFO - Filling up the DagBag from /opt/airflow/dags/assignment_easy.py
[2023-01-24T17:50:44.964+0000] {processor.py:755} WARNING - No viable dags retrieved from /opt/airflow/dags/assignment_easy.py
[2023-01-24T17:50:44.977+0000] {processor.py:175} INFO - Processing /opt/airflow/dags/assignment_easy.py took 0.046 seconds
[2023-01-24T17:51:15.762+0000] {processor.py:153} INFO - Started process (PID=15806) to work on /opt/airflow/dags/assignment_easy.py
[2023-01-24T17:51:15.765+0000] {processor.py:743} INFO - Processing file /opt/airflow/dags/assignment_easy.py for tasks to queue
[2023-01-24T17:51:15.766+0000] {logging_mixin.py:137} INFO - [2023-01-24T17:51:15.766+0000] {dagbag.py:538} INFO - Filling up the DagBag from /opt/airflow/dags/assignment_easy.py
[2023-01-24T17:51:15.782+0000] {processor.py:755} WARNING - No viable dags retrieved from /opt/airflow/dags/assignment_easy.py
[2023-01-24T17:51:15.796+0000] {processor.py:175} INFO - Processing /opt/airflow/dags/assignment_easy.py took 0.041 seconds
[2023-01-24T17:51:39.853+0000] {processor.py:153} INFO - Started process (PID=15855) to work on /opt/airflow/dags/assignment_easy.py
[2023-01-24T17:51:39.855+0000] {processor.py:743} INFO - Processing file /opt/airflow/dags/assignment_easy.py for tasks to queue
[2023-01-24T17:51:39.856+0000] {logging_mixin.py:137} INFO - [2023-01-24T17:51:39.856+0000] {dagbag.py:538} INFO - Filling up the DagBag from /opt/airflow/dags/assignment_easy.py
[2023-01-24T17:51:39.880+0000] {processor.py:755} WARNING - No viable dags retrieved from /opt/airflow/dags/assignment_easy.py
[2023-01-24T17:51:39.897+0000] {processor.py:175} INFO - Processing /opt/airflow/dags/assignment_easy.py took 0.048 seconds
[2023-01-24T17:52:10.633+0000] {processor.py:153} INFO - Started process (PID=15948) to work on /opt/airflow/dags/assignment_easy.py
[2023-01-24T17:52:10.636+0000] {processor.py:743} INFO - Processing file /opt/airflow/dags/assignment_easy.py for tasks to queue
[2023-01-24T17:52:10.638+0000] {logging_mixin.py:137} INFO - [2023-01-24T17:52:10.637+0000] {dagbag.py:538} INFO - Filling up the DagBag from /opt/airflow/dags/assignment_easy.py
[2023-01-24T17:52:10.663+0000] {processor.py:755} WARNING - No viable dags retrieved from /opt/airflow/dags/assignment_easy.py
[2023-01-24T17:52:10.680+0000] {processor.py:175} INFO - Processing /opt/airflow/dags/assignment_easy.py took 0.054 seconds
[2023-01-24T17:52:41.602+0000] {processor.py:153} INFO - Started process (PID=16041) to work on /opt/airflow/dags/assignment_easy.py
[2023-01-24T17:52:41.605+0000] {processor.py:743} INFO - Processing file /opt/airflow/dags/assignment_easy.py for tasks to queue
[2023-01-24T17:52:41.606+0000] {logging_mixin.py:137} INFO - [2023-01-24T17:52:41.606+0000] {dagbag.py:538} INFO - Filling up the DagBag from /opt/airflow/dags/assignment_easy.py
[2023-01-24T17:52:41.650+0000] {processor.py:755} WARNING - No viable dags retrieved from /opt/airflow/dags/assignment_easy.py
[2023-01-24T17:52:41.671+0000] {processor.py:175} INFO - Processing /opt/airflow/dags/assignment_easy.py took 0.073 seconds
[2023-01-24T17:52:44.678+0000] {processor.py:153} INFO - Started process (PID=16042) to work on /opt/airflow/dags/assignment_easy.py
[2023-01-24T17:52:44.679+0000] {processor.py:743} INFO - Processing file /opt/airflow/dags/assignment_easy.py for tasks to queue
[2023-01-24T17:52:44.680+0000] {logging_mixin.py:137} INFO - [2023-01-24T17:52:44.680+0000] {dagbag.py:538} INFO - Filling up the DagBag from /opt/airflow/dags/assignment_easy.py
[2023-01-24T17:52:44.714+0000] {processor.py:755} WARNING - No viable dags retrieved from /opt/airflow/dags/assignment_easy.py
[2023-01-24T17:52:44.734+0000] {processor.py:175} INFO - Processing /opt/airflow/dags/assignment_easy.py took 0.059 seconds
[2023-01-24T17:53:15.512+0000] {processor.py:153} INFO - Started process (PID=16119) to work on /opt/airflow/dags/assignment_easy.py
[2023-01-24T17:53:15.514+0000] {processor.py:743} INFO - Processing file /opt/airflow/dags/assignment_easy.py for tasks to queue
[2023-01-24T17:53:15.516+0000] {logging_mixin.py:137} INFO - [2023-01-24T17:53:15.515+0000] {dagbag.py:538} INFO - Filling up the DagBag from /opt/airflow/dags/assignment_easy.py
[2023-01-24T17:53:15.537+0000] {processor.py:755} WARNING - No viable dags retrieved from /opt/airflow/dags/assignment_easy.py
[2023-01-24T17:53:15.598+0000] {processor.py:175} INFO - Processing /opt/airflow/dags/assignment_easy.py took 0.090 seconds
[2023-01-24T17:53:28.143+0000] {processor.py:153} INFO - Started process (PID=16189) to work on /opt/airflow/dags/assignment_easy.py
[2023-01-24T17:53:28.145+0000] {processor.py:743} INFO - Processing file /opt/airflow/dags/assignment_easy.py for tasks to queue
[2023-01-24T17:53:28.146+0000] {logging_mixin.py:137} INFO - [2023-01-24T17:53:28.146+0000] {dagbag.py:538} INFO - Filling up the DagBag from /opt/airflow/dags/assignment_easy.py
[2023-01-24T17:53:28.175+0000] {processor.py:755} WARNING - No viable dags retrieved from /opt/airflow/dags/assignment_easy.py
[2023-01-24T17:53:28.193+0000] {processor.py:175} INFO - Processing /opt/airflow/dags/assignment_easy.py took 0.056 seconds
[2023-01-24T17:53:56.258+0000] {processor.py:153} INFO - Started process (PID=16273) to work on /opt/airflow/dags/assignment_easy.py
[2023-01-24T17:53:56.260+0000] {processor.py:743} INFO - Processing file /opt/airflow/dags/assignment_easy.py for tasks to queue
[2023-01-24T17:53:56.261+0000] {logging_mixin.py:137} INFO - [2023-01-24T17:53:56.261+0000] {dagbag.py:538} INFO - Filling up the DagBag from /opt/airflow/dags/assignment_easy.py
[2023-01-24T17:53:56.300+0000] {processor.py:753} INFO - DAG(s) dict_keys(['easy']) retrieved from /opt/airflow/dags/assignment_easy.py
[2023-01-24T17:53:56.385+0000] {logging_mixin.py:137} INFO - [2023-01-24T17:53:56.385+0000] {manager.py:504} INFO - Created Permission View: can read on DAG:easy
[2023-01-24T17:53:56.391+0000] {logging_mixin.py:137} INFO - [2023-01-24T17:53:56.391+0000] {manager.py:504} INFO - Created Permission View: can edit on DAG:easy
[2023-01-24T17:53:56.395+0000] {logging_mixin.py:137} INFO - [2023-01-24T17:53:56.395+0000] {manager.py:504} INFO - Created Permission View: can delete on DAG:easy
[2023-01-24T17:53:56.395+0000] {logging_mixin.py:137} INFO - [2023-01-24T17:53:56.395+0000] {dag.py:2690} INFO - Sync 1 DAGs
[2023-01-24T17:53:56.404+0000] {logging_mixin.py:137} INFO - [2023-01-24T17:53:56.404+0000] {dag.py:2711} INFO - Creating ORM DAG for easy
[2023-01-24T17:53:56.411+0000] {logging_mixin.py:137} INFO - [2023-01-24T17:53:56.411+0000] {dag.py:3441} INFO - Setting next_dagrun for easy to 2023-01-24T00:00:00+00:00, run_after=2023-01-25T00:00:00+00:00
[2023-01-24T17:53:56.423+0000] {processor.py:175} INFO - Processing /opt/airflow/dags/assignment_easy.py took 0.174 seconds
[2023-01-24T17:53:59.295+0000] {processor.py:153} INFO - Started process (PID=16274) to work on /opt/airflow/dags/assignment_easy.py
[2023-01-24T17:53:59.296+0000] {processor.py:743} INFO - Processing file /opt/airflow/dags/assignment_easy.py for tasks to queue
[2023-01-24T17:53:59.297+0000] {logging_mixin.py:137} INFO - [2023-01-24T17:53:59.297+0000] {dagbag.py:538} INFO - Filling up the DagBag from /opt/airflow/dags/assignment_easy.py
[2023-01-24T17:53:59.324+0000] {processor.py:753} INFO - DAG(s) dict_keys(['easy']) retrieved from /opt/airflow/dags/assignment_easy.py
[2023-01-24T17:53:59.340+0000] {logging_mixin.py:137} INFO - [2023-01-24T17:53:59.340+0000] {dag.py:2690} INFO - Sync 1 DAGs
[2023-01-24T17:53:59.358+0000] {logging_mixin.py:137} INFO - [2023-01-24T17:53:59.358+0000] {dag.py:3441} INFO - Setting next_dagrun for easy to 2023-01-24T00:00:00+00:00, run_after=2023-01-25T00:00:00+00:00
[2023-01-24T17:53:59.400+0000] {processor.py:175} INFO - Processing /opt/airflow/dags/assignment_easy.py took 0.109 seconds
[2023-01-24T17:54:30.399+0000] {processor.py:153} INFO - Started process (PID=16366) to work on /opt/airflow/dags/assignment_easy.py
[2023-01-24T17:54:30.403+0000] {processor.py:743} INFO - Processing file /opt/airflow/dags/assignment_easy.py for tasks to queue
[2023-01-24T17:54:30.408+0000] {logging_mixin.py:137} INFO - [2023-01-24T17:54:30.408+0000] {dagbag.py:538} INFO - Filling up the DagBag from /opt/airflow/dags/assignment_easy.py
[2023-01-24T17:54:30.523+0000] {processor.py:753} INFO - DAG(s) dict_keys(['easy']) retrieved from /opt/airflow/dags/assignment_easy.py
[2023-01-24T17:54:30.822+0000] {logging_mixin.py:137} INFO - [2023-01-24T17:54:30.821+0000] {dag.py:2690} INFO - Sync 1 DAGs
[2023-01-24T17:54:30.889+0000] {logging_mixin.py:137} INFO - [2023-01-24T17:54:30.889+0000] {dag.py:3441} INFO - Setting next_dagrun for easy to 2023-01-24T00:00:00+00:00, run_after=2023-01-25T00:00:00+00:00
[2023-01-24T17:54:30.952+0000] {processor.py:175} INFO - Processing /opt/airflow/dags/assignment_easy.py took 0.562 seconds
[2023-01-24T17:54:56.025+0000] {processor.py:153} INFO - Started process (PID=16443) to work on /opt/airflow/dags/assignment_easy.py
[2023-01-24T17:54:56.028+0000] {processor.py:743} INFO - Processing file /opt/airflow/dags/assignment_easy.py for tasks to queue
[2023-01-24T17:54:56.029+0000] {logging_mixin.py:137} INFO - [2023-01-24T17:54:56.029+0000] {dagbag.py:538} INFO - Filling up the DagBag from /opt/airflow/dags/assignment_easy.py
[2023-01-24T17:54:56.066+0000] {processor.py:753} INFO - DAG(s) dict_keys(['easy']) retrieved from /opt/airflow/dags/assignment_easy.py
[2023-01-24T17:54:56.091+0000] {logging_mixin.py:137} INFO - [2023-01-24T17:54:56.091+0000] {dag.py:2690} INFO - Sync 1 DAGs
[2023-01-24T17:54:56.109+0000] {logging_mixin.py:137} INFO - [2023-01-24T17:54:56.109+0000] {dag.py:3441} INFO - Setting next_dagrun for easy to 2023-01-24T00:00:00+00:00, run_after=2023-01-25T00:00:00+00:00
[2023-01-24T17:54:56.123+0000] {processor.py:175} INFO - Processing /opt/airflow/dags/assignment_easy.py took 0.104 seconds
[2023-01-24T17:55:27.181+0000] {processor.py:153} INFO - Started process (PID=16536) to work on /opt/airflow/dags/assignment_easy.py
[2023-01-24T17:55:27.182+0000] {processor.py:743} INFO - Processing file /opt/airflow/dags/assignment_easy.py for tasks to queue
[2023-01-24T17:55:27.183+0000] {logging_mixin.py:137} INFO - [2023-01-24T17:55:27.183+0000] {dagbag.py:538} INFO - Filling up the DagBag from /opt/airflow/dags/assignment_easy.py
[2023-01-24T17:55:27.207+0000] {processor.py:753} INFO - DAG(s) dict_keys(['easy']) retrieved from /opt/airflow/dags/assignment_easy.py
[2023-01-24T17:55:27.240+0000] {logging_mixin.py:137} INFO - [2023-01-24T17:55:27.240+0000] {dag.py:2690} INFO - Sync 1 DAGs
[2023-01-24T17:55:27.265+0000] {logging_mixin.py:137} INFO - [2023-01-24T17:55:27.265+0000] {dag.py:3441} INFO - Setting next_dagrun for easy to 2023-01-24T00:00:00+00:00, run_after=2023-01-25T00:00:00+00:00
[2023-01-24T17:55:27.279+0000] {processor.py:175} INFO - Processing /opt/airflow/dags/assignment_easy.py took 0.102 seconds
[2023-01-24T17:55:47.364+0000] {processor.py:153} INFO - Started process (PID=16553) to work on /opt/airflow/dags/assignment_easy.py
[2023-01-24T17:55:47.367+0000] {processor.py:743} INFO - Processing file /opt/airflow/dags/assignment_easy.py for tasks to queue
[2023-01-24T17:55:47.368+0000] {logging_mixin.py:137} INFO - [2023-01-24T17:55:47.368+0000] {dagbag.py:538} INFO - Filling up the DagBag from /opt/airflow/dags/assignment_easy.py
[2023-01-24T17:55:47.437+0000] {processor.py:753} INFO - DAG(s) dict_keys(['easy']) retrieved from /opt/airflow/dags/assignment_easy.py
[2023-01-24T17:55:47.479+0000] {logging_mixin.py:137} INFO - [2023-01-24T17:55:47.479+0000] {dag.py:2690} INFO - Sync 1 DAGs
[2023-01-24T17:55:47.516+0000] {logging_mixin.py:137} INFO - [2023-01-24T17:55:47.516+0000] {dag.py:3441} INFO - Setting next_dagrun for easy to 2023-01-24T00:00:00+00:00, run_after=2023-01-25T00:00:00+00:00
[2023-01-24T17:55:47.537+0000] {processor.py:175} INFO - Processing /opt/airflow/dags/assignment_easy.py took 0.181 seconds
[2023-01-24T17:56:18.462+0000] {processor.py:153} INFO - Started process (PID=16646) to work on /opt/airflow/dags/assignment_easy.py
[2023-01-24T17:56:18.463+0000] {processor.py:743} INFO - Processing file /opt/airflow/dags/assignment_easy.py for tasks to queue
[2023-01-24T17:56:18.464+0000] {logging_mixin.py:137} INFO - [2023-01-24T17:56:18.464+0000] {dagbag.py:538} INFO - Filling up the DagBag from /opt/airflow/dags/assignment_easy.py
[2023-01-24T17:56:18.494+0000] {processor.py:753} INFO - DAG(s) dict_keys(['easy']) retrieved from /opt/airflow/dags/assignment_easy.py
[2023-01-24T17:56:18.528+0000] {logging_mixin.py:137} INFO - [2023-01-24T17:56:18.528+0000] {dag.py:2690} INFO - Sync 1 DAGs
[2023-01-24T17:56:18.549+0000] {logging_mixin.py:137} INFO - [2023-01-24T17:56:18.549+0000] {dag.py:3441} INFO - Setting next_dagrun for easy to 2023-01-24T00:00:00+00:00, run_after=2023-01-25T00:00:00+00:00
[2023-01-24T17:56:18.564+0000] {processor.py:175} INFO - Processing /opt/airflow/dags/assignment_easy.py took 0.106 seconds
