[2023-01-24T16:53:15.034+0000] {processor.py:153} INFO - Started process (PID=5939) to work on /opt/airflow/dags/exam1.py
[2023-01-24T16:53:15.036+0000] {processor.py:743} INFO - Processing file /opt/airflow/dags/exam1.py for tasks to queue
[2023-01-24T16:53:15.037+0000] {logging_mixin.py:137} INFO - [2023-01-24T16:53:15.037+0000] {dagbag.py:538} INFO - Filling up the DagBag from /opt/airflow/dags/exam1.py
[2023-01-24T16:53:15.042+0000] {logging_mixin.py:137} INFO - [2023-01-24T16:53:15.041+0000] {dagbag.py:343} ERROR - Failed to import: /opt/airflow/dags/exam1.py
Traceback (most recent call last):
  File "/home/airflow/.local/lib/python3.7/site-packages/airflow/models/dagbag.py", line 339, in parse
    loader.exec_module(new_module)
  File "<frozen importlib._bootstrap_external>", line 724, in exec_module
  File "<frozen importlib._bootstrap_external>", line 860, in get_code
  File "<frozen importlib._bootstrap_external>", line 791, in source_to_code
  File "<frozen importlib._bootstrap>", line 219, in _call_with_frames_removed
  File "/opt/airflow/dags/exam1.py", line 24
    params = {
         ^
SyntaxError: invalid syntax
[2023-01-24T16:53:15.042+0000] {processor.py:755} WARNING - No viable dags retrieved from /opt/airflow/dags/exam1.py
[2023-01-24T16:53:15.065+0000] {processor.py:175} INFO - Processing /opt/airflow/dags/exam1.py took 0.034 seconds
[2023-01-24T16:53:36.435+0000] {processor.py:153} INFO - Started process (PID=6015) to work on /opt/airflow/dags/exam1.py
[2023-01-24T16:53:36.438+0000] {processor.py:743} INFO - Processing file /opt/airflow/dags/exam1.py for tasks to queue
[2023-01-24T16:53:36.439+0000] {logging_mixin.py:137} INFO - [2023-01-24T16:53:36.439+0000] {dagbag.py:538} INFO - Filling up the DagBag from /opt/airflow/dags/exam1.py
[2023-01-24T16:53:36.446+0000] {logging_mixin.py:137} INFO - [2023-01-24T16:53:36.445+0000] {dagbag.py:343} ERROR - Failed to import: /opt/airflow/dags/exam1.py
Traceback (most recent call last):
  File "/home/airflow/.local/lib/python3.7/site-packages/airflow/models/dagbag.py", line 339, in parse
    loader.exec_module(new_module)
  File "<frozen importlib._bootstrap_external>", line 724, in exec_module
  File "<frozen importlib._bootstrap_external>", line 860, in get_code
  File "<frozen importlib._bootstrap_external>", line 791, in source_to_code
  File "<frozen importlib._bootstrap>", line 219, in _call_with_frames_removed
  File "/opt/airflow/dags/exam1.py", line 37
    with open('flights.json', 'r') as f:
       ^
SyntaxError: invalid syntax
[2023-01-24T16:53:36.448+0000] {processor.py:755} WARNING - No viable dags retrieved from /opt/airflow/dags/exam1.py
[2023-01-24T16:53:36.469+0000] {processor.py:175} INFO - Processing /opt/airflow/dags/exam1.py took 0.038 seconds
[2023-01-24T16:54:07.153+0000] {processor.py:153} INFO - Started process (PID=6091) to work on /opt/airflow/dags/exam1.py
[2023-01-24T16:54:07.154+0000] {processor.py:743} INFO - Processing file /opt/airflow/dags/exam1.py for tasks to queue
[2023-01-24T16:54:07.155+0000] {logging_mixin.py:137} INFO - [2023-01-24T16:54:07.155+0000] {dagbag.py:538} INFO - Filling up the DagBag from /opt/airflow/dags/exam1.py
[2023-01-24T16:54:07.159+0000] {logging_mixin.py:137} INFO - [2023-01-24T16:54:07.158+0000] {dagbag.py:343} ERROR - Failed to import: /opt/airflow/dags/exam1.py
Traceback (most recent call last):
  File "/home/airflow/.local/lib/python3.7/site-packages/airflow/models/dagbag.py", line 339, in parse
    loader.exec_module(new_module)
  File "<frozen importlib._bootstrap_external>", line 724, in exec_module
  File "<frozen importlib._bootstrap_external>", line 860, in get_code
  File "<frozen importlib._bootstrap_external>", line 791, in source_to_code
  File "<frozen importlib._bootstrap>", line 219, in _call_with_frames_removed
  File "/opt/airflow/dags/exam1.py", line 37
    with open('flights.json', 'r') as f:
       ^
SyntaxError: invalid syntax
[2023-01-24T16:54:07.159+0000] {processor.py:755} WARNING - No viable dags retrieved from /opt/airflow/dags/exam1.py
[2023-01-24T16:54:07.177+0000] {processor.py:175} INFO - Processing /opt/airflow/dags/exam1.py took 0.027 seconds
[2023-01-24T16:54:27.819+0000] {processor.py:153} INFO - Started process (PID=6132) to work on /opt/airflow/dags/exam1.py
[2023-01-24T16:54:27.822+0000] {processor.py:743} INFO - Processing file /opt/airflow/dags/exam1.py for tasks to queue
[2023-01-24T16:54:27.823+0000] {logging_mixin.py:137} INFO - [2023-01-24T16:54:27.823+0000] {dagbag.py:538} INFO - Filling up the DagBag from /opt/airflow/dags/exam1.py
[2023-01-24T16:54:27.843+0000] {processor.py:755} WARNING - No viable dags retrieved from /opt/airflow/dags/exam1.py
[2023-01-24T16:54:27.863+0000] {processor.py:175} INFO - Processing /opt/airflow/dags/exam1.py took 0.048 seconds
[2023-01-24T16:54:58.469+0000] {processor.py:153} INFO - Started process (PID=6223) to work on /opt/airflow/dags/exam1.py
[2023-01-24T16:54:58.472+0000] {processor.py:743} INFO - Processing file /opt/airflow/dags/exam1.py for tasks to queue
[2023-01-24T16:54:58.473+0000] {logging_mixin.py:137} INFO - [2023-01-24T16:54:58.473+0000] {dagbag.py:538} INFO - Filling up the DagBag from /opt/airflow/dags/exam1.py
[2023-01-24T16:54:58.491+0000] {processor.py:755} WARNING - No viable dags retrieved from /opt/airflow/dags/exam1.py
[2023-01-24T16:54:58.506+0000] {processor.py:175} INFO - Processing /opt/airflow/dags/exam1.py took 0.044 seconds
[2023-01-24T16:55:16.495+0000] {processor.py:153} INFO - Started process (PID=6275) to work on /opt/airflow/dags/exam1.py
[2023-01-24T16:55:16.497+0000] {processor.py:743} INFO - Processing file /opt/airflow/dags/exam1.py for tasks to queue
[2023-01-24T16:55:16.498+0000] {logging_mixin.py:137} INFO - [2023-01-24T16:55:16.498+0000] {dagbag.py:538} INFO - Filling up the DagBag from /opt/airflow/dags/exam1.py
[2023-01-24T16:55:16.516+0000] {processor.py:755} WARNING - No viable dags retrieved from /opt/airflow/dags/exam1.py
[2023-01-24T16:55:16.529+0000] {processor.py:175} INFO - Processing /opt/airflow/dags/exam1.py took 0.038 seconds
[2023-01-24T16:55:47.076+0000] {processor.py:153} INFO - Started process (PID=6367) to work on /opt/airflow/dags/exam1.py
[2023-01-24T16:55:47.079+0000] {processor.py:743} INFO - Processing file /opt/airflow/dags/exam1.py for tasks to queue
[2023-01-24T16:55:47.081+0000] {logging_mixin.py:137} INFO - [2023-01-24T16:55:47.081+0000] {dagbag.py:538} INFO - Filling up the DagBag from /opt/airflow/dags/exam1.py
[2023-01-24T16:55:47.103+0000] {processor.py:755} WARNING - No viable dags retrieved from /opt/airflow/dags/exam1.py
[2023-01-24T16:55:47.119+0000] {processor.py:175} INFO - Processing /opt/airflow/dags/exam1.py took 0.048 seconds
[2023-01-24T16:56:17.434+0000] {processor.py:153} INFO - Started process (PID=6459) to work on /opt/airflow/dags/exam1.py
[2023-01-24T16:56:17.435+0000] {processor.py:743} INFO - Processing file /opt/airflow/dags/exam1.py for tasks to queue
[2023-01-24T16:56:17.436+0000] {logging_mixin.py:137} INFO - [2023-01-24T16:56:17.436+0000] {dagbag.py:538} INFO - Filling up the DagBag from /opt/airflow/dags/exam1.py
[2023-01-24T16:56:17.448+0000] {processor.py:755} WARNING - No viable dags retrieved from /opt/airflow/dags/exam1.py
[2023-01-24T16:56:17.461+0000] {processor.py:175} INFO - Processing /opt/airflow/dags/exam1.py took 0.030 seconds
[2023-01-24T16:56:47.887+0000] {processor.py:153} INFO - Started process (PID=6535) to work on /opt/airflow/dags/exam1.py
[2023-01-24T16:56:47.890+0000] {processor.py:743} INFO - Processing file /opt/airflow/dags/exam1.py for tasks to queue
[2023-01-24T16:56:47.891+0000] {logging_mixin.py:137} INFO - [2023-01-24T16:56:47.891+0000] {dagbag.py:538} INFO - Filling up the DagBag from /opt/airflow/dags/exam1.py
[2023-01-24T16:56:47.905+0000] {processor.py:755} WARNING - No viable dags retrieved from /opt/airflow/dags/exam1.py
[2023-01-24T16:56:47.923+0000] {processor.py:175} INFO - Processing /opt/airflow/dags/exam1.py took 0.040 seconds
[2023-01-24T16:57:18.484+0000] {processor.py:153} INFO - Started process (PID=6627) to work on /opt/airflow/dags/exam1.py
[2023-01-24T16:57:18.487+0000] {processor.py:743} INFO - Processing file /opt/airflow/dags/exam1.py for tasks to queue
[2023-01-24T16:57:18.489+0000] {logging_mixin.py:137} INFO - [2023-01-24T16:57:18.489+0000] {dagbag.py:538} INFO - Filling up the DagBag from /opt/airflow/dags/exam1.py
[2023-01-24T16:57:18.505+0000] {processor.py:755} WARNING - No viable dags retrieved from /opt/airflow/dags/exam1.py
[2023-01-24T16:57:18.519+0000] {processor.py:175} INFO - Processing /opt/airflow/dags/exam1.py took 0.041 seconds
[2023-01-24T16:57:48.833+0000] {processor.py:153} INFO - Started process (PID=6719) to work on /opt/airflow/dags/exam1.py
[2023-01-24T16:57:48.836+0000] {processor.py:743} INFO - Processing file /opt/airflow/dags/exam1.py for tasks to queue
[2023-01-24T16:57:48.837+0000] {logging_mixin.py:137} INFO - [2023-01-24T16:57:48.837+0000] {dagbag.py:538} INFO - Filling up the DagBag from /opt/airflow/dags/exam1.py
[2023-01-24T16:57:48.851+0000] {processor.py:755} WARNING - No viable dags retrieved from /opt/airflow/dags/exam1.py
[2023-01-24T16:57:48.866+0000] {processor.py:175} INFO - Processing /opt/airflow/dags/exam1.py took 0.038 seconds
[2023-01-24T16:58:19.408+0000] {processor.py:153} INFO - Started process (PID=6795) to work on /opt/airflow/dags/exam1.py
[2023-01-24T16:58:19.410+0000] {processor.py:743} INFO - Processing file /opt/airflow/dags/exam1.py for tasks to queue
[2023-01-24T16:58:19.411+0000] {logging_mixin.py:137} INFO - [2023-01-24T16:58:19.411+0000] {dagbag.py:538} INFO - Filling up the DagBag from /opt/airflow/dags/exam1.py
[2023-01-24T16:58:19.425+0000] {processor.py:755} WARNING - No viable dags retrieved from /opt/airflow/dags/exam1.py
[2023-01-24T16:58:19.437+0000] {processor.py:175} INFO - Processing /opt/airflow/dags/exam1.py took 0.034 seconds
[2023-01-24T16:58:25.512+0000] {processor.py:153} INFO - Started process (PID=6812) to work on /opt/airflow/dags/exam1.py
[2023-01-24T16:58:25.515+0000] {processor.py:743} INFO - Processing file /opt/airflow/dags/exam1.py for tasks to queue
[2023-01-24T16:58:25.517+0000] {logging_mixin.py:137} INFO - [2023-01-24T16:58:25.516+0000] {dagbag.py:538} INFO - Filling up the DagBag from /opt/airflow/dags/exam1.py
[2023-01-24T16:58:25.541+0000] {processor.py:755} WARNING - No viable dags retrieved from /opt/airflow/dags/exam1.py
[2023-01-24T16:58:25.583+0000] {processor.py:175} INFO - Processing /opt/airflow/dags/exam1.py took 0.084 seconds
[2023-01-24T16:58:56.162+0000] {processor.py:153} INFO - Started process (PID=6893) to work on /opt/airflow/dags/exam1.py
[2023-01-24T16:58:56.164+0000] {processor.py:743} INFO - Processing file /opt/airflow/dags/exam1.py for tasks to queue
[2023-01-24T16:58:56.165+0000] {logging_mixin.py:137} INFO - [2023-01-24T16:58:56.165+0000] {dagbag.py:538} INFO - Filling up the DagBag from /opt/airflow/dags/exam1.py
[2023-01-24T16:58:56.186+0000] {processor.py:755} WARNING - No viable dags retrieved from /opt/airflow/dags/exam1.py
[2023-01-24T16:58:56.206+0000] {processor.py:175} INFO - Processing /opt/airflow/dags/exam1.py took 0.048 seconds
[2023-01-24T16:59:26.769+0000] {processor.py:153} INFO - Started process (PID=6979) to work on /opt/airflow/dags/exam1.py
[2023-01-24T16:59:26.773+0000] {processor.py:743} INFO - Processing file /opt/airflow/dags/exam1.py for tasks to queue
[2023-01-24T16:59:26.774+0000] {logging_mixin.py:137} INFO - [2023-01-24T16:59:26.774+0000] {dagbag.py:538} INFO - Filling up the DagBag from /opt/airflow/dags/exam1.py
[2023-01-24T16:59:26.793+0000] {processor.py:755} WARNING - No viable dags retrieved from /opt/airflow/dags/exam1.py
[2023-01-24T16:59:26.810+0000] {processor.py:175} INFO - Processing /opt/airflow/dags/exam1.py took 0.047 seconds
[2023-01-24T16:59:56.464+0000] {processor.py:153} INFO - Started process (PID=7072) to work on /opt/airflow/dags/exam1.py
[2023-01-24T16:59:56.469+0000] {processor.py:743} INFO - Processing file /opt/airflow/dags/exam1.py for tasks to queue
[2023-01-24T16:59:56.471+0000] {logging_mixin.py:137} INFO - [2023-01-24T16:59:56.471+0000] {dagbag.py:538} INFO - Filling up the DagBag from /opt/airflow/dags/exam1.py
[2023-01-24T16:59:56.495+0000] {processor.py:755} WARNING - No viable dags retrieved from /opt/airflow/dags/exam1.py
[2023-01-24T16:59:56.515+0000] {processor.py:175} INFO - Processing /opt/airflow/dags/exam1.py took 0.054 seconds
[2023-01-24T17:00:26.616+0000] {processor.py:153} INFO - Started process (PID=7148) to work on /opt/airflow/dags/exam1.py
[2023-01-24T17:00:26.618+0000] {processor.py:743} INFO - Processing file /opt/airflow/dags/exam1.py for tasks to queue
[2023-01-24T17:00:26.619+0000] {logging_mixin.py:137} INFO - [2023-01-24T17:00:26.619+0000] {dagbag.py:538} INFO - Filling up the DagBag from /opt/airflow/dags/exam1.py
[2023-01-24T17:00:26.648+0000] {processor.py:755} WARNING - No viable dags retrieved from /opt/airflow/dags/exam1.py
[2023-01-24T17:00:26.683+0000] {processor.py:175} INFO - Processing /opt/airflow/dags/exam1.py took 0.074 seconds
[2023-01-24T17:00:43.344+0000] {processor.py:153} INFO - Started process (PID=7225) to work on /opt/airflow/dags/exam1.py
[2023-01-24T17:00:43.347+0000] {processor.py:743} INFO - Processing file /opt/airflow/dags/exam1.py for tasks to queue
[2023-01-24T17:00:43.349+0000] {logging_mixin.py:137} INFO - [2023-01-24T17:00:43.348+0000] {dagbag.py:538} INFO - Filling up the DagBag from /opt/airflow/dags/exam1.py
[2023-01-24T17:00:43.374+0000] {processor.py:755} WARNING - No viable dags retrieved from /opt/airflow/dags/exam1.py
[2023-01-24T17:00:43.390+0000] {processor.py:175} INFO - Processing /opt/airflow/dags/exam1.py took 0.052 seconds
[2023-01-24T17:01:14.220+0000] {processor.py:153} INFO - Started process (PID=7301) to work on /opt/airflow/dags/exam1.py
[2023-01-24T17:01:14.222+0000] {processor.py:743} INFO - Processing file /opt/airflow/dags/exam1.py for tasks to queue
[2023-01-24T17:01:14.223+0000] {logging_mixin.py:137} INFO - [2023-01-24T17:01:14.223+0000] {dagbag.py:538} INFO - Filling up the DagBag from /opt/airflow/dags/exam1.py
[2023-01-24T17:01:14.236+0000] {processor.py:755} WARNING - No viable dags retrieved from /opt/airflow/dags/exam1.py
[2023-01-24T17:01:14.250+0000] {processor.py:175} INFO - Processing /opt/airflow/dags/exam1.py took 0.036 seconds
[2023-01-24T17:01:44.522+0000] {processor.py:153} INFO - Started process (PID=7394) to work on /opt/airflow/dags/exam1.py
[2023-01-24T17:01:44.526+0000] {processor.py:743} INFO - Processing file /opt/airflow/dags/exam1.py for tasks to queue
[2023-01-24T17:01:44.527+0000] {logging_mixin.py:137} INFO - [2023-01-24T17:01:44.527+0000] {dagbag.py:538} INFO - Filling up the DagBag from /opt/airflow/dags/exam1.py
[2023-01-24T17:01:44.549+0000] {processor.py:755} WARNING - No viable dags retrieved from /opt/airflow/dags/exam1.py
[2023-01-24T17:01:44.562+0000] {processor.py:175} INFO - Processing /opt/airflow/dags/exam1.py took 0.047 seconds
[2023-01-24T17:02:14.634+0000] {processor.py:153} INFO - Started process (PID=7486) to work on /opt/airflow/dags/exam1.py
[2023-01-24T17:02:14.637+0000] {processor.py:743} INFO - Processing file /opt/airflow/dags/exam1.py for tasks to queue
[2023-01-24T17:02:14.640+0000] {logging_mixin.py:137} INFO - [2023-01-24T17:02:14.640+0000] {dagbag.py:538} INFO - Filling up the DagBag from /opt/airflow/dags/exam1.py
[2023-01-24T17:02:14.663+0000] {processor.py:755} WARNING - No viable dags retrieved from /opt/airflow/dags/exam1.py
[2023-01-24T17:02:14.702+0000] {processor.py:175} INFO - Processing /opt/airflow/dags/exam1.py took 0.080 seconds
[2023-01-24T17:02:33.831+0000] {processor.py:153} INFO - Started process (PID=7503) to work on /opt/airflow/dags/exam1.py
[2023-01-24T17:02:33.832+0000] {processor.py:743} INFO - Processing file /opt/airflow/dags/exam1.py for tasks to queue
[2023-01-24T17:02:33.833+0000] {logging_mixin.py:137} INFO - [2023-01-24T17:02:33.833+0000] {dagbag.py:538} INFO - Filling up the DagBag from /opt/airflow/dags/exam1.py
[2023-01-24T17:02:33.863+0000] {processor.py:753} INFO - DAG(s) dict_keys(['maingoal']) retrieved from /opt/airflow/dags/exam1.py
[2023-01-24T17:02:33.965+0000] {logging_mixin.py:137} INFO - [2023-01-24T17:02:33.965+0000] {manager.py:504} INFO - Created Permission View: can read on DAG:maingoal
[2023-01-24T17:02:33.972+0000] {logging_mixin.py:137} INFO - [2023-01-24T17:02:33.971+0000] {manager.py:504} INFO - Created Permission View: can edit on DAG:maingoal
[2023-01-24T17:02:33.976+0000] {logging_mixin.py:137} INFO - [2023-01-24T17:02:33.976+0000] {manager.py:504} INFO - Created Permission View: can delete on DAG:maingoal
[2023-01-24T17:02:33.977+0000] {logging_mixin.py:137} INFO - [2023-01-24T17:02:33.977+0000] {dag.py:2690} INFO - Sync 1 DAGs
[2023-01-24T17:02:33.986+0000] {logging_mixin.py:137} INFO - [2023-01-24T17:02:33.986+0000] {dag.py:2711} INFO - Creating ORM DAG for maingoal
[2023-01-24T17:02:33.994+0000] {logging_mixin.py:137} INFO - [2023-01-24T17:02:33.994+0000] {dag.py:3441} INFO - Setting next_dagrun for maingoal to None, run_after=None
[2023-01-24T17:02:34.006+0000] {processor.py:175} INFO - Processing /opt/airflow/dags/exam1.py took 0.180 seconds
[2023-01-24T17:02:40.872+0000] {processor.py:153} INFO - Started process (PID=7556) to work on /opt/airflow/dags/exam1.py
[2023-01-24T17:02:40.874+0000] {processor.py:743} INFO - Processing file /opt/airflow/dags/exam1.py for tasks to queue
[2023-01-24T17:02:40.875+0000] {logging_mixin.py:137} INFO - [2023-01-24T17:02:40.875+0000] {dagbag.py:538} INFO - Filling up the DagBag from /opt/airflow/dags/exam1.py
[2023-01-24T17:02:40.906+0000] {processor.py:753} INFO - DAG(s) dict_keys(['maingoal']) retrieved from /opt/airflow/dags/exam1.py
[2023-01-24T17:02:40.922+0000] {logging_mixin.py:137} INFO - [2023-01-24T17:02:40.922+0000] {dag.py:2690} INFO - Sync 1 DAGs
[2023-01-24T17:02:40.941+0000] {logging_mixin.py:137} INFO - [2023-01-24T17:02:40.941+0000] {dag.py:3441} INFO - Setting next_dagrun for maingoal to None, run_after=None
[2023-01-24T17:02:40.957+0000] {processor.py:175} INFO - Processing /opt/airflow/dags/exam1.py took 0.089 seconds
[2023-01-24T17:03:11.788+0000] {processor.py:153} INFO - Started process (PID=7631) to work on /opt/airflow/dags/exam1.py
[2023-01-24T17:03:11.791+0000] {processor.py:743} INFO - Processing file /opt/airflow/dags/exam1.py for tasks to queue
[2023-01-24T17:03:11.792+0000] {logging_mixin.py:137} INFO - [2023-01-24T17:03:11.792+0000] {dagbag.py:538} INFO - Filling up the DagBag from /opt/airflow/dags/exam1.py
[2023-01-24T17:03:11.817+0000] {processor.py:753} INFO - DAG(s) dict_keys(['maingoal']) retrieved from /opt/airflow/dags/exam1.py
[2023-01-24T17:03:11.845+0000] {logging_mixin.py:137} INFO - [2023-01-24T17:03:11.845+0000] {dag.py:2690} INFO - Sync 1 DAGs
[2023-01-24T17:03:11.872+0000] {logging_mixin.py:137} INFO - [2023-01-24T17:03:11.872+0000] {dag.py:3441} INFO - Setting next_dagrun for maingoal to None, run_after=None
[2023-01-24T17:03:11.891+0000] {processor.py:175} INFO - Processing /opt/airflow/dags/exam1.py took 0.109 seconds
[2023-01-24T17:03:30.706+0000] {processor.py:153} INFO - Started process (PID=7671) to work on /opt/airflow/dags/exam1.py
[2023-01-24T17:03:30.708+0000] {processor.py:743} INFO - Processing file /opt/airflow/dags/exam1.py for tasks to queue
[2023-01-24T17:03:30.709+0000] {logging_mixin.py:137} INFO - [2023-01-24T17:03:30.709+0000] {dagbag.py:538} INFO - Filling up the DagBag from /opt/airflow/dags/exam1.py
[2023-01-24T17:03:30.749+0000] {processor.py:753} INFO - DAG(s) dict_keys(['maingoal']) retrieved from /opt/airflow/dags/exam1.py
[2023-01-24T17:03:30.773+0000] {logging_mixin.py:137} INFO - [2023-01-24T17:03:30.773+0000] {dag.py:2690} INFO - Sync 1 DAGs
[2023-01-24T17:03:30.791+0000] {logging_mixin.py:137} INFO - [2023-01-24T17:03:30.791+0000] {dag.py:3441} INFO - Setting next_dagrun for maingoal to None, run_after=None
[2023-01-24T17:03:30.805+0000] {processor.py:175} INFO - Processing /opt/airflow/dags/exam1.py took 0.105 seconds
[2023-01-24T17:04:01.604+0000] {processor.py:153} INFO - Started process (PID=7762) to work on /opt/airflow/dags/exam1.py
[2023-01-24T17:04:01.605+0000] {processor.py:743} INFO - Processing file /opt/airflow/dags/exam1.py for tasks to queue
[2023-01-24T17:04:01.607+0000] {logging_mixin.py:137} INFO - [2023-01-24T17:04:01.607+0000] {dagbag.py:538} INFO - Filling up the DagBag from /opt/airflow/dags/exam1.py
[2023-01-24T17:04:01.624+0000] {processor.py:753} INFO - DAG(s) dict_keys(['maingoal']) retrieved from /opt/airflow/dags/exam1.py
[2023-01-24T17:04:01.643+0000] {logging_mixin.py:137} INFO - [2023-01-24T17:04:01.643+0000] {dag.py:2690} INFO - Sync 1 DAGs
[2023-01-24T17:04:01.659+0000] {logging_mixin.py:137} INFO - [2023-01-24T17:04:01.659+0000] {dag.py:3441} INFO - Setting next_dagrun for maingoal to None, run_after=None
[2023-01-24T17:04:01.670+0000] {processor.py:175} INFO - Processing /opt/airflow/dags/exam1.py took 0.069 seconds
[2023-01-24T17:04:32.431+0000] {processor.py:153} INFO - Started process (PID=7837) to work on /opt/airflow/dags/exam1.py
[2023-01-24T17:04:32.434+0000] {processor.py:743} INFO - Processing file /opt/airflow/dags/exam1.py for tasks to queue
[2023-01-24T17:04:32.439+0000] {logging_mixin.py:137} INFO - [2023-01-24T17:04:32.439+0000] {dagbag.py:538} INFO - Filling up the DagBag from /opt/airflow/dags/exam1.py
[2023-01-24T17:04:32.474+0000] {processor.py:753} INFO - DAG(s) dict_keys(['maingoal']) retrieved from /opt/airflow/dags/exam1.py
[2023-01-24T17:04:32.513+0000] {logging_mixin.py:137} INFO - [2023-01-24T17:04:32.513+0000] {dag.py:2690} INFO - Sync 1 DAGs
[2023-01-24T17:04:32.544+0000] {logging_mixin.py:137} INFO - [2023-01-24T17:04:32.544+0000] {dag.py:3441} INFO - Setting next_dagrun for maingoal to None, run_after=None
[2023-01-24T17:04:32.560+0000] {processor.py:175} INFO - Processing /opt/airflow/dags/exam1.py took 0.137 seconds
[2023-01-24T17:05:03.259+0000] {processor.py:153} INFO - Started process (PID=7929) to work on /opt/airflow/dags/exam1.py
[2023-01-24T17:05:03.261+0000] {processor.py:743} INFO - Processing file /opt/airflow/dags/exam1.py for tasks to queue
[2023-01-24T17:05:03.263+0000] {logging_mixin.py:137} INFO - [2023-01-24T17:05:03.263+0000] {dagbag.py:538} INFO - Filling up the DagBag from /opt/airflow/dags/exam1.py
[2023-01-24T17:05:03.292+0000] {processor.py:753} INFO - DAG(s) dict_keys(['maingoal']) retrieved from /opt/airflow/dags/exam1.py
[2023-01-24T17:05:03.324+0000] {logging_mixin.py:137} INFO - [2023-01-24T17:05:03.324+0000] {dag.py:2690} INFO - Sync 1 DAGs
[2023-01-24T17:05:03.346+0000] {logging_mixin.py:137} INFO - [2023-01-24T17:05:03.346+0000] {dag.py:3441} INFO - Setting next_dagrun for maingoal to None, run_after=None
[2023-01-24T17:05:03.370+0000] {processor.py:175} INFO - Processing /opt/airflow/dags/exam1.py took 0.125 seconds
[2023-01-24T17:05:06.457+0000] {processor.py:153} INFO - Started process (PID=7930) to work on /opt/airflow/dags/exam1.py
[2023-01-24T17:05:06.459+0000] {processor.py:743} INFO - Processing file /opt/airflow/dags/exam1.py for tasks to queue
[2023-01-24T17:05:06.460+0000] {logging_mixin.py:137} INFO - [2023-01-24T17:05:06.460+0000] {dagbag.py:538} INFO - Filling up the DagBag from /opt/airflow/dags/exam1.py
[2023-01-24T17:05:06.495+0000] {processor.py:753} INFO - DAG(s) dict_keys(['maingoal']) retrieved from /opt/airflow/dags/exam1.py
[2023-01-24T17:05:06.525+0000] {logging_mixin.py:137} INFO - [2023-01-24T17:05:06.525+0000] {dag.py:2690} INFO - Sync 1 DAGs
[2023-01-24T17:05:06.547+0000] {logging_mixin.py:137} INFO - [2023-01-24T17:05:06.547+0000] {dag.py:3441} INFO - Setting next_dagrun for maingoal to None, run_after=None
[2023-01-24T17:05:06.570+0000] {processor.py:175} INFO - Processing /opt/airflow/dags/exam1.py took 0.121 seconds
[2023-01-24T17:05:37.500+0000] {processor.py:153} INFO - Started process (PID=8022) to work on /opt/airflow/dags/exam1.py
[2023-01-24T17:05:37.502+0000] {processor.py:743} INFO - Processing file /opt/airflow/dags/exam1.py for tasks to queue
[2023-01-24T17:05:37.503+0000] {logging_mixin.py:137} INFO - [2023-01-24T17:05:37.503+0000] {dagbag.py:538} INFO - Filling up the DagBag from /opt/airflow/dags/exam1.py
[2023-01-24T17:05:37.524+0000] {processor.py:753} INFO - DAG(s) dict_keys(['maingoal']) retrieved from /opt/airflow/dags/exam1.py
[2023-01-24T17:05:37.543+0000] {logging_mixin.py:137} INFO - [2023-01-24T17:05:37.543+0000] {dag.py:2690} INFO - Sync 1 DAGs
[2023-01-24T17:05:37.559+0000] {logging_mixin.py:137} INFO - [2023-01-24T17:05:37.559+0000] {dag.py:3441} INFO - Setting next_dagrun for maingoal to None, run_after=None
[2023-01-24T17:05:37.570+0000] {processor.py:175} INFO - Processing /opt/airflow/dags/exam1.py took 0.076 seconds
[2023-01-24T17:06:00.084+0000] {processor.py:153} INFO - Started process (PID=8098) to work on /opt/airflow/dags/exam1.py
[2023-01-24T17:06:00.086+0000] {processor.py:743} INFO - Processing file /opt/airflow/dags/exam1.py for tasks to queue
[2023-01-24T17:06:00.088+0000] {logging_mixin.py:137} INFO - [2023-01-24T17:06:00.088+0000] {dagbag.py:538} INFO - Filling up the DagBag from /opt/airflow/dags/exam1.py
[2023-01-24T17:06:00.121+0000] {processor.py:753} INFO - DAG(s) dict_keys(['maingoal']) retrieved from /opt/airflow/dags/exam1.py
[2023-01-24T17:06:00.148+0000] {logging_mixin.py:137} INFO - [2023-01-24T17:06:00.148+0000] {dag.py:2690} INFO - Sync 1 DAGs
[2023-01-24T17:06:00.169+0000] {logging_mixin.py:137} INFO - [2023-01-24T17:06:00.169+0000] {dag.py:3441} INFO - Setting next_dagrun for maingoal to None, run_after=None
[2023-01-24T17:06:00.187+0000] {processor.py:175} INFO - Processing /opt/airflow/dags/exam1.py took 0.108 seconds
[2023-01-24T17:06:30.961+0000] {processor.py:153} INFO - Started process (PID=8190) to work on /opt/airflow/dags/exam1.py
[2023-01-24T17:06:30.964+0000] {processor.py:743} INFO - Processing file /opt/airflow/dags/exam1.py for tasks to queue
[2023-01-24T17:06:30.966+0000] {logging_mixin.py:137} INFO - [2023-01-24T17:06:30.966+0000] {dagbag.py:538} INFO - Filling up the DagBag from /opt/airflow/dags/exam1.py
[2023-01-24T17:06:30.994+0000] {processor.py:753} INFO - DAG(s) dict_keys(['maingoal']) retrieved from /opt/airflow/dags/exam1.py
[2023-01-24T17:06:31.017+0000] {logging_mixin.py:137} INFO - [2023-01-24T17:06:31.017+0000] {dag.py:2690} INFO - Sync 1 DAGs
[2023-01-24T17:06:31.039+0000] {logging_mixin.py:137} INFO - [2023-01-24T17:06:31.039+0000] {dag.py:3441} INFO - Setting next_dagrun for maingoal to None, run_after=None
[2023-01-24T17:06:31.051+0000] {processor.py:175} INFO - Processing /opt/airflow/dags/exam1.py took 0.097 seconds
[2023-01-24T17:06:32.025+0000] {processor.py:153} INFO - Started process (PID=8191) to work on /opt/airflow/dags/exam1.py
[2023-01-24T17:06:32.027+0000] {processor.py:743} INFO - Processing file /opt/airflow/dags/exam1.py for tasks to queue
[2023-01-24T17:06:32.028+0000] {logging_mixin.py:137} INFO - [2023-01-24T17:06:32.028+0000] {dagbag.py:538} INFO - Filling up the DagBag from /opt/airflow/dags/exam1.py
[2023-01-24T17:06:32.058+0000] {processor.py:753} INFO - DAG(s) dict_keys(['maingoal']) retrieved from /opt/airflow/dags/exam1.py
[2023-01-24T17:06:32.082+0000] {logging_mixin.py:137} INFO - [2023-01-24T17:06:32.082+0000] {dag.py:2690} INFO - Sync 1 DAGs
[2023-01-24T17:06:32.097+0000] {logging_mixin.py:137} INFO - [2023-01-24T17:06:32.097+0000] {dag.py:3441} INFO - Setting next_dagrun for maingoal to None, run_after=None
[2023-01-24T17:06:32.109+0000] {processor.py:175} INFO - Processing /opt/airflow/dags/exam1.py took 0.088 seconds
[2023-01-24T17:07:02.288+0000] {processor.py:153} INFO - Started process (PID=8267) to work on /opt/airflow/dags/exam1.py
[2023-01-24T17:07:02.290+0000] {processor.py:743} INFO - Processing file /opt/airflow/dags/exam1.py for tasks to queue
[2023-01-24T17:07:02.291+0000] {logging_mixin.py:137} INFO - [2023-01-24T17:07:02.291+0000] {dagbag.py:538} INFO - Filling up the DagBag from /opt/airflow/dags/exam1.py
[2023-01-24T17:07:02.311+0000] {processor.py:753} INFO - DAG(s) dict_keys(['maingoal']) retrieved from /opt/airflow/dags/exam1.py
[2023-01-24T17:07:02.330+0000] {logging_mixin.py:137} INFO - [2023-01-24T17:07:02.330+0000] {dag.py:2690} INFO - Sync 1 DAGs
[2023-01-24T17:07:02.345+0000] {logging_mixin.py:137} INFO - [2023-01-24T17:07:02.344+0000] {dag.py:3441} INFO - Setting next_dagrun for maingoal to None, run_after=None
[2023-01-24T17:07:02.355+0000] {processor.py:175} INFO - Processing /opt/airflow/dags/exam1.py took 0.072 seconds
[2023-01-24T17:07:32.916+0000] {processor.py:153} INFO - Started process (PID=8359) to work on /opt/airflow/dags/exam1.py
[2023-01-24T17:07:32.918+0000] {processor.py:743} INFO - Processing file /opt/airflow/dags/exam1.py for tasks to queue
[2023-01-24T17:07:32.919+0000] {logging_mixin.py:137} INFO - [2023-01-24T17:07:32.919+0000] {dagbag.py:538} INFO - Filling up the DagBag from /opt/airflow/dags/exam1.py
[2023-01-24T17:07:32.948+0000] {processor.py:753} INFO - DAG(s) dict_keys(['maingoal']) retrieved from /opt/airflow/dags/exam1.py
[2023-01-24T17:07:32.974+0000] {logging_mixin.py:137} INFO - [2023-01-24T17:07:32.974+0000] {dag.py:2690} INFO - Sync 1 DAGs
[2023-01-24T17:07:32.994+0000] {logging_mixin.py:137} INFO - [2023-01-24T17:07:32.994+0000] {dag.py:3441} INFO - Setting next_dagrun for maingoal to None, run_after=None
[2023-01-24T17:07:33.007+0000] {processor.py:175} INFO - Processing /opt/airflow/dags/exam1.py took 0.098 seconds
[2023-01-24T17:08:03.437+0000] {processor.py:153} INFO - Started process (PID=8451) to work on /opt/airflow/dags/exam1.py
[2023-01-24T17:08:03.439+0000] {processor.py:743} INFO - Processing file /opt/airflow/dags/exam1.py for tasks to queue
[2023-01-24T17:08:03.441+0000] {logging_mixin.py:137} INFO - [2023-01-24T17:08:03.440+0000] {dagbag.py:538} INFO - Filling up the DagBag from /opt/airflow/dags/exam1.py
[2023-01-24T17:08:03.464+0000] {processor.py:753} INFO - DAG(s) dict_keys(['maingoal']) retrieved from /opt/airflow/dags/exam1.py
[2023-01-24T17:08:03.483+0000] {logging_mixin.py:137} INFO - [2023-01-24T17:08:03.483+0000] {dag.py:2690} INFO - Sync 1 DAGs
[2023-01-24T17:08:03.497+0000] {logging_mixin.py:137} INFO - [2023-01-24T17:08:03.497+0000] {dag.py:3441} INFO - Setting next_dagrun for maingoal to None, run_after=None
[2023-01-24T17:08:03.507+0000] {processor.py:175} INFO - Processing /opt/airflow/dags/exam1.py took 0.076 seconds
[2023-01-24T17:08:33.989+0000] {processor.py:153} INFO - Started process (PID=8528) to work on /opt/airflow/dags/exam1.py
[2023-01-24T17:08:33.992+0000] {processor.py:743} INFO - Processing file /opt/airflow/dags/exam1.py for tasks to queue
[2023-01-24T17:08:33.993+0000] {logging_mixin.py:137} INFO - [2023-01-24T17:08:33.993+0000] {dagbag.py:538} INFO - Filling up the DagBag from /opt/airflow/dags/exam1.py
[2023-01-24T17:08:34.012+0000] {processor.py:753} INFO - DAG(s) dict_keys(['maingoal']) retrieved from /opt/airflow/dags/exam1.py
[2023-01-24T17:08:34.031+0000] {logging_mixin.py:137} INFO - [2023-01-24T17:08:34.030+0000] {dag.py:2690} INFO - Sync 1 DAGs
[2023-01-24T17:08:34.046+0000] {logging_mixin.py:137} INFO - [2023-01-24T17:08:34.046+0000] {dag.py:3441} INFO - Setting next_dagrun for maingoal to None, run_after=None
[2023-01-24T17:08:34.059+0000] {processor.py:175} INFO - Processing /opt/airflow/dags/exam1.py took 0.073 seconds
[2023-01-24T17:08:43.606+0000] {processor.py:153} INFO - Started process (PID=8553) to work on /opt/airflow/dags/exam1.py
[2023-01-24T17:08:43.610+0000] {processor.py:743} INFO - Processing file /opt/airflow/dags/exam1.py for tasks to queue
[2023-01-24T17:08:43.613+0000] {logging_mixin.py:137} INFO - [2023-01-24T17:08:43.612+0000] {dagbag.py:538} INFO - Filling up the DagBag from /opt/airflow/dags/exam1.py
[2023-01-24T17:08:43.649+0000] {processor.py:753} INFO - DAG(s) dict_keys(['maingoal']) retrieved from /opt/airflow/dags/exam1.py
[2023-01-24T17:08:43.676+0000] {logging_mixin.py:137} INFO - [2023-01-24T17:08:43.676+0000] {dag.py:2690} INFO - Sync 1 DAGs
[2023-01-24T17:08:43.695+0000] {logging_mixin.py:137} INFO - [2023-01-24T17:08:43.695+0000] {dag.py:3441} INFO - Setting next_dagrun for maingoal to None, run_after=None
[2023-01-24T17:08:43.710+0000] {processor.py:175} INFO - Processing /opt/airflow/dags/exam1.py took 0.112 seconds
[2023-01-24T17:09:14.278+0000] {processor.py:153} INFO - Started process (PID=8646) to work on /opt/airflow/dags/exam1.py
[2023-01-24T17:09:14.281+0000] {processor.py:743} INFO - Processing file /opt/airflow/dags/exam1.py for tasks to queue
[2023-01-24T17:09:14.282+0000] {logging_mixin.py:137} INFO - [2023-01-24T17:09:14.282+0000] {dagbag.py:538} INFO - Filling up the DagBag from /opt/airflow/dags/exam1.py
[2023-01-24T17:09:14.302+0000] {processor.py:753} INFO - DAG(s) dict_keys(['maingoal']) retrieved from /opt/airflow/dags/exam1.py
[2023-01-24T17:09:14.321+0000] {logging_mixin.py:137} INFO - [2023-01-24T17:09:14.320+0000] {dag.py:2690} INFO - Sync 1 DAGs
[2023-01-24T17:09:14.337+0000] {logging_mixin.py:137} INFO - [2023-01-24T17:09:14.336+0000] {dag.py:3441} INFO - Setting next_dagrun for maingoal to None, run_after=None
[2023-01-24T17:09:14.348+0000] {processor.py:175} INFO - Processing /opt/airflow/dags/exam1.py took 0.075 seconds
[2023-01-24T17:09:44.913+0000] {processor.py:153} INFO - Started process (PID=8722) to work on /opt/airflow/dags/exam1.py
[2023-01-24T17:09:44.914+0000] {processor.py:743} INFO - Processing file /opt/airflow/dags/exam1.py for tasks to queue
[2023-01-24T17:09:44.915+0000] {logging_mixin.py:137} INFO - [2023-01-24T17:09:44.915+0000] {dagbag.py:538} INFO - Filling up the DagBag from /opt/airflow/dags/exam1.py
[2023-01-24T17:09:44.933+0000] {processor.py:753} INFO - DAG(s) dict_keys(['maingoal']) retrieved from /opt/airflow/dags/exam1.py
[2023-01-24T17:09:44.952+0000] {logging_mixin.py:137} INFO - [2023-01-24T17:09:44.951+0000] {dag.py:2690} INFO - Sync 1 DAGs
[2023-01-24T17:09:44.965+0000] {logging_mixin.py:137} INFO - [2023-01-24T17:09:44.965+0000] {dag.py:3441} INFO - Setting next_dagrun for maingoal to None, run_after=None
[2023-01-24T17:09:44.977+0000] {processor.py:175} INFO - Processing /opt/airflow/dags/exam1.py took 0.068 seconds
[2023-01-24T17:09:55.834+0000] {processor.py:153} INFO - Started process (PID=8774) to work on /opt/airflow/dags/exam1.py
[2023-01-24T17:09:55.836+0000] {processor.py:743} INFO - Processing file /opt/airflow/dags/exam1.py for tasks to queue
[2023-01-24T17:09:55.838+0000] {logging_mixin.py:137} INFO - [2023-01-24T17:09:55.838+0000] {dagbag.py:538} INFO - Filling up the DagBag from /opt/airflow/dags/exam1.py
[2023-01-24T17:09:55.880+0000] {processor.py:753} INFO - DAG(s) dict_keys(['maingoal']) retrieved from /opt/airflow/dags/exam1.py
[2023-01-24T17:09:55.937+0000] {logging_mixin.py:137} INFO - [2023-01-24T17:09:55.937+0000] {dag.py:2690} INFO - Sync 1 DAGs
[2023-01-24T17:09:55.955+0000] {logging_mixin.py:137} INFO - [2023-01-24T17:09:55.955+0000] {dag.py:3441} INFO - Setting next_dagrun for maingoal to None, run_after=None
[2023-01-24T17:09:55.972+0000] {processor.py:175} INFO - Processing /opt/airflow/dags/exam1.py took 0.143 seconds
[2023-01-24T17:10:26.178+0000] {processor.py:153} INFO - Started process (PID=8866) to work on /opt/airflow/dags/exam1.py
[2023-01-24T17:10:26.180+0000] {processor.py:743} INFO - Processing file /opt/airflow/dags/exam1.py for tasks to queue
[2023-01-24T17:10:26.182+0000] {logging_mixin.py:137} INFO - [2023-01-24T17:10:26.182+0000] {dagbag.py:538} INFO - Filling up the DagBag from /opt/airflow/dags/exam1.py
[2023-01-24T17:10:26.204+0000] {processor.py:753} INFO - DAG(s) dict_keys(['maingoal']) retrieved from /opt/airflow/dags/exam1.py
[2023-01-24T17:10:26.224+0000] {logging_mixin.py:137} INFO - [2023-01-24T17:10:26.224+0000] {dag.py:2690} INFO - Sync 1 DAGs
[2023-01-24T17:10:26.239+0000] {logging_mixin.py:137} INFO - [2023-01-24T17:10:26.239+0000] {dag.py:3441} INFO - Setting next_dagrun for maingoal to None, run_after=None
[2023-01-24T17:10:26.250+0000] {processor.py:175} INFO - Processing /opt/airflow/dags/exam1.py took 0.077 seconds
[2023-01-24T17:10:38.391+0000] {processor.py:153} INFO - Started process (PID=8883) to work on /opt/airflow/dags/exam1.py
[2023-01-24T17:10:38.393+0000] {processor.py:743} INFO - Processing file /opt/airflow/dags/exam1.py for tasks to queue
[2023-01-24T17:10:38.394+0000] {logging_mixin.py:137} INFO - [2023-01-24T17:10:38.394+0000] {dagbag.py:538} INFO - Filling up the DagBag from /opt/airflow/dags/exam1.py
[2023-01-24T17:10:38.426+0000] {processor.py:755} WARNING - No viable dags retrieved from /opt/airflow/dags/exam1.py
[2023-01-24T17:10:38.446+0000] {processor.py:175} INFO - Processing /opt/airflow/dags/exam1.py took 0.060 seconds
[2023-01-24T17:10:49.979+0000] {processor.py:153} INFO - Started process (PID=8931) to work on /opt/airflow/dags/exam1.py
[2023-01-24T17:10:49.980+0000] {processor.py:743} INFO - Processing file /opt/airflow/dags/exam1.py for tasks to queue
[2023-01-24T17:10:49.981+0000] {logging_mixin.py:137} INFO - [2023-01-24T17:10:49.981+0000] {dagbag.py:538} INFO - Filling up the DagBag from /opt/airflow/dags/exam1.py
[2023-01-24T17:10:50.001+0000] {processor.py:755} WARNING - No viable dags retrieved from /opt/airflow/dags/exam1.py
[2023-01-24T17:10:50.017+0000] {processor.py:175} INFO - Processing /opt/airflow/dags/exam1.py took 0.044 seconds
[2023-01-24T17:10:56.166+0000] {processor.py:153} INFO - Started process (PID=8953) to work on /opt/airflow/dags/exam1.py
[2023-01-24T17:10:56.170+0000] {processor.py:743} INFO - Processing file /opt/airflow/dags/exam1.py for tasks to queue
[2023-01-24T17:10:56.172+0000] {logging_mixin.py:137} INFO - [2023-01-24T17:10:56.172+0000] {dagbag.py:538} INFO - Filling up the DagBag from /opt/airflow/dags/exam1.py
[2023-01-24T17:10:56.195+0000] {processor.py:755} WARNING - No viable dags retrieved from /opt/airflow/dags/exam1.py
[2023-01-24T17:10:56.212+0000] {processor.py:175} INFO - Processing /opt/airflow/dags/exam1.py took 0.081 seconds
[2023-01-24T17:11:04.344+0000] {processor.py:153} INFO - Started process (PID=8961) to work on /opt/airflow/dags/exam1.py
[2023-01-24T17:11:04.347+0000] {processor.py:743} INFO - Processing file /opt/airflow/dags/exam1.py for tasks to queue
[2023-01-24T17:11:04.348+0000] {logging_mixin.py:137} INFO - [2023-01-24T17:11:04.348+0000] {dagbag.py:538} INFO - Filling up the DagBag from /opt/airflow/dags/exam1.py
[2023-01-24T17:11:04.402+0000] {processor.py:753} INFO - DAG(s) dict_keys(['maingoal']) retrieved from /opt/airflow/dags/exam1.py
[2023-01-24T17:11:04.501+0000] {logging_mixin.py:137} INFO - [2023-01-24T17:11:04.501+0000] {dag.py:2690} INFO - Sync 1 DAGs
[2023-01-24T17:11:04.533+0000] {logging_mixin.py:137} INFO - [2023-01-24T17:11:04.533+0000] {dag.py:3441} INFO - Setting next_dagrun for maingoal to None, run_after=None
[2023-01-24T17:11:04.553+0000] {processor.py:175} INFO - Processing /opt/airflow/dags/exam1.py took 0.229 seconds
[2023-01-24T17:11:10.420+0000] {processor.py:153} INFO - Started process (PID=8978) to work on /opt/airflow/dags/exam1.py
[2023-01-24T17:11:10.423+0000] {processor.py:743} INFO - Processing file /opt/airflow/dags/exam1.py for tasks to queue
[2023-01-24T17:11:10.425+0000] {logging_mixin.py:137} INFO - [2023-01-24T17:11:10.424+0000] {dagbag.py:538} INFO - Filling up the DagBag from /opt/airflow/dags/exam1.py
[2023-01-24T17:11:10.477+0000] {processor.py:753} INFO - DAG(s) dict_keys(['maingoal']) retrieved from /opt/airflow/dags/exam1.py
[2023-01-24T17:11:10.523+0000] {logging_mixin.py:137} INFO - [2023-01-24T17:11:10.523+0000] {dag.py:2690} INFO - Sync 1 DAGs
[2023-01-24T17:11:10.544+0000] {logging_mixin.py:137} INFO - [2023-01-24T17:11:10.544+0000] {dag.py:3441} INFO - Setting next_dagrun for maingoal to None, run_after=None
[2023-01-24T17:11:10.559+0000] {processor.py:175} INFO - Processing /opt/airflow/dags/exam1.py took 0.148 seconds
[2023-01-24T17:11:17.093+0000] {processor.py:153} INFO - Started process (PID=8987) to work on /opt/airflow/dags/exam1.py
[2023-01-24T17:11:17.097+0000] {processor.py:743} INFO - Processing file /opt/airflow/dags/exam1.py for tasks to queue
[2023-01-24T17:11:17.101+0000] {logging_mixin.py:137} INFO - [2023-01-24T17:11:17.100+0000] {dagbag.py:538} INFO - Filling up the DagBag from /opt/airflow/dags/exam1.py
[2023-01-24T17:11:17.166+0000] {processor.py:753} INFO - DAG(s) dict_keys(['maingoal']) retrieved from /opt/airflow/dags/exam1.py
[2023-01-24T17:11:17.217+0000] {logging_mixin.py:137} INFO - [2023-01-24T17:11:17.217+0000] {dag.py:2690} INFO - Sync 1 DAGs
[2023-01-24T17:11:17.243+0000] {logging_mixin.py:137} INFO - [2023-01-24T17:11:17.243+0000] {dag.py:3441} INFO - Setting next_dagrun for maingoal to None, run_after=None
[2023-01-24T17:11:17.261+0000] {processor.py:175} INFO - Processing /opt/airflow/dags/exam1.py took 0.175 seconds
[2023-01-24T17:11:47.690+0000] {processor.py:153} INFO - Started process (PID=9079) to work on /opt/airflow/dags/exam1.py
[2023-01-24T17:11:47.693+0000] {processor.py:743} INFO - Processing file /opt/airflow/dags/exam1.py for tasks to queue
[2023-01-24T17:11:47.695+0000] {logging_mixin.py:137} INFO - [2023-01-24T17:11:47.695+0000] {dagbag.py:538} INFO - Filling up the DagBag from /opt/airflow/dags/exam1.py
[2023-01-24T17:11:47.717+0000] {processor.py:753} INFO - DAG(s) dict_keys(['maingoal']) retrieved from /opt/airflow/dags/exam1.py
[2023-01-24T17:11:47.744+0000] {logging_mixin.py:137} INFO - [2023-01-24T17:11:47.744+0000] {dag.py:2690} INFO - Sync 1 DAGs
[2023-01-24T17:11:47.764+0000] {logging_mixin.py:137} INFO - [2023-01-24T17:11:47.764+0000] {dag.py:3441} INFO - Setting next_dagrun for maingoal to None, run_after=None
[2023-01-24T17:11:47.783+0000] {processor.py:175} INFO - Processing /opt/airflow/dags/exam1.py took 0.100 seconds
[2023-01-24T17:12:10.165+0000] {processor.py:153} INFO - Started process (PID=9146) to work on /opt/airflow/dags/exam1.py
[2023-01-24T17:12:10.166+0000] {processor.py:743} INFO - Processing file /opt/airflow/dags/exam1.py for tasks to queue
[2023-01-24T17:12:10.167+0000] {logging_mixin.py:137} INFO - [2023-01-24T17:12:10.167+0000] {dagbag.py:538} INFO - Filling up the DagBag from /opt/airflow/dags/exam1.py
[2023-01-24T17:12:10.198+0000] {processor.py:753} INFO - DAG(s) dict_keys(['maingoal']) retrieved from /opt/airflow/dags/exam1.py
[2023-01-24T17:12:10.242+0000] {logging_mixin.py:137} INFO - [2023-01-24T17:12:10.242+0000] {dag.py:2690} INFO - Sync 1 DAGs
[2023-01-24T17:12:10.261+0000] {logging_mixin.py:137} INFO - [2023-01-24T17:12:10.261+0000] {dag.py:3441} INFO - Setting next_dagrun for maingoal to None, run_after=None
[2023-01-24T17:12:10.276+0000] {processor.py:175} INFO - Processing /opt/airflow/dags/exam1.py took 0.117 seconds
[2023-01-24T17:12:35.888+0000] {processor.py:153} INFO - Started process (PID=9222) to work on /opt/airflow/dags/exam1.py
[2023-01-24T17:12:35.893+0000] {processor.py:743} INFO - Processing file /opt/airflow/dags/exam1.py for tasks to queue
[2023-01-24T17:12:35.894+0000] {logging_mixin.py:137} INFO - [2023-01-24T17:12:35.894+0000] {dagbag.py:538} INFO - Filling up the DagBag from /opt/airflow/dags/exam1.py
[2023-01-24T17:12:35.927+0000] {processor.py:753} INFO - DAG(s) dict_keys(['maingoal']) retrieved from /opt/airflow/dags/exam1.py
[2023-01-24T17:12:35.970+0000] {logging_mixin.py:137} INFO - [2023-01-24T17:12:35.969+0000] {dag.py:2690} INFO - Sync 1 DAGs
[2023-01-24T17:12:35.983+0000] {logging_mixin.py:137} INFO - [2023-01-24T17:12:35.983+0000] {dag.py:3441} INFO - Setting next_dagrun for maingoal to None, run_after=None
[2023-01-24T17:12:35.997+0000] {processor.py:175} INFO - Processing /opt/airflow/dags/exam1.py took 0.115 seconds
[2023-01-24T17:13:06.923+0000] {processor.py:153} INFO - Started process (PID=9307) to work on /opt/airflow/dags/exam1.py
[2023-01-24T17:13:06.925+0000] {processor.py:743} INFO - Processing file /opt/airflow/dags/exam1.py for tasks to queue
[2023-01-24T17:13:06.926+0000] {logging_mixin.py:137} INFO - [2023-01-24T17:13:06.926+0000] {dagbag.py:538} INFO - Filling up the DagBag from /opt/airflow/dags/exam1.py
[2023-01-24T17:13:06.949+0000] {processor.py:753} INFO - DAG(s) dict_keys(['maingoal']) retrieved from /opt/airflow/dags/exam1.py
[2023-01-24T17:13:06.971+0000] {logging_mixin.py:137} INFO - [2023-01-24T17:13:06.971+0000] {dag.py:2690} INFO - Sync 1 DAGs
[2023-01-24T17:13:06.986+0000] {logging_mixin.py:137} INFO - [2023-01-24T17:13:06.986+0000] {dag.py:3441} INFO - Setting next_dagrun for maingoal to None, run_after=None
[2023-01-24T17:13:07.000+0000] {processor.py:175} INFO - Processing /opt/airflow/dags/exam1.py took 0.081 seconds
[2023-01-24T17:13:37.806+0000] {processor.py:153} INFO - Started process (PID=9389) to work on /opt/airflow/dags/exam1.py
[2023-01-24T17:13:37.809+0000] {processor.py:743} INFO - Processing file /opt/airflow/dags/exam1.py for tasks to queue
[2023-01-24T17:13:37.813+0000] {logging_mixin.py:137} INFO - [2023-01-24T17:13:37.812+0000] {dagbag.py:538} INFO - Filling up the DagBag from /opt/airflow/dags/exam1.py
[2023-01-24T17:13:37.846+0000] {processor.py:753} INFO - DAG(s) dict_keys(['maingoal']) retrieved from /opt/airflow/dags/exam1.py
[2023-01-24T17:13:37.879+0000] {logging_mixin.py:137} INFO - [2023-01-24T17:13:37.878+0000] {dag.py:2690} INFO - Sync 1 DAGs
[2023-01-24T17:13:37.900+0000] {logging_mixin.py:137} INFO - [2023-01-24T17:13:37.899+0000] {dag.py:3441} INFO - Setting next_dagrun for maingoal to None, run_after=None
[2023-01-24T17:13:37.915+0000] {processor.py:175} INFO - Processing /opt/airflow/dags/exam1.py took 0.121 seconds
[2023-01-24T17:14:08.486+0000] {processor.py:153} INFO - Started process (PID=9481) to work on /opt/airflow/dags/exam1.py
[2023-01-24T17:14:08.488+0000] {processor.py:743} INFO - Processing file /opt/airflow/dags/exam1.py for tasks to queue
[2023-01-24T17:14:08.489+0000] {logging_mixin.py:137} INFO - [2023-01-24T17:14:08.489+0000] {dagbag.py:538} INFO - Filling up the DagBag from /opt/airflow/dags/exam1.py
[2023-01-24T17:14:08.505+0000] {processor.py:753} INFO - DAG(s) dict_keys(['maingoal']) retrieved from /opt/airflow/dags/exam1.py
[2023-01-24T17:14:08.524+0000] {logging_mixin.py:137} INFO - [2023-01-24T17:14:08.524+0000] {dag.py:2690} INFO - Sync 1 DAGs
[2023-01-24T17:14:08.539+0000] {logging_mixin.py:137} INFO - [2023-01-24T17:14:08.539+0000] {dag.py:3441} INFO - Setting next_dagrun for maingoal to None, run_after=None
[2023-01-24T17:14:08.550+0000] {processor.py:175} INFO - Processing /opt/airflow/dags/exam1.py took 0.067 seconds
[2023-01-24T17:14:39.024+0000] {processor.py:153} INFO - Started process (PID=9573) to work on /opt/airflow/dags/exam1.py
[2023-01-24T17:14:39.026+0000] {processor.py:743} INFO - Processing file /opt/airflow/dags/exam1.py for tasks to queue
[2023-01-24T17:14:39.027+0000] {logging_mixin.py:137} INFO - [2023-01-24T17:14:39.027+0000] {dagbag.py:538} INFO - Filling up the DagBag from /opt/airflow/dags/exam1.py
[2023-01-24T17:14:39.042+0000] {processor.py:753} INFO - DAG(s) dict_keys(['maingoal']) retrieved from /opt/airflow/dags/exam1.py
[2023-01-24T17:14:39.060+0000] {logging_mixin.py:137} INFO - [2023-01-24T17:14:39.060+0000] {dag.py:2690} INFO - Sync 1 DAGs
[2023-01-24T17:14:39.075+0000] {logging_mixin.py:137} INFO - [2023-01-24T17:14:39.075+0000] {dag.py:3441} INFO - Setting next_dagrun for maingoal to None, run_after=None
[2023-01-24T17:14:39.086+0000] {processor.py:175} INFO - Processing /opt/airflow/dags/exam1.py took 0.065 seconds
[2023-01-24T17:15:09.558+0000] {processor.py:153} INFO - Started process (PID=9649) to work on /opt/airflow/dags/exam1.py
[2023-01-24T17:15:09.561+0000] {processor.py:743} INFO - Processing file /opt/airflow/dags/exam1.py for tasks to queue
[2023-01-24T17:15:09.562+0000] {logging_mixin.py:137} INFO - [2023-01-24T17:15:09.562+0000] {dagbag.py:538} INFO - Filling up the DagBag from /opt/airflow/dags/exam1.py
[2023-01-24T17:15:09.597+0000] {processor.py:753} INFO - DAG(s) dict_keys(['maingoal']) retrieved from /opt/airflow/dags/exam1.py
[2023-01-24T17:15:09.626+0000] {logging_mixin.py:137} INFO - [2023-01-24T17:15:09.626+0000] {dag.py:2690} INFO - Sync 1 DAGs
[2023-01-24T17:15:09.649+0000] {logging_mixin.py:137} INFO - [2023-01-24T17:15:09.649+0000] {dag.py:3441} INFO - Setting next_dagrun for maingoal to None, run_after=None
[2023-01-24T17:15:09.665+0000] {processor.py:175} INFO - Processing /opt/airflow/dags/exam1.py took 0.112 seconds
[2023-01-24T17:15:24.032+0000] {processor.py:153} INFO - Started process (PID=9691) to work on /opt/airflow/dags/exam1.py
[2023-01-24T17:15:24.034+0000] {processor.py:743} INFO - Processing file /opt/airflow/dags/exam1.py for tasks to queue
[2023-01-24T17:15:24.035+0000] {logging_mixin.py:137} INFO - [2023-01-24T17:15:24.035+0000] {dagbag.py:538} INFO - Filling up the DagBag from /opt/airflow/dags/exam1.py
[2023-01-24T17:15:24.041+0000] {logging_mixin.py:137} INFO - [2023-01-24T17:15:24.041+0000] {dagbag.py:343} ERROR - Failed to import: /opt/airflow/dags/exam1.py
Traceback (most recent call last):
  File "/home/airflow/.local/lib/python3.7/site-packages/airflow/models/dagbag.py", line 339, in parse
    loader.exec_module(new_module)
  File "<frozen importlib._bootstrap_external>", line 724, in exec_module
  File "<frozen importlib._bootstrap_external>", line 860, in get_code
  File "<frozen importlib._bootstrap_external>", line 791, in source_to_code
  File "<frozen importlib._bootstrap>", line 219, in _call_with_frames_removed
  File "/opt/airflow/dags/exam1.py", line 51
    write_flights()
                ^
SyntaxError: invalid syntax
[2023-01-24T17:15:24.043+0000] {processor.py:755} WARNING - No viable dags retrieved from /opt/airflow/dags/exam1.py
[2023-01-24T17:15:24.063+0000] {processor.py:175} INFO - Processing /opt/airflow/dags/exam1.py took 0.034 seconds
[2023-01-24T17:15:30.278+0000] {processor.py:153} INFO - Started process (PID=9724) to work on /opt/airflow/dags/exam1.py
[2023-01-24T17:15:30.283+0000] {processor.py:743} INFO - Processing file /opt/airflow/dags/exam1.py for tasks to queue
[2023-01-24T17:15:30.285+0000] {logging_mixin.py:137} INFO - [2023-01-24T17:15:30.284+0000] {dagbag.py:538} INFO - Filling up the DagBag from /opt/airflow/dags/exam1.py
[2023-01-24T17:15:30.324+0000] {processor.py:753} INFO - DAG(s) dict_keys(['maingoal']) retrieved from /opt/airflow/dags/exam1.py
[2023-01-24T17:15:30.357+0000] {logging_mixin.py:137} INFO - [2023-01-24T17:15:30.357+0000] {dag.py:2690} INFO - Sync 1 DAGs
[2023-01-24T17:15:30.375+0000] {logging_mixin.py:137} INFO - [2023-01-24T17:15:30.375+0000] {dag.py:3441} INFO - Setting next_dagrun for maingoal to None, run_after=None
[2023-01-24T17:15:30.390+0000] {processor.py:175} INFO - Processing /opt/airflow/dags/exam1.py took 0.116 seconds
[2023-01-24T17:16:00.896+0000] {processor.py:153} INFO - Started process (PID=9815) to work on /opt/airflow/dags/exam1.py
[2023-01-24T17:16:00.899+0000] {processor.py:743} INFO - Processing file /opt/airflow/dags/exam1.py for tasks to queue
[2023-01-24T17:16:00.901+0000] {logging_mixin.py:137} INFO - [2023-01-24T17:16:00.901+0000] {dagbag.py:538} INFO - Filling up the DagBag from /opt/airflow/dags/exam1.py
[2023-01-24T17:16:00.927+0000] {processor.py:753} INFO - DAG(s) dict_keys(['maingoal']) retrieved from /opt/airflow/dags/exam1.py
[2023-01-24T17:16:00.948+0000] {logging_mixin.py:137} INFO - [2023-01-24T17:16:00.948+0000] {dag.py:2690} INFO - Sync 1 DAGs
[2023-01-24T17:16:00.962+0000] {logging_mixin.py:137} INFO - [2023-01-24T17:16:00.962+0000] {dag.py:3441} INFO - Setting next_dagrun for maingoal to None, run_after=None
[2023-01-24T17:16:00.973+0000] {processor.py:175} INFO - Processing /opt/airflow/dags/exam1.py took 0.083 seconds
[2023-01-24T17:16:31.719+0000] {processor.py:153} INFO - Started process (PID=9891) to work on /opt/airflow/dags/exam1.py
[2023-01-24T17:16:31.721+0000] {processor.py:743} INFO - Processing file /opt/airflow/dags/exam1.py for tasks to queue
[2023-01-24T17:16:31.722+0000] {logging_mixin.py:137} INFO - [2023-01-24T17:16:31.722+0000] {dagbag.py:538} INFO - Filling up the DagBag from /opt/airflow/dags/exam1.py
[2023-01-24T17:16:31.739+0000] {processor.py:753} INFO - DAG(s) dict_keys(['maingoal']) retrieved from /opt/airflow/dags/exam1.py
[2023-01-24T17:16:31.760+0000] {logging_mixin.py:137} INFO - [2023-01-24T17:16:31.760+0000] {dag.py:2690} INFO - Sync 1 DAGs
[2023-01-24T17:16:31.774+0000] {logging_mixin.py:137} INFO - [2023-01-24T17:16:31.774+0000] {dag.py:3441} INFO - Setting next_dagrun for maingoal to None, run_after=None
[2023-01-24T17:16:31.786+0000] {processor.py:175} INFO - Processing /opt/airflow/dags/exam1.py took 0.071 seconds
[2023-01-24T17:17:02.311+0000] {processor.py:153} INFO - Started process (PID=9983) to work on /opt/airflow/dags/exam1.py
[2023-01-24T17:17:02.313+0000] {processor.py:743} INFO - Processing file /opt/airflow/dags/exam1.py for tasks to queue
[2023-01-24T17:17:02.314+0000] {logging_mixin.py:137} INFO - [2023-01-24T17:17:02.314+0000] {dagbag.py:538} INFO - Filling up the DagBag from /opt/airflow/dags/exam1.py
[2023-01-24T17:17:02.337+0000] {processor.py:753} INFO - DAG(s) dict_keys(['maingoal']) retrieved from /opt/airflow/dags/exam1.py
[2023-01-24T17:17:02.360+0000] {logging_mixin.py:137} INFO - [2023-01-24T17:17:02.360+0000] {dag.py:2690} INFO - Sync 1 DAGs
[2023-01-24T17:17:02.378+0000] {logging_mixin.py:137} INFO - [2023-01-24T17:17:02.378+0000] {dag.py:3441} INFO - Setting next_dagrun for maingoal to None, run_after=None
[2023-01-24T17:17:02.390+0000] {processor.py:175} INFO - Processing /opt/airflow/dags/exam1.py took 0.084 seconds
[2023-01-24T17:17:33.128+0000] {processor.py:153} INFO - Started process (PID=10075) to work on /opt/airflow/dags/exam1.py
[2023-01-24T17:17:33.132+0000] {processor.py:743} INFO - Processing file /opt/airflow/dags/exam1.py for tasks to queue
[2023-01-24T17:17:33.134+0000] {logging_mixin.py:137} INFO - [2023-01-24T17:17:33.134+0000] {dagbag.py:538} INFO - Filling up the DagBag from /opt/airflow/dags/exam1.py
[2023-01-24T17:17:33.155+0000] {processor.py:753} INFO - DAG(s) dict_keys(['maingoal']) retrieved from /opt/airflow/dags/exam1.py
[2023-01-24T17:17:33.175+0000] {logging_mixin.py:137} INFO - [2023-01-24T17:17:33.175+0000] {dag.py:2690} INFO - Sync 1 DAGs
[2023-01-24T17:17:33.189+0000] {logging_mixin.py:137} INFO - [2023-01-24T17:17:33.189+0000] {dag.py:3441} INFO - Setting next_dagrun for maingoal to None, run_after=None
[2023-01-24T17:17:33.201+0000] {processor.py:175} INFO - Processing /opt/airflow/dags/exam1.py took 0.080 seconds
[2023-01-24T17:18:03.765+0000] {processor.py:153} INFO - Started process (PID=10151) to work on /opt/airflow/dags/exam1.py
[2023-01-24T17:18:03.768+0000] {processor.py:743} INFO - Processing file /opt/airflow/dags/exam1.py for tasks to queue
[2023-01-24T17:18:03.769+0000] {logging_mixin.py:137} INFO - [2023-01-24T17:18:03.769+0000] {dagbag.py:538} INFO - Filling up the DagBag from /opt/airflow/dags/exam1.py
[2023-01-24T17:18:03.793+0000] {processor.py:753} INFO - DAG(s) dict_keys(['maingoal']) retrieved from /opt/airflow/dags/exam1.py
[2023-01-24T17:18:03.820+0000] {logging_mixin.py:137} INFO - [2023-01-24T17:18:03.820+0000] {dag.py:2690} INFO - Sync 1 DAGs
[2023-01-24T17:18:03.836+0000] {logging_mixin.py:137} INFO - [2023-01-24T17:18:03.836+0000] {dag.py:3441} INFO - Setting next_dagrun for maingoal to None, run_after=None
[2023-01-24T17:18:03.861+0000] {processor.py:175} INFO - Processing /opt/airflow/dags/exam1.py took 0.102 seconds
[2023-01-24T17:18:34.480+0000] {processor.py:153} INFO - Started process (PID=10243) to work on /opt/airflow/dags/exam1.py
[2023-01-24T17:18:34.483+0000] {processor.py:743} INFO - Processing file /opt/airflow/dags/exam1.py for tasks to queue
[2023-01-24T17:18:34.486+0000] {logging_mixin.py:137} INFO - [2023-01-24T17:18:34.486+0000] {dagbag.py:538} INFO - Filling up the DagBag from /opt/airflow/dags/exam1.py
[2023-01-24T17:18:34.515+0000] {processor.py:753} INFO - DAG(s) dict_keys(['maingoal']) retrieved from /opt/airflow/dags/exam1.py
[2023-01-24T17:18:34.561+0000] {logging_mixin.py:137} INFO - [2023-01-24T17:18:34.560+0000] {dag.py:2690} INFO - Sync 1 DAGs
[2023-01-24T17:18:34.591+0000] {logging_mixin.py:137} INFO - [2023-01-24T17:18:34.591+0000] {dag.py:3441} INFO - Setting next_dagrun for maingoal to None, run_after=None
[2023-01-24T17:18:34.640+0000] {processor.py:175} INFO - Processing /opt/airflow/dags/exam1.py took 0.165 seconds
[2023-01-24T17:18:42.656+0000] {processor.py:153} INFO - Started process (PID=10260) to work on /opt/airflow/dags/exam1.py
[2023-01-24T17:18:42.659+0000] {processor.py:743} INFO - Processing file /opt/airflow/dags/exam1.py for tasks to queue
[2023-01-24T17:18:42.660+0000] {logging_mixin.py:137} INFO - [2023-01-24T17:18:42.660+0000] {dagbag.py:538} INFO - Filling up the DagBag from /opt/airflow/dags/exam1.py
[2023-01-24T17:18:42.698+0000] {processor.py:753} INFO - DAG(s) dict_keys(['maingoal']) retrieved from /opt/airflow/dags/exam1.py
[2023-01-24T17:18:42.745+0000] {logging_mixin.py:137} INFO - [2023-01-24T17:18:42.745+0000] {dag.py:2690} INFO - Sync 1 DAGs
[2023-01-24T17:18:42.760+0000] {logging_mixin.py:137} INFO - [2023-01-24T17:18:42.760+0000] {dag.py:3441} INFO - Setting next_dagrun for maingoal to None, run_after=None
[2023-01-24T17:18:42.784+0000] {processor.py:175} INFO - Processing /opt/airflow/dags/exam1.py took 0.136 seconds
[2023-01-24T17:19:13.575+0000] {processor.py:153} INFO - Started process (PID=10336) to work on /opt/airflow/dags/exam1.py
[2023-01-24T17:19:13.583+0000] {processor.py:743} INFO - Processing file /opt/airflow/dags/exam1.py for tasks to queue
[2023-01-24T17:19:13.588+0000] {logging_mixin.py:137} INFO - [2023-01-24T17:19:13.587+0000] {dagbag.py:538} INFO - Filling up the DagBag from /opt/airflow/dags/exam1.py
[2023-01-24T17:19:13.632+0000] {processor.py:753} INFO - DAG(s) dict_keys(['maingoal']) retrieved from /opt/airflow/dags/exam1.py
[2023-01-24T17:19:13.664+0000] {logging_mixin.py:137} INFO - [2023-01-24T17:19:13.664+0000] {dag.py:2690} INFO - Sync 1 DAGs
[2023-01-24T17:19:13.685+0000] {logging_mixin.py:137} INFO - [2023-01-24T17:19:13.685+0000] {dag.py:3441} INFO - Setting next_dagrun for maingoal to None, run_after=None
[2023-01-24T17:19:13.699+0000] {processor.py:175} INFO - Processing /opt/airflow/dags/exam1.py took 0.142 seconds
[2023-01-24T17:19:43.885+0000] {processor.py:153} INFO - Started process (PID=10428) to work on /opt/airflow/dags/exam1.py
[2023-01-24T17:19:43.887+0000] {processor.py:743} INFO - Processing file /opt/airflow/dags/exam1.py for tasks to queue
[2023-01-24T17:19:43.888+0000] {logging_mixin.py:137} INFO - [2023-01-24T17:19:43.888+0000] {dagbag.py:538} INFO - Filling up the DagBag from /opt/airflow/dags/exam1.py
[2023-01-24T17:19:43.917+0000] {processor.py:753} INFO - DAG(s) dict_keys(['maingoal']) retrieved from /opt/airflow/dags/exam1.py
[2023-01-24T17:19:43.944+0000] {logging_mixin.py:137} INFO - [2023-01-24T17:19:43.944+0000] {dag.py:2690} INFO - Sync 1 DAGs
[2023-01-24T17:19:43.964+0000] {logging_mixin.py:137} INFO - [2023-01-24T17:19:43.964+0000] {dag.py:3441} INFO - Setting next_dagrun for maingoal to None, run_after=None
[2023-01-24T17:19:43.979+0000] {processor.py:175} INFO - Processing /opt/airflow/dags/exam1.py took 0.109 seconds
[2023-01-24T17:20:14.823+0000] {processor.py:153} INFO - Started process (PID=10521) to work on /opt/airflow/dags/exam1.py
[2023-01-24T17:20:14.825+0000] {processor.py:743} INFO - Processing file /opt/airflow/dags/exam1.py for tasks to queue
[2023-01-24T17:20:14.827+0000] {logging_mixin.py:137} INFO - [2023-01-24T17:20:14.826+0000] {dagbag.py:538} INFO - Filling up the DagBag from /opt/airflow/dags/exam1.py
[2023-01-24T17:20:14.863+0000] {processor.py:753} INFO - DAG(s) dict_keys(['maingoal']) retrieved from /opt/airflow/dags/exam1.py
[2023-01-24T17:20:14.890+0000] {logging_mixin.py:137} INFO - [2023-01-24T17:20:14.890+0000] {dag.py:2690} INFO - Sync 1 DAGs
[2023-01-24T17:20:14.910+0000] {logging_mixin.py:137} INFO - [2023-01-24T17:20:14.910+0000] {dag.py:3441} INFO - Setting next_dagrun for maingoal to None, run_after=None
[2023-01-24T17:20:14.926+0000] {processor.py:175} INFO - Processing /opt/airflow/dags/exam1.py took 0.107 seconds
[2023-01-24T17:20:45.026+0000] {processor.py:153} INFO - Started process (PID=10597) to work on /opt/airflow/dags/exam1.py
[2023-01-24T17:20:45.028+0000] {processor.py:743} INFO - Processing file /opt/airflow/dags/exam1.py for tasks to queue
[2023-01-24T17:20:45.030+0000] {logging_mixin.py:137} INFO - [2023-01-24T17:20:45.030+0000] {dagbag.py:538} INFO - Filling up the DagBag from /opt/airflow/dags/exam1.py
[2023-01-24T17:20:45.051+0000] {processor.py:753} INFO - DAG(s) dict_keys(['maingoal']) retrieved from /opt/airflow/dags/exam1.py
[2023-01-24T17:20:45.075+0000] {logging_mixin.py:137} INFO - [2023-01-24T17:20:45.075+0000] {dag.py:2690} INFO - Sync 1 DAGs
[2023-01-24T17:20:45.094+0000] {logging_mixin.py:137} INFO - [2023-01-24T17:20:45.094+0000] {dag.py:3441} INFO - Setting next_dagrun for maingoal to None, run_after=None
[2023-01-24T17:20:45.108+0000] {processor.py:175} INFO - Processing /opt/airflow/dags/exam1.py took 0.087 seconds
[2023-01-24T17:21:15.203+0000] {processor.py:153} INFO - Started process (PID=10689) to work on /opt/airflow/dags/exam1.py
[2023-01-24T17:21:15.206+0000] {processor.py:743} INFO - Processing file /opt/airflow/dags/exam1.py for tasks to queue
[2023-01-24T17:21:15.208+0000] {logging_mixin.py:137} INFO - [2023-01-24T17:21:15.208+0000] {dagbag.py:538} INFO - Filling up the DagBag from /opt/airflow/dags/exam1.py
[2023-01-24T17:21:15.239+0000] {processor.py:753} INFO - DAG(s) dict_keys(['maingoal']) retrieved from /opt/airflow/dags/exam1.py
[2023-01-24T17:21:15.270+0000] {logging_mixin.py:137} INFO - [2023-01-24T17:21:15.270+0000] {dag.py:2690} INFO - Sync 1 DAGs
[2023-01-24T17:21:15.288+0000] {logging_mixin.py:137} INFO - [2023-01-24T17:21:15.288+0000] {dag.py:3441} INFO - Setting next_dagrun for maingoal to None, run_after=None
[2023-01-24T17:21:15.302+0000] {processor.py:175} INFO - Processing /opt/airflow/dags/exam1.py took 0.105 seconds
[2023-01-24T17:21:45.402+0000] {processor.py:153} INFO - Started process (PID=10765) to work on /opt/airflow/dags/exam1.py
[2023-01-24T17:21:45.405+0000] {processor.py:743} INFO - Processing file /opt/airflow/dags/exam1.py for tasks to queue
[2023-01-24T17:21:45.406+0000] {logging_mixin.py:137} INFO - [2023-01-24T17:21:45.406+0000] {dagbag.py:538} INFO - Filling up the DagBag from /opt/airflow/dags/exam1.py
[2023-01-24T17:21:45.429+0000] {processor.py:753} INFO - DAG(s) dict_keys(['maingoal']) retrieved from /opt/airflow/dags/exam1.py
[2023-01-24T17:21:45.455+0000] {logging_mixin.py:137} INFO - [2023-01-24T17:21:45.455+0000] {dag.py:2690} INFO - Sync 1 DAGs
[2023-01-24T17:21:45.473+0000] {logging_mixin.py:137} INFO - [2023-01-24T17:21:45.472+0000] {dag.py:3441} INFO - Setting next_dagrun for maingoal to None, run_after=None
[2023-01-24T17:21:45.484+0000] {processor.py:175} INFO - Processing /opt/airflow/dags/exam1.py took 0.088 seconds
[2023-01-24T17:22:15.990+0000] {processor.py:153} INFO - Started process (PID=10856) to work on /opt/airflow/dags/exam1.py
[2023-01-24T17:22:15.993+0000] {processor.py:743} INFO - Processing file /opt/airflow/dags/exam1.py for tasks to queue
[2023-01-24T17:22:15.995+0000] {logging_mixin.py:137} INFO - [2023-01-24T17:22:15.995+0000] {dagbag.py:538} INFO - Filling up the DagBag from /opt/airflow/dags/exam1.py
[2023-01-24T17:22:16.024+0000] {processor.py:753} INFO - DAG(s) dict_keys(['maingoal']) retrieved from /opt/airflow/dags/exam1.py
[2023-01-24T17:22:16.053+0000] {logging_mixin.py:137} INFO - [2023-01-24T17:22:16.053+0000] {dag.py:2690} INFO - Sync 1 DAGs
[2023-01-24T17:22:16.073+0000] {logging_mixin.py:137} INFO - [2023-01-24T17:22:16.073+0000] {dag.py:3441} INFO - Setting next_dagrun for maingoal to None, run_after=None
[2023-01-24T17:22:16.089+0000] {processor.py:175} INFO - Processing /opt/airflow/dags/exam1.py took 0.104 seconds
[2023-01-24T17:22:46.891+0000] {processor.py:153} INFO - Started process (PID=10932) to work on /opt/airflow/dags/exam1.py
[2023-01-24T17:22:46.893+0000] {processor.py:743} INFO - Processing file /opt/airflow/dags/exam1.py for tasks to queue
[2023-01-24T17:22:46.894+0000] {logging_mixin.py:137} INFO - [2023-01-24T17:22:46.894+0000] {dagbag.py:538} INFO - Filling up the DagBag from /opt/airflow/dags/exam1.py
[2023-01-24T17:22:46.911+0000] {processor.py:753} INFO - DAG(s) dict_keys(['maingoal']) retrieved from /opt/airflow/dags/exam1.py
[2023-01-24T17:22:46.932+0000] {logging_mixin.py:137} INFO - [2023-01-24T17:22:46.931+0000] {dag.py:2690} INFO - Sync 1 DAGs
[2023-01-24T17:22:46.948+0000] {logging_mixin.py:137} INFO - [2023-01-24T17:22:46.948+0000] {dag.py:3441} INFO - Setting next_dagrun for maingoal to None, run_after=None
[2023-01-24T17:22:46.961+0000] {processor.py:175} INFO - Processing /opt/airflow/dags/exam1.py took 0.073 seconds
[2023-01-24T17:23:17.905+0000] {processor.py:153} INFO - Started process (PID=11024) to work on /opt/airflow/dags/exam1.py
[2023-01-24T17:23:17.908+0000] {processor.py:743} INFO - Processing file /opt/airflow/dags/exam1.py for tasks to queue
[2023-01-24T17:23:17.910+0000] {logging_mixin.py:137} INFO - [2023-01-24T17:23:17.909+0000] {dagbag.py:538} INFO - Filling up the DagBag from /opt/airflow/dags/exam1.py
[2023-01-24T17:23:17.947+0000] {processor.py:753} INFO - DAG(s) dict_keys(['maingoal']) retrieved from /opt/airflow/dags/exam1.py
[2023-01-24T17:23:17.990+0000] {logging_mixin.py:137} INFO - [2023-01-24T17:23:17.989+0000] {dag.py:2690} INFO - Sync 1 DAGs
[2023-01-24T17:23:18.018+0000] {logging_mixin.py:137} INFO - [2023-01-24T17:23:18.018+0000] {dag.py:3441} INFO - Setting next_dagrun for maingoal to None, run_after=None
[2023-01-24T17:23:18.034+0000] {processor.py:175} INFO - Processing /opt/airflow/dags/exam1.py took 0.136 seconds
[2023-01-24T17:23:48.665+0000] {processor.py:153} INFO - Started process (PID=11115) to work on /opt/airflow/dags/exam1.py
[2023-01-24T17:23:48.667+0000] {processor.py:743} INFO - Processing file /opt/airflow/dags/exam1.py for tasks to queue
[2023-01-24T17:23:48.668+0000] {logging_mixin.py:137} INFO - [2023-01-24T17:23:48.668+0000] {dagbag.py:538} INFO - Filling up the DagBag from /opt/airflow/dags/exam1.py
[2023-01-24T17:23:48.690+0000] {processor.py:753} INFO - DAG(s) dict_keys(['maingoal']) retrieved from /opt/airflow/dags/exam1.py
[2023-01-24T17:23:48.717+0000] {logging_mixin.py:137} INFO - [2023-01-24T17:23:48.717+0000] {dag.py:2690} INFO - Sync 1 DAGs
[2023-01-24T17:23:48.733+0000] {logging_mixin.py:137} INFO - [2023-01-24T17:23:48.733+0000] {dag.py:3441} INFO - Setting next_dagrun for maingoal to None, run_after=None
[2023-01-24T17:23:48.744+0000] {processor.py:175} INFO - Processing /opt/airflow/dags/exam1.py took 0.082 seconds
[2023-01-24T17:24:19.173+0000] {processor.py:153} INFO - Started process (PID=11199) to work on /opt/airflow/dags/exam1.py
[2023-01-24T17:24:19.175+0000] {processor.py:743} INFO - Processing file /opt/airflow/dags/exam1.py for tasks to queue
[2023-01-24T17:24:19.176+0000] {logging_mixin.py:137} INFO - [2023-01-24T17:24:19.176+0000] {dagbag.py:538} INFO - Filling up the DagBag from /opt/airflow/dags/exam1.py
[2023-01-24T17:24:19.198+0000] {processor.py:753} INFO - DAG(s) dict_keys(['maingoal']) retrieved from /opt/airflow/dags/exam1.py
[2023-01-24T17:24:19.223+0000] {logging_mixin.py:137} INFO - [2023-01-24T17:24:19.223+0000] {dag.py:2690} INFO - Sync 1 DAGs
[2023-01-24T17:24:19.238+0000] {logging_mixin.py:137} INFO - [2023-01-24T17:24:19.238+0000] {dag.py:3441} INFO - Setting next_dagrun for maingoal to None, run_after=None
[2023-01-24T17:24:19.250+0000] {processor.py:175} INFO - Processing /opt/airflow/dags/exam1.py took 0.080 seconds
[2023-01-24T17:24:49.680+0000] {processor.py:153} INFO - Started process (PID=11282) to work on /opt/airflow/dags/exam1.py
[2023-01-24T17:24:49.683+0000] {processor.py:743} INFO - Processing file /opt/airflow/dags/exam1.py for tasks to queue
[2023-01-24T17:24:49.684+0000] {logging_mixin.py:137} INFO - [2023-01-24T17:24:49.684+0000] {dagbag.py:538} INFO - Filling up the DagBag from /opt/airflow/dags/exam1.py
[2023-01-24T17:24:49.707+0000] {processor.py:753} INFO - DAG(s) dict_keys(['maingoal']) retrieved from /opt/airflow/dags/exam1.py
[2023-01-24T17:24:49.729+0000] {logging_mixin.py:137} INFO - [2023-01-24T17:24:49.728+0000] {dag.py:2690} INFO - Sync 1 DAGs
[2023-01-24T17:24:49.743+0000] {logging_mixin.py:137} INFO - [2023-01-24T17:24:49.743+0000] {dag.py:3441} INFO - Setting next_dagrun for maingoal to None, run_after=None
[2023-01-24T17:24:49.754+0000] {processor.py:175} INFO - Processing /opt/airflow/dags/exam1.py took 0.079 seconds
[2023-01-24T17:25:20.340+0000] {processor.py:153} INFO - Started process (PID=11374) to work on /opt/airflow/dags/exam1.py
[2023-01-24T17:25:20.344+0000] {processor.py:743} INFO - Processing file /opt/airflow/dags/exam1.py for tasks to queue
[2023-01-24T17:25:20.346+0000] {logging_mixin.py:137} INFO - [2023-01-24T17:25:20.345+0000] {dagbag.py:538} INFO - Filling up the DagBag from /opt/airflow/dags/exam1.py
[2023-01-24T17:25:20.374+0000] {processor.py:753} INFO - DAG(s) dict_keys(['maingoal']) retrieved from /opt/airflow/dags/exam1.py
[2023-01-24T17:25:20.394+0000] {logging_mixin.py:137} INFO - [2023-01-24T17:25:20.394+0000] {dag.py:2690} INFO - Sync 1 DAGs
[2023-01-24T17:25:20.410+0000] {logging_mixin.py:137} INFO - [2023-01-24T17:25:20.410+0000] {dag.py:3441} INFO - Setting next_dagrun for maingoal to None, run_after=None
[2023-01-24T17:25:20.421+0000] {processor.py:175} INFO - Processing /opt/airflow/dags/exam1.py took 0.086 seconds
[2023-01-24T17:25:51.002+0000] {processor.py:153} INFO - Started process (PID=11467) to work on /opt/airflow/dags/exam1.py
[2023-01-24T17:25:51.004+0000] {processor.py:743} INFO - Processing file /opt/airflow/dags/exam1.py for tasks to queue
[2023-01-24T17:25:51.006+0000] {logging_mixin.py:137} INFO - [2023-01-24T17:25:51.005+0000] {dagbag.py:538} INFO - Filling up the DagBag from /opt/airflow/dags/exam1.py
[2023-01-24T17:25:51.024+0000] {processor.py:753} INFO - DAG(s) dict_keys(['maingoal']) retrieved from /opt/airflow/dags/exam1.py
[2023-01-24T17:25:51.044+0000] {logging_mixin.py:137} INFO - [2023-01-24T17:25:51.044+0000] {dag.py:2690} INFO - Sync 1 DAGs
[2023-01-24T17:25:51.059+0000] {logging_mixin.py:137} INFO - [2023-01-24T17:25:51.059+0000] {dag.py:3441} INFO - Setting next_dagrun for maingoal to None, run_after=None
[2023-01-24T17:25:51.070+0000] {processor.py:175} INFO - Processing /opt/airflow/dags/exam1.py took 0.070 seconds
[2023-01-24T17:26:21.728+0000] {processor.py:153} INFO - Started process (PID=11543) to work on /opt/airflow/dags/exam1.py
[2023-01-24T17:26:21.731+0000] {processor.py:743} INFO - Processing file /opt/airflow/dags/exam1.py for tasks to queue
[2023-01-24T17:26:21.733+0000] {logging_mixin.py:137} INFO - [2023-01-24T17:26:21.733+0000] {dagbag.py:538} INFO - Filling up the DagBag from /opt/airflow/dags/exam1.py
[2023-01-24T17:26:21.759+0000] {processor.py:753} INFO - DAG(s) dict_keys(['maingoal']) retrieved from /opt/airflow/dags/exam1.py
[2023-01-24T17:26:21.779+0000] {logging_mixin.py:137} INFO - [2023-01-24T17:26:21.778+0000] {dag.py:2690} INFO - Sync 1 DAGs
[2023-01-24T17:26:21.792+0000] {logging_mixin.py:137} INFO - [2023-01-24T17:26:21.792+0000] {dag.py:3441} INFO - Setting next_dagrun for maingoal to None, run_after=None
[2023-01-24T17:26:21.804+0000] {processor.py:175} INFO - Processing /opt/airflow/dags/exam1.py took 0.080 seconds
[2023-01-24T17:26:52.509+0000] {processor.py:153} INFO - Started process (PID=11635) to work on /opt/airflow/dags/exam1.py
[2023-01-24T17:26:52.511+0000] {processor.py:743} INFO - Processing file /opt/airflow/dags/exam1.py for tasks to queue
[2023-01-24T17:26:52.512+0000] {logging_mixin.py:137} INFO - [2023-01-24T17:26:52.512+0000] {dagbag.py:538} INFO - Filling up the DagBag from /opt/airflow/dags/exam1.py
[2023-01-24T17:26:52.530+0000] {processor.py:753} INFO - DAG(s) dict_keys(['maingoal']) retrieved from /opt/airflow/dags/exam1.py
[2023-01-24T17:26:52.549+0000] {logging_mixin.py:137} INFO - [2023-01-24T17:26:52.549+0000] {dag.py:2690} INFO - Sync 1 DAGs
[2023-01-24T17:26:52.564+0000] {logging_mixin.py:137} INFO - [2023-01-24T17:26:52.564+0000] {dag.py:3441} INFO - Setting next_dagrun for maingoal to None, run_after=None
[2023-01-24T17:26:52.575+0000] {processor.py:175} INFO - Processing /opt/airflow/dags/exam1.py took 0.069 seconds
