[2023-01-24T17:33:18.263+0000] {processor.py:153} INFO - Started process (PID=12706) to work on /opt/airflow/dags/exam2.py
[2023-01-24T17:33:18.265+0000] {processor.py:743} INFO - Processing file /opt/airflow/dags/exam2.py for tasks to queue
[2023-01-24T17:33:18.265+0000] {logging_mixin.py:137} INFO - [2023-01-24T17:33:18.265+0000] {dagbag.py:538} INFO - Filling up the DagBag from /opt/airflow/dags/exam2.py
[2023-01-24T17:33:18.279+0000] {processor.py:753} INFO - DAG(s) dict_keys(['my_dag_id']) retrieved from /opt/airflow/dags/exam2.py
[2023-01-24T17:33:18.360+0000] {logging_mixin.py:137} INFO - [2023-01-24T17:33:18.360+0000] {manager.py:504} INFO - Created Permission View: can read on DAG:my_dag_id
[2023-01-24T17:33:18.365+0000] {logging_mixin.py:137} INFO - [2023-01-24T17:33:18.365+0000] {manager.py:504} INFO - Created Permission View: can edit on DAG:my_dag_id
[2023-01-24T17:33:18.369+0000] {logging_mixin.py:137} INFO - [2023-01-24T17:33:18.369+0000] {manager.py:504} INFO - Created Permission View: can delete on DAG:my_dag_id
[2023-01-24T17:33:18.369+0000] {logging_mixin.py:137} INFO - [2023-01-24T17:33:18.369+0000] {dag.py:2690} INFO - Sync 1 DAGs
[2023-01-24T17:33:18.377+0000] {logging_mixin.py:137} INFO - [2023-01-24T17:33:18.377+0000] {dag.py:2711} INFO - Creating ORM DAG for my_dag_id
[2023-01-24T17:33:18.384+0000] {logging_mixin.py:137} INFO - [2023-01-24T17:33:18.384+0000] {dag.py:3441} INFO - Setting next_dagrun for my_dag_id to 2023-01-23T17:33:18.384229+00:00, run_after=2023-01-24T17:33:18.384229+00:00
[2023-01-24T17:33:18.394+0000] {processor.py:175} INFO - Processing /opt/airflow/dags/exam2.py took 0.133 seconds
[2023-01-24T17:33:28.959+0000] {processor.py:153} INFO - Started process (PID=12755) to work on /opt/airflow/dags/exam2.py
[2023-01-24T17:33:28.961+0000] {processor.py:743} INFO - Processing file /opt/airflow/dags/exam2.py for tasks to queue
[2023-01-24T17:33:28.967+0000] {logging_mixin.py:137} INFO - [2023-01-24T17:33:28.967+0000] {dagbag.py:538} INFO - Filling up the DagBag from /opt/airflow/dags/exam2.py
[2023-01-24T17:33:29.015+0000] {processor.py:753} INFO - DAG(s) dict_keys(['my_dag_id']) retrieved from /opt/airflow/dags/exam2.py
[2023-01-24T17:33:29.035+0000] {logging_mixin.py:137} INFO - [2023-01-24T17:33:29.035+0000] {dag.py:2690} INFO - Sync 1 DAGs
[2023-01-24T17:33:29.058+0000] {logging_mixin.py:137} INFO - [2023-01-24T17:33:29.058+0000] {dag.py:3441} INFO - Setting next_dagrun for my_dag_id to 2023-01-23T17:33:29.057931+00:00, run_after=2023-01-24T17:33:29.057931+00:00
[2023-01-24T17:33:29.089+0000] {processor.py:175} INFO - Processing /opt/airflow/dags/exam2.py took 0.136 seconds
[2023-01-24T17:33:59.709+0000] {processor.py:153} INFO - Started process (PID=12848) to work on /opt/airflow/dags/exam2.py
[2023-01-24T17:33:59.710+0000] {processor.py:743} INFO - Processing file /opt/airflow/dags/exam2.py for tasks to queue
[2023-01-24T17:33:59.712+0000] {logging_mixin.py:137} INFO - [2023-01-24T17:33:59.712+0000] {dagbag.py:538} INFO - Filling up the DagBag from /opt/airflow/dags/exam2.py
[2023-01-24T17:33:59.744+0000] {processor.py:753} INFO - DAG(s) dict_keys(['my_dag_id']) retrieved from /opt/airflow/dags/exam2.py
[2023-01-24T17:33:59.781+0000] {logging_mixin.py:137} INFO - [2023-01-24T17:33:59.781+0000] {dag.py:2690} INFO - Sync 1 DAGs
[2023-01-24T17:33:59.803+0000] {logging_mixin.py:137} INFO - [2023-01-24T17:33:59.803+0000] {dag.py:3441} INFO - Setting next_dagrun for my_dag_id to 2023-01-23T17:33:59.802676+00:00, run_after=2023-01-24T17:33:59.802676+00:00
[2023-01-24T17:33:59.817+0000] {processor.py:175} INFO - Processing /opt/airflow/dags/exam2.py took 0.113 seconds
[2023-01-24T17:34:30.658+0000] {processor.py:153} INFO - Started process (PID=12941) to work on /opt/airflow/dags/exam2.py
[2023-01-24T17:34:30.661+0000] {processor.py:743} INFO - Processing file /opt/airflow/dags/exam2.py for tasks to queue
[2023-01-24T17:34:30.663+0000] {logging_mixin.py:137} INFO - [2023-01-24T17:34:30.662+0000] {dagbag.py:538} INFO - Filling up the DagBag from /opt/airflow/dags/exam2.py
[2023-01-24T17:34:30.686+0000] {processor.py:753} INFO - DAG(s) dict_keys(['my_dag_id']) retrieved from /opt/airflow/dags/exam2.py
[2023-01-24T17:34:30.708+0000] {logging_mixin.py:137} INFO - [2023-01-24T17:34:30.708+0000] {dag.py:2690} INFO - Sync 1 DAGs
[2023-01-24T17:34:30.728+0000] {logging_mixin.py:137} INFO - [2023-01-24T17:34:30.727+0000] {dag.py:3441} INFO - Setting next_dagrun for my_dag_id to 2023-01-23T17:34:30.727627+00:00, run_after=2023-01-24T17:34:30.727627+00:00
[2023-01-24T17:34:30.740+0000] {processor.py:175} INFO - Processing /opt/airflow/dags/exam2.py took 0.086 seconds
[2023-01-24T17:34:55.330+0000] {processor.py:153} INFO - Started process (PID=13018) to work on /opt/airflow/dags/exam2.py
[2023-01-24T17:34:55.333+0000] {processor.py:743} INFO - Processing file /opt/airflow/dags/exam2.py for tasks to queue
[2023-01-24T17:34:55.335+0000] {logging_mixin.py:137} INFO - [2023-01-24T17:34:55.335+0000] {dagbag.py:538} INFO - Filling up the DagBag from /opt/airflow/dags/exam2.py
[2023-01-24T17:34:55.402+0000] {processor.py:753} INFO - DAG(s) dict_keys(['my_dag_id']) retrieved from /opt/airflow/dags/exam2.py
[2023-01-24T17:34:55.428+0000] {logging_mixin.py:137} INFO - [2023-01-24T17:34:55.428+0000] {dag.py:2690} INFO - Sync 1 DAGs
[2023-01-24T17:34:55.447+0000] {logging_mixin.py:137} INFO - [2023-01-24T17:34:55.446+0000] {dag.py:3441} INFO - Setting next_dagrun for my_dag_id to 2023-01-23T17:34:55.446597+00:00, run_after=2023-01-24T17:34:55.446597+00:00
[2023-01-24T17:34:55.460+0000] {processor.py:175} INFO - Processing /opt/airflow/dags/exam2.py took 0.136 seconds
[2023-01-24T17:35:25.963+0000] {processor.py:153} INFO - Started process (PID=13095) to work on /opt/airflow/dags/exam2.py
[2023-01-24T17:35:25.965+0000] {processor.py:743} INFO - Processing file /opt/airflow/dags/exam2.py for tasks to queue
[2023-01-24T17:35:25.966+0000] {logging_mixin.py:137} INFO - [2023-01-24T17:35:25.966+0000] {dagbag.py:538} INFO - Filling up the DagBag from /opt/airflow/dags/exam2.py
[2023-01-24T17:35:25.985+0000] {processor.py:753} INFO - DAG(s) dict_keys(['my_dag_id']) retrieved from /opt/airflow/dags/exam2.py
[2023-01-24T17:35:26.005+0000] {logging_mixin.py:137} INFO - [2023-01-24T17:35:26.005+0000] {dag.py:2690} INFO - Sync 1 DAGs
[2023-01-24T17:35:26.022+0000] {logging_mixin.py:137} INFO - [2023-01-24T17:35:26.022+0000] {dag.py:3441} INFO - Setting next_dagrun for my_dag_id to 2023-01-23T17:35:26.022431+00:00, run_after=2023-01-24T17:35:26.022431+00:00
[2023-01-24T17:35:26.035+0000] {processor.py:175} INFO - Processing /opt/airflow/dags/exam2.py took 0.075 seconds
[2023-01-24T17:35:56.917+0000] {processor.py:153} INFO - Started process (PID=13188) to work on /opt/airflow/dags/exam2.py
[2023-01-24T17:35:56.931+0000] {processor.py:743} INFO - Processing file /opt/airflow/dags/exam2.py for tasks to queue
[2023-01-24T17:35:56.954+0000] {logging_mixin.py:137} INFO - [2023-01-24T17:35:56.954+0000] {dagbag.py:538} INFO - Filling up the DagBag from /opt/airflow/dags/exam2.py
[2023-01-24T17:35:56.992+0000] {processor.py:753} INFO - DAG(s) dict_keys(['my_dag_id']) retrieved from /opt/airflow/dags/exam2.py
[2023-01-24T17:35:57.030+0000] {logging_mixin.py:137} INFO - [2023-01-24T17:35:57.030+0000] {dag.py:2690} INFO - Sync 1 DAGs
[2023-01-24T17:35:57.055+0000] {logging_mixin.py:137} INFO - [2023-01-24T17:35:57.055+0000] {dag.py:3441} INFO - Setting next_dagrun for my_dag_id to 2023-01-23T17:35:57.055555+00:00, run_after=2023-01-24T17:35:57.055555+00:00
[2023-01-24T17:35:57.078+0000] {processor.py:175} INFO - Processing /opt/airflow/dags/exam2.py took 0.166 seconds
[2023-01-24T17:35:58.951+0000] {processor.py:153} INFO - Started process (PID=13189) to work on /opt/airflow/dags/exam2.py
[2023-01-24T17:35:58.953+0000] {processor.py:743} INFO - Processing file /opt/airflow/dags/exam2.py for tasks to queue
[2023-01-24T17:35:58.954+0000] {logging_mixin.py:137} INFO - [2023-01-24T17:35:58.954+0000] {dagbag.py:538} INFO - Filling up the DagBag from /opt/airflow/dags/exam2.py
[2023-01-24T17:35:58.984+0000] {processor.py:753} INFO - DAG(s) dict_keys(['my_dag_id']) retrieved from /opt/airflow/dags/exam2.py
[2023-01-24T17:35:59.006+0000] {logging_mixin.py:137} INFO - [2023-01-24T17:35:59.005+0000] {dag.py:2690} INFO - Sync 1 DAGs
[2023-01-24T17:35:59.022+0000] {logging_mixin.py:137} INFO - [2023-01-24T17:35:59.022+0000] {dag.py:3441} INFO - Setting next_dagrun for my_dag_id to 2023-01-23T17:35:59.022496+00:00, run_after=2023-01-24T17:35:59.022496+00:00
[2023-01-24T17:35:59.037+0000] {processor.py:175} INFO - Processing /opt/airflow/dags/exam2.py took 0.090 seconds
[2023-01-24T17:36:08.113+0000] {processor.py:153} INFO - Started process (PID=13206) to work on /opt/airflow/dags/exam2.py
[2023-01-24T17:36:08.115+0000] {processor.py:743} INFO - Processing file /opt/airflow/dags/exam2.py for tasks to queue
[2023-01-24T17:36:08.117+0000] {logging_mixin.py:137} INFO - [2023-01-24T17:36:08.116+0000] {dagbag.py:538} INFO - Filling up the DagBag from /opt/airflow/dags/exam2.py
[2023-01-24T17:36:08.163+0000] {processor.py:753} INFO - DAG(s) dict_keys(['my_dag_id']) retrieved from /opt/airflow/dags/exam2.py
[2023-01-24T17:36:08.190+0000] {logging_mixin.py:137} INFO - [2023-01-24T17:36:08.190+0000] {dag.py:2690} INFO - Sync 1 DAGs
[2023-01-24T17:36:08.213+0000] {logging_mixin.py:137} INFO - [2023-01-24T17:36:08.213+0000] {dag.py:3441} INFO - Setting next_dagrun for my_dag_id to 2023-01-23T17:36:08.212481+00:00, run_after=2023-01-24T17:36:08.212481+00:00
[2023-01-24T17:36:08.234+0000] {processor.py:175} INFO - Processing /opt/airflow/dags/exam2.py took 0.126 seconds
[2023-01-24T17:36:37.978+0000] {processor.py:153} INFO - Started process (PID=13300) to work on /opt/airflow/dags/exam2.py
[2023-01-24T17:36:37.980+0000] {processor.py:743} INFO - Processing file /opt/airflow/dags/exam2.py for tasks to queue
[2023-01-24T17:36:37.982+0000] {logging_mixin.py:137} INFO - [2023-01-24T17:36:37.981+0000] {dagbag.py:538} INFO - Filling up the DagBag from /opt/airflow/dags/exam2.py
[2023-01-24T17:36:38.020+0000] {processor.py:753} INFO - DAG(s) dict_keys(['my_dag_id']) retrieved from /opt/airflow/dags/exam2.py
[2023-01-24T17:36:38.057+0000] {logging_mixin.py:137} INFO - [2023-01-24T17:36:38.057+0000] {dag.py:2690} INFO - Sync 1 DAGs
[2023-01-24T17:36:38.079+0000] {logging_mixin.py:137} INFO - [2023-01-24T17:36:38.079+0000] {dag.py:3441} INFO - Setting next_dagrun for my_dag_id to 2023-01-23T17:36:38.079513+00:00, run_after=2023-01-24T17:36:38.079513+00:00
[2023-01-24T17:36:38.096+0000] {processor.py:175} INFO - Processing /opt/airflow/dags/exam2.py took 0.122 seconds
[2023-01-24T17:37:08.656+0000] {processor.py:153} INFO - Started process (PID=13377) to work on /opt/airflow/dags/exam2.py
[2023-01-24T17:37:08.658+0000] {processor.py:743} INFO - Processing file /opt/airflow/dags/exam2.py for tasks to queue
[2023-01-24T17:37:08.660+0000] {logging_mixin.py:137} INFO - [2023-01-24T17:37:08.659+0000] {dagbag.py:538} INFO - Filling up the DagBag from /opt/airflow/dags/exam2.py
[2023-01-24T17:37:08.686+0000] {processor.py:753} INFO - DAG(s) dict_keys(['my_dag_id']) retrieved from /opt/airflow/dags/exam2.py
[2023-01-24T17:37:08.704+0000] {logging_mixin.py:137} INFO - [2023-01-24T17:37:08.703+0000] {dag.py:2690} INFO - Sync 1 DAGs
[2023-01-24T17:37:08.718+0000] {logging_mixin.py:137} INFO - [2023-01-24T17:37:08.718+0000] {dag.py:3441} INFO - Setting next_dagrun for my_dag_id to 2023-01-23T17:37:08.718491+00:00, run_after=2023-01-24T17:37:08.718491+00:00
[2023-01-24T17:37:08.729+0000] {processor.py:175} INFO - Processing /opt/airflow/dags/exam2.py took 0.079 seconds
[2023-01-24T17:37:39.453+0000] {processor.py:153} INFO - Started process (PID=13470) to work on /opt/airflow/dags/exam2.py
[2023-01-24T17:37:39.454+0000] {processor.py:743} INFO - Processing file /opt/airflow/dags/exam2.py for tasks to queue
[2023-01-24T17:37:39.455+0000] {logging_mixin.py:137} INFO - [2023-01-24T17:37:39.455+0000] {dagbag.py:538} INFO - Filling up the DagBag from /opt/airflow/dags/exam2.py
[2023-01-24T17:37:39.471+0000] {processor.py:753} INFO - DAG(s) dict_keys(['my_dag_id']) retrieved from /opt/airflow/dags/exam2.py
[2023-01-24T17:37:39.488+0000] {logging_mixin.py:137} INFO - [2023-01-24T17:37:39.488+0000] {dag.py:2690} INFO - Sync 1 DAGs
[2023-01-24T17:37:39.502+0000] {logging_mixin.py:137} INFO - [2023-01-24T17:37:39.502+0000] {dag.py:3441} INFO - Setting next_dagrun for my_dag_id to 2023-01-23T17:37:39.502289+00:00, run_after=2023-01-24T17:37:39.502289+00:00
[2023-01-24T17:37:39.513+0000] {processor.py:175} INFO - Processing /opt/airflow/dags/exam2.py took 0.063 seconds
[2023-01-24T17:38:10.146+0000] {processor.py:153} INFO - Started process (PID=13563) to work on /opt/airflow/dags/exam2.py
[2023-01-24T17:38:10.149+0000] {processor.py:743} INFO - Processing file /opt/airflow/dags/exam2.py for tasks to queue
[2023-01-24T17:38:10.150+0000] {logging_mixin.py:137} INFO - [2023-01-24T17:38:10.150+0000] {dagbag.py:538} INFO - Filling up the DagBag from /opt/airflow/dags/exam2.py
[2023-01-24T17:38:10.173+0000] {processor.py:753} INFO - DAG(s) dict_keys(['my_dag_id']) retrieved from /opt/airflow/dags/exam2.py
[2023-01-24T17:38:10.193+0000] {logging_mixin.py:137} INFO - [2023-01-24T17:38:10.193+0000] {dag.py:2690} INFO - Sync 1 DAGs
[2023-01-24T17:38:10.209+0000] {logging_mixin.py:137} INFO - [2023-01-24T17:38:10.209+0000] {dag.py:3441} INFO - Setting next_dagrun for my_dag_id to 2023-01-23T17:38:10.209354+00:00, run_after=2023-01-24T17:38:10.209354+00:00
[2023-01-24T17:38:10.225+0000] {processor.py:175} INFO - Processing /opt/airflow/dags/exam2.py took 0.083 seconds
[2023-01-24T17:38:40.806+0000] {processor.py:153} INFO - Started process (PID=13640) to work on /opt/airflow/dags/exam2.py
[2023-01-24T17:38:40.809+0000] {processor.py:743} INFO - Processing file /opt/airflow/dags/exam2.py for tasks to queue
[2023-01-24T17:38:40.810+0000] {logging_mixin.py:137} INFO - [2023-01-24T17:38:40.810+0000] {dagbag.py:538} INFO - Filling up the DagBag from /opt/airflow/dags/exam2.py
[2023-01-24T17:38:40.831+0000] {processor.py:753} INFO - DAG(s) dict_keys(['my_dag_id']) retrieved from /opt/airflow/dags/exam2.py
[2023-01-24T17:38:40.848+0000] {logging_mixin.py:137} INFO - [2023-01-24T17:38:40.848+0000] {dag.py:2690} INFO - Sync 1 DAGs
[2023-01-24T17:38:40.863+0000] {logging_mixin.py:137} INFO - [2023-01-24T17:38:40.863+0000] {dag.py:3441} INFO - Setting next_dagrun for my_dag_id to 2023-01-23T17:38:40.863163+00:00, run_after=2023-01-24T17:38:40.863163+00:00
[2023-01-24T17:38:40.873+0000] {processor.py:175} INFO - Processing /opt/airflow/dags/exam2.py took 0.070 seconds
[2023-01-24T17:39:11.482+0000] {processor.py:153} INFO - Started process (PID=13733) to work on /opt/airflow/dags/exam2.py
[2023-01-24T17:39:11.485+0000] {processor.py:743} INFO - Processing file /opt/airflow/dags/exam2.py for tasks to queue
[2023-01-24T17:39:11.486+0000] {logging_mixin.py:137} INFO - [2023-01-24T17:39:11.485+0000] {dagbag.py:538} INFO - Filling up the DagBag from /opt/airflow/dags/exam2.py
[2023-01-24T17:39:11.504+0000] {processor.py:753} INFO - DAG(s) dict_keys(['my_dag_id']) retrieved from /opt/airflow/dags/exam2.py
[2023-01-24T17:39:11.524+0000] {logging_mixin.py:137} INFO - [2023-01-24T17:39:11.524+0000] {dag.py:2690} INFO - Sync 1 DAGs
[2023-01-24T17:39:11.540+0000] {logging_mixin.py:137} INFO - [2023-01-24T17:39:11.540+0000] {dag.py:3441} INFO - Setting next_dagrun for my_dag_id to 2023-01-23T17:39:11.540509+00:00, run_after=2023-01-24T17:39:11.540509+00:00
[2023-01-24T17:39:11.554+0000] {processor.py:175} INFO - Processing /opt/airflow/dags/exam2.py took 0.074 seconds
[2023-01-24T17:39:33.982+0000] {processor.py:153} INFO - Started process (PID=13810) to work on /opt/airflow/dags/exam2.py
[2023-01-24T17:39:33.984+0000] {processor.py:743} INFO - Processing file /opt/airflow/dags/exam2.py for tasks to queue
[2023-01-24T17:39:33.985+0000] {logging_mixin.py:137} INFO - [2023-01-24T17:39:33.985+0000] {dagbag.py:538} INFO - Filling up the DagBag from /opt/airflow/dags/exam2.py
[2023-01-24T17:39:34.012+0000] {processor.py:753} INFO - DAG(s) dict_keys(['my_dag_id']) retrieved from /opt/airflow/dags/exam2.py
[2023-01-24T17:39:34.088+0000] {logging_mixin.py:137} INFO - [2023-01-24T17:39:34.088+0000] {dag.py:2690} INFO - Sync 1 DAGs
[2023-01-24T17:39:34.150+0000] {logging_mixin.py:137} INFO - [2023-01-24T17:39:34.150+0000] {dag.py:3441} INFO - Setting next_dagrun for my_dag_id to 2023-01-23T17:39:34.150440+00:00, run_after=2023-01-24T17:39:34.150440+00:00
[2023-01-24T17:39:34.198+0000] {processor.py:175} INFO - Processing /opt/airflow/dags/exam2.py took 0.219 seconds
[2023-01-24T17:40:04.551+0000] {processor.py:153} INFO - Started process (PID=13903) to work on /opt/airflow/dags/exam2.py
[2023-01-24T17:40:04.552+0000] {processor.py:743} INFO - Processing file /opt/airflow/dags/exam2.py for tasks to queue
[2023-01-24T17:40:04.553+0000] {logging_mixin.py:137} INFO - [2023-01-24T17:40:04.553+0000] {dagbag.py:538} INFO - Filling up the DagBag from /opt/airflow/dags/exam2.py
[2023-01-24T17:40:04.571+0000] {processor.py:753} INFO - DAG(s) dict_keys(['my_dag_id']) retrieved from /opt/airflow/dags/exam2.py
[2023-01-24T17:40:04.588+0000] {logging_mixin.py:137} INFO - [2023-01-24T17:40:04.588+0000] {dag.py:2690} INFO - Sync 1 DAGs
[2023-01-24T17:40:04.603+0000] {logging_mixin.py:137} INFO - [2023-01-24T17:40:04.603+0000] {dag.py:3441} INFO - Setting next_dagrun for my_dag_id to 2023-01-23T17:40:04.603099+00:00, run_after=2023-01-24T17:40:04.603099+00:00
[2023-01-24T17:40:04.615+0000] {processor.py:175} INFO - Processing /opt/airflow/dags/exam2.py took 0.067 seconds
[2023-01-24T17:40:35.093+0000] {processor.py:153} INFO - Started process (PID=13980) to work on /opt/airflow/dags/exam2.py
[2023-01-24T17:40:35.095+0000] {processor.py:743} INFO - Processing file /opt/airflow/dags/exam2.py for tasks to queue
[2023-01-24T17:40:35.096+0000] {logging_mixin.py:137} INFO - [2023-01-24T17:40:35.096+0000] {dagbag.py:538} INFO - Filling up the DagBag from /opt/airflow/dags/exam2.py
[2023-01-24T17:40:35.116+0000] {processor.py:753} INFO - DAG(s) dict_keys(['my_dag_id']) retrieved from /opt/airflow/dags/exam2.py
[2023-01-24T17:40:35.132+0000] {logging_mixin.py:137} INFO - [2023-01-24T17:40:35.132+0000] {dag.py:2690} INFO - Sync 1 DAGs
[2023-01-24T17:40:35.146+0000] {logging_mixin.py:137} INFO - [2023-01-24T17:40:35.146+0000] {dag.py:3441} INFO - Setting next_dagrun for my_dag_id to 2023-01-23T17:40:35.146647+00:00, run_after=2023-01-24T17:40:35.146647+00:00
[2023-01-24T17:40:35.156+0000] {processor.py:175} INFO - Processing /opt/airflow/dags/exam2.py took 0.067 seconds
[2023-01-24T17:41:05.960+0000] {processor.py:153} INFO - Started process (PID=14073) to work on /opt/airflow/dags/exam2.py
[2023-01-24T17:41:05.963+0000] {processor.py:743} INFO - Processing file /opt/airflow/dags/exam2.py for tasks to queue
[2023-01-24T17:41:05.964+0000] {logging_mixin.py:137} INFO - [2023-01-24T17:41:05.964+0000] {dagbag.py:538} INFO - Filling up the DagBag from /opt/airflow/dags/exam2.py
[2023-01-24T17:41:05.997+0000] {processor.py:753} INFO - DAG(s) dict_keys(['my_dag_id']) retrieved from /opt/airflow/dags/exam2.py
[2023-01-24T17:41:06.026+0000] {logging_mixin.py:137} INFO - [2023-01-24T17:41:06.026+0000] {dag.py:2690} INFO - Sync 1 DAGs
[2023-01-24T17:41:06.051+0000] {logging_mixin.py:137} INFO - [2023-01-24T17:41:06.051+0000] {dag.py:3441} INFO - Setting next_dagrun for my_dag_id to 2023-01-23T17:41:06.051176+00:00, run_after=2023-01-24T17:41:06.051176+00:00
[2023-01-24T17:41:06.072+0000] {processor.py:175} INFO - Processing /opt/airflow/dags/exam2.py took 0.117 seconds
[2023-01-24T17:41:36.854+0000] {processor.py:153} INFO - Started process (PID=14166) to work on /opt/airflow/dags/exam2.py
[2023-01-24T17:41:36.858+0000] {processor.py:743} INFO - Processing file /opt/airflow/dags/exam2.py for tasks to queue
[2023-01-24T17:41:36.859+0000] {logging_mixin.py:137} INFO - [2023-01-24T17:41:36.859+0000] {dagbag.py:538} INFO - Filling up the DagBag from /opt/airflow/dags/exam2.py
[2023-01-24T17:41:36.880+0000] {processor.py:753} INFO - DAG(s) dict_keys(['my_dag_id']) retrieved from /opt/airflow/dags/exam2.py
[2023-01-24T17:41:36.898+0000] {logging_mixin.py:137} INFO - [2023-01-24T17:41:36.898+0000] {dag.py:2690} INFO - Sync 1 DAGs
[2023-01-24T17:41:36.913+0000] {logging_mixin.py:137} INFO - [2023-01-24T17:41:36.913+0000] {dag.py:3441} INFO - Setting next_dagrun for my_dag_id to 2023-01-23T17:41:36.913104+00:00, run_after=2023-01-24T17:41:36.913104+00:00
[2023-01-24T17:41:36.924+0000] {processor.py:175} INFO - Processing /opt/airflow/dags/exam2.py took 0.076 seconds
[2023-01-24T17:42:07.191+0000] {processor.py:153} INFO - Started process (PID=14243) to work on /opt/airflow/dags/exam2.py
[2023-01-24T17:42:07.193+0000] {processor.py:743} INFO - Processing file /opt/airflow/dags/exam2.py for tasks to queue
[2023-01-24T17:42:07.194+0000] {logging_mixin.py:137} INFO - [2023-01-24T17:42:07.194+0000] {dagbag.py:538} INFO - Filling up the DagBag from /opt/airflow/dags/exam2.py
[2023-01-24T17:42:07.209+0000] {processor.py:753} INFO - DAG(s) dict_keys(['my_dag_id']) retrieved from /opt/airflow/dags/exam2.py
[2023-01-24T17:42:07.227+0000] {logging_mixin.py:137} INFO - [2023-01-24T17:42:07.227+0000] {dag.py:2690} INFO - Sync 1 DAGs
[2023-01-24T17:42:07.243+0000] {logging_mixin.py:137} INFO - [2023-01-24T17:42:07.243+0000] {dag.py:3441} INFO - Setting next_dagrun for my_dag_id to 2023-01-23T17:42:07.242818+00:00, run_after=2023-01-24T17:42:07.242818+00:00
[2023-01-24T17:42:07.254+0000] {processor.py:175} INFO - Processing /opt/airflow/dags/exam2.py took 0.066 seconds
[2023-01-24T17:42:38.044+0000] {processor.py:153} INFO - Started process (PID=14336) to work on /opt/airflow/dags/exam2.py
[2023-01-24T17:42:38.046+0000] {processor.py:743} INFO - Processing file /opt/airflow/dags/exam2.py for tasks to queue
[2023-01-24T17:42:38.047+0000] {logging_mixin.py:137} INFO - [2023-01-24T17:42:38.047+0000] {dagbag.py:538} INFO - Filling up the DagBag from /opt/airflow/dags/exam2.py
[2023-01-24T17:42:38.068+0000] {processor.py:753} INFO - DAG(s) dict_keys(['my_dag_id']) retrieved from /opt/airflow/dags/exam2.py
[2023-01-24T17:42:38.086+0000] {logging_mixin.py:137} INFO - [2023-01-24T17:42:38.085+0000] {dag.py:2690} INFO - Sync 1 DAGs
[2023-01-24T17:42:38.100+0000] {logging_mixin.py:137} INFO - [2023-01-24T17:42:38.100+0000] {dag.py:3441} INFO - Setting next_dagrun for my_dag_id to 2023-01-23T17:42:38.100615+00:00, run_after=2023-01-24T17:42:38.100615+00:00
[2023-01-24T17:42:38.112+0000] {processor.py:175} INFO - Processing /opt/airflow/dags/exam2.py took 0.072 seconds
