[2023-01-31T10:19:03.255+0000] {taskinstance.py:1083} INFO - Dependencies all met for <TaskInstance: assignment_medium.write_data manual__2023-01-31T10:18:57.620789+00:00 [queued]>
[2023-01-31T10:19:03.265+0000] {taskinstance.py:1083} INFO - Dependencies all met for <TaskInstance: assignment_medium.write_data manual__2023-01-31T10:18:57.620789+00:00 [queued]>
[2023-01-31T10:19:03.267+0000] {taskinstance.py:1279} INFO - 
--------------------------------------------------------------------------------
[2023-01-31T10:19:03.268+0000] {taskinstance.py:1280} INFO - Starting attempt 1 of 1
[2023-01-31T10:19:03.269+0000] {taskinstance.py:1281} INFO - 
--------------------------------------------------------------------------------
[2023-01-31T10:19:03.283+0000] {taskinstance.py:1300} INFO - Executing <Task(_PythonDecoratedOperator): write_data> on 2023-01-31 10:18:57.620789+00:00
[2023-01-31T10:19:03.289+0000] {standard_task_runner.py:55} INFO - Started process 323 to run task
[2023-01-31T10:19:03.298+0000] {standard_task_runner.py:82} INFO - Running: ['***', 'tasks', 'run', 'assignment_medium', 'write_data', 'manual__2023-01-31T10:18:57.620789+00:00', '--job-id', '43', '--raw', '--subdir', 'DAGS_FOLDER/assignment_medium.py', '--cfg-path', '/tmp/tmp4afc1f1h']
[2023-01-31T10:19:03.299+0000] {standard_task_runner.py:83} INFO - Job 43: Subtask write_data
[2023-01-31T10:19:03.403+0000] {task_command.py:388} INFO - Running <TaskInstance: assignment_medium.write_data manual__2023-01-31T10:18:57.620789+00:00 [running]> on host 2ee7bc173f76
[2023-01-31T10:19:03.494+0000] {taskinstance.py:1509} INFO - Exporting the following env vars:
AIRFLOW_CTX_DAG_OWNER=***
AIRFLOW_CTX_DAG_ID=assignment_medium
AIRFLOW_CTX_TASK_ID=write_data
AIRFLOW_CTX_EXECUTION_DATE=2023-01-31T10:18:57.620789+00:00
AIRFLOW_CTX_TRY_NUMBER=1
AIRFLOW_CTX_DAG_RUN_ID=manual__2023-01-31T10:18:57.620789+00:00
[2023-01-31T10:19:03.506+0000] {python.py:177} INFO - Done. Returned value was: None
[2023-01-31T10:19:03.517+0000] {taskinstance.py:1323} INFO - Marking task as SUCCESS. dag_id=assignment_medium, task_id=write_data, execution_date=20230131T101857, start_date=20230131T101903, end_date=20230131T101903
[2023-01-31T10:19:03.588+0000] {local_task_job.py:208} INFO - Task exited with return code 0
[2023-01-31T10:19:03.606+0000] {taskinstance.py:2578} INFO - 0 downstream tasks scheduled from follow-on schedule check
