[2023-01-31T10:38:40.459+0000] {taskinstance.py:1083} INFO - Dependencies all met for <TaskInstance: assignment_hard.write_data manual__2023-01-31T10:38:33.981136+00:00 [queued]>
[2023-01-31T10:38:40.468+0000] {taskinstance.py:1083} INFO - Dependencies all met for <TaskInstance: assignment_hard.write_data manual__2023-01-31T10:38:33.981136+00:00 [queued]>
[2023-01-31T10:38:40.469+0000] {taskinstance.py:1279} INFO - 
--------------------------------------------------------------------------------
[2023-01-31T10:38:40.470+0000] {taskinstance.py:1280} INFO - Starting attempt 1 of 1
[2023-01-31T10:38:40.471+0000] {taskinstance.py:1281} INFO - 
--------------------------------------------------------------------------------
[2023-01-31T10:38:40.485+0000] {taskinstance.py:1300} INFO - Executing <Task(_PythonDecoratedOperator): write_data> on 2023-01-31 10:38:33.981136+00:00
[2023-01-31T10:38:40.491+0000] {standard_task_runner.py:55} INFO - Started process 1749 to run task
[2023-01-31T10:38:40.498+0000] {standard_task_runner.py:82} INFO - Running: ['***', 'tasks', 'run', 'assignment_hard', 'write_data', 'manual__2023-01-31T10:38:33.981136+00:00', '--job-id', '61', '--raw', '--subdir', 'DAGS_FOLDER/assignment_hard.py', '--cfg-path', '/tmp/tmps4ribcwn']
[2023-01-31T10:38:40.504+0000] {standard_task_runner.py:83} INFO - Job 61: Subtask write_data
[2023-01-31T10:38:40.664+0000] {task_command.py:388} INFO - Running <TaskInstance: assignment_hard.write_data manual__2023-01-31T10:38:33.981136+00:00 [running]> on host 2ee7bc173f76
[2023-01-31T10:38:40.800+0000] {taskinstance.py:1509} INFO - Exporting the following env vars:
AIRFLOW_CTX_DAG_OWNER=***
AIRFLOW_CTX_DAG_ID=assignment_hard
AIRFLOW_CTX_TASK_ID=write_data
AIRFLOW_CTX_EXECUTION_DATE=2023-01-31T10:38:33.981136+00:00
AIRFLOW_CTX_TRY_NUMBER=1
AIRFLOW_CTX_DAG_RUN_ID=manual__2023-01-31T10:38:33.981136+00:00
[2023-01-31T10:38:40.889+0000] {python.py:177} INFO - Done. Returned value was: None
[2023-01-31T10:38:40.904+0000] {taskinstance.py:1323} INFO - Marking task as SUCCESS. dag_id=assignment_hard, task_id=write_data, execution_date=20230131T103833, start_date=20230131T103840, end_date=20230131T103840
[2023-01-31T10:38:40.933+0000] {local_task_job.py:208} INFO - Task exited with return code 0
[2023-01-31T10:38:40.958+0000] {taskinstance.py:2578} INFO - 0 downstream tasks scheduled from follow-on schedule check
