[2023-01-31T10:42:38.299+0000] {taskinstance.py:1083} INFO - Dependencies all met for <TaskInstance: assignment_hard.write_to_db manual__2023-01-31T10:42:29.109879+00:00 [queued]>
[2023-01-31T10:42:38.313+0000] {taskinstance.py:1083} INFO - Dependencies all met for <TaskInstance: assignment_hard.write_to_db manual__2023-01-31T10:42:29.109879+00:00 [queued]>
[2023-01-31T10:42:38.314+0000] {taskinstance.py:1279} INFO - 
--------------------------------------------------------------------------------
[2023-01-31T10:42:38.315+0000] {taskinstance.py:1280} INFO - Starting attempt 1 of 1
[2023-01-31T10:42:38.316+0000] {taskinstance.py:1281} INFO - 
--------------------------------------------------------------------------------
[2023-01-31T10:42:38.366+0000] {taskinstance.py:1300} INFO - Executing <Task(_PythonDecoratedOperator): write_to_db> on 2023-01-31 10:42:29.109879+00:00
[2023-01-31T10:42:38.383+0000] {standard_task_runner.py:55} INFO - Started process 2022 to run task
[2023-01-31T10:42:38.394+0000] {standard_task_runner.py:82} INFO - Running: ['***', 'tasks', 'run', 'assignment_hard', 'write_to_db', 'manual__2023-01-31T10:42:29.109879+00:00', '--job-id', '63', '--raw', '--subdir', 'DAGS_FOLDER/assignment_hard.py', '--cfg-path', '/tmp/tmp3888a23g']
[2023-01-31T10:42:38.396+0000] {standard_task_runner.py:83} INFO - Job 63: Subtask write_to_db
[2023-01-31T10:42:38.572+0000] {task_command.py:388} INFO - Running <TaskInstance: assignment_hard.write_to_db manual__2023-01-31T10:42:29.109879+00:00 [running]> on host 2ee7bc173f76
[2023-01-31T10:42:38.738+0000] {taskinstance.py:1509} INFO - Exporting the following env vars:
AIRFLOW_CTX_DAG_OWNER=***
AIRFLOW_CTX_DAG_ID=assignment_hard
AIRFLOW_CTX_TASK_ID=write_to_db
AIRFLOW_CTX_EXECUTION_DATE=2023-01-31T10:42:29.109879+00:00
AIRFLOW_CTX_TRY_NUMBER=1
AIRFLOW_CTX_DAG_RUN_ID=manual__2023-01-31T10:42:29.109879+00:00
[2023-01-31T10:42:38.760+0000] {logging_mixin.py:137} INFO - ('34648a', 1674604343, 'LFPG', 1674607065, 'EDDK', 'BCS1843 ', 1133, 58, 1871, 198, 3, 2)
[2023-01-31T10:42:38.762+0000] {logging_mixin.py:137} INFO - ('440bc7', 1674602608, 'LFPG', 1674605923, 'EGNX', 'BCS6TL  ', 3146, 10, 715, 199, 2, 4)
[2023-01-31T10:42:38.767+0000] {logging_mixin.py:137} INFO - ('3c70b0', 1674600767, 'LFPG', 1674605152, 'EDDP', 'BCS58L  ', 3272, 2, 1827, 202, 2, 6)
[2023-01-31T10:42:38.771+0000] {logging_mixin.py:137} INFO - ('06a30c', 1674600653, 'LFPG', 1674621459, 'OTHH', 'QTR40U  ', 4167, 58, 1589, 64, 2, 1)
[2023-01-31T10:42:38.782+0000] {logging_mixin.py:137} INFO - ('452051', 1674600550, 'LFPG', 1674602828, 'EBMB', 'BCS21Q  ', 3134, 58, 1226, 144, 2, 3)
[2023-01-31T10:42:38.785+0000] {logging_mixin.py:137} INFO - ('39cf07', 1674600386, 'LFPG', 1674640106, 'SBMT', 'AFR454  ', 4215, 58, 7596, 550, 2, 2)
[2023-01-31T10:42:38.787+0000] {logging_mixin.py:137} INFO - ('e8043a', 1674600267, 'LFPG', 1674639234, 'SBMT', 'LAN701A ', 4250, 104, 5912, 756, 2, 2)
[2023-01-31T10:42:38.787+0000] {logging_mixin.py:137} INFO - ('394a0a', 1674600006, 'LFPG', 1674621188, 'OMDB', 'AFR658  ', 4387, 2, 764, 87, 2, 2)
[2023-01-31T10:42:38.789+0000] {logging_mixin.py:137} INFO - ('45ce56', 1674599775, 'LFPG', 1674602346, 'EDDK', 'SRR6315 ', 2986, 50, 2301, 175, 2, 2)
[2023-01-31T10:42:38.790+0000] {logging_mixin.py:137} INFO - ('3951c2', 1674599686, 'LFPG', 1674647213, None, 'AFR6724 ', 4255, 43, None, None, 2, 0)
[2023-01-31T10:42:38.795+0000] {logging_mixin.py:137} INFO - ('abc1da', 1674599324, 'LFPG', 1674602247, 'EGNX', 'FDX47   ', 1113, 149, 1284, 192, 3, 3)
[2023-01-31T10:42:38.807+0000] {logging_mixin.py:137} INFO - ('4caca7', 1674599130, 'LFPG', 1674603456, 'EDDP', 'BCS48B  ', 3649, 28, 1777, 217, 2, 6)
[2023-01-31T10:42:38.812+0000] {logging_mixin.py:137} INFO - ('39c425', 1674597972, 'LFPG', 1674644908, 'RJTT', 'AFR274  ', 4538, 81, 4551, 118, 2, 1)
[2023-01-31T10:42:38.814+0000] {logging_mixin.py:137} INFO - ('738054', 1674596519, 'LFPG', 1674610271, None, 'ELY326  ', 4538, 12, None, None, 2, 0)
[2023-01-31T10:42:38.826+0000] {logging_mixin.py:137} INFO - ('a34291', 1674595680, 'LFPG', 1674598489, 'EDDK', 'UPS219  ', 3069, 124, 2348, 183, 2, 2)
[2023-01-31T10:42:38.841+0000] {logging_mixin.py:137} INFO - ('39856c', 1674595181, 'LFPG', 1674599532, 'LFMN', 'AFR9373 ', 3515, 58, 4956, 103, 2, 1)
[2023-01-31T10:42:38.842+0000] {logging_mixin.py:137} INFO - ('3944f1', 1674595104, 'LFPG', 1674597866, 'LFLL', 'AFR39YJ ', 3417, 96, 7803, 191, 2, 6)
[2023-01-31T10:42:38.846+0000] {logging_mixin.py:137} INFO - ('06a0eb', 1674595074, 'LFPG', 1674615698, 'OTHH', 'QTR038  ', 1494, 17, 976, 56, 2, 1)
[2023-01-31T10:42:38.846+0000] {logging_mixin.py:137} INFO - ('896194', 1674594924, 'LFPG', 1674615716, 'OMDB', 'UAE93P  ', 4789, 81, 393, 56, 2, 2)
[2023-01-31T10:42:38.848+0000] {logging_mixin.py:137} INFO - ('3991ea', 1674594592, 'LFPG', 1674600785, None, 'AFR1354 ', 3960, 50, None, None, 2, 0)
[2023-01-31T10:42:38.849+0000] {logging_mixin.py:137} INFO - ('344548', 1674594491, 'LFPG', 1674599646, 'LEBL', 'VLG6JC  ', 3527, 58, 898, 110, 2, 1)
[2023-01-31T10:42:38.850+0000] {logging_mixin.py:137} INFO - ('440bc2', 1674594405, 'LFPG', 1674599092, 'EDDP', 'BCS1265 ', 1308, 58, 1343, 217, 2, 6)
[2023-01-31T10:42:38.851+0000] {logging_mixin.py:137} INFO - ('392ae9', 1674594395, 'LFPG', 1674598489, 'EDDM', 'AFR13NF ', 3778, 66, 3215, 140, 2, 4)
[2023-01-31T10:42:38.852+0000] {logging_mixin.py:137} INFO - ('4ca640', 1674594330, 'LFPG', 1674598541, 'EIDW', 'EIN529  ', 1555, 58, 1311, 188, 2, 4)
[2023-01-31T10:42:38.854+0000] {logging_mixin.py:137} INFO - ('3950ca', 1674594241, 'LFPG', 1674597259, 'LFRB', 'AFR25GV ', 3760, 58, 4453, 7, 2, 2)
[2023-01-31T10:42:38.854+0000] {logging_mixin.py:137} INFO - ('4c01ec', 1674594240, 'LFPG', 1674602055, 'LYBE', 'ASL43F  ', 1497, 50, 1656, 147, 2, 3)
[2023-01-31T10:42:38.855+0000] {logging_mixin.py:137} INFO - ('392aee', 1674593992, 'LFPG', 1674596647, None, 'AFR38GR ', 3516, 104, None, None, 2, 0)
[2023-01-31T10:42:38.856+0000] {logging_mixin.py:137} INFO - ('398565', 1674593980, 'LFPG', 1674599087, 'EKBI', 'AFR76UP ', 1389, 66, 3323, 90, 2, 1)
[2023-01-31T10:42:38.857+0000] {logging_mixin.py:137} INFO - ('394c19', 1674593910, 'LFPG', 1674597635, 'LFBO', 'AFR36TM ', 3753, 58, 1307, 159, 2, 4)
[2023-01-31T10:42:38.859+0000] {logging_mixin.py:137} INFO - ('394c13', 1674593827, 'LFPG', 1674596742, 'LFBD', 'AFR67JL ', 3636, 127, 2480, 110, 2, 2)
[2023-01-31T10:42:38.861+0000] {logging_mixin.py:137} INFO - ('3946e3', 1674593740, 'LFPG', 1674598017, 'EIDW', 'AFR55SM ', 4240, 73, 1361, 188, 2, 4)
[2023-01-31T10:42:38.864+0000] {logging_mixin.py:137} INFO - ('394c18', 1674593630, 'LFPG', 1674597258, 'LFML', 'AFR76HY ', 3762, 89, 6726, 137, 2, 5)
[2023-01-31T10:42:38.866+0000] {logging_mixin.py:137} INFO - ('3a2e21', 1674593388, 'LFPG', 1674690491, 'VTBS', 'REU976  ', 4873, 50, 6328, 234, 2, 0)
[2023-01-31T10:42:38.881+0000] {logging_mixin.py:137} INFO - ('3965a1', 1674593298, 'LFPG', 1674629867, 'FAOR', 'AFR990  ', 4484, 20, 2675, 101, 2, 7)
[2023-01-31T10:42:38.885+0000] {logging_mixin.py:137} INFO - ('39e681', 1674593190, 'LFPG', 1674598141, 'LIPZ', 'AFR42RD ', 3396, 89, 3219, 32, 2, 4)
[2023-01-31T10:42:38.887+0000] {logging_mixin.py:137} INFO - ('39e688', 1674593101, 'LFPG', 1674597182, 'LIML', 'AFR58AX ', 3433, 66, 1101, 130, 2, 1)
[2023-01-31T10:42:38.888+0000] {logging_mixin.py:137} INFO - ('406668', 1674593091, 'LFPG', 1674596913, 'EGCC', 'EZY35PJ ', 1567, 66, 757, 200, 2, 1)
[2023-01-31T10:42:38.889+0000] {logging_mixin.py:137} INFO - ('39e68b', 1674593012, 'LFPG', 1674598787, 'EKCH', 'AFR22AW ', 1493, 50, 1849, 142, 2, 0)
[2023-01-31T10:42:38.890+0000] {logging_mixin.py:137} INFO - ('3991e0', 1674592964, 'LFPG', 1674596466, 'LFMT', 'AFR32RK ', 3781, 50, 10104, 558, 2, 1)
[2023-01-31T10:42:38.891+0000] {logging_mixin.py:137} INFO - ('34530d', 1674592885, 'LFPG', 1674596861, 'LIML', 'ITY311  ', 3518, 96, 866, 130, 2, 1)
[2023-01-31T10:42:38.892+0000] {logging_mixin.py:137} INFO - ('392ae8', 1674592821, 'LFPG', 1674598789, 'LIRF', 'AFR98YL ', 3815, 50, 6512, 3, 2, 4)
[2023-01-31T10:42:38.893+0000] {logging_mixin.py:137} INFO - ('400efd', 1674592802, 'LFPG', 1674595872, 'EGGD', 'EZY82ZG ', 1290, 119, 895, 204, 2, 0)
[2023-01-31T10:42:38.917+0000] {logging_mixin.py:137} INFO - ('3946ea', 1674592734, 'LFPG', 1674599875, 'LEMG', 'AFR9440 ', 3507, 104, 6281, 189, 2, 0)
[2023-01-31T10:42:38.929+0000] {logging_mixin.py:137} INFO - ('04012a', 1674592604, 'LFPG', 1674646083, 'FACT', 'ETH735  ', 4310, 35, 263, 53, 2, 3)
[2023-01-31T10:42:38.933+0000] {logging_mixin.py:137} INFO - ('39856a', 1674592440, 'LFPG', 1674596147, 'LIMA', 'AFR57NZ ', 4073, 73, 5643, 253, 2, 1)
[2023-01-31T10:42:38.935+0000] {logging_mixin.py:137} INFO - ('3991e7', 1674592350, 'LFPG', 1674595720, 'EGBB', 'AFR32HP ', 3514, 81, 1319, 175, 2, 2)
[2023-01-31T10:42:38.941+0000] {logging_mixin.py:137} INFO - ('39e68d', 1674592181, 'LFPG', 1674597085, 'LIPE', 'AFR75KY ', 3344, 73, 8065, 335, 2, 0)
[2023-01-31T10:42:38.950+0000] {logging_mixin.py:137} INFO - ('394c14', 1674592110, 'LFPG', 1674596488, 'LFMN', 'AFR31CY ', 4094, 28, 5538, 133, 2, 1)
[2023-01-31T10:42:38.952+0000] {logging_mixin.py:137} INFO - ('394c03', 1674592011, 'LFPG', 1674596791, 'LEBL', 'AFR56TP ', 4007, 50, 6968, 232, 2, 0)
[2023-01-31T10:42:38.954+0000] {logging_mixin.py:137} INFO - ('3986e8', 1674591881, 'LFPG', 1674595027, 'EDDF', 'AFR94SL ', 1395, 50, 1793, 194, 2, 5)
[2023-01-31T10:42:38.955+0000] {logging_mixin.py:137} INFO - ('39cf09', 1674591868, 'LFPG', 1674605536, 'LLBG', 'AFR984  ', 3905, 28, 6217, 210, 2, 4)
[2023-01-31T10:42:38.956+0000] {logging_mixin.py:137} INFO - ('392af8', 1674591816, 'LFPG', 1674599967, 'ESSA', 'AFR19DT ', 1367, 12, 2875, 102, 2, 0)
[2023-01-31T10:42:38.957+0000] {logging_mixin.py:137} INFO - ('394c07', 1674591780, 'LFPG', 1674601348, 'LROP', 'AFR18KN ', 4312, 5, 1970, 103, 2, 2)
[2023-01-31T10:42:38.957+0000] {logging_mixin.py:137} INFO - ('392aef', 1674591729, 'LFPG', 1674596899, 'LKPR', 'AFR63GE ', 1251, 58, 2528, 159, 2, 8)
[2023-01-31T10:42:38.958+0000] {logging_mixin.py:137} INFO - ('39e68a', 1674591684, 'LFPG', 1674597149, 'LEMD', 'AFR74FQ ', 3546, 58, 3294, 45, 2, 3)
[2023-01-31T10:42:38.958+0000] {logging_mixin.py:137} INFO - ('800734', 1674591605, 'LFPG', 1674620077, 'VIDP', 'AIC142  ', 1866, 50, 2962, 15, 2, 1)
[2023-01-31T10:42:38.959+0000] {logging_mixin.py:137} INFO - ('71ba02', 1674591555, 'LFPG', 1674633960, 'RKSI', 'KAL902  ', 5300, 48, 8048, 244, 2, 1)
[2023-01-31T10:42:38.959+0000] {logging_mixin.py:137} INFO - ('398561', 1674591496, 'LFPG', 1674595720, 'EGNT', 'AFR85FP ', 1275, 66, 140, 180, 2, 0)
[2023-01-31T10:42:38.960+0000] {logging_mixin.py:137} INFO - ('394a0b', 1674591454, 'LFPG', 1674635516, 'WSAP', 'AFR256  ', 4744, 5, 22100, 1252, 2, 4)
[2023-01-31T10:42:38.965+0000] {logging_mixin.py:137} INFO - ('3944f2', 1674591424, 'LFPG', 1674594751, 'EGCC', 'AFR63PY ', 1462, 50, 287, 207, 2, 1)
[2023-01-31T10:42:38.969+0000] {logging_mixin.py:137} INFO - ('39856e', 1674591357, 'LFPG', 1674594879, None, 'AFR61WY ', 4544, 5, None, None, 2, 0)
[2023-01-31T10:42:38.971+0000] {logging_mixin.py:137} INFO - ('39e689', 1674591344, 'LFPG', 1674595852, 'EDDH', 'AFR83SD ', 1278, 66, 3236, 176, 2, 3)
[2023-01-31T10:42:38.980+0000] {logging_mixin.py:137} INFO - ('39e687', 1674591270, 'LFPG', 1674596420, 'EDDB', 'AFR56GJ ', 1278, 43, 4492, 215, 2, 4)
[2023-01-31T10:42:38.982+0000] {logging_mixin.py:137} INFO - ('39856f', 1674591215, 'LFPG', 1674594511, 'LFIX', 'AFR68PC ', 4311, 89, 21708, 416, 2, 2)
[2023-01-31T10:42:38.983+0000] {logging_mixin.py:137} INFO - ('392af0', 1674591190, 'LFPG', 1674598338, 'ENGM', 'AFR15GG ', 1167, 89, 3372, 24, 3, 1)
[2023-01-31T10:42:38.984+0000] {logging_mixin.py:137} INFO - ('3991e9', 1674591125, 'LFPG', 1674599289, 'GMMY', 'AFR49MN ', 3698, 66, 13074, 772, 2, 1)
[2023-01-31T10:42:38.985+0000] {logging_mixin.py:137} INFO - ('3944e7', 1674591107, 'LFPG', 1674593901, 'EGLL', 'AFR91UV ', 1281, 58, 2775, 139, 2, 8)
[2023-01-31T10:42:38.985+0000] {logging_mixin.py:137} INFO - ('70c0ee', 1674590967, 'LFPG', 1674642477, 'VTBS', 'OMA132  ', 1657, 43, 5684, 234, 2, 0)
[2023-01-31T10:42:38.986+0000] {logging_mixin.py:137} INFO - ('3944f5', 1674590894, 'LFPG', 1674595339, 'LIQL', 'AFR71KF ', 4181, 12, 15524, 2281, 2, 1)
[2023-01-31T10:42:38.987+0000] {logging_mixin.py:137} INFO - ('39856b', 1674590810, 'LFPG', 1674592792, 'LFLV', 'AFR95JA ', 3994, 12, 7303, 2494, 2, 1)
[2023-01-31T10:42:38.988+0000] {logging_mixin.py:137} INFO - ('398569', 1674590735, 'LFPG', 1674594280, 'LFBP', 'AFR82MR ', 4037, 66, 2309, 65, 2, 1)
[2023-01-31T10:42:38.988+0000] {logging_mixin.py:137} INFO - ('398562', 1674590658, 'LFPG', 1674595355, None, 'AFR66HH ', 4219, 28, None, None, 2, 0)
[2023-01-31T10:42:38.989+0000] {logging_mixin.py:137} INFO - ('ab87c8', 1674590634, 'LFPG', 1674593419, 'EDDK', 'FDX6    ', 1114, 89, 2011, 198, 3, 2)
[2023-01-31T10:42:38.989+0000] {logging_mixin.py:137} INFO - ('440053', 1674590580, 'LFPG', 1674595530, 'LIPZ', 'EJU3797 ', 4057, 35, 3339, 32, 2, 4)
[2023-01-31T10:42:38.990+0000] {logging_mixin.py:137} INFO - ('3944e1', 1674590493, 'LFPG', 1674593791, 'LSZH', 'AFR32ZZ ', 3572, 96, 936, 172, 2, 7)
[2023-01-31T10:42:38.990+0000] {logging_mixin.py:137} INFO - ('398570', 1674590404, 'LFPG', 1674596680, 'ESGG', 'AFR44WB ', 4017, 81, 6490, 120, 2, 2)
[2023-01-31T10:42:38.991+0000] {logging_mixin.py:137} INFO - ('abc591', 1674590311, 'LFPG', 1674592676, 'EGSS', 'FDX9    ', 1366, 43, 1556, 174, 2, 6)
[2023-01-31T10:42:38.991+0000] {logging_mixin.py:137} INFO - ('392af9', 1674590282, 'LFPG', 1674596930, 'LPPT', 'AFR89CG ', 3752, 66, 2499, 68, 2, 4)
[2023-01-31T10:42:38.992+0000] {logging_mixin.py:137} INFO - ('acb12d', 1674590113, 'LFPG', 1674592584, 'LSZM', 'FDX6237 ', 1148, 81, 1094, 163, 3, 4)
[2023-01-31T10:42:38.992+0000] {logging_mixin.py:137} INFO - ('ac5fd6', 1674590033, 'LFPG', 1674623244, None, 'FDX21   ', 1956, 48, None, None, 2, 0)
[2023-01-31T10:42:38.993+0000] {logging_mixin.py:137} INFO - ('39e68c', 1674589997, 'LFPG', 1674593110, 'LSGG', 'AFR12QE ', 3414, 73, 1060, 155, 2, 3)
[2023-01-31T10:42:38.995+0000] {logging_mixin.py:137} INFO - ('3986e4', 1674589891, 'LFPG', 1674591997, 'LFRN', 'AFR45UQ ', 3901, 81, 1070, 190, 2, 0)
[2023-01-31T10:42:38.998+0000] {logging_mixin.py:137} INFO - ('484163', 1674589837, 'LFPG', 1674592252, 'EHAM', 'KLM26P  ', 1416, 66, 2210, 217, 2, 1)
[2023-01-31T10:42:39.001+0000] {logging_mixin.py:137} INFO - ('398567', 1674589814, 'LFPG', 1674592751, 'EDDL', 'AFR12KC ', 4117, 104, 770, 220, 2, 4)
[2023-01-31T10:42:39.002+0000] {logging_mixin.py:137} INFO - ('0a008f', 1674589726, 'LFPG', 1674596295, 'DAAG', 'DAH1013 ', 3812, 43, 11925, 356, 2, 1)
[2023-01-31T10:42:39.003+0000] {logging_mixin.py:137} INFO - ('a037da', 1674589633, 'LFPG', 1674593339, 'LIMC', 'FDX5041 ', 1092, 66, 695, 150, 3, 4)
[2023-01-31T10:42:39.004+0000] {logging_mixin.py:137} INFO - ('3944ed', 1674589432, 'LFPG', 1674595804, None, 'AFR58TQ ', 3846, 89, None, None, 2, 0)
[2023-01-31T10:42:39.006+0000] {logging_mixin.py:137} INFO - ('3986ed', 1674588991, 'LFPG', 1674592999, 'EDDV', 'AFR85XG ', 4064, 111, 3563, 131, 2, 2)
[2023-01-31T10:42:39.017+0000] {logging_mixin.py:137} INFO - ('4079f6', 1674588796, 'LFPG', 1674591532, 'EGLL', 'BAW327X ', 3486, 43, 2771, 139, 2, 8)
[2023-01-31T10:42:39.018+0000] {logging_mixin.py:137} INFO - ('04c15a', 1674588647, 'LFPG', 1674598918, None, 'KQA115  ', 4811, 73, None, None, 2, 0)
[2023-01-31T10:42:39.020+0000] {logging_mixin.py:137} INFO - ('3986eb', 1674588240, 'LFPG', 1674593031, 'EGPH', 'AFR24UD ', 4071, 89, 2447, 86, 2, 1)
[2023-01-31T10:42:39.021+0000] {logging_mixin.py:137} INFO - ('440052', 1674588049, 'LFPG', 1674593886, 'LOWW', 'AUA4BZ  ', 1362, 89, 1272, 114, 2, 2)
[2023-01-31T10:42:39.024+0000] {logging_mixin.py:137} INFO - ('392aec', 1674587820, 'LFPG', 1674595483, 'EPWA', 'AFR77MF ', 1708, 28, 2118, 148, 2, 1)
[2023-01-31T10:42:39.026+0000] {logging_mixin.py:137} INFO - ('3991e6', 1674587199, 'LFPG', 1674596408, None, 'AFR64ZT ', 3977, 2, None, None, 2, 0)
[2023-01-31T10:42:39.027+0000] {logging_mixin.py:137} INFO - ('48af02', 1674587191, 'LFPG', 1674594702, 'EPWA', 'LOT336  ', 1446, 111, 2196, 148, 2, 1)
[2023-01-31T10:42:39.027+0000] {logging_mixin.py:137} INFO - ('4ba9e4', 1674586937, 'LFPG', 1674597557, 'LTFM', 'THY4VX  ', 1367, 66, 6354, 220, 2, 2)
[2023-01-31T10:42:39.028+0000] {logging_mixin.py:137} INFO - ('3c5ee9', 1674586806, 'LFPG', 1674591262, 'EDDH', 'EWG16R  ', 1542, 43, 3588, 153, 2, 3)
[2023-01-31T10:42:39.029+0000] {logging_mixin.py:137} INFO - ('3986e9', 1674586745, 'LFPG', 1674590857, 'EDDN', 'AFR87KD ', 3522, 89, 25, 189, 2, 4)
[2023-01-31T10:42:39.030+0000] {logging_mixin.py:137} INFO - ('46b822', 1674586650, 'LFPG', 1674597211, 'LGAV', 'AEE615  ', 1479, 81, 24950, 889, 2, 0)
[2023-01-31T10:42:39.030+0000] {logging_mixin.py:137} INFO - ('514089', 1674586576, 'LFPG', 1674602392, 'UGTB', 'GEL806  ', 4378, 96, 16819, 838, 2, 3)
[2023-01-31T10:42:39.031+0000] {logging_mixin.py:137} INFO - ('39e692', 1674586333, 'LFPG', 1674596387, 'EFHK', 'AFR93UG ', 1377, 81, 1006, 107, 2, 2)
[2023-01-31T10:42:39.032+0000] {logging_mixin.py:137} INFO - ('868056', 1674586237, 'LFPG', 1674633318, 'RJTT', 'JAL46   ', 5075, 50, 8500, 347, 2, 1)
[2023-01-31T10:42:39.033+0000] {logging_mixin.py:137} INFO - ('4cac28', 1674586099, 'LFPG', 1674590351, 'LIML', 'ITY315  ', 3729, 20, 471, 138, 2, 1)
[2023-01-31T10:42:39.033+0000] {logging_mixin.py:137} INFO - ('5140c2', 1674585658, 'LFPG', 1674602032, 'UGTB', 'TGZ628  ', 4121, 12, 14242, 655, 2, 3)
[2023-01-31T10:42:39.035+0000] {logging_mixin.py:137} INFO - ('4ac9e6', 1674585640, 'LFPG', 1674594095, 'ESSA', 'SAS580  ', 1094, 58, 3058, 117, 3, 0)
[2023-01-31T10:42:39.036+0000] {logging_mixin.py:137} INFO - ('44cca1', 1674585399, 'LFPG', 1674618089, 'KORD', 'AFR6738 ', 2119, 25, 1456, 52, 2, 5)
[2023-01-31T10:42:39.037+0000] {logging_mixin.py:137} INFO - ('3c66b1', 1674584903, 'LFPG', 1674588097, 'EDDF', 'DLH2F   ', 1492, 28, 1728, 202, 2, 5)
[2023-01-31T10:42:39.037+0000] {logging_mixin.py:137} INFO - ('39b226', 1674584643, 'LFPG', 1674616887, 'KORD', 'CMA410  ', 4790, 63, 1426, 60, 2, 5)
[2023-01-31T10:42:39.039+0000] {logging_mixin.py:137} INFO - ('440031', 1674584529, 'LFPG', 1674588689, 'LIML', 'EJU81ZL ', 3560, 66, 616, 145, 2, 1)
[2023-01-31T10:42:39.041+0000] {logging_mixin.py:137} INFO - ('0a0090', 1674584099, 'LFPG', 1674590368, None, 'DAH1063 ', 4167, 17, None, None, 2, 0)
[2023-01-31T10:42:39.042+0000] {logging_mixin.py:137} INFO - ('461f65', 1674583882, 'LFPG', 1674593585, 'EFHK', 'FIN7WK  ', 1615, 28, 1049, 115, 2, 2)
[2023-01-31T10:42:39.043+0000] {logging_mixin.py:137} INFO - ('39cf00', 1674583713, 'LFPG', 1674594415, None, 'AFR570  ', 4036, 2, None, None, 2, 0)
[2023-01-31T10:42:39.044+0000] {logging_mixin.py:137} INFO - ('3949ee', 1674583625, 'LFPG', 1674623458, 'KHHR', 'AFR076  ', 4438, 35, 3167, 25, 2, 7)
[2023-01-31T10:42:39.045+0000] {logging_mixin.py:137} INFO - ('02a1b1', 1674583014, 'LFPG', 1674588645, None, 'LBT509  ', 4192, 5, None, None, 2, 0)
[2023-01-31T10:42:39.047+0000] {logging_mixin.py:137} INFO - ('484166', 1674582765, 'LFPG', 1674585318, 'EHAM', 'KLM20P  ', 1593, 104, 2315, 225, 2, 1)
[2023-01-31T10:42:39.048+0000] {logging_mixin.py:137} INFO - ('0a0021', 1674582753, 'LFPG', 1674588924, None, 'DAH1115 ', 3724, 32, None, None, 2, 0)
[2023-01-31T10:42:39.049+0000] {logging_mixin.py:137} INFO - ('3944e5', 1674582523, 'LFPG', 1674591588, 'GMMN', 'AFR14DF ', 4125, 43, 1857, 47, 2, 1)
[2023-01-31T10:42:39.051+0000] {logging_mixin.py:137} INFO - ('3944ea', 1674582498, 'LFPG', 1674585440, 'EDDF', 'AFR18FL ', 1476, 66, 1990, 194, 2, 5)
[2023-01-31T10:42:39.053+0000] {logging_mixin.py:137} INFO - ('394c12', 1674582454, 'LFPG', 1674585898, 'LFBO', 'AFR69FN ', 3958, 43, 353, 144, 2, 4)
[2023-01-31T10:42:39.054+0000] {logging_mixin.py:137} INFO - ('0a0079', 1674582347, 'LFPG', 1674588202, None, 'DAH1119 ', 3602, 35, None, None, 2, 0)
[2023-01-31T10:42:39.055+0000] {logging_mixin.py:137} INFO - ('4ca8d1', 1674582271, 'LFPG', 1674588149, 'LIRF', 'ITY325  ', 3521, 35, 6252, 19, 2, 4)
[2023-01-31T10:42:39.056+0000] {logging_mixin.py:137} INFO - ('3950c9', 1674582181, 'LFPG', 1674585239, 'LSGG', 'AFR94PY ', 3437, 81, 1345, 163, 2, 3)
[2023-01-31T10:42:39.056+0000] {logging_mixin.py:137} INFO - ('3944f8', 1674582101, 'LFPG', 1674586191, 'LIML', 'AFR43JE ', 3530, 111, 704, 153, 2, 1)
[2023-01-31T10:42:39.057+0000] {logging_mixin.py:137} INFO - ('020072', 1674581766, 'LFPG', 1674591092, 'GMMN', 'RAM789H ', 4005, 43, 2098, 39, 2, 1)
[2023-01-31T10:42:39.058+0000] {logging_mixin.py:137} INFO - ('39e684', 1674581523, 'LFPG', 1674585867, 'EDDM', 'AFR35MG ', 1340, 66, 3034, 148, 2, 4)
[2023-01-31T10:42:39.058+0000] {logging_mixin.py:137} INFO - ('3991e1', 1674581506, 'LFPG', 1674585719, 'LFMN', 'AFR38ZD ', 3864, 50, 1605, 64, 2, 1)
[2023-01-31T10:42:39.059+0000] {logging_mixin.py:137} INFO - ('398572', 1674581437, 'LFPG', 1674585386, 'EDDV', 'AFR56LD ', 3997, 104, 2859, 177, 2, 2)
[2023-01-31T10:42:39.059+0000] {logging_mixin.py:137} INFO - ('39856c', 1674581370, 'LFPG', 1674584429, 'EDDL', 'AFR27GG ', 4258, 2, 282, 220, 2, 4)
[2023-01-31T10:42:39.060+0000] {logging_mixin.py:137} INFO - ('3991e3', 1674581077, 'LFPG', 1674585201, 'EGCC', 'AFR45PM ', 3686, 89, 1316, 207, 2, 1)
[2023-01-31T10:42:39.060+0000] {logging_mixin.py:137} INFO - ('407462', 1674581016, 'LFPG', 1674583795, 'EGLL', 'BAW323V ', 1228, 50, 2174, 162, 2, 7)
[2023-01-31T10:42:39.063+0000] {logging_mixin.py:137} INFO - ('5001e3', 1674580874, 'LFPG', 1674594730, None, 'MEA230  ', 4439, 17, None, None, 2, 0)
[2023-01-31T10:42:39.064+0000] {logging_mixin.py:137} INFO - ('398565', 1674580789, 'LFPG', 1674582621, None, 'AFR19FP ', 4077, 89, None, None, 2, 0)
[2023-01-31T10:42:39.065+0000] {logging_mixin.py:137} INFO - ('300557', 1674580440, 'LFPG', 1674584831, 'EDDM', 'DLH03F  ', 1361, 58, 1674, 156, 2, 4)
[2023-01-31T10:42:39.065+0000] {logging_mixin.py:137} INFO - ('7380c0', 1674580410, 'LFPG', 1674594142, 'LLBG', 'ELY324  ', 4588, 104, 5506, 149, 2, 4)
[2023-01-31T10:42:39.066+0000] {logging_mixin.py:137} INFO - ('39c423', 1674579621, 'LFPG', 1674615717, 'SKMA', 'AFR422  ', 5253, 12, 8283, 266, 2, 2)
[2023-01-31T10:42:39.067+0000] {logging_mixin.py:137} INFO - ('ac1846', 1674579439, 'LFPG', 1674582013, 'EDDF', 'FDX3    ', 1099, 25, 5478, 194, 3, 5)
[2023-01-31T10:42:39.069+0000] {logging_mixin.py:137} INFO - ('39e682', 1674579171, 'LFPG', 1674583198, 'LIMC', 'AFR52PC ', 3477, 81, 865, 150, 2, 4)
[2023-01-31T10:42:39.070+0000] {logging_mixin.py:137} INFO - ('392ae9', 1674578596, 'LFPG', 1674582230, 'LSZH', 'AFR81KY ', 3488, 73, 1505, 164, 2, 7)
[2023-01-31T10:42:39.070+0000] {logging_mixin.py:137} INFO - ('39856a', 1674578447, 'LFPG', 1674581779, 'EGBB', 'AFR26JL ', 4423, 12, 1082, 191, 2, 2)
[2023-01-31T10:42:39.070+0000] {logging_mixin.py:137} INFO - ('3944f1', 1674577963, 'LFPG', 1674581808, 'LFML', 'AFR63PX ', 3778, 50, 4833, 183, 2, 3)
[2023-01-31T10:42:39.072+0000] {logging_mixin.py:137} INFO - ('392ae8', 1674577820, 'LFPG', 1674580379, 'EHAM', 'AFR31WR ', 1504, 66, 2280, 225, 2, 1)
[2023-01-31T10:42:39.076+0000] {logging_mixin.py:137} INFO - ('4bb264', 1674577604, 'LFPG', 1674588946, 'LTFM', 'THY6GT  ', 1201, 73, 5228, 144, 3, 2)
[2023-01-31T10:42:39.080+0000] {logging_mixin.py:137} INFO - ('0a0049', 1674577149, 'LFPG', 1674582832, None, 'DAH1545 ', 1084, 89, None, None, 3, 0)
[2023-01-31T10:42:39.086+0000] {logging_mixin.py:137} INFO - ('3944f9', 1674577110, 'LFPG', 1674583065, 'LIRF', 'AFR46ZU ', 3644, 111, 6218, 19, 2, 4)
[2023-01-31T10:42:39.087+0000] {logging_mixin.py:137} INFO - ('396441', 1674576976, 'LFPG', 1674583905, None, 'AFR704  ', 4333, 32, None, None, 2, 0)
[2023-01-31T10:42:39.088+0000] {logging_mixin.py:137} INFO - ('394c18', 1674576571, 'LFPG', 1674580010, 'LFBO', 'AFR96SQ ', 3973, 35, 679, 144, 2, 4)
[2023-01-31T10:42:39.089+0000] {logging_mixin.py:137} INFO - ('392aee', 1674576489, 'LFPG', 1674580734, 'LFMN', 'AFR36FW ', 3776, 43, 3015, 19, 2, 1)
[2023-01-31T10:42:39.089+0000] {logging_mixin.py:137} INFO - ('39e686', 1674576363, 'LFPG', 1674578603, 'LFFW', 'AFR41ZV ', 3549, 43, 21889, 1185, 2, 2)
[2023-01-31T10:42:39.090+0000] {logging_mixin.py:137} INFO - ('406542', 1674576023, 'LFPG', 1674578324, 'EGKK', 'EZY26EG ', 1281, 58, 6112, 75, 2, 2)
[2023-01-31T10:42:39.090+0000] {logging_mixin.py:137} INFO - ('4ca640', 1674575760, 'LFPG', 1674580105, 'EIDW', 'EIN5RL  ', 1814, 5, 409, 210, 2, 4)
[2023-01-31T10:42:39.091+0000] {logging_mixin.py:137} INFO - ('3986ed', 1674575652, 'LFPG', 1674578866, 'EDDS', 'AFR46YX ', 4191, 58, 523, 183, 2, 6)
[2023-01-31T10:42:39.092+0000] {logging_mixin.py:137} INFO - ('3946e3', 1674575318, 'LFPG', 1674578694, 'LFRB', 'AFR76GQ ', 4000, 66, 5453, 15, 2, 2)
[2023-01-31T10:42:39.094+0000] {logging_mixin.py:137} INFO - ('394a0c', 1674575289, 'LFPG', 1674602831, 'KJFK', 'AFR010  ', 1422, 81, 2425, 3, 2, 1)
[2023-01-31T10:42:39.095+0000] {logging_mixin.py:137} INFO - ('398569', 1674575175, 'LFPG', 1674577957, 'LFLL', 'AFR52ZJ ', 4205, 73, 7372, 168, 2, 5)
[2023-01-31T10:42:39.097+0000] {logging_mixin.py:137} INFO - ('394c03', 1674574756, 'LFPG', 1674577758, 'LFBD', 'AFR81EP ', 4055, 12, 1772, 125, 2, 3)
[2023-01-31T10:42:39.098+0000] {logging_mixin.py:137} INFO - ('3986e4', 1674574603, 'LFPG', 1674578479, 'LIMF', 'AFR97DR ', 4160, 58, 1944, 95, 2, 2)
[2023-01-31T10:42:39.100+0000] {logging_mixin.py:137} INFO - ('392aef', 1674574440, 'LFPG', 1674577957, 'LFMT', 'AFR67RL ', 3794, 43, 11890, 718, 2, 1)
[2023-01-31T10:42:39.101+0000] {logging_mixin.py:137} INFO - ('39e689', 1674574332, 'LFPG', 1674577190, 'LSGG', 'AFR43YQ ', 3379, 58, 631, 155, 2, 3)
[2023-01-31T10:42:39.103+0000] {logging_mixin.py:137} INFO - ('392af8', 1674574207, 'LFPG', 1674578050, 'LFML', 'AFR71RZ ', 3813, 35, 4932, 198, 2, 3)
[2023-01-31T10:42:39.110+0000] {logging_mixin.py:137} INFO - ('a4dbef', 1674573986, 'LFPG', 1674605849, 'KMSP', 'DAL123  ', 4226, 10, 238, 35, 2, 9)
[2023-01-31T10:42:39.112+0000] {logging_mixin.py:137} INFO - ('3965b0', 1674573820, 'LFPG', 1674584110, None, 'AFR718  ', 4725, 10, None, None, 2, 0)
[2023-01-31T10:42:39.116+0000] {logging_mixin.py:137} INFO - ('3944e7', 1674573691, 'LFPG', 1674576733, 'EGLL', 'AFR28PP ', 3753, 58, 2170, 170, 2, 7)
[2023-01-31T10:42:39.121+0000] {logging_mixin.py:137} INFO - ('3991e8', 1674573612, 'LFPG', 1674580482, 'LPPT', 'AFR99BF ', 3515, 81, 2358, 60, 2, 4)
[2023-01-31T10:42:39.124+0000] {logging_mixin.py:137} INFO - ('3949e3', 1674573417, 'LFPG', 1674613579, 'VTBS', 'AFR166  ', 4742, 25, 5625, 211, 2, 0)
[2023-01-31T10:42:39.128+0000] {logging_mixin.py:137} INFO - ('ab5365', 1674573333, 'LFPG', 1674607379, 'KATL', 'DAL85   ', 4468, 12, 3448, 30, 2, 20)
[2023-01-31T10:42:39.129+0000] {logging_mixin.py:137} INFO - ('4077e0', 1674573311, 'LFPG', 1674575976, 'EGLL', 'BAW319A ', 1116, 89, 3339, 101, 3, 8)
[2023-01-31T10:42:39.130+0000] {logging_mixin.py:137} INFO - ('398567', 1674573217, 'LFPG', 1674576119, 'EDDL', 'AFR24BD ', 4028, 81, 406, 212, 2, 4)
[2023-01-31T10:42:39.132+0000] {logging_mixin.py:137} INFO - ('39856b', 1674573120, 'LFPG', 1674577079, 'EDDN', 'AFR98PD ', 3644, 50, 124, 189, 2, 4)
[2023-01-31T10:42:39.133+0000] {logging_mixin.py:137} INFO - ('398561', 1674573051, 'LFPG', 1674576704, 'LFBP', 'AFR75CN ', 4005, 111, 1749, 88, 2, 1)
[2023-01-31T10:42:39.137+0000] {logging_mixin.py:137} INFO - ('396442', 1674572849, 'LFPG', 1674593715, 'DXXX', 'AFR860  ', 4581, 12, 53, 16, 2, 0)
[2023-01-31T10:42:39.139+0000] {logging_mixin.py:137} INFO - ('39e4ac', 1674572839, 'LFPG', 1674581335, 'ESSA', 'AFR83ZD ', 1305, 96, 2821, 133, 2, 0)
[2023-01-31T10:42:39.139+0000] {logging_mixin.py:137} INFO - ('39e68a', 1674572761, 'LFPG', 1674577888, 'LIPZ', 'AFR28TK ', 3443, 66, 2518, 70, 2, 4)
[2023-01-31T10:42:39.141+0000] {logging_mixin.py:137} INFO - ('3944ed', 1674572598, 'LFPG', 1674576478, 'LIMC', 'AFR37LD ', 3802, 81, 1108, 165, 2, 4)
[2023-01-31T10:42:39.142+0000] {logging_mixin.py:137} INFO - ('461e1d', 1674572561, 'LFPG', 1674582551, 'EFHK', 'FIN2ER  ', 1945, 12, 716, 123, 2, 2)
[2023-01-31T10:42:39.144+0000] {logging_mixin.py:137} INFO - ('39e681', 1674572455, 'LFPG', 1674577196, 'LEBL', 'AFR33CZ ', 3495, 50, 1611, 110, 2, 1)
[2023-01-31T10:42:39.149+0000] {logging_mixin.py:137} INFO - ('394c0a', 1674572434, 'LFPG', 1674577405, 'EDDB', 'AFR94XP ', 1706, 12, 4936, 230, 2, 4)
[2023-01-31T10:42:39.149+0000] {logging_mixin.py:137} INFO - ('398570', 1674572389, 'LFPG', 1674575712, None, 'AFR41ZT ', 4074, 89, None, None, 2, 0)
[2023-01-31T10:42:39.156+0000] {logging_mixin.py:137} INFO - ('3944e1', 1674572254, 'LFPG', 1674576222, 'EDDM', 'AFR72KB ', 4088, 35, 2727, 163, 2, 4)
[2023-01-31T10:42:39.188+0000] {logging_mixin.py:137} INFO - ('3991e9', 1674572172, 'LFPG', 1674576719, 'EIDW', 'AFR73DD ', 3500, 58, 399, 210, 2, 4)
[2023-01-31T10:42:39.194+0000] {logging_mixin.py:137} INFO - ('7105af', 1674572043, 'LFPG', 1674632683, 'VTBS', 'SVA126  ', 4808, 12, 5684, 242, 2, 0)
[2023-01-31T10:42:39.198+0000] {logging_mixin.py:137} INFO - ('4baa8d', 1674572022, 'LFPG', 1674583282, 'LTFM', 'THY9HG  ', 1252, 50, 6682, 220, 2, 2)
[2023-01-31T10:42:39.199+0000] {logging_mixin.py:137} INFO - ('394a07', 1674571950, 'LFPG', 1674594266, 'OMDB', 'AFR662  ', 4010, 73, 797, 56, 2, 2)
[2023-01-31T10:42:39.201+0000] {logging_mixin.py:137} INFO - ('3986eb', 1674571840, 'LFPG', 1674576498, 'EDDH', 'AFR94CA ', 4016, 81, 1215, 199, 2, 3)
[2023-01-31T10:42:39.204+0000] {logging_mixin.py:137} INFO - ('39e687', 1674571760, 'LFPG', 1674577011, 'LIPE', 'AFR79UZ ', 3498, 50, 4319, 92, 2, 0)
[2023-01-31T10:42:39.206+0000] {logging_mixin.py:137} INFO - ('0101dc', 1674571631, 'LFPG', 1674620366, 'FAOR', 'MSR800  ', 4770, 81, 2165, 25, 2, 7)
[2023-01-31T10:42:39.209+0000] {logging_mixin.py:137} INFO - ('06a07a', 1674571533, 'LFPG', 1674592376, 'OTHH', 'QTR75V  ', 1549, 73, 2857, 19, 2, 1)
[2023-01-31T10:42:39.210+0000] {logging_mixin.py:137} INFO - ('3950ca', 1674571515, 'LFPG', 1674574145, 'LSGG', 'AFR54YA ', 3647, 73, 1321, 155, 2, 3)
[2023-01-31T10:42:39.212+0000] {logging_mixin.py:137} INFO - ('504e65', 1674571447, 'LFPG', 1674581429, None, 'FIE928  ', 1759, 50, None, None, 2, 0)
[2023-01-31T10:42:39.216+0000] {logging_mixin.py:137} INFO - ('39e688', 1674571444, 'LFPG', 1674576536, 'LEMD', 'AFR51JX ', 3442, 58, 38, 106, 2, 3)
[2023-01-31T10:42:39.220+0000] {logging_mixin.py:137} INFO - ('39856f', 1674571331, 'LFPG', 1674574934, 'EDDF', 'AFR15ED ', 4292, 12, 2728, 194, 2, 5)
[2023-01-31T10:42:39.224+0000] {logging_mixin.py:137} INFO - ('344548', 1674571240, 'LFPG', 1674575630, 'LEBL', 'VLG7TN  ', 3574, 81, 1217, 102, 2, 1)
[2023-01-31T10:42:39.226+0000] {logging_mixin.py:137} INFO - ('3965ae', 1674571084, 'LFPG', 1674575526, None, 'AFR762  ', 4852, 35, None, None, 2, 0)
[2023-01-31T10:42:39.228+0000] {logging_mixin.py:137} INFO - ('39e68d', 1674570894, 'LFPG', 1674576453, 'EKCH', 'AFR85TH ', 1518, 73, 1582, 165, 2, 0)
[2023-01-31T10:42:39.228+0000] {logging_mixin.py:137} INFO - ('0a0075', 1674570625, 'LFPG', 1674577048, None, 'DAH1129 ', 3423, 5, None, None, 2, 0)
[2023-01-31T10:42:39.231+0000] {logging_mixin.py:137} INFO - ('394c13', 1674570524, 'LFPG', 1674576357, 'LOWW', 'AFR68TJ ', 3919, 111, 3169, 152, 2, 2)
[2023-01-31T10:42:39.231+0000] {logging_mixin.py:137} INFO - ('4ba903', 1674570423, 'LFPG', 1674582243, None, 'THY5TY  ', 1089, 89, None, None, 3, 0)
[2023-01-31T10:42:39.232+0000] {logging_mixin.py:137} INFO - ('740734', 1674570341, 'LFPG', 1674584564, None, 'RJA118  ', 4253, 50, None, None, 2, 0)
[2023-01-31T10:42:39.232+0000] {logging_mixin.py:137} INFO - ('39644c', 1674570195, 'LFPG', 1674576779, None, 'AFR148  ', 4021, 50, None, None, 2, 0)
[2023-01-31T10:42:39.233+0000] {logging_mixin.py:137} INFO - ('39856e', 1674570138, 'LFPG', 1674576438, 'ESGG', 'AFR91PW ', 1270, 58, 6282, 97, 2, 1)
[2023-01-31T10:42:39.235+0000] {logging_mixin.py:137} INFO - ('70606d', 1674569857, 'LFPG', 1674588709, 'OKBK', 'KAC168  ', 1216, 81, 7057, 173, 2, 1)
[2023-01-31T10:42:39.255+0000] {logging_mixin.py:137} INFO - ('400afe', 1674569720, 'LFPG', 1674572257, 'EGLL', 'BAW315  ', 1144, 96, 2498, 154, 3, 8)
[2023-01-31T10:42:39.266+0000] {logging_mixin.py:137} INFO - ('39cf0c', 1674569649, 'LFPG', 1674596663, 'CYUL', 'AFR344  ', 3929, 66, 1881, 17, 2, 2)
[2023-01-31T10:42:39.267+0000] {logging_mixin.py:137} INFO - ('39644d', 1674569470, 'LFPG', 1674589542, None, 'AFR804  ', 4282, 28, None, None, 2, 0)
[2023-01-31T10:42:39.269+0000] {logging_mixin.py:137} INFO - ('3965a5', 1674569151, 'LFPG', 1674606327, 'MMUN', 'AFR650  ', 4451, 50, 4598, 145, 2, 1)
[2023-01-31T10:42:39.271+0000] {logging_mixin.py:137} INFO - ('3965a0', 1674569064, 'LFPG', 1674598443, 'KIAD', 'AFR054  ', 4303, 58, 2291, 102, 2, 8)
[2023-01-31T10:42:39.275+0000] {logging_mixin.py:137} INFO - ('4cac64', 1674568950, 'LFPG', 1674574238, 'LEMD', 'ABR471  ', 3275, 35, 3428, 22, 2, 3)
[2023-01-31T10:42:39.292+0000] {logging_mixin.py:137} INFO - ('4b19f5', 1674568837, 'LFPG', 1674572149, 'LSZH', 'SWR9MT  ', 1538, 50, 746, 157, 2, 7)
[2023-01-31T10:42:39.294+0000] {logging_mixin.py:137} INFO - ('8963e5', 1674568770, 'LFPG', 1674591261, 'OMDB', 'UAE65W  ', 4703, 81, 3766, 57, 2, 2)
[2023-01-31T10:42:39.296+0000] {logging_mixin.py:137} INFO - ('398562', 1674568670, 'LFPG', 1674574547, 'LIRF', 'AFR54GR ', 4129, 58, 6027, 42, 2, 4)
[2023-01-31T10:42:39.299+0000] {logging_mixin.py:137} INFO - ('3965ad', 1674568483, 'LFPG', 1674595839, None, 'AFR898  ', 4562, 50, None, None, 2, 0)
[2023-01-31T10:42:39.300+0000] {logging_mixin.py:137} INFO - ('3c66ad', 1674568103, 'LFPG', 1674571556, 'EDDF', 'DLH3F   ', 1251, 89, 1526, 194, 2, 5)
[2023-01-31T10:42:39.312+0000] {logging_mixin.py:137} INFO - ('ab7376', 1674568101, 'LFPG', 1674599083, 'KJFK', 'DAL265  ', 4089, 66, 2414, 3, 2, 1)
[2023-01-31T10:42:39.319+0000] {logging_mixin.py:137} INFO - ('3986e8', 1674567970, 'LFPG', 1674575811, 'EPWA', 'AFR89YZ ', 4300, 43, 1620, 178, 2, 1)
[2023-01-31T10:42:39.331+0000] {logging_mixin.py:137} INFO - ('3991e0', 1674567886, 'LFPG', 1674574819, 'ENGM', 'AFR36GU ', 3713, 73, 1702, 85, 2, 1)
[2023-01-31T10:42:39.336+0000] {logging_mixin.py:137} INFO - ('4bb02b', 1674567851, 'LFPG', 1674580196, 'LTFJ', 'THY8JP  ', 1213, 73, 3707, 11, 2, 2)
[2023-01-31T10:42:39.346+0000] {logging_mixin.py:137} INFO - ('3986e7', 1674567810, 'LFPG', 1674570926, 'LFRB', 'AFR43JW ', 4459, 43, 1724, 167, 2, 2)
[2023-01-31T10:42:39.352+0000] {logging_mixin.py:137} INFO - ('3c656c', 1674567600, 'LFPG', 1674570764, 'EDDF', 'DLH1593 ', 3211, 50, 1751, 194, 2, 5)
[2023-01-31T10:42:39.360+0000] {logging_mixin.py:137} INFO - ('394a02', 1674567406, 'LFPG', 1674573622, None, 'AFR714  ', 4399, 12, None, None, 2, 0)
[2023-01-31T10:42:39.380+0000] {logging_mixin.py:137} INFO - ('c023bd', 1674567307, 'LFPG', 1674594864, 'CYUL', 'ACA871  ', 4507, 66, 686, 28, 2, 3)
[2023-01-31T10:42:39.396+0000] {logging_mixin.py:137} INFO - ('3949ed', 1674567193, 'LFPG', 1674603948, 'MPTO', 'AFR474  ', 4721, 20, 11400, 454, 2, 3)
[2023-01-31T10:42:39.405+0000] {logging_mixin.py:137} INFO - ('3944f3', 1674567050, 'LFPG', 1674573555, 'DAAG', 'AFR1654 ', 3459, 89, 23166, 737, 2, 0)
[2023-01-31T10:42:39.412+0000] {logging_mixin.py:137} INFO - ('39cf08', 1674566865, 'LFPG', 1674599716, 'KATL', 'AFR688  ', 3888, 89, 3258, 53, 2, 20)
[2023-01-31T10:42:39.438+0000] {logging_mixin.py:137} INFO - ('4cc401', 1674566283, 'LFPG', 1674570806, 'LIMC', 'BBD952  ', 3446, 58, 936, 150, 2, 4)
[2023-01-31T10:42:39.445+0000] {logging_mixin.py:137} INFO - ('39e692', 1674566103, 'LFPG', 1674572000, 'EKCH', 'AFR25YG ', 1496, 81, 1323, 180, 3, 0)
[2023-01-31T10:42:39.447+0000] {logging_mixin.py:137} INFO - ('392aec', 1674565927, 'LFPG', 1674572080, 'LIRF', 'AFR51KB ', 3576, 66, 4963, 79, 2, 3)
[2023-01-31T10:42:39.450+0000] {logging_mixin.py:137} INFO - ('39c422', 1674565791, 'LFPG', 1674593518, 'KEWR', 'AFR062  ', 4219, 89, 452, 74, 2, 5)
[2023-01-31T10:42:39.470+0000] {logging_mixin.py:137} INFO - ('394a06', 1674565672, 'LFPG', 1674604674, 'KLAX', 'AFR072  ', 4645, 10, 3077, 45, 2, 7)
[2023-01-31T10:42:39.476+0000] {logging_mixin.py:137} INFO - ('40756e', 1674565503, 'LFPG', 1674570438, 'EGPH', 'EZY57KD ', 1885, 40, 1949, 117, 2, 1)
[2023-01-31T10:42:39.478+0000] {logging_mixin.py:137} INFO - ('3986e9', 1674565435, 'LFPG', 1674572518, 'LHBP', 'AFR93QG ', 3670, 89, 2323, 166, 2, 7)
[2023-01-31T10:42:39.479+0000] {logging_mixin.py:137} INFO - ('394a09', 1674565278, 'LFPG', 1674593027, 'KJFK', 'AFR006  ', 3850, 81, 3540, 79, 2, 2)
[2023-01-31T10:42:39.485+0000] {logging_mixin.py:137} INFO - ('39cf0f', 1674565210, 'LFPG', 1674607632, 'SPJC', 'AFR480  ', 4306, 12, 5735, 201, 2, 5)
[2023-01-31T10:42:39.485+0000] {logging_mixin.py:137} INFO - ('3965b3', 1674565111, 'LFPG', 1674566470, 'LFPO', 'AFR377Y ', 3188, 10, 4044, 187, 2, 9)
[2023-01-31T10:42:39.486+0000] {logging_mixin.py:137} INFO - ('39644a', 1674565023, 'LFPG', 1674573203, None, 'AFR596  ', 4667, 10, None, None, 2, 0)
[2023-01-31T10:42:39.488+0000] {logging_mixin.py:137} INFO - ('5001d4', 1674564940, 'LFPG', 1674578603, None, 'MEA212  ', 4320, 17, None, None, 2, 0)
[2023-01-31T10:42:39.489+0000] {logging_mixin.py:137} INFO - ('39e68c', 1674564864, 'LFPG', 1674571641, 'LPPT', 'AFR24DW ', 3509, 73, 2269, 60, 2, 4)
[2023-01-31T10:42:39.493+0000] {logging_mixin.py:137} INFO - ('a0f4f6', 1674564736, 'LFPG', 1674598501, 'KCVG', 'DAL229  ', 4181, 12, 2532, 1, 2, 11)
[2023-01-31T10:42:39.494+0000] {logging_mixin.py:137} INFO - ('3965a2', 1674564600, 'LFPG', 1674598731, 'KMIA', 'AFR090  ', 4584, 58, 10092, 370, 2, 8)
[2023-01-31T10:42:39.495+0000] {logging_mixin.py:137} INFO - ('4ca217', 1674564523, 'LFPG', 1674568940, 'EIDW', 'EIN525  ', 1266, 50, 1495, 180, 2, 4)
[2023-01-31T10:42:39.495+0000] {logging_mixin.py:137} INFO - ('39e680', 1674564504, 'LFPG', 1674569488, 'LEMD', 'AFR14LJ ', 3672, 20, 2447, 83, 2, 3)
[2023-01-31T10:42:39.497+0000] {logging_mixin.py:137} INFO - ('3991e1', 1674564407, 'LFPG', 1674567377, 'LFBD', 'AFR62CY ', 3525, 50, 1542, 117, 2, 3)
[2023-01-31T10:42:39.498+0000] {logging_mixin.py:137} INFO - ('4bb1e2', 1674564395, 'LFPG', 1674574994, 'LTFM', 'THY32Q  ', 1533, 35, 6178, 198, 2, 2)
[2023-01-31T10:42:39.499+0000] {logging_mixin.py:137} INFO - ('3949e4', 1674564273, 'LFPG', 1674604151, None, 'AFR258  ', 4885, 40, None, None, 2, 0)
[2023-01-31T10:42:39.500+0000] {logging_mixin.py:137} INFO - ('394a08', 1674564159, 'LFPG', 1674600503, 'FAOR', 'AFR990A ', 4481, 28, 4606, 28, 2, 8)
[2023-01-31T10:42:39.501+0000] {logging_mixin.py:137} INFO - ('394c04', 1674564073, 'LFPG', 1674567809, 'LFML', 'AFR57LM ', 4078, 89, 4945, 206, 2, 3)
[2023-01-31T10:42:39.503+0000] {logging_mixin.py:137} INFO - ('39cf01', 1674563930, 'LFPG', 1674649874, 'LFPG', 'AFR430  ', 4133, 58, 2434, 50, 2, 8)
[2023-01-31T10:42:39.504+0000] {logging_mixin.py:137} INFO - ('394c09', 1674563795, 'LFPG', 1674566548, 'EGLL', 'AFR97AA ', 3893, 89, 3035, 131, 2, 8)
[2023-01-31T10:42:39.506+0000] {logging_mixin.py:137} INFO - ('888153', 1674563704, 'LFPG', 1674631363, 'RKSI', 'HVN18   ', 1598, 2, 7101, 191, 2, 1)
[2023-01-31T10:42:39.507+0000] {logging_mixin.py:137} INFO - ('3946e1', 1674563649, 'LFPG', 1674567143, 'LFBO', 'AFR27YA ', 3542, 104, 798, 152, 2, 4)
[2023-01-31T10:42:39.509+0000] {logging_mixin.py:137} INFO - ('3991ea', 1674563544, 'LFPG', 1674568762, None, 'AFR1184 ', 3593, 89, None, None, 2, 0)
[2023-01-31T10:42:39.519+0000] {logging_mixin.py:137} INFO - ('4cc52e', 1674563485, 'LFPG', 1674602435, 'KEWR', 'ICE7J   ', 1693, 73, 1737, 58, 2, 5)
[2023-01-31T10:42:39.523+0000] {logging_mixin.py:137} INFO - ('39cf13', 1674563417, 'LFPG', 1674594237, 'KORD', 'AFR136  ', 4109, 43, 1429, 75, 2, 5)
[2023-01-31T10:42:39.528+0000] {logging_mixin.py:137} INFO - ('392ae8', 1674563332, 'LFPG', 1674565858, 'LFLL', 'AFR49SU ', 3554, 66, 6626, 138, 2, 5)
[2023-01-31T10:42:39.530+0000] {logging_mixin.py:137} INFO - ('3949ec', 1674563196, 'LFPG', 1674608234, 'WSSS', 'AFR254  ', 5015, 10, 3335, 145, 2, 6)
[2023-01-31T10:42:39.532+0000] {logging_mixin.py:137} INFO - ('398565', 1674563112, 'LFPG', 1674568139, 'EKBI', 'AFR88WA ', 4213, 81, 2614, 151, 2, 1)
[2023-01-31T10:42:39.534+0000] {logging_mixin.py:137} INFO - ('39e691', 1674563040, 'LFPG', 1674572666, 'EFHK', 'AFR98CB ', 1383, 73, 836, 130, 2, 2)
[2023-01-31T10:42:39.538+0000] {logging_mixin.py:137} INFO - ('3944f2', 1674562576, 'LFPG', 1674567079, None, 'AFR93NN ', 4019, 43, None, None, 2, 0)
[2023-01-31T10:42:39.544+0000] {logging_mixin.py:137} INFO - ('3944f9', 1674562458, 'LFPG', 1674565196, 'LSGG', 'AFR64TX ', 3836, 43, 1162, 163, 2, 3)
[2023-01-31T10:42:39.547+0000] {logging_mixin.py:137} INFO - ('345398', 1674562129, 'LFPG', 1674572870, None, 'VLG7PT  ', 1687, 55, None, None, 2, 0)
[2023-01-31T10:42:39.548+0000] {logging_mixin.py:137} INFO - ('3944e5', 1674562127, 'LFPG', 1674565481, 'LFNG', 'AFR75DH ', 3847, 58, 4969, 676, 2, 1)
[2023-01-31T10:42:39.548+0000] {logging_mixin.py:137} INFO - ('3949e8', 1674561998, 'LFPG', 1674568259, None, 'AFR926  ', 4508, 20, None, None, 2, 0)
[2023-01-31T10:42:39.549+0000] {logging_mixin.py:137} INFO - ('3965ab', 1674561910, 'LFPG', 1674590894, 'MDPC', 'AFR746  ', 4168, 66, 16189, 2378, 2, 0)
[2023-01-31T10:42:39.550+0000] {logging_mixin.py:137} INFO - ('3c674d', 1674561828, 'LFPG', 1674565983, 'EDDM', 'DLH88P  ', 1384, 50, 1953, 125, 2, 4)
[2023-01-31T10:42:39.550+0000] {logging_mixin.py:137} INFO - ('398563', 1674561775, 'LFPG', 1674566078, 'LFMN', 'AFR71YH ', 4004, 104, 2764, 19, 2, 1)
[2023-01-31T10:42:39.553+0000] {logging_mixin.py:137} INFO - ('394c0f', 1674561705, 'LFPG', 1674564642, 'LFBD', 'AFR63PT ', 3649, 81, 1569, 125, 2, 3)
[2023-01-31T10:42:39.595+0000] {logging_mixin.py:137} INFO - ('501c1c', 1674561611, 'LFPG', 1674565842, 'LFMN', 'TDR311  ', 3588, 81, 3378, 49, 2, 1)
[2023-01-31T10:42:39.602+0000] {logging_mixin.py:137} INFO - ('3991e7', 1674561541, 'LFPG', 1674570259, 'GMMN', 'AFR94TR ', 3710, 81, 1192, 55, 2, 1)
[2023-01-31T10:42:39.604+0000] {logging_mixin.py:137} INFO - ('3950c9', 1674561403, 'LFPG', 1674564116, 'EHAM', 'AFR25ZT ', 1401, 50, 1739, 232, 2, 1)
[2023-01-31T10:42:39.615+0000] {logging_mixin.py:137} INFO - ('393320', 1674561365, 'LFPG', 1674563608, 'LFRS', 'AFR42CE ', 4208, 43, 17308, 940, 2, 1)
[2023-01-31T10:42:39.639+0000] {logging_mixin.py:137} INFO - ('398569', 1674561335, 'LFPG', 1674564143, 'EDDL', 'AFR31TT ', 1482, 89, 391, 212, 2, 4)
[2023-01-31T10:42:39.651+0000] {logging_mixin.py:137} INFO - ('885178', 1674561139, 'LFPG', 1674600631, 'VTBS', 'THA931  ', 4428, 66, 9289, 356, 2, 0)
[2023-01-31T10:42:39.658+0000] {logging_mixin.py:137} INFO - ('3986e5', 1674561054, 'LFPG', 1674564114, 'LFBZ', 'AFR66TQ ', 4278, 43, 19697, 1266, 2, 0)
[2023-01-31T10:42:39.692+0000] {logging_mixin.py:137} INFO - ('39e682', 1674560843, 'LFPG', 1674565014, 'LIML', 'AFR75FA ', 3216, 96, 128, 138, 2, 1)
[2023-01-31T10:42:39.699+0000] {logging_mixin.py:137} INFO - ('440c32', 1674560785, 'LFPG', 1674567236, None, 'EJU56BK ', 4063, 66, None, None, 2, 0)
[2023-01-31T10:42:39.705+0000] {logging_mixin.py:137} INFO - ('39cf04', 1674560652, 'LFPG', 1674568736, None, 'AFR520  ', 4479, 2, None, None, 2, 0)
[2023-01-31T10:42:39.712+0000] {logging_mixin.py:137} INFO - ('39e68b', 1674560641, 'LFPG', 1674565633, 'EDDB', 'AFR79FD ', 1731, 2, 4282, 223, 2, 4)
[2023-01-31T10:42:39.724+0000] {logging_mixin.py:137} INFO - ('3986e1', 1674560515, 'LFPG', 1674563058, 'LFRN', 'AFR38GN ', 4431, 50, 610, 205, 2, 0)
[2023-01-31T10:42:39.731+0000] {logging_mixin.py:137} INFO - ('4891b6', 1674560345, 'LFPG', 1674564769, 'LFMN', 'ENT59RP ', 4390, 20, 3687, 49, 2, 1)
[2023-01-31T10:42:39.733+0000] {logging_mixin.py:137} INFO - ('39856c', 1674560266, 'LFPG', 1674565701, 'LJCE', 'AFR17KL ', 3912, 73, 12250, 2244, 2, 1)
[2023-01-31T10:42:39.734+0000] {logging_mixin.py:137} INFO - ('3944f1', 1674560133, 'LFPG', 1674564378, 'LFMN', 'AFR89DX ', 3540, 119, 2468, 11, 2, 1)
[2023-01-31T10:42:39.735+0000] {logging_mixin.py:137} INFO - ('3965a3', 1674559983, 'LFPG', 1674602174, 'MMMX', 'AFR178  ', 4341, 58, 7626, 269, 2, 1)
[2023-01-31T10:42:39.736+0000] {logging_mixin.py:137} INFO - ('394c14', 1674559899, 'LFPG', 1674568917, None, 'AFR64ZU ', 4065, 81, None, None, 2, 0)
[2023-01-31T10:42:39.737+0000] {logging_mixin.py:137} INFO - ('394c12', 1674559815, 'LFPG', 1674564382, 'LEBL', 'AFR84JF ', 3783, 73, 1252, 110, 2, 1)
[2023-01-31T10:42:39.738+0000] {logging_mixin.py:137} INFO - ('394c19', 1674559675, 'LFPG', 1674562940, 'LFBO', 'AFR44LF ', 1643, 58, 423, 144, 2, 4)
[2023-01-31T10:42:39.743+0000] {logging_mixin.py:137} INFO - ('3985a2', 1674559568, 'LFPG', 1674563249, 'EGCC', 'AFR69KQ ', 4279, 66, 1310, 223, 2, 1)
[2023-01-31T10:42:39.756+0000] {logging_mixin.py:137} INFO - ('3991e5', 1674559482, 'LFPG', 1674570749, 'LTFM', 'AFR1390 ', 4189, 73, 7155, 259, 2, 2)
[2023-01-31T10:42:39.759+0000] {logging_mixin.py:137} INFO - ('46b823', 1674559350, 'LFPG', 1674569478, 'LGAV', 'AEE61PG ', 1810, 5, 27448, 759, 2, 0)
[2023-01-31T10:42:39.760+0000] {logging_mixin.py:137} INFO - ('392af0', 1674559012, 'LFPG', 1674561855, 'EHAM', 'AFR21LN ', 1202, 142, 1974, 217, 2, 1)
[2023-01-31T10:42:39.772+0000] {logging_mixin.py:137} INFO - ('3965aa', 1674558805, 'LFPG', 1674594790, None, 'AFR442  ', 4814, 43, None, None, 2, 0)
[2023-01-31T10:42:39.775+0000] {logging_mixin.py:137} INFO - ('4a08ec', 1674558710, 'LFPG', 1674567899, 'LROP', 'ROT382N ', 4363, 50, 1785, 110, 2, 2)
[2023-01-31T10:42:39.776+0000] {logging_mixin.py:137} INFO - ('c079a6', 1674558648, 'LFPG', 1674586287, 'CYUL', 'TSC111  ', 1488, 89, 1250, 13, 2, 2)
[2023-01-31T10:42:39.777+0000] {logging_mixin.py:137} INFO - ('392aef', 1674558534, 'LFPG', 1674561277, 'LFLL', 'AFR54BJ ', 3493, 89, 6341, 123, 2, 5)
[2023-01-31T10:42:39.778+0000] {logging_mixin.py:137} INFO - ('3986ec', 1674558319, 'LFPG', 1674561545, 'LFBD', 'AFR31YV ', 3955, 73, 1692, 117, 2, 3)
[2023-01-31T10:42:39.780+0000] {logging_mixin.py:137} INFO - ('40093e', 1674558280, 'LFPG', 1674560989, 'EGLL', 'BAW309  ', 1475, 81, 2644, 147, 2, 8)
[2023-01-31T10:42:39.782+0000] {logging_mixin.py:137} INFO - ('4ca81d', 1674558244, 'LFPG', 1674564072, 'LIRF', 'ITY319  ', 3665, 43, 6678, 3, 2, 4)
[2023-01-31T10:42:39.807+0000] {logging_mixin.py:137} INFO - ('a4bbde', 1674558120, 'LFPG', 1674587950, 'KJFK', 'DAL263  ', 4166, 58, 1410, 18, 2, 1)
[2023-01-31T10:42:39.811+0000] {logging_mixin.py:137} INFO - ('344455', 1674558030, 'LFPG', 1674563427, 'LEMD', 'IBS3739 ', 3586, 66, 1887, 121, 2, 3)
[2023-01-31T10:42:39.825+0000] {logging_mixin.py:137} INFO - ('4cac63', 1674557932, 'LFPG', 1674561890, 'EDDV', 'ABR255  ', 3328, 50, 2735, 192, 2, 2)
[2023-01-31T10:42:39.832+0000] {logging_mixin.py:137} INFO - ('0a0018', 1674557853, 'LFPG', 1674564218, 'DAAG', 'DAH1209 ', 3686, 50, 26418, 851, 2, 0)
[2023-01-31T10:42:39.835+0000] {logging_mixin.py:137} INFO - ('3965af', 1674557713, 'LFPG', 1674605759, None, 'AFR276  ', 4741, 35, None, None, 2, 0)
[2023-01-31T10:42:39.836+0000] {logging_mixin.py:137} INFO - ('aabd7f', 1674557502, 'LFPG', 1674587444, 'KIAD', 'UAL914  ', 1617, 89, 1777, 79, 2, 7)
[2023-01-31T10:42:39.837+0000] {logging_mixin.py:137} INFO - ('4ba9ce', 1674557413, 'LFPG', 1674568487, 'LTFM', 'THY7CG  ', 1603, 66, 5791, 175, 2, 2)
[2023-01-31T10:42:39.838+0000] {logging_mixin.py:137} INFO - ('899038', 1674557327, 'LFPG', 1674602321, None, 'EVA088  ', 5068, 43, None, None, 2, 0)
[2023-01-31T10:42:39.839+0000] {logging_mixin.py:137} INFO - ('ab2855', 1674557239, 'LFPG', 1674589828, 'KMSP', 'DAL233  ', 4132, 81, 374, 58, 2, 9)
[2023-01-31T10:42:39.839+0000] {logging_mixin.py:137} INFO - ('02010d', 1674557074, 'LFPG', 1674564124, None, 'MAC368  ', 3482, 104, None, None, 2, 0)
[2023-01-31T10:42:39.840+0000] {logging_mixin.py:137} INFO - ('a4ce71', 1674556921, 'LFPG', 1674592502, 'KSEA', 'DAL81   ', 3790, 58, 731, 192, 2, 12)
[2023-01-31T10:42:39.840+0000] {logging_mixin.py:137} INFO - ('ab3c0d', 1674556876, 'LFPG', 1674593755, 'KDFW', 'AAL49   ', 3362, 192, 4239, 135, 3, 21)
[2023-01-31T10:42:39.845+0000] {logging_mixin.py:137} INFO - ('02a1a2', 1674556800, 'LFPG', 1674562153, None, 'LBT511  ', 4147, 20, None, None, 2, 0)
[2023-01-31T10:42:39.846+0000] {logging_mixin.py:137} INFO - ('501e83', 1674556687, 'LFPG', 1674562106, 'LJCE', 'CTN71F  ', 3917, 58, 18630, 2221, 2, 1)
[2023-01-31T10:42:39.847+0000] {logging_mixin.py:137} INFO - ('39c429', 1674556556, 'LFPG', 1674566888, None, 'AFR416  ', 5028, 66, None, None, 2, 0)
[2023-01-31T10:42:39.850+0000] {logging_mixin.py:137} INFO - ('710111', 1674556396, 'LFPG', 1674567106, None, 'SVA144  ', 3833, 71, None, None, 2, 0)
[2023-01-31T10:42:39.851+0000] {logging_mixin.py:137} INFO - ('39cf06', 1674556330, 'LFPG', 1674589073, 'KATL', 'AFR682  ', 4025, 73, 3539, 68, 2, 21)
[2023-01-31T10:42:39.853+0000] {logging_mixin.py:137} INFO - ('39cf0a', 1674556179, 'LFPG', 1674587158, 'VOBL', 'AFR204  ', 3704, 66, 3963, 76, 2, 2)
[2023-01-31T10:42:39.855+0000] {logging_mixin.py:137} INFO - ('abfdd1', 1674556111, 'LFPG', 1674557191, 'LFPG', 'AAL755  ', 1296, 66, 3065, 134, 2, 8)
[2023-01-31T10:42:39.855+0000] {logging_mixin.py:137} INFO - ('39cf0d', 1674556093, 'LFPG', 1674562336, None, 'AFR722  ', 4136, 28, None, None, 2, 0)
[2023-01-31T10:42:39.857+0000] {logging_mixin.py:137} INFO - ('76cee7', 1674556052, 'LFPG', 1674601138, 'WSSS', 'SIA335  ', 2562, 10, 11474, 580, 3, 6)
[2023-01-31T10:42:39.857+0000] {logging_mixin.py:137} INFO - ('3965b1', 1674556017, 'LFPG', 1674577499, None, 'AFR218  ', 4954, 48, None, None, 2, 0)
[2023-01-31T10:42:39.859+0000] {logging_mixin.py:137} INFO - ('44061c', 1674555888, 'LFPG', 1674562041, None, 'EJU87UC ', 4384, 25, None, None, 2, 0)
[2023-01-31T10:42:39.860+0000] {logging_mixin.py:137} INFO - ('4cad41', 1674555825, 'LFPG', 1674561458, 'EKCH', 'SAS64K  ', 1583, 20, 1959, 157, 2, 0)
[2023-01-31T10:42:39.861+0000] {logging_mixin.py:137} INFO - ('392af9', 1674555799, 'LFPG', 1674562240, 'DAAG', 'AFR1854 ', 3791, 43, 20670, 630, 2, 0)
[2023-01-31T10:42:39.862+0000] {logging_mixin.py:137} INFO - ('3c6585', 1674555709, 'LFPG', 1674559339, 'EDDF', 'DLH2J   ', 1109, 89, 1229, 202, 3, 4)
[2023-01-31T10:42:39.863+0000] {logging_mixin.py:137} INFO - ('3949eb', 1674555647, 'LFPG', 1674566369, None, 'AFR934  ', 4626, 2, None, None, 2, 0)
[2023-01-31T10:42:39.864+0000] {logging_mixin.py:137} INFO - ('48ada6', 1674555634, 'LFPG', 1674563177, 'EPWA', 'LOT3NE  ', 1745, 96, 1654, 186, 2, 1)
[2023-01-31T10:42:39.865+0000] {logging_mixin.py:137} INFO - ('394a15', 1674555573, 'LFPG', 1674595228, 'KLAX', 'AFR066  ', 4311, 89, 1742, 45, 2, 8)
[2023-01-31T10:42:39.867+0000] {logging_mixin.py:137} INFO - ('8940a3', 1674555487, 'LFPG', 1674575399, None, 'GFA018  ', 3977, 58, None, None, 2, 0)
[2023-01-31T10:42:39.869+0000] {logging_mixin.py:137} INFO - ('4400b7', 1674555378, 'LFPG', 1674559498, 'LIMC', 'EJU56QR ', 3630, 89, 746, 157, 2, 4)
[2023-01-31T10:42:39.869+0000] {logging_mixin.py:137} INFO - ('3950ca', 1674555312, 'LFPG', 1674559776, 'LIMC', 'AFR15XN ', 3929, 20, 1091, 150, 2, 4)
[2023-01-31T10:42:39.870+0000] {logging_mixin.py:137} INFO - ('396445', 1674555226, 'LFPG', 1674561689, None, 'AFR958  ', 9185, 589, None, None, 3, 0)
[2023-01-31T10:42:39.871+0000] {logging_mixin.py:137} INFO - ('a4f5f0', 1674555086, 'LFPG', 1674591340, 'KSLC', 'DAL221  ', 4136, 2, 5305, 90, 2, 3)
[2023-01-31T10:42:39.871+0000] {logging_mixin.py:137} INFO - ('39cf05', 1674555011, 'LFPG', 1674583979, 'VIDP', 'AFR226  ', 4106, 50, 3695, 23, 2, 1)
[2023-01-31T10:42:39.872+0000] {logging_mixin.py:137} INFO - ('ab40f8', 1674554929, 'LFPG', 1674586749, 'KDTW', 'DAL97   ', 3941, 96, 5194, 146, 2, 8)
[2023-01-31T10:42:39.874+0000] {logging_mixin.py:137} INFO - ('396444', 1674554830, 'LFPG', 1674559776, None, 'AFR498  ', 4658, 5, None, None, 2, 0)
[2023-01-31T10:42:39.881+0000] {logging_mixin.py:137} INFO - ('3986e3', 1674554737, 'LFPG', 1674558269, 'LFML', 'AFR67JP ', 3807, 58, 5994, 137, 2, 5)
[2023-01-31T10:42:39.897+0000] {logging_mixin.py:137} INFO - ('39c420', 1674554737, 'LFPG', 1674592498, 'KDFW', 'AFR694  ', 3192, 86, 3862, 112, 3, 18)
[2023-01-31T10:42:39.905+0000] {logging_mixin.py:137} INFO - ('ab321c', 1674554613, 'LFPG', 1674583359, 'KBOS', 'DAL225  ', 2433, 86, 6612, 306, 2, 3)
[2023-01-31T10:42:39.911+0000] {logging_mixin.py:137} INFO - ('39cf10', 1674554600, 'LFPG', 1674602468, 'SAEZ', 'AFR228  ', 4063, 50, 2862, 124, 2, 5)
[2023-01-31T10:42:39.912+0000] {logging_mixin.py:137} INFO - ('461f30', 1674554482, 'LFPG', 1674564412, 'EFHK', 'FIN5TU  ', 1344, 66, 789, 130, 2, 2)
[2023-01-31T10:42:39.914+0000] {logging_mixin.py:137} INFO - ('394a14', 1674554376, 'LFPG', 1674592989, 'KSFO', 'AFR084  ', 5428, 124, 210, 133, 3, 5)
[2023-01-31T10:42:39.915+0000] {logging_mixin.py:137} INFO - ('394a00', 1674554255, 'LFPG', 1674581861, 'KJFK', 'AFR014  ', 4283, 35, 1696, 19, 2, 1)
[2023-01-31T10:42:39.916+0000] {logging_mixin.py:137} INFO - ('aafbdf', 1674554254, 'LFPG', 1674589035, 'KMIA', 'AAL63   ', 1510, 66, 4644, 119, 2, 5)
[2023-01-31T10:42:39.917+0000] {logging_mixin.py:137} INFO - ('3965a4', 1674554112, 'LFPG', 1674592731, None, 'AFR460  ', 4493, 28, None, None, 2, 0)
[2023-01-31T10:42:39.918+0000] {logging_mixin.py:137} INFO - ('4d2314', 1674553980, 'LFPG', 1674562758, 'LMML', 'AMC479  ', 3663, 28, 59, 38, 2, 0)
[2023-01-31T10:42:39.920+0000] {logging_mixin.py:137} INFO - ('39c427', 1674553778, 'LFPG', 1674564296, None, 'AFR890  ', 4687, 28, None, None, 2, 0)
[2023-01-31T10:42:39.926+0000] {logging_mixin.py:137} INFO - ('406544', 1674553609, 'LFPG', 1674556468, 'EGGW', 'EZY72BH ', 1298, 20, 64, 221, 2, 5)
[2023-01-31T10:42:39.931+0000] {logging_mixin.py:137} INFO - ('3991e3', 1674553428, 'LFPG', 1674561378, 'GMMY', 'AFR98SA ', 3663, 89, 11323, 993, 2, 1)
[2023-01-31T10:42:39.932+0000] {logging_mixin.py:137} INFO - ('a0a54a', 1674553424, 'LFPG', 1674581520, 'KEWR', 'UAL56   ', 2721, 2, 1340, 20, 3, 5)
[2023-01-31T10:42:39.932+0000] {logging_mixin.py:137} INFO - ('39e686', 1674553320, 'LFPG', 1674558869, 'LKPR', 'AFR85NJ ', 3880, 50, 2629, 166, 2, 8)
[2023-01-31T10:42:39.933+0000] {logging_mixin.py:137} INFO - ('4cabd1', 1674553280, 'LFPG', 1674557679, 'EIDW', 'EIN52X  ', 1290, 119, 178, 210, 2, 4)
[2023-01-31T10:42:39.934+0000] {logging_mixin.py:137} INFO - ('4009d8', 1674553204, 'LFPG', 1674556359, 'EGLL', 'BAW307  ', 1420, 50, 2003, 185, 2, 6)
[2023-01-31T10:42:39.935+0000] {logging_mixin.py:137} INFO - ('39c428', 1674553177, 'LFPG', 1674591889, 'FACT', 'AFR864  ', 4679, 73, 532, 76, 2, 3)
[2023-01-31T10:42:39.936+0000] {logging_mixin.py:137} INFO - ('3944e7', 1674553038, 'LFPG', 1674556191, 'EGLL', 'AFR79LX ', 3532, 96, 2707, 154, 2, 8)
[2023-01-31T10:42:39.937+0000] {logging_mixin.py:137} INFO - ('406909', 1674552946, 'LFPG', 1674556523, 'EGCC', 'EZY52WP ', 1512, 20, 367, 223, 2, 1)
[2023-01-31T10:42:39.938+0000] {logging_mixin.py:137} INFO - ('396448', 1674552772, 'LFPG', 1674585849, 'VOMM', 'AFR108  ', 4319, 73, 1889, 7, 2, 1)
[2023-01-31T10:42:39.939+0000] {logging_mixin.py:137} INFO - ('8963e8', 1674552669, 'LFPG', 1674574602, 'OMDB', 'UAE25K  ', 2476, 20, 411, 49, 2, 2)
[2023-01-31T10:42:39.939+0000] {logging_mixin.py:137} INFO - ('3944f5', 1674552561, 'LFPG', 1674562702, 'LGAV', 'AFR46QB ', 4118, 50, 10980, 370, 2, 2)
[2023-01-31T10:42:39.940+0000] {logging_mixin.py:137} INFO - ('3991e0', 1674552475, 'LFPG', 1674555357, 'LSGG', 'AFR22AR ', 3743, 50, 432, 155, 2, 3)
[2023-01-31T10:42:39.940+0000] {logging_mixin.py:137} INFO - ('3991e8', 1674552181, 'LFPG', 1674557029, 'EDDB', 'AFR26KC ', 1440, 12, 4271, 230, 2, 4)
[2023-01-31T10:42:39.941+0000] {logging_mixin.py:137} INFO - ('4c01ec', 1674552014, 'LFPG', 1674559817, 'LYBE', 'ASL69B  ', 3819, 43, 452, 147, 2, 3)
[2023-01-31T10:42:39.946+0000] {logging_mixin.py:137} INFO - ('0701a1', 1674551977, 'LFPG', 1674560758, None, 'SZN404  ', 1730, 2, None, None, 2, 0)
[2023-01-31T10:42:39.947+0000] {logging_mixin.py:137} INFO - ('44cdcf', 1674551868, 'LFPG', 1674553676, 'EBBR', 'BEL7RB  ', 1098, 134, 1077, 223, 3, 3)
[2023-01-31T10:42:39.948+0000] {logging_mixin.py:137} INFO - ('34620b', 1674551806, 'LFPG', 1674558563, 'LEZL', 'VLG5BY  ', 3482, 89, 2059, 56, 2, 2)
[2023-01-31T10:42:39.950+0000] {logging_mixin.py:137} INFO - ('392aee', 1674551762, 'LFPG', 1674559481, 'EPWA', 'AFR23ZQ ', 1252, 96, 1801, 178, 2, 1)
[2023-01-31T10:42:39.951+0000] {logging_mixin.py:137} INFO - ('398567', 1674551742, 'LFPG', 1674556154, 'EGNT', 'AFR52JK ', 3799, 96, 142, 195, 2, 0)
[2023-01-31T10:42:39.951+0000] {logging_mixin.py:137} INFO - ('44022b', 1674551629, 'LFPG', 1674557831, 'LOWW', 'AUA1DG  ', 1507, 28, 3113, 152, 2, 2)
[2023-01-31T10:42:39.952+0000] {logging_mixin.py:137} INFO - ('392aeb', 1674551627, 'LFPG', 1674555255, 'LFML', 'AFR68MW ', 3654, 81, 5897, 137, 2, 5)
[2023-01-31T10:42:39.953+0000] {logging_mixin.py:137} INFO - ('39856e', 1674551567, 'LFPG', 1674556160, 'EIDW', 'AFR29ZW ', 3909, 73, 157, 210, 2, 4)
[2023-01-31T10:42:39.953+0000] {logging_mixin.py:137} INFO - ('39e687', 1674551456, 'LFPG', 1674557399, 'LOWW', 'AFR14AT ', 3599, 50, 3320, 137, 2, 2)
[2023-01-31T10:42:39.954+0000] {logging_mixin.py:137} INFO - ('39e681', 1674551380, 'LFPG', 1674556810, 'LIPZ', 'AFR96MU ', 3388, 89, 3017, 40, 2, 4)
[2023-01-31T10:42:39.955+0000] {logging_mixin.py:137} INFO - ('0a0022', 1674551313, 'LFPG', 1674557519, 'DAAG', 'DAH1231 ', 3952, 17, 22058, 851, 2, 0)
[2023-01-31T10:42:39.956+0000] {logging_mixin.py:137} INFO - ('39856a', 1674551250, 'LFPG', 1674555881, 'EDDH', 'AFR86LP ', 4293, 12, 1367, 199, 2, 3)
[2023-01-31T10:42:39.958+0000] {logging_mixin.py:137} INFO - ('aace5c', 1674551214, 'LFPG', 1674580118, 'KJFK', 'AAL45   ', 1650, 73, 2284, 18, 2, 1)
[2023-01-31T10:42:39.959+0000] {logging_mixin.py:137} INFO - ('3991e6', 1674551119, 'LFPG', 1674560532, 'LROP', 'AFR57QW ', 3417, 81, 1549, 118, 2, 2)
[2023-01-31T10:42:39.960+0000] {logging_mixin.py:137} INFO - ('3944f8', 1674551104, 'LFPG', 1674555682, 'LIQL', 'AFR59MY ', 1313, 96, 15351, 1954, 2, 1)
[2023-01-31T10:42:39.961+0000] {logging_mixin.py:137} INFO - ('394c18', 1674551027, 'LFPG', 1674557860, 'LPPT', 'AFR95XT ', 1671, 89, 2124, 91, 2, 4)
[2023-01-31T10:42:39.962+0000] {logging_mixin.py:137} INFO - ('ab0a9d', 1674550967, 'LFPG', 1674585068, 'KATL', 'DAL83   ', 4006, 89, 3215, 30, 2, 20)
[2023-01-31T10:42:39.963+0000] {logging_mixin.py:137} INFO - ('3986e4', 1674550892, 'LFPG', 1674554518, 'LIMF', 'AFR37HN ', 3815, 73, 2234, 95, 2, 2)
[2023-01-31T10:42:39.965+0000] {logging_mixin.py:137} INFO - ('39856f', 1674550840, 'LFPG', 1674556282, 'LJLJ', 'AFR75FB ', 4004, 81, 2968, 83, 2, 1)
[2023-01-31T10:42:39.966+0000] {logging_mixin.py:137} INFO - ('3946e3', 1674550757, 'LFPG', 1674557367, 'LEMG', 'AFR16HR ', 3962, 28, 24779, 1180, 2, 0)
[2023-01-31T10:42:39.967+0000] {logging_mixin.py:137} INFO - ('502d5e', 1674550734, 'LFPG', 1674554155, 'LSZH', 'SWR63D  ', 1290, 50, 771, 157, 2, 7)
[2023-01-31T10:42:39.968+0000] {logging_mixin.py:137} INFO - ('39e68d', 1674550686, 'LFPG', 1674553263, 'LFLL', 'AFR24SQ ', 3901, 2, 7253, 176, 2, 5)
[2023-01-31T10:42:39.970+0000] {logging_mixin.py:137} INFO - ('392af8', 1674550604, 'LFPG', 1674555465, 'EGPH', 'AFR75EN ', 4005, 43, 1611, 147, 2, 1)
[2023-01-31T10:42:39.970+0000] {logging_mixin.py:137} INFO - ('8964fe', 1674550569, 'LFPG', 1674571386, 'OMAM', 'ETD11K  ', 1710, 104, 19463, 1531, 2, 1)
[2023-01-31T10:42:39.972+0000] {logging_mixin.py:137} INFO - ('39856b', 1674550448, 'LFPG', 1674555027, None, 'AFR34TB ', 4301, 35, None, None, 2, 0)
[2023-01-31T10:42:39.973+0000] {logging_mixin.py:137} INFO - ('502cce', 1674550421, 'LFPG', 1674559672, 'EVRA', 'BTI69R  ', 1556, 12, 2491, 110, 2, 2)
[2023-01-31T10:42:39.974+0000] {logging_mixin.py:137} INFO - ('394c0a', 1674550376, 'LFPG', 1674553677, 'LFBO', 'AFR96WA ', 4246, 43, 897, 152, 2, 4)
[2023-01-31T10:42:39.975+0000] {logging_mixin.py:137} INFO - ('484fde', 1674550246, 'LFPG', 1674553332, 'EHAM', 'KLM12P  ', 1700, 111, 2181, 232, 2, 1)
[2023-01-31T10:42:39.976+0000] {logging_mixin.py:137} INFO - ('3430cc', 1674550246, 'LFPG', 1674556215, 'LEAL', 'VLG3AV  ', 3772, 66, 1518, 81, 2, 1)
[2023-01-31T10:42:39.978+0000] {logging_mixin.py:137} INFO - ('39e689', 1674550176, 'LFPG', 1674554744, 'LEBL', 'AFR73PK ', 3173, 81, 1252, 110, 2, 1)
[2023-01-31T10:42:39.980+0000] {logging_mixin.py:137} INFO - ('3944ea', 1674550171, 'LFPG', 1674556848, 'LHBP', 'AFR78GH ', 1386, 81, 3526, 150, 2, 7)
[2023-01-31T10:42:39.981+0000] {logging_mixin.py:137} INFO - ('39e68a', 1674550114, 'LFPG', 1674556109, 'LIRF', 'AFR41LW ', 3389, 66, 6254, 34, 2, 4)
[2023-01-31T10:42:39.982+0000] {logging_mixin.py:137} INFO - ('392aec', 1674549950, 'LFPG', 1674553468, 'LFML', 'AFR37YJ ', 3462, 66, 5610, 122, 2, 5)
[2023-01-31T10:42:40.011+0000] {logging_mixin.py:137} INFO - ('398565', 1674549889, 'LFPG', 1674552684, 'LSZM', 'AFR25FN ', 4173, 58, 1151, 155, 2, 4)
[2023-01-31T10:42:40.023+0000] {logging_mixin.py:137} INFO - ('39e684', 1674549746, 'LFPG', 1674554976, 'LEMD', 'AFR99AZ ', 3335, 73, 2533, 90, 2, 3)
[2023-01-31T10:42:40.106+0000] {logging_mixin.py:137} INFO - ('392af5', 1674549681, 'LFPG', 1674552735, 'LFBD', 'AFR23UY ', 4001, 12, 1579, 125, 2, 3)
[2023-01-31T10:42:40.109+0000] {logging_mixin.py:137} INFO - ('392ae9', 1674549661, 'LFPG', 1674558233, 'ESSA', 'AFR87XF ', 1384, 73, 3031, 156, 2, 0)
[2023-01-31T10:42:40.111+0000] {logging_mixin.py:137} INFO - ('39e68c', 1674549603, 'LFPG', 1674551848, 'LFFW', 'AFR11GL ', 3209, 111, 22365, 1018, 2, 1)
[2023-01-31T10:42:40.115+0000] {logging_mixin.py:137} INFO - ('4d00d4', 1674549513, 'LFPG', 1674551630, 'ELLX', 'LGL8012 ', 3444, 66, 447, 178, 2, 2)
[2023-01-31T10:42:40.118+0000] {logging_mixin.py:137} INFO - ('3944f3', 1674549452, 'LFPG', 1674552258, 'EGBB', 'AFR48WN ', 3869, 81, 1011, 206, 2, 2)
[2023-01-31T10:42:40.119+0000] {logging_mixin.py:137} INFO - ('3944ed', 1674549323, 'LFPG', 1674555238, None, 'AFR83YY ', 4219, 43, None, None, 2, 0)
[2023-01-31T10:42:40.120+0000] {logging_mixin.py:137} INFO - ('39e4ac', 1674549122, 'LFPG', 1674553334, 'LFMN', 'AFR13TL ', 3858, 43, 3297, 34, 2, 1)
[2023-01-31T10:42:40.121+0000] {logging_mixin.py:137} INFO - ('398561', 1674548985, 'LFPG', 1674552116, 'LFBZ', 'AFR75KA ', 4286, 81, 22598, 1159, 2, 0)
[2023-01-31T10:42:40.122+0000] {logging_mixin.py:137} INFO - ('4ca81c', 1674548882, 'LFPG', 1674553018, 'LIML', 'ITY305  ', 3593, 43, 124, 145, 2, 1)
[2023-01-31T10:42:40.124+0000] {logging_mixin.py:137} INFO - ('484558', 1674548709, 'LFPG', 1674551290, 'EHAM', 'KLM24P  ', 1713, 81, 2272, 225, 2, 1)
[2023-01-31T10:42:40.124+0000] {logging_mixin.py:137} INFO - ('394c03', 1674548706, 'LFPG', 1674554704, 'LIRF', 'AFR75LR ', 3635, 73, 6342, 34, 2, 4)
[2023-01-31T10:42:40.125+0000] {logging_mixin.py:137} INFO - ('3986e8', 1674548629, 'LFPG', 1674552501, 'EDDN', 'AFR78SX ', 3850, 89, 361, 189, 2, 4)
[2023-01-31T10:42:40.127+0000] {logging_mixin.py:137} INFO - ('3c66e7', 1674548405, 'LFPG', 1674552711, 'EDDM', 'DLH78U  ', 1261, 58, 1540, 163, 2, 4)
[2023-01-31T10:42:40.130+0000] {logging_mixin.py:137} INFO - ('3965b2', 1674548013, 'LFPG', 1674575888, 'KJFK', 'AFR022  ', 4625, 2, 1659, 34, 2, 1)
[2023-01-31T10:42:40.132+0000] {logging_mixin.py:137} INFO - ('39644e', 1674547887, 'LFPG', 1674554369, None, 'AFR775  ', 4218, 66, None, None, 2, 0)
[2023-01-31T10:42:40.135+0000] {logging_mixin.py:137} INFO - ('3991e1', 1674547620, 'LFPG', 1674551784, 'EDDM', 'AFR59QN ', 3471, 58, 2723, 156, 2, 4)
[2023-01-31T10:42:40.137+0000] {logging_mixin.py:137} INFO - ('39e691', 1674547521, 'LFPG', 1674550344, 'LSGG', 'AFR13VB ', 3750, 50, 543, 148, 2, 3)
[2023-01-31T10:42:40.140+0000] {logging_mixin.py:137} INFO - ('394c04', 1674547413, 'LFPG', 1674550644, 'LFMT', 'AFR62GV ', 3644, 73, 6384, 909, 2, 1)
[2023-01-31T10:42:40.159+0000] {logging_mixin.py:137} INFO - ('394c13', 1674547350, 'LFPG', 1674551141, 'LIMC', 'AFR24XW ', 3779, 28, 884, 157, 2, 4)
[2023-01-31T10:42:40.162+0000] {logging_mixin.py:137} INFO - ('396449', 1674547215, 'LFPG', 1674561220, 'LLBG', 'AFR962  ', 3743, 43, 4008, 111, 2, 4)
[2023-01-31T10:42:40.185+0000] {logging_mixin.py:137} INFO - ('3944e5', 1674546817, 'LFPG', 1674550249, 'LSZH', 'AFR97YA ', 3581, 66, 1460, 157, 2, 7)
[2023-01-31T10:42:40.195+0000] {logging_mixin.py:137} INFO - ('44cdce', 1674546750, 'LFPG', 1674548799, 'EBBR', 'BEL6XC  ', 1120, 12, 1841, 170, 3, 3)
[2023-01-31T10:42:40.215+0000] {logging_mixin.py:137} INFO - ('06a075', 1674546594, 'LFPG', 1674567779, 'OTHH', 'QTR4K   ', 1346, 81, 1791, 64, 2, 1)
[2023-01-31T10:42:40.218+0000] {logging_mixin.py:137} INFO - ('398572', 1674546570, 'LFPG', 1674550319, 'LFBP', 'AFR39WV ', 3864, 96, 1609, 88, 2, 1)
[2023-01-31T10:42:40.226+0000] {logging_mixin.py:137} INFO - ('3c66a1', 1674546360, 'LFPG', 1674549779, 'EDDF', 'DLH8J   ', 1098, 142, 1289, 202, 3, 4)
[2023-01-31T10:42:40.242+0000] {logging_mixin.py:137} INFO - ('398570', 1674546262, 'LFPG', 1674549203, 'EDDL', 'AFR98XR ', 4189, 66, 367, 212, 2, 4)
[2023-01-31T10:42:40.244+0000] {logging_mixin.py:137} INFO - ('3986e9', 1674546121, 'LFPG', 1674550319, 'EDDV', 'AFR48YX ', 4390, 81, 1189, 192, 2, 2)
[2023-01-31T10:42:40.245+0000] {logging_mixin.py:137} INFO - ('39666f', 1674546015, 'LFPG', 1674552179, 'DAAG', 'FPO441  ', 7318, 627, 22283, 599, 2, 0)
[2023-01-31T10:42:40.247+0000] {logging_mixin.py:137} INFO - ('3986e7', 1674545881, 'LFPG', 1674547554, None, 'AFR48DM ', 4032, 20, None, None, 2, 0)
[2023-01-31T10:42:40.249+0000] {logging_mixin.py:137} INFO - ('3986eb', 1674544637, 'LFPG', 1674547649, 'LSGG', 'AFR45QG ', 4185, 50, 227, 148, 2, 3)
[2023-01-31T10:42:40.253+0000] {logging_mixin.py:137} INFO - ('3944f1', 1674543857, 'LFPG', 1674546850, 'EGLL', 'AFR58AZ ', 1422, 66, 2569, 162, 2, 8)
[2023-01-31T10:42:40.259+0000] {logging_mixin.py:137} INFO - ('3944f2', 1674543849, 'LFPG', 1674548329, 'LIQL', 'AFR68LT ', 3841, 50, 16024, 1938, 2, 1)
[2023-01-31T10:42:40.272+0000] {logging_mixin.py:137} INFO - ('3946ea', 1674543086, 'LFPG', 1674548609, None, 'AFR1084 ', 4148, 50, None, None, 2, 0)
[2023-01-31T10:42:40.279+0000] {logging_mixin.py:137} INFO - ('3986ec', 1674543011, 'LFPG', 1674546235, 'EDDF', 'AFR74LD ', 4035, 81, 1875, 187, 2, 5)
[2023-01-31T10:42:40.299+0000] {logging_mixin.py:137} INFO - ('4baa90', 1674542823, 'LFPG', 1674554296, 'LTFM', 'THY1NA  ', 4021, 20, 6714, 236, 2, 2)
[2023-01-31T10:42:40.308+0000] {logging_mixin.py:137} INFO - ('4b028a', 1674542735, 'LFPG', 1674545872, 'LSZH', 'SWR511P ', 1496, 17, 590, 149, 2, 7)
[2023-01-31T10:42:40.312+0000] {logging_mixin.py:137} INFO - ('4cad4b', 1674542679, 'LFPG', 1674547197, 'EDDP', 'ABR467  ', 3472, 12, 2389, 217, 2, 6)
[2023-01-31T10:42:40.315+0000] {logging_mixin.py:137} INFO - ('394c19', 1674542594, 'LFPG', 1674545636, 'LFBD', 'AFR94VV ', 3651, 50, 1561, 125, 2, 3)
[2023-01-31T10:42:40.318+0000] {logging_mixin.py:137} INFO - ('3a2e24', 1674542524, 'LFPG', 1674544770, 'EDFH', 'REU9001 ', 1185, 73, 10615, 327, 3, 7)
[2023-01-31T10:42:40.320+0000] {logging_mixin.py:137} INFO - ('398569', 1674542482, 'LFPG', 1674547587, 'EDDB', 'AFR64JK ', 4052, 35, 4082, 223, 2, 4)
[2023-01-31T10:42:40.321+0000] {logging_mixin.py:137} INFO - ('344498', 1674542363, 'LFPG', 1674548035, 'LEMD', 'IBS3743 ', 3652, 43, 2770, 67, 2, 3)
[2023-01-31T10:42:40.322+0000] {logging_mixin.py:137} INFO - ('39e682', 1674542219, 'LFPG', 1674546239, 'LIML', 'AFR68MQ ', 3457, 12, 315, 138, 2, 1)
[2023-01-31T10:42:40.323+0000] {logging_mixin.py:137} INFO - ('4400b7', 1674542105, 'LFPG', 1674544409, 'EGKK', 'EJU75YV ', 1390, 40, 5680, 52, 2, 2)
[2023-01-31T10:42:40.326+0000] {logging_mixin.py:137} INFO - ('461e15', 1674542013, 'LFPG', 1674552244, 'EFHK', 'FIN8CX  ', 1657, 10, 721, 130, 2, 2)
[2023-01-31T10:42:40.390+0000] {logging_mixin.py:137} INFO - ('39e68b', 1674541970, 'LFPG', 1674546449, 'LIPE', 'AFR88KF ', 3516, 2, 3449, 8, 2, 0)
[2023-01-31T10:42:40.415+0000] {logging_mixin.py:137} INFO - ('394c12', 1674541811, 'LFPG', 1674546018, 'LFMN', 'AFR38TE ', 3902, 43, 250, 102, 2, 1)
[2023-01-31T10:42:40.427+0000] {logging_mixin.py:137} INFO - ('394c07', 1674541700, 'LFPG', 1674544484, 'EHAM', 'AFR16JC ', 3691, 43, 2314, 217, 2, 1)
[2023-01-31T10:42:40.431+0000] {logging_mixin.py:137} INFO - ('39e688', 1674541529, 'LFPG', 1674547499, 'EKCH', 'AFR26AY ', 1897, 180, 1652, 180, 3, 0)
[2023-01-31T10:42:40.437+0000] {logging_mixin.py:137} INFO - ('392aef', 1674541436, 'LFPG', 1674544829, 'LFBO', 'AFR75GA ', 3675, 2, 765, 129, 2, 4)
[2023-01-31T10:42:40.441+0000] {logging_mixin.py:137} INFO - ('4008f2', 1674541355, 'LFPG', 1674544484, 'EGLL', 'BAW303  ', 3684, 5, 1945, 185, 2, 6)
[2023-01-31T10:42:40.445+0000] {logging_mixin.py:137} INFO - ('392af0', 1674541236, 'LFPG', 1674544559, 'LFRB', 'AFR39MG ', 3334, 12, 2887, 106, 2, 2)
[2023-01-31T10:42:40.447+0000] {logging_mixin.py:137} INFO - ('3991e9', 1674541143, 'LFPG', 1674549938, 'GMMN', 'AFR12BH ', 4049, 43, 1456, 70, 2, 1)
[2023-01-31T10:42:40.455+0000] {logging_mixin.py:137} INFO - ('392ae8', 1674540970, 'LFPG', 1674545351, 'LEBL', 'AFR47KA ', 3769, 35, 1624, 110, 2, 1)
[2023-01-31T10:42:40.459+0000] {logging_mixin.py:137} INFO - ('44001b', 1674540665, 'LFPG', 1674546964, 'LOWW', 'AUA42D  ', 1235, 28, 3727, 114, 2, 2)
[2023-01-31T10:42:40.460+0000] {logging_mixin.py:137} INFO - ('48ada1', 1674540598, 'LFPG', 1674548366, 'EPWA', 'LOT334  ', 1567, 58, 1607, 194, 2, 1)
[2023-01-31T10:42:40.461+0000] {logging_mixin.py:137} INFO - ('3944f9', 1674539899, 'LFPG', 1674545215, 'LEMD', 'AFR93YD ', 3757, 20, 2366, 98, 2, 3)
[2023-01-31T10:42:40.462+0000] {logging_mixin.py:137} INFO - ('4401d1', 1674539283, 'LFPG', 1674543347, 'LIMC', 'EJU14KG ', 3404, 25, 1475, 157, 2, 4)
[2023-01-31T10:42:40.463+0000] {logging_mixin.py:137} INFO - ('a02cb5', 1674538528, 'LFPG', 1674541169, 'EGSS', 'FDX5202 ', 1192, 142, 1880, 167, 3, 6)
[2023-01-31T10:42:40.475+0000] {logging_mixin.py:137} INFO - ('3c70b0', 1674538380, 'LFPG', 1674547049, 'GMMN', 'BCS938  ', 2818, 66, 1148, 55, 2, 1)
[2023-01-31T10:42:40.482+0000] {logging_mixin.py:137} INFO - ('a42466', 1674537982, 'LFPG', 1674540747, 'EGSS', 'UPS218  ', 2688, 73, 1941, 159, 2, 6)
[2023-01-31T10:42:40.492+0000] {logging_mixin.py:137} INFO - ('4409ad', 1674534374, 'LFPG', 1674541137, 'LPPT', 'TAY4437 ', 828, 66, 1457, 106, 3, 4)
[2023-01-31T10:42:40.494+0000] {logging_mixin.py:137} INFO - ('440ced', 1674534169, 'LFPG', 1674544490, 'LGAV', 'TAY4093 ', 1858, 172, 10856, 431, 3, 2)
[2023-01-31T10:42:40.496+0000] {logging_mixin.py:137} INFO - ('45ce56', 1674534151, 'LFPG', 1674537185, 'LFBD', 'SRR6316 ', 2618, 43, 1670, 110, 2, 3)
[2023-01-31T10:42:40.513+0000] {logging_mixin.py:137} INFO - ('4407e8', 1674533985, 'LFPG', 1674537020, 'EDDS', 'TAY4080 ', 1400, 134, 742, 160, 3, 5)
[2023-01-31T10:42:40.521+0000] {logging_mixin.py:137} INFO - ('4cabc7', 1674533861, 'LFPG', 1674537734, 'LSGG', 'ABR5GV  ', 1187, 5, 952, 132, 3, 3)
[2023-01-31T10:42:40.527+0000] {logging_mixin.py:137} INFO - ('440118', 1674533705, 'LFPG', 1674537055, 'LFBO', 'TAY4231 ', 1956, 172, 424, 129, 3, 4)
[2023-01-31T10:42:40.530+0000] {logging_mixin.py:137} INFO - ('acb4e4', 1674533519, 'LFPG', 1674540207, 'LPPR', 'FDX6246 ', 1951, 172, 2543, 39, 3, 2)
[2023-01-31T10:42:40.531+0000] {logging_mixin.py:137} INFO - ('440b30', 1674533269, 'LFPG', 1674540938, 'ENGM', 'TAY4482 ', 1869, 172, 2578, 116, 3, 1)
[2023-01-31T10:42:40.532+0000] {logging_mixin.py:137} INFO - ('4caf9a', 1674533124, 'LFPG', 1674535898, 'LFLL', 'TAY4059 ', 3604, 81, 7332, 199, 2, 5)
[2023-01-31T10:42:40.533+0000] {logging_mixin.py:137} INFO - ('acad76', 1674533052, 'LFPG', 1674536967, 'EDDM', 'FDX6230 ', 1213, 119, 2280, 148, 3, 4)
[2023-01-31T10:42:40.534+0000] {logging_mixin.py:137} INFO - ('ab8f36', 1674532974, 'LFPG', 1674598538, None, 'FDX5342 ', 3946, 119, None, None, 2, 0)
[2023-01-31T10:42:40.538+0000] {logging_mixin.py:137} INFO - ('4cc514', 1674532968, 'LFPG', 1674536522, None, 'TAY4472 ', 1264, 119, None, None, 3, 0)
[2023-01-31T10:42:40.542+0000] {logging_mixin.py:137} INFO - ('ad7a5f', 1674532729, 'LFPG', 1674539229, 'LHBP', 'FDX6268 ', 2759, 180, 1935, 166, 2, 7)
[2023-01-31T10:42:40.549+0000] {logging_mixin.py:137} INFO - ('440575', 1674532719, 'LFPG', 1674536621, 'LFML', 'TAY4603 ', 1205, 81, 4817, 206, 3, 3)
[2023-01-31T10:42:40.556+0000] {logging_mixin.py:137} INFO - ('4cabc6', 1674532618, 'LFPG', 1674539752, 'EINN', 'ABR6SN  ', 2977, 20, 9744, 267, 2, 1)
[2023-01-31T10:42:40.559+0000] {logging_mixin.py:137} INFO - ('440193', 1674532486, 'LFPG', 1674541776, 'LROP', 'TAY4650 ', 3495, 58, 1806, 118, 2, 2)
[2023-01-31T10:42:40.560+0000] {logging_mixin.py:137} INFO - ('39a204', 1674532405, 'LFPG', 1674539086, 'ESGG', 'FPO4408 ', 3480, 35, 3614, 62, 2, 1)
[2023-01-31T10:42:40.560+0000] {logging_mixin.py:137} INFO - ('440b61', 1674532288, 'LFPG', 1674536068, 'EDDN', 'TAY4038 ', 3320, 73, 394, 181, 2, 4)
[2023-01-31T10:42:40.561+0000] {logging_mixin.py:137} INFO - ('ac3fc5', 1674532152, 'LFPG', 1674553611, 'OMDB', 'FDX5040 ', 3679, 89, 2026, 34, 2, 2)
[2023-01-31T10:42:40.562+0000] {logging_mixin.py:137} INFO - ('440b5f', 1674532065, 'LFPG', 1674536739, 'LKPR', 'TAY4006 ', 3408, 66, 2523, 166, 2, 8)
[2023-01-31T10:42:40.562+0000] {logging_mixin.py:137} INFO - ('4408f0', 1674531971, 'LFPG', 1674535130, 'EDDF', 'TAY4694 ', 3481, 43, 2774, 194, 2, 5)
[2023-01-31T10:42:40.563+0000] {logging_mixin.py:137} INFO - ('acb12d', 1674531823, 'LFPG', 1674534357, 'LSZM', 'FDX6257 ', 3177, 96, 1614, 140, 2, 4)
[2023-01-31T10:42:40.563+0000] {logging_mixin.py:137} INFO - ('acbeab', 1674531732, 'LFPG', 1674536476, 'EDDB', 'FDX6219 ', 2995, 50, 1962, 215, 2, 4)
[2023-01-31T10:42:40.564+0000] {logging_mixin.py:137} INFO - ('ad8b94', 1674531656, 'LFPG', 1674536019, 'LEBL', 'FDX6272 ', 3220, 28, 845, 87, 2, 1)
[2023-01-31T10:42:40.565+0000] {logging_mixin.py:137} INFO - ('ac10d8', 1674531581, 'LFPG', 1674562315, 'VIDP', 'FDX5384 ', 3895, 89, 1867, 0, 2, 1)
[2023-01-31T10:42:40.565+0000] {logging_mixin.py:137} INFO - ('440b2f', 1674531484, 'LFPG', 1674538490, 'EPWA', 'TAY4047 ', 3552, 50, 1762, 171, 2, 1)
[2023-01-31T10:42:40.566+0000] {logging_mixin.py:137} INFO - ('39a205', 1674531152, 'LFPG', 1674535586, 'EIDW', 'FPO4294 ', 3337, 149, 1640, 172, 2, 4)
[2023-01-31T10:42:40.579+0000] {logging_mixin.py:137} INFO - ('4ca7fa', 1674531072, 'LFPG', 1674536199, 'EGPH', 'TAY4617 ', 3562, 20, 1609, 147, 2, 1)
[2023-01-31T10:42:40.593+0000] {logging_mixin.py:137} INFO - ('ac972c', 1674530920, 'LFPG', 1674533478, 'EHAM', 'FDX6235 ', 3019, 89, 1835, 210, 2, 1)
[2023-01-31T10:42:40.598+0000] {logging_mixin.py:137} INFO - ('440196', 1674530843, 'LFPG', 1674537431, 'EPKT', 'TAY4463 ', 3285, 66, 2505, 105, 2, 1)
[2023-01-31T10:42:40.600+0000] {logging_mixin.py:137} INFO - ('acc619', 1674530716, 'LFPG', 1674535726, 'LEMD', 'FDX6207 ', 3654, 12, 2129, 106, 2, 3)
[2023-01-31T10:42:40.601+0000] {logging_mixin.py:137} INFO - ('acd8ac', 1674530615, 'LFPG', 1674536159, 'LOWW', 'FDX6213 ', 3309, 58, 849, 121, 2, 2)
[2023-01-31T10:42:40.607+0000] {logging_mixin.py:137} INFO - ('39a203', 1674530533, 'LFPG', 1674535145, 'LIPZ', 'FPO4211 ', 3178, 111, 1560, 108, 2, 4)
[2023-01-31T10:42:40.610+0000] {logging_mixin.py:137} INFO - ('a037da', 1674530394, 'LFPG', 1674534185, 'LIMC', 'FDX5168 ', 3482, 50, 748, 135, 2, 4)
[2023-01-31T10:42:40.612+0000] {logging_mixin.py:137} INFO - ('396669', 1674530374, 'LFPG', 1674535101, 'LIPE', 'FPO4026 ', 9505, 1374, 3389, 31, 3, 0)
[2023-01-31T10:42:40.618+0000] {logging_mixin.py:137} INFO - ('440af5', 1674530123, 'LFPG', 1674540237, 'EFHK', 'TAY4416 ', 3507, 20, 875, 123, 2, 2)
[2023-01-31T10:42:40.621+0000] {logging_mixin.py:137} INFO - ('a026a5', 1674529942, 'LFPG', 1674532976, 'EGNX', 'FDX5219 ', 3024, 81, 1082, 215, 2, 3)
[2023-01-31T10:42:40.623+0000] {logging_mixin.py:137} INFO - ('a05ba2', 1674529870, 'LFPG', 1674559164, 'KEWR', 'FDX5047 ', 3797, 134, 1244, 35, 2, 5)
[2023-01-31T10:42:40.624+0000] {logging_mixin.py:137} INFO - ('ac7ad2', 1674529599, 'LFPG', 1674533293, 'EDDV', 'FDX6202 ', 3323, 5, 2693, 177, 2, 2)
[2023-01-31T10:42:40.626+0000] {logging_mixin.py:137} INFO - ('ac7364', 1674529526, 'LFPG', 1674540712, 'LTFM', 'FDX6238 ', 3278, 81, 5908, 182, 2, 2)
[2023-01-31T10:42:40.627+0000] {logging_mixin.py:137} INFO - ('440af4', 1674529433, 'LFPG', 1674537997, 'ESSA', 'TAY4068 ', 3636, 28, 2871, 156, 2, 0)
[2023-01-31T10:42:40.630+0000] {logging_mixin.py:137} INFO - ('39a202', 1674529056, 'LFPG', 1674535089, 'EKCH', 'TAY4215 ', 3486, 89, 1641, 172, 2, 0)
[2023-01-31T10:42:40.633+0000] {logging_mixin.py:137} INFO - ('440b91', 1674528945, 'LFPG', 1674531718, 'EDDK', 'TAY4815 ', 3440, 50, 900, 206, 2, 2)
[2023-01-31T10:42:40.635+0000] {logging_mixin.py:137} INFO - ('ac498c', 1674528513, 'LFPG', 1674559101, 'KIND', 'FDX95   ', 4400, 35, 6002, 199, 2, 26)
[2023-01-31T10:42:40.636+0000] {logging_mixin.py:137} INFO - ('4520c4', 1674525625, 'LFPG', 1674529642, 'LIMC', 'BCS7332 ', 2983, 89, 748, 135, 2, 4)
[2023-01-31T10:42:40.638+0000] {logging_mixin.py:137} INFO - ('34648d', 1674521510, 'LFPG', 1674524849, 'LFBO', 'SWN5629 ', 3141, 43, 1920, 75, 2, 4)
[2023-01-31T10:42:40.640+0000] {logging_mixin.py:137} INFO - ('396668', 1674521405, 'LFPG', 1674525027, 'LFML', 'FPO701  ', 3355, 50, 6325, 160, 2, 5)
[2023-01-31T10:42:40.642+0000] {logging_mixin.py:137} INFO - ('347303', 1674521023, 'LFPG', 1674524616, 'LFNG', 'SWN5745 ', 3375, 5, 12481, 661, 2, 1)
[2023-01-31T10:42:40.658+0000] {logging_mixin.py:137} INFO - ('3922ed', 1674519689, 'LFPG', 1674523584, 'LFML', 'FPO725  ', 3532, 50, 4344, 236, 2, 4)
[2023-01-31T10:42:40.663+0000] {python.py:177} INFO - Done. Returned value was: None
[2023-01-31T10:42:40.744+0000] {taskinstance.py:1323} INFO - Marking task as SUCCESS. dag_id=assignment_hard, task_id=write_to_db, execution_date=20230131T104229, start_date=20230131T104238, end_date=20230131T104240
[2023-01-31T10:42:40.909+0000] {local_task_job.py:208} INFO - Task exited with return code 0
[2023-01-31T10:42:40.992+0000] {taskinstance.py:2578} INFO - 0 downstream tasks scheduled from follow-on schedule check
