[2023-01-31T10:15:20.900+0000] {processor.py:153} INFO - Started process (PID=50) to work on /opt/airflow/dags/assignment_hard.py
[2023-01-31T10:15:20.945+0000] {processor.py:743} INFO - Processing file /opt/airflow/dags/assignment_hard.py for tasks to queue
[2023-01-31T10:15:20.950+0000] {logging_mixin.py:137} INFO - [2023-01-31T10:15:20.948+0000] {dagbag.py:538} INFO - Filling up the DagBag from /opt/airflow/dags/assignment_hard.py
[2023-01-31T10:15:21.477+0000] {processor.py:753} INFO - DAG(s) dict_keys(['assignment_hard']) retrieved from /opt/airflow/dags/assignment_hard.py
[2023-01-31T10:15:23.643+0000] {logging_mixin.py:137} INFO - [2023-01-31T10:15:23.642+0000] {manager.py:504} INFO - Created Permission View: can edit on DAG:assignment_hard
[2023-01-31T10:15:23.733+0000] {logging_mixin.py:137} INFO - [2023-01-31T10:15:23.733+0000] {manager.py:504} INFO - Created Permission View: can delete on DAG:assignment_hard
[2023-01-31T10:15:23.750+0000] {logging_mixin.py:137} INFO - [2023-01-31T10:15:23.750+0000] {manager.py:504} INFO - Created Permission View: can read on DAG:assignment_hard
[2023-01-31T10:15:23.774+0000] {logging_mixin.py:137} INFO - [2023-01-31T10:15:23.771+0000] {dag.py:2690} INFO - Sync 1 DAGs
[2023-01-31T10:15:23.838+0000] {logging_mixin.py:137} INFO - [2023-01-31T10:15:23.837+0000] {dag.py:2711} INFO - Creating ORM DAG for assignment_hard
[2023-01-31T10:15:23.935+0000] {logging_mixin.py:137} INFO - [2023-01-31T10:15:23.934+0000] {dag.py:3441} INFO - Setting next_dagrun for assignment_hard to None, run_after=None
[2023-01-31T10:15:24.047+0000] {processor.py:175} INFO - Processing /opt/airflow/dags/assignment_hard.py took 3.152 seconds
[2023-01-31T10:15:54.460+0000] {processor.py:153} INFO - Started process (PID=133) to work on /opt/airflow/dags/assignment_hard.py
[2023-01-31T10:15:54.463+0000] {processor.py:743} INFO - Processing file /opt/airflow/dags/assignment_hard.py for tasks to queue
[2023-01-31T10:15:54.466+0000] {logging_mixin.py:137} INFO - [2023-01-31T10:15:54.465+0000] {dagbag.py:538} INFO - Filling up the DagBag from /opt/airflow/dags/assignment_hard.py
[2023-01-31T10:15:54.571+0000] {processor.py:753} INFO - DAG(s) dict_keys(['assignment_hard']) retrieved from /opt/airflow/dags/assignment_hard.py
[2023-01-31T10:15:54.679+0000] {logging_mixin.py:137} INFO - [2023-01-31T10:15:54.678+0000] {dag.py:2690} INFO - Sync 1 DAGs
[2023-01-31T10:15:54.761+0000] {logging_mixin.py:137} INFO - [2023-01-31T10:15:54.761+0000] {dag.py:3441} INFO - Setting next_dagrun for assignment_hard to None, run_after=None
[2023-01-31T10:15:54.881+0000] {processor.py:175} INFO - Processing /opt/airflow/dags/assignment_hard.py took 0.446 seconds
[2023-01-31T10:16:25.429+0000] {processor.py:153} INFO - Started process (PID=219) to work on /opt/airflow/dags/assignment_hard.py
[2023-01-31T10:16:25.433+0000] {processor.py:743} INFO - Processing file /opt/airflow/dags/assignment_hard.py for tasks to queue
[2023-01-31T10:16:25.436+0000] {logging_mixin.py:137} INFO - [2023-01-31T10:16:25.435+0000] {dagbag.py:538} INFO - Filling up the DagBag from /opt/airflow/dags/assignment_hard.py
[2023-01-31T10:16:25.541+0000] {processor.py:753} INFO - DAG(s) dict_keys(['assignment_hard']) retrieved from /opt/airflow/dags/assignment_hard.py
[2023-01-31T10:16:25.622+0000] {logging_mixin.py:137} INFO - [2023-01-31T10:16:25.621+0000] {dag.py:2690} INFO - Sync 1 DAGs
[2023-01-31T10:16:25.669+0000] {logging_mixin.py:137} INFO - [2023-01-31T10:16:25.669+0000] {dag.py:3441} INFO - Setting next_dagrun for assignment_hard to None, run_after=None
[2023-01-31T10:16:25.707+0000] {processor.py:175} INFO - Processing /opt/airflow/dags/assignment_hard.py took 0.302 seconds
[2023-01-31T10:16:56.554+0000] {processor.py:153} INFO - Started process (PID=298) to work on /opt/airflow/dags/assignment_hard.py
[2023-01-31T10:16:56.557+0000] {processor.py:743} INFO - Processing file /opt/airflow/dags/assignment_hard.py for tasks to queue
[2023-01-31T10:16:56.560+0000] {logging_mixin.py:137} INFO - [2023-01-31T10:16:56.560+0000] {dagbag.py:538} INFO - Filling up the DagBag from /opt/airflow/dags/assignment_hard.py
[2023-01-31T10:16:56.680+0000] {processor.py:753} INFO - DAG(s) dict_keys(['assignment_hard']) retrieved from /opt/airflow/dags/assignment_hard.py
[2023-01-31T10:16:56.734+0000] {logging_mixin.py:137} INFO - [2023-01-31T10:16:56.734+0000] {dag.py:2690} INFO - Sync 1 DAGs
[2023-01-31T10:16:56.773+0000] {logging_mixin.py:137} INFO - [2023-01-31T10:16:56.773+0000] {dag.py:3441} INFO - Setting next_dagrun for assignment_hard to None, run_after=None
[2023-01-31T10:16:56.794+0000] {processor.py:175} INFO - Processing /opt/airflow/dags/assignment_hard.py took 0.252 seconds
[2023-01-31T10:17:27.192+0000] {processor.py:153} INFO - Started process (PID=377) to work on /opt/airflow/dags/assignment_hard.py
[2023-01-31T10:17:27.196+0000] {processor.py:743} INFO - Processing file /opt/airflow/dags/assignment_hard.py for tasks to queue
[2023-01-31T10:17:27.200+0000] {logging_mixin.py:137} INFO - [2023-01-31T10:17:27.199+0000] {dagbag.py:538} INFO - Filling up the DagBag from /opt/airflow/dags/assignment_hard.py
[2023-01-31T10:17:27.300+0000] {processor.py:753} INFO - DAG(s) dict_keys(['assignment_hard']) retrieved from /opt/airflow/dags/assignment_hard.py
[2023-01-31T10:17:27.376+0000] {logging_mixin.py:137} INFO - [2023-01-31T10:17:27.375+0000] {dag.py:2690} INFO - Sync 1 DAGs
[2023-01-31T10:17:27.434+0000] {logging_mixin.py:137} INFO - [2023-01-31T10:17:27.434+0000] {dag.py:3441} INFO - Setting next_dagrun for assignment_hard to None, run_after=None
[2023-01-31T10:17:27.459+0000] {processor.py:175} INFO - Processing /opt/airflow/dags/assignment_hard.py took 0.278 seconds
[2023-01-31T10:17:57.919+0000] {processor.py:153} INFO - Started process (PID=455) to work on /opt/airflow/dags/assignment_hard.py
[2023-01-31T10:17:57.951+0000] {processor.py:743} INFO - Processing file /opt/airflow/dags/assignment_hard.py for tasks to queue
[2023-01-31T10:17:57.960+0000] {logging_mixin.py:137} INFO - [2023-01-31T10:17:57.959+0000] {dagbag.py:538} INFO - Filling up the DagBag from /opt/airflow/dags/assignment_hard.py
[2023-01-31T10:17:58.109+0000] {processor.py:753} INFO - DAG(s) dict_keys(['assignment_hard']) retrieved from /opt/airflow/dags/assignment_hard.py
[2023-01-31T10:17:58.216+0000] {logging_mixin.py:137} INFO - [2023-01-31T10:17:58.215+0000] {dag.py:2690} INFO - Sync 1 DAGs
[2023-01-31T10:17:58.264+0000] {logging_mixin.py:137} INFO - [2023-01-31T10:17:58.264+0000] {dag.py:3441} INFO - Setting next_dagrun for assignment_hard to None, run_after=None
[2023-01-31T10:17:58.313+0000] {processor.py:175} INFO - Processing /opt/airflow/dags/assignment_hard.py took 0.411 seconds
[2023-01-31T10:18:28.652+0000] {processor.py:153} INFO - Started process (PID=534) to work on /opt/airflow/dags/assignment_hard.py
[2023-01-31T10:18:28.656+0000] {processor.py:743} INFO - Processing file /opt/airflow/dags/assignment_hard.py for tasks to queue
[2023-01-31T10:18:28.662+0000] {logging_mixin.py:137} INFO - [2023-01-31T10:18:28.662+0000] {dagbag.py:538} INFO - Filling up the DagBag from /opt/airflow/dags/assignment_hard.py
[2023-01-31T10:18:28.714+0000] {processor.py:753} INFO - DAG(s) dict_keys(['assignment_hard']) retrieved from /opt/airflow/dags/assignment_hard.py
[2023-01-31T10:18:28.777+0000] {logging_mixin.py:137} INFO - [2023-01-31T10:18:28.777+0000] {dag.py:2690} INFO - Sync 1 DAGs
[2023-01-31T10:18:28.801+0000] {logging_mixin.py:137} INFO - [2023-01-31T10:18:28.801+0000] {dag.py:3441} INFO - Setting next_dagrun for assignment_hard to None, run_after=None
[2023-01-31T10:18:28.820+0000] {processor.py:175} INFO - Processing /opt/airflow/dags/assignment_hard.py took 0.184 seconds
[2023-01-31T10:18:59.372+0000] {processor.py:153} INFO - Started process (PID=613) to work on /opt/airflow/dags/assignment_hard.py
[2023-01-31T10:18:59.393+0000] {processor.py:743} INFO - Processing file /opt/airflow/dags/assignment_hard.py for tasks to queue
[2023-01-31T10:18:59.399+0000] {logging_mixin.py:137} INFO - [2023-01-31T10:18:59.399+0000] {dagbag.py:538} INFO - Filling up the DagBag from /opt/airflow/dags/assignment_hard.py
[2023-01-31T10:18:59.748+0000] {processor.py:753} INFO - DAG(s) dict_keys(['assignment_hard']) retrieved from /opt/airflow/dags/assignment_hard.py
[2023-01-31T10:18:59.896+0000] {logging_mixin.py:137} INFO - [2023-01-31T10:18:59.894+0000] {dag.py:2690} INFO - Sync 1 DAGs
[2023-01-31T10:18:59.985+0000] {logging_mixin.py:137} INFO - [2023-01-31T10:18:59.985+0000] {dag.py:3441} INFO - Setting next_dagrun for assignment_hard to None, run_after=None
[2023-01-31T10:19:00.052+0000] {processor.py:175} INFO - Processing /opt/airflow/dags/assignment_hard.py took 0.702 seconds
[2023-01-31T10:19:31.027+0000] {processor.py:153} INFO - Started process (PID=703) to work on /opt/airflow/dags/assignment_hard.py
[2023-01-31T10:19:31.032+0000] {processor.py:743} INFO - Processing file /opt/airflow/dags/assignment_hard.py for tasks to queue
[2023-01-31T10:19:31.035+0000] {logging_mixin.py:137} INFO - [2023-01-31T10:19:31.035+0000] {dagbag.py:538} INFO - Filling up the DagBag from /opt/airflow/dags/assignment_hard.py
[2023-01-31T10:19:31.155+0000] {processor.py:753} INFO - DAG(s) dict_keys(['assignment_hard']) retrieved from /opt/airflow/dags/assignment_hard.py
[2023-01-31T10:19:31.203+0000] {logging_mixin.py:137} INFO - [2023-01-31T10:19:31.203+0000] {dag.py:2690} INFO - Sync 1 DAGs
[2023-01-31T10:19:31.248+0000] {logging_mixin.py:137} INFO - [2023-01-31T10:19:31.248+0000] {dag.py:3441} INFO - Setting next_dagrun for assignment_hard to None, run_after=None
[2023-01-31T10:19:31.271+0000] {processor.py:175} INFO - Processing /opt/airflow/dags/assignment_hard.py took 0.258 seconds
[2023-01-31T10:20:02.230+0000] {processor.py:153} INFO - Started process (PID=790) to work on /opt/airflow/dags/assignment_hard.py
[2023-01-31T10:20:02.242+0000] {processor.py:743} INFO - Processing file /opt/airflow/dags/assignment_hard.py for tasks to queue
[2023-01-31T10:20:02.246+0000] {logging_mixin.py:137} INFO - [2023-01-31T10:20:02.245+0000] {dagbag.py:538} INFO - Filling up the DagBag from /opt/airflow/dags/assignment_hard.py
[2023-01-31T10:20:02.339+0000] {processor.py:753} INFO - DAG(s) dict_keys(['assignment_hard']) retrieved from /opt/airflow/dags/assignment_hard.py
[2023-01-31T10:20:02.440+0000] {logging_mixin.py:137} INFO - [2023-01-31T10:20:02.435+0000] {dag.py:2690} INFO - Sync 1 DAGs
[2023-01-31T10:20:02.554+0000] {logging_mixin.py:137} INFO - [2023-01-31T10:20:02.554+0000] {dag.py:3441} INFO - Setting next_dagrun for assignment_hard to None, run_after=None
[2023-01-31T10:20:02.649+0000] {processor.py:175} INFO - Processing /opt/airflow/dags/assignment_hard.py took 0.454 seconds
[2023-01-31T10:20:32.880+0000] {processor.py:153} INFO - Started process (PID=873) to work on /opt/airflow/dags/assignment_hard.py
[2023-01-31T10:20:32.911+0000] {processor.py:743} INFO - Processing file /opt/airflow/dags/assignment_hard.py for tasks to queue
[2023-01-31T10:20:32.919+0000] {logging_mixin.py:137} INFO - [2023-01-31T10:20:32.919+0000] {dagbag.py:538} INFO - Filling up the DagBag from /opt/airflow/dags/assignment_hard.py
[2023-01-31T10:20:33.051+0000] {processor.py:753} INFO - DAG(s) dict_keys(['assignment_hard']) retrieved from /opt/airflow/dags/assignment_hard.py
[2023-01-31T10:20:33.120+0000] {logging_mixin.py:137} INFO - [2023-01-31T10:20:33.120+0000] {dag.py:2690} INFO - Sync 1 DAGs
[2023-01-31T10:20:33.162+0000] {logging_mixin.py:137} INFO - [2023-01-31T10:20:33.162+0000] {dag.py:3441} INFO - Setting next_dagrun for assignment_hard to None, run_after=None
[2023-01-31T10:20:33.251+0000] {processor.py:175} INFO - Processing /opt/airflow/dags/assignment_hard.py took 0.397 seconds
[2023-01-31T10:21:03.447+0000] {processor.py:153} INFO - Started process (PID=952) to work on /opt/airflow/dags/assignment_hard.py
[2023-01-31T10:21:03.451+0000] {processor.py:743} INFO - Processing file /opt/airflow/dags/assignment_hard.py for tasks to queue
[2023-01-31T10:21:03.454+0000] {logging_mixin.py:137} INFO - [2023-01-31T10:21:03.454+0000] {dagbag.py:538} INFO - Filling up the DagBag from /opt/airflow/dags/assignment_hard.py
[2023-01-31T10:21:03.540+0000] {processor.py:753} INFO - DAG(s) dict_keys(['assignment_hard']) retrieved from /opt/airflow/dags/assignment_hard.py
[2023-01-31T10:21:03.603+0000] {logging_mixin.py:137} INFO - [2023-01-31T10:21:03.603+0000] {dag.py:2690} INFO - Sync 1 DAGs
[2023-01-31T10:21:03.649+0000] {logging_mixin.py:137} INFO - [2023-01-31T10:21:03.649+0000] {dag.py:3441} INFO - Setting next_dagrun for assignment_hard to None, run_after=None
[2023-01-31T10:21:03.670+0000] {processor.py:175} INFO - Processing /opt/airflow/dags/assignment_hard.py took 0.236 seconds
[2023-01-31T10:21:34.539+0000] {processor.py:153} INFO - Started process (PID=1032) to work on /opt/airflow/dags/assignment_hard.py
[2023-01-31T10:21:34.542+0000] {processor.py:743} INFO - Processing file /opt/airflow/dags/assignment_hard.py for tasks to queue
[2023-01-31T10:21:34.544+0000] {logging_mixin.py:137} INFO - [2023-01-31T10:21:34.544+0000] {dagbag.py:538} INFO - Filling up the DagBag from /opt/airflow/dags/assignment_hard.py
[2023-01-31T10:21:34.653+0000] {processor.py:753} INFO - DAG(s) dict_keys(['assignment_hard']) retrieved from /opt/airflow/dags/assignment_hard.py
[2023-01-31T10:21:34.762+0000] {logging_mixin.py:137} INFO - [2023-01-31T10:21:34.761+0000] {dag.py:2690} INFO - Sync 1 DAGs
[2023-01-31T10:21:34.813+0000] {logging_mixin.py:137} INFO - [2023-01-31T10:21:34.812+0000] {dag.py:3441} INFO - Setting next_dagrun for assignment_hard to None, run_after=None
[2023-01-31T10:21:34.843+0000] {processor.py:175} INFO - Processing /opt/airflow/dags/assignment_hard.py took 0.317 seconds
[2023-01-31T10:22:06.019+0000] {processor.py:153} INFO - Started process (PID=1110) to work on /opt/airflow/dags/assignment_hard.py
[2023-01-31T10:22:06.026+0000] {processor.py:743} INFO - Processing file /opt/airflow/dags/assignment_hard.py for tasks to queue
[2023-01-31T10:22:06.056+0000] {logging_mixin.py:137} INFO - [2023-01-31T10:22:06.052+0000] {dagbag.py:538} INFO - Filling up the DagBag from /opt/airflow/dags/assignment_hard.py
[2023-01-31T10:22:06.325+0000] {processor.py:753} INFO - DAG(s) dict_keys(['assignment_hard']) retrieved from /opt/airflow/dags/assignment_hard.py
[2023-01-31T10:22:06.415+0000] {logging_mixin.py:137} INFO - [2023-01-31T10:22:06.414+0000] {dag.py:2690} INFO - Sync 1 DAGs
[2023-01-31T10:22:06.482+0000] {logging_mixin.py:137} INFO - [2023-01-31T10:22:06.482+0000] {dag.py:3441} INFO - Setting next_dagrun for assignment_hard to None, run_after=None
[2023-01-31T10:22:06.590+0000] {processor.py:175} INFO - Processing /opt/airflow/dags/assignment_hard.py took 0.591 seconds
[2023-01-31T10:22:37.743+0000] {processor.py:153} INFO - Started process (PID=1205) to work on /opt/airflow/dags/assignment_hard.py
[2023-01-31T10:22:37.747+0000] {processor.py:743} INFO - Processing file /opt/airflow/dags/assignment_hard.py for tasks to queue
[2023-01-31T10:22:37.750+0000] {logging_mixin.py:137} INFO - [2023-01-31T10:22:37.749+0000] {dagbag.py:538} INFO - Filling up the DagBag from /opt/airflow/dags/assignment_hard.py
[2023-01-31T10:22:37.830+0000] {processor.py:753} INFO - DAG(s) dict_keys(['assignment_hard']) retrieved from /opt/airflow/dags/assignment_hard.py
[2023-01-31T10:22:37.880+0000] {logging_mixin.py:137} INFO - [2023-01-31T10:22:37.879+0000] {dag.py:2690} INFO - Sync 1 DAGs
[2023-01-31T10:22:37.930+0000] {logging_mixin.py:137} INFO - [2023-01-31T10:22:37.930+0000] {dag.py:3441} INFO - Setting next_dagrun for assignment_hard to None, run_after=None
[2023-01-31T10:22:37.959+0000] {processor.py:175} INFO - Processing /opt/airflow/dags/assignment_hard.py took 0.224 seconds
[2023-01-31T10:23:08.600+0000] {processor.py:153} INFO - Started process (PID=1282) to work on /opt/airflow/dags/assignment_hard.py
[2023-01-31T10:23:08.608+0000] {processor.py:743} INFO - Processing file /opt/airflow/dags/assignment_hard.py for tasks to queue
[2023-01-31T10:23:08.694+0000] {logging_mixin.py:137} INFO - [2023-01-31T10:23:08.693+0000] {dagbag.py:538} INFO - Filling up the DagBag from /opt/airflow/dags/assignment_hard.py
[2023-01-31T10:23:08.969+0000] {processor.py:753} INFO - DAG(s) dict_keys(['assignment_hard']) retrieved from /opt/airflow/dags/assignment_hard.py
[2023-01-31T10:23:09.073+0000] {logging_mixin.py:137} INFO - [2023-01-31T10:23:09.072+0000] {dag.py:2690} INFO - Sync 1 DAGs
[2023-01-31T10:23:09.124+0000] {logging_mixin.py:137} INFO - [2023-01-31T10:23:09.124+0000] {dag.py:3441} INFO - Setting next_dagrun for assignment_hard to None, run_after=None
[2023-01-31T10:23:09.167+0000] {processor.py:175} INFO - Processing /opt/airflow/dags/assignment_hard.py took 0.581 seconds
[2023-01-31T10:23:39.952+0000] {processor.py:153} INFO - Started process (PID=1361) to work on /opt/airflow/dags/assignment_hard.py
[2023-01-31T10:23:39.964+0000] {processor.py:743} INFO - Processing file /opt/airflow/dags/assignment_hard.py for tasks to queue
[2023-01-31T10:23:39.971+0000] {logging_mixin.py:137} INFO - [2023-01-31T10:23:39.970+0000] {dagbag.py:538} INFO - Filling up the DagBag from /opt/airflow/dags/assignment_hard.py
[2023-01-31T10:23:40.207+0000] {processor.py:753} INFO - DAG(s) dict_keys(['assignment_hard']) retrieved from /opt/airflow/dags/assignment_hard.py
[2023-01-31T10:23:40.384+0000] {logging_mixin.py:137} INFO - [2023-01-31T10:23:40.383+0000] {dag.py:2690} INFO - Sync 1 DAGs
[2023-01-31T10:23:40.444+0000] {logging_mixin.py:137} INFO - [2023-01-31T10:23:40.444+0000] {dag.py:3441} INFO - Setting next_dagrun for assignment_hard to None, run_after=None
[2023-01-31T10:23:40.473+0000] {processor.py:175} INFO - Processing /opt/airflow/dags/assignment_hard.py took 0.535 seconds
[2023-01-31T10:24:11.172+0000] {processor.py:153} INFO - Started process (PID=1440) to work on /opt/airflow/dags/assignment_hard.py
[2023-01-31T10:24:11.180+0000] {processor.py:743} INFO - Processing file /opt/airflow/dags/assignment_hard.py for tasks to queue
[2023-01-31T10:24:11.194+0000] {logging_mixin.py:137} INFO - [2023-01-31T10:24:11.193+0000] {dagbag.py:538} INFO - Filling up the DagBag from /opt/airflow/dags/assignment_hard.py
[2023-01-31T10:24:11.328+0000] {processor.py:753} INFO - DAG(s) dict_keys(['assignment_hard']) retrieved from /opt/airflow/dags/assignment_hard.py
[2023-01-31T10:24:11.477+0000] {logging_mixin.py:137} INFO - [2023-01-31T10:24:11.476+0000] {dag.py:2690} INFO - Sync 1 DAGs
[2023-01-31T10:24:11.514+0000] {logging_mixin.py:137} INFO - [2023-01-31T10:24:11.514+0000] {dag.py:3441} INFO - Setting next_dagrun for assignment_hard to None, run_after=None
[2023-01-31T10:24:11.574+0000] {processor.py:175} INFO - Processing /opt/airflow/dags/assignment_hard.py took 0.424 seconds
[2023-01-31T10:24:42.302+0000] {processor.py:153} INFO - Started process (PID=1518) to work on /opt/airflow/dags/assignment_hard.py
[2023-01-31T10:24:42.307+0000] {processor.py:743} INFO - Processing file /opt/airflow/dags/assignment_hard.py for tasks to queue
[2023-01-31T10:24:42.310+0000] {logging_mixin.py:137} INFO - [2023-01-31T10:24:42.309+0000] {dagbag.py:538} INFO - Filling up the DagBag from /opt/airflow/dags/assignment_hard.py
[2023-01-31T10:24:42.452+0000] {processor.py:753} INFO - DAG(s) dict_keys(['assignment_hard']) retrieved from /opt/airflow/dags/assignment_hard.py
[2023-01-31T10:24:42.581+0000] {logging_mixin.py:137} INFO - [2023-01-31T10:24:42.580+0000] {dag.py:2690} INFO - Sync 1 DAGs
[2023-01-31T10:24:42.639+0000] {logging_mixin.py:137} INFO - [2023-01-31T10:24:42.639+0000] {dag.py:3441} INFO - Setting next_dagrun for assignment_hard to None, run_after=None
[2023-01-31T10:24:42.686+0000] {processor.py:175} INFO - Processing /opt/airflow/dags/assignment_hard.py took 0.413 seconds
[2023-01-31T10:25:12.758+0000] {processor.py:153} INFO - Started process (PID=1617) to work on /opt/airflow/dags/assignment_hard.py
[2023-01-31T10:25:12.760+0000] {processor.py:743} INFO - Processing file /opt/airflow/dags/assignment_hard.py for tasks to queue
[2023-01-31T10:25:12.761+0000] {logging_mixin.py:137} INFO - [2023-01-31T10:25:12.761+0000] {dagbag.py:538} INFO - Filling up the DagBag from /opt/airflow/dags/assignment_hard.py
[2023-01-31T10:25:12.817+0000] {processor.py:753} INFO - DAG(s) dict_keys(['assignment_hard']) retrieved from /opt/airflow/dags/assignment_hard.py
[2023-01-31T10:25:12.862+0000] {logging_mixin.py:137} INFO - [2023-01-31T10:25:12.862+0000] {dag.py:2690} INFO - Sync 1 DAGs
[2023-01-31T10:25:12.916+0000] {logging_mixin.py:137} INFO - [2023-01-31T10:25:12.915+0000] {dag.py:3441} INFO - Setting next_dagrun for assignment_hard to None, run_after=None
[2023-01-31T10:25:12.935+0000] {processor.py:175} INFO - Processing /opt/airflow/dags/assignment_hard.py took 0.183 seconds
[2023-01-31T10:25:44.009+0000] {processor.py:153} INFO - Started process (PID=1696) to work on /opt/airflow/dags/assignment_hard.py
[2023-01-31T10:25:44.020+0000] {processor.py:743} INFO - Processing file /opt/airflow/dags/assignment_hard.py for tasks to queue
[2023-01-31T10:25:44.023+0000] {logging_mixin.py:137} INFO - [2023-01-31T10:25:44.023+0000] {dagbag.py:538} INFO - Filling up the DagBag from /opt/airflow/dags/assignment_hard.py
[2023-01-31T10:25:44.098+0000] {processor.py:753} INFO - DAG(s) dict_keys(['assignment_hard']) retrieved from /opt/airflow/dags/assignment_hard.py
[2023-01-31T10:25:44.166+0000] {logging_mixin.py:137} INFO - [2023-01-31T10:25:44.164+0000] {dag.py:2690} INFO - Sync 1 DAGs
[2023-01-31T10:25:44.262+0000] {logging_mixin.py:137} INFO - [2023-01-31T10:25:44.262+0000] {dag.py:3441} INFO - Setting next_dagrun for assignment_hard to None, run_after=None
[2023-01-31T10:25:44.371+0000] {processor.py:175} INFO - Processing /opt/airflow/dags/assignment_hard.py took 0.378 seconds
[2023-01-31T10:26:15.847+0000] {processor.py:153} INFO - Started process (PID=1775) to work on /opt/airflow/dags/assignment_hard.py
[2023-01-31T10:26:15.891+0000] {processor.py:743} INFO - Processing file /opt/airflow/dags/assignment_hard.py for tasks to queue
[2023-01-31T10:26:15.922+0000] {logging_mixin.py:137} INFO - [2023-01-31T10:26:15.918+0000] {dagbag.py:538} INFO - Filling up the DagBag from /opt/airflow/dags/assignment_hard.py
[2023-01-31T10:26:16.241+0000] {processor.py:753} INFO - DAG(s) dict_keys(['assignment_hard']) retrieved from /opt/airflow/dags/assignment_hard.py
[2023-01-31T10:26:16.342+0000] {logging_mixin.py:137} INFO - [2023-01-31T10:26:16.342+0000] {dag.py:2690} INFO - Sync 1 DAGs
[2023-01-31T10:26:16.386+0000] {logging_mixin.py:137} INFO - [2023-01-31T10:26:16.386+0000] {dag.py:3441} INFO - Setting next_dagrun for assignment_hard to None, run_after=None
[2023-01-31T10:26:16.410+0000] {processor.py:175} INFO - Processing /opt/airflow/dags/assignment_hard.py took 0.666 seconds
[2023-01-31T10:26:47.314+0000] {processor.py:153} INFO - Started process (PID=1858) to work on /opt/airflow/dags/assignment_hard.py
[2023-01-31T10:26:47.317+0000] {processor.py:743} INFO - Processing file /opt/airflow/dags/assignment_hard.py for tasks to queue
[2023-01-31T10:26:47.320+0000] {logging_mixin.py:137} INFO - [2023-01-31T10:26:47.319+0000] {dagbag.py:538} INFO - Filling up the DagBag from /opt/airflow/dags/assignment_hard.py
[2023-01-31T10:26:47.388+0000] {processor.py:753} INFO - DAG(s) dict_keys(['assignment_hard']) retrieved from /opt/airflow/dags/assignment_hard.py
[2023-01-31T10:26:47.447+0000] {logging_mixin.py:137} INFO - [2023-01-31T10:26:47.447+0000] {dag.py:2690} INFO - Sync 1 DAGs
[2023-01-31T10:26:47.477+0000] {logging_mixin.py:137} INFO - [2023-01-31T10:26:47.477+0000] {dag.py:3441} INFO - Setting next_dagrun for assignment_hard to None, run_after=None
[2023-01-31T10:26:47.498+0000] {processor.py:175} INFO - Processing /opt/airflow/dags/assignment_hard.py took 0.191 seconds
[2023-01-31T10:27:17.947+0000] {processor.py:153} INFO - Started process (PID=1953) to work on /opt/airflow/dags/assignment_hard.py
[2023-01-31T10:27:17.955+0000] {processor.py:743} INFO - Processing file /opt/airflow/dags/assignment_hard.py for tasks to queue
[2023-01-31T10:27:17.959+0000] {logging_mixin.py:137} INFO - [2023-01-31T10:27:17.958+0000] {dagbag.py:538} INFO - Filling up the DagBag from /opt/airflow/dags/assignment_hard.py
[2023-01-31T10:27:18.015+0000] {processor.py:753} INFO - DAG(s) dict_keys(['assignment_hard']) retrieved from /opt/airflow/dags/assignment_hard.py
[2023-01-31T10:27:18.051+0000] {logging_mixin.py:137} INFO - [2023-01-31T10:27:18.051+0000] {dag.py:2690} INFO - Sync 1 DAGs
[2023-01-31T10:27:18.077+0000] {logging_mixin.py:137} INFO - [2023-01-31T10:27:18.077+0000] {dag.py:3441} INFO - Setting next_dagrun for assignment_hard to None, run_after=None
[2023-01-31T10:27:18.102+0000] {processor.py:175} INFO - Processing /opt/airflow/dags/assignment_hard.py took 0.169 seconds
[2023-01-31T10:27:49.013+0000] {processor.py:153} INFO - Started process (PID=2033) to work on /opt/airflow/dags/assignment_hard.py
[2023-01-31T10:27:49.016+0000] {processor.py:743} INFO - Processing file /opt/airflow/dags/assignment_hard.py for tasks to queue
[2023-01-31T10:27:49.018+0000] {logging_mixin.py:137} INFO - [2023-01-31T10:27:49.018+0000] {dagbag.py:538} INFO - Filling up the DagBag from /opt/airflow/dags/assignment_hard.py
[2023-01-31T10:27:49.145+0000] {processor.py:753} INFO - DAG(s) dict_keys(['assignment_hard']) retrieved from /opt/airflow/dags/assignment_hard.py
[2023-01-31T10:27:49.210+0000] {logging_mixin.py:137} INFO - [2023-01-31T10:27:49.209+0000] {dag.py:2690} INFO - Sync 1 DAGs
[2023-01-31T10:27:49.239+0000] {logging_mixin.py:137} INFO - [2023-01-31T10:27:49.239+0000] {dag.py:3441} INFO - Setting next_dagrun for assignment_hard to None, run_after=None
[2023-01-31T10:27:49.263+0000] {processor.py:175} INFO - Processing /opt/airflow/dags/assignment_hard.py took 0.258 seconds
[2023-01-31T10:28:20.043+0000] {processor.py:153} INFO - Started process (PID=2121) to work on /opt/airflow/dags/assignment_hard.py
[2023-01-31T10:28:20.047+0000] {processor.py:743} INFO - Processing file /opt/airflow/dags/assignment_hard.py for tasks to queue
[2023-01-31T10:28:20.050+0000] {logging_mixin.py:137} INFO - [2023-01-31T10:28:20.050+0000] {dagbag.py:538} INFO - Filling up the DagBag from /opt/airflow/dags/assignment_hard.py
[2023-01-31T10:28:20.124+0000] {processor.py:753} INFO - DAG(s) dict_keys(['assignment_hard']) retrieved from /opt/airflow/dags/assignment_hard.py
[2023-01-31T10:28:20.231+0000] {logging_mixin.py:137} INFO - [2023-01-31T10:28:20.230+0000] {dag.py:2690} INFO - Sync 1 DAGs
[2023-01-31T10:28:20.290+0000] {logging_mixin.py:137} INFO - [2023-01-31T10:28:20.290+0000] {dag.py:3441} INFO - Setting next_dagrun for assignment_hard to None, run_after=None
[2023-01-31T10:28:20.337+0000] {processor.py:175} INFO - Processing /opt/airflow/dags/assignment_hard.py took 0.303 seconds
[2023-01-31T10:28:50.550+0000] {processor.py:153} INFO - Started process (PID=2207) to work on /opt/airflow/dags/assignment_hard.py
[2023-01-31T10:28:50.565+0000] {processor.py:743} INFO - Processing file /opt/airflow/dags/assignment_hard.py for tasks to queue
[2023-01-31T10:28:50.574+0000] {logging_mixin.py:137} INFO - [2023-01-31T10:28:50.574+0000] {dagbag.py:538} INFO - Filling up the DagBag from /opt/airflow/dags/assignment_hard.py
[2023-01-31T10:28:50.642+0000] {processor.py:753} INFO - DAG(s) dict_keys(['assignment_hard']) retrieved from /opt/airflow/dags/assignment_hard.py
[2023-01-31T10:28:50.700+0000] {logging_mixin.py:137} INFO - [2023-01-31T10:28:50.699+0000] {dag.py:2690} INFO - Sync 1 DAGs
[2023-01-31T10:28:50.724+0000] {logging_mixin.py:137} INFO - [2023-01-31T10:28:50.724+0000] {dag.py:3441} INFO - Setting next_dagrun for assignment_hard to None, run_after=None
[2023-01-31T10:28:50.761+0000] {processor.py:175} INFO - Processing /opt/airflow/dags/assignment_hard.py took 0.228 seconds
[2023-01-31T10:29:21.202+0000] {processor.py:153} INFO - Started process (PID=2285) to work on /opt/airflow/dags/assignment_hard.py
[2023-01-31T10:29:21.229+0000] {processor.py:743} INFO - Processing file /opt/airflow/dags/assignment_hard.py for tasks to queue
[2023-01-31T10:29:21.239+0000] {logging_mixin.py:137} INFO - [2023-01-31T10:29:21.238+0000] {dagbag.py:538} INFO - Filling up the DagBag from /opt/airflow/dags/assignment_hard.py
[2023-01-31T10:29:21.355+0000] {processor.py:753} INFO - DAG(s) dict_keys(['assignment_hard']) retrieved from /opt/airflow/dags/assignment_hard.py
[2023-01-31T10:29:21.422+0000] {logging_mixin.py:137} INFO - [2023-01-31T10:29:21.422+0000] {dag.py:2690} INFO - Sync 1 DAGs
[2023-01-31T10:29:21.513+0000] {logging_mixin.py:137} INFO - [2023-01-31T10:29:21.513+0000] {dag.py:3441} INFO - Setting next_dagrun for assignment_hard to None, run_after=None
[2023-01-31T10:29:21.548+0000] {processor.py:175} INFO - Processing /opt/airflow/dags/assignment_hard.py took 0.354 seconds
[2023-01-31T10:29:51.810+0000] {processor.py:153} INFO - Started process (PID=2364) to work on /opt/airflow/dags/assignment_hard.py
[2023-01-31T10:29:51.813+0000] {processor.py:743} INFO - Processing file /opt/airflow/dags/assignment_hard.py for tasks to queue
[2023-01-31T10:29:51.815+0000] {logging_mixin.py:137} INFO - [2023-01-31T10:29:51.815+0000] {dagbag.py:538} INFO - Filling up the DagBag from /opt/airflow/dags/assignment_hard.py
[2023-01-31T10:29:51.893+0000] {processor.py:753} INFO - DAG(s) dict_keys(['assignment_hard']) retrieved from /opt/airflow/dags/assignment_hard.py
[2023-01-31T10:29:51.967+0000] {logging_mixin.py:137} INFO - [2023-01-31T10:29:51.967+0000] {dag.py:2690} INFO - Sync 1 DAGs
[2023-01-31T10:29:52.016+0000] {logging_mixin.py:137} INFO - [2023-01-31T10:29:52.016+0000] {dag.py:3441} INFO - Setting next_dagrun for assignment_hard to None, run_after=None
[2023-01-31T10:29:52.033+0000] {processor.py:175} INFO - Processing /opt/airflow/dags/assignment_hard.py took 0.244 seconds
[2023-01-31T10:30:22.704+0000] {processor.py:153} INFO - Started process (PID=2443) to work on /opt/airflow/dags/assignment_hard.py
[2023-01-31T10:30:22.708+0000] {processor.py:743} INFO - Processing file /opt/airflow/dags/assignment_hard.py for tasks to queue
[2023-01-31T10:30:22.710+0000] {logging_mixin.py:137} INFO - [2023-01-31T10:30:22.710+0000] {dagbag.py:538} INFO - Filling up the DagBag from /opt/airflow/dags/assignment_hard.py
[2023-01-31T10:30:22.849+0000] {processor.py:753} INFO - DAG(s) dict_keys(['assignment_hard']) retrieved from /opt/airflow/dags/assignment_hard.py
[2023-01-31T10:30:22.946+0000] {logging_mixin.py:137} INFO - [2023-01-31T10:30:22.946+0000] {dag.py:2690} INFO - Sync 1 DAGs
[2023-01-31T10:30:23.011+0000] {logging_mixin.py:137} INFO - [2023-01-31T10:30:23.011+0000] {dag.py:3441} INFO - Setting next_dagrun for assignment_hard to None, run_after=None
[2023-01-31T10:30:23.048+0000] {processor.py:175} INFO - Processing /opt/airflow/dags/assignment_hard.py took 0.386 seconds
[2023-01-31T10:30:53.603+0000] {processor.py:153} INFO - Started process (PID=2522) to work on /opt/airflow/dags/assignment_hard.py
[2023-01-31T10:30:53.608+0000] {processor.py:743} INFO - Processing file /opt/airflow/dags/assignment_hard.py for tasks to queue
[2023-01-31T10:30:53.610+0000] {logging_mixin.py:137} INFO - [2023-01-31T10:30:53.610+0000] {dagbag.py:538} INFO - Filling up the DagBag from /opt/airflow/dags/assignment_hard.py
[2023-01-31T10:30:53.709+0000] {processor.py:753} INFO - DAG(s) dict_keys(['assignment_hard']) retrieved from /opt/airflow/dags/assignment_hard.py
[2023-01-31T10:30:53.794+0000] {logging_mixin.py:137} INFO - [2023-01-31T10:30:53.793+0000] {dag.py:2690} INFO - Sync 1 DAGs
[2023-01-31T10:30:53.832+0000] {logging_mixin.py:137} INFO - [2023-01-31T10:30:53.832+0000] {dag.py:3441} INFO - Setting next_dagrun for assignment_hard to None, run_after=None
[2023-01-31T10:30:53.858+0000] {processor.py:175} INFO - Processing /opt/airflow/dags/assignment_hard.py took 0.279 seconds
[2023-01-31T10:31:24.707+0000] {processor.py:153} INFO - Started process (PID=2615) to work on /opt/airflow/dags/assignment_hard.py
[2023-01-31T10:31:24.711+0000] {processor.py:743} INFO - Processing file /opt/airflow/dags/assignment_hard.py for tasks to queue
[2023-01-31T10:31:24.714+0000] {logging_mixin.py:137} INFO - [2023-01-31T10:31:24.713+0000] {dagbag.py:538} INFO - Filling up the DagBag from /opt/airflow/dags/assignment_hard.py
[2023-01-31T10:31:24.756+0000] {processor.py:753} INFO - DAG(s) dict_keys(['assignment_hard']) retrieved from /opt/airflow/dags/assignment_hard.py
[2023-01-31T10:31:24.781+0000] {logging_mixin.py:137} INFO - [2023-01-31T10:31:24.781+0000] {dag.py:2690} INFO - Sync 1 DAGs
[2023-01-31T10:31:24.806+0000] {logging_mixin.py:137} INFO - [2023-01-31T10:31:24.806+0000] {dag.py:3441} INFO - Setting next_dagrun for assignment_hard to None, run_after=None
[2023-01-31T10:31:24.831+0000] {processor.py:175} INFO - Processing /opt/airflow/dags/assignment_hard.py took 0.132 seconds
[2023-01-31T10:31:55.100+0000] {processor.py:153} INFO - Started process (PID=2693) to work on /opt/airflow/dags/assignment_hard.py
[2023-01-31T10:31:55.104+0000] {processor.py:743} INFO - Processing file /opt/airflow/dags/assignment_hard.py for tasks to queue
[2023-01-31T10:31:55.106+0000] {logging_mixin.py:137} INFO - [2023-01-31T10:31:55.106+0000] {dagbag.py:538} INFO - Filling up the DagBag from /opt/airflow/dags/assignment_hard.py
[2023-01-31T10:31:55.160+0000] {processor.py:753} INFO - DAG(s) dict_keys(['assignment_hard']) retrieved from /opt/airflow/dags/assignment_hard.py
[2023-01-31T10:31:55.230+0000] {logging_mixin.py:137} INFO - [2023-01-31T10:31:55.230+0000] {dag.py:2690} INFO - Sync 1 DAGs
[2023-01-31T10:31:55.310+0000] {logging_mixin.py:137} INFO - [2023-01-31T10:31:55.310+0000] {dag.py:3441} INFO - Setting next_dagrun for assignment_hard to None, run_after=None
[2023-01-31T10:31:55.357+0000] {processor.py:175} INFO - Processing /opt/airflow/dags/assignment_hard.py took 0.273 seconds
[2023-01-31T10:32:25.800+0000] {processor.py:153} INFO - Started process (PID=2772) to work on /opt/airflow/dags/assignment_hard.py
[2023-01-31T10:32:25.803+0000] {processor.py:743} INFO - Processing file /opt/airflow/dags/assignment_hard.py for tasks to queue
[2023-01-31T10:32:25.805+0000] {logging_mixin.py:137} INFO - [2023-01-31T10:32:25.805+0000] {dagbag.py:538} INFO - Filling up the DagBag from /opt/airflow/dags/assignment_hard.py
[2023-01-31T10:32:25.887+0000] {processor.py:753} INFO - DAG(s) dict_keys(['assignment_hard']) retrieved from /opt/airflow/dags/assignment_hard.py
[2023-01-31T10:32:26.133+0000] {logging_mixin.py:137} INFO - [2023-01-31T10:32:26.132+0000] {dag.py:2690} INFO - Sync 1 DAGs
[2023-01-31T10:32:26.210+0000] {logging_mixin.py:137} INFO - [2023-01-31T10:32:26.210+0000] {dag.py:3441} INFO - Setting next_dagrun for assignment_hard to None, run_after=None
[2023-01-31T10:32:26.286+0000] {processor.py:175} INFO - Processing /opt/airflow/dags/assignment_hard.py took 0.496 seconds
[2023-01-31T10:32:56.990+0000] {processor.py:153} INFO - Started process (PID=2867) to work on /opt/airflow/dags/assignment_hard.py
[2023-01-31T10:32:56.994+0000] {processor.py:743} INFO - Processing file /opt/airflow/dags/assignment_hard.py for tasks to queue
[2023-01-31T10:32:56.996+0000] {logging_mixin.py:137} INFO - [2023-01-31T10:32:56.996+0000] {dagbag.py:538} INFO - Filling up the DagBag from /opt/airflow/dags/assignment_hard.py
[2023-01-31T10:32:57.096+0000] {processor.py:753} INFO - DAG(s) dict_keys(['assignment_hard']) retrieved from /opt/airflow/dags/assignment_hard.py
[2023-01-31T10:32:57.189+0000] {logging_mixin.py:137} INFO - [2023-01-31T10:32:57.188+0000] {dag.py:2690} INFO - Sync 1 DAGs
[2023-01-31T10:32:57.239+0000] {logging_mixin.py:137} INFO - [2023-01-31T10:32:57.239+0000] {dag.py:3441} INFO - Setting next_dagrun for assignment_hard to None, run_after=None
[2023-01-31T10:32:57.284+0000] {processor.py:175} INFO - Processing /opt/airflow/dags/assignment_hard.py took 0.305 seconds
[2023-01-31T10:33:28.242+0000] {processor.py:153} INFO - Started process (PID=2946) to work on /opt/airflow/dags/assignment_hard.py
[2023-01-31T10:33:28.246+0000] {processor.py:743} INFO - Processing file /opt/airflow/dags/assignment_hard.py for tasks to queue
[2023-01-31T10:33:28.250+0000] {logging_mixin.py:137} INFO - [2023-01-31T10:33:28.249+0000] {dagbag.py:538} INFO - Filling up the DagBag from /opt/airflow/dags/assignment_hard.py
[2023-01-31T10:33:28.310+0000] {processor.py:753} INFO - DAG(s) dict_keys(['assignment_hard']) retrieved from /opt/airflow/dags/assignment_hard.py
[2023-01-31T10:33:28.472+0000] {logging_mixin.py:137} INFO - [2023-01-31T10:33:28.470+0000] {dag.py:2690} INFO - Sync 1 DAGs
[2023-01-31T10:33:28.507+0000] {logging_mixin.py:137} INFO - [2023-01-31T10:33:28.506+0000] {dag.py:3441} INFO - Setting next_dagrun for assignment_hard to None, run_after=None
[2023-01-31T10:33:28.532+0000] {processor.py:175} INFO - Processing /opt/airflow/dags/assignment_hard.py took 0.298 seconds
[2023-01-31T10:33:59.604+0000] {processor.py:153} INFO - Started process (PID=3041) to work on /opt/airflow/dags/assignment_hard.py
[2023-01-31T10:33:59.607+0000] {processor.py:743} INFO - Processing file /opt/airflow/dags/assignment_hard.py for tasks to queue
[2023-01-31T10:33:59.609+0000] {logging_mixin.py:137} INFO - [2023-01-31T10:33:59.609+0000] {dagbag.py:538} INFO - Filling up the DagBag from /opt/airflow/dags/assignment_hard.py
[2023-01-31T10:33:59.664+0000] {processor.py:753} INFO - DAG(s) dict_keys(['assignment_hard']) retrieved from /opt/airflow/dags/assignment_hard.py
[2023-01-31T10:33:59.714+0000] {logging_mixin.py:137} INFO - [2023-01-31T10:33:59.714+0000] {dag.py:2690} INFO - Sync 1 DAGs
[2023-01-31T10:33:59.768+0000] {logging_mixin.py:137} INFO - [2023-01-31T10:33:59.768+0000] {dag.py:3441} INFO - Setting next_dagrun for assignment_hard to None, run_after=None
[2023-01-31T10:33:59.796+0000] {processor.py:175} INFO - Processing /opt/airflow/dags/assignment_hard.py took 0.197 seconds
[2023-01-31T10:34:30.772+0000] {processor.py:153} INFO - Started process (PID=3120) to work on /opt/airflow/dags/assignment_hard.py
[2023-01-31T10:34:30.776+0000] {processor.py:743} INFO - Processing file /opt/airflow/dags/assignment_hard.py for tasks to queue
[2023-01-31T10:34:30.778+0000] {logging_mixin.py:137} INFO - [2023-01-31T10:34:30.778+0000] {dagbag.py:538} INFO - Filling up the DagBag from /opt/airflow/dags/assignment_hard.py
[2023-01-31T10:34:30.846+0000] {processor.py:753} INFO - DAG(s) dict_keys(['assignment_hard']) retrieved from /opt/airflow/dags/assignment_hard.py
[2023-01-31T10:34:30.925+0000] {logging_mixin.py:137} INFO - [2023-01-31T10:34:30.925+0000] {dag.py:2690} INFO - Sync 1 DAGs
[2023-01-31T10:34:30.968+0000] {logging_mixin.py:137} INFO - [2023-01-31T10:34:30.968+0000] {dag.py:3441} INFO - Setting next_dagrun for assignment_hard to None, run_after=None
[2023-01-31T10:34:30.990+0000] {processor.py:175} INFO - Processing /opt/airflow/dags/assignment_hard.py took 0.231 seconds
[2023-01-31T10:35:01.288+0000] {processor.py:153} INFO - Started process (PID=3200) to work on /opt/airflow/dags/assignment_hard.py
[2023-01-31T10:35:01.292+0000] {processor.py:743} INFO - Processing file /opt/airflow/dags/assignment_hard.py for tasks to queue
[2023-01-31T10:35:01.295+0000] {logging_mixin.py:137} INFO - [2023-01-31T10:35:01.295+0000] {dagbag.py:538} INFO - Filling up the DagBag from /opt/airflow/dags/assignment_hard.py
[2023-01-31T10:35:01.391+0000] {processor.py:753} INFO - DAG(s) dict_keys(['assignment_hard']) retrieved from /opt/airflow/dags/assignment_hard.py
[2023-01-31T10:35:01.476+0000] {logging_mixin.py:137} INFO - [2023-01-31T10:35:01.476+0000] {dag.py:2690} INFO - Sync 1 DAGs
[2023-01-31T10:35:01.525+0000] {logging_mixin.py:137} INFO - [2023-01-31T10:35:01.525+0000] {dag.py:3441} INFO - Setting next_dagrun for assignment_hard to None, run_after=None
[2023-01-31T10:35:01.551+0000] {processor.py:175} INFO - Processing /opt/airflow/dags/assignment_hard.py took 0.274 seconds
[2023-01-31T10:35:32.601+0000] {processor.py:153} INFO - Started process (PID=3283) to work on /opt/airflow/dags/assignment_hard.py
[2023-01-31T10:35:32.613+0000] {processor.py:743} INFO - Processing file /opt/airflow/dags/assignment_hard.py for tasks to queue
[2023-01-31T10:35:32.617+0000] {logging_mixin.py:137} INFO - [2023-01-31T10:35:32.617+0000] {dagbag.py:538} INFO - Filling up the DagBag from /opt/airflow/dags/assignment_hard.py
[2023-01-31T10:35:32.677+0000] {processor.py:753} INFO - DAG(s) dict_keys(['assignment_hard']) retrieved from /opt/airflow/dags/assignment_hard.py
[2023-01-31T10:35:32.720+0000] {logging_mixin.py:137} INFO - [2023-01-31T10:35:32.719+0000] {dag.py:2690} INFO - Sync 1 DAGs
[2023-01-31T10:35:32.764+0000] {logging_mixin.py:137} INFO - [2023-01-31T10:35:32.764+0000] {dag.py:3441} INFO - Setting next_dagrun for assignment_hard to None, run_after=None
[2023-01-31T10:35:32.787+0000] {processor.py:175} INFO - Processing /opt/airflow/dags/assignment_hard.py took 0.211 seconds
[2023-01-31T10:36:03.698+0000] {processor.py:153} INFO - Started process (PID=3371) to work on /opt/airflow/dags/assignment_hard.py
[2023-01-31T10:36:03.716+0000] {processor.py:743} INFO - Processing file /opt/airflow/dags/assignment_hard.py for tasks to queue
[2023-01-31T10:36:03.756+0000] {logging_mixin.py:137} INFO - [2023-01-31T10:36:03.756+0000] {dagbag.py:538} INFO - Filling up the DagBag from /opt/airflow/dags/assignment_hard.py
[2023-01-31T10:36:04.080+0000] {processor.py:753} INFO - DAG(s) dict_keys(['assignment_hard']) retrieved from /opt/airflow/dags/assignment_hard.py
[2023-01-31T10:36:04.481+0000] {logging_mixin.py:137} INFO - [2023-01-31T10:36:04.479+0000] {dag.py:2690} INFO - Sync 1 DAGs
[2023-01-31T10:36:04.594+0000] {logging_mixin.py:137} INFO - [2023-01-31T10:36:04.594+0000] {dag.py:3441} INFO - Setting next_dagrun for assignment_hard to None, run_after=None
[2023-01-31T10:36:04.802+0000] {processor.py:175} INFO - Processing /opt/airflow/dags/assignment_hard.py took 1.121 seconds
[2023-01-31T10:36:35.683+0000] {processor.py:153} INFO - Started process (PID=3457) to work on /opt/airflow/dags/assignment_hard.py
[2023-01-31T10:36:35.698+0000] {processor.py:743} INFO - Processing file /opt/airflow/dags/assignment_hard.py for tasks to queue
[2023-01-31T10:36:35.707+0000] {logging_mixin.py:137} INFO - [2023-01-31T10:36:35.704+0000] {dagbag.py:538} INFO - Filling up the DagBag from /opt/airflow/dags/assignment_hard.py
[2023-01-31T10:36:35.871+0000] {processor.py:753} INFO - DAG(s) dict_keys(['assignment_hard']) retrieved from /opt/airflow/dags/assignment_hard.py
[2023-01-31T10:36:36.043+0000] {logging_mixin.py:137} INFO - [2023-01-31T10:36:36.037+0000] {dag.py:2690} INFO - Sync 1 DAGs
[2023-01-31T10:36:36.225+0000] {logging_mixin.py:137} INFO - [2023-01-31T10:36:36.224+0000] {dag.py:3441} INFO - Setting next_dagrun for assignment_hard to None, run_after=None
[2023-01-31T10:36:36.464+0000] {processor.py:175} INFO - Processing /opt/airflow/dags/assignment_hard.py took 0.799 seconds
[2023-01-31T10:37:08.361+0000] {processor.py:153} INFO - Started process (PID=3540) to work on /opt/airflow/dags/assignment_hard.py
[2023-01-31T10:37:08.378+0000] {processor.py:743} INFO - Processing file /opt/airflow/dags/assignment_hard.py for tasks to queue
[2023-01-31T10:37:08.385+0000] {logging_mixin.py:137} INFO - [2023-01-31T10:37:08.384+0000] {dagbag.py:538} INFO - Filling up the DagBag from /opt/airflow/dags/assignment_hard.py
[2023-01-31T10:37:08.649+0000] {processor.py:753} INFO - DAG(s) dict_keys(['assignment_hard']) retrieved from /opt/airflow/dags/assignment_hard.py
[2023-01-31T10:37:09.081+0000] {logging_mixin.py:137} INFO - [2023-01-31T10:37:09.080+0000] {dag.py:2690} INFO - Sync 1 DAGs
[2023-01-31T10:37:09.231+0000] {logging_mixin.py:137} INFO - [2023-01-31T10:37:09.231+0000] {dag.py:3441} INFO - Setting next_dagrun for assignment_hard to None, run_after=None
[2023-01-31T10:37:09.421+0000] {processor.py:175} INFO - Processing /opt/airflow/dags/assignment_hard.py took 1.083 seconds
[2023-01-31T10:37:40.496+0000] {processor.py:153} INFO - Started process (PID=3619) to work on /opt/airflow/dags/assignment_hard.py
[2023-01-31T10:37:40.503+0000] {processor.py:743} INFO - Processing file /opt/airflow/dags/assignment_hard.py for tasks to queue
[2023-01-31T10:37:40.509+0000] {logging_mixin.py:137} INFO - [2023-01-31T10:37:40.509+0000] {dagbag.py:538} INFO - Filling up the DagBag from /opt/airflow/dags/assignment_hard.py
[2023-01-31T10:37:40.577+0000] {processor.py:753} INFO - DAG(s) dict_keys(['assignment_hard']) retrieved from /opt/airflow/dags/assignment_hard.py
[2023-01-31T10:37:40.642+0000] {logging_mixin.py:137} INFO - [2023-01-31T10:37:40.641+0000] {dag.py:2690} INFO - Sync 1 DAGs
[2023-01-31T10:37:40.677+0000] {logging_mixin.py:137} INFO - [2023-01-31T10:37:40.677+0000] {dag.py:3441} INFO - Setting next_dagrun for assignment_hard to None, run_after=None
[2023-01-31T10:37:40.700+0000] {processor.py:175} INFO - Processing /opt/airflow/dags/assignment_hard.py took 0.213 seconds
[2023-01-31T10:38:11.687+0000] {processor.py:153} INFO - Started process (PID=3697) to work on /opt/airflow/dags/assignment_hard.py
[2023-01-31T10:38:11.714+0000] {processor.py:743} INFO - Processing file /opt/airflow/dags/assignment_hard.py for tasks to queue
[2023-01-31T10:38:11.751+0000] {logging_mixin.py:137} INFO - [2023-01-31T10:38:11.751+0000] {dagbag.py:538} INFO - Filling up the DagBag from /opt/airflow/dags/assignment_hard.py
[2023-01-31T10:38:13.251+0000] {processor.py:753} INFO - DAG(s) dict_keys(['assignment_hard']) retrieved from /opt/airflow/dags/assignment_hard.py
[2023-01-31T10:38:13.747+0000] {logging_mixin.py:137} INFO - [2023-01-31T10:38:13.745+0000] {dag.py:2690} INFO - Sync 1 DAGs
[2023-01-31T10:38:14.446+0000] {logging_mixin.py:137} INFO - [2023-01-31T10:38:14.443+0000] {dag.py:3441} INFO - Setting next_dagrun for assignment_hard to None, run_after=None
[2023-01-31T10:38:14.868+0000] {processor.py:175} INFO - Processing /opt/airflow/dags/assignment_hard.py took 3.275 seconds
[2023-01-31T10:38:47.607+0000] {processor.py:153} INFO - Started process (PID=3781) to work on /opt/airflow/dags/assignment_hard.py
[2023-01-31T10:38:47.614+0000] {processor.py:743} INFO - Processing file /opt/airflow/dags/assignment_hard.py for tasks to queue
[2023-01-31T10:38:47.617+0000] {logging_mixin.py:137} INFO - [2023-01-31T10:38:47.616+0000] {dagbag.py:538} INFO - Filling up the DagBag from /opt/airflow/dags/assignment_hard.py
[2023-01-31T10:38:47.755+0000] {processor.py:753} INFO - DAG(s) dict_keys(['assignment_hard']) retrieved from /opt/airflow/dags/assignment_hard.py
[2023-01-31T10:38:47.883+0000] {logging_mixin.py:137} INFO - [2023-01-31T10:38:47.883+0000] {dag.py:2690} INFO - Sync 1 DAGs
[2023-01-31T10:38:47.927+0000] {logging_mixin.py:137} INFO - [2023-01-31T10:38:47.927+0000] {dag.py:3441} INFO - Setting next_dagrun for assignment_hard to None, run_after=None
[2023-01-31T10:38:47.950+0000] {processor.py:175} INFO - Processing /opt/airflow/dags/assignment_hard.py took 0.356 seconds
[2023-01-31T10:39:19.583+0000] {processor.py:153} INFO - Started process (PID=3875) to work on /opt/airflow/dags/assignment_hard.py
[2023-01-31T10:39:19.589+0000] {processor.py:743} INFO - Processing file /opt/airflow/dags/assignment_hard.py for tasks to queue
[2023-01-31T10:39:19.594+0000] {logging_mixin.py:137} INFO - [2023-01-31T10:39:19.593+0000] {dagbag.py:538} INFO - Filling up the DagBag from /opt/airflow/dags/assignment_hard.py
[2023-01-31T10:39:19.755+0000] {processor.py:753} INFO - DAG(s) dict_keys(['assignment_hard']) retrieved from /opt/airflow/dags/assignment_hard.py
[2023-01-31T10:39:19.980+0000] {logging_mixin.py:137} INFO - [2023-01-31T10:39:19.977+0000] {dag.py:2690} INFO - Sync 1 DAGs
[2023-01-31T10:39:20.148+0000] {logging_mixin.py:137} INFO - [2023-01-31T10:39:20.148+0000] {dag.py:3441} INFO - Setting next_dagrun for assignment_hard to None, run_after=None
[2023-01-31T10:39:20.183+0000] {processor.py:175} INFO - Processing /opt/airflow/dags/assignment_hard.py took 0.677 seconds
[2023-01-31T10:39:50.918+0000] {processor.py:153} INFO - Started process (PID=3955) to work on /opt/airflow/dags/assignment_hard.py
[2023-01-31T10:39:50.920+0000] {processor.py:743} INFO - Processing file /opt/airflow/dags/assignment_hard.py for tasks to queue
[2023-01-31T10:39:50.922+0000] {logging_mixin.py:137} INFO - [2023-01-31T10:39:50.922+0000] {dagbag.py:538} INFO - Filling up the DagBag from /opt/airflow/dags/assignment_hard.py
[2023-01-31T10:39:50.992+0000] {processor.py:753} INFO - DAG(s) dict_keys(['assignment_hard']) retrieved from /opt/airflow/dags/assignment_hard.py
[2023-01-31T10:39:51.032+0000] {logging_mixin.py:137} INFO - [2023-01-31T10:39:51.031+0000] {dag.py:2690} INFO - Sync 1 DAGs
[2023-01-31T10:39:51.075+0000] {logging_mixin.py:137} INFO - [2023-01-31T10:39:51.075+0000] {dag.py:3441} INFO - Setting next_dagrun for assignment_hard to None, run_after=None
[2023-01-31T10:39:51.101+0000] {processor.py:175} INFO - Processing /opt/airflow/dags/assignment_hard.py took 0.188 seconds
[2023-01-31T10:40:21.797+0000] {processor.py:153} INFO - Started process (PID=4034) to work on /opt/airflow/dags/assignment_hard.py
[2023-01-31T10:40:21.800+0000] {processor.py:743} INFO - Processing file /opt/airflow/dags/assignment_hard.py for tasks to queue
[2023-01-31T10:40:21.802+0000] {logging_mixin.py:137} INFO - [2023-01-31T10:40:21.802+0000] {dagbag.py:538} INFO - Filling up the DagBag from /opt/airflow/dags/assignment_hard.py
[2023-01-31T10:40:21.886+0000] {processor.py:753} INFO - DAG(s) dict_keys(['assignment_hard']) retrieved from /opt/airflow/dags/assignment_hard.py
[2023-01-31T10:40:21.976+0000] {logging_mixin.py:137} INFO - [2023-01-31T10:40:21.975+0000] {dag.py:2690} INFO - Sync 1 DAGs
[2023-01-31T10:40:22.032+0000] {logging_mixin.py:137} INFO - [2023-01-31T10:40:22.032+0000] {dag.py:3441} INFO - Setting next_dagrun for assignment_hard to None, run_after=None
[2023-01-31T10:40:22.062+0000] {processor.py:175} INFO - Processing /opt/airflow/dags/assignment_hard.py took 0.274 seconds
[2023-01-31T10:40:48.159+0000] {processor.py:153} INFO - Started process (PID=4111) to work on /opt/airflow/dags/assignment_hard.py
[2023-01-31T10:40:48.181+0000] {processor.py:743} INFO - Processing file /opt/airflow/dags/assignment_hard.py for tasks to queue
[2023-01-31T10:40:48.188+0000] {logging_mixin.py:137} INFO - [2023-01-31T10:40:48.188+0000] {dagbag.py:538} INFO - Filling up the DagBag from /opt/airflow/dags/assignment_hard.py
[2023-01-31T10:40:48.338+0000] {processor.py:753} INFO - DAG(s) dict_keys(['assignment_hard']) retrieved from /opt/airflow/dags/assignment_hard.py
[2023-01-31T10:40:48.451+0000] {logging_mixin.py:137} INFO - [2023-01-31T10:40:48.451+0000] {dag.py:2690} INFO - Sync 1 DAGs
[2023-01-31T10:40:48.515+0000] {logging_mixin.py:137} INFO - [2023-01-31T10:40:48.515+0000] {dag.py:3441} INFO - Setting next_dagrun for assignment_hard to None, run_after=None
[2023-01-31T10:40:48.555+0000] {processor.py:175} INFO - Processing /opt/airflow/dags/assignment_hard.py took 0.456 seconds
[2023-01-31T10:41:19.273+0000] {processor.py:153} INFO - Started process (PID=4190) to work on /opt/airflow/dags/assignment_hard.py
[2023-01-31T10:41:19.325+0000] {processor.py:743} INFO - Processing file /opt/airflow/dags/assignment_hard.py for tasks to queue
[2023-01-31T10:41:19.456+0000] {logging_mixin.py:137} INFO - [2023-01-31T10:41:19.456+0000] {dagbag.py:538} INFO - Filling up the DagBag from /opt/airflow/dags/assignment_hard.py
[2023-01-31T10:41:20.224+0000] {processor.py:753} INFO - DAG(s) dict_keys(['assignment_hard']) retrieved from /opt/airflow/dags/assignment_hard.py
[2023-01-31T10:41:20.597+0000] {logging_mixin.py:137} INFO - [2023-01-31T10:41:20.597+0000] {dag.py:2690} INFO - Sync 1 DAGs
[2023-01-31T10:41:20.810+0000] {logging_mixin.py:137} INFO - [2023-01-31T10:41:20.808+0000] {dag.py:3441} INFO - Setting next_dagrun for assignment_hard to None, run_after=None
[2023-01-31T10:41:20.906+0000] {processor.py:175} INFO - Processing /opt/airflow/dags/assignment_hard.py took 1.669 seconds
[2023-01-31T10:41:51.415+0000] {processor.py:153} INFO - Started process (PID=4269) to work on /opt/airflow/dags/assignment_hard.py
[2023-01-31T10:41:51.425+0000] {processor.py:743} INFO - Processing file /opt/airflow/dags/assignment_hard.py for tasks to queue
[2023-01-31T10:41:51.433+0000] {logging_mixin.py:137} INFO - [2023-01-31T10:41:51.433+0000] {dagbag.py:538} INFO - Filling up the DagBag from /opt/airflow/dags/assignment_hard.py
[2023-01-31T10:41:51.564+0000] {processor.py:753} INFO - DAG(s) dict_keys(['assignment_hard']) retrieved from /opt/airflow/dags/assignment_hard.py
[2023-01-31T10:41:51.630+0000] {logging_mixin.py:137} INFO - [2023-01-31T10:41:51.630+0000] {dag.py:2690} INFO - Sync 1 DAGs
[2023-01-31T10:41:51.681+0000] {logging_mixin.py:137} INFO - [2023-01-31T10:41:51.681+0000] {dag.py:3441} INFO - Setting next_dagrun for assignment_hard to None, run_after=None
[2023-01-31T10:41:51.703+0000] {processor.py:175} INFO - Processing /opt/airflow/dags/assignment_hard.py took 0.434 seconds
[2023-01-31T10:41:57.001+0000] {processor.py:153} INFO - Started process (PID=4283) to work on /opt/airflow/dags/assignment_hard.py
[2023-01-31T10:41:57.006+0000] {processor.py:743} INFO - Processing file /opt/airflow/dags/assignment_hard.py for tasks to queue
[2023-01-31T10:41:57.011+0000] {logging_mixin.py:137} INFO - [2023-01-31T10:41:57.011+0000] {dagbag.py:538} INFO - Filling up the DagBag from /opt/airflow/dags/assignment_hard.py
[2023-01-31T10:41:57.206+0000] {processor.py:753} INFO - DAG(s) dict_keys(['assignment_hard']) retrieved from /opt/airflow/dags/assignment_hard.py
[2023-01-31T10:41:57.763+0000] {logging_mixin.py:137} INFO - [2023-01-31T10:41:57.762+0000] {dag.py:2690} INFO - Sync 1 DAGs
[2023-01-31T10:41:57.842+0000] {logging_mixin.py:137} INFO - [2023-01-31T10:41:57.842+0000] {dag.py:3441} INFO - Setting next_dagrun for assignment_hard to None, run_after=None
[2023-01-31T10:41:57.935+0000] {processor.py:175} INFO - Processing /opt/airflow/dags/assignment_hard.py took 0.939 seconds
[2023-01-31T10:42:28.074+0000] {processor.py:153} INFO - Started process (PID=4370) to work on /opt/airflow/dags/assignment_hard.py
[2023-01-31T10:42:28.086+0000] {processor.py:743} INFO - Processing file /opt/airflow/dags/assignment_hard.py for tasks to queue
[2023-01-31T10:42:28.093+0000] {logging_mixin.py:137} INFO - [2023-01-31T10:42:28.092+0000] {dagbag.py:538} INFO - Filling up the DagBag from /opt/airflow/dags/assignment_hard.py
[2023-01-31T10:42:28.184+0000] {processor.py:753} INFO - DAG(s) dict_keys(['assignment_hard']) retrieved from /opt/airflow/dags/assignment_hard.py
[2023-01-31T10:42:28.273+0000] {logging_mixin.py:137} INFO - [2023-01-31T10:42:28.272+0000] {dag.py:2690} INFO - Sync 1 DAGs
[2023-01-31T10:42:28.322+0000] {logging_mixin.py:137} INFO - [2023-01-31T10:42:28.322+0000] {dag.py:3441} INFO - Setting next_dagrun for assignment_hard to None, run_after=None
[2023-01-31T10:42:28.363+0000] {processor.py:175} INFO - Processing /opt/airflow/dags/assignment_hard.py took 0.295 seconds
[2023-01-31T10:42:58.549+0000] {processor.py:153} INFO - Started process (PID=4453) to work on /opt/airflow/dags/assignment_hard.py
[2023-01-31T10:42:58.554+0000] {processor.py:743} INFO - Processing file /opt/airflow/dags/assignment_hard.py for tasks to queue
[2023-01-31T10:42:58.556+0000] {logging_mixin.py:137} INFO - [2023-01-31T10:42:58.556+0000] {dagbag.py:538} INFO - Filling up the DagBag from /opt/airflow/dags/assignment_hard.py
[2023-01-31T10:42:58.631+0000] {processor.py:753} INFO - DAG(s) dict_keys(['assignment_hard']) retrieved from /opt/airflow/dags/assignment_hard.py
[2023-01-31T10:42:58.675+0000] {logging_mixin.py:137} INFO - [2023-01-31T10:42:58.674+0000] {dag.py:2690} INFO - Sync 1 DAGs
[2023-01-31T10:42:58.717+0000] {logging_mixin.py:137} INFO - [2023-01-31T10:42:58.717+0000] {dag.py:3441} INFO - Setting next_dagrun for assignment_hard to None, run_after=None
[2023-01-31T10:42:58.736+0000] {processor.py:175} INFO - Processing /opt/airflow/dags/assignment_hard.py took 0.193 seconds
[2023-01-31T10:43:29.141+0000] {processor.py:153} INFO - Started process (PID=4531) to work on /opt/airflow/dags/assignment_hard.py
[2023-01-31T10:43:29.143+0000] {processor.py:743} INFO - Processing file /opt/airflow/dags/assignment_hard.py for tasks to queue
[2023-01-31T10:43:29.144+0000] {logging_mixin.py:137} INFO - [2023-01-31T10:43:29.144+0000] {dagbag.py:538} INFO - Filling up the DagBag from /opt/airflow/dags/assignment_hard.py
[2023-01-31T10:43:29.185+0000] {processor.py:753} INFO - DAG(s) dict_keys(['assignment_hard']) retrieved from /opt/airflow/dags/assignment_hard.py
[2023-01-31T10:43:29.218+0000] {logging_mixin.py:137} INFO - [2023-01-31T10:43:29.218+0000] {dag.py:2690} INFO - Sync 1 DAGs
[2023-01-31T10:43:29.290+0000] {logging_mixin.py:137} INFO - [2023-01-31T10:43:29.290+0000] {dag.py:3441} INFO - Setting next_dagrun for assignment_hard to None, run_after=None
[2023-01-31T10:43:29.319+0000] {processor.py:175} INFO - Processing /opt/airflow/dags/assignment_hard.py took 0.183 seconds
[2023-01-31T10:43:59.755+0000] {processor.py:153} INFO - Started process (PID=4606) to work on /opt/airflow/dags/assignment_hard.py
[2023-01-31T10:43:59.760+0000] {processor.py:743} INFO - Processing file /opt/airflow/dags/assignment_hard.py for tasks to queue
[2023-01-31T10:43:59.762+0000] {logging_mixin.py:137} INFO - [2023-01-31T10:43:59.762+0000] {dagbag.py:538} INFO - Filling up the DagBag from /opt/airflow/dags/assignment_hard.py
[2023-01-31T10:43:59.891+0000] {processor.py:753} INFO - DAG(s) dict_keys(['assignment_hard']) retrieved from /opt/airflow/dags/assignment_hard.py
[2023-01-31T10:43:59.955+0000] {logging_mixin.py:137} INFO - [2023-01-31T10:43:59.955+0000] {dag.py:2690} INFO - Sync 1 DAGs
[2023-01-31T10:44:00.008+0000] {logging_mixin.py:137} INFO - [2023-01-31T10:44:00.008+0000] {dag.py:3441} INFO - Setting next_dagrun for assignment_hard to None, run_after=None
[2023-01-31T10:44:00.052+0000] {processor.py:175} INFO - Processing /opt/airflow/dags/assignment_hard.py took 0.312 seconds
