[2023-01-31T10:15:24.323+0000] {processor.py:153} INFO - Started process (PID=59) to work on /opt/airflow/dags/assignment_easy.py
[2023-01-31T10:15:24.336+0000] {processor.py:743} INFO - Processing file /opt/airflow/dags/assignment_easy.py for tasks to queue
[2023-01-31T10:15:24.378+0000] {logging_mixin.py:137} INFO - [2023-01-31T10:15:24.375+0000] {dagbag.py:538} INFO - Filling up the DagBag from /opt/airflow/dags/assignment_easy.py
[2023-01-31T10:15:24.596+0000] {processor.py:753} INFO - DAG(s) dict_keys(['easy']) retrieved from /opt/airflow/dags/assignment_easy.py
[2023-01-31T10:15:25.467+0000] {logging_mixin.py:137} INFO - [2023-01-31T10:15:25.461+0000] {dag.py:2690} INFO - Sync 1 DAGs
[2023-01-31T10:15:25.859+0000] {logging_mixin.py:137} INFO - [2023-01-31T10:15:25.858+0000] {dag.py:3441} INFO - Setting next_dagrun for easy to 2023-01-30T10:15:25.835587+00:00, run_after=2023-01-31T10:15:25.835587+00:00
[2023-01-31T10:15:26.081+0000] {processor.py:175} INFO - Processing /opt/airflow/dags/assignment_easy.py took 1.757 seconds
[2023-01-31T10:15:56.974+0000] {processor.py:153} INFO - Started process (PID=142) to work on /opt/airflow/dags/assignment_easy.py
[2023-01-31T10:15:56.980+0000] {processor.py:743} INFO - Processing file /opt/airflow/dags/assignment_easy.py for tasks to queue
[2023-01-31T10:15:56.985+0000] {logging_mixin.py:137} INFO - [2023-01-31T10:15:56.985+0000] {dagbag.py:538} INFO - Filling up the DagBag from /opt/airflow/dags/assignment_easy.py
[2023-01-31T10:15:57.046+0000] {processor.py:753} INFO - DAG(s) dict_keys(['easy']) retrieved from /opt/airflow/dags/assignment_easy.py
[2023-01-31T10:15:57.084+0000] {logging_mixin.py:137} INFO - [2023-01-31T10:15:57.083+0000] {dag.py:2690} INFO - Sync 1 DAGs
[2023-01-31T10:15:57.131+0000] {logging_mixin.py:137} INFO - [2023-01-31T10:15:57.131+0000] {dag.py:3441} INFO - Setting next_dagrun for easy to 2023-01-31T10:15:36.642559+00:00, run_after=2023-02-01T10:15:36.642559+00:00
[2023-01-31T10:15:57.159+0000] {processor.py:175} INFO - Processing /opt/airflow/dags/assignment_easy.py took 0.199 seconds
[2023-01-31T10:16:27.463+0000] {processor.py:153} INFO - Started process (PID=221) to work on /opt/airflow/dags/assignment_easy.py
[2023-01-31T10:16:27.465+0000] {processor.py:743} INFO - Processing file /opt/airflow/dags/assignment_easy.py for tasks to queue
[2023-01-31T10:16:27.468+0000] {logging_mixin.py:137} INFO - [2023-01-31T10:16:27.468+0000] {dagbag.py:538} INFO - Filling up the DagBag from /opt/airflow/dags/assignment_easy.py
[2023-01-31T10:16:27.508+0000] {processor.py:753} INFO - DAG(s) dict_keys(['easy']) retrieved from /opt/airflow/dags/assignment_easy.py
[2023-01-31T10:16:27.567+0000] {logging_mixin.py:137} INFO - [2023-01-31T10:16:27.566+0000] {dag.py:2690} INFO - Sync 1 DAGs
[2023-01-31T10:16:27.601+0000] {logging_mixin.py:137} INFO - [2023-01-31T10:16:27.601+0000] {dag.py:3441} INFO - Setting next_dagrun for easy to 2023-01-31T10:15:36.642559+00:00, run_after=2023-02-01T10:15:36.642559+00:00
[2023-01-31T10:16:27.625+0000] {processor.py:175} INFO - Processing /opt/airflow/dags/assignment_easy.py took 0.165 seconds
[2023-01-31T10:16:57.854+0000] {processor.py:153} INFO - Started process (PID=300) to work on /opt/airflow/dags/assignment_easy.py
[2023-01-31T10:16:57.856+0000] {processor.py:743} INFO - Processing file /opt/airflow/dags/assignment_easy.py for tasks to queue
[2023-01-31T10:16:57.860+0000] {logging_mixin.py:137} INFO - [2023-01-31T10:16:57.860+0000] {dagbag.py:538} INFO - Filling up the DagBag from /opt/airflow/dags/assignment_easy.py
[2023-01-31T10:16:57.895+0000] {processor.py:753} INFO - DAG(s) dict_keys(['easy']) retrieved from /opt/airflow/dags/assignment_easy.py
[2023-01-31T10:16:57.955+0000] {logging_mixin.py:137} INFO - [2023-01-31T10:16:57.955+0000] {dag.py:2690} INFO - Sync 1 DAGs
[2023-01-31T10:16:57.975+0000] {logging_mixin.py:137} INFO - [2023-01-31T10:16:57.975+0000] {dag.py:3441} INFO - Setting next_dagrun for easy to 2023-01-31T10:15:36.642559+00:00, run_after=2023-02-01T10:15:36.642559+00:00
[2023-01-31T10:16:57.991+0000] {processor.py:175} INFO - Processing /opt/airflow/dags/assignment_easy.py took 0.142 seconds
[2023-01-31T10:17:28.578+0000] {processor.py:153} INFO - Started process (PID=379) to work on /opt/airflow/dags/assignment_easy.py
[2023-01-31T10:17:28.582+0000] {processor.py:743} INFO - Processing file /opt/airflow/dags/assignment_easy.py for tasks to queue
[2023-01-31T10:17:28.585+0000] {logging_mixin.py:137} INFO - [2023-01-31T10:17:28.585+0000] {dagbag.py:538} INFO - Filling up the DagBag from /opt/airflow/dags/assignment_easy.py
[2023-01-31T10:17:28.628+0000] {processor.py:753} INFO - DAG(s) dict_keys(['easy']) retrieved from /opt/airflow/dags/assignment_easy.py
[2023-01-31T10:17:28.688+0000] {logging_mixin.py:137} INFO - [2023-01-31T10:17:28.688+0000] {dag.py:2690} INFO - Sync 1 DAGs
[2023-01-31T10:17:28.720+0000] {logging_mixin.py:137} INFO - [2023-01-31T10:17:28.720+0000] {dag.py:3441} INFO - Setting next_dagrun for easy to 2023-01-31T10:15:36.642559+00:00, run_after=2023-02-01T10:15:36.642559+00:00
[2023-01-31T10:17:28.743+0000] {processor.py:175} INFO - Processing /opt/airflow/dags/assignment_easy.py took 0.171 seconds
[2023-01-31T10:17:58.996+0000] {processor.py:153} INFO - Started process (PID=457) to work on /opt/airflow/dags/assignment_easy.py
[2023-01-31T10:17:58.999+0000] {processor.py:743} INFO - Processing file /opt/airflow/dags/assignment_easy.py for tasks to queue
[2023-01-31T10:17:59.001+0000] {logging_mixin.py:137} INFO - [2023-01-31T10:17:59.001+0000] {dagbag.py:538} INFO - Filling up the DagBag from /opt/airflow/dags/assignment_easy.py
[2023-01-31T10:17:59.044+0000] {processor.py:753} INFO - DAG(s) dict_keys(['easy']) retrieved from /opt/airflow/dags/assignment_easy.py
[2023-01-31T10:17:59.078+0000] {logging_mixin.py:137} INFO - [2023-01-31T10:17:59.078+0000] {dag.py:2690} INFO - Sync 1 DAGs
[2023-01-31T10:17:59.116+0000] {logging_mixin.py:137} INFO - [2023-01-31T10:17:59.116+0000] {dag.py:3441} INFO - Setting next_dagrun for easy to 2023-01-31T10:15:36.642559+00:00, run_after=2023-02-01T10:15:36.642559+00:00
[2023-01-31T10:17:59.156+0000] {processor.py:175} INFO - Processing /opt/airflow/dags/assignment_easy.py took 0.164 seconds
[2023-01-31T10:18:29.730+0000] {processor.py:153} INFO - Started process (PID=538) to work on /opt/airflow/dags/assignment_easy.py
[2023-01-31T10:18:29.740+0000] {processor.py:743} INFO - Processing file /opt/airflow/dags/assignment_easy.py for tasks to queue
[2023-01-31T10:18:29.743+0000] {logging_mixin.py:137} INFO - [2023-01-31T10:18:29.742+0000] {dagbag.py:538} INFO - Filling up the DagBag from /opt/airflow/dags/assignment_easy.py
[2023-01-31T10:18:29.814+0000] {processor.py:753} INFO - DAG(s) dict_keys(['easy']) retrieved from /opt/airflow/dags/assignment_easy.py
[2023-01-31T10:18:29.878+0000] {logging_mixin.py:137} INFO - [2023-01-31T10:18:29.878+0000] {dag.py:2690} INFO - Sync 1 DAGs
[2023-01-31T10:18:29.945+0000] {logging_mixin.py:137} INFO - [2023-01-31T10:18:29.945+0000] {dag.py:3441} INFO - Setting next_dagrun for easy to 2023-01-31T10:15:36.642559+00:00, run_after=2023-02-01T10:15:36.642559+00:00
[2023-01-31T10:18:29.980+0000] {processor.py:175} INFO - Processing /opt/airflow/dags/assignment_easy.py took 0.260 seconds
[2023-01-31T10:19:00.102+0000] {processor.py:153} INFO - Started process (PID=615) to work on /opt/airflow/dags/assignment_easy.py
[2023-01-31T10:19:00.112+0000] {processor.py:743} INFO - Processing file /opt/airflow/dags/assignment_easy.py for tasks to queue
[2023-01-31T10:19:00.117+0000] {logging_mixin.py:137} INFO - [2023-01-31T10:19:00.117+0000] {dagbag.py:538} INFO - Filling up the DagBag from /opt/airflow/dags/assignment_easy.py
[2023-01-31T10:19:00.152+0000] {processor.py:753} INFO - DAG(s) dict_keys(['easy']) retrieved from /opt/airflow/dags/assignment_easy.py
[2023-01-31T10:19:00.207+0000] {logging_mixin.py:137} INFO - [2023-01-31T10:19:00.207+0000] {dag.py:2690} INFO - Sync 1 DAGs
[2023-01-31T10:19:00.268+0000] {logging_mixin.py:137} INFO - [2023-01-31T10:19:00.268+0000] {dag.py:3441} INFO - Setting next_dagrun for easy to 2023-01-31T10:15:36.642559+00:00, run_after=2023-02-01T10:15:36.642559+00:00
[2023-01-31T10:19:00.324+0000] {processor.py:175} INFO - Processing /opt/airflow/dags/assignment_easy.py took 0.227 seconds
[2023-01-31T10:19:31.324+0000] {processor.py:153} INFO - Started process (PID=705) to work on /opt/airflow/dags/assignment_easy.py
[2023-01-31T10:19:31.325+0000] {processor.py:743} INFO - Processing file /opt/airflow/dags/assignment_easy.py for tasks to queue
[2023-01-31T10:19:31.326+0000] {logging_mixin.py:137} INFO - [2023-01-31T10:19:31.326+0000] {dagbag.py:538} INFO - Filling up the DagBag from /opt/airflow/dags/assignment_easy.py
[2023-01-31T10:19:31.347+0000] {processor.py:753} INFO - DAG(s) dict_keys(['easy']) retrieved from /opt/airflow/dags/assignment_easy.py
[2023-01-31T10:19:31.367+0000] {logging_mixin.py:137} INFO - [2023-01-31T10:19:31.367+0000] {dag.py:2690} INFO - Sync 1 DAGs
[2023-01-31T10:19:31.393+0000] {logging_mixin.py:137} INFO - [2023-01-31T10:19:31.393+0000] {dag.py:3441} INFO - Setting next_dagrun for easy to 2023-01-31T10:15:36.642559+00:00, run_after=2023-02-01T10:15:36.642559+00:00
[2023-01-31T10:19:31.422+0000] {processor.py:175} INFO - Processing /opt/airflow/dags/assignment_easy.py took 0.101 seconds
[2023-01-31T10:20:02.720+0000] {processor.py:153} INFO - Started process (PID=792) to work on /opt/airflow/dags/assignment_easy.py
[2023-01-31T10:20:02.723+0000] {processor.py:743} INFO - Processing file /opt/airflow/dags/assignment_easy.py for tasks to queue
[2023-01-31T10:20:02.726+0000] {logging_mixin.py:137} INFO - [2023-01-31T10:20:02.725+0000] {dagbag.py:538} INFO - Filling up the DagBag from /opt/airflow/dags/assignment_easy.py
[2023-01-31T10:20:02.765+0000] {processor.py:753} INFO - DAG(s) dict_keys(['easy']) retrieved from /opt/airflow/dags/assignment_easy.py
[2023-01-31T10:20:02.845+0000] {logging_mixin.py:137} INFO - [2023-01-31T10:20:02.845+0000] {dag.py:2690} INFO - Sync 1 DAGs
[2023-01-31T10:20:02.915+0000] {logging_mixin.py:137} INFO - [2023-01-31T10:20:02.915+0000] {dag.py:3441} INFO - Setting next_dagrun for easy to 2023-01-31T10:15:36.642559+00:00, run_after=2023-02-01T10:15:36.642559+00:00
[2023-01-31T10:20:02.948+0000] {processor.py:175} INFO - Processing /opt/airflow/dags/assignment_easy.py took 0.233 seconds
[2023-01-31T10:20:33.333+0000] {processor.py:153} INFO - Started process (PID=875) to work on /opt/airflow/dags/assignment_easy.py
[2023-01-31T10:20:33.342+0000] {processor.py:743} INFO - Processing file /opt/airflow/dags/assignment_easy.py for tasks to queue
[2023-01-31T10:20:33.345+0000] {logging_mixin.py:137} INFO - [2023-01-31T10:20:33.345+0000] {dagbag.py:538} INFO - Filling up the DagBag from /opt/airflow/dags/assignment_easy.py
[2023-01-31T10:20:33.386+0000] {processor.py:753} INFO - DAG(s) dict_keys(['easy']) retrieved from /opt/airflow/dags/assignment_easy.py
[2023-01-31T10:20:33.445+0000] {logging_mixin.py:137} INFO - [2023-01-31T10:20:33.445+0000] {dag.py:2690} INFO - Sync 1 DAGs
[2023-01-31T10:20:33.497+0000] {logging_mixin.py:137} INFO - [2023-01-31T10:20:33.497+0000] {dag.py:3441} INFO - Setting next_dagrun for easy to 2023-01-31T10:15:36.642559+00:00, run_after=2023-02-01T10:15:36.642559+00:00
[2023-01-31T10:20:33.627+0000] {processor.py:175} INFO - Processing /opt/airflow/dags/assignment_easy.py took 0.298 seconds
[2023-01-31T10:21:03.707+0000] {processor.py:153} INFO - Started process (PID=954) to work on /opt/airflow/dags/assignment_easy.py
[2023-01-31T10:21:03.709+0000] {processor.py:743} INFO - Processing file /opt/airflow/dags/assignment_easy.py for tasks to queue
[2023-01-31T10:21:03.712+0000] {logging_mixin.py:137} INFO - [2023-01-31T10:21:03.712+0000] {dagbag.py:538} INFO - Filling up the DagBag from /opt/airflow/dags/assignment_easy.py
[2023-01-31T10:21:03.752+0000] {processor.py:753} INFO - DAG(s) dict_keys(['easy']) retrieved from /opt/airflow/dags/assignment_easy.py
[2023-01-31T10:21:03.799+0000] {logging_mixin.py:137} INFO - [2023-01-31T10:21:03.798+0000] {dag.py:2690} INFO - Sync 1 DAGs
[2023-01-31T10:21:03.847+0000] {logging_mixin.py:137} INFO - [2023-01-31T10:21:03.847+0000] {dag.py:3441} INFO - Setting next_dagrun for easy to 2023-01-31T10:15:36.642559+00:00, run_after=2023-02-01T10:15:36.642559+00:00
[2023-01-31T10:21:03.869+0000] {processor.py:175} INFO - Processing /opt/airflow/dags/assignment_easy.py took 0.168 seconds
[2023-01-31T10:21:34.539+0000] {processor.py:153} INFO - Started process (PID=1033) to work on /opt/airflow/dags/assignment_easy.py
[2023-01-31T10:21:34.543+0000] {processor.py:743} INFO - Processing file /opt/airflow/dags/assignment_easy.py for tasks to queue
[2023-01-31T10:21:34.544+0000] {logging_mixin.py:137} INFO - [2023-01-31T10:21:34.544+0000] {dagbag.py:538} INFO - Filling up the DagBag from /opt/airflow/dags/assignment_easy.py
[2023-01-31T10:21:34.636+0000] {processor.py:753} INFO - DAG(s) dict_keys(['easy']) retrieved from /opt/airflow/dags/assignment_easy.py
[2023-01-31T10:21:34.761+0000] {logging_mixin.py:137} INFO - [2023-01-31T10:21:34.761+0000] {dag.py:2690} INFO - Sync 1 DAGs
[2023-01-31T10:21:34.814+0000] {logging_mixin.py:137} INFO - [2023-01-31T10:21:34.813+0000] {dag.py:3441} INFO - Setting next_dagrun for easy to 2023-01-31T10:15:36.642559+00:00, run_after=2023-02-01T10:15:36.642559+00:00
[2023-01-31T10:21:34.863+0000] {processor.py:175} INFO - Processing /opt/airflow/dags/assignment_easy.py took 0.337 seconds
[2023-01-31T10:22:06.040+0000] {processor.py:153} INFO - Started process (PID=1111) to work on /opt/airflow/dags/assignment_easy.py
[2023-01-31T10:22:06.052+0000] {processor.py:743} INFO - Processing file /opt/airflow/dags/assignment_easy.py for tasks to queue
[2023-01-31T10:22:06.096+0000] {logging_mixin.py:137} INFO - [2023-01-31T10:22:06.093+0000] {dagbag.py:538} INFO - Filling up the DagBag from /opt/airflow/dags/assignment_easy.py
[2023-01-31T10:22:06.315+0000] {processor.py:753} INFO - DAG(s) dict_keys(['easy']) retrieved from /opt/airflow/dags/assignment_easy.py
[2023-01-31T10:22:06.415+0000] {logging_mixin.py:137} INFO - [2023-01-31T10:22:06.414+0000] {dag.py:2690} INFO - Sync 1 DAGs
[2023-01-31T10:22:06.485+0000] {logging_mixin.py:137} INFO - [2023-01-31T10:22:06.485+0000] {dag.py:3441} INFO - Setting next_dagrun for easy to 2023-01-31T10:15:36.642559+00:00, run_after=2023-02-01T10:15:36.642559+00:00
[2023-01-31T10:22:06.595+0000] {processor.py:175} INFO - Processing /opt/airflow/dags/assignment_easy.py took 0.572 seconds
[2023-01-31T10:22:37.744+0000] {processor.py:153} INFO - Started process (PID=1206) to work on /opt/airflow/dags/assignment_easy.py
[2023-01-31T10:22:37.747+0000] {processor.py:743} INFO - Processing file /opt/airflow/dags/assignment_easy.py for tasks to queue
[2023-01-31T10:22:37.750+0000] {logging_mixin.py:137} INFO - [2023-01-31T10:22:37.749+0000] {dagbag.py:538} INFO - Filling up the DagBag from /opt/airflow/dags/assignment_easy.py
[2023-01-31T10:22:37.815+0000] {processor.py:753} INFO - DAG(s) dict_keys(['easy']) retrieved from /opt/airflow/dags/assignment_easy.py
[2023-01-31T10:22:37.880+0000] {logging_mixin.py:137} INFO - [2023-01-31T10:22:37.880+0000] {dag.py:2690} INFO - Sync 1 DAGs
[2023-01-31T10:22:37.932+0000] {logging_mixin.py:137} INFO - [2023-01-31T10:22:37.932+0000] {dag.py:3441} INFO - Setting next_dagrun for easy to 2023-01-31T10:15:36.642559+00:00, run_after=2023-02-01T10:15:36.642559+00:00
[2023-01-31T10:22:37.959+0000] {processor.py:175} INFO - Processing /opt/airflow/dags/assignment_easy.py took 0.223 seconds
[2023-01-31T10:23:08.603+0000] {processor.py:153} INFO - Started process (PID=1283) to work on /opt/airflow/dags/assignment_easy.py
[2023-01-31T10:23:08.639+0000] {processor.py:743} INFO - Processing file /opt/airflow/dags/assignment_easy.py for tasks to queue
[2023-01-31T10:23:08.693+0000] {logging_mixin.py:137} INFO - [2023-01-31T10:23:08.693+0000] {dagbag.py:538} INFO - Filling up the DagBag from /opt/airflow/dags/assignment_easy.py
[2023-01-31T10:23:08.931+0000] {processor.py:753} INFO - DAG(s) dict_keys(['easy']) retrieved from /opt/airflow/dags/assignment_easy.py
[2023-01-31T10:23:09.071+0000] {logging_mixin.py:137} INFO - [2023-01-31T10:23:09.071+0000] {dag.py:2690} INFO - Sync 1 DAGs
[2023-01-31T10:23:09.128+0000] {logging_mixin.py:137} INFO - [2023-01-31T10:23:09.127+0000] {dag.py:3441} INFO - Setting next_dagrun for easy to 2023-01-31T10:15:36.642559+00:00, run_after=2023-02-01T10:15:36.642559+00:00
[2023-01-31T10:23:09.168+0000] {processor.py:175} INFO - Processing /opt/airflow/dags/assignment_easy.py took 0.576 seconds
[2023-01-31T10:23:39.952+0000] {processor.py:153} INFO - Started process (PID=1362) to work on /opt/airflow/dags/assignment_easy.py
[2023-01-31T10:23:39.958+0000] {processor.py:743} INFO - Processing file /opt/airflow/dags/assignment_easy.py for tasks to queue
[2023-01-31T10:23:39.972+0000] {logging_mixin.py:137} INFO - [2023-01-31T10:23:39.971+0000] {dagbag.py:538} INFO - Filling up the DagBag from /opt/airflow/dags/assignment_easy.py
[2023-01-31T10:23:40.206+0000] {processor.py:753} INFO - DAG(s) dict_keys(['easy']) retrieved from /opt/airflow/dags/assignment_easy.py
[2023-01-31T10:23:40.375+0000] {logging_mixin.py:137} INFO - [2023-01-31T10:23:40.375+0000] {dag.py:2690} INFO - Sync 1 DAGs
[2023-01-31T10:23:40.445+0000] {logging_mixin.py:137} INFO - [2023-01-31T10:23:40.445+0000] {dag.py:3441} INFO - Setting next_dagrun for easy to 2023-01-31T10:15:36.642559+00:00, run_after=2023-02-01T10:15:36.642559+00:00
[2023-01-31T10:23:40.473+0000] {processor.py:175} INFO - Processing /opt/airflow/dags/assignment_easy.py took 0.528 seconds
[2023-01-31T10:24:11.173+0000] {processor.py:153} INFO - Started process (PID=1441) to work on /opt/airflow/dags/assignment_easy.py
[2023-01-31T10:24:11.180+0000] {processor.py:743} INFO - Processing file /opt/airflow/dags/assignment_easy.py for tasks to queue
[2023-01-31T10:24:11.195+0000] {logging_mixin.py:137} INFO - [2023-01-31T10:24:11.195+0000] {dagbag.py:538} INFO - Filling up the DagBag from /opt/airflow/dags/assignment_easy.py
[2023-01-31T10:24:11.290+0000] {processor.py:753} INFO - DAG(s) dict_keys(['easy']) retrieved from /opt/airflow/dags/assignment_easy.py
[2023-01-31T10:24:11.477+0000] {logging_mixin.py:137} INFO - [2023-01-31T10:24:11.476+0000] {dag.py:2690} INFO - Sync 1 DAGs
[2023-01-31T10:24:11.513+0000] {logging_mixin.py:137} INFO - [2023-01-31T10:24:11.513+0000] {dag.py:3441} INFO - Setting next_dagrun for easy to 2023-01-31T10:15:36.642559+00:00, run_after=2023-02-01T10:15:36.642559+00:00
[2023-01-31T10:24:11.548+0000] {processor.py:175} INFO - Processing /opt/airflow/dags/assignment_easy.py took 0.397 seconds
[2023-01-31T10:24:42.310+0000] {processor.py:153} INFO - Started process (PID=1519) to work on /opt/airflow/dags/assignment_easy.py
[2023-01-31T10:24:42.313+0000] {processor.py:743} INFO - Processing file /opt/airflow/dags/assignment_easy.py for tasks to queue
[2023-01-31T10:24:42.314+0000] {logging_mixin.py:137} INFO - [2023-01-31T10:24:42.314+0000] {dagbag.py:538} INFO - Filling up the DagBag from /opt/airflow/dags/assignment_easy.py
[2023-01-31T10:24:42.406+0000] {processor.py:753} INFO - DAG(s) dict_keys(['easy']) retrieved from /opt/airflow/dags/assignment_easy.py
[2023-01-31T10:24:42.511+0000] {logging_mixin.py:137} INFO - [2023-01-31T10:24:42.510+0000] {dag.py:2690} INFO - Sync 1 DAGs
[2023-01-31T10:24:42.570+0000] {logging_mixin.py:137} INFO - [2023-01-31T10:24:42.570+0000] {dag.py:3441} INFO - Setting next_dagrun for easy to 2023-01-31T10:15:36.642559+00:00, run_after=2023-02-01T10:15:36.642559+00:00
[2023-01-31T10:24:42.641+0000] {processor.py:175} INFO - Processing /opt/airflow/dags/assignment_easy.py took 0.349 seconds
[2023-01-31T10:25:12.748+0000] {processor.py:153} INFO - Started process (PID=1616) to work on /opt/airflow/dags/assignment_easy.py
[2023-01-31T10:25:12.752+0000] {processor.py:743} INFO - Processing file /opt/airflow/dags/assignment_easy.py for tasks to queue
[2023-01-31T10:25:12.756+0000] {logging_mixin.py:137} INFO - [2023-01-31T10:25:12.755+0000] {dagbag.py:538} INFO - Filling up the DagBag from /opt/airflow/dags/assignment_easy.py
[2023-01-31T10:25:12.826+0000] {processor.py:753} INFO - DAG(s) dict_keys(['easy']) retrieved from /opt/airflow/dags/assignment_easy.py
[2023-01-31T10:25:12.860+0000] {logging_mixin.py:137} INFO - [2023-01-31T10:25:12.860+0000] {dag.py:2690} INFO - Sync 1 DAGs
[2023-01-31T10:25:12.915+0000] {logging_mixin.py:137} INFO - [2023-01-31T10:25:12.915+0000] {dag.py:3441} INFO - Setting next_dagrun for easy to 2023-01-31T10:15:36.642559+00:00, run_after=2023-02-01T10:15:36.642559+00:00
[2023-01-31T10:25:12.935+0000] {processor.py:175} INFO - Processing /opt/airflow/dags/assignment_easy.py took 0.194 seconds
[2023-01-31T10:25:44.009+0000] {processor.py:153} INFO - Started process (PID=1697) to work on /opt/airflow/dags/assignment_easy.py
[2023-01-31T10:25:44.020+0000] {processor.py:743} INFO - Processing file /opt/airflow/dags/assignment_easy.py for tasks to queue
[2023-01-31T10:25:44.023+0000] {logging_mixin.py:137} INFO - [2023-01-31T10:25:44.023+0000] {dagbag.py:538} INFO - Filling up the DagBag from /opt/airflow/dags/assignment_easy.py
[2023-01-31T10:25:44.091+0000] {processor.py:753} INFO - DAG(s) dict_keys(['easy']) retrieved from /opt/airflow/dags/assignment_easy.py
[2023-01-31T10:25:44.164+0000] {logging_mixin.py:137} INFO - [2023-01-31T10:25:44.164+0000] {dag.py:2690} INFO - Sync 1 DAGs
[2023-01-31T10:25:44.274+0000] {logging_mixin.py:137} INFO - [2023-01-31T10:25:44.274+0000] {dag.py:3441} INFO - Setting next_dagrun for easy to 2023-01-31T10:15:36.642559+00:00, run_after=2023-02-01T10:15:36.642559+00:00
[2023-01-31T10:25:44.394+0000] {processor.py:175} INFO - Processing /opt/airflow/dags/assignment_easy.py took 0.401 seconds
[2023-01-31T10:26:15.869+0000] {processor.py:153} INFO - Started process (PID=1776) to work on /opt/airflow/dags/assignment_easy.py
[2023-01-31T10:26:15.891+0000] {processor.py:743} INFO - Processing file /opt/airflow/dags/assignment_easy.py for tasks to queue
[2023-01-31T10:26:15.910+0000] {logging_mixin.py:137} INFO - [2023-01-31T10:26:15.909+0000] {dagbag.py:538} INFO - Filling up the DagBag from /opt/airflow/dags/assignment_easy.py
[2023-01-31T10:26:16.237+0000] {processor.py:753} INFO - DAG(s) dict_keys(['easy']) retrieved from /opt/airflow/dags/assignment_easy.py
[2023-01-31T10:26:16.342+0000] {logging_mixin.py:137} INFO - [2023-01-31T10:26:16.342+0000] {dag.py:2690} INFO - Sync 1 DAGs
[2023-01-31T10:26:16.387+0000] {logging_mixin.py:137} INFO - [2023-01-31T10:26:16.387+0000] {dag.py:3441} INFO - Setting next_dagrun for easy to 2023-01-31T10:15:36.642559+00:00, run_after=2023-02-01T10:15:36.642559+00:00
[2023-01-31T10:26:16.410+0000] {processor.py:175} INFO - Processing /opt/airflow/dags/assignment_easy.py took 0.665 seconds
[2023-01-31T10:26:47.314+0000] {processor.py:153} INFO - Started process (PID=1859) to work on /opt/airflow/dags/assignment_easy.py
[2023-01-31T10:26:47.320+0000] {processor.py:743} INFO - Processing file /opt/airflow/dags/assignment_easy.py for tasks to queue
[2023-01-31T10:26:47.322+0000] {logging_mixin.py:137} INFO - [2023-01-31T10:26:47.322+0000] {dagbag.py:538} INFO - Filling up the DagBag from /opt/airflow/dags/assignment_easy.py
[2023-01-31T10:26:47.381+0000] {processor.py:753} INFO - DAG(s) dict_keys(['easy']) retrieved from /opt/airflow/dags/assignment_easy.py
[2023-01-31T10:26:47.447+0000] {logging_mixin.py:137} INFO - [2023-01-31T10:26:47.447+0000] {dag.py:2690} INFO - Sync 1 DAGs
[2023-01-31T10:26:47.478+0000] {logging_mixin.py:137} INFO - [2023-01-31T10:26:47.478+0000] {dag.py:3441} INFO - Setting next_dagrun for easy to 2023-01-31T10:15:36.642559+00:00, run_after=2023-02-01T10:15:36.642559+00:00
[2023-01-31T10:26:47.497+0000] {processor.py:175} INFO - Processing /opt/airflow/dags/assignment_easy.py took 0.189 seconds
[2023-01-31T10:27:17.948+0000] {processor.py:153} INFO - Started process (PID=1954) to work on /opt/airflow/dags/assignment_easy.py
[2023-01-31T10:27:17.955+0000] {processor.py:743} INFO - Processing file /opt/airflow/dags/assignment_easy.py for tasks to queue
[2023-01-31T10:27:17.959+0000] {logging_mixin.py:137} INFO - [2023-01-31T10:27:17.958+0000] {dagbag.py:538} INFO - Filling up the DagBag from /opt/airflow/dags/assignment_easy.py
[2023-01-31T10:27:18.008+0000] {processor.py:753} INFO - DAG(s) dict_keys(['easy']) retrieved from /opt/airflow/dags/assignment_easy.py
[2023-01-31T10:27:18.051+0000] {logging_mixin.py:137} INFO - [2023-01-31T10:27:18.051+0000] {dag.py:2690} INFO - Sync 1 DAGs
[2023-01-31T10:27:18.078+0000] {logging_mixin.py:137} INFO - [2023-01-31T10:27:18.077+0000] {dag.py:3441} INFO - Setting next_dagrun for easy to 2023-01-31T10:15:36.642559+00:00, run_after=2023-02-01T10:15:36.642559+00:00
[2023-01-31T10:27:18.102+0000] {processor.py:175} INFO - Processing /opt/airflow/dags/assignment_easy.py took 0.169 seconds
[2023-01-31T10:27:49.012+0000] {processor.py:153} INFO - Started process (PID=2034) to work on /opt/airflow/dags/assignment_easy.py
[2023-01-31T10:27:49.016+0000] {processor.py:743} INFO - Processing file /opt/airflow/dags/assignment_easy.py for tasks to queue
[2023-01-31T10:27:49.018+0000] {logging_mixin.py:137} INFO - [2023-01-31T10:27:49.018+0000] {dagbag.py:538} INFO - Filling up the DagBag from /opt/airflow/dags/assignment_easy.py
[2023-01-31T10:27:49.133+0000] {processor.py:753} INFO - DAG(s) dict_keys(['easy']) retrieved from /opt/airflow/dags/assignment_easy.py
[2023-01-31T10:27:49.210+0000] {logging_mixin.py:137} INFO - [2023-01-31T10:27:49.209+0000] {dag.py:2690} INFO - Sync 1 DAGs
[2023-01-31T10:27:49.240+0000] {logging_mixin.py:137} INFO - [2023-01-31T10:27:49.240+0000] {dag.py:3441} INFO - Setting next_dagrun for easy to 2023-01-31T10:15:36.642559+00:00, run_after=2023-02-01T10:15:36.642559+00:00
[2023-01-31T10:27:49.262+0000] {processor.py:175} INFO - Processing /opt/airflow/dags/assignment_easy.py took 0.257 seconds
[2023-01-31T10:28:20.043+0000] {processor.py:153} INFO - Started process (PID=2122) to work on /opt/airflow/dags/assignment_easy.py
[2023-01-31T10:28:20.047+0000] {processor.py:743} INFO - Processing file /opt/airflow/dags/assignment_easy.py for tasks to queue
[2023-01-31T10:28:20.050+0000] {logging_mixin.py:137} INFO - [2023-01-31T10:28:20.050+0000] {dagbag.py:538} INFO - Filling up the DagBag from /opt/airflow/dags/assignment_easy.py
[2023-01-31T10:28:20.124+0000] {processor.py:753} INFO - DAG(s) dict_keys(['easy']) retrieved from /opt/airflow/dags/assignment_easy.py
[2023-01-31T10:28:20.199+0000] {logging_mixin.py:137} INFO - [2023-01-31T10:28:20.198+0000] {dag.py:2690} INFO - Sync 1 DAGs
[2023-01-31T10:28:20.250+0000] {logging_mixin.py:137} INFO - [2023-01-31T10:28:20.249+0000] {dag.py:3441} INFO - Setting next_dagrun for easy to 2023-01-31T10:15:36.642559+00:00, run_after=2023-02-01T10:15:36.642559+00:00
[2023-01-31T10:28:20.309+0000] {processor.py:175} INFO - Processing /opt/airflow/dags/assignment_easy.py took 0.270 seconds
[2023-01-31T10:28:50.568+0000] {processor.py:153} INFO - Started process (PID=2208) to work on /opt/airflow/dags/assignment_easy.py
[2023-01-31T10:28:50.575+0000] {processor.py:743} INFO - Processing file /opt/airflow/dags/assignment_easy.py for tasks to queue
[2023-01-31T10:28:50.576+0000] {logging_mixin.py:137} INFO - [2023-01-31T10:28:50.576+0000] {dagbag.py:538} INFO - Filling up the DagBag from /opt/airflow/dags/assignment_easy.py
[2023-01-31T10:28:50.637+0000] {processor.py:753} INFO - DAG(s) dict_keys(['easy']) retrieved from /opt/airflow/dags/assignment_easy.py
[2023-01-31T10:28:50.700+0000] {logging_mixin.py:137} INFO - [2023-01-31T10:28:50.699+0000] {dag.py:2690} INFO - Sync 1 DAGs
[2023-01-31T10:28:50.724+0000] {logging_mixin.py:137} INFO - [2023-01-31T10:28:50.724+0000] {dag.py:3441} INFO - Setting next_dagrun for easy to 2023-01-31T10:15:36.642559+00:00, run_after=2023-02-01T10:15:36.642559+00:00
[2023-01-31T10:28:50.761+0000] {processor.py:175} INFO - Processing /opt/airflow/dags/assignment_easy.py took 0.202 seconds
[2023-01-31T10:29:21.244+0000] {processor.py:153} INFO - Started process (PID=2286) to work on /opt/airflow/dags/assignment_easy.py
[2023-01-31T10:29:21.249+0000] {processor.py:743} INFO - Processing file /opt/airflow/dags/assignment_easy.py for tasks to queue
[2023-01-31T10:29:21.255+0000] {logging_mixin.py:137} INFO - [2023-01-31T10:29:21.255+0000] {dagbag.py:538} INFO - Filling up the DagBag from /opt/airflow/dags/assignment_easy.py
[2023-01-31T10:29:21.355+0000] {processor.py:753} INFO - DAG(s) dict_keys(['easy']) retrieved from /opt/airflow/dags/assignment_easy.py
[2023-01-31T10:29:21.422+0000] {logging_mixin.py:137} INFO - [2023-01-31T10:29:21.422+0000] {dag.py:2690} INFO - Sync 1 DAGs
[2023-01-31T10:29:21.505+0000] {logging_mixin.py:137} INFO - [2023-01-31T10:29:21.504+0000] {dag.py:3441} INFO - Setting next_dagrun for easy to 2023-01-31T10:15:36.642559+00:00, run_after=2023-02-01T10:15:36.642559+00:00
[2023-01-31T10:29:21.538+0000] {processor.py:175} INFO - Processing /opt/airflow/dags/assignment_easy.py took 0.343 seconds
[2023-01-31T10:29:51.812+0000] {processor.py:153} INFO - Started process (PID=2365) to work on /opt/airflow/dags/assignment_easy.py
[2023-01-31T10:29:51.814+0000] {processor.py:743} INFO - Processing file /opt/airflow/dags/assignment_easy.py for tasks to queue
[2023-01-31T10:29:51.815+0000] {logging_mixin.py:137} INFO - [2023-01-31T10:29:51.815+0000] {dagbag.py:538} INFO - Filling up the DagBag from /opt/airflow/dags/assignment_easy.py
[2023-01-31T10:29:51.892+0000] {processor.py:753} INFO - DAG(s) dict_keys(['easy']) retrieved from /opt/airflow/dags/assignment_easy.py
[2023-01-31T10:29:51.967+0000] {logging_mixin.py:137} INFO - [2023-01-31T10:29:51.967+0000] {dag.py:2690} INFO - Sync 1 DAGs
[2023-01-31T10:29:52.017+0000] {logging_mixin.py:137} INFO - [2023-01-31T10:29:52.017+0000] {dag.py:3441} INFO - Setting next_dagrun for easy to 2023-01-31T10:15:36.642559+00:00, run_after=2023-02-01T10:15:36.642559+00:00
[2023-01-31T10:29:52.033+0000] {processor.py:175} INFO - Processing /opt/airflow/dags/assignment_easy.py took 0.229 seconds
[2023-01-31T10:30:22.704+0000] {processor.py:153} INFO - Started process (PID=2444) to work on /opt/airflow/dags/assignment_easy.py
[2023-01-31T10:30:22.708+0000] {processor.py:743} INFO - Processing file /opt/airflow/dags/assignment_easy.py for tasks to queue
[2023-01-31T10:30:22.710+0000] {logging_mixin.py:137} INFO - [2023-01-31T10:30:22.710+0000] {dagbag.py:538} INFO - Filling up the DagBag from /opt/airflow/dags/assignment_easy.py
[2023-01-31T10:30:22.835+0000] {processor.py:753} INFO - DAG(s) dict_keys(['easy']) retrieved from /opt/airflow/dags/assignment_easy.py
[2023-01-31T10:30:22.947+0000] {logging_mixin.py:137} INFO - [2023-01-31T10:30:22.947+0000] {dag.py:2690} INFO - Sync 1 DAGs
[2023-01-31T10:30:23.015+0000] {logging_mixin.py:137} INFO - [2023-01-31T10:30:23.015+0000] {dag.py:3441} INFO - Setting next_dagrun for easy to 2023-01-31T10:15:36.642559+00:00, run_after=2023-02-01T10:15:36.642559+00:00
[2023-01-31T10:30:23.050+0000] {processor.py:175} INFO - Processing /opt/airflow/dags/assignment_easy.py took 0.385 seconds
[2023-01-31T10:30:53.603+0000] {processor.py:153} INFO - Started process (PID=2523) to work on /opt/airflow/dags/assignment_easy.py
[2023-01-31T10:30:53.608+0000] {processor.py:743} INFO - Processing file /opt/airflow/dags/assignment_easy.py for tasks to queue
[2023-01-31T10:30:53.610+0000] {logging_mixin.py:137} INFO - [2023-01-31T10:30:53.610+0000] {dagbag.py:538} INFO - Filling up the DagBag from /opt/airflow/dags/assignment_easy.py
[2023-01-31T10:30:53.698+0000] {processor.py:753} INFO - DAG(s) dict_keys(['easy']) retrieved from /opt/airflow/dags/assignment_easy.py
[2023-01-31T10:30:53.794+0000] {logging_mixin.py:137} INFO - [2023-01-31T10:30:53.793+0000] {dag.py:2690} INFO - Sync 1 DAGs
[2023-01-31T10:30:53.831+0000] {logging_mixin.py:137} INFO - [2023-01-31T10:30:53.831+0000] {dag.py:3441} INFO - Setting next_dagrun for easy to 2023-01-31T10:15:36.642559+00:00, run_after=2023-02-01T10:15:36.642559+00:00
[2023-01-31T10:30:53.859+0000] {processor.py:175} INFO - Processing /opt/airflow/dags/assignment_easy.py took 0.281 seconds
[2023-01-31T10:31:24.706+0000] {processor.py:153} INFO - Started process (PID=2616) to work on /opt/airflow/dags/assignment_easy.py
[2023-01-31T10:31:24.711+0000] {processor.py:743} INFO - Processing file /opt/airflow/dags/assignment_easy.py for tasks to queue
[2023-01-31T10:31:24.713+0000] {logging_mixin.py:137} INFO - [2023-01-31T10:31:24.713+0000] {dagbag.py:538} INFO - Filling up the DagBag from /opt/airflow/dags/assignment_easy.py
[2023-01-31T10:31:24.751+0000] {processor.py:753} INFO - DAG(s) dict_keys(['easy']) retrieved from /opt/airflow/dags/assignment_easy.py
[2023-01-31T10:31:24.781+0000] {logging_mixin.py:137} INFO - [2023-01-31T10:31:24.781+0000] {dag.py:2690} INFO - Sync 1 DAGs
[2023-01-31T10:31:24.807+0000] {logging_mixin.py:137} INFO - [2023-01-31T10:31:24.807+0000] {dag.py:3441} INFO - Setting next_dagrun for easy to 2023-01-31T10:15:36.642559+00:00, run_after=2023-02-01T10:15:36.642559+00:00
[2023-01-31T10:31:24.831+0000] {processor.py:175} INFO - Processing /opt/airflow/dags/assignment_easy.py took 0.130 seconds
[2023-01-31T10:31:55.100+0000] {processor.py:153} INFO - Started process (PID=2694) to work on /opt/airflow/dags/assignment_easy.py
[2023-01-31T10:31:55.104+0000] {processor.py:743} INFO - Processing file /opt/airflow/dags/assignment_easy.py for tasks to queue
[2023-01-31T10:31:55.106+0000] {logging_mixin.py:137} INFO - [2023-01-31T10:31:55.106+0000] {dagbag.py:538} INFO - Filling up the DagBag from /opt/airflow/dags/assignment_easy.py
[2023-01-31T10:31:55.156+0000] {processor.py:753} INFO - DAG(s) dict_keys(['easy']) retrieved from /opt/airflow/dags/assignment_easy.py
[2023-01-31T10:31:55.230+0000] {logging_mixin.py:137} INFO - [2023-01-31T10:31:55.230+0000] {dag.py:2690} INFO - Sync 1 DAGs
[2023-01-31T10:31:55.311+0000] {logging_mixin.py:137} INFO - [2023-01-31T10:31:55.311+0000] {dag.py:3441} INFO - Setting next_dagrun for easy to 2023-01-31T10:15:36.642559+00:00, run_after=2023-02-01T10:15:36.642559+00:00
[2023-01-31T10:31:55.357+0000] {processor.py:175} INFO - Processing /opt/airflow/dags/assignment_easy.py took 0.272 seconds
[2023-01-31T10:32:25.801+0000] {processor.py:153} INFO - Started process (PID=2773) to work on /opt/airflow/dags/assignment_easy.py
[2023-01-31T10:32:25.804+0000] {processor.py:743} INFO - Processing file /opt/airflow/dags/assignment_easy.py for tasks to queue
[2023-01-31T10:32:25.806+0000] {logging_mixin.py:137} INFO - [2023-01-31T10:32:25.806+0000] {dagbag.py:538} INFO - Filling up the DagBag from /opt/airflow/dags/assignment_easy.py
[2023-01-31T10:32:25.890+0000] {processor.py:753} INFO - DAG(s) dict_keys(['easy']) retrieved from /opt/airflow/dags/assignment_easy.py
[2023-01-31T10:32:26.128+0000] {logging_mixin.py:137} INFO - [2023-01-31T10:32:26.128+0000] {dag.py:2690} INFO - Sync 1 DAGs
[2023-01-31T10:32:26.230+0000] {logging_mixin.py:137} INFO - [2023-01-31T10:32:26.230+0000] {dag.py:3441} INFO - Setting next_dagrun for easy to 2023-01-31T10:15:36.642559+00:00, run_after=2023-02-01T10:15:36.642559+00:00
[2023-01-31T10:32:26.303+0000] {processor.py:175} INFO - Processing /opt/airflow/dags/assignment_easy.py took 0.513 seconds
[2023-01-31T10:32:56.990+0000] {processor.py:153} INFO - Started process (PID=2868) to work on /opt/airflow/dags/assignment_easy.py
[2023-01-31T10:32:56.994+0000] {processor.py:743} INFO - Processing file /opt/airflow/dags/assignment_easy.py for tasks to queue
[2023-01-31T10:32:56.996+0000] {logging_mixin.py:137} INFO - [2023-01-31T10:32:56.996+0000] {dagbag.py:538} INFO - Filling up the DagBag from /opt/airflow/dags/assignment_easy.py
[2023-01-31T10:32:57.088+0000] {processor.py:753} INFO - DAG(s) dict_keys(['easy']) retrieved from /opt/airflow/dags/assignment_easy.py
[2023-01-31T10:32:57.187+0000] {logging_mixin.py:137} INFO - [2023-01-31T10:32:57.186+0000] {dag.py:2690} INFO - Sync 1 DAGs
[2023-01-31T10:32:57.237+0000] {logging_mixin.py:137} INFO - [2023-01-31T10:32:57.237+0000] {dag.py:3441} INFO - Setting next_dagrun for easy to 2023-01-31T10:15:36.642559+00:00, run_after=2023-02-01T10:15:36.642559+00:00
[2023-01-31T10:32:57.285+0000] {processor.py:175} INFO - Processing /opt/airflow/dags/assignment_easy.py took 0.306 seconds
[2023-01-31T10:33:28.246+0000] {processor.py:153} INFO - Started process (PID=2947) to work on /opt/airflow/dags/assignment_easy.py
[2023-01-31T10:33:28.249+0000] {processor.py:743} INFO - Processing file /opt/airflow/dags/assignment_easy.py for tasks to queue
[2023-01-31T10:33:28.253+0000] {logging_mixin.py:137} INFO - [2023-01-31T10:33:28.253+0000] {dagbag.py:538} INFO - Filling up the DagBag from /opt/airflow/dags/assignment_easy.py
[2023-01-31T10:33:28.307+0000] {processor.py:753} INFO - DAG(s) dict_keys(['easy']) retrieved from /opt/airflow/dags/assignment_easy.py
[2023-01-31T10:33:28.470+0000] {logging_mixin.py:137} INFO - [2023-01-31T10:33:28.470+0000] {dag.py:2690} INFO - Sync 1 DAGs
[2023-01-31T10:33:28.507+0000] {logging_mixin.py:137} INFO - [2023-01-31T10:33:28.507+0000] {dag.py:3441} INFO - Setting next_dagrun for easy to 2023-01-31T10:15:36.642559+00:00, run_after=2023-02-01T10:15:36.642559+00:00
[2023-01-31T10:33:28.530+0000] {processor.py:175} INFO - Processing /opt/airflow/dags/assignment_easy.py took 0.291 seconds
[2023-01-31T10:33:59.604+0000] {processor.py:153} INFO - Started process (PID=3042) to work on /opt/airflow/dags/assignment_easy.py
[2023-01-31T10:33:59.607+0000] {processor.py:743} INFO - Processing file /opt/airflow/dags/assignment_easy.py for tasks to queue
[2023-01-31T10:33:59.609+0000] {logging_mixin.py:137} INFO - [2023-01-31T10:33:59.609+0000] {dagbag.py:538} INFO - Filling up the DagBag from /opt/airflow/dags/assignment_easy.py
[2023-01-31T10:33:59.659+0000] {processor.py:753} INFO - DAG(s) dict_keys(['easy']) retrieved from /opt/airflow/dags/assignment_easy.py
[2023-01-31T10:33:59.714+0000] {logging_mixin.py:137} INFO - [2023-01-31T10:33:59.714+0000] {dag.py:2690} INFO - Sync 1 DAGs
[2023-01-31T10:33:59.768+0000] {logging_mixin.py:137} INFO - [2023-01-31T10:33:59.768+0000] {dag.py:3441} INFO - Setting next_dagrun for easy to 2023-01-31T10:15:36.642559+00:00, run_after=2023-02-01T10:15:36.642559+00:00
[2023-01-31T10:33:59.796+0000] {processor.py:175} INFO - Processing /opt/airflow/dags/assignment_easy.py took 0.196 seconds
[2023-01-31T10:34:30.772+0000] {processor.py:153} INFO - Started process (PID=3121) to work on /opt/airflow/dags/assignment_easy.py
[2023-01-31T10:34:30.776+0000] {processor.py:743} INFO - Processing file /opt/airflow/dags/assignment_easy.py for tasks to queue
[2023-01-31T10:34:30.778+0000] {logging_mixin.py:137} INFO - [2023-01-31T10:34:30.778+0000] {dagbag.py:538} INFO - Filling up the DagBag from /opt/airflow/dags/assignment_easy.py
[2023-01-31T10:34:30.841+0000] {processor.py:753} INFO - DAG(s) dict_keys(['easy']) retrieved from /opt/airflow/dags/assignment_easy.py
[2023-01-31T10:34:30.925+0000] {logging_mixin.py:137} INFO - [2023-01-31T10:34:30.925+0000] {dag.py:2690} INFO - Sync 1 DAGs
[2023-01-31T10:34:30.969+0000] {logging_mixin.py:137} INFO - [2023-01-31T10:34:30.968+0000] {dag.py:3441} INFO - Setting next_dagrun for easy to 2023-01-31T10:15:36.642559+00:00, run_after=2023-02-01T10:15:36.642559+00:00
[2023-01-31T10:34:30.992+0000] {processor.py:175} INFO - Processing /opt/airflow/dags/assignment_easy.py took 0.233 seconds
[2023-01-31T10:35:01.290+0000] {processor.py:153} INFO - Started process (PID=3201) to work on /opt/airflow/dags/assignment_easy.py
[2023-01-31T10:35:01.293+0000] {processor.py:743} INFO - Processing file /opt/airflow/dags/assignment_easy.py for tasks to queue
[2023-01-31T10:35:01.295+0000] {logging_mixin.py:137} INFO - [2023-01-31T10:35:01.295+0000] {dagbag.py:538} INFO - Filling up the DagBag from /opt/airflow/dags/assignment_easy.py
[2023-01-31T10:35:01.378+0000] {processor.py:753} INFO - DAG(s) dict_keys(['easy']) retrieved from /opt/airflow/dags/assignment_easy.py
[2023-01-31T10:35:01.476+0000] {logging_mixin.py:137} INFO - [2023-01-31T10:35:01.476+0000] {dag.py:2690} INFO - Sync 1 DAGs
[2023-01-31T10:35:01.526+0000] {logging_mixin.py:137} INFO - [2023-01-31T10:35:01.526+0000] {dag.py:3441} INFO - Setting next_dagrun for easy to 2023-01-31T10:15:36.642559+00:00, run_after=2023-02-01T10:15:36.642559+00:00
[2023-01-31T10:35:01.551+0000] {processor.py:175} INFO - Processing /opt/airflow/dags/assignment_easy.py took 0.266 seconds
[2023-01-31T10:35:32.605+0000] {processor.py:153} INFO - Started process (PID=3284) to work on /opt/airflow/dags/assignment_easy.py
[2023-01-31T10:35:32.613+0000] {processor.py:743} INFO - Processing file /opt/airflow/dags/assignment_easy.py for tasks to queue
[2023-01-31T10:35:32.617+0000] {logging_mixin.py:137} INFO - [2023-01-31T10:35:32.616+0000] {dagbag.py:538} INFO - Filling up the DagBag from /opt/airflow/dags/assignment_easy.py
[2023-01-31T10:35:32.661+0000] {processor.py:753} INFO - DAG(s) dict_keys(['easy']) retrieved from /opt/airflow/dags/assignment_easy.py
[2023-01-31T10:35:32.719+0000] {logging_mixin.py:137} INFO - [2023-01-31T10:35:32.719+0000] {dag.py:2690} INFO - Sync 1 DAGs
[2023-01-31T10:35:32.766+0000] {logging_mixin.py:137} INFO - [2023-01-31T10:35:32.766+0000] {dag.py:3441} INFO - Setting next_dagrun for easy to 2023-01-31T10:15:36.642559+00:00, run_after=2023-02-01T10:15:36.642559+00:00
[2023-01-31T10:35:32.787+0000] {processor.py:175} INFO - Processing /opt/airflow/dags/assignment_easy.py took 0.211 seconds
[2023-01-31T10:36:03.701+0000] {processor.py:153} INFO - Started process (PID=3372) to work on /opt/airflow/dags/assignment_easy.py
[2023-01-31T10:36:03.741+0000] {processor.py:743} INFO - Processing file /opt/airflow/dags/assignment_easy.py for tasks to queue
[2023-01-31T10:36:03.768+0000] {logging_mixin.py:137} INFO - [2023-01-31T10:36:03.767+0000] {dagbag.py:538} INFO - Filling up the DagBag from /opt/airflow/dags/assignment_easy.py
[2023-01-31T10:36:04.012+0000] {processor.py:753} INFO - DAG(s) dict_keys(['easy']) retrieved from /opt/airflow/dags/assignment_easy.py
[2023-01-31T10:36:04.451+0000] {logging_mixin.py:137} INFO - [2023-01-31T10:36:04.451+0000] {dag.py:2690} INFO - Sync 1 DAGs
[2023-01-31T10:36:04.606+0000] {logging_mixin.py:137} INFO - [2023-01-31T10:36:04.606+0000] {dag.py:3441} INFO - Setting next_dagrun for easy to 2023-01-31T10:15:36.642559+00:00, run_after=2023-02-01T10:15:36.642559+00:00
[2023-01-31T10:36:04.806+0000] {processor.py:175} INFO - Processing /opt/airflow/dags/assignment_easy.py took 1.125 seconds
[2023-01-31T10:36:35.682+0000] {processor.py:153} INFO - Started process (PID=3458) to work on /opt/airflow/dags/assignment_easy.py
[2023-01-31T10:36:35.698+0000] {processor.py:743} INFO - Processing file /opt/airflow/dags/assignment_easy.py for tasks to queue
[2023-01-31T10:36:35.706+0000] {logging_mixin.py:137} INFO - [2023-01-31T10:36:35.704+0000] {dagbag.py:538} INFO - Filling up the DagBag from /opt/airflow/dags/assignment_easy.py
[2023-01-31T10:36:35.871+0000] {processor.py:753} INFO - DAG(s) dict_keys(['easy']) retrieved from /opt/airflow/dags/assignment_easy.py
[2023-01-31T10:36:36.046+0000] {logging_mixin.py:137} INFO - [2023-01-31T10:36:36.045+0000] {dag.py:2690} INFO - Sync 1 DAGs
[2023-01-31T10:36:36.136+0000] {logging_mixin.py:137} INFO - [2023-01-31T10:36:36.136+0000] {dag.py:3441} INFO - Setting next_dagrun for easy to 2023-01-31T10:15:36.642559+00:00, run_after=2023-02-01T10:15:36.642559+00:00
[2023-01-31T10:36:36.439+0000] {processor.py:175} INFO - Processing /opt/airflow/dags/assignment_easy.py took 0.778 seconds
[2023-01-31T10:37:08.361+0000] {processor.py:153} INFO - Started process (PID=3541) to work on /opt/airflow/dags/assignment_easy.py
[2023-01-31T10:37:08.374+0000] {processor.py:743} INFO - Processing file /opt/airflow/dags/assignment_easy.py for tasks to queue
[2023-01-31T10:37:08.384+0000] {logging_mixin.py:137} INFO - [2023-01-31T10:37:08.384+0000] {dagbag.py:538} INFO - Filling up the DagBag from /opt/airflow/dags/assignment_easy.py
[2023-01-31T10:37:08.599+0000] {processor.py:753} INFO - DAG(s) dict_keys(['easy']) retrieved from /opt/airflow/dags/assignment_easy.py
[2023-01-31T10:37:08.977+0000] {logging_mixin.py:137} INFO - [2023-01-31T10:37:08.977+0000] {dag.py:2690} INFO - Sync 1 DAGs
[2023-01-31T10:37:09.195+0000] {logging_mixin.py:137} INFO - [2023-01-31T10:37:09.194+0000] {dag.py:3441} INFO - Setting next_dagrun for easy to 2023-01-31T10:15:36.642559+00:00, run_after=2023-02-01T10:15:36.642559+00:00
[2023-01-31T10:37:09.422+0000] {processor.py:175} INFO - Processing /opt/airflow/dags/assignment_easy.py took 1.083 seconds
[2023-01-31T10:37:40.496+0000] {processor.py:153} INFO - Started process (PID=3620) to work on /opt/airflow/dags/assignment_easy.py
[2023-01-31T10:37:40.504+0000] {processor.py:743} INFO - Processing file /opt/airflow/dags/assignment_easy.py for tasks to queue
[2023-01-31T10:37:40.509+0000] {logging_mixin.py:137} INFO - [2023-01-31T10:37:40.509+0000] {dagbag.py:538} INFO - Filling up the DagBag from /opt/airflow/dags/assignment_easy.py
[2023-01-31T10:37:40.576+0000] {processor.py:753} INFO - DAG(s) dict_keys(['easy']) retrieved from /opt/airflow/dags/assignment_easy.py
[2023-01-31T10:37:40.642+0000] {logging_mixin.py:137} INFO - [2023-01-31T10:37:40.641+0000] {dag.py:2690} INFO - Sync 1 DAGs
[2023-01-31T10:37:40.678+0000] {logging_mixin.py:137} INFO - [2023-01-31T10:37:40.677+0000] {dag.py:3441} INFO - Setting next_dagrun for easy to 2023-01-31T10:15:36.642559+00:00, run_after=2023-02-01T10:15:36.642559+00:00
[2023-01-31T10:37:40.700+0000] {processor.py:175} INFO - Processing /opt/airflow/dags/assignment_easy.py took 0.208 seconds
[2023-01-31T10:38:11.689+0000] {processor.py:153} INFO - Started process (PID=3698) to work on /opt/airflow/dags/assignment_easy.py
[2023-01-31T10:38:11.713+0000] {processor.py:743} INFO - Processing file /opt/airflow/dags/assignment_easy.py for tasks to queue
[2023-01-31T10:38:11.751+0000] {logging_mixin.py:137} INFO - [2023-01-31T10:38:11.751+0000] {dagbag.py:538} INFO - Filling up the DagBag from /opt/airflow/dags/assignment_easy.py
[2023-01-31T10:38:13.255+0000] {processor.py:753} INFO - DAG(s) dict_keys(['easy']) retrieved from /opt/airflow/dags/assignment_easy.py
[2023-01-31T10:38:16.257+0000] {logging_mixin.py:137} INFO - [2023-01-31T10:38:16.253+0000] {dag.py:2690} INFO - Sync 1 DAGs
[2023-01-31T10:38:16.565+0000] {logging_mixin.py:137} INFO - [2023-01-31T10:38:16.565+0000] {dag.py:3441} INFO - Setting next_dagrun for easy to 2023-01-31T10:15:36.642559+00:00, run_after=2023-02-01T10:15:36.642559+00:00
[2023-01-31T10:38:17.242+0000] {processor.py:175} INFO - Processing /opt/airflow/dags/assignment_easy.py took 5.650 seconds
[2023-01-31T10:38:47.982+0000] {processor.py:153} INFO - Started process (PID=3789) to work on /opt/airflow/dags/assignment_easy.py
[2023-01-31T10:38:47.984+0000] {processor.py:743} INFO - Processing file /opt/airflow/dags/assignment_easy.py for tasks to queue
[2023-01-31T10:38:47.985+0000] {logging_mixin.py:137} INFO - [2023-01-31T10:38:47.985+0000] {dagbag.py:538} INFO - Filling up the DagBag from /opt/airflow/dags/assignment_easy.py
[2023-01-31T10:38:48.006+0000] {processor.py:753} INFO - DAG(s) dict_keys(['easy']) retrieved from /opt/airflow/dags/assignment_easy.py
[2023-01-31T10:38:48.050+0000] {logging_mixin.py:137} INFO - [2023-01-31T10:38:48.050+0000] {dag.py:2690} INFO - Sync 1 DAGs
[2023-01-31T10:38:48.095+0000] {logging_mixin.py:137} INFO - [2023-01-31T10:38:48.095+0000] {dag.py:3441} INFO - Setting next_dagrun for easy to 2023-01-31T10:15:36.642559+00:00, run_after=2023-02-01T10:15:36.642559+00:00
[2023-01-31T10:38:48.152+0000] {processor.py:175} INFO - Processing /opt/airflow/dags/assignment_easy.py took 0.172 seconds
[2023-01-31T10:39:19.584+0000] {processor.py:153} INFO - Started process (PID=3876) to work on /opt/airflow/dags/assignment_easy.py
[2023-01-31T10:39:19.589+0000] {processor.py:743} INFO - Processing file /opt/airflow/dags/assignment_easy.py for tasks to queue
[2023-01-31T10:39:19.594+0000] {logging_mixin.py:137} INFO - [2023-01-31T10:39:19.593+0000] {dagbag.py:538} INFO - Filling up the DagBag from /opt/airflow/dags/assignment_easy.py
[2023-01-31T10:39:19.750+0000] {processor.py:753} INFO - DAG(s) dict_keys(['easy']) retrieved from /opt/airflow/dags/assignment_easy.py
[2023-01-31T10:39:19.986+0000] {logging_mixin.py:137} INFO - [2023-01-31T10:39:19.986+0000] {dag.py:2690} INFO - Sync 1 DAGs
[2023-01-31T10:39:20.170+0000] {logging_mixin.py:137} INFO - [2023-01-31T10:39:20.170+0000] {dag.py:3441} INFO - Setting next_dagrun for easy to 2023-01-31T10:15:36.642559+00:00, run_after=2023-02-01T10:15:36.642559+00:00
[2023-01-31T10:39:20.197+0000] {processor.py:175} INFO - Processing /opt/airflow/dags/assignment_easy.py took 0.682 seconds
[2023-01-31T10:39:51.146+0000] {processor.py:153} INFO - Started process (PID=3956) to work on /opt/airflow/dags/assignment_easy.py
[2023-01-31T10:39:51.149+0000] {processor.py:743} INFO - Processing file /opt/airflow/dags/assignment_easy.py for tasks to queue
[2023-01-31T10:39:51.150+0000] {logging_mixin.py:137} INFO - [2023-01-31T10:39:51.150+0000] {dagbag.py:538} INFO - Filling up the DagBag from /opt/airflow/dags/assignment_easy.py
[2023-01-31T10:39:51.175+0000] {processor.py:753} INFO - DAG(s) dict_keys(['easy']) retrieved from /opt/airflow/dags/assignment_easy.py
[2023-01-31T10:39:51.229+0000] {logging_mixin.py:137} INFO - [2023-01-31T10:39:51.229+0000] {dag.py:2690} INFO - Sync 1 DAGs
[2023-01-31T10:39:51.250+0000] {logging_mixin.py:137} INFO - [2023-01-31T10:39:51.250+0000] {dag.py:3441} INFO - Setting next_dagrun for easy to 2023-01-31T10:15:36.642559+00:00, run_after=2023-02-01T10:15:36.642559+00:00
[2023-01-31T10:39:51.264+0000] {processor.py:175} INFO - Processing /opt/airflow/dags/assignment_easy.py took 0.123 seconds
[2023-01-31T10:40:22.094+0000] {processor.py:153} INFO - Started process (PID=4035) to work on /opt/airflow/dags/assignment_easy.py
[2023-01-31T10:40:22.096+0000] {processor.py:743} INFO - Processing file /opt/airflow/dags/assignment_easy.py for tasks to queue
[2023-01-31T10:40:22.097+0000] {logging_mixin.py:137} INFO - [2023-01-31T10:40:22.097+0000] {dagbag.py:538} INFO - Filling up the DagBag from /opt/airflow/dags/assignment_easy.py
[2023-01-31T10:40:22.115+0000] {processor.py:753} INFO - DAG(s) dict_keys(['easy']) retrieved from /opt/airflow/dags/assignment_easy.py
[2023-01-31T10:40:22.140+0000] {logging_mixin.py:137} INFO - [2023-01-31T10:40:22.140+0000] {dag.py:2690} INFO - Sync 1 DAGs
[2023-01-31T10:40:22.165+0000] {logging_mixin.py:137} INFO - [2023-01-31T10:40:22.165+0000] {dag.py:3441} INFO - Setting next_dagrun for easy to 2023-01-31T10:15:36.642559+00:00, run_after=2023-02-01T10:15:36.642559+00:00
[2023-01-31T10:40:22.182+0000] {processor.py:175} INFO - Processing /opt/airflow/dags/assignment_easy.py took 0.092 seconds
[2023-01-31T10:40:52.825+0000] {processor.py:153} INFO - Started process (PID=4113) to work on /opt/airflow/dags/assignment_easy.py
[2023-01-31T10:40:52.834+0000] {processor.py:743} INFO - Processing file /opt/airflow/dags/assignment_easy.py for tasks to queue
[2023-01-31T10:40:52.837+0000] {logging_mixin.py:137} INFO - [2023-01-31T10:40:52.837+0000] {dagbag.py:538} INFO - Filling up the DagBag from /opt/airflow/dags/assignment_easy.py
[2023-01-31T10:40:52.913+0000] {processor.py:753} INFO - DAG(s) dict_keys(['easy']) retrieved from /opt/airflow/dags/assignment_easy.py
[2023-01-31T10:40:52.997+0000] {logging_mixin.py:137} INFO - [2023-01-31T10:40:52.996+0000] {dag.py:2690} INFO - Sync 1 DAGs
[2023-01-31T10:40:53.039+0000] {logging_mixin.py:137} INFO - [2023-01-31T10:40:53.037+0000] {dag.py:3441} INFO - Setting next_dagrun for easy to 2023-01-31T10:15:36.642559+00:00, run_after=2023-02-01T10:15:36.642559+00:00
[2023-01-31T10:40:53.066+0000] {processor.py:175} INFO - Processing /opt/airflow/dags/assignment_easy.py took 0.251 seconds
[2023-01-31T10:41:24.477+0000] {processor.py:153} INFO - Started process (PID=4192) to work on /opt/airflow/dags/assignment_easy.py
[2023-01-31T10:41:24.516+0000] {processor.py:743} INFO - Processing file /opt/airflow/dags/assignment_easy.py for tasks to queue
[2023-01-31T10:41:24.526+0000] {logging_mixin.py:137} INFO - [2023-01-31T10:41:24.525+0000] {dagbag.py:538} INFO - Filling up the DagBag from /opt/airflow/dags/assignment_easy.py
[2023-01-31T10:41:24.838+0000] {processor.py:753} INFO - DAG(s) dict_keys(['easy']) retrieved from /opt/airflow/dags/assignment_easy.py
[2023-01-31T10:41:24.964+0000] {logging_mixin.py:137} INFO - [2023-01-31T10:41:24.964+0000] {dag.py:2690} INFO - Sync 1 DAGs
[2023-01-31T10:41:25.114+0000] {logging_mixin.py:137} INFO - [2023-01-31T10:41:25.114+0000] {dag.py:3441} INFO - Setting next_dagrun for easy to 2023-01-31T10:15:36.642559+00:00, run_after=2023-02-01T10:15:36.642559+00:00
[2023-01-31T10:41:25.153+0000] {processor.py:175} INFO - Processing /opt/airflow/dags/assignment_easy.py took 0.753 seconds
[2023-01-31T10:41:55.654+0000] {processor.py:153} INFO - Started process (PID=4271) to work on /opt/airflow/dags/assignment_easy.py
[2023-01-31T10:41:55.658+0000] {processor.py:743} INFO - Processing file /opt/airflow/dags/assignment_easy.py for tasks to queue
[2023-01-31T10:41:55.661+0000] {logging_mixin.py:137} INFO - [2023-01-31T10:41:55.661+0000] {dagbag.py:538} INFO - Filling up the DagBag from /opt/airflow/dags/assignment_easy.py
[2023-01-31T10:41:55.732+0000] {processor.py:753} INFO - DAG(s) dict_keys(['easy']) retrieved from /opt/airflow/dags/assignment_easy.py
[2023-01-31T10:41:55.854+0000] {logging_mixin.py:137} INFO - [2023-01-31T10:41:55.854+0000] {dag.py:2690} INFO - Sync 1 DAGs
[2023-01-31T10:41:55.906+0000] {logging_mixin.py:137} INFO - [2023-01-31T10:41:55.906+0000] {dag.py:3441} INFO - Setting next_dagrun for easy to 2023-01-31T10:15:36.642559+00:00, run_after=2023-02-01T10:15:36.642559+00:00
[2023-01-31T10:41:55.925+0000] {processor.py:175} INFO - Processing /opt/airflow/dags/assignment_easy.py took 0.285 seconds
[2023-01-31T10:42:26.800+0000] {processor.py:153} INFO - Started process (PID=4360) to work on /opt/airflow/dags/assignment_easy.py
[2023-01-31T10:42:26.806+0000] {processor.py:743} INFO - Processing file /opt/airflow/dags/assignment_easy.py for tasks to queue
[2023-01-31T10:42:26.808+0000] {logging_mixin.py:137} INFO - [2023-01-31T10:42:26.808+0000] {dagbag.py:538} INFO - Filling up the DagBag from /opt/airflow/dags/assignment_easy.py
[2023-01-31T10:42:26.892+0000] {processor.py:753} INFO - DAG(s) dict_keys(['easy']) retrieved from /opt/airflow/dags/assignment_easy.py
[2023-01-31T10:42:27.057+0000] {logging_mixin.py:137} INFO - [2023-01-31T10:42:27.056+0000] {dag.py:2690} INFO - Sync 1 DAGs
[2023-01-31T10:42:27.212+0000] {logging_mixin.py:137} INFO - [2023-01-31T10:42:27.212+0000] {dag.py:3441} INFO - Setting next_dagrun for easy to 2023-01-31T10:15:36.642559+00:00, run_after=2023-02-01T10:15:36.642559+00:00
[2023-01-31T10:42:27.306+0000] {processor.py:175} INFO - Processing /opt/airflow/dags/assignment_easy.py took 0.537 seconds
[2023-01-31T10:42:58.131+0000] {processor.py:153} INFO - Started process (PID=4451) to work on /opt/airflow/dags/assignment_easy.py
[2023-01-31T10:42:58.136+0000] {processor.py:743} INFO - Processing file /opt/airflow/dags/assignment_easy.py for tasks to queue
[2023-01-31T10:42:58.138+0000] {logging_mixin.py:137} INFO - [2023-01-31T10:42:58.138+0000] {dagbag.py:538} INFO - Filling up the DagBag from /opt/airflow/dags/assignment_easy.py
[2023-01-31T10:42:58.217+0000] {processor.py:753} INFO - DAG(s) dict_keys(['easy']) retrieved from /opt/airflow/dags/assignment_easy.py
[2023-01-31T10:42:58.266+0000] {logging_mixin.py:137} INFO - [2023-01-31T10:42:58.266+0000] {dag.py:2690} INFO - Sync 1 DAGs
[2023-01-31T10:42:58.312+0000] {logging_mixin.py:137} INFO - [2023-01-31T10:42:58.312+0000] {dag.py:3441} INFO - Setting next_dagrun for easy to 2023-01-31T10:15:36.642559+00:00, run_after=2023-02-01T10:15:36.642559+00:00
[2023-01-31T10:42:58.328+0000] {processor.py:175} INFO - Processing /opt/airflow/dags/assignment_easy.py took 0.206 seconds
[2023-01-31T10:43:28.540+0000] {processor.py:153} INFO - Started process (PID=4529) to work on /opt/airflow/dags/assignment_easy.py
[2023-01-31T10:43:28.554+0000] {processor.py:743} INFO - Processing file /opt/airflow/dags/assignment_easy.py for tasks to queue
[2023-01-31T10:43:28.561+0000] {logging_mixin.py:137} INFO - [2023-01-31T10:43:28.561+0000] {dagbag.py:538} INFO - Filling up the DagBag from /opt/airflow/dags/assignment_easy.py
[2023-01-31T10:43:28.638+0000] {processor.py:753} INFO - DAG(s) dict_keys(['easy']) retrieved from /opt/airflow/dags/assignment_easy.py
[2023-01-31T10:43:28.689+0000] {logging_mixin.py:137} INFO - [2023-01-31T10:43:28.689+0000] {dag.py:2690} INFO - Sync 1 DAGs
[2023-01-31T10:43:28.759+0000] {logging_mixin.py:137} INFO - [2023-01-31T10:43:28.759+0000] {dag.py:3441} INFO - Setting next_dagrun for easy to 2023-01-31T10:15:36.642559+00:00, run_after=2023-02-01T10:15:36.642559+00:00
[2023-01-31T10:43:28.796+0000] {processor.py:175} INFO - Processing /opt/airflow/dags/assignment_easy.py took 0.267 seconds
[2023-01-31T10:44:00.100+0000] {processor.py:153} INFO - Started process (PID=4608) to work on /opt/airflow/dags/assignment_easy.py
[2023-01-31T10:44:00.102+0000] {processor.py:743} INFO - Processing file /opt/airflow/dags/assignment_easy.py for tasks to queue
[2023-01-31T10:44:00.103+0000] {logging_mixin.py:137} INFO - [2023-01-31T10:44:00.103+0000] {dagbag.py:538} INFO - Filling up the DagBag from /opt/airflow/dags/assignment_easy.py
[2023-01-31T10:44:00.128+0000] {processor.py:753} INFO - DAG(s) dict_keys(['easy']) retrieved from /opt/airflow/dags/assignment_easy.py
[2023-01-31T10:44:00.154+0000] {logging_mixin.py:137} INFO - [2023-01-31T10:44:00.154+0000] {dag.py:2690} INFO - Sync 1 DAGs
[2023-01-31T10:44:00.174+0000] {logging_mixin.py:137} INFO - [2023-01-31T10:44:00.174+0000] {dag.py:3441} INFO - Setting next_dagrun for easy to 2023-01-31T10:15:36.642559+00:00, run_after=2023-02-01T10:15:36.642559+00:00
[2023-01-31T10:44:00.186+0000] {processor.py:175} INFO - Processing /opt/airflow/dags/assignment_easy.py took 0.091 seconds
