[2023-01-31T10:15:20.941+0000] {processor.py:153} INFO - Started process (PID=51) to work on /opt/airflow/dags/assignment_medium.py
[2023-01-31T10:15:20.953+0000] {processor.py:743} INFO - Processing file /opt/airflow/dags/assignment_medium.py for tasks to queue
[2023-01-31T10:15:20.969+0000] {logging_mixin.py:137} INFO - [2023-01-31T10:15:20.969+0000] {dagbag.py:538} INFO - Filling up the DagBag from /opt/airflow/dags/assignment_medium.py
[2023-01-31T10:15:21.397+0000] {logging_mixin.py:137} INFO - {{ task_instance.xcom_pull(task_ids='read_data', dag_id='assignment_medium', key='return_value') }}
[2023-01-31T10:15:21.476+0000] {processor.py:753} INFO - DAG(s) dict_keys(['assignment_medium']) retrieved from /opt/airflow/dags/assignment_medium.py
[2023-01-31T10:15:23.642+0000] {logging_mixin.py:137} INFO - [2023-01-31T10:15:23.641+0000] {manager.py:504} INFO - Created Permission View: can edit on DAG:assignment_medium
[2023-01-31T10:15:23.700+0000] {logging_mixin.py:137} INFO - [2023-01-31T10:15:23.699+0000] {manager.py:504} INFO - Created Permission View: can delete on DAG:assignment_medium
[2023-01-31T10:15:23.745+0000] {logging_mixin.py:137} INFO - [2023-01-31T10:15:23.745+0000] {manager.py:504} INFO - Created Permission View: can read on DAG:assignment_medium
[2023-01-31T10:15:23.747+0000] {logging_mixin.py:137} INFO - [2023-01-31T10:15:23.746+0000] {dag.py:2690} INFO - Sync 1 DAGs
[2023-01-31T10:15:23.818+0000] {logging_mixin.py:137} INFO - [2023-01-31T10:15:23.818+0000] {dag.py:2711} INFO - Creating ORM DAG for assignment_medium
[2023-01-31T10:15:23.882+0000] {logging_mixin.py:137} INFO - [2023-01-31T10:15:23.882+0000] {dag.py:3441} INFO - Setting next_dagrun for assignment_medium to None, run_after=None
[2023-01-31T10:15:24.105+0000] {processor.py:175} INFO - Processing /opt/airflow/dags/assignment_medium.py took 3.206 seconds
[2023-01-31T10:15:54.460+0000] {processor.py:153} INFO - Started process (PID=134) to work on /opt/airflow/dags/assignment_medium.py
[2023-01-31T10:15:54.463+0000] {processor.py:743} INFO - Processing file /opt/airflow/dags/assignment_medium.py for tasks to queue
[2023-01-31T10:15:54.467+0000] {logging_mixin.py:137} INFO - [2023-01-31T10:15:54.467+0000] {dagbag.py:538} INFO - Filling up the DagBag from /opt/airflow/dags/assignment_medium.py
[2023-01-31T10:15:54.554+0000] {logging_mixin.py:137} INFO - {{ task_instance.xcom_pull(task_ids='read_data', dag_id='assignment_medium', key='return_value') }}
[2023-01-31T10:15:54.572+0000] {processor.py:753} INFO - DAG(s) dict_keys(['assignment_medium']) retrieved from /opt/airflow/dags/assignment_medium.py
[2023-01-31T10:15:54.688+0000] {logging_mixin.py:137} INFO - [2023-01-31T10:15:54.687+0000] {dag.py:2690} INFO - Sync 1 DAGs
[2023-01-31T10:15:54.783+0000] {logging_mixin.py:137} INFO - [2023-01-31T10:15:54.783+0000] {dag.py:3441} INFO - Setting next_dagrun for assignment_medium to None, run_after=None
[2023-01-31T10:15:54.820+0000] {processor.py:175} INFO - Processing /opt/airflow/dags/assignment_medium.py took 0.366 seconds
[2023-01-31T10:16:25.430+0000] {processor.py:153} INFO - Started process (PID=220) to work on /opt/airflow/dags/assignment_medium.py
[2023-01-31T10:16:25.433+0000] {processor.py:743} INFO - Processing file /opt/airflow/dags/assignment_medium.py for tasks to queue
[2023-01-31T10:16:25.436+0000] {logging_mixin.py:137} INFO - [2023-01-31T10:16:25.435+0000] {dagbag.py:538} INFO - Filling up the DagBag from /opt/airflow/dags/assignment_medium.py
[2023-01-31T10:16:25.505+0000] {logging_mixin.py:137} INFO - {{ task_instance.xcom_pull(task_ids='read_data', dag_id='assignment_medium', key='return_value') }}
[2023-01-31T10:16:25.519+0000] {processor.py:753} INFO - DAG(s) dict_keys(['assignment_medium']) retrieved from /opt/airflow/dags/assignment_medium.py
[2023-01-31T10:16:25.623+0000] {logging_mixin.py:137} INFO - [2023-01-31T10:16:25.623+0000] {dag.py:2690} INFO - Sync 1 DAGs
[2023-01-31T10:16:25.670+0000] {logging_mixin.py:137} INFO - [2023-01-31T10:16:25.670+0000] {dag.py:3441} INFO - Setting next_dagrun for assignment_medium to None, run_after=None
[2023-01-31T10:16:25.708+0000] {processor.py:175} INFO - Processing /opt/airflow/dags/assignment_medium.py took 0.303 seconds
[2023-01-31T10:16:56.558+0000] {processor.py:153} INFO - Started process (PID=299) to work on /opt/airflow/dags/assignment_medium.py
[2023-01-31T10:16:56.561+0000] {processor.py:743} INFO - Processing file /opt/airflow/dags/assignment_medium.py for tasks to queue
[2023-01-31T10:16:56.564+0000] {logging_mixin.py:137} INFO - [2023-01-31T10:16:56.564+0000] {dagbag.py:538} INFO - Filling up the DagBag from /opt/airflow/dags/assignment_medium.py
[2023-01-31T10:16:56.633+0000] {logging_mixin.py:137} INFO - {{ task_instance.xcom_pull(task_ids='read_data', dag_id='assignment_medium', key='return_value') }}
[2023-01-31T10:16:56.647+0000] {processor.py:753} INFO - DAG(s) dict_keys(['assignment_medium']) retrieved from /opt/airflow/dags/assignment_medium.py
[2023-01-31T10:16:56.734+0000] {logging_mixin.py:137} INFO - [2023-01-31T10:16:56.734+0000] {dag.py:2690} INFO - Sync 1 DAGs
[2023-01-31T10:16:56.773+0000] {logging_mixin.py:137} INFO - [2023-01-31T10:16:56.773+0000] {dag.py:3441} INFO - Setting next_dagrun for assignment_medium to None, run_after=None
[2023-01-31T10:16:56.794+0000] {processor.py:175} INFO - Processing /opt/airflow/dags/assignment_medium.py took 0.251 seconds
[2023-01-31T10:17:27.192+0000] {processor.py:153} INFO - Started process (PID=378) to work on /opt/airflow/dags/assignment_medium.py
[2023-01-31T10:17:27.196+0000] {processor.py:743} INFO - Processing file /opt/airflow/dags/assignment_medium.py for tasks to queue
[2023-01-31T10:17:27.199+0000] {logging_mixin.py:137} INFO - [2023-01-31T10:17:27.199+0000] {dagbag.py:538} INFO - Filling up the DagBag from /opt/airflow/dags/assignment_medium.py
[2023-01-31T10:17:27.268+0000] {logging_mixin.py:137} INFO - {{ task_instance.xcom_pull(task_ids='read_data', dag_id='assignment_medium', key='return_value') }}
[2023-01-31T10:17:27.286+0000] {processor.py:753} INFO - DAG(s) dict_keys(['assignment_medium']) retrieved from /opt/airflow/dags/assignment_medium.py
[2023-01-31T10:17:27.375+0000] {logging_mixin.py:137} INFO - [2023-01-31T10:17:27.375+0000] {dag.py:2690} INFO - Sync 1 DAGs
[2023-01-31T10:17:27.433+0000] {logging_mixin.py:137} INFO - [2023-01-31T10:17:27.432+0000] {dag.py:3441} INFO - Setting next_dagrun for assignment_medium to None, run_after=None
[2023-01-31T10:17:27.468+0000] {processor.py:175} INFO - Processing /opt/airflow/dags/assignment_medium.py took 0.285 seconds
[2023-01-31T10:17:57.922+0000] {processor.py:153} INFO - Started process (PID=456) to work on /opt/airflow/dags/assignment_medium.py
[2023-01-31T10:17:57.951+0000] {processor.py:743} INFO - Processing file /opt/airflow/dags/assignment_medium.py for tasks to queue
[2023-01-31T10:17:57.960+0000] {logging_mixin.py:137} INFO - [2023-01-31T10:17:57.960+0000] {dagbag.py:538} INFO - Filling up the DagBag from /opt/airflow/dags/assignment_medium.py
[2023-01-31T10:17:58.034+0000] {logging_mixin.py:137} INFO - {{ task_instance.xcom_pull(task_ids='read_data', dag_id='assignment_medium', key='return_value') }}
[2023-01-31T10:17:58.089+0000] {processor.py:753} INFO - DAG(s) dict_keys(['assignment_medium']) retrieved from /opt/airflow/dags/assignment_medium.py
[2023-01-31T10:17:58.215+0000] {logging_mixin.py:137} INFO - [2023-01-31T10:17:58.215+0000] {dag.py:2690} INFO - Sync 1 DAGs
[2023-01-31T10:17:58.264+0000] {logging_mixin.py:137} INFO - [2023-01-31T10:17:58.264+0000] {dag.py:3441} INFO - Setting next_dagrun for assignment_medium to None, run_after=None
[2023-01-31T10:17:58.313+0000] {processor.py:175} INFO - Processing /opt/airflow/dags/assignment_medium.py took 0.406 seconds
[2023-01-31T10:18:28.652+0000] {processor.py:153} INFO - Started process (PID=535) to work on /opt/airflow/dags/assignment_medium.py
[2023-01-31T10:18:28.656+0000] {processor.py:743} INFO - Processing file /opt/airflow/dags/assignment_medium.py for tasks to queue
[2023-01-31T10:18:28.662+0000] {logging_mixin.py:137} INFO - [2023-01-31T10:18:28.662+0000] {dagbag.py:538} INFO - Filling up the DagBag from /opt/airflow/dags/assignment_medium.py
[2023-01-31T10:18:28.697+0000] {logging_mixin.py:137} INFO - {{ task_instance.xcom_pull(task_ids='read_data', dag_id='assignment_medium', key='return_value') }}
[2023-01-31T10:18:28.708+0000] {processor.py:753} INFO - DAG(s) dict_keys(['assignment_medium']) retrieved from /opt/airflow/dags/assignment_medium.py
[2023-01-31T10:18:28.777+0000] {logging_mixin.py:137} INFO - [2023-01-31T10:18:28.777+0000] {dag.py:2690} INFO - Sync 1 DAGs
[2023-01-31T10:18:28.801+0000] {logging_mixin.py:137} INFO - [2023-01-31T10:18:28.801+0000] {dag.py:3441} INFO - Setting next_dagrun for assignment_medium to None, run_after=None
[2023-01-31T10:18:28.820+0000] {processor.py:175} INFO - Processing /opt/airflow/dags/assignment_medium.py took 0.184 seconds
[2023-01-31T10:18:59.373+0000] {processor.py:153} INFO - Started process (PID=614) to work on /opt/airflow/dags/assignment_medium.py
[2023-01-31T10:18:59.393+0000] {processor.py:743} INFO - Processing file /opt/airflow/dags/assignment_medium.py for tasks to queue
[2023-01-31T10:18:59.398+0000] {logging_mixin.py:137} INFO - [2023-01-31T10:18:59.398+0000] {dagbag.py:538} INFO - Filling up the DagBag from /opt/airflow/dags/assignment_medium.py
[2023-01-31T10:18:59.649+0000] {logging_mixin.py:137} INFO - {{ task_instance.xcom_pull(task_ids='read_data', dag_id='assignment_medium', key='return_value') }}
[2023-01-31T10:18:59.729+0000] {processor.py:753} INFO - DAG(s) dict_keys(['assignment_medium']) retrieved from /opt/airflow/dags/assignment_medium.py
[2023-01-31T10:18:59.895+0000] {logging_mixin.py:137} INFO - [2023-01-31T10:18:59.895+0000] {dag.py:2690} INFO - Sync 1 DAGs
[2023-01-31T10:18:59.985+0000] {logging_mixin.py:137} INFO - [2023-01-31T10:18:59.985+0000] {dag.py:3441} INFO - Setting next_dagrun for assignment_medium to None, run_after=None
[2023-01-31T10:19:00.052+0000] {processor.py:175} INFO - Processing /opt/airflow/dags/assignment_medium.py took 0.693 seconds
[2023-01-31T10:19:31.027+0000] {processor.py:153} INFO - Started process (PID=704) to work on /opt/airflow/dags/assignment_medium.py
[2023-01-31T10:19:31.032+0000] {processor.py:743} INFO - Processing file /opt/airflow/dags/assignment_medium.py for tasks to queue
[2023-01-31T10:19:31.035+0000] {logging_mixin.py:137} INFO - [2023-01-31T10:19:31.035+0000] {dagbag.py:538} INFO - Filling up the DagBag from /opt/airflow/dags/assignment_medium.py
[2023-01-31T10:19:31.091+0000] {logging_mixin.py:137} INFO - {{ task_instance.xcom_pull(task_ids='read_data', dag_id='assignment_medium', key='return_value') }}
[2023-01-31T10:19:31.107+0000] {processor.py:753} INFO - DAG(s) dict_keys(['assignment_medium']) retrieved from /opt/airflow/dags/assignment_medium.py
[2023-01-31T10:19:31.212+0000] {logging_mixin.py:137} INFO - [2023-01-31T10:19:31.212+0000] {dag.py:2690} INFO - Sync 1 DAGs
[2023-01-31T10:19:31.248+0000] {logging_mixin.py:137} INFO - [2023-01-31T10:19:31.248+0000] {dag.py:3441} INFO - Setting next_dagrun for assignment_medium to None, run_after=None
[2023-01-31T10:19:31.272+0000] {processor.py:175} INFO - Processing /opt/airflow/dags/assignment_medium.py took 0.276 seconds
[2023-01-31T10:20:02.227+0000] {processor.py:153} INFO - Started process (PID=791) to work on /opt/airflow/dags/assignment_medium.py
[2023-01-31T10:20:02.241+0000] {processor.py:743} INFO - Processing file /opt/airflow/dags/assignment_medium.py for tasks to queue
[2023-01-31T10:20:02.246+0000] {logging_mixin.py:137} INFO - [2023-01-31T10:20:02.245+0000] {dagbag.py:538} INFO - Filling up the DagBag from /opt/airflow/dags/assignment_medium.py
[2023-01-31T10:20:02.286+0000] {logging_mixin.py:137} INFO - {{ task_instance.xcom_pull(task_ids='read_data', dag_id='assignment_medium', key='return_value') }}
[2023-01-31T10:20:02.334+0000] {processor.py:753} INFO - DAG(s) dict_keys(['assignment_medium']) retrieved from /opt/airflow/dags/assignment_medium.py
[2023-01-31T10:20:02.442+0000] {logging_mixin.py:137} INFO - [2023-01-31T10:20:02.442+0000] {dag.py:2690} INFO - Sync 1 DAGs
[2023-01-31T10:20:02.556+0000] {logging_mixin.py:137} INFO - [2023-01-31T10:20:02.556+0000] {dag.py:3441} INFO - Setting next_dagrun for assignment_medium to None, run_after=None
[2023-01-31T10:20:02.650+0000] {processor.py:175} INFO - Processing /opt/airflow/dags/assignment_medium.py took 0.454 seconds
[2023-01-31T10:20:32.929+0000] {processor.py:153} INFO - Started process (PID=874) to work on /opt/airflow/dags/assignment_medium.py
[2023-01-31T10:20:32.956+0000] {processor.py:743} INFO - Processing file /opt/airflow/dags/assignment_medium.py for tasks to queue
[2023-01-31T10:20:32.961+0000] {logging_mixin.py:137} INFO - [2023-01-31T10:20:32.961+0000] {dagbag.py:538} INFO - Filling up the DagBag from /opt/airflow/dags/assignment_medium.py
[2023-01-31T10:20:33.046+0000] {logging_mixin.py:137} INFO - {{ task_instance.xcom_pull(task_ids='read_data', dag_id='assignment_medium', key='return_value') }}
[2023-01-31T10:20:33.055+0000] {processor.py:753} INFO - DAG(s) dict_keys(['assignment_medium']) retrieved from /opt/airflow/dags/assignment_medium.py
[2023-01-31T10:20:33.125+0000] {logging_mixin.py:137} INFO - [2023-01-31T10:20:33.125+0000] {dag.py:2690} INFO - Sync 1 DAGs
[2023-01-31T10:20:33.166+0000] {logging_mixin.py:137} INFO - [2023-01-31T10:20:33.166+0000] {dag.py:3441} INFO - Setting next_dagrun for assignment_medium to None, run_after=None
[2023-01-31T10:20:33.259+0000] {processor.py:175} INFO - Processing /opt/airflow/dags/assignment_medium.py took 0.386 seconds
[2023-01-31T10:21:03.454+0000] {processor.py:153} INFO - Started process (PID=953) to work on /opt/airflow/dags/assignment_medium.py
[2023-01-31T10:21:03.456+0000] {processor.py:743} INFO - Processing file /opt/airflow/dags/assignment_medium.py for tasks to queue
[2023-01-31T10:21:03.457+0000] {logging_mixin.py:137} INFO - [2023-01-31T10:21:03.457+0000] {dagbag.py:538} INFO - Filling up the DagBag from /opt/airflow/dags/assignment_medium.py
[2023-01-31T10:21:03.511+0000] {logging_mixin.py:137} INFO - {{ task_instance.xcom_pull(task_ids='read_data', dag_id='assignment_medium', key='return_value') }}
[2023-01-31T10:21:03.525+0000] {processor.py:753} INFO - DAG(s) dict_keys(['assignment_medium']) retrieved from /opt/airflow/dags/assignment_medium.py
[2023-01-31T10:21:03.605+0000] {logging_mixin.py:137} INFO - [2023-01-31T10:21:03.605+0000] {dag.py:2690} INFO - Sync 1 DAGs
[2023-01-31T10:21:03.649+0000] {logging_mixin.py:137} INFO - [2023-01-31T10:21:03.649+0000] {dag.py:3441} INFO - Setting next_dagrun for assignment_medium to None, run_after=None
[2023-01-31T10:21:03.670+0000] {processor.py:175} INFO - Processing /opt/airflow/dags/assignment_medium.py took 0.226 seconds
[2023-01-31T10:21:30.337+0000] {processor.py:153} INFO - Started process (PID=1031) to work on /opt/airflow/dags/assignment_medium.py
[2023-01-31T10:21:30.356+0000] {processor.py:743} INFO - Processing file /opt/airflow/dags/assignment_medium.py for tasks to queue
[2023-01-31T10:21:30.365+0000] {logging_mixin.py:137} INFO - [2023-01-31T10:21:30.364+0000] {dagbag.py:538} INFO - Filling up the DagBag from /opt/airflow/dags/assignment_medium.py
[2023-01-31T10:21:30.446+0000] {logging_mixin.py:137} INFO - {{ task_instance.xcom_pull(task_ids='read_data', dag_id='assignment_medium', key='return_value') }}
[2023-01-31T10:21:30.452+0000] {logging_mixin.py:137} INFO - [2023-01-31T10:21:30.447+0000] {dagbag.py:343} ERROR - Failed to import: /opt/airflow/dags/assignment_medium.py
Traceback (most recent call last):
  File "/home/airflow/.local/lib/python3.7/site-packages/airflow/models/dagbag.py", line 339, in parse
    loader.exec_module(new_module)
  File "<frozen importlib._bootstrap_external>", line 728, in exec_module
  File "<frozen importlib._bootstrap>", line 219, in _call_with_frames_removed
  File "/opt/airflow/dags/assignment_medium.py", line 54, in <module>
    _ = assignment_medium()
  File "/home/airflow/.local/lib/python3.7/site-packages/airflow/models/dag.py", line 3555, in factory
    f(**f_kwargs)
  File "/opt/airflow/dags/assignment_medium.py", line 51, in assignment_medium
    transformation(results)
NameError: name 'transformation' is not defined
[2023-01-31T10:21:30.464+0000] {processor.py:755} WARNING - No viable dags retrieved from /opt/airflow/dags/assignment_medium.py
[2023-01-31T10:21:30.518+0000] {processor.py:175} INFO - Processing /opt/airflow/dags/assignment_medium.py took 0.189 seconds
[2023-01-31T10:22:00.655+0000] {processor.py:153} INFO - Started process (PID=1108) to work on /opt/airflow/dags/assignment_medium.py
[2023-01-31T10:22:00.661+0000] {processor.py:743} INFO - Processing file /opt/airflow/dags/assignment_medium.py for tasks to queue
[2023-01-31T10:22:00.663+0000] {logging_mixin.py:137} INFO - [2023-01-31T10:22:00.663+0000] {dagbag.py:538} INFO - Filling up the DagBag from /opt/airflow/dags/assignment_medium.py
[2023-01-31T10:22:00.683+0000] {logging_mixin.py:137} INFO - {{ task_instance.xcom_pull(task_ids='read_data', dag_id='assignment_medium', key='return_value') }}
[2023-01-31T10:22:00.686+0000] {logging_mixin.py:137} INFO - [2023-01-31T10:22:00.684+0000] {dagbag.py:343} ERROR - Failed to import: /opt/airflow/dags/assignment_medium.py
Traceback (most recent call last):
  File "/home/airflow/.local/lib/python3.7/site-packages/airflow/models/dagbag.py", line 339, in parse
    loader.exec_module(new_module)
  File "<frozen importlib._bootstrap_external>", line 728, in exec_module
  File "<frozen importlib._bootstrap>", line 219, in _call_with_frames_removed
  File "/opt/airflow/dags/assignment_medium.py", line 54, in <module>
    _ = assignment_medium()
  File "/home/airflow/.local/lib/python3.7/site-packages/airflow/models/dag.py", line 3555, in factory
    f(**f_kwargs)
  File "/opt/airflow/dags/assignment_medium.py", line 51, in assignment_medium
    transformation(results)
NameError: name 'transformation' is not defined
[2023-01-31T10:22:00.686+0000] {processor.py:755} WARNING - No viable dags retrieved from /opt/airflow/dags/assignment_medium.py
[2023-01-31T10:22:00.702+0000] {processor.py:175} INFO - Processing /opt/airflow/dags/assignment_medium.py took 0.051 seconds
[2023-01-31T10:22:31.188+0000] {processor.py:153} INFO - Started process (PID=1181) to work on /opt/airflow/dags/assignment_medium.py
[2023-01-31T10:22:31.198+0000] {processor.py:743} INFO - Processing file /opt/airflow/dags/assignment_medium.py for tasks to queue
[2023-01-31T10:22:31.200+0000] {logging_mixin.py:137} INFO - [2023-01-31T10:22:31.200+0000] {dagbag.py:538} INFO - Filling up the DagBag from /opt/airflow/dags/assignment_medium.py
[2023-01-31T10:22:31.252+0000] {logging_mixin.py:137} INFO - {{ task_instance.xcom_pull(task_ids='read_data', dag_id='assignment_medium', key='return_value') }}
[2023-01-31T10:22:31.311+0000] {logging_mixin.py:137} INFO - [2023-01-31T10:22:31.305+0000] {dagbag.py:343} ERROR - Failed to import: /opt/airflow/dags/assignment_medium.py
Traceback (most recent call last):
  File "/home/airflow/.local/lib/python3.7/site-packages/airflow/models/dagbag.py", line 339, in parse
    loader.exec_module(new_module)
  File "<frozen importlib._bootstrap_external>", line 728, in exec_module
  File "<frozen importlib._bootstrap>", line 219, in _call_with_frames_removed
  File "/opt/airflow/dags/assignment_medium.py", line 54, in <module>
    _ = assignment_medium()
  File "/home/airflow/.local/lib/python3.7/site-packages/airflow/models/dag.py", line 3555, in factory
    f(**f_kwargs)
  File "/opt/airflow/dags/assignment_medium.py", line 51, in assignment_medium
    transformation(results)
NameError: name 'transformation' is not defined
[2023-01-31T10:22:31.312+0000] {processor.py:755} WARNING - No viable dags retrieved from /opt/airflow/dags/assignment_medium.py
[2023-01-31T10:22:31.417+0000] {processor.py:175} INFO - Processing /opt/airflow/dags/assignment_medium.py took 0.234 seconds
[2023-01-31T10:23:02.214+0000] {processor.py:153} INFO - Started process (PID=1259) to work on /opt/airflow/dags/assignment_medium.py
[2023-01-31T10:23:02.224+0000] {processor.py:743} INFO - Processing file /opt/airflow/dags/assignment_medium.py for tasks to queue
[2023-01-31T10:23:02.226+0000] {logging_mixin.py:137} INFO - [2023-01-31T10:23:02.226+0000] {dagbag.py:538} INFO - Filling up the DagBag from /opt/airflow/dags/assignment_medium.py
[2023-01-31T10:23:02.254+0000] {logging_mixin.py:137} INFO - {{ task_instance.xcom_pull(task_ids='read_data', dag_id='assignment_medium', key='return_value') }}
[2023-01-31T10:23:02.263+0000] {logging_mixin.py:137} INFO - [2023-01-31T10:23:02.256+0000] {dagbag.py:343} ERROR - Failed to import: /opt/airflow/dags/assignment_medium.py
Traceback (most recent call last):
  File "/home/airflow/.local/lib/python3.7/site-packages/airflow/models/dagbag.py", line 339, in parse
    loader.exec_module(new_module)
  File "<frozen importlib._bootstrap_external>", line 728, in exec_module
  File "<frozen importlib._bootstrap>", line 219, in _call_with_frames_removed
  File "/opt/airflow/dags/assignment_medium.py", line 54, in <module>
    _ = assignment_medium()
  File "/home/airflow/.local/lib/python3.7/site-packages/airflow/models/dag.py", line 3555, in factory
    f(**f_kwargs)
  File "/opt/airflow/dags/assignment_medium.py", line 51, in assignment_medium
    transformation(results)
NameError: name 'transformation' is not defined
[2023-01-31T10:23:02.269+0000] {processor.py:755} WARNING - No viable dags retrieved from /opt/airflow/dags/assignment_medium.py
[2023-01-31T10:23:02.341+0000] {processor.py:175} INFO - Processing /opt/airflow/dags/assignment_medium.py took 0.134 seconds
[2023-01-31T10:23:32.627+0000] {processor.py:153} INFO - Started process (PID=1352) to work on /opt/airflow/dags/assignment_medium.py
[2023-01-31T10:23:32.637+0000] {processor.py:743} INFO - Processing file /opt/airflow/dags/assignment_medium.py for tasks to queue
[2023-01-31T10:23:32.654+0000] {logging_mixin.py:137} INFO - [2023-01-31T10:23:32.654+0000] {dagbag.py:538} INFO - Filling up the DagBag from /opt/airflow/dags/assignment_medium.py
[2023-01-31T10:23:32.828+0000] {logging_mixin.py:137} INFO - {{ task_instance.xcom_pull(task_ids='read_data', dag_id='assignment_medium', key='return_value') }}
[2023-01-31T10:23:32.846+0000] {processor.py:753} INFO - DAG(s) dict_keys(['assignment_medium']) retrieved from /opt/airflow/dags/assignment_medium.py
[2023-01-31T10:23:33.043+0000] {logging_mixin.py:137} INFO - [2023-01-31T10:23:33.043+0000] {dag.py:2690} INFO - Sync 1 DAGs
[2023-01-31T10:23:33.160+0000] {logging_mixin.py:137} INFO - [2023-01-31T10:23:33.160+0000] {dag.py:3441} INFO - Setting next_dagrun for assignment_medium to None, run_after=None
[2023-01-31T10:23:33.258+0000] {processor.py:175} INFO - Processing /opt/airflow/dags/assignment_medium.py took 0.698 seconds
[2023-01-31T10:24:04.026+0000] {processor.py:153} INFO - Started process (PID=1431) to work on /opt/airflow/dags/assignment_medium.py
[2023-01-31T10:24:04.030+0000] {processor.py:743} INFO - Processing file /opt/airflow/dags/assignment_medium.py for tasks to queue
[2023-01-31T10:24:04.032+0000] {logging_mixin.py:137} INFO - [2023-01-31T10:24:04.031+0000] {dagbag.py:538} INFO - Filling up the DagBag from /opt/airflow/dags/assignment_medium.py
[2023-01-31T10:24:04.087+0000] {logging_mixin.py:137} INFO - {{ task_instance.xcom_pull(task_ids='read_data', dag_id='assignment_medium', key='return_value') }}
[2023-01-31T10:24:04.098+0000] {processor.py:753} INFO - DAG(s) dict_keys(['assignment_medium']) retrieved from /opt/airflow/dags/assignment_medium.py
[2023-01-31T10:24:04.165+0000] {logging_mixin.py:137} INFO - [2023-01-31T10:24:04.165+0000] {dag.py:2690} INFO - Sync 1 DAGs
[2023-01-31T10:24:04.192+0000] {logging_mixin.py:137} INFO - [2023-01-31T10:24:04.192+0000] {dag.py:3441} INFO - Setting next_dagrun for assignment_medium to None, run_after=None
[2023-01-31T10:24:04.295+0000] {processor.py:175} INFO - Processing /opt/airflow/dags/assignment_medium.py took 0.275 seconds
[2023-01-31T10:24:34.520+0000] {processor.py:153} INFO - Started process (PID=1509) to work on /opt/airflow/dags/assignment_medium.py
[2023-01-31T10:24:34.527+0000] {processor.py:743} INFO - Processing file /opt/airflow/dags/assignment_medium.py for tasks to queue
[2023-01-31T10:24:34.534+0000] {logging_mixin.py:137} INFO - [2023-01-31T10:24:34.534+0000] {dagbag.py:538} INFO - Filling up the DagBag from /opt/airflow/dags/assignment_medium.py
[2023-01-31T10:24:34.586+0000] {logging_mixin.py:137} INFO - {{ task_instance.xcom_pull(task_ids='read_data', dag_id='assignment_medium', key='return_value') }}
[2023-01-31T10:24:34.598+0000] {processor.py:753} INFO - DAG(s) dict_keys(['assignment_medium']) retrieved from /opt/airflow/dags/assignment_medium.py
[2023-01-31T10:24:34.630+0000] {logging_mixin.py:137} INFO - [2023-01-31T10:24:34.629+0000] {dag.py:2690} INFO - Sync 1 DAGs
[2023-01-31T10:24:34.651+0000] {logging_mixin.py:137} INFO - [2023-01-31T10:24:34.650+0000] {dag.py:3441} INFO - Setting next_dagrun for assignment_medium to None, run_after=None
[2023-01-31T10:24:34.673+0000] {processor.py:175} INFO - Processing /opt/airflow/dags/assignment_medium.py took 0.158 seconds
[2023-01-31T10:25:04.803+0000] {processor.py:153} INFO - Started process (PID=1591) to work on /opt/airflow/dags/assignment_medium.py
[2023-01-31T10:25:04.807+0000] {processor.py:743} INFO - Processing file /opt/airflow/dags/assignment_medium.py for tasks to queue
[2023-01-31T10:25:04.811+0000] {logging_mixin.py:137} INFO - [2023-01-31T10:25:04.810+0000] {dagbag.py:538} INFO - Filling up the DagBag from /opt/airflow/dags/assignment_medium.py
[2023-01-31T10:25:04.860+0000] {logging_mixin.py:137} INFO - {{ task_instance.xcom_pull(task_ids='read_data', dag_id='assignment_medium', key='return_value') }}
[2023-01-31T10:25:04.867+0000] {processor.py:753} INFO - DAG(s) dict_keys(['assignment_medium']) retrieved from /opt/airflow/dags/assignment_medium.py
[2023-01-31T10:25:04.897+0000] {logging_mixin.py:137} INFO - [2023-01-31T10:25:04.897+0000] {dag.py:2690} INFO - Sync 1 DAGs
[2023-01-31T10:25:04.921+0000] {logging_mixin.py:137} INFO - [2023-01-31T10:25:04.921+0000] {dag.py:3441} INFO - Setting next_dagrun for assignment_medium to None, run_after=None
[2023-01-31T10:25:04.946+0000] {processor.py:175} INFO - Processing /opt/airflow/dags/assignment_medium.py took 0.146 seconds
[2023-01-31T10:25:35.056+0000] {processor.py:153} INFO - Started process (PID=1670) to work on /opt/airflow/dags/assignment_medium.py
[2023-01-31T10:25:35.058+0000] {processor.py:743} INFO - Processing file /opt/airflow/dags/assignment_medium.py for tasks to queue
[2023-01-31T10:25:35.061+0000] {logging_mixin.py:137} INFO - [2023-01-31T10:25:35.060+0000] {dagbag.py:538} INFO - Filling up the DagBag from /opt/airflow/dags/assignment_medium.py
[2023-01-31T10:25:35.116+0000] {logging_mixin.py:137} INFO - {{ task_instance.xcom_pull(task_ids='read_data', dag_id='assignment_medium', key='return_value') }}
[2023-01-31T10:25:35.123+0000] {processor.py:753} INFO - DAG(s) dict_keys(['assignment_medium']) retrieved from /opt/airflow/dags/assignment_medium.py
[2023-01-31T10:25:35.213+0000] {logging_mixin.py:137} INFO - [2023-01-31T10:25:35.213+0000] {dag.py:2690} INFO - Sync 1 DAGs
[2023-01-31T10:25:35.266+0000] {logging_mixin.py:137} INFO - [2023-01-31T10:25:35.266+0000] {dag.py:3441} INFO - Setting next_dagrun for assignment_medium to None, run_after=None
[2023-01-31T10:25:35.314+0000] {processor.py:175} INFO - Processing /opt/airflow/dags/assignment_medium.py took 0.263 seconds
[2023-01-31T10:26:05.897+0000] {processor.py:153} INFO - Started process (PID=1750) to work on /opt/airflow/dags/assignment_medium.py
[2023-01-31T10:26:05.901+0000] {processor.py:743} INFO - Processing file /opt/airflow/dags/assignment_medium.py for tasks to queue
[2023-01-31T10:26:05.904+0000] {logging_mixin.py:137} INFO - [2023-01-31T10:26:05.904+0000] {dagbag.py:538} INFO - Filling up the DagBag from /opt/airflow/dags/assignment_medium.py
[2023-01-31T10:26:05.965+0000] {logging_mixin.py:137} INFO - {{ task_instance.xcom_pull(task_ids='read_data', dag_id='assignment_medium', key='return_value') }}
[2023-01-31T10:26:05.974+0000] {processor.py:753} INFO - DAG(s) dict_keys(['assignment_medium']) retrieved from /opt/airflow/dags/assignment_medium.py
[2023-01-31T10:26:06.030+0000] {logging_mixin.py:137} INFO - [2023-01-31T10:26:06.030+0000] {dag.py:2690} INFO - Sync 1 DAGs
[2023-01-31T10:26:06.146+0000] {logging_mixin.py:137} INFO - [2023-01-31T10:26:06.146+0000] {dag.py:3441} INFO - Setting next_dagrun for assignment_medium to None, run_after=None
[2023-01-31T10:26:06.164+0000] {processor.py:175} INFO - Processing /opt/airflow/dags/assignment_medium.py took 0.274 seconds
[2023-01-31T10:26:36.516+0000] {processor.py:153} INFO - Started process (PID=1849) to work on /opt/airflow/dags/assignment_medium.py
[2023-01-31T10:26:36.532+0000] {processor.py:743} INFO - Processing file /opt/airflow/dags/assignment_medium.py for tasks to queue
[2023-01-31T10:26:36.542+0000] {logging_mixin.py:137} INFO - [2023-01-31T10:26:36.542+0000] {dagbag.py:538} INFO - Filling up the DagBag from /opt/airflow/dags/assignment_medium.py
[2023-01-31T10:26:36.735+0000] {logging_mixin.py:137} INFO - {{ task_instance.xcom_pull(task_ids='read_data', dag_id='assignment_medium', key='return_value') }}
[2023-01-31T10:26:36.785+0000] {processor.py:753} INFO - DAG(s) dict_keys(['assignment_medium']) retrieved from /opt/airflow/dags/assignment_medium.py
[2023-01-31T10:26:37.031+0000] {logging_mixin.py:137} INFO - [2023-01-31T10:26:37.031+0000] {dag.py:2690} INFO - Sync 1 DAGs
[2023-01-31T10:26:37.107+0000] {logging_mixin.py:137} INFO - [2023-01-31T10:26:37.107+0000] {dag.py:3441} INFO - Setting next_dagrun for assignment_medium to None, run_after=None
[2023-01-31T10:26:37.241+0000] {processor.py:175} INFO - Processing /opt/airflow/dags/assignment_medium.py took 0.756 seconds
[2023-01-31T10:27:07.817+0000] {processor.py:153} INFO - Started process (PID=1928) to work on /opt/airflow/dags/assignment_medium.py
[2023-01-31T10:27:07.822+0000] {processor.py:743} INFO - Processing file /opt/airflow/dags/assignment_medium.py for tasks to queue
[2023-01-31T10:27:07.824+0000] {logging_mixin.py:137} INFO - [2023-01-31T10:27:07.824+0000] {dagbag.py:538} INFO - Filling up the DagBag from /opt/airflow/dags/assignment_medium.py
[2023-01-31T10:27:07.869+0000] {logging_mixin.py:137} INFO - {{ task_instance.xcom_pull(task_ids='read_data', dag_id='assignment_medium', key='return_value') }}
[2023-01-31T10:27:07.879+0000] {processor.py:753} INFO - DAG(s) dict_keys(['assignment_medium']) retrieved from /opt/airflow/dags/assignment_medium.py
[2023-01-31T10:27:07.920+0000] {logging_mixin.py:137} INFO - [2023-01-31T10:27:07.920+0000] {dag.py:2690} INFO - Sync 1 DAGs
[2023-01-31T10:27:07.939+0000] {logging_mixin.py:137} INFO - [2023-01-31T10:27:07.939+0000] {dag.py:3441} INFO - Setting next_dagrun for assignment_medium to None, run_after=None
[2023-01-31T10:27:07.958+0000] {processor.py:175} INFO - Processing /opt/airflow/dags/assignment_medium.py took 0.147 seconds
[2023-01-31T10:27:38.819+0000] {processor.py:153} INFO - Started process (PID=2007) to work on /opt/airflow/dags/assignment_medium.py
[2023-01-31T10:27:38.822+0000] {processor.py:743} INFO - Processing file /opt/airflow/dags/assignment_medium.py for tasks to queue
[2023-01-31T10:27:38.823+0000] {logging_mixin.py:137} INFO - [2023-01-31T10:27:38.823+0000] {dagbag.py:538} INFO - Filling up the DagBag from /opt/airflow/dags/assignment_medium.py
[2023-01-31T10:27:38.850+0000] {logging_mixin.py:137} INFO - {{ task_instance.xcom_pull(task_ids='read_data', dag_id='assignment_medium', key='return_value') }}
[2023-01-31T10:27:38.860+0000] {processor.py:753} INFO - DAG(s) dict_keys(['assignment_medium']) retrieved from /opt/airflow/dags/assignment_medium.py
[2023-01-31T10:27:38.903+0000] {logging_mixin.py:137} INFO - [2023-01-31T10:27:38.902+0000] {dag.py:2690} INFO - Sync 1 DAGs
[2023-01-31T10:27:38.927+0000] {logging_mixin.py:137} INFO - [2023-01-31T10:27:38.927+0000] {dag.py:3441} INFO - Setting next_dagrun for assignment_medium to None, run_after=None
[2023-01-31T10:27:38.955+0000] {processor.py:175} INFO - Processing /opt/airflow/dags/assignment_medium.py took 0.143 seconds
[2023-01-31T10:28:09.154+0000] {processor.py:153} INFO - Started process (PID=2103) to work on /opt/airflow/dags/assignment_medium.py
[2023-01-31T10:28:09.188+0000] {processor.py:743} INFO - Processing file /opt/airflow/dags/assignment_medium.py for tasks to queue
[2023-01-31T10:28:09.222+0000] {logging_mixin.py:137} INFO - [2023-01-31T10:28:09.221+0000] {dagbag.py:538} INFO - Filling up the DagBag from /opt/airflow/dags/assignment_medium.py
[2023-01-31T10:28:09.324+0000] {logging_mixin.py:137} INFO - {{ task_instance.xcom_pull(task_ids='read_data', dag_id='assignment_medium', key='return_value') }}
[2023-01-31T10:28:09.331+0000] {processor.py:753} INFO - DAG(s) dict_keys(['assignment_medium']) retrieved from /opt/airflow/dags/assignment_medium.py
[2023-01-31T10:28:09.359+0000] {logging_mixin.py:137} INFO - [2023-01-31T10:28:09.359+0000] {dag.py:2690} INFO - Sync 1 DAGs
[2023-01-31T10:28:09.388+0000] {logging_mixin.py:137} INFO - [2023-01-31T10:28:09.387+0000] {dag.py:3441} INFO - Setting next_dagrun for assignment_medium to None, run_after=None
[2023-01-31T10:28:09.424+0000] {processor.py:175} INFO - Processing /opt/airflow/dags/assignment_medium.py took 0.278 seconds
[2023-01-31T10:28:39.557+0000] {processor.py:153} INFO - Started process (PID=2182) to work on /opt/airflow/dags/assignment_medium.py
[2023-01-31T10:28:39.559+0000] {processor.py:743} INFO - Processing file /opt/airflow/dags/assignment_medium.py for tasks to queue
[2023-01-31T10:28:39.560+0000] {logging_mixin.py:137} INFO - [2023-01-31T10:28:39.560+0000] {dagbag.py:538} INFO - Filling up the DagBag from /opt/airflow/dags/assignment_medium.py
[2023-01-31T10:28:39.580+0000] {logging_mixin.py:137} INFO - {{ task_instance.xcom_pull(task_ids='read_data', dag_id='assignment_medium', key='return_value') }}
[2023-01-31T10:28:39.586+0000] {processor.py:753} INFO - DAG(s) dict_keys(['assignment_medium']) retrieved from /opt/airflow/dags/assignment_medium.py
[2023-01-31T10:28:39.615+0000] {logging_mixin.py:137} INFO - [2023-01-31T10:28:39.615+0000] {dag.py:2690} INFO - Sync 1 DAGs
[2023-01-31T10:28:39.631+0000] {logging_mixin.py:137} INFO - [2023-01-31T10:28:39.631+0000] {dag.py:3441} INFO - Setting next_dagrun for assignment_medium to None, run_after=None
[2023-01-31T10:28:39.659+0000] {processor.py:175} INFO - Processing /opt/airflow/dags/assignment_medium.py took 0.106 seconds
[2023-01-31T10:29:10.223+0000] {processor.py:153} INFO - Started process (PID=2260) to work on /opt/airflow/dags/assignment_medium.py
[2023-01-31T10:29:10.232+0000] {processor.py:743} INFO - Processing file /opt/airflow/dags/assignment_medium.py for tasks to queue
[2023-01-31T10:29:10.236+0000] {logging_mixin.py:137} INFO - [2023-01-31T10:29:10.236+0000] {dagbag.py:538} INFO - Filling up the DagBag from /opt/airflow/dags/assignment_medium.py
[2023-01-31T10:29:10.341+0000] {logging_mixin.py:137} INFO - {{ task_instance.xcom_pull(task_ids='read_data', dag_id='assignment_medium', key='return_value') }}
[2023-01-31T10:29:10.361+0000] {processor.py:753} INFO - DAG(s) dict_keys(['assignment_medium']) retrieved from /opt/airflow/dags/assignment_medium.py
[2023-01-31T10:29:10.501+0000] {logging_mixin.py:137} INFO - [2023-01-31T10:29:10.500+0000] {dag.py:2690} INFO - Sync 1 DAGs
[2023-01-31T10:29:10.600+0000] {logging_mixin.py:137} INFO - [2023-01-31T10:29:10.600+0000] {dag.py:3441} INFO - Setting next_dagrun for assignment_medium to None, run_after=None
[2023-01-31T10:29:10.658+0000] {processor.py:175} INFO - Processing /opt/airflow/dags/assignment_medium.py took 0.457 seconds
[2023-01-31T10:29:40.015+0000] {processor.py:153} INFO - Started process (PID=2338) to work on /opt/airflow/dags/assignment_medium.py
[2023-01-31T10:29:40.017+0000] {processor.py:743} INFO - Processing file /opt/airflow/dags/assignment_medium.py for tasks to queue
[2023-01-31T10:29:40.018+0000] {logging_mixin.py:137} INFO - [2023-01-31T10:29:40.018+0000] {dagbag.py:538} INFO - Filling up the DagBag from /opt/airflow/dags/assignment_medium.py
[2023-01-31T10:29:40.099+0000] {logging_mixin.py:137} INFO - {{ task_instance.xcom_pull(task_ids='read_data', dag_id='assignment_medium', key='return_value') }}
[2023-01-31T10:29:40.123+0000] {processor.py:753} INFO - DAG(s) dict_keys(['assignment_medium']) retrieved from /opt/airflow/dags/assignment_medium.py
[2023-01-31T10:29:40.173+0000] {logging_mixin.py:137} INFO - [2023-01-31T10:29:40.173+0000] {dag.py:2690} INFO - Sync 1 DAGs
[2023-01-31T10:29:40.198+0000] {logging_mixin.py:137} INFO - [2023-01-31T10:29:40.197+0000] {dag.py:3441} INFO - Setting next_dagrun for assignment_medium to None, run_after=None
[2023-01-31T10:29:40.230+0000] {processor.py:175} INFO - Processing /opt/airflow/dags/assignment_medium.py took 0.219 seconds
[2023-01-31T10:29:55.759+0000] {processor.py:153} INFO - Started process (PID=2371) to work on /opt/airflow/dags/assignment_medium.py
[2023-01-31T10:29:55.775+0000] {processor.py:743} INFO - Processing file /opt/airflow/dags/assignment_medium.py for tasks to queue
[2023-01-31T10:29:55.778+0000] {logging_mixin.py:137} INFO - [2023-01-31T10:29:55.778+0000] {dagbag.py:538} INFO - Filling up the DagBag from /opt/airflow/dags/assignment_medium.py
[2023-01-31T10:29:55.859+0000] {logging_mixin.py:137} INFO - {{ task_instance.xcom_pull(task_ids='read_data', dag_id='assignment_medium', key='return_value') }}
[2023-01-31T10:29:55.872+0000] {processor.py:753} INFO - DAG(s) dict_keys(['assignment_medium']) retrieved from /opt/airflow/dags/assignment_medium.py
[2023-01-31T10:29:56.100+0000] {logging_mixin.py:137} INFO - [2023-01-31T10:29:56.099+0000] {dag.py:2690} INFO - Sync 1 DAGs
[2023-01-31T10:29:56.168+0000] {logging_mixin.py:137} INFO - [2023-01-31T10:29:56.168+0000] {dag.py:3441} INFO - Setting next_dagrun for assignment_medium to None, run_after=None
[2023-01-31T10:29:56.289+0000] {processor.py:175} INFO - Processing /opt/airflow/dags/assignment_medium.py took 0.586 seconds
[2023-01-31T10:30:19.231+0000] {processor.py:153} INFO - Started process (PID=2442) to work on /opt/airflow/dags/assignment_medium.py
[2023-01-31T10:30:19.238+0000] {processor.py:743} INFO - Processing file /opt/airflow/dags/assignment_medium.py for tasks to queue
[2023-01-31T10:30:19.278+0000] {logging_mixin.py:137} INFO - [2023-01-31T10:30:19.277+0000] {dagbag.py:538} INFO - Filling up the DagBag from /opt/airflow/dags/assignment_medium.py
[2023-01-31T10:30:19.393+0000] {logging_mixin.py:137} INFO - [2023-01-31T10:30:19.386+0000] {dagbag.py:343} ERROR - Failed to import: /opt/airflow/dags/assignment_medium.py
Traceback (most recent call last):
  File "/home/airflow/.local/lib/python3.7/site-packages/airflow/models/dagbag.py", line 339, in parse
    loader.exec_module(new_module)
  File "<frozen importlib._bootstrap_external>", line 724, in exec_module
  File "<frozen importlib._bootstrap_external>", line 860, in get_code
  File "<frozen importlib._bootstrap_external>", line 791, in source_to_code
  File "<frozen importlib._bootstrap>", line 219, in _call_with_frames_removed
  File "/opt/airflow/dags/assignment_medium.py", line 24
    params = {
         ^
IndentationError: expected an indented block
[2023-01-31T10:30:19.404+0000] {processor.py:755} WARNING - No viable dags retrieved from /opt/airflow/dags/assignment_medium.py
[2023-01-31T10:30:19.719+0000] {processor.py:175} INFO - Processing /opt/airflow/dags/assignment_medium.py took 0.515 seconds
[2023-01-31T10:30:50.373+0000] {processor.py:153} INFO - Started process (PID=2521) to work on /opt/airflow/dags/assignment_medium.py
[2023-01-31T10:30:50.377+0000] {processor.py:743} INFO - Processing file /opt/airflow/dags/assignment_medium.py for tasks to queue
[2023-01-31T10:30:50.378+0000] {logging_mixin.py:137} INFO - [2023-01-31T10:30:50.378+0000] {dagbag.py:538} INFO - Filling up the DagBag from /opt/airflow/dags/assignment_medium.py
[2023-01-31T10:30:50.386+0000] {logging_mixin.py:137} INFO - [2023-01-31T10:30:50.384+0000] {dagbag.py:343} ERROR - Failed to import: /opt/airflow/dags/assignment_medium.py
Traceback (most recent call last):
  File "/home/airflow/.local/lib/python3.7/site-packages/airflow/models/dagbag.py", line 339, in parse
    loader.exec_module(new_module)
  File "<frozen importlib._bootstrap_external>", line 724, in exec_module
  File "<frozen importlib._bootstrap_external>", line 860, in get_code
  File "<frozen importlib._bootstrap_external>", line 791, in source_to_code
  File "<frozen importlib._bootstrap>", line 219, in _call_with_frames_removed
  File "/opt/airflow/dags/assignment_medium.py", line 24
    params = {
         ^
IndentationError: expected an indented block
[2023-01-31T10:30:50.388+0000] {processor.py:755} WARNING - No viable dags retrieved from /opt/airflow/dags/assignment_medium.py
[2023-01-31T10:30:50.447+0000] {processor.py:175} INFO - Processing /opt/airflow/dags/assignment_medium.py took 0.083 seconds
[2023-01-31T10:31:07.904+0000] {processor.py:153} INFO - Started process (PID=2563) to work on /opt/airflow/dags/assignment_medium.py
[2023-01-31T10:31:07.911+0000] {processor.py:743} INFO - Processing file /opt/airflow/dags/assignment_medium.py for tasks to queue
[2023-01-31T10:31:07.916+0000] {logging_mixin.py:137} INFO - [2023-01-31T10:31:07.915+0000] {dagbag.py:538} INFO - Filling up the DagBag from /opt/airflow/dags/assignment_medium.py
[2023-01-31T10:31:07.950+0000] {logging_mixin.py:137} INFO - [2023-01-31T10:31:07.948+0000] {dagbag.py:343} ERROR - Failed to import: /opt/airflow/dags/assignment_medium.py
Traceback (most recent call last):
  File "/home/airflow/.local/lib/python3.7/site-packages/airflow/models/dagbag.py", line 339, in parse
    loader.exec_module(new_module)
  File "<frozen importlib._bootstrap_external>", line 724, in exec_module
  File "<frozen importlib._bootstrap_external>", line 860, in get_code
  File "<frozen importlib._bootstrap_external>", line 791, in source_to_code
  File "<frozen importlib._bootstrap>", line 219, in _call_with_frames_removed
  File "/opt/airflow/dags/assignment_medium.py", line 24
    params = {
         ^
IndentationError: expected an indented block
[2023-01-31T10:31:07.997+0000] {processor.py:755} WARNING - No viable dags retrieved from /opt/airflow/dags/assignment_medium.py
[2023-01-31T10:31:08.131+0000] {processor.py:175} INFO - Processing /opt/airflow/dags/assignment_medium.py took 0.257 seconds
[2023-01-31T10:31:39.081+0000] {processor.py:153} INFO - Started process (PID=2656) to work on /opt/airflow/dags/assignment_medium.py
[2023-01-31T10:31:39.084+0000] {processor.py:743} INFO - Processing file /opt/airflow/dags/assignment_medium.py for tasks to queue
[2023-01-31T10:31:39.088+0000] {logging_mixin.py:137} INFO - [2023-01-31T10:31:39.087+0000] {dagbag.py:538} INFO - Filling up the DagBag from /opt/airflow/dags/assignment_medium.py
[2023-01-31T10:31:39.105+0000] {logging_mixin.py:137} INFO - [2023-01-31T10:31:39.099+0000] {dagbag.py:343} ERROR - Failed to import: /opt/airflow/dags/assignment_medium.py
Traceback (most recent call last):
  File "/home/airflow/.local/lib/python3.7/site-packages/airflow/models/dagbag.py", line 339, in parse
    loader.exec_module(new_module)
  File "<frozen importlib._bootstrap_external>", line 724, in exec_module
  File "<frozen importlib._bootstrap_external>", line 860, in get_code
  File "<frozen importlib._bootstrap_external>", line 791, in source_to_code
  File "<frozen importlib._bootstrap>", line 219, in _call_with_frames_removed
  File "/opt/airflow/dags/assignment_medium.py", line 24
    params = {
         ^
IndentationError: expected an indented block
[2023-01-31T10:31:39.110+0000] {processor.py:755} WARNING - No viable dags retrieved from /opt/airflow/dags/assignment_medium.py
[2023-01-31T10:31:39.208+0000] {processor.py:175} INFO - Processing /opt/airflow/dags/assignment_medium.py took 0.136 seconds
[2023-01-31T10:32:10.169+0000] {processor.py:153} INFO - Started process (PID=2735) to work on /opt/airflow/dags/assignment_medium.py
[2023-01-31T10:32:10.172+0000] {processor.py:743} INFO - Processing file /opt/airflow/dags/assignment_medium.py for tasks to queue
[2023-01-31T10:32:10.174+0000] {logging_mixin.py:137} INFO - [2023-01-31T10:32:10.174+0000] {dagbag.py:538} INFO - Filling up the DagBag from /opt/airflow/dags/assignment_medium.py
[2023-01-31T10:32:10.184+0000] {logging_mixin.py:137} INFO - [2023-01-31T10:32:10.182+0000] {dagbag.py:343} ERROR - Failed to import: /opt/airflow/dags/assignment_medium.py
Traceback (most recent call last):
  File "/home/airflow/.local/lib/python3.7/site-packages/airflow/models/dagbag.py", line 339, in parse
    loader.exec_module(new_module)
  File "<frozen importlib._bootstrap_external>", line 724, in exec_module
  File "<frozen importlib._bootstrap_external>", line 860, in get_code
  File "<frozen importlib._bootstrap_external>", line 791, in source_to_code
  File "<frozen importlib._bootstrap>", line 219, in _call_with_frames_removed
  File "/opt/airflow/dags/assignment_medium.py", line 24
    params = {
         ^
IndentationError: expected an indented block
[2023-01-31T10:32:10.185+0000] {processor.py:755} WARNING - No viable dags retrieved from /opt/airflow/dags/assignment_medium.py
[2023-01-31T10:32:10.208+0000] {processor.py:175} INFO - Processing /opt/airflow/dags/assignment_medium.py took 0.045 seconds
[2023-01-31T10:32:41.205+0000] {processor.py:153} INFO - Started process (PID=2830) to work on /opt/airflow/dags/assignment_medium.py
[2023-01-31T10:32:41.211+0000] {processor.py:743} INFO - Processing file /opt/airflow/dags/assignment_medium.py for tasks to queue
[2023-01-31T10:32:41.214+0000] {logging_mixin.py:137} INFO - [2023-01-31T10:32:41.214+0000] {dagbag.py:538} INFO - Filling up the DagBag from /opt/airflow/dags/assignment_medium.py
[2023-01-31T10:32:41.224+0000] {logging_mixin.py:137} INFO - [2023-01-31T10:32:41.222+0000] {dagbag.py:343} ERROR - Failed to import: /opt/airflow/dags/assignment_medium.py
Traceback (most recent call last):
  File "/home/airflow/.local/lib/python3.7/site-packages/airflow/models/dagbag.py", line 339, in parse
    loader.exec_module(new_module)
  File "<frozen importlib._bootstrap_external>", line 724, in exec_module
  File "<frozen importlib._bootstrap_external>", line 860, in get_code
  File "<frozen importlib._bootstrap_external>", line 791, in source_to_code
  File "<frozen importlib._bootstrap>", line 219, in _call_with_frames_removed
  File "/opt/airflow/dags/assignment_medium.py", line 24
    params = {
         ^
IndentationError: expected an indented block
[2023-01-31T10:32:41.225+0000] {processor.py:755} WARNING - No viable dags retrieved from /opt/airflow/dags/assignment_medium.py
[2023-01-31T10:32:41.283+0000] {processor.py:175} INFO - Processing /opt/airflow/dags/assignment_medium.py took 0.102 seconds
[2023-01-31T10:33:11.873+0000] {processor.py:153} INFO - Started process (PID=2909) to work on /opt/airflow/dags/assignment_medium.py
[2023-01-31T10:33:11.875+0000] {processor.py:743} INFO - Processing file /opt/airflow/dags/assignment_medium.py for tasks to queue
[2023-01-31T10:33:11.877+0000] {logging_mixin.py:137} INFO - [2023-01-31T10:33:11.876+0000] {dagbag.py:538} INFO - Filling up the DagBag from /opt/airflow/dags/assignment_medium.py
[2023-01-31T10:33:11.885+0000] {logging_mixin.py:137} INFO - [2023-01-31T10:33:11.884+0000] {dagbag.py:343} ERROR - Failed to import: /opt/airflow/dags/assignment_medium.py
Traceback (most recent call last):
  File "/home/airflow/.local/lib/python3.7/site-packages/airflow/models/dagbag.py", line 339, in parse
    loader.exec_module(new_module)
  File "<frozen importlib._bootstrap_external>", line 724, in exec_module
  File "<frozen importlib._bootstrap_external>", line 860, in get_code
  File "<frozen importlib._bootstrap_external>", line 791, in source_to_code
  File "<frozen importlib._bootstrap>", line 219, in _call_with_frames_removed
  File "/opt/airflow/dags/assignment_medium.py", line 24
    params = {
         ^
IndentationError: expected an indented block
[2023-01-31T10:33:11.886+0000] {processor.py:755} WARNING - No viable dags retrieved from /opt/airflow/dags/assignment_medium.py
[2023-01-31T10:33:11.907+0000] {processor.py:175} INFO - Processing /opt/airflow/dags/assignment_medium.py took 0.040 seconds
[2023-01-31T10:33:42.596+0000] {processor.py:153} INFO - Started process (PID=2988) to work on /opt/airflow/dags/assignment_medium.py
[2023-01-31T10:33:42.597+0000] {processor.py:743} INFO - Processing file /opt/airflow/dags/assignment_medium.py for tasks to queue
[2023-01-31T10:33:42.598+0000] {logging_mixin.py:137} INFO - [2023-01-31T10:33:42.598+0000] {dagbag.py:538} INFO - Filling up the DagBag from /opt/airflow/dags/assignment_medium.py
[2023-01-31T10:33:42.604+0000] {logging_mixin.py:137} INFO - [2023-01-31T10:33:42.603+0000] {dagbag.py:343} ERROR - Failed to import: /opt/airflow/dags/assignment_medium.py
Traceback (most recent call last):
  File "/home/airflow/.local/lib/python3.7/site-packages/airflow/models/dagbag.py", line 339, in parse
    loader.exec_module(new_module)
  File "<frozen importlib._bootstrap_external>", line 724, in exec_module
  File "<frozen importlib._bootstrap_external>", line 860, in get_code
  File "<frozen importlib._bootstrap_external>", line 791, in source_to_code
  File "<frozen importlib._bootstrap>", line 219, in _call_with_frames_removed
  File "/opt/airflow/dags/assignment_medium.py", line 24
    params = {
         ^
IndentationError: expected an indented block
[2023-01-31T10:33:42.605+0000] {processor.py:755} WARNING - No viable dags retrieved from /opt/airflow/dags/assignment_medium.py
[2023-01-31T10:33:42.640+0000] {processor.py:175} INFO - Processing /opt/airflow/dags/assignment_medium.py took 0.047 seconds
[2023-01-31T10:34:12.831+0000] {processor.py:153} INFO - Started process (PID=3083) to work on /opt/airflow/dags/assignment_medium.py
[2023-01-31T10:34:12.833+0000] {processor.py:743} INFO - Processing file /opt/airflow/dags/assignment_medium.py for tasks to queue
[2023-01-31T10:34:12.836+0000] {logging_mixin.py:137} INFO - [2023-01-31T10:34:12.836+0000] {dagbag.py:538} INFO - Filling up the DagBag from /opt/airflow/dags/assignment_medium.py
[2023-01-31T10:34:12.866+0000] {logging_mixin.py:137} INFO - [2023-01-31T10:34:12.865+0000] {dagbag.py:343} ERROR - Failed to import: /opt/airflow/dags/assignment_medium.py
Traceback (most recent call last):
  File "/home/airflow/.local/lib/python3.7/site-packages/airflow/models/dagbag.py", line 339, in parse
    loader.exec_module(new_module)
  File "<frozen importlib._bootstrap_external>", line 724, in exec_module
  File "<frozen importlib._bootstrap_external>", line 860, in get_code
  File "<frozen importlib._bootstrap_external>", line 791, in source_to_code
  File "<frozen importlib._bootstrap>", line 219, in _call_with_frames_removed
  File "/opt/airflow/dags/assignment_medium.py", line 24
    params = {
         ^
IndentationError: expected an indented block
[2023-01-31T10:34:12.868+0000] {processor.py:755} WARNING - No viable dags retrieved from /opt/airflow/dags/assignment_medium.py
[2023-01-31T10:34:12.929+0000] {processor.py:175} INFO - Processing /opt/airflow/dags/assignment_medium.py took 0.104 seconds
[2023-01-31T10:34:42.999+0000] {processor.py:153} INFO - Started process (PID=3162) to work on /opt/airflow/dags/assignment_medium.py
[2023-01-31T10:34:43.040+0000] {processor.py:743} INFO - Processing file /opt/airflow/dags/assignment_medium.py for tasks to queue
[2023-01-31T10:34:43.043+0000] {logging_mixin.py:137} INFO - [2023-01-31T10:34:43.043+0000] {dagbag.py:538} INFO - Filling up the DagBag from /opt/airflow/dags/assignment_medium.py
[2023-01-31T10:34:43.051+0000] {logging_mixin.py:137} INFO - [2023-01-31T10:34:43.050+0000] {dagbag.py:343} ERROR - Failed to import: /opt/airflow/dags/assignment_medium.py
Traceback (most recent call last):
  File "/home/airflow/.local/lib/python3.7/site-packages/airflow/models/dagbag.py", line 339, in parse
    loader.exec_module(new_module)
  File "<frozen importlib._bootstrap_external>", line 724, in exec_module
  File "<frozen importlib._bootstrap_external>", line 860, in get_code
  File "<frozen importlib._bootstrap_external>", line 791, in source_to_code
  File "<frozen importlib._bootstrap>", line 219, in _call_with_frames_removed
  File "/opt/airflow/dags/assignment_medium.py", line 24
    params = {
         ^
IndentationError: expected an indented block
[2023-01-31T10:34:43.053+0000] {processor.py:755} WARNING - No viable dags retrieved from /opt/airflow/dags/assignment_medium.py
[2023-01-31T10:34:43.078+0000] {processor.py:175} INFO - Processing /opt/airflow/dags/assignment_medium.py took 0.083 seconds
[2023-01-31T10:34:45.665+0000] {processor.py:153} INFO - Started process (PID=3167) to work on /opt/airflow/dags/assignment_medium.py
[2023-01-31T10:34:45.677+0000] {processor.py:743} INFO - Processing file /opt/airflow/dags/assignment_medium.py for tasks to queue
[2023-01-31T10:34:45.682+0000] {logging_mixin.py:137} INFO - [2023-01-31T10:34:45.681+0000] {dagbag.py:538} INFO - Filling up the DagBag from /opt/airflow/dags/assignment_medium.py
[2023-01-31T10:34:45.899+0000] {processor.py:753} INFO - DAG(s) dict_keys(['assignment_medium']) retrieved from /opt/airflow/dags/assignment_medium.py
[2023-01-31T10:34:46.314+0000] {logging_mixin.py:137} INFO - [2023-01-31T10:34:46.314+0000] {dag.py:2690} INFO - Sync 1 DAGs
[2023-01-31T10:34:46.360+0000] {logging_mixin.py:137} INFO - [2023-01-31T10:34:46.359+0000] {dag.py:3441} INFO - Setting next_dagrun for assignment_medium to None, run_after=None
[2023-01-31T10:34:46.410+0000] {processor.py:175} INFO - Processing /opt/airflow/dags/assignment_medium.py took 0.774 seconds
[2023-01-31T10:35:16.980+0000] {processor.py:153} INFO - Started process (PID=3250) to work on /opt/airflow/dags/assignment_medium.py
[2023-01-31T10:35:16.984+0000] {processor.py:743} INFO - Processing file /opt/airflow/dags/assignment_medium.py for tasks to queue
[2023-01-31T10:35:16.986+0000] {logging_mixin.py:137} INFO - [2023-01-31T10:35:16.986+0000] {dagbag.py:538} INFO - Filling up the DagBag from /opt/airflow/dags/assignment_medium.py
[2023-01-31T10:35:17.076+0000] {processor.py:753} INFO - DAG(s) dict_keys(['assignment_medium']) retrieved from /opt/airflow/dags/assignment_medium.py
[2023-01-31T10:35:17.157+0000] {logging_mixin.py:137} INFO - [2023-01-31T10:35:17.157+0000] {dag.py:2690} INFO - Sync 1 DAGs
[2023-01-31T10:35:17.209+0000] {logging_mixin.py:137} INFO - [2023-01-31T10:35:17.209+0000] {dag.py:3441} INFO - Setting next_dagrun for assignment_medium to None, run_after=None
[2023-01-31T10:35:17.234+0000] {processor.py:175} INFO - Processing /opt/airflow/dags/assignment_medium.py took 0.272 seconds
[2023-01-31T10:35:47.522+0000] {processor.py:153} INFO - Started process (PID=3338) to work on /opt/airflow/dags/assignment_medium.py
[2023-01-31T10:35:47.527+0000] {processor.py:743} INFO - Processing file /opt/airflow/dags/assignment_medium.py for tasks to queue
[2023-01-31T10:35:47.530+0000] {logging_mixin.py:137} INFO - [2023-01-31T10:35:47.530+0000] {dagbag.py:538} INFO - Filling up the DagBag from /opt/airflow/dags/assignment_medium.py
[2023-01-31T10:35:47.582+0000] {processor.py:753} INFO - DAG(s) dict_keys(['assignment_medium']) retrieved from /opt/airflow/dags/assignment_medium.py
[2023-01-31T10:35:47.641+0000] {logging_mixin.py:137} INFO - [2023-01-31T10:35:47.641+0000] {dag.py:2690} INFO - Sync 1 DAGs
[2023-01-31T10:35:47.674+0000] {logging_mixin.py:137} INFO - [2023-01-31T10:35:47.674+0000] {dag.py:3441} INFO - Setting next_dagrun for assignment_medium to None, run_after=None
[2023-01-31T10:35:47.715+0000] {processor.py:175} INFO - Processing /opt/airflow/dags/assignment_medium.py took 0.201 seconds
[2023-01-31T10:36:18.076+0000] {processor.py:153} INFO - Started process (PID=3408) to work on /opt/airflow/dags/assignment_medium.py
[2023-01-31T10:36:18.080+0000] {processor.py:743} INFO - Processing file /opt/airflow/dags/assignment_medium.py for tasks to queue
[2023-01-31T10:36:18.083+0000] {logging_mixin.py:137} INFO - [2023-01-31T10:36:18.083+0000] {dagbag.py:538} INFO - Filling up the DagBag from /opt/airflow/dags/assignment_medium.py
[2023-01-31T10:36:18.170+0000] {processor.py:753} INFO - DAG(s) dict_keys(['assignment_medium']) retrieved from /opt/airflow/dags/assignment_medium.py
[2023-01-31T10:36:18.257+0000] {logging_mixin.py:137} INFO - [2023-01-31T10:36:18.257+0000] {dag.py:2690} INFO - Sync 1 DAGs
[2023-01-31T10:36:18.299+0000] {logging_mixin.py:137} INFO - [2023-01-31T10:36:18.299+0000] {dag.py:3441} INFO - Setting next_dagrun for assignment_medium to None, run_after=None
[2023-01-31T10:36:18.321+0000] {processor.py:175} INFO - Processing /opt/airflow/dags/assignment_medium.py took 0.267 seconds
[2023-01-31T10:36:49.236+0000] {processor.py:153} INFO - Started process (PID=3491) to work on /opt/airflow/dags/assignment_medium.py
[2023-01-31T10:36:49.251+0000] {processor.py:743} INFO - Processing file /opt/airflow/dags/assignment_medium.py for tasks to queue
[2023-01-31T10:36:49.256+0000] {logging_mixin.py:137} INFO - [2023-01-31T10:36:49.256+0000] {dagbag.py:538} INFO - Filling up the DagBag from /opt/airflow/dags/assignment_medium.py
[2023-01-31T10:36:49.327+0000] {processor.py:753} INFO - DAG(s) dict_keys(['assignment_medium']) retrieved from /opt/airflow/dags/assignment_medium.py
[2023-01-31T10:36:49.419+0000] {logging_mixin.py:137} INFO - [2023-01-31T10:36:49.419+0000] {dag.py:2690} INFO - Sync 1 DAGs
[2023-01-31T10:36:49.457+0000] {logging_mixin.py:137} INFO - [2023-01-31T10:36:49.457+0000] {dag.py:3441} INFO - Setting next_dagrun for assignment_medium to None, run_after=None
[2023-01-31T10:36:49.503+0000] {processor.py:175} INFO - Processing /opt/airflow/dags/assignment_medium.py took 0.278 seconds
[2023-01-31T10:37:19.685+0000] {processor.py:153} INFO - Started process (PID=3557) to work on /opt/airflow/dags/assignment_medium.py
[2023-01-31T10:37:19.687+0000] {processor.py:743} INFO - Processing file /opt/airflow/dags/assignment_medium.py for tasks to queue
[2023-01-31T10:37:19.689+0000] {logging_mixin.py:137} INFO - [2023-01-31T10:37:19.689+0000] {dagbag.py:538} INFO - Filling up the DagBag from /opt/airflow/dags/assignment_medium.py
[2023-01-31T10:37:19.772+0000] {processor.py:753} INFO - DAG(s) dict_keys(['assignment_medium']) retrieved from /opt/airflow/dags/assignment_medium.py
[2023-01-31T10:37:19.822+0000] {logging_mixin.py:137} INFO - [2023-01-31T10:37:19.821+0000] {dag.py:2690} INFO - Sync 1 DAGs
[2023-01-31T10:37:19.878+0000] {logging_mixin.py:137} INFO - [2023-01-31T10:37:19.878+0000] {dag.py:3441} INFO - Setting next_dagrun for assignment_medium to None, run_after=None
[2023-01-31T10:37:19.899+0000] {processor.py:175} INFO - Processing /opt/airflow/dags/assignment_medium.py took 0.219 seconds
[2023-01-31T10:37:47.982+0000] {processor.py:153} INFO - Started process (PID=3640) to work on /opt/airflow/dags/assignment_medium.py
[2023-01-31T10:37:48.004+0000] {processor.py:743} INFO - Processing file /opt/airflow/dags/assignment_medium.py for tasks to queue
[2023-01-31T10:37:48.024+0000] {logging_mixin.py:137} INFO - [2023-01-31T10:37:48.023+0000] {dagbag.py:538} INFO - Filling up the DagBag from /opt/airflow/dags/assignment_medium.py
[2023-01-31T10:37:48.480+0000] {processor.py:753} INFO - DAG(s) dict_keys(['assignment_medium']) retrieved from /opt/airflow/dags/assignment_medium.py
[2023-01-31T10:37:48.564+0000] {logging_mixin.py:137} INFO - [2023-01-31T10:37:48.562+0000] {dag.py:2690} INFO - Sync 1 DAGs
[2023-01-31T10:37:48.613+0000] {logging_mixin.py:137} INFO - [2023-01-31T10:37:48.613+0000] {dag.py:3441} INFO - Setting next_dagrun for assignment_medium to None, run_after=None
[2023-01-31T10:37:48.709+0000] {processor.py:175} INFO - Processing /opt/airflow/dags/assignment_medium.py took 0.753 seconds
[2023-01-31T10:38:18.905+0000] {processor.py:153} INFO - Started process (PID=3711) to work on /opt/airflow/dags/assignment_medium.py
[2023-01-31T10:38:18.911+0000] {processor.py:743} INFO - Processing file /opt/airflow/dags/assignment_medium.py for tasks to queue
[2023-01-31T10:38:18.932+0000] {logging_mixin.py:137} INFO - [2023-01-31T10:38:18.932+0000] {dagbag.py:538} INFO - Filling up the DagBag from /opt/airflow/dags/assignment_medium.py
[2023-01-31T10:38:19.036+0000] {processor.py:753} INFO - DAG(s) dict_keys(['assignment_medium']) retrieved from /opt/airflow/dags/assignment_medium.py
[2023-01-31T10:38:19.112+0000] {logging_mixin.py:137} INFO - [2023-01-31T10:38:19.111+0000] {dag.py:2690} INFO - Sync 1 DAGs
[2023-01-31T10:38:19.151+0000] {logging_mixin.py:137} INFO - [2023-01-31T10:38:19.150+0000] {dag.py:3441} INFO - Setting next_dagrun for assignment_medium to None, run_after=None
[2023-01-31T10:38:19.235+0000] {processor.py:175} INFO - Processing /opt/airflow/dags/assignment_medium.py took 0.336 seconds
[2023-01-31T10:38:49.303+0000] {processor.py:153} INFO - Started process (PID=3801) to work on /opt/airflow/dags/assignment_medium.py
[2023-01-31T10:38:49.305+0000] {processor.py:743} INFO - Processing file /opt/airflow/dags/assignment_medium.py for tasks to queue
[2023-01-31T10:38:49.306+0000] {logging_mixin.py:137} INFO - [2023-01-31T10:38:49.306+0000] {dagbag.py:538} INFO - Filling up the DagBag from /opt/airflow/dags/assignment_medium.py
[2023-01-31T10:38:49.329+0000] {processor.py:753} INFO - DAG(s) dict_keys(['assignment_medium']) retrieved from /opt/airflow/dags/assignment_medium.py
[2023-01-31T10:38:49.376+0000] {logging_mixin.py:137} INFO - [2023-01-31T10:38:49.376+0000] {dag.py:2690} INFO - Sync 1 DAGs
[2023-01-31T10:38:49.406+0000] {logging_mixin.py:137} INFO - [2023-01-31T10:38:49.406+0000] {dag.py:3441} INFO - Setting next_dagrun for assignment_medium to None, run_after=None
[2023-01-31T10:38:49.427+0000] {processor.py:175} INFO - Processing /opt/airflow/dags/assignment_medium.py took 0.126 seconds
[2023-01-31T10:39:20.229+0000] {processor.py:153} INFO - Started process (PID=3877) to work on /opt/airflow/dags/assignment_medium.py
[2023-01-31T10:39:20.231+0000] {processor.py:743} INFO - Processing file /opt/airflow/dags/assignment_medium.py for tasks to queue
[2023-01-31T10:39:20.232+0000] {logging_mixin.py:137} INFO - [2023-01-31T10:39:20.232+0000] {dagbag.py:538} INFO - Filling up the DagBag from /opt/airflow/dags/assignment_medium.py
[2023-01-31T10:39:20.304+0000] {processor.py:753} INFO - DAG(s) dict_keys(['assignment_medium']) retrieved from /opt/airflow/dags/assignment_medium.py
[2023-01-31T10:39:20.444+0000] {logging_mixin.py:137} INFO - [2023-01-31T10:39:20.444+0000] {dag.py:2690} INFO - Sync 1 DAGs
[2023-01-31T10:39:20.467+0000] {logging_mixin.py:137} INFO - [2023-01-31T10:39:20.467+0000] {dag.py:3441} INFO - Setting next_dagrun for assignment_medium to None, run_after=None
[2023-01-31T10:39:20.525+0000] {processor.py:175} INFO - Processing /opt/airflow/dags/assignment_medium.py took 0.300 seconds
[2023-01-31T10:39:50.918+0000] {processor.py:153} INFO - Started process (PID=3954) to work on /opt/airflow/dags/assignment_medium.py
[2023-01-31T10:39:50.920+0000] {processor.py:743} INFO - Processing file /opt/airflow/dags/assignment_medium.py for tasks to queue
[2023-01-31T10:39:50.922+0000] {logging_mixin.py:137} INFO - [2023-01-31T10:39:50.922+0000] {dagbag.py:538} INFO - Filling up the DagBag from /opt/airflow/dags/assignment_medium.py
[2023-01-31T10:39:50.977+0000] {processor.py:753} INFO - DAG(s) dict_keys(['assignment_medium']) retrieved from /opt/airflow/dags/assignment_medium.py
[2023-01-31T10:39:51.032+0000] {logging_mixin.py:137} INFO - [2023-01-31T10:39:51.031+0000] {dag.py:2690} INFO - Sync 1 DAGs
[2023-01-31T10:39:51.075+0000] {logging_mixin.py:137} INFO - [2023-01-31T10:39:51.075+0000] {dag.py:3441} INFO - Setting next_dagrun for assignment_medium to None, run_after=None
[2023-01-31T10:39:51.114+0000] {processor.py:175} INFO - Processing /opt/airflow/dags/assignment_medium.py took 0.202 seconds
[2023-01-31T10:40:21.782+0000] {processor.py:153} INFO - Started process (PID=4033) to work on /opt/airflow/dags/assignment_medium.py
[2023-01-31T10:40:21.786+0000] {processor.py:743} INFO - Processing file /opt/airflow/dags/assignment_medium.py for tasks to queue
[2023-01-31T10:40:21.789+0000] {logging_mixin.py:137} INFO - [2023-01-31T10:40:21.788+0000] {dagbag.py:538} INFO - Filling up the DagBag from /opt/airflow/dags/assignment_medium.py
[2023-01-31T10:40:21.866+0000] {processor.py:753} INFO - DAG(s) dict_keys(['assignment_medium']) retrieved from /opt/airflow/dags/assignment_medium.py
[2023-01-31T10:40:21.975+0000] {logging_mixin.py:137} INFO - [2023-01-31T10:40:21.975+0000] {dag.py:2690} INFO - Sync 1 DAGs
[2023-01-31T10:40:22.029+0000] {logging_mixin.py:137} INFO - [2023-01-31T10:40:22.029+0000] {dag.py:3441} INFO - Setting next_dagrun for assignment_medium to None, run_after=None
[2023-01-31T10:40:22.062+0000] {processor.py:175} INFO - Processing /opt/airflow/dags/assignment_medium.py took 0.302 seconds
[2023-01-31T10:40:52.267+0000] {processor.py:153} INFO - Started process (PID=4112) to work on /opt/airflow/dags/assignment_medium.py
[2023-01-31T10:40:52.271+0000] {processor.py:743} INFO - Processing file /opt/airflow/dags/assignment_medium.py for tasks to queue
[2023-01-31T10:40:52.274+0000] {logging_mixin.py:137} INFO - [2023-01-31T10:40:52.273+0000] {dagbag.py:538} INFO - Filling up the DagBag from /opt/airflow/dags/assignment_medium.py
[2023-01-31T10:40:52.404+0000] {processor.py:753} INFO - DAG(s) dict_keys(['assignment_medium']) retrieved from /opt/airflow/dags/assignment_medium.py
[2023-01-31T10:40:52.687+0000] {logging_mixin.py:137} INFO - [2023-01-31T10:40:52.686+0000] {dag.py:2690} INFO - Sync 1 DAGs
[2023-01-31T10:40:52.809+0000] {logging_mixin.py:137} INFO - [2023-01-31T10:40:52.809+0000] {dag.py:3441} INFO - Setting next_dagrun for assignment_medium to None, run_after=None
[2023-01-31T10:40:52.870+0000] {processor.py:175} INFO - Processing /opt/airflow/dags/assignment_medium.py took 0.616 seconds
[2023-01-31T10:41:24.484+0000] {processor.py:153} INFO - Started process (PID=4191) to work on /opt/airflow/dags/assignment_medium.py
[2023-01-31T10:41:24.519+0000] {processor.py:743} INFO - Processing file /opt/airflow/dags/assignment_medium.py for tasks to queue
[2023-01-31T10:41:24.526+0000] {logging_mixin.py:137} INFO - [2023-01-31T10:41:24.525+0000] {dagbag.py:538} INFO - Filling up the DagBag from /opt/airflow/dags/assignment_medium.py
[2023-01-31T10:41:24.921+0000] {processor.py:753} INFO - DAG(s) dict_keys(['assignment_medium']) retrieved from /opt/airflow/dags/assignment_medium.py
[2023-01-31T10:41:25.038+0000] {logging_mixin.py:137} INFO - [2023-01-31T10:41:25.038+0000] {dag.py:2690} INFO - Sync 1 DAGs
[2023-01-31T10:41:25.112+0000] {logging_mixin.py:137} INFO - [2023-01-31T10:41:25.112+0000] {dag.py:3441} INFO - Setting next_dagrun for assignment_medium to None, run_after=None
[2023-01-31T10:41:25.153+0000] {processor.py:175} INFO - Processing /opt/airflow/dags/assignment_medium.py took 0.774 seconds
[2023-01-31T10:41:55.628+0000] {processor.py:153} INFO - Started process (PID=4270) to work on /opt/airflow/dags/assignment_medium.py
[2023-01-31T10:41:55.634+0000] {processor.py:743} INFO - Processing file /opt/airflow/dags/assignment_medium.py for tasks to queue
[2023-01-31T10:41:55.638+0000] {logging_mixin.py:137} INFO - [2023-01-31T10:41:55.636+0000] {dagbag.py:538} INFO - Filling up the DagBag from /opt/airflow/dags/assignment_medium.py
[2023-01-31T10:41:55.728+0000] {processor.py:753} INFO - DAG(s) dict_keys(['assignment_medium']) retrieved from /opt/airflow/dags/assignment_medium.py
[2023-01-31T10:41:55.855+0000] {logging_mixin.py:137} INFO - [2023-01-31T10:41:55.855+0000] {dag.py:2690} INFO - Sync 1 DAGs
[2023-01-31T10:41:55.905+0000] {logging_mixin.py:137} INFO - [2023-01-31T10:41:55.905+0000] {dag.py:3441} INFO - Setting next_dagrun for assignment_medium to None, run_after=None
[2023-01-31T10:41:55.925+0000] {processor.py:175} INFO - Processing /opt/airflow/dags/assignment_medium.py took 0.302 seconds
[2023-01-31T10:42:26.800+0000] {processor.py:153} INFO - Started process (PID=4359) to work on /opt/airflow/dags/assignment_medium.py
[2023-01-31T10:42:26.806+0000] {processor.py:743} INFO - Processing file /opt/airflow/dags/assignment_medium.py for tasks to queue
[2023-01-31T10:42:26.809+0000] {logging_mixin.py:137} INFO - [2023-01-31T10:42:26.808+0000] {dagbag.py:538} INFO - Filling up the DagBag from /opt/airflow/dags/assignment_medium.py
[2023-01-31T10:42:26.892+0000] {processor.py:753} INFO - DAG(s) dict_keys(['assignment_medium']) retrieved from /opt/airflow/dags/assignment_medium.py
[2023-01-31T10:42:27.056+0000] {logging_mixin.py:137} INFO - [2023-01-31T10:42:27.056+0000] {dag.py:2690} INFO - Sync 1 DAGs
[2023-01-31T10:42:27.213+0000] {logging_mixin.py:137} INFO - [2023-01-31T10:42:27.213+0000] {dag.py:3441} INFO - Setting next_dagrun for assignment_medium to None, run_after=None
[2023-01-31T10:42:27.300+0000] {processor.py:175} INFO - Processing /opt/airflow/dags/assignment_medium.py took 0.530 seconds
[2023-01-31T10:42:58.131+0000] {processor.py:153} INFO - Started process (PID=4450) to work on /opt/airflow/dags/assignment_medium.py
[2023-01-31T10:42:58.136+0000] {processor.py:743} INFO - Processing file /opt/airflow/dags/assignment_medium.py for tasks to queue
[2023-01-31T10:42:58.139+0000] {logging_mixin.py:137} INFO - [2023-01-31T10:42:58.138+0000] {dagbag.py:538} INFO - Filling up the DagBag from /opt/airflow/dags/assignment_medium.py
[2023-01-31T10:42:58.218+0000] {processor.py:753} INFO - DAG(s) dict_keys(['assignment_medium']) retrieved from /opt/airflow/dags/assignment_medium.py
[2023-01-31T10:42:58.266+0000] {logging_mixin.py:137} INFO - [2023-01-31T10:42:58.266+0000] {dag.py:2690} INFO - Sync 1 DAGs
[2023-01-31T10:42:58.311+0000] {logging_mixin.py:137} INFO - [2023-01-31T10:42:58.311+0000] {dag.py:3441} INFO - Setting next_dagrun for assignment_medium to None, run_after=None
[2023-01-31T10:42:58.328+0000] {processor.py:175} INFO - Processing /opt/airflow/dags/assignment_medium.py took 0.207 seconds
[2023-01-31T10:43:28.541+0000] {processor.py:153} INFO - Started process (PID=4528) to work on /opt/airflow/dags/assignment_medium.py
[2023-01-31T10:43:28.554+0000] {processor.py:743} INFO - Processing file /opt/airflow/dags/assignment_medium.py for tasks to queue
[2023-01-31T10:43:28.561+0000] {logging_mixin.py:137} INFO - [2023-01-31T10:43:28.560+0000] {dagbag.py:538} INFO - Filling up the DagBag from /opt/airflow/dags/assignment_medium.py
[2023-01-31T10:43:28.639+0000] {processor.py:753} INFO - DAG(s) dict_keys(['assignment_medium']) retrieved from /opt/airflow/dags/assignment_medium.py
[2023-01-31T10:43:28.689+0000] {logging_mixin.py:137} INFO - [2023-01-31T10:43:28.689+0000] {dag.py:2690} INFO - Sync 1 DAGs
[2023-01-31T10:43:28.764+0000] {logging_mixin.py:137} INFO - [2023-01-31T10:43:28.764+0000] {dag.py:3441} INFO - Setting next_dagrun for assignment_medium to None, run_after=None
[2023-01-31T10:43:28.796+0000] {processor.py:175} INFO - Processing /opt/airflow/dags/assignment_medium.py took 0.266 seconds
[2023-01-31T10:43:59.755+0000] {processor.py:153} INFO - Started process (PID=4607) to work on /opt/airflow/dags/assignment_medium.py
[2023-01-31T10:43:59.760+0000] {processor.py:743} INFO - Processing file /opt/airflow/dags/assignment_medium.py for tasks to queue
[2023-01-31T10:43:59.762+0000] {logging_mixin.py:137} INFO - [2023-01-31T10:43:59.762+0000] {dagbag.py:538} INFO - Filling up the DagBag from /opt/airflow/dags/assignment_medium.py
[2023-01-31T10:43:59.866+0000] {processor.py:753} INFO - DAG(s) dict_keys(['assignment_medium']) retrieved from /opt/airflow/dags/assignment_medium.py
[2023-01-31T10:43:59.954+0000] {logging_mixin.py:137} INFO - [2023-01-31T10:43:59.954+0000] {dag.py:2690} INFO - Sync 1 DAGs
[2023-01-31T10:44:00.005+0000] {logging_mixin.py:137} INFO - [2023-01-31T10:44:00.005+0000] {dag.py:3441} INFO - Setting next_dagrun for assignment_medium to None, run_after=None
[2023-01-31T10:44:00.053+0000] {processor.py:175} INFO - Processing /opt/airflow/dags/assignment_medium.py took 0.313 seconds
