[2023-01-31T10:15:26.369+0000] {processor.py:153} INFO - Started process (PID=61) to work on /opt/airflow/dags/exercise15.py
[2023-01-31T10:15:26.387+0000] {processor.py:743} INFO - Processing file /opt/airflow/dags/exercise15.py for tasks to queue
[2023-01-31T10:15:26.408+0000] {logging_mixin.py:137} INFO - [2023-01-31T10:15:26.408+0000] {dagbag.py:538} INFO - Filling up the DagBag from /opt/airflow/dags/exercise15.py
[2023-01-31T10:15:26.859+0000] {processor.py:753} INFO - DAG(s) dict_keys(['exercise15']) retrieved from /opt/airflow/dags/exercise15.py
[2023-01-31T10:15:27.398+0000] {logging_mixin.py:137} INFO - [2023-01-31T10:15:27.396+0000] {dag.py:2690} INFO - Sync 1 DAGs
[2023-01-31T10:15:27.535+0000] {logging_mixin.py:137} INFO - [2023-01-31T10:15:27.535+0000] {dag.py:3441} INFO - Setting next_dagrun for exercise15 to None, run_after=None
[2023-01-31T10:15:27.663+0000] {processor.py:175} INFO - Processing /opt/airflow/dags/exercise15.py took 1.309 seconds
[2023-01-31T10:15:58.065+0000] {processor.py:153} INFO - Started process (PID=144) to work on /opt/airflow/dags/exercise15.py
[2023-01-31T10:15:58.068+0000] {processor.py:743} INFO - Processing file /opt/airflow/dags/exercise15.py for tasks to queue
[2023-01-31T10:15:58.070+0000] {logging_mixin.py:137} INFO - [2023-01-31T10:15:58.070+0000] {dagbag.py:538} INFO - Filling up the DagBag from /opt/airflow/dags/exercise15.py
[2023-01-31T10:15:58.113+0000] {processor.py:753} INFO - DAG(s) dict_keys(['exercise15']) retrieved from /opt/airflow/dags/exercise15.py
[2023-01-31T10:15:58.178+0000] {logging_mixin.py:137} INFO - [2023-01-31T10:15:58.178+0000] {dag.py:2690} INFO - Sync 1 DAGs
[2023-01-31T10:15:58.215+0000] {logging_mixin.py:137} INFO - [2023-01-31T10:15:58.214+0000] {dag.py:3441} INFO - Setting next_dagrun for exercise15 to None, run_after=None
[2023-01-31T10:15:58.241+0000] {processor.py:175} INFO - Processing /opt/airflow/dags/exercise15.py took 0.196 seconds
[2023-01-31T10:16:28.493+0000] {processor.py:153} INFO - Started process (PID=223) to work on /opt/airflow/dags/exercise15.py
[2023-01-31T10:16:28.495+0000] {processor.py:743} INFO - Processing file /opt/airflow/dags/exercise15.py for tasks to queue
[2023-01-31T10:16:28.496+0000] {logging_mixin.py:137} INFO - [2023-01-31T10:16:28.496+0000] {dagbag.py:538} INFO - Filling up the DagBag from /opt/airflow/dags/exercise15.py
[2023-01-31T10:16:28.559+0000] {processor.py:753} INFO - DAG(s) dict_keys(['exercise15']) retrieved from /opt/airflow/dags/exercise15.py
[2023-01-31T10:16:28.597+0000] {logging_mixin.py:137} INFO - [2023-01-31T10:16:28.597+0000] {dag.py:2690} INFO - Sync 1 DAGs
[2023-01-31T10:16:28.624+0000] {logging_mixin.py:137} INFO - [2023-01-31T10:16:28.623+0000] {dag.py:3441} INFO - Setting next_dagrun for exercise15 to None, run_after=None
[2023-01-31T10:16:28.647+0000] {processor.py:175} INFO - Processing /opt/airflow/dags/exercise15.py took 0.159 seconds
[2023-01-31T10:16:59.098+0000] {processor.py:153} INFO - Started process (PID=302) to work on /opt/airflow/dags/exercise15.py
[2023-01-31T10:16:59.101+0000] {processor.py:743} INFO - Processing file /opt/airflow/dags/exercise15.py for tasks to queue
[2023-01-31T10:16:59.104+0000] {logging_mixin.py:137} INFO - [2023-01-31T10:16:59.103+0000] {dagbag.py:538} INFO - Filling up the DagBag from /opt/airflow/dags/exercise15.py
[2023-01-31T10:16:59.186+0000] {processor.py:753} INFO - DAG(s) dict_keys(['exercise15']) retrieved from /opt/airflow/dags/exercise15.py
[2023-01-31T10:16:59.262+0000] {logging_mixin.py:137} INFO - [2023-01-31T10:16:59.262+0000] {dag.py:2690} INFO - Sync 1 DAGs
[2023-01-31T10:16:59.298+0000] {logging_mixin.py:137} INFO - [2023-01-31T10:16:59.298+0000] {dag.py:3441} INFO - Setting next_dagrun for exercise15 to None, run_after=None
[2023-01-31T10:16:59.334+0000] {processor.py:175} INFO - Processing /opt/airflow/dags/exercise15.py took 0.252 seconds
[2023-01-31T10:17:29.678+0000] {processor.py:153} INFO - Started process (PID=381) to work on /opt/airflow/dags/exercise15.py
[2023-01-31T10:17:29.682+0000] {processor.py:743} INFO - Processing file /opt/airflow/dags/exercise15.py for tasks to queue
[2023-01-31T10:17:29.691+0000] {logging_mixin.py:137} INFO - [2023-01-31T10:17:29.690+0000] {dagbag.py:538} INFO - Filling up the DagBag from /opt/airflow/dags/exercise15.py
[2023-01-31T10:17:29.829+0000] {processor.py:753} INFO - DAG(s) dict_keys(['exercise15']) retrieved from /opt/airflow/dags/exercise15.py
[2023-01-31T10:17:29.925+0000] {logging_mixin.py:137} INFO - [2023-01-31T10:17:29.925+0000] {dag.py:2690} INFO - Sync 1 DAGs
[2023-01-31T10:17:29.976+0000] {logging_mixin.py:137} INFO - [2023-01-31T10:17:29.976+0000] {dag.py:3441} INFO - Setting next_dagrun for exercise15 to None, run_after=None
[2023-01-31T10:17:30.027+0000] {processor.py:175} INFO - Processing /opt/airflow/dags/exercise15.py took 0.378 seconds
[2023-01-31T10:18:00.270+0000] {processor.py:153} INFO - Started process (PID=459) to work on /opt/airflow/dags/exercise15.py
[2023-01-31T10:18:00.275+0000] {processor.py:743} INFO - Processing file /opt/airflow/dags/exercise15.py for tasks to queue
[2023-01-31T10:18:00.277+0000] {logging_mixin.py:137} INFO - [2023-01-31T10:18:00.277+0000] {dagbag.py:538} INFO - Filling up the DagBag from /opt/airflow/dags/exercise15.py
[2023-01-31T10:18:00.342+0000] {processor.py:753} INFO - DAG(s) dict_keys(['exercise15']) retrieved from /opt/airflow/dags/exercise15.py
[2023-01-31T10:18:00.394+0000] {logging_mixin.py:137} INFO - [2023-01-31T10:18:00.393+0000] {dag.py:2690} INFO - Sync 1 DAGs
[2023-01-31T10:18:00.435+0000] {logging_mixin.py:137} INFO - [2023-01-31T10:18:00.435+0000] {dag.py:3441} INFO - Setting next_dagrun for exercise15 to None, run_after=None
[2023-01-31T10:18:00.458+0000] {processor.py:175} INFO - Processing /opt/airflow/dags/exercise15.py took 0.201 seconds
[2023-01-31T10:18:31.321+0000] {processor.py:153} INFO - Started process (PID=547) to work on /opt/airflow/dags/exercise15.py
[2023-01-31T10:18:31.325+0000] {processor.py:743} INFO - Processing file /opt/airflow/dags/exercise15.py for tasks to queue
[2023-01-31T10:18:31.337+0000] {logging_mixin.py:137} INFO - [2023-01-31T10:18:31.335+0000] {dagbag.py:538} INFO - Filling up the DagBag from /opt/airflow/dags/exercise15.py
[2023-01-31T10:18:31.515+0000] {processor.py:753} INFO - DAG(s) dict_keys(['exercise15']) retrieved from /opt/airflow/dags/exercise15.py
[2023-01-31T10:18:32.024+0000] {logging_mixin.py:137} INFO - [2023-01-31T10:18:32.023+0000] {dag.py:2690} INFO - Sync 1 DAGs
[2023-01-31T10:18:32.120+0000] {logging_mixin.py:137} INFO - [2023-01-31T10:18:32.119+0000] {dag.py:3441} INFO - Setting next_dagrun for exercise15 to None, run_after=None
[2023-01-31T10:18:32.208+0000] {processor.py:175} INFO - Processing /opt/airflow/dags/exercise15.py took 0.909 seconds
[2023-01-31T10:19:02.414+0000] {processor.py:153} INFO - Started process (PID=617) to work on /opt/airflow/dags/exercise15.py
[2023-01-31T10:19:02.416+0000] {processor.py:743} INFO - Processing file /opt/airflow/dags/exercise15.py for tasks to queue
[2023-01-31T10:19:02.417+0000] {logging_mixin.py:137} INFO - [2023-01-31T10:19:02.417+0000] {dagbag.py:538} INFO - Filling up the DagBag from /opt/airflow/dags/exercise15.py
[2023-01-31T10:19:02.478+0000] {processor.py:753} INFO - DAG(s) dict_keys(['exercise15']) retrieved from /opt/airflow/dags/exercise15.py
[2023-01-31T10:19:02.524+0000] {logging_mixin.py:137} INFO - [2023-01-31T10:19:02.524+0000] {dag.py:2690} INFO - Sync 1 DAGs
[2023-01-31T10:19:02.565+0000] {logging_mixin.py:137} INFO - [2023-01-31T10:19:02.565+0000] {dag.py:3441} INFO - Setting next_dagrun for exercise15 to None, run_after=None
[2023-01-31T10:19:02.600+0000] {processor.py:175} INFO - Processing /opt/airflow/dags/exercise15.py took 0.190 seconds
[2023-01-31T10:19:33.028+0000] {processor.py:153} INFO - Started process (PID=714) to work on /opt/airflow/dags/exercise15.py
[2023-01-31T10:19:33.060+0000] {processor.py:743} INFO - Processing file /opt/airflow/dags/exercise15.py for tasks to queue
[2023-01-31T10:19:33.094+0000] {logging_mixin.py:137} INFO - [2023-01-31T10:19:33.094+0000] {dagbag.py:538} INFO - Filling up the DagBag from /opt/airflow/dags/exercise15.py
[2023-01-31T10:19:33.536+0000] {processor.py:753} INFO - DAG(s) dict_keys(['exercise15']) retrieved from /opt/airflow/dags/exercise15.py
[2023-01-31T10:19:33.870+0000] {logging_mixin.py:137} INFO - [2023-01-31T10:19:33.869+0000] {dag.py:2690} INFO - Sync 1 DAGs
[2023-01-31T10:19:33.929+0000] {logging_mixin.py:137} INFO - [2023-01-31T10:19:33.929+0000] {dag.py:3441} INFO - Setting next_dagrun for exercise15 to None, run_after=None
[2023-01-31T10:19:34.194+0000] {processor.py:175} INFO - Processing /opt/airflow/dags/exercise15.py took 1.178 seconds
[2023-01-31T10:20:06.113+0000] {processor.py:153} INFO - Started process (PID=794) to work on /opt/airflow/dags/exercise15.py
[2023-01-31T10:20:06.155+0000] {processor.py:743} INFO - Processing file /opt/airflow/dags/exercise15.py for tasks to queue
[2023-01-31T10:20:06.183+0000] {logging_mixin.py:137} INFO - [2023-01-31T10:20:06.183+0000] {dagbag.py:538} INFO - Filling up the DagBag from /opt/airflow/dags/exercise15.py
[2023-01-31T10:20:06.325+0000] {processor.py:753} INFO - DAG(s) dict_keys(['exercise15']) retrieved from /opt/airflow/dags/exercise15.py
[2023-01-31T10:20:06.432+0000] {logging_mixin.py:137} INFO - [2023-01-31T10:20:06.432+0000] {dag.py:2690} INFO - Sync 1 DAGs
[2023-01-31T10:20:06.475+0000] {logging_mixin.py:137} INFO - [2023-01-31T10:20:06.475+0000] {dag.py:3441} INFO - Setting next_dagrun for exercise15 to None, run_after=None
[2023-01-31T10:20:06.508+0000] {processor.py:175} INFO - Processing /opt/airflow/dags/exercise15.py took 0.416 seconds
[2023-01-31T10:20:36.878+0000] {processor.py:153} INFO - Started process (PID=877) to work on /opt/airflow/dags/exercise15.py
[2023-01-31T10:20:36.892+0000] {processor.py:743} INFO - Processing file /opt/airflow/dags/exercise15.py for tasks to queue
[2023-01-31T10:20:36.895+0000] {logging_mixin.py:137} INFO - [2023-01-31T10:20:36.894+0000] {dagbag.py:538} INFO - Filling up the DagBag from /opt/airflow/dags/exercise15.py
[2023-01-31T10:20:36.975+0000] {processor.py:753} INFO - DAG(s) dict_keys(['exercise15']) retrieved from /opt/airflow/dags/exercise15.py
[2023-01-31T10:20:37.048+0000] {logging_mixin.py:137} INFO - [2023-01-31T10:20:37.048+0000] {dag.py:2690} INFO - Sync 1 DAGs
[2023-01-31T10:20:37.089+0000] {logging_mixin.py:137} INFO - [2023-01-31T10:20:37.089+0000] {dag.py:3441} INFO - Setting next_dagrun for exercise15 to None, run_after=None
[2023-01-31T10:20:37.117+0000] {processor.py:175} INFO - Processing /opt/airflow/dags/exercise15.py took 0.277 seconds
[2023-01-31T10:21:07.505+0000] {processor.py:153} INFO - Started process (PID=972) to work on /opt/airflow/dags/exercise15.py
[2023-01-31T10:21:07.524+0000] {processor.py:743} INFO - Processing file /opt/airflow/dags/exercise15.py for tasks to queue
[2023-01-31T10:21:07.549+0000] {logging_mixin.py:137} INFO - [2023-01-31T10:21:07.549+0000] {dagbag.py:538} INFO - Filling up the DagBag from /opt/airflow/dags/exercise15.py
[2023-01-31T10:21:07.923+0000] {processor.py:753} INFO - DAG(s) dict_keys(['exercise15']) retrieved from /opt/airflow/dags/exercise15.py
[2023-01-31T10:21:08.057+0000] {logging_mixin.py:137} INFO - [2023-01-31T10:21:08.057+0000] {dag.py:2690} INFO - Sync 1 DAGs
[2023-01-31T10:21:08.182+0000] {logging_mixin.py:137} INFO - [2023-01-31T10:21:08.182+0000] {dag.py:3441} INFO - Setting next_dagrun for exercise15 to None, run_after=None
[2023-01-31T10:21:08.375+0000] {processor.py:175} INFO - Processing /opt/airflow/dags/exercise15.py took 0.880 seconds
[2023-01-31T10:21:39.070+0000] {processor.py:153} INFO - Started process (PID=1035) to work on /opt/airflow/dags/exercise15.py
[2023-01-31T10:21:39.095+0000] {processor.py:743} INFO - Processing file /opt/airflow/dags/exercise15.py for tasks to queue
[2023-01-31T10:21:39.114+0000] {logging_mixin.py:137} INFO - [2023-01-31T10:21:39.109+0000] {dagbag.py:538} INFO - Filling up the DagBag from /opt/airflow/dags/exercise15.py
[2023-01-31T10:21:39.207+0000] {processor.py:753} INFO - DAG(s) dict_keys(['exercise15']) retrieved from /opt/airflow/dags/exercise15.py
[2023-01-31T10:21:39.301+0000] {logging_mixin.py:137} INFO - [2023-01-31T10:21:39.301+0000] {dag.py:2690} INFO - Sync 1 DAGs
[2023-01-31T10:21:39.365+0000] {logging_mixin.py:137} INFO - [2023-01-31T10:21:39.364+0000] {dag.py:3441} INFO - Setting next_dagrun for exercise15 to None, run_after=None
[2023-01-31T10:21:39.406+0000] {processor.py:175} INFO - Processing /opt/airflow/dags/exercise15.py took 0.374 seconds
[2023-01-31T10:22:09.833+0000] {processor.py:153} INFO - Started process (PID=1129) to work on /opt/airflow/dags/exercise15.py
[2023-01-31T10:22:09.837+0000] {processor.py:743} INFO - Processing file /opt/airflow/dags/exercise15.py for tasks to queue
[2023-01-31T10:22:09.839+0000] {logging_mixin.py:137} INFO - [2023-01-31T10:22:09.839+0000] {dagbag.py:538} INFO - Filling up the DagBag from /opt/airflow/dags/exercise15.py
[2023-01-31T10:22:09.867+0000] {processor.py:753} INFO - DAG(s) dict_keys(['exercise15']) retrieved from /opt/airflow/dags/exercise15.py
[2023-01-31T10:22:09.910+0000] {logging_mixin.py:137} INFO - [2023-01-31T10:22:09.910+0000] {dag.py:2690} INFO - Sync 1 DAGs
[2023-01-31T10:22:09.941+0000] {logging_mixin.py:137} INFO - [2023-01-31T10:22:09.940+0000] {dag.py:3441} INFO - Setting next_dagrun for exercise15 to None, run_after=None
[2023-01-31T10:22:09.989+0000] {processor.py:175} INFO - Processing /opt/airflow/dags/exercise15.py took 0.162 seconds
[2023-01-31T10:22:40.085+0000] {processor.py:153} INFO - Started process (PID=1208) to work on /opt/airflow/dags/exercise15.py
[2023-01-31T10:22:40.095+0000] {processor.py:743} INFO - Processing file /opt/airflow/dags/exercise15.py for tasks to queue
[2023-01-31T10:22:40.099+0000] {logging_mixin.py:137} INFO - [2023-01-31T10:22:40.098+0000] {dagbag.py:538} INFO - Filling up the DagBag from /opt/airflow/dags/exercise15.py
[2023-01-31T10:22:40.153+0000] {processor.py:753} INFO - DAG(s) dict_keys(['exercise15']) retrieved from /opt/airflow/dags/exercise15.py
[2023-01-31T10:22:40.234+0000] {logging_mixin.py:137} INFO - [2023-01-31T10:22:40.234+0000] {dag.py:2690} INFO - Sync 1 DAGs
[2023-01-31T10:22:40.268+0000] {logging_mixin.py:137} INFO - [2023-01-31T10:22:40.268+0000] {dag.py:3441} INFO - Setting next_dagrun for exercise15 to None, run_after=None
[2023-01-31T10:22:40.301+0000] {processor.py:175} INFO - Processing /opt/airflow/dags/exercise15.py took 0.225 seconds
[2023-01-31T10:23:10.773+0000] {processor.py:153} INFO - Started process (PID=1285) to work on /opt/airflow/dags/exercise15.py
[2023-01-31T10:23:10.779+0000] {processor.py:743} INFO - Processing file /opt/airflow/dags/exercise15.py for tasks to queue
[2023-01-31T10:23:10.785+0000] {logging_mixin.py:137} INFO - [2023-01-31T10:23:10.784+0000] {dagbag.py:538} INFO - Filling up the DagBag from /opt/airflow/dags/exercise15.py
[2023-01-31T10:23:10.877+0000] {processor.py:753} INFO - DAG(s) dict_keys(['exercise15']) retrieved from /opt/airflow/dags/exercise15.py
[2023-01-31T10:23:10.982+0000] {logging_mixin.py:137} INFO - [2023-01-31T10:23:10.982+0000] {dag.py:2690} INFO - Sync 1 DAGs
[2023-01-31T10:23:11.023+0000] {logging_mixin.py:137} INFO - [2023-01-31T10:23:11.023+0000] {dag.py:3441} INFO - Setting next_dagrun for exercise15 to None, run_after=None
[2023-01-31T10:23:11.049+0000] {processor.py:175} INFO - Processing /opt/airflow/dags/exercise15.py took 0.303 seconds
[2023-01-31T10:23:41.561+0000] {processor.py:153} INFO - Started process (PID=1364) to work on /opt/airflow/dags/exercise15.py
[2023-01-31T10:23:41.562+0000] {processor.py:743} INFO - Processing file /opt/airflow/dags/exercise15.py for tasks to queue
[2023-01-31T10:23:41.563+0000] {logging_mixin.py:137} INFO - [2023-01-31T10:23:41.563+0000] {dagbag.py:538} INFO - Filling up the DagBag from /opt/airflow/dags/exercise15.py
[2023-01-31T10:23:41.585+0000] {processor.py:753} INFO - DAG(s) dict_keys(['exercise15']) retrieved from /opt/airflow/dags/exercise15.py
[2023-01-31T10:23:41.614+0000] {logging_mixin.py:137} INFO - [2023-01-31T10:23:41.614+0000] {dag.py:2690} INFO - Sync 1 DAGs
[2023-01-31T10:23:41.633+0000] {logging_mixin.py:137} INFO - [2023-01-31T10:23:41.633+0000] {dag.py:3441} INFO - Setting next_dagrun for exercise15 to None, run_after=None
[2023-01-31T10:23:41.654+0000] {processor.py:175} INFO - Processing /opt/airflow/dags/exercise15.py took 0.097 seconds
[2023-01-31T10:24:11.937+0000] {processor.py:153} INFO - Started process (PID=1443) to work on /opt/airflow/dags/exercise15.py
[2023-01-31T10:24:11.944+0000] {processor.py:743} INFO - Processing file /opt/airflow/dags/exercise15.py for tasks to queue
[2023-01-31T10:24:11.949+0000] {logging_mixin.py:137} INFO - [2023-01-31T10:24:11.949+0000] {dagbag.py:538} INFO - Filling up the DagBag from /opt/airflow/dags/exercise15.py
[2023-01-31T10:24:11.990+0000] {processor.py:753} INFO - DAG(s) dict_keys(['exercise15']) retrieved from /opt/airflow/dags/exercise15.py
[2023-01-31T10:24:12.025+0000] {logging_mixin.py:137} INFO - [2023-01-31T10:24:12.025+0000] {dag.py:2690} INFO - Sync 1 DAGs
[2023-01-31T10:24:12.073+0000] {logging_mixin.py:137} INFO - [2023-01-31T10:24:12.073+0000] {dag.py:3441} INFO - Setting next_dagrun for exercise15 to None, run_after=None
[2023-01-31T10:24:12.101+0000] {processor.py:175} INFO - Processing /opt/airflow/dags/exercise15.py took 0.176 seconds
[2023-01-31T10:24:42.750+0000] {processor.py:153} INFO - Started process (PID=1521) to work on /opt/airflow/dags/exercise15.py
[2023-01-31T10:24:42.756+0000] {processor.py:743} INFO - Processing file /opt/airflow/dags/exercise15.py for tasks to queue
[2023-01-31T10:24:42.758+0000] {logging_mixin.py:137} INFO - [2023-01-31T10:24:42.758+0000] {dagbag.py:538} INFO - Filling up the DagBag from /opt/airflow/dags/exercise15.py
[2023-01-31T10:24:42.793+0000] {processor.py:753} INFO - DAG(s) dict_keys(['exercise15']) retrieved from /opt/airflow/dags/exercise15.py
[2023-01-31T10:24:42.835+0000] {logging_mixin.py:137} INFO - [2023-01-31T10:24:42.835+0000] {dag.py:2690} INFO - Sync 1 DAGs
[2023-01-31T10:24:42.873+0000] {logging_mixin.py:137} INFO - [2023-01-31T10:24:42.872+0000] {dag.py:3441} INFO - Setting next_dagrun for exercise15 to None, run_after=None
[2023-01-31T10:24:42.890+0000] {processor.py:175} INFO - Processing /opt/airflow/dags/exercise15.py took 0.144 seconds
[2023-01-31T10:25:12.979+0000] {processor.py:153} INFO - Started process (PID=1619) to work on /opt/airflow/dags/exercise15.py
[2023-01-31T10:25:12.982+0000] {processor.py:743} INFO - Processing file /opt/airflow/dags/exercise15.py for tasks to queue
[2023-01-31T10:25:12.997+0000] {logging_mixin.py:137} INFO - [2023-01-31T10:25:12.997+0000] {dagbag.py:538} INFO - Filling up the DagBag from /opt/airflow/dags/exercise15.py
[2023-01-31T10:25:13.075+0000] {processor.py:753} INFO - DAG(s) dict_keys(['exercise15']) retrieved from /opt/airflow/dags/exercise15.py
[2023-01-31T10:25:13.140+0000] {logging_mixin.py:137} INFO - [2023-01-31T10:25:13.139+0000] {dag.py:2690} INFO - Sync 1 DAGs
[2023-01-31T10:25:13.169+0000] {logging_mixin.py:137} INFO - [2023-01-31T10:25:13.169+0000] {dag.py:3441} INFO - Setting next_dagrun for exercise15 to None, run_after=None
[2023-01-31T10:25:13.232+0000] {processor.py:175} INFO - Processing /opt/airflow/dags/exercise15.py took 0.256 seconds
[2023-01-31T10:25:44.484+0000] {processor.py:153} INFO - Started process (PID=1699) to work on /opt/airflow/dags/exercise15.py
[2023-01-31T10:25:44.501+0000] {processor.py:743} INFO - Processing file /opt/airflow/dags/exercise15.py for tasks to queue
[2023-01-31T10:25:44.515+0000] {logging_mixin.py:137} INFO - [2023-01-31T10:25:44.515+0000] {dagbag.py:538} INFO - Filling up the DagBag from /opt/airflow/dags/exercise15.py
[2023-01-31T10:25:44.570+0000] {processor.py:753} INFO - DAG(s) dict_keys(['exercise15']) retrieved from /opt/airflow/dags/exercise15.py
[2023-01-31T10:25:44.631+0000] {logging_mixin.py:137} INFO - [2023-01-31T10:25:44.631+0000] {dag.py:2690} INFO - Sync 1 DAGs
[2023-01-31T10:25:44.670+0000] {logging_mixin.py:137} INFO - [2023-01-31T10:25:44.655+0000] {dag.py:3441} INFO - Setting next_dagrun for exercise15 to None, run_after=None
[2023-01-31T10:25:44.691+0000] {processor.py:175} INFO - Processing /opt/airflow/dags/exercise15.py took 0.215 seconds
[2023-01-31T10:26:16.610+0000] {processor.py:153} INFO - Started process (PID=1778) to work on /opt/airflow/dags/exercise15.py
[2023-01-31T10:26:16.617+0000] {processor.py:743} INFO - Processing file /opt/airflow/dags/exercise15.py for tasks to queue
[2023-01-31T10:26:16.623+0000] {logging_mixin.py:137} INFO - [2023-01-31T10:26:16.623+0000] {dagbag.py:538} INFO - Filling up the DagBag from /opt/airflow/dags/exercise15.py
[2023-01-31T10:26:16.693+0000] {processor.py:753} INFO - DAG(s) dict_keys(['exercise15']) retrieved from /opt/airflow/dags/exercise15.py
[2023-01-31T10:26:16.754+0000] {logging_mixin.py:137} INFO - [2023-01-31T10:26:16.754+0000] {dag.py:2690} INFO - Sync 1 DAGs
[2023-01-31T10:26:16.808+0000] {logging_mixin.py:137} INFO - [2023-01-31T10:26:16.808+0000] {dag.py:3441} INFO - Setting next_dagrun for exercise15 to None, run_after=None
[2023-01-31T10:26:16.855+0000] {processor.py:175} INFO - Processing /opt/airflow/dags/exercise15.py took 0.249 seconds
[2023-01-31T10:26:47.556+0000] {processor.py:153} INFO - Started process (PID=1861) to work on /opt/airflow/dags/exercise15.py
[2023-01-31T10:26:47.559+0000] {processor.py:743} INFO - Processing file /opt/airflow/dags/exercise15.py for tasks to queue
[2023-01-31T10:26:47.563+0000] {logging_mixin.py:137} INFO - [2023-01-31T10:26:47.562+0000] {dagbag.py:538} INFO - Filling up the DagBag from /opt/airflow/dags/exercise15.py
[2023-01-31T10:26:47.594+0000] {processor.py:753} INFO - DAG(s) dict_keys(['exercise15']) retrieved from /opt/airflow/dags/exercise15.py
[2023-01-31T10:26:47.653+0000] {logging_mixin.py:137} INFO - [2023-01-31T10:26:47.652+0000] {dag.py:2690} INFO - Sync 1 DAGs
[2023-01-31T10:26:47.677+0000] {logging_mixin.py:137} INFO - [2023-01-31T10:26:47.677+0000] {dag.py:3441} INFO - Setting next_dagrun for exercise15 to None, run_after=None
[2023-01-31T10:26:47.699+0000] {processor.py:175} INFO - Processing /opt/airflow/dags/exercise15.py took 0.147 seconds
[2023-01-31T10:27:18.146+0000] {processor.py:153} INFO - Started process (PID=1956) to work on /opt/airflow/dags/exercise15.py
[2023-01-31T10:27:18.147+0000] {processor.py:743} INFO - Processing file /opt/airflow/dags/exercise15.py for tasks to queue
[2023-01-31T10:27:18.148+0000] {logging_mixin.py:137} INFO - [2023-01-31T10:27:18.148+0000] {dagbag.py:538} INFO - Filling up the DagBag from /opt/airflow/dags/exercise15.py
[2023-01-31T10:27:18.173+0000] {processor.py:753} INFO - DAG(s) dict_keys(['exercise15']) retrieved from /opt/airflow/dags/exercise15.py
[2023-01-31T10:27:18.209+0000] {logging_mixin.py:137} INFO - [2023-01-31T10:27:18.209+0000] {dag.py:2690} INFO - Sync 1 DAGs
[2023-01-31T10:27:18.227+0000] {logging_mixin.py:137} INFO - [2023-01-31T10:27:18.227+0000] {dag.py:3441} INFO - Setting next_dagrun for exercise15 to None, run_after=None
[2023-01-31T10:27:18.242+0000] {processor.py:175} INFO - Processing /opt/airflow/dags/exercise15.py took 0.099 seconds
[2023-01-31T10:27:49.412+0000] {processor.py:153} INFO - Started process (PID=2036) to work on /opt/airflow/dags/exercise15.py
[2023-01-31T10:27:49.415+0000] {processor.py:743} INFO - Processing file /opt/airflow/dags/exercise15.py for tasks to queue
[2023-01-31T10:27:49.416+0000] {logging_mixin.py:137} INFO - [2023-01-31T10:27:49.415+0000] {dagbag.py:538} INFO - Filling up the DagBag from /opt/airflow/dags/exercise15.py
[2023-01-31T10:27:49.437+0000] {processor.py:753} INFO - DAG(s) dict_keys(['exercise15']) retrieved from /opt/airflow/dags/exercise15.py
[2023-01-31T10:27:49.468+0000] {logging_mixin.py:137} INFO - [2023-01-31T10:27:49.468+0000] {dag.py:2690} INFO - Sync 1 DAGs
[2023-01-31T10:27:49.484+0000] {logging_mixin.py:137} INFO - [2023-01-31T10:27:49.484+0000] {dag.py:3441} INFO - Setting next_dagrun for exercise15 to None, run_after=None
[2023-01-31T10:27:49.496+0000] {processor.py:175} INFO - Processing /opt/airflow/dags/exercise15.py took 0.087 seconds
[2023-01-31T10:28:20.403+0000] {processor.py:153} INFO - Started process (PID=2131) to work on /opt/airflow/dags/exercise15.py
[2023-01-31T10:28:20.405+0000] {processor.py:743} INFO - Processing file /opt/airflow/dags/exercise15.py for tasks to queue
[2023-01-31T10:28:20.411+0000] {logging_mixin.py:137} INFO - [2023-01-31T10:28:20.410+0000] {dagbag.py:538} INFO - Filling up the DagBag from /opt/airflow/dags/exercise15.py
[2023-01-31T10:28:20.437+0000] {processor.py:753} INFO - DAG(s) dict_keys(['exercise15']) retrieved from /opt/airflow/dags/exercise15.py
[2023-01-31T10:28:20.515+0000] {logging_mixin.py:137} INFO - [2023-01-31T10:28:20.515+0000] {dag.py:2690} INFO - Sync 1 DAGs
[2023-01-31T10:28:20.545+0000] {logging_mixin.py:137} INFO - [2023-01-31T10:28:20.545+0000] {dag.py:3441} INFO - Setting next_dagrun for exercise15 to None, run_after=None
[2023-01-31T10:28:20.618+0000] {processor.py:175} INFO - Processing /opt/airflow/dags/exercise15.py took 0.220 seconds
[2023-01-31T10:28:50.934+0000] {processor.py:153} INFO - Started process (PID=2210) to work on /opt/airflow/dags/exercise15.py
[2023-01-31T10:28:50.935+0000] {processor.py:743} INFO - Processing file /opt/airflow/dags/exercise15.py for tasks to queue
[2023-01-31T10:28:50.936+0000] {logging_mixin.py:137} INFO - [2023-01-31T10:28:50.936+0000] {dagbag.py:538} INFO - Filling up the DagBag from /opt/airflow/dags/exercise15.py
[2023-01-31T10:28:50.953+0000] {processor.py:753} INFO - DAG(s) dict_keys(['exercise15']) retrieved from /opt/airflow/dags/exercise15.py
[2023-01-31T10:28:50.985+0000] {logging_mixin.py:137} INFO - [2023-01-31T10:28:50.985+0000] {dag.py:2690} INFO - Sync 1 DAGs
[2023-01-31T10:28:51.002+0000] {logging_mixin.py:137} INFO - [2023-01-31T10:28:51.002+0000] {dag.py:3441} INFO - Setting next_dagrun for exercise15 to None, run_after=None
[2023-01-31T10:28:51.015+0000] {processor.py:175} INFO - Processing /opt/airflow/dags/exercise15.py took 0.084 seconds
[2023-01-31T10:29:21.635+0000] {processor.py:153} INFO - Started process (PID=2288) to work on /opt/airflow/dags/exercise15.py
[2023-01-31T10:29:21.650+0000] {processor.py:743} INFO - Processing file /opt/airflow/dags/exercise15.py for tasks to queue
[2023-01-31T10:29:21.665+0000] {logging_mixin.py:137} INFO - [2023-01-31T10:29:21.664+0000] {dagbag.py:538} INFO - Filling up the DagBag from /opt/airflow/dags/exercise15.py
[2023-01-31T10:29:21.718+0000] {processor.py:753} INFO - DAG(s) dict_keys(['exercise15']) retrieved from /opt/airflow/dags/exercise15.py
[2023-01-31T10:29:21.775+0000] {logging_mixin.py:137} INFO - [2023-01-31T10:29:21.775+0000] {dag.py:2690} INFO - Sync 1 DAGs
[2023-01-31T10:29:21.824+0000] {logging_mixin.py:137} INFO - [2023-01-31T10:29:21.824+0000] {dag.py:3441} INFO - Setting next_dagrun for exercise15 to None, run_after=None
[2023-01-31T10:29:21.866+0000] {processor.py:175} INFO - Processing /opt/airflow/dags/exercise15.py took 0.235 seconds
[2023-01-31T10:29:52.236+0000] {processor.py:153} INFO - Started process (PID=2367) to work on /opt/airflow/dags/exercise15.py
[2023-01-31T10:29:52.238+0000] {processor.py:743} INFO - Processing file /opt/airflow/dags/exercise15.py for tasks to queue
[2023-01-31T10:29:52.239+0000] {logging_mixin.py:137} INFO - [2023-01-31T10:29:52.239+0000] {dagbag.py:538} INFO - Filling up the DagBag from /opt/airflow/dags/exercise15.py
[2023-01-31T10:29:52.259+0000] {processor.py:753} INFO - DAG(s) dict_keys(['exercise15']) retrieved from /opt/airflow/dags/exercise15.py
[2023-01-31T10:29:52.284+0000] {logging_mixin.py:137} INFO - [2023-01-31T10:29:52.284+0000] {dag.py:2690} INFO - Sync 1 DAGs
[2023-01-31T10:29:52.309+0000] {logging_mixin.py:137} INFO - [2023-01-31T10:29:52.309+0000] {dag.py:3441} INFO - Setting next_dagrun for exercise15 to None, run_after=None
[2023-01-31T10:29:52.327+0000] {processor.py:175} INFO - Processing /opt/airflow/dags/exercise15.py took 0.094 seconds
[2023-01-31T10:30:23.216+0000] {processor.py:153} INFO - Started process (PID=2446) to work on /opt/airflow/dags/exercise15.py
[2023-01-31T10:30:23.218+0000] {processor.py:743} INFO - Processing file /opt/airflow/dags/exercise15.py for tasks to queue
[2023-01-31T10:30:23.219+0000] {logging_mixin.py:137} INFO - [2023-01-31T10:30:23.219+0000] {dagbag.py:538} INFO - Filling up the DagBag from /opt/airflow/dags/exercise15.py
[2023-01-31T10:30:23.245+0000] {processor.py:753} INFO - DAG(s) dict_keys(['exercise15']) retrieved from /opt/airflow/dags/exercise15.py
[2023-01-31T10:30:23.297+0000] {logging_mixin.py:137} INFO - [2023-01-31T10:30:23.297+0000] {dag.py:2690} INFO - Sync 1 DAGs
[2023-01-31T10:30:23.331+0000] {logging_mixin.py:137} INFO - [2023-01-31T10:30:23.331+0000] {dag.py:3441} INFO - Setting next_dagrun for exercise15 to None, run_after=None
[2023-01-31T10:30:23.353+0000] {processor.py:175} INFO - Processing /opt/airflow/dags/exercise15.py took 0.141 seconds
[2023-01-31T10:30:54.032+0000] {processor.py:153} INFO - Started process (PID=2525) to work on /opt/airflow/dags/exercise15.py
[2023-01-31T10:30:54.038+0000] {processor.py:743} INFO - Processing file /opt/airflow/dags/exercise15.py for tasks to queue
[2023-01-31T10:30:54.043+0000] {logging_mixin.py:137} INFO - [2023-01-31T10:30:54.043+0000] {dagbag.py:538} INFO - Filling up the DagBag from /opt/airflow/dags/exercise15.py
[2023-01-31T10:30:54.093+0000] {processor.py:753} INFO - DAG(s) dict_keys(['exercise15']) retrieved from /opt/airflow/dags/exercise15.py
[2023-01-31T10:30:54.167+0000] {logging_mixin.py:137} INFO - [2023-01-31T10:30:54.167+0000] {dag.py:2690} INFO - Sync 1 DAGs
[2023-01-31T10:30:54.188+0000] {logging_mixin.py:137} INFO - [2023-01-31T10:30:54.188+0000] {dag.py:3441} INFO - Setting next_dagrun for exercise15 to None, run_after=None
[2023-01-31T10:30:54.201+0000] {processor.py:175} INFO - Processing /opt/airflow/dags/exercise15.py took 0.172 seconds
[2023-01-31T10:31:24.880+0000] {processor.py:153} INFO - Started process (PID=2618) to work on /opt/airflow/dags/exercise15.py
[2023-01-31T10:31:24.881+0000] {processor.py:743} INFO - Processing file /opt/airflow/dags/exercise15.py for tasks to queue
[2023-01-31T10:31:24.882+0000] {logging_mixin.py:137} INFO - [2023-01-31T10:31:24.882+0000] {dagbag.py:538} INFO - Filling up the DagBag from /opt/airflow/dags/exercise15.py
[2023-01-31T10:31:24.906+0000] {processor.py:753} INFO - DAG(s) dict_keys(['exercise15']) retrieved from /opt/airflow/dags/exercise15.py
[2023-01-31T10:31:24.933+0000] {logging_mixin.py:137} INFO - [2023-01-31T10:31:24.933+0000] {dag.py:2690} INFO - Sync 1 DAGs
[2023-01-31T10:31:24.954+0000] {logging_mixin.py:137} INFO - [2023-01-31T10:31:24.954+0000] {dag.py:3441} INFO - Setting next_dagrun for exercise15 to None, run_after=None
[2023-01-31T10:31:24.976+0000] {processor.py:175} INFO - Processing /opt/airflow/dags/exercise15.py took 0.100 seconds
[2023-01-31T10:31:55.580+0000] {processor.py:153} INFO - Started process (PID=2696) to work on /opt/airflow/dags/exercise15.py
[2023-01-31T10:31:55.583+0000] {processor.py:743} INFO - Processing file /opt/airflow/dags/exercise15.py for tasks to queue
[2023-01-31T10:31:55.586+0000] {logging_mixin.py:137} INFO - [2023-01-31T10:31:55.586+0000] {dagbag.py:538} INFO - Filling up the DagBag from /opt/airflow/dags/exercise15.py
[2023-01-31T10:31:55.634+0000] {processor.py:753} INFO - DAG(s) dict_keys(['exercise15']) retrieved from /opt/airflow/dags/exercise15.py
[2023-01-31T10:31:55.672+0000] {logging_mixin.py:137} INFO - [2023-01-31T10:31:55.672+0000] {dag.py:2690} INFO - Sync 1 DAGs
[2023-01-31T10:31:55.723+0000] {logging_mixin.py:137} INFO - [2023-01-31T10:31:55.723+0000] {dag.py:3441} INFO - Setting next_dagrun for exercise15 to None, run_after=None
[2023-01-31T10:31:55.740+0000] {processor.py:175} INFO - Processing /opt/airflow/dags/exercise15.py took 0.169 seconds
[2023-01-31T10:32:26.790+0000] {processor.py:153} INFO - Started process (PID=2775) to work on /opt/airflow/dags/exercise15.py
[2023-01-31T10:32:26.793+0000] {processor.py:743} INFO - Processing file /opt/airflow/dags/exercise15.py for tasks to queue
[2023-01-31T10:32:26.794+0000] {logging_mixin.py:137} INFO - [2023-01-31T10:32:26.794+0000] {dagbag.py:538} INFO - Filling up the DagBag from /opt/airflow/dags/exercise15.py
[2023-01-31T10:32:26.843+0000] {processor.py:753} INFO - DAG(s) dict_keys(['exercise15']) retrieved from /opt/airflow/dags/exercise15.py
[2023-01-31T10:32:26.880+0000] {logging_mixin.py:137} INFO - [2023-01-31T10:32:26.879+0000] {dag.py:2690} INFO - Sync 1 DAGs
[2023-01-31T10:32:26.907+0000] {logging_mixin.py:137} INFO - [2023-01-31T10:32:26.907+0000] {dag.py:3441} INFO - Setting next_dagrun for exercise15 to None, run_after=None
[2023-01-31T10:32:26.925+0000] {processor.py:175} INFO - Processing /opt/airflow/dags/exercise15.py took 0.169 seconds
[2023-01-31T10:32:57.458+0000] {processor.py:153} INFO - Started process (PID=2870) to work on /opt/airflow/dags/exercise15.py
[2023-01-31T10:32:57.459+0000] {processor.py:743} INFO - Processing file /opt/airflow/dags/exercise15.py for tasks to queue
[2023-01-31T10:32:57.460+0000] {logging_mixin.py:137} INFO - [2023-01-31T10:32:57.460+0000] {dagbag.py:538} INFO - Filling up the DagBag from /opt/airflow/dags/exercise15.py
[2023-01-31T10:32:57.481+0000] {processor.py:753} INFO - DAG(s) dict_keys(['exercise15']) retrieved from /opt/airflow/dags/exercise15.py
[2023-01-31T10:32:57.512+0000] {logging_mixin.py:137} INFO - [2023-01-31T10:32:57.512+0000] {dag.py:2690} INFO - Sync 1 DAGs
[2023-01-31T10:32:57.532+0000] {logging_mixin.py:137} INFO - [2023-01-31T10:32:57.532+0000] {dag.py:3441} INFO - Setting next_dagrun for exercise15 to None, run_after=None
[2023-01-31T10:32:57.554+0000] {processor.py:175} INFO - Processing /opt/airflow/dags/exercise15.py took 0.102 seconds
[2023-01-31T10:33:28.683+0000] {processor.py:153} INFO - Started process (PID=2949) to work on /opt/airflow/dags/exercise15.py
[2023-01-31T10:33:28.685+0000] {processor.py:743} INFO - Processing file /opt/airflow/dags/exercise15.py for tasks to queue
[2023-01-31T10:33:28.686+0000] {logging_mixin.py:137} INFO - [2023-01-31T10:33:28.686+0000] {dagbag.py:538} INFO - Filling up the DagBag from /opt/airflow/dags/exercise15.py
[2023-01-31T10:33:28.708+0000] {processor.py:753} INFO - DAG(s) dict_keys(['exercise15']) retrieved from /opt/airflow/dags/exercise15.py
[2023-01-31T10:33:28.734+0000] {logging_mixin.py:137} INFO - [2023-01-31T10:33:28.734+0000] {dag.py:2690} INFO - Sync 1 DAGs
[2023-01-31T10:33:28.760+0000] {logging_mixin.py:137} INFO - [2023-01-31T10:33:28.759+0000] {dag.py:3441} INFO - Setting next_dagrun for exercise15 to None, run_after=None
[2023-01-31T10:33:28.775+0000] {processor.py:175} INFO - Processing /opt/airflow/dags/exercise15.py took 0.097 seconds
[2023-01-31T10:33:59.947+0000] {processor.py:153} INFO - Started process (PID=3044) to work on /opt/airflow/dags/exercise15.py
[2023-01-31T10:33:59.949+0000] {processor.py:743} INFO - Processing file /opt/airflow/dags/exercise15.py for tasks to queue
[2023-01-31T10:33:59.950+0000] {logging_mixin.py:137} INFO - [2023-01-31T10:33:59.950+0000] {dagbag.py:538} INFO - Filling up the DagBag from /opt/airflow/dags/exercise15.py
[2023-01-31T10:33:59.968+0000] {processor.py:753} INFO - DAG(s) dict_keys(['exercise15']) retrieved from /opt/airflow/dags/exercise15.py
[2023-01-31T10:34:00.007+0000] {logging_mixin.py:137} INFO - [2023-01-31T10:34:00.007+0000] {dag.py:2690} INFO - Sync 1 DAGs
[2023-01-31T10:34:00.061+0000] {logging_mixin.py:137} INFO - [2023-01-31T10:34:00.061+0000] {dag.py:3441} INFO - Setting next_dagrun for exercise15 to None, run_after=None
[2023-01-31T10:34:00.081+0000] {processor.py:175} INFO - Processing /opt/airflow/dags/exercise15.py took 0.137 seconds
[2023-01-31T10:34:31.132+0000] {processor.py:153} INFO - Started process (PID=3123) to work on /opt/airflow/dags/exercise15.py
[2023-01-31T10:34:31.134+0000] {processor.py:743} INFO - Processing file /opt/airflow/dags/exercise15.py for tasks to queue
[2023-01-31T10:34:31.135+0000] {logging_mixin.py:137} INFO - [2023-01-31T10:34:31.135+0000] {dagbag.py:538} INFO - Filling up the DagBag from /opt/airflow/dags/exercise15.py
[2023-01-31T10:34:31.153+0000] {processor.py:753} INFO - DAG(s) dict_keys(['exercise15']) retrieved from /opt/airflow/dags/exercise15.py
[2023-01-31T10:34:31.182+0000] {logging_mixin.py:137} INFO - [2023-01-31T10:34:31.182+0000] {dag.py:2690} INFO - Sync 1 DAGs
[2023-01-31T10:34:31.199+0000] {logging_mixin.py:137} INFO - [2023-01-31T10:34:31.199+0000] {dag.py:3441} INFO - Setting next_dagrun for exercise15 to None, run_after=None
[2023-01-31T10:34:31.214+0000] {processor.py:175} INFO - Processing /opt/airflow/dags/exercise15.py took 0.085 seconds
[2023-01-31T10:35:01.708+0000] {processor.py:153} INFO - Started process (PID=3203) to work on /opt/airflow/dags/exercise15.py
[2023-01-31T10:35:01.709+0000] {processor.py:743} INFO - Processing file /opt/airflow/dags/exercise15.py for tasks to queue
[2023-01-31T10:35:01.710+0000] {logging_mixin.py:137} INFO - [2023-01-31T10:35:01.710+0000] {dagbag.py:538} INFO - Filling up the DagBag from /opt/airflow/dags/exercise15.py
[2023-01-31T10:35:01.730+0000] {processor.py:753} INFO - DAG(s) dict_keys(['exercise15']) retrieved from /opt/airflow/dags/exercise15.py
[2023-01-31T10:35:01.754+0000] {logging_mixin.py:137} INFO - [2023-01-31T10:35:01.754+0000] {dag.py:2690} INFO - Sync 1 DAGs
[2023-01-31T10:35:01.776+0000] {logging_mixin.py:137} INFO - [2023-01-31T10:35:01.776+0000] {dag.py:3441} INFO - Setting next_dagrun for exercise15 to None, run_after=None
[2023-01-31T10:35:01.840+0000] {processor.py:175} INFO - Processing /opt/airflow/dags/exercise15.py took 0.136 seconds
[2023-01-31T10:35:32.958+0000] {processor.py:153} INFO - Started process (PID=3286) to work on /opt/airflow/dags/exercise15.py
[2023-01-31T10:35:32.960+0000] {processor.py:743} INFO - Processing file /opt/airflow/dags/exercise15.py for tasks to queue
[2023-01-31T10:35:32.961+0000] {logging_mixin.py:137} INFO - [2023-01-31T10:35:32.961+0000] {dagbag.py:538} INFO - Filling up the DagBag from /opt/airflow/dags/exercise15.py
[2023-01-31T10:35:32.979+0000] {processor.py:753} INFO - DAG(s) dict_keys(['exercise15']) retrieved from /opt/airflow/dags/exercise15.py
[2023-01-31T10:35:33.006+0000] {logging_mixin.py:137} INFO - [2023-01-31T10:35:33.006+0000] {dag.py:2690} INFO - Sync 1 DAGs
[2023-01-31T10:35:33.027+0000] {logging_mixin.py:137} INFO - [2023-01-31T10:35:33.026+0000] {dag.py:3441} INFO - Setting next_dagrun for exercise15 to None, run_after=None
[2023-01-31T10:35:33.055+0000] {processor.py:175} INFO - Processing /opt/airflow/dags/exercise15.py took 0.100 seconds
[2023-01-31T10:36:06.725+0000] {processor.py:153} INFO - Started process (PID=3381) to work on /opt/airflow/dags/exercise15.py
[2023-01-31T10:36:06.768+0000] {processor.py:743} INFO - Processing file /opt/airflow/dags/exercise15.py for tasks to queue
[2023-01-31T10:36:06.810+0000] {logging_mixin.py:137} INFO - [2023-01-31T10:36:06.809+0000] {dagbag.py:538} INFO - Filling up the DagBag from /opt/airflow/dags/exercise15.py
[2023-01-31T10:36:07.490+0000] {processor.py:753} INFO - DAG(s) dict_keys(['exercise15']) retrieved from /opt/airflow/dags/exercise15.py
[2023-01-31T10:36:07.764+0000] {logging_mixin.py:137} INFO - [2023-01-31T10:36:07.762+0000] {dag.py:2690} INFO - Sync 1 DAGs
[2023-01-31T10:36:07.855+0000] {logging_mixin.py:137} INFO - [2023-01-31T10:36:07.855+0000] {dag.py:3441} INFO - Setting next_dagrun for exercise15 to None, run_after=None
[2023-01-31T10:36:07.942+0000] {processor.py:175} INFO - Processing /opt/airflow/dags/exercise15.py took 1.231 seconds
[2023-01-31T10:36:39.802+0000] {processor.py:153} INFO - Started process (PID=3460) to work on /opt/airflow/dags/exercise15.py
[2023-01-31T10:36:39.838+0000] {processor.py:743} INFO - Processing file /opt/airflow/dags/exercise15.py for tasks to queue
[2023-01-31T10:36:39.872+0000] {logging_mixin.py:137} INFO - [2023-01-31T10:36:39.871+0000] {dagbag.py:538} INFO - Filling up the DagBag from /opt/airflow/dags/exercise15.py
[2023-01-31T10:36:40.038+0000] {processor.py:753} INFO - DAG(s) dict_keys(['exercise15']) retrieved from /opt/airflow/dags/exercise15.py
[2023-01-31T10:36:40.142+0000] {logging_mixin.py:137} INFO - [2023-01-31T10:36:40.142+0000] {dag.py:2690} INFO - Sync 1 DAGs
[2023-01-31T10:36:40.198+0000] {logging_mixin.py:137} INFO - [2023-01-31T10:36:40.198+0000] {dag.py:3441} INFO - Setting next_dagrun for exercise15 to None, run_after=None
[2023-01-31T10:36:40.269+0000] {processor.py:175} INFO - Processing /opt/airflow/dags/exercise15.py took 0.505 seconds
[2023-01-31T10:37:10.498+0000] {processor.py:153} INFO - Started process (PID=3543) to work on /opt/airflow/dags/exercise15.py
[2023-01-31T10:37:10.517+0000] {processor.py:743} INFO - Processing file /opt/airflow/dags/exercise15.py for tasks to queue
[2023-01-31T10:37:10.529+0000] {logging_mixin.py:137} INFO - [2023-01-31T10:37:10.528+0000] {dagbag.py:538} INFO - Filling up the DagBag from /opt/airflow/dags/exercise15.py
[2023-01-31T10:37:10.880+0000] {processor.py:753} INFO - DAG(s) dict_keys(['exercise15']) retrieved from /opt/airflow/dags/exercise15.py
[2023-01-31T10:37:11.059+0000] {logging_mixin.py:137} INFO - [2023-01-31T10:37:11.059+0000] {dag.py:2690} INFO - Sync 1 DAGs
[2023-01-31T10:37:11.247+0000] {logging_mixin.py:137} INFO - [2023-01-31T10:37:11.229+0000] {dag.py:3441} INFO - Setting next_dagrun for exercise15 to None, run_after=None
[2023-01-31T10:37:11.433+0000] {processor.py:175} INFO - Processing /opt/airflow/dags/exercise15.py took 0.959 seconds
[2023-01-31T10:37:41.538+0000] {processor.py:153} INFO - Started process (PID=3622) to work on /opt/airflow/dags/exercise15.py
[2023-01-31T10:37:41.539+0000] {processor.py:743} INFO - Processing file /opt/airflow/dags/exercise15.py for tasks to queue
[2023-01-31T10:37:41.540+0000] {logging_mixin.py:137} INFO - [2023-01-31T10:37:41.540+0000] {dagbag.py:538} INFO - Filling up the DagBag from /opt/airflow/dags/exercise15.py
[2023-01-31T10:37:41.574+0000] {processor.py:753} INFO - DAG(s) dict_keys(['exercise15']) retrieved from /opt/airflow/dags/exercise15.py
[2023-01-31T10:37:41.604+0000] {logging_mixin.py:137} INFO - [2023-01-31T10:37:41.604+0000] {dag.py:2690} INFO - Sync 1 DAGs
[2023-01-31T10:37:41.623+0000] {logging_mixin.py:137} INFO - [2023-01-31T10:37:41.623+0000] {dag.py:3441} INFO - Setting next_dagrun for exercise15 to None, run_after=None
[2023-01-31T10:37:41.638+0000] {processor.py:175} INFO - Processing /opt/airflow/dags/exercise15.py took 0.105 seconds
[2023-01-31T10:38:18.291+0000] {processor.py:153} INFO - Started process (PID=3708) to work on /opt/airflow/dags/exercise15.py
[2023-01-31T10:38:18.334+0000] {processor.py:743} INFO - Processing file /opt/airflow/dags/exercise15.py for tasks to queue
[2023-01-31T10:38:18.464+0000] {logging_mixin.py:137} INFO - [2023-01-31T10:38:18.464+0000] {dagbag.py:538} INFO - Filling up the DagBag from /opt/airflow/dags/exercise15.py
[2023-01-31T10:38:18.644+0000] {processor.py:753} INFO - DAG(s) dict_keys(['exercise15']) retrieved from /opt/airflow/dags/exercise15.py
[2023-01-31T10:38:18.725+0000] {logging_mixin.py:137} INFO - [2023-01-31T10:38:18.725+0000] {dag.py:2690} INFO - Sync 1 DAGs
[2023-01-31T10:38:18.838+0000] {logging_mixin.py:137} INFO - [2023-01-31T10:38:18.838+0000] {dag.py:3441} INFO - Setting next_dagrun for exercise15 to None, run_after=None
[2023-01-31T10:38:18.903+0000] {processor.py:175} INFO - Processing /opt/airflow/dags/exercise15.py took 0.632 seconds
[2023-01-31T10:38:49.076+0000] {processor.py:153} INFO - Started process (PID=3800) to work on /opt/airflow/dags/exercise15.py
[2023-01-31T10:38:49.086+0000] {processor.py:743} INFO - Processing file /opt/airflow/dags/exercise15.py for tasks to queue
[2023-01-31T10:38:49.088+0000] {logging_mixin.py:137} INFO - [2023-01-31T10:38:49.088+0000] {dagbag.py:538} INFO - Filling up the DagBag from /opt/airflow/dags/exercise15.py
[2023-01-31T10:38:49.125+0000] {processor.py:753} INFO - DAG(s) dict_keys(['exercise15']) retrieved from /opt/airflow/dags/exercise15.py
[2023-01-31T10:38:49.170+0000] {logging_mixin.py:137} INFO - [2023-01-31T10:38:49.170+0000] {dag.py:2690} INFO - Sync 1 DAGs
[2023-01-31T10:38:49.226+0000] {logging_mixin.py:137} INFO - [2023-01-31T10:38:49.226+0000] {dag.py:3441} INFO - Setting next_dagrun for exercise15 to None, run_after=None
[2023-01-31T10:38:49.254+0000] {processor.py:175} INFO - Processing /opt/airflow/dags/exercise15.py took 0.189 seconds
[2023-01-31T10:39:20.559+0000] {processor.py:153} INFO - Started process (PID=3879) to work on /opt/airflow/dags/exercise15.py
[2023-01-31T10:39:20.562+0000] {processor.py:743} INFO - Processing file /opt/airflow/dags/exercise15.py for tasks to queue
[2023-01-31T10:39:20.565+0000] {logging_mixin.py:137} INFO - [2023-01-31T10:39:20.564+0000] {dagbag.py:538} INFO - Filling up the DagBag from /opt/airflow/dags/exercise15.py
[2023-01-31T10:39:20.591+0000] {processor.py:753} INFO - DAG(s) dict_keys(['exercise15']) retrieved from /opt/airflow/dags/exercise15.py
[2023-01-31T10:39:20.639+0000] {logging_mixin.py:137} INFO - [2023-01-31T10:39:20.639+0000] {dag.py:2690} INFO - Sync 1 DAGs
[2023-01-31T10:39:20.672+0000] {logging_mixin.py:137} INFO - [2023-01-31T10:39:20.672+0000] {dag.py:3441} INFO - Setting next_dagrun for exercise15 to None, run_after=None
[2023-01-31T10:39:20.704+0000] {processor.py:175} INFO - Processing /opt/airflow/dags/exercise15.py took 0.148 seconds
[2023-01-31T10:39:51.342+0000] {processor.py:153} INFO - Started process (PID=3958) to work on /opt/airflow/dags/exercise15.py
[2023-01-31T10:39:51.344+0000] {processor.py:743} INFO - Processing file /opt/airflow/dags/exercise15.py for tasks to queue
[2023-01-31T10:39:51.345+0000] {logging_mixin.py:137} INFO - [2023-01-31T10:39:51.345+0000] {dagbag.py:538} INFO - Filling up the DagBag from /opt/airflow/dags/exercise15.py
[2023-01-31T10:39:51.366+0000] {processor.py:753} INFO - DAG(s) dict_keys(['exercise15']) retrieved from /opt/airflow/dags/exercise15.py
[2023-01-31T10:39:51.395+0000] {logging_mixin.py:137} INFO - [2023-01-31T10:39:51.395+0000] {dag.py:2690} INFO - Sync 1 DAGs
[2023-01-31T10:39:51.421+0000] {logging_mixin.py:137} INFO - [2023-01-31T10:39:51.421+0000] {dag.py:3441} INFO - Setting next_dagrun for exercise15 to None, run_after=None
[2023-01-31T10:39:51.439+0000] {processor.py:175} INFO - Processing /opt/airflow/dags/exercise15.py took 0.103 seconds
[2023-01-31T10:40:22.217+0000] {processor.py:153} INFO - Started process (PID=4037) to work on /opt/airflow/dags/exercise15.py
[2023-01-31T10:40:22.219+0000] {processor.py:743} INFO - Processing file /opt/airflow/dags/exercise15.py for tasks to queue
[2023-01-31T10:40:22.220+0000] {logging_mixin.py:137} INFO - [2023-01-31T10:40:22.220+0000] {dagbag.py:538} INFO - Filling up the DagBag from /opt/airflow/dags/exercise15.py
[2023-01-31T10:40:22.242+0000] {processor.py:753} INFO - DAG(s) dict_keys(['exercise15']) retrieved from /opt/airflow/dags/exercise15.py
[2023-01-31T10:40:22.277+0000] {logging_mixin.py:137} INFO - [2023-01-31T10:40:22.277+0000] {dag.py:2690} INFO - Sync 1 DAGs
[2023-01-31T10:40:22.301+0000] {logging_mixin.py:137} INFO - [2023-01-31T10:40:22.301+0000] {dag.py:3441} INFO - Setting next_dagrun for exercise15 to None, run_after=None
[2023-01-31T10:40:22.315+0000] {processor.py:175} INFO - Processing /opt/airflow/dags/exercise15.py took 0.101 seconds
[2023-01-31T10:40:53.117+0000] {processor.py:153} INFO - Started process (PID=4115) to work on /opt/airflow/dags/exercise15.py
[2023-01-31T10:40:53.119+0000] {processor.py:743} INFO - Processing file /opt/airflow/dags/exercise15.py for tasks to queue
[2023-01-31T10:40:53.120+0000] {logging_mixin.py:137} INFO - [2023-01-31T10:40:53.120+0000] {dagbag.py:538} INFO - Filling up the DagBag from /opt/airflow/dags/exercise15.py
[2023-01-31T10:40:53.172+0000] {processor.py:753} INFO - DAG(s) dict_keys(['exercise15']) retrieved from /opt/airflow/dags/exercise15.py
[2023-01-31T10:40:53.273+0000] {logging_mixin.py:137} INFO - [2023-01-31T10:40:53.273+0000] {dag.py:2690} INFO - Sync 1 DAGs
[2023-01-31T10:40:53.342+0000] {logging_mixin.py:137} INFO - [2023-01-31T10:40:53.342+0000] {dag.py:3441} INFO - Setting next_dagrun for exercise15 to None, run_after=None
[2023-01-31T10:40:53.382+0000] {processor.py:175} INFO - Processing /opt/airflow/dags/exercise15.py took 0.268 seconds
[2023-01-31T10:41:25.352+0000] {processor.py:153} INFO - Started process (PID=4194) to work on /opt/airflow/dags/exercise15.py
[2023-01-31T10:41:25.355+0000] {processor.py:743} INFO - Processing file /opt/airflow/dags/exercise15.py for tasks to queue
[2023-01-31T10:41:25.356+0000] {logging_mixin.py:137} INFO - [2023-01-31T10:41:25.356+0000] {dagbag.py:538} INFO - Filling up the DagBag from /opt/airflow/dags/exercise15.py
[2023-01-31T10:41:25.391+0000] {processor.py:753} INFO - DAG(s) dict_keys(['exercise15']) retrieved from /opt/airflow/dags/exercise15.py
[2023-01-31T10:41:25.423+0000] {logging_mixin.py:137} INFO - [2023-01-31T10:41:25.423+0000] {dag.py:2690} INFO - Sync 1 DAGs
[2023-01-31T10:41:25.447+0000] {logging_mixin.py:137} INFO - [2023-01-31T10:41:25.447+0000] {dag.py:3441} INFO - Setting next_dagrun for exercise15 to None, run_after=None
[2023-01-31T10:41:25.462+0000] {processor.py:175} INFO - Processing /opt/airflow/dags/exercise15.py took 0.113 seconds
[2023-01-31T10:41:56.543+0000] {processor.py:153} INFO - Started process (PID=4280) to work on /opt/airflow/dags/exercise15.py
[2023-01-31T10:41:56.548+0000] {processor.py:743} INFO - Processing file /opt/airflow/dags/exercise15.py for tasks to queue
[2023-01-31T10:41:56.550+0000] {logging_mixin.py:137} INFO - [2023-01-31T10:41:56.550+0000] {dagbag.py:538} INFO - Filling up the DagBag from /opt/airflow/dags/exercise15.py
[2023-01-31T10:41:56.584+0000] {processor.py:753} INFO - DAG(s) dict_keys(['exercise15']) retrieved from /opt/airflow/dags/exercise15.py
[2023-01-31T10:41:56.645+0000] {logging_mixin.py:137} INFO - [2023-01-31T10:41:56.645+0000] {dag.py:2690} INFO - Sync 1 DAGs
[2023-01-31T10:41:56.738+0000] {logging_mixin.py:137} INFO - [2023-01-31T10:41:56.738+0000] {dag.py:3441} INFO - Setting next_dagrun for exercise15 to None, run_after=None
[2023-01-31T10:41:56.854+0000] {processor.py:175} INFO - Processing /opt/airflow/dags/exercise15.py took 0.318 seconds
[2023-01-31T10:42:27.787+0000] {processor.py:153} INFO - Started process (PID=4369) to work on /opt/airflow/dags/exercise15.py
[2023-01-31T10:42:27.808+0000] {processor.py:743} INFO - Processing file /opt/airflow/dags/exercise15.py for tasks to queue
[2023-01-31T10:42:27.820+0000] {logging_mixin.py:137} INFO - [2023-01-31T10:42:27.820+0000] {dagbag.py:538} INFO - Filling up the DagBag from /opt/airflow/dags/exercise15.py
[2023-01-31T10:42:27.862+0000] {processor.py:753} INFO - DAG(s) dict_keys(['exercise15']) retrieved from /opt/airflow/dags/exercise15.py
[2023-01-31T10:42:27.976+0000] {logging_mixin.py:137} INFO - [2023-01-31T10:42:27.975+0000] {dag.py:2690} INFO - Sync 1 DAGs
[2023-01-31T10:42:28.006+0000] {logging_mixin.py:137} INFO - [2023-01-31T10:42:28.006+0000] {dag.py:3441} INFO - Setting next_dagrun for exercise15 to None, run_after=None
[2023-01-31T10:42:28.031+0000] {processor.py:175} INFO - Processing /opt/airflow/dags/exercise15.py took 0.252 seconds
[2023-01-31T10:42:58.555+0000] {processor.py:153} INFO - Started process (PID=4454) to work on /opt/airflow/dags/exercise15.py
[2023-01-31T10:42:58.558+0000] {processor.py:743} INFO - Processing file /opt/airflow/dags/exercise15.py for tasks to queue
[2023-01-31T10:42:58.560+0000] {logging_mixin.py:137} INFO - [2023-01-31T10:42:58.560+0000] {dagbag.py:538} INFO - Filling up the DagBag from /opt/airflow/dags/exercise15.py
[2023-01-31T10:42:58.640+0000] {processor.py:753} INFO - DAG(s) dict_keys(['exercise15']) retrieved from /opt/airflow/dags/exercise15.py
[2023-01-31T10:42:58.707+0000] {logging_mixin.py:137} INFO - [2023-01-31T10:42:58.707+0000] {dag.py:2690} INFO - Sync 1 DAGs
[2023-01-31T10:42:58.731+0000] {logging_mixin.py:137} INFO - [2023-01-31T10:42:58.731+0000] {dag.py:3441} INFO - Setting next_dagrun for exercise15 to None, run_after=None
[2023-01-31T10:42:58.753+0000] {processor.py:175} INFO - Processing /opt/airflow/dags/exercise15.py took 0.204 seconds
[2023-01-31T10:43:29.141+0000] {processor.py:153} INFO - Started process (PID=4532) to work on /opt/airflow/dags/exercise15.py
[2023-01-31T10:43:29.143+0000] {processor.py:743} INFO - Processing file /opt/airflow/dags/exercise15.py for tasks to queue
[2023-01-31T10:43:29.145+0000] {logging_mixin.py:137} INFO - [2023-01-31T10:43:29.145+0000] {dagbag.py:538} INFO - Filling up the DagBag from /opt/airflow/dags/exercise15.py
[2023-01-31T10:43:29.211+0000] {processor.py:753} INFO - DAG(s) dict_keys(['exercise15']) retrieved from /opt/airflow/dags/exercise15.py
[2023-01-31T10:43:29.306+0000] {logging_mixin.py:137} INFO - [2023-01-31T10:43:29.306+0000] {dag.py:2690} INFO - Sync 1 DAGs
[2023-01-31T10:43:29.347+0000] {logging_mixin.py:137} INFO - [2023-01-31T10:43:29.347+0000] {dag.py:3441} INFO - Setting next_dagrun for exercise15 to None, run_after=None
[2023-01-31T10:43:29.442+0000] {processor.py:175} INFO - Processing /opt/airflow/dags/exercise15.py took 0.306 seconds
[2023-01-31T10:44:00.470+0000] {processor.py:153} INFO - Started process (PID=4610) to work on /opt/airflow/dags/exercise15.py
[2023-01-31T10:44:00.493+0000] {processor.py:743} INFO - Processing file /opt/airflow/dags/exercise15.py for tasks to queue
[2023-01-31T10:44:00.504+0000] {logging_mixin.py:137} INFO - [2023-01-31T10:44:00.504+0000] {dagbag.py:538} INFO - Filling up the DagBag from /opt/airflow/dags/exercise15.py
[2023-01-31T10:44:00.608+0000] {processor.py:753} INFO - DAG(s) dict_keys(['exercise15']) retrieved from /opt/airflow/dags/exercise15.py
[2023-01-31T10:44:00.681+0000] {logging_mixin.py:137} INFO - [2023-01-31T10:44:00.680+0000] {dag.py:2690} INFO - Sync 1 DAGs
[2023-01-31T10:44:00.811+0000] {logging_mixin.py:137} INFO - [2023-01-31T10:44:00.811+0000] {dag.py:3441} INFO - Setting next_dagrun for exercise15 to None, run_after=None
[2023-01-31T10:44:00.844+0000] {processor.py:175} INFO - Processing /opt/airflow/dags/exercise15.py took 0.399 seconds
