[2023-01-31T10:15:28.248+0000] {processor.py:153} INFO - Started process (PID=64) to work on /opt/airflow/dags/exercise16.py
[2023-01-31T10:15:28.259+0000] {processor.py:743} INFO - Processing file /opt/airflow/dags/exercise16.py for tasks to queue
[2023-01-31T10:15:28.298+0000] {logging_mixin.py:137} INFO - [2023-01-31T10:15:28.297+0000] {dagbag.py:538} INFO - Filling up the DagBag from /opt/airflow/dags/exercise16.py
[2023-01-31T10:15:28.422+0000] {processor.py:753} INFO - DAG(s) dict_keys(['exercise16']) retrieved from /opt/airflow/dags/exercise16.py
[2023-01-31T10:15:28.612+0000] {logging_mixin.py:137} INFO - [2023-01-31T10:15:28.611+0000] {dag.py:2690} INFO - Sync 1 DAGs
[2023-01-31T10:15:28.638+0000] {logging_mixin.py:137} INFO - [2023-01-31T10:15:28.638+0000] {dag.py:3441} INFO - Setting next_dagrun for exercise16 to None, run_after=None
[2023-01-31T10:15:28.709+0000] {processor.py:175} INFO - Processing /opt/airflow/dags/exercise16.py took 0.468 seconds
[2023-01-31T10:15:59.340+0000] {processor.py:153} INFO - Started process (PID=147) to work on /opt/airflow/dags/exercise16.py
[2023-01-31T10:15:59.343+0000] {processor.py:743} INFO - Processing file /opt/airflow/dags/exercise16.py for tasks to queue
[2023-01-31T10:15:59.345+0000] {logging_mixin.py:137} INFO - [2023-01-31T10:15:59.344+0000] {dagbag.py:538} INFO - Filling up the DagBag from /opt/airflow/dags/exercise16.py
[2023-01-31T10:15:59.396+0000] {processor.py:753} INFO - DAG(s) dict_keys(['exercise16']) retrieved from /opt/airflow/dags/exercise16.py
[2023-01-31T10:15:59.457+0000] {logging_mixin.py:137} INFO - [2023-01-31T10:15:59.456+0000] {dag.py:2690} INFO - Sync 1 DAGs
[2023-01-31T10:15:59.491+0000] {logging_mixin.py:137} INFO - [2023-01-31T10:15:59.491+0000] {dag.py:3441} INFO - Setting next_dagrun for exercise16 to None, run_after=None
[2023-01-31T10:15:59.527+0000] {processor.py:175} INFO - Processing /opt/airflow/dags/exercise16.py took 0.197 seconds
[2023-01-31T10:16:29.714+0000] {processor.py:153} INFO - Started process (PID=226) to work on /opt/airflow/dags/exercise16.py
[2023-01-31T10:16:29.716+0000] {processor.py:743} INFO - Processing file /opt/airflow/dags/exercise16.py for tasks to queue
[2023-01-31T10:16:29.718+0000] {logging_mixin.py:137} INFO - [2023-01-31T10:16:29.718+0000] {dagbag.py:538} INFO - Filling up the DagBag from /opt/airflow/dags/exercise16.py
[2023-01-31T10:16:29.737+0000] {processor.py:753} INFO - DAG(s) dict_keys(['exercise16']) retrieved from /opt/airflow/dags/exercise16.py
[2023-01-31T10:16:29.763+0000] {logging_mixin.py:137} INFO - [2023-01-31T10:16:29.763+0000] {dag.py:2690} INFO - Sync 1 DAGs
[2023-01-31T10:16:29.781+0000] {logging_mixin.py:137} INFO - [2023-01-31T10:16:29.781+0000] {dag.py:3441} INFO - Setting next_dagrun for exercise16 to None, run_after=None
[2023-01-31T10:16:29.818+0000] {processor.py:175} INFO - Processing /opt/airflow/dags/exercise16.py took 0.107 seconds
[2023-01-31T10:17:00.404+0000] {processor.py:153} INFO - Started process (PID=305) to work on /opt/airflow/dags/exercise16.py
[2023-01-31T10:17:00.406+0000] {processor.py:743} INFO - Processing file /opt/airflow/dags/exercise16.py for tasks to queue
[2023-01-31T10:17:00.408+0000] {logging_mixin.py:137} INFO - [2023-01-31T10:17:00.408+0000] {dagbag.py:538} INFO - Filling up the DagBag from /opt/airflow/dags/exercise16.py
[2023-01-31T10:17:00.432+0000] {processor.py:753} INFO - DAG(s) dict_keys(['exercise16']) retrieved from /opt/airflow/dags/exercise16.py
[2023-01-31T10:17:00.458+0000] {logging_mixin.py:137} INFO - [2023-01-31T10:17:00.458+0000] {dag.py:2690} INFO - Sync 1 DAGs
[2023-01-31T10:17:00.481+0000] {logging_mixin.py:137} INFO - [2023-01-31T10:17:00.481+0000] {dag.py:3441} INFO - Setting next_dagrun for exercise16 to None, run_after=None
[2023-01-31T10:17:00.500+0000] {processor.py:175} INFO - Processing /opt/airflow/dags/exercise16.py took 0.100 seconds
[2023-01-31T10:17:30.914+0000] {processor.py:153} INFO - Started process (PID=384) to work on /opt/airflow/dags/exercise16.py
[2023-01-31T10:17:30.924+0000] {processor.py:743} INFO - Processing file /opt/airflow/dags/exercise16.py for tasks to queue
[2023-01-31T10:17:30.929+0000] {logging_mixin.py:137} INFO - [2023-01-31T10:17:30.929+0000] {dagbag.py:538} INFO - Filling up the DagBag from /opt/airflow/dags/exercise16.py
[2023-01-31T10:17:30.990+0000] {processor.py:753} INFO - DAG(s) dict_keys(['exercise16']) retrieved from /opt/airflow/dags/exercise16.py
[2023-01-31T10:17:31.069+0000] {logging_mixin.py:137} INFO - [2023-01-31T10:17:31.069+0000] {dag.py:2690} INFO - Sync 1 DAGs
[2023-01-31T10:17:31.163+0000] {logging_mixin.py:137} INFO - [2023-01-31T10:17:31.163+0000] {dag.py:3441} INFO - Setting next_dagrun for exercise16 to None, run_after=None
[2023-01-31T10:17:31.248+0000] {processor.py:175} INFO - Processing /opt/airflow/dags/exercise16.py took 0.346 seconds
[2023-01-31T10:18:01.542+0000] {processor.py:153} INFO - Started process (PID=471) to work on /opt/airflow/dags/exercise16.py
[2023-01-31T10:18:01.544+0000] {processor.py:743} INFO - Processing file /opt/airflow/dags/exercise16.py for tasks to queue
[2023-01-31T10:18:01.545+0000] {logging_mixin.py:137} INFO - [2023-01-31T10:18:01.545+0000] {dagbag.py:538} INFO - Filling up the DagBag from /opt/airflow/dags/exercise16.py
[2023-01-31T10:18:01.642+0000] {processor.py:753} INFO - DAG(s) dict_keys(['exercise16']) retrieved from /opt/airflow/dags/exercise16.py
[2023-01-31T10:18:01.726+0000] {logging_mixin.py:137} INFO - [2023-01-31T10:18:01.726+0000] {dag.py:2690} INFO - Sync 1 DAGs
[2023-01-31T10:18:01.765+0000] {logging_mixin.py:137} INFO - [2023-01-31T10:18:01.764+0000] {dag.py:3441} INFO - Setting next_dagrun for exercise16 to None, run_after=None
[2023-01-31T10:18:01.811+0000] {processor.py:175} INFO - Processing /opt/airflow/dags/exercise16.py took 0.275 seconds
[2023-01-31T10:18:33.395+0000] {processor.py:153} INFO - Started process (PID=557) to work on /opt/airflow/dags/exercise16.py
[2023-01-31T10:18:33.410+0000] {processor.py:743} INFO - Processing file /opt/airflow/dags/exercise16.py for tasks to queue
[2023-01-31T10:18:33.423+0000] {logging_mixin.py:137} INFO - [2023-01-31T10:18:33.423+0000] {dagbag.py:538} INFO - Filling up the DagBag from /opt/airflow/dags/exercise16.py
[2023-01-31T10:18:33.614+0000] {processor.py:753} INFO - DAG(s) dict_keys(['exercise16']) retrieved from /opt/airflow/dags/exercise16.py
[2023-01-31T10:18:33.704+0000] {logging_mixin.py:137} INFO - [2023-01-31T10:18:33.704+0000] {dag.py:2690} INFO - Sync 1 DAGs
[2023-01-31T10:18:33.759+0000] {logging_mixin.py:137} INFO - [2023-01-31T10:18:33.759+0000] {dag.py:3441} INFO - Setting next_dagrun for exercise16 to None, run_after=None
[2023-01-31T10:18:33.778+0000] {processor.py:175} INFO - Processing /opt/airflow/dags/exercise16.py took 0.414 seconds
[2023-01-31T10:19:04.697+0000] {processor.py:153} INFO - Started process (PID=640) to work on /opt/airflow/dags/exercise16.py
[2023-01-31T10:19:04.721+0000] {processor.py:743} INFO - Processing file /opt/airflow/dags/exercise16.py for tasks to queue
[2023-01-31T10:19:04.723+0000] {logging_mixin.py:137} INFO - [2023-01-31T10:19:04.723+0000] {dagbag.py:538} INFO - Filling up the DagBag from /opt/airflow/dags/exercise16.py
[2023-01-31T10:19:04.828+0000] {processor.py:753} INFO - DAG(s) dict_keys(['exercise16']) retrieved from /opt/airflow/dags/exercise16.py
[2023-01-31T10:19:04.990+0000] {logging_mixin.py:137} INFO - [2023-01-31T10:19:04.989+0000] {dag.py:2690} INFO - Sync 1 DAGs
[2023-01-31T10:19:05.136+0000] {logging_mixin.py:137} INFO - [2023-01-31T10:19:05.135+0000] {dag.py:3441} INFO - Setting next_dagrun for exercise16 to None, run_after=None
[2023-01-31T10:19:05.226+0000] {processor.py:175} INFO - Processing /opt/airflow/dags/exercise16.py took 0.543 seconds
[2023-01-31T10:19:35.505+0000] {processor.py:153} INFO - Started process (PID=716) to work on /opt/airflow/dags/exercise16.py
[2023-01-31T10:19:35.517+0000] {processor.py:743} INFO - Processing file /opt/airflow/dags/exercise16.py for tasks to queue
[2023-01-31T10:19:35.530+0000] {logging_mixin.py:137} INFO - [2023-01-31T10:19:35.530+0000] {dagbag.py:538} INFO - Filling up the DagBag from /opt/airflow/dags/exercise16.py
[2023-01-31T10:19:35.672+0000] {processor.py:753} INFO - DAG(s) dict_keys(['exercise16']) retrieved from /opt/airflow/dags/exercise16.py
[2023-01-31T10:19:35.790+0000] {logging_mixin.py:137} INFO - [2023-01-31T10:19:35.790+0000] {dag.py:2690} INFO - Sync 1 DAGs
[2023-01-31T10:19:35.847+0000] {logging_mixin.py:137} INFO - [2023-01-31T10:19:35.847+0000] {dag.py:3441} INFO - Setting next_dagrun for exercise16 to None, run_after=None
[2023-01-31T10:19:35.901+0000] {processor.py:175} INFO - Processing /opt/airflow/dags/exercise16.py took 0.402 seconds
[2023-01-31T10:20:06.592+0000] {processor.py:153} INFO - Started process (PID=796) to work on /opt/airflow/dags/exercise16.py
[2023-01-31T10:20:06.597+0000] {processor.py:743} INFO - Processing file /opt/airflow/dags/exercise16.py for tasks to queue
[2023-01-31T10:20:06.602+0000] {logging_mixin.py:137} INFO - [2023-01-31T10:20:06.602+0000] {dagbag.py:538} INFO - Filling up the DagBag from /opt/airflow/dags/exercise16.py
[2023-01-31T10:20:06.660+0000] {processor.py:753} INFO - DAG(s) dict_keys(['exercise16']) retrieved from /opt/airflow/dags/exercise16.py
[2023-01-31T10:20:06.692+0000] {logging_mixin.py:137} INFO - [2023-01-31T10:20:06.692+0000] {dag.py:2690} INFO - Sync 1 DAGs
[2023-01-31T10:20:06.714+0000] {logging_mixin.py:137} INFO - [2023-01-31T10:20:06.714+0000] {dag.py:3441} INFO - Setting next_dagrun for exercise16 to None, run_after=None
[2023-01-31T10:20:06.739+0000] {processor.py:175} INFO - Processing /opt/airflow/dags/exercise16.py took 0.152 seconds
[2023-01-31T10:20:37.162+0000] {processor.py:153} INFO - Started process (PID=879) to work on /opt/airflow/dags/exercise16.py
[2023-01-31T10:20:37.166+0000] {processor.py:743} INFO - Processing file /opt/airflow/dags/exercise16.py for tasks to queue
[2023-01-31T10:20:37.169+0000] {logging_mixin.py:137} INFO - [2023-01-31T10:20:37.169+0000] {dagbag.py:538} INFO - Filling up the DagBag from /opt/airflow/dags/exercise16.py
[2023-01-31T10:20:37.203+0000] {processor.py:753} INFO - DAG(s) dict_keys(['exercise16']) retrieved from /opt/airflow/dags/exercise16.py
[2023-01-31T10:20:37.226+0000] {logging_mixin.py:137} INFO - [2023-01-31T10:20:37.226+0000] {dag.py:2690} INFO - Sync 1 DAGs
[2023-01-31T10:20:37.245+0000] {logging_mixin.py:137} INFO - [2023-01-31T10:20:37.245+0000] {dag.py:3441} INFO - Setting next_dagrun for exercise16 to None, run_after=None
[2023-01-31T10:20:37.260+0000] {processor.py:175} INFO - Processing /opt/airflow/dags/exercise16.py took 0.101 seconds
[2023-01-31T10:21:08.664+0000] {processor.py:153} INFO - Started process (PID=974) to work on /opt/airflow/dags/exercise16.py
[2023-01-31T10:21:08.667+0000] {processor.py:743} INFO - Processing file /opt/airflow/dags/exercise16.py for tasks to queue
[2023-01-31T10:21:08.672+0000] {logging_mixin.py:137} INFO - [2023-01-31T10:21:08.672+0000] {dagbag.py:538} INFO - Filling up the DagBag from /opt/airflow/dags/exercise16.py
[2023-01-31T10:21:08.761+0000] {processor.py:753} INFO - DAG(s) dict_keys(['exercise16']) retrieved from /opt/airflow/dags/exercise16.py
[2023-01-31T10:21:08.881+0000] {logging_mixin.py:137} INFO - [2023-01-31T10:21:08.881+0000] {dag.py:2690} INFO - Sync 1 DAGs
[2023-01-31T10:21:08.941+0000] {logging_mixin.py:137} INFO - [2023-01-31T10:21:08.941+0000] {dag.py:3441} INFO - Setting next_dagrun for exercise16 to None, run_after=None
[2023-01-31T10:21:08.992+0000] {processor.py:175} INFO - Processing /opt/airflow/dags/exercise16.py took 0.335 seconds
[2023-01-31T10:21:39.474+0000] {processor.py:153} INFO - Started process (PID=1043) to work on /opt/airflow/dags/exercise16.py
[2023-01-31T10:21:39.476+0000] {processor.py:743} INFO - Processing file /opt/airflow/dags/exercise16.py for tasks to queue
[2023-01-31T10:21:39.477+0000] {logging_mixin.py:137} INFO - [2023-01-31T10:21:39.477+0000] {dagbag.py:538} INFO - Filling up the DagBag from /opt/airflow/dags/exercise16.py
[2023-01-31T10:21:39.503+0000] {processor.py:753} INFO - DAG(s) dict_keys(['exercise16']) retrieved from /opt/airflow/dags/exercise16.py
[2023-01-31T10:21:39.530+0000] {logging_mixin.py:137} INFO - [2023-01-31T10:21:39.530+0000] {dag.py:2690} INFO - Sync 1 DAGs
[2023-01-31T10:21:39.570+0000] {logging_mixin.py:137} INFO - [2023-01-31T10:21:39.570+0000] {dag.py:3441} INFO - Setting next_dagrun for exercise16 to None, run_after=None
[2023-01-31T10:21:39.586+0000] {processor.py:175} INFO - Processing /opt/airflow/dags/exercise16.py took 0.116 seconds
[2023-01-31T10:22:10.071+0000] {processor.py:153} INFO - Started process (PID=1132) to work on /opt/airflow/dags/exercise16.py
[2023-01-31T10:22:10.073+0000] {processor.py:743} INFO - Processing file /opt/airflow/dags/exercise16.py for tasks to queue
[2023-01-31T10:22:10.075+0000] {logging_mixin.py:137} INFO - [2023-01-31T10:22:10.075+0000] {dagbag.py:538} INFO - Filling up the DagBag from /opt/airflow/dags/exercise16.py
[2023-01-31T10:22:10.099+0000] {processor.py:753} INFO - DAG(s) dict_keys(['exercise16']) retrieved from /opt/airflow/dags/exercise16.py
[2023-01-31T10:22:10.136+0000] {logging_mixin.py:137} INFO - [2023-01-31T10:22:10.135+0000] {dag.py:2690} INFO - Sync 1 DAGs
[2023-01-31T10:22:10.163+0000] {logging_mixin.py:137} INFO - [2023-01-31T10:22:10.163+0000] {dag.py:3441} INFO - Setting next_dagrun for exercise16 to None, run_after=None
[2023-01-31T10:22:10.176+0000] {processor.py:175} INFO - Processing /opt/airflow/dags/exercise16.py took 0.109 seconds
[2023-01-31T10:22:40.404+0000] {processor.py:153} INFO - Started process (PID=1211) to work on /opt/airflow/dags/exercise16.py
[2023-01-31T10:22:40.406+0000] {processor.py:743} INFO - Processing file /opt/airflow/dags/exercise16.py for tasks to queue
[2023-01-31T10:22:40.408+0000] {logging_mixin.py:137} INFO - [2023-01-31T10:22:40.408+0000] {dagbag.py:538} INFO - Filling up the DagBag from /opt/airflow/dags/exercise16.py
[2023-01-31T10:22:40.426+0000] {processor.py:753} INFO - DAG(s) dict_keys(['exercise16']) retrieved from /opt/airflow/dags/exercise16.py
[2023-01-31T10:22:40.450+0000] {logging_mixin.py:137} INFO - [2023-01-31T10:22:40.450+0000] {dag.py:2690} INFO - Sync 1 DAGs
[2023-01-31T10:22:40.473+0000] {logging_mixin.py:137} INFO - [2023-01-31T10:22:40.473+0000] {dag.py:3441} INFO - Setting next_dagrun for exercise16 to None, run_after=None
[2023-01-31T10:22:40.521+0000] {processor.py:175} INFO - Processing /opt/airflow/dags/exercise16.py took 0.121 seconds
[2023-01-31T10:23:11.122+0000] {processor.py:153} INFO - Started process (PID=1288) to work on /opt/airflow/dags/exercise16.py
[2023-01-31T10:23:11.130+0000] {processor.py:743} INFO - Processing file /opt/airflow/dags/exercise16.py for tasks to queue
[2023-01-31T10:23:11.133+0000] {logging_mixin.py:137} INFO - [2023-01-31T10:23:11.132+0000] {dagbag.py:538} INFO - Filling up the DagBag from /opt/airflow/dags/exercise16.py
[2023-01-31T10:23:11.159+0000] {processor.py:753} INFO - DAG(s) dict_keys(['exercise16']) retrieved from /opt/airflow/dags/exercise16.py
[2023-01-31T10:23:11.188+0000] {logging_mixin.py:137} INFO - [2023-01-31T10:23:11.188+0000] {dag.py:2690} INFO - Sync 1 DAGs
[2023-01-31T10:23:11.212+0000] {logging_mixin.py:137} INFO - [2023-01-31T10:23:11.212+0000] {dag.py:3441} INFO - Setting next_dagrun for exercise16 to None, run_after=None
[2023-01-31T10:23:11.236+0000] {processor.py:175} INFO - Processing /opt/airflow/dags/exercise16.py took 0.118 seconds
[2023-01-31T10:23:41.713+0000] {processor.py:153} INFO - Started process (PID=1367) to work on /opt/airflow/dags/exercise16.py
[2023-01-31T10:23:41.715+0000] {processor.py:743} INFO - Processing file /opt/airflow/dags/exercise16.py for tasks to queue
[2023-01-31T10:23:41.717+0000] {logging_mixin.py:137} INFO - [2023-01-31T10:23:41.716+0000] {dagbag.py:538} INFO - Filling up the DagBag from /opt/airflow/dags/exercise16.py
[2023-01-31T10:23:41.735+0000] {processor.py:753} INFO - DAG(s) dict_keys(['exercise16']) retrieved from /opt/airflow/dags/exercise16.py
[2023-01-31T10:23:41.758+0000] {logging_mixin.py:137} INFO - [2023-01-31T10:23:41.758+0000] {dag.py:2690} INFO - Sync 1 DAGs
[2023-01-31T10:23:41.773+0000] {logging_mixin.py:137} INFO - [2023-01-31T10:23:41.773+0000] {dag.py:3441} INFO - Setting next_dagrun for exercise16 to None, run_after=None
[2023-01-31T10:23:41.785+0000] {processor.py:175} INFO - Processing /opt/airflow/dags/exercise16.py took 0.075 seconds
[2023-01-31T10:24:12.182+0000] {processor.py:153} INFO - Started process (PID=1446) to work on /opt/airflow/dags/exercise16.py
[2023-01-31T10:24:12.185+0000] {processor.py:743} INFO - Processing file /opt/airflow/dags/exercise16.py for tasks to queue
[2023-01-31T10:24:12.188+0000] {logging_mixin.py:137} INFO - [2023-01-31T10:24:12.187+0000] {dagbag.py:538} INFO - Filling up the DagBag from /opt/airflow/dags/exercise16.py
[2023-01-31T10:24:12.217+0000] {processor.py:753} INFO - DAG(s) dict_keys(['exercise16']) retrieved from /opt/airflow/dags/exercise16.py
[2023-01-31T10:24:12.257+0000] {logging_mixin.py:137} INFO - [2023-01-31T10:24:12.257+0000] {dag.py:2690} INFO - Sync 1 DAGs
[2023-01-31T10:24:12.322+0000] {logging_mixin.py:137} INFO - [2023-01-31T10:24:12.321+0000] {dag.py:3441} INFO - Setting next_dagrun for exercise16 to None, run_after=None
[2023-01-31T10:24:12.342+0000] {processor.py:175} INFO - Processing /opt/airflow/dags/exercise16.py took 0.164 seconds
[2023-01-31T10:24:43.100+0000] {processor.py:153} INFO - Started process (PID=1524) to work on /opt/airflow/dags/exercise16.py
[2023-01-31T10:24:43.101+0000] {processor.py:743} INFO - Processing file /opt/airflow/dags/exercise16.py for tasks to queue
[2023-01-31T10:24:43.102+0000] {logging_mixin.py:137} INFO - [2023-01-31T10:24:43.102+0000] {dagbag.py:538} INFO - Filling up the DagBag from /opt/airflow/dags/exercise16.py
[2023-01-31T10:24:43.121+0000] {processor.py:753} INFO - DAG(s) dict_keys(['exercise16']) retrieved from /opt/airflow/dags/exercise16.py
[2023-01-31T10:24:43.147+0000] {logging_mixin.py:137} INFO - [2023-01-31T10:24:43.147+0000] {dag.py:2690} INFO - Sync 1 DAGs
[2023-01-31T10:24:43.170+0000] {logging_mixin.py:137} INFO - [2023-01-31T10:24:43.170+0000] {dag.py:3441} INFO - Setting next_dagrun for exercise16 to None, run_after=None
[2023-01-31T10:24:43.199+0000] {processor.py:175} INFO - Processing /opt/airflow/dags/exercise16.py took 0.101 seconds
[2023-01-31T10:25:13.900+0000] {processor.py:153} INFO - Started process (PID=1622) to work on /opt/airflow/dags/exercise16.py
[2023-01-31T10:25:13.903+0000] {processor.py:743} INFO - Processing file /opt/airflow/dags/exercise16.py for tasks to queue
[2023-01-31T10:25:13.906+0000] {logging_mixin.py:137} INFO - [2023-01-31T10:25:13.906+0000] {dagbag.py:538} INFO - Filling up the DagBag from /opt/airflow/dags/exercise16.py
[2023-01-31T10:25:13.978+0000] {processor.py:753} INFO - DAG(s) dict_keys(['exercise16']) retrieved from /opt/airflow/dags/exercise16.py
[2023-01-31T10:25:14.219+0000] {logging_mixin.py:137} INFO - [2023-01-31T10:25:14.218+0000] {dag.py:2690} INFO - Sync 1 DAGs
[2023-01-31T10:25:14.370+0000] {logging_mixin.py:137} INFO - [2023-01-31T10:25:14.369+0000] {dag.py:3441} INFO - Setting next_dagrun for exercise16 to None, run_after=None
[2023-01-31T10:25:14.401+0000] {processor.py:175} INFO - Processing /opt/airflow/dags/exercise16.py took 0.506 seconds
[2023-01-31T10:25:44.984+0000] {processor.py:153} INFO - Started process (PID=1702) to work on /opt/airflow/dags/exercise16.py
[2023-01-31T10:25:44.987+0000] {processor.py:743} INFO - Processing file /opt/airflow/dags/exercise16.py for tasks to queue
[2023-01-31T10:25:44.989+0000] {logging_mixin.py:137} INFO - [2023-01-31T10:25:44.988+0000] {dagbag.py:538} INFO - Filling up the DagBag from /opt/airflow/dags/exercise16.py
[2023-01-31T10:25:45.028+0000] {processor.py:753} INFO - DAG(s) dict_keys(['exercise16']) retrieved from /opt/airflow/dags/exercise16.py
[2023-01-31T10:25:45.069+0000] {logging_mixin.py:137} INFO - [2023-01-31T10:25:45.069+0000] {dag.py:2690} INFO - Sync 1 DAGs
[2023-01-31T10:25:45.088+0000] {logging_mixin.py:137} INFO - [2023-01-31T10:25:45.088+0000] {dag.py:3441} INFO - Setting next_dagrun for exercise16 to None, run_after=None
[2023-01-31T10:25:45.127+0000] {processor.py:175} INFO - Processing /opt/airflow/dags/exercise16.py took 0.146 seconds
[2023-01-31T10:26:16.998+0000] {processor.py:153} INFO - Started process (PID=1781) to work on /opt/airflow/dags/exercise16.py
[2023-01-31T10:26:17.000+0000] {processor.py:743} INFO - Processing file /opt/airflow/dags/exercise16.py for tasks to queue
[2023-01-31T10:26:17.001+0000] {logging_mixin.py:137} INFO - [2023-01-31T10:26:17.001+0000] {dagbag.py:538} INFO - Filling up the DagBag from /opt/airflow/dags/exercise16.py
[2023-01-31T10:26:17.040+0000] {processor.py:753} INFO - DAG(s) dict_keys(['exercise16']) retrieved from /opt/airflow/dags/exercise16.py
[2023-01-31T10:26:17.134+0000] {logging_mixin.py:137} INFO - [2023-01-31T10:26:17.134+0000] {dag.py:2690} INFO - Sync 1 DAGs
[2023-01-31T10:26:17.184+0000] {logging_mixin.py:137} INFO - [2023-01-31T10:26:17.184+0000] {dag.py:3441} INFO - Setting next_dagrun for exercise16 to None, run_after=None
[2023-01-31T10:26:17.225+0000] {processor.py:175} INFO - Processing /opt/airflow/dags/exercise16.py took 0.231 seconds
[2023-01-31T10:26:47.903+0000] {processor.py:153} INFO - Started process (PID=1864) to work on /opt/airflow/dags/exercise16.py
[2023-01-31T10:26:47.904+0000] {processor.py:743} INFO - Processing file /opt/airflow/dags/exercise16.py for tasks to queue
[2023-01-31T10:26:47.905+0000] {logging_mixin.py:137} INFO - [2023-01-31T10:26:47.905+0000] {dagbag.py:538} INFO - Filling up the DagBag from /opt/airflow/dags/exercise16.py
[2023-01-31T10:26:47.929+0000] {processor.py:753} INFO - DAG(s) dict_keys(['exercise16']) retrieved from /opt/airflow/dags/exercise16.py
[2023-01-31T10:26:47.952+0000] {logging_mixin.py:137} INFO - [2023-01-31T10:26:47.952+0000] {dag.py:2690} INFO - Sync 1 DAGs
[2023-01-31T10:26:47.976+0000] {logging_mixin.py:137} INFO - [2023-01-31T10:26:47.976+0000] {dag.py:3441} INFO - Setting next_dagrun for exercise16 to None, run_after=None
[2023-01-31T10:26:48.006+0000] {processor.py:175} INFO - Processing /opt/airflow/dags/exercise16.py took 0.107 seconds
[2023-01-31T10:27:18.448+0000] {processor.py:153} INFO - Started process (PID=1959) to work on /opt/airflow/dags/exercise16.py
[2023-01-31T10:27:18.450+0000] {processor.py:743} INFO - Processing file /opt/airflow/dags/exercise16.py for tasks to queue
[2023-01-31T10:27:18.451+0000] {logging_mixin.py:137} INFO - [2023-01-31T10:27:18.451+0000] {dagbag.py:538} INFO - Filling up the DagBag from /opt/airflow/dags/exercise16.py
[2023-01-31T10:27:18.468+0000] {processor.py:753} INFO - DAG(s) dict_keys(['exercise16']) retrieved from /opt/airflow/dags/exercise16.py
[2023-01-31T10:27:18.498+0000] {logging_mixin.py:137} INFO - [2023-01-31T10:27:18.498+0000] {dag.py:2690} INFO - Sync 1 DAGs
[2023-01-31T10:27:18.530+0000] {logging_mixin.py:137} INFO - [2023-01-31T10:27:18.530+0000] {dag.py:3441} INFO - Setting next_dagrun for exercise16 to None, run_after=None
[2023-01-31T10:27:18.548+0000] {processor.py:175} INFO - Processing /opt/airflow/dags/exercise16.py took 0.104 seconds
[2023-01-31T10:27:49.566+0000] {processor.py:153} INFO - Started process (PID=2039) to work on /opt/airflow/dags/exercise16.py
[2023-01-31T10:27:49.567+0000] {processor.py:743} INFO - Processing file /opt/airflow/dags/exercise16.py for tasks to queue
[2023-01-31T10:27:49.568+0000] {logging_mixin.py:137} INFO - [2023-01-31T10:27:49.568+0000] {dagbag.py:538} INFO - Filling up the DagBag from /opt/airflow/dags/exercise16.py
[2023-01-31T10:27:49.610+0000] {processor.py:753} INFO - DAG(s) dict_keys(['exercise16']) retrieved from /opt/airflow/dags/exercise16.py
[2023-01-31T10:27:49.640+0000] {logging_mixin.py:137} INFO - [2023-01-31T10:27:49.640+0000] {dag.py:2690} INFO - Sync 1 DAGs
[2023-01-31T10:27:49.672+0000] {logging_mixin.py:137} INFO - [2023-01-31T10:27:49.672+0000] {dag.py:3441} INFO - Setting next_dagrun for exercise16 to None, run_after=None
[2023-01-31T10:27:49.686+0000] {processor.py:175} INFO - Processing /opt/airflow/dags/exercise16.py took 0.133 seconds
[2023-01-31T10:28:20.951+0000] {processor.py:153} INFO - Started process (PID=2134) to work on /opt/airflow/dags/exercise16.py
[2023-01-31T10:28:20.953+0000] {processor.py:743} INFO - Processing file /opt/airflow/dags/exercise16.py for tasks to queue
[2023-01-31T10:28:20.956+0000] {logging_mixin.py:137} INFO - [2023-01-31T10:28:20.955+0000] {dagbag.py:538} INFO - Filling up the DagBag from /opt/airflow/dags/exercise16.py
[2023-01-31T10:28:20.979+0000] {processor.py:753} INFO - DAG(s) dict_keys(['exercise16']) retrieved from /opt/airflow/dags/exercise16.py
[2023-01-31T10:28:21.054+0000] {logging_mixin.py:137} INFO - [2023-01-31T10:28:21.054+0000] {dag.py:2690} INFO - Sync 1 DAGs
[2023-01-31T10:28:21.097+0000] {logging_mixin.py:137} INFO - [2023-01-31T10:28:21.097+0000] {dag.py:3441} INFO - Setting next_dagrun for exercise16 to None, run_after=None
[2023-01-31T10:28:21.178+0000] {processor.py:175} INFO - Processing /opt/airflow/dags/exercise16.py took 0.231 seconds
[2023-01-31T10:28:51.252+0000] {processor.py:153} INFO - Started process (PID=2213) to work on /opt/airflow/dags/exercise16.py
[2023-01-31T10:28:51.254+0000] {processor.py:743} INFO - Processing file /opt/airflow/dags/exercise16.py for tasks to queue
[2023-01-31T10:28:51.256+0000] {logging_mixin.py:137} INFO - [2023-01-31T10:28:51.256+0000] {dagbag.py:538} INFO - Filling up the DagBag from /opt/airflow/dags/exercise16.py
[2023-01-31T10:28:51.316+0000] {processor.py:753} INFO - DAG(s) dict_keys(['exercise16']) retrieved from /opt/airflow/dags/exercise16.py
[2023-01-31T10:28:51.349+0000] {logging_mixin.py:137} INFO - [2023-01-31T10:28:51.349+0000] {dag.py:2690} INFO - Sync 1 DAGs
[2023-01-31T10:28:51.377+0000] {logging_mixin.py:137} INFO - [2023-01-31T10:28:51.376+0000] {dag.py:3441} INFO - Setting next_dagrun for exercise16 to None, run_after=None
[2023-01-31T10:28:51.416+0000] {processor.py:175} INFO - Processing /opt/airflow/dags/exercise16.py took 0.168 seconds
[2023-01-31T10:29:22.077+0000] {processor.py:153} INFO - Started process (PID=2291) to work on /opt/airflow/dags/exercise16.py
[2023-01-31T10:29:22.079+0000] {processor.py:743} INFO - Processing file /opt/airflow/dags/exercise16.py for tasks to queue
[2023-01-31T10:29:22.080+0000] {logging_mixin.py:137} INFO - [2023-01-31T10:29:22.080+0000] {dagbag.py:538} INFO - Filling up the DagBag from /opt/airflow/dags/exercise16.py
[2023-01-31T10:29:22.101+0000] {processor.py:753} INFO - DAG(s) dict_keys(['exercise16']) retrieved from /opt/airflow/dags/exercise16.py
[2023-01-31T10:29:22.125+0000] {logging_mixin.py:137} INFO - [2023-01-31T10:29:22.125+0000] {dag.py:2690} INFO - Sync 1 DAGs
[2023-01-31T10:29:22.145+0000] {logging_mixin.py:137} INFO - [2023-01-31T10:29:22.145+0000] {dag.py:3441} INFO - Setting next_dagrun for exercise16 to None, run_after=None
[2023-01-31T10:29:22.174+0000] {processor.py:175} INFO - Processing /opt/airflow/dags/exercise16.py took 0.100 seconds
[2023-01-31T10:29:52.533+0000] {processor.py:153} INFO - Started process (PID=2370) to work on /opt/airflow/dags/exercise16.py
[2023-01-31T10:29:52.534+0000] {processor.py:743} INFO - Processing file /opt/airflow/dags/exercise16.py for tasks to queue
[2023-01-31T10:29:52.550+0000] {logging_mixin.py:137} INFO - [2023-01-31T10:29:52.550+0000] {dagbag.py:538} INFO - Filling up the DagBag from /opt/airflow/dags/exercise16.py
[2023-01-31T10:29:52.578+0000] {processor.py:753} INFO - DAG(s) dict_keys(['exercise16']) retrieved from /opt/airflow/dags/exercise16.py
[2023-01-31T10:29:52.602+0000] {logging_mixin.py:137} INFO - [2023-01-31T10:29:52.602+0000] {dag.py:2690} INFO - Sync 1 DAGs
[2023-01-31T10:29:52.619+0000] {logging_mixin.py:137} INFO - [2023-01-31T10:29:52.619+0000] {dag.py:3441} INFO - Setting next_dagrun for exercise16 to None, run_after=None
[2023-01-31T10:29:52.630+0000] {processor.py:175} INFO - Processing /opt/airflow/dags/exercise16.py took 0.100 seconds
[2023-01-31T10:30:23.470+0000] {processor.py:153} INFO - Started process (PID=2449) to work on /opt/airflow/dags/exercise16.py
[2023-01-31T10:30:23.475+0000] {processor.py:743} INFO - Processing file /opt/airflow/dags/exercise16.py for tasks to queue
[2023-01-31T10:30:23.478+0000] {logging_mixin.py:137} INFO - [2023-01-31T10:30:23.477+0000] {dagbag.py:538} INFO - Filling up the DagBag from /opt/airflow/dags/exercise16.py
[2023-01-31T10:30:23.531+0000] {processor.py:753} INFO - DAG(s) dict_keys(['exercise16']) retrieved from /opt/airflow/dags/exercise16.py
[2023-01-31T10:30:23.553+0000] {logging_mixin.py:137} INFO - [2023-01-31T10:30:23.553+0000] {dag.py:2690} INFO - Sync 1 DAGs
[2023-01-31T10:30:23.577+0000] {logging_mixin.py:137} INFO - [2023-01-31T10:30:23.576+0000] {dag.py:3441} INFO - Setting next_dagrun for exercise16 to None, run_after=None
[2023-01-31T10:30:23.595+0000] {processor.py:175} INFO - Processing /opt/airflow/dags/exercise16.py took 0.129 seconds
[2023-01-31T10:30:54.293+0000] {processor.py:153} INFO - Started process (PID=2528) to work on /opt/airflow/dags/exercise16.py
[2023-01-31T10:30:54.296+0000] {processor.py:743} INFO - Processing file /opt/airflow/dags/exercise16.py for tasks to queue
[2023-01-31T10:30:54.298+0000] {logging_mixin.py:137} INFO - [2023-01-31T10:30:54.298+0000] {dagbag.py:538} INFO - Filling up the DagBag from /opt/airflow/dags/exercise16.py
[2023-01-31T10:30:54.320+0000] {processor.py:753} INFO - DAG(s) dict_keys(['exercise16']) retrieved from /opt/airflow/dags/exercise16.py
[2023-01-31T10:30:54.346+0000] {logging_mixin.py:137} INFO - [2023-01-31T10:30:54.345+0000] {dag.py:2690} INFO - Sync 1 DAGs
[2023-01-31T10:30:54.374+0000] {logging_mixin.py:137} INFO - [2023-01-31T10:30:54.374+0000] {dag.py:3441} INFO - Setting next_dagrun for exercise16 to None, run_after=None
[2023-01-31T10:30:54.405+0000] {processor.py:175} INFO - Processing /opt/airflow/dags/exercise16.py took 0.115 seconds
[2023-01-31T10:31:25.190+0000] {processor.py:153} INFO - Started process (PID=2621) to work on /opt/airflow/dags/exercise16.py
[2023-01-31T10:31:25.193+0000] {processor.py:743} INFO - Processing file /opt/airflow/dags/exercise16.py for tasks to queue
[2023-01-31T10:31:25.195+0000] {logging_mixin.py:137} INFO - [2023-01-31T10:31:25.194+0000] {dagbag.py:538} INFO - Filling up the DagBag from /opt/airflow/dags/exercise16.py
[2023-01-31T10:31:25.216+0000] {processor.py:753} INFO - DAG(s) dict_keys(['exercise16']) retrieved from /opt/airflow/dags/exercise16.py
[2023-01-31T10:31:25.285+0000] {logging_mixin.py:137} INFO - [2023-01-31T10:31:25.285+0000] {dag.py:2690} INFO - Sync 1 DAGs
[2023-01-31T10:31:25.320+0000] {logging_mixin.py:137} INFO - [2023-01-31T10:31:25.320+0000] {dag.py:3441} INFO - Setting next_dagrun for exercise16 to None, run_after=None
[2023-01-31T10:31:25.350+0000] {processor.py:175} INFO - Processing /opt/airflow/dags/exercise16.py took 0.166 seconds
[2023-01-31T10:31:55.829+0000] {processor.py:153} INFO - Started process (PID=2699) to work on /opt/airflow/dags/exercise16.py
[2023-01-31T10:31:55.835+0000] {processor.py:743} INFO - Processing file /opt/airflow/dags/exercise16.py for tasks to queue
[2023-01-31T10:31:55.838+0000] {logging_mixin.py:137} INFO - [2023-01-31T10:31:55.838+0000] {dagbag.py:538} INFO - Filling up the DagBag from /opt/airflow/dags/exercise16.py
[2023-01-31T10:31:55.860+0000] {processor.py:753} INFO - DAG(s) dict_keys(['exercise16']) retrieved from /opt/airflow/dags/exercise16.py
[2023-01-31T10:31:55.882+0000] {logging_mixin.py:137} INFO - [2023-01-31T10:31:55.881+0000] {dag.py:2690} INFO - Sync 1 DAGs
[2023-01-31T10:31:55.900+0000] {logging_mixin.py:137} INFO - [2023-01-31T10:31:55.900+0000] {dag.py:3441} INFO - Setting next_dagrun for exercise16 to None, run_after=None
[2023-01-31T10:31:55.934+0000] {processor.py:175} INFO - Processing /opt/airflow/dags/exercise16.py took 0.109 seconds
[2023-01-31T10:32:27.007+0000] {processor.py:153} INFO - Started process (PID=2778) to work on /opt/airflow/dags/exercise16.py
[2023-01-31T10:32:27.009+0000] {processor.py:743} INFO - Processing file /opt/airflow/dags/exercise16.py for tasks to queue
[2023-01-31T10:32:27.010+0000] {logging_mixin.py:137} INFO - [2023-01-31T10:32:27.010+0000] {dagbag.py:538} INFO - Filling up the DagBag from /opt/airflow/dags/exercise16.py
[2023-01-31T10:32:27.046+0000] {processor.py:753} INFO - DAG(s) dict_keys(['exercise16']) retrieved from /opt/airflow/dags/exercise16.py
[2023-01-31T10:32:27.078+0000] {logging_mixin.py:137} INFO - [2023-01-31T10:32:27.078+0000] {dag.py:2690} INFO - Sync 1 DAGs
[2023-01-31T10:32:27.104+0000] {logging_mixin.py:137} INFO - [2023-01-31T10:32:27.104+0000] {dag.py:3441} INFO - Setting next_dagrun for exercise16 to None, run_after=None
[2023-01-31T10:32:27.124+0000] {processor.py:175} INFO - Processing /opt/airflow/dags/exercise16.py took 0.122 seconds
[2023-01-31T10:32:57.668+0000] {processor.py:153} INFO - Started process (PID=2873) to work on /opt/airflow/dags/exercise16.py
[2023-01-31T10:32:57.671+0000] {processor.py:743} INFO - Processing file /opt/airflow/dags/exercise16.py for tasks to queue
[2023-01-31T10:32:57.673+0000] {logging_mixin.py:137} INFO - [2023-01-31T10:32:57.673+0000] {dagbag.py:538} INFO - Filling up the DagBag from /opt/airflow/dags/exercise16.py
[2023-01-31T10:32:57.704+0000] {processor.py:753} INFO - DAG(s) dict_keys(['exercise16']) retrieved from /opt/airflow/dags/exercise16.py
[2023-01-31T10:32:57.725+0000] {logging_mixin.py:137} INFO - [2023-01-31T10:32:57.725+0000] {dag.py:2690} INFO - Sync 1 DAGs
[2023-01-31T10:32:57.755+0000] {logging_mixin.py:137} INFO - [2023-01-31T10:32:57.755+0000] {dag.py:3441} INFO - Setting next_dagrun for exercise16 to None, run_after=None
[2023-01-31T10:32:57.768+0000] {processor.py:175} INFO - Processing /opt/airflow/dags/exercise16.py took 0.104 seconds
[2023-01-31T10:33:28.825+0000] {processor.py:153} INFO - Started process (PID=2952) to work on /opt/airflow/dags/exercise16.py
[2023-01-31T10:33:28.827+0000] {processor.py:743} INFO - Processing file /opt/airflow/dags/exercise16.py for tasks to queue
[2023-01-31T10:33:28.828+0000] {logging_mixin.py:137} INFO - [2023-01-31T10:33:28.828+0000] {dagbag.py:538} INFO - Filling up the DagBag from /opt/airflow/dags/exercise16.py
[2023-01-31T10:33:28.849+0000] {processor.py:753} INFO - DAG(s) dict_keys(['exercise16']) retrieved from /opt/airflow/dags/exercise16.py
[2023-01-31T10:33:28.880+0000] {logging_mixin.py:137} INFO - [2023-01-31T10:33:28.880+0000] {dag.py:2690} INFO - Sync 1 DAGs
[2023-01-31T10:33:28.896+0000] {logging_mixin.py:137} INFO - [2023-01-31T10:33:28.895+0000] {dag.py:3441} INFO - Setting next_dagrun for exercise16 to None, run_after=None
[2023-01-31T10:33:28.910+0000] {processor.py:175} INFO - Processing /opt/airflow/dags/exercise16.py took 0.088 seconds
[2023-01-31T10:34:00.146+0000] {processor.py:153} INFO - Started process (PID=3047) to work on /opt/airflow/dags/exercise16.py
[2023-01-31T10:34:00.148+0000] {processor.py:743} INFO - Processing file /opt/airflow/dags/exercise16.py for tasks to queue
[2023-01-31T10:34:00.149+0000] {logging_mixin.py:137} INFO - [2023-01-31T10:34:00.149+0000] {dagbag.py:538} INFO - Filling up the DagBag from /opt/airflow/dags/exercise16.py
[2023-01-31T10:34:00.172+0000] {processor.py:753} INFO - DAG(s) dict_keys(['exercise16']) retrieved from /opt/airflow/dags/exercise16.py
[2023-01-31T10:34:00.209+0000] {logging_mixin.py:137} INFO - [2023-01-31T10:34:00.209+0000] {dag.py:2690} INFO - Sync 1 DAGs
[2023-01-31T10:34:00.256+0000] {logging_mixin.py:137} INFO - [2023-01-31T10:34:00.255+0000] {dag.py:3441} INFO - Setting next_dagrun for exercise16 to None, run_after=None
[2023-01-31T10:34:00.340+0000] {processor.py:175} INFO - Processing /opt/airflow/dags/exercise16.py took 0.196 seconds
[2023-01-31T10:34:31.280+0000] {processor.py:153} INFO - Started process (PID=3126) to work on /opt/airflow/dags/exercise16.py
[2023-01-31T10:34:31.283+0000] {processor.py:743} INFO - Processing file /opt/airflow/dags/exercise16.py for tasks to queue
[2023-01-31T10:34:31.284+0000] {logging_mixin.py:137} INFO - [2023-01-31T10:34:31.284+0000] {dagbag.py:538} INFO - Filling up the DagBag from /opt/airflow/dags/exercise16.py
[2023-01-31T10:34:31.304+0000] {processor.py:753} INFO - DAG(s) dict_keys(['exercise16']) retrieved from /opt/airflow/dags/exercise16.py
[2023-01-31T10:34:31.326+0000] {logging_mixin.py:137} INFO - [2023-01-31T10:34:31.326+0000] {dag.py:2690} INFO - Sync 1 DAGs
[2023-01-31T10:34:31.349+0000] {logging_mixin.py:137} INFO - [2023-01-31T10:34:31.349+0000] {dag.py:3441} INFO - Setting next_dagrun for exercise16 to None, run_after=None
[2023-01-31T10:34:31.369+0000] {processor.py:175} INFO - Processing /opt/airflow/dags/exercise16.py took 0.092 seconds
[2023-01-31T10:35:01.959+0000] {processor.py:153} INFO - Started process (PID=3213) to work on /opt/airflow/dags/exercise16.py
[2023-01-31T10:35:01.961+0000] {processor.py:743} INFO - Processing file /opt/airflow/dags/exercise16.py for tasks to queue
[2023-01-31T10:35:01.963+0000] {logging_mixin.py:137} INFO - [2023-01-31T10:35:01.963+0000] {dagbag.py:538} INFO - Filling up the DagBag from /opt/airflow/dags/exercise16.py
[2023-01-31T10:35:01.994+0000] {processor.py:753} INFO - DAG(s) dict_keys(['exercise16']) retrieved from /opt/airflow/dags/exercise16.py
[2023-01-31T10:35:02.041+0000] {logging_mixin.py:137} INFO - [2023-01-31T10:35:02.041+0000] {dag.py:2690} INFO - Sync 1 DAGs
[2023-01-31T10:35:02.090+0000] {logging_mixin.py:137} INFO - [2023-01-31T10:35:02.090+0000] {dag.py:3441} INFO - Setting next_dagrun for exercise16 to None, run_after=None
[2023-01-31T10:35:02.120+0000] {processor.py:175} INFO - Processing /opt/airflow/dags/exercise16.py took 0.164 seconds
[2023-01-31T10:35:33.101+0000] {processor.py:153} INFO - Started process (PID=3289) to work on /opt/airflow/dags/exercise16.py
[2023-01-31T10:35:33.102+0000] {processor.py:743} INFO - Processing file /opt/airflow/dags/exercise16.py for tasks to queue
[2023-01-31T10:35:33.103+0000] {logging_mixin.py:137} INFO - [2023-01-31T10:35:33.103+0000] {dagbag.py:538} INFO - Filling up the DagBag from /opt/airflow/dags/exercise16.py
[2023-01-31T10:35:33.119+0000] {processor.py:753} INFO - DAG(s) dict_keys(['exercise16']) retrieved from /opt/airflow/dags/exercise16.py
[2023-01-31T10:35:33.143+0000] {logging_mixin.py:137} INFO - [2023-01-31T10:35:33.143+0000] {dag.py:2690} INFO - Sync 1 DAGs
[2023-01-31T10:35:33.170+0000] {logging_mixin.py:137} INFO - [2023-01-31T10:35:33.170+0000] {dag.py:3441} INFO - Setting next_dagrun for exercise16 to None, run_after=None
[2023-01-31T10:35:33.182+0000] {processor.py:175} INFO - Processing /opt/airflow/dags/exercise16.py took 0.084 seconds
[2023-01-31T10:36:08.841+0000] {processor.py:153} INFO - Started process (PID=3384) to work on /opt/airflow/dags/exercise16.py
[2023-01-31T10:36:08.856+0000] {processor.py:743} INFO - Processing file /opt/airflow/dags/exercise16.py for tasks to queue
[2023-01-31T10:36:08.861+0000] {logging_mixin.py:137} INFO - [2023-01-31T10:36:08.861+0000] {dagbag.py:538} INFO - Filling up the DagBag from /opt/airflow/dags/exercise16.py
[2023-01-31T10:36:08.923+0000] {processor.py:753} INFO - DAG(s) dict_keys(['exercise16']) retrieved from /opt/airflow/dags/exercise16.py
[2023-01-31T10:36:08.976+0000] {logging_mixin.py:137} INFO - [2023-01-31T10:36:08.976+0000] {dag.py:2690} INFO - Sync 1 DAGs
[2023-01-31T10:36:09.006+0000] {logging_mixin.py:137} INFO - [2023-01-31T10:36:09.006+0000] {dag.py:3441} INFO - Setting next_dagrun for exercise16 to None, run_after=None
[2023-01-31T10:36:09.029+0000] {processor.py:175} INFO - Processing /opt/airflow/dags/exercise16.py took 0.211 seconds
[2023-01-31T10:36:40.651+0000] {processor.py:153} INFO - Started process (PID=3463) to work on /opt/airflow/dags/exercise16.py
[2023-01-31T10:36:40.654+0000] {processor.py:743} INFO - Processing file /opt/airflow/dags/exercise16.py for tasks to queue
[2023-01-31T10:36:40.665+0000] {logging_mixin.py:137} INFO - [2023-01-31T10:36:40.664+0000] {dagbag.py:538} INFO - Filling up the DagBag from /opt/airflow/dags/exercise16.py
[2023-01-31T10:36:40.725+0000] {processor.py:753} INFO - DAG(s) dict_keys(['exercise16']) retrieved from /opt/airflow/dags/exercise16.py
[2023-01-31T10:36:40.763+0000] {logging_mixin.py:137} INFO - [2023-01-31T10:36:40.763+0000] {dag.py:2690} INFO - Sync 1 DAGs
[2023-01-31T10:36:40.796+0000] {logging_mixin.py:137} INFO - [2023-01-31T10:36:40.796+0000] {dag.py:3441} INFO - Setting next_dagrun for exercise16 to None, run_after=None
[2023-01-31T10:36:40.820+0000] {processor.py:175} INFO - Processing /opt/airflow/dags/exercise16.py took 0.173 seconds
[2023-01-31T10:37:11.954+0000] {processor.py:153} INFO - Started process (PID=3546) to work on /opt/airflow/dags/exercise16.py
[2023-01-31T10:37:11.958+0000] {processor.py:743} INFO - Processing file /opt/airflow/dags/exercise16.py for tasks to queue
[2023-01-31T10:37:11.960+0000] {logging_mixin.py:137} INFO - [2023-01-31T10:37:11.960+0000] {dagbag.py:538} INFO - Filling up the DagBag from /opt/airflow/dags/exercise16.py
[2023-01-31T10:37:12.498+0000] {processor.py:753} INFO - DAG(s) dict_keys(['exercise16']) retrieved from /opt/airflow/dags/exercise16.py
[2023-01-31T10:37:12.689+0000] {logging_mixin.py:137} INFO - [2023-01-31T10:37:12.688+0000] {dag.py:2690} INFO - Sync 1 DAGs
[2023-01-31T10:37:12.747+0000] {logging_mixin.py:137} INFO - [2023-01-31T10:37:12.746+0000] {dag.py:3441} INFO - Setting next_dagrun for exercise16 to None, run_after=None
[2023-01-31T10:37:12.794+0000] {processor.py:175} INFO - Processing /opt/airflow/dags/exercise16.py took 0.846 seconds
[2023-01-31T10:37:43.814+0000] {processor.py:153} INFO - Started process (PID=3625) to work on /opt/airflow/dags/exercise16.py
[2023-01-31T10:37:43.818+0000] {processor.py:743} INFO - Processing file /opt/airflow/dags/exercise16.py for tasks to queue
[2023-01-31T10:37:43.820+0000] {logging_mixin.py:137} INFO - [2023-01-31T10:37:43.819+0000] {dagbag.py:538} INFO - Filling up the DagBag from /opt/airflow/dags/exercise16.py
[2023-01-31T10:37:43.885+0000] {processor.py:753} INFO - DAG(s) dict_keys(['exercise16']) retrieved from /opt/airflow/dags/exercise16.py
[2023-01-31T10:37:43.969+0000] {logging_mixin.py:137} INFO - [2023-01-31T10:37:43.968+0000] {dag.py:2690} INFO - Sync 1 DAGs
[2023-01-31T10:37:44.025+0000] {logging_mixin.py:137} INFO - [2023-01-31T10:37:44.025+0000] {dag.py:3441} INFO - Setting next_dagrun for exercise16 to None, run_after=None
[2023-01-31T10:37:44.108+0000] {processor.py:175} INFO - Processing /opt/airflow/dags/exercise16.py took 0.314 seconds
[2023-01-31T10:38:19.355+0000] {processor.py:153} INFO - Started process (PID=3714) to work on /opt/airflow/dags/exercise16.py
[2023-01-31T10:38:19.357+0000] {processor.py:743} INFO - Processing file /opt/airflow/dags/exercise16.py for tasks to queue
[2023-01-31T10:38:19.359+0000] {logging_mixin.py:137} INFO - [2023-01-31T10:38:19.359+0000] {dagbag.py:538} INFO - Filling up the DagBag from /opt/airflow/dags/exercise16.py
[2023-01-31T10:38:19.445+0000] {processor.py:753} INFO - DAG(s) dict_keys(['exercise16']) retrieved from /opt/airflow/dags/exercise16.py
[2023-01-31T10:38:19.504+0000] {logging_mixin.py:137} INFO - [2023-01-31T10:38:19.504+0000] {dag.py:2690} INFO - Sync 1 DAGs
[2023-01-31T10:38:19.557+0000] {logging_mixin.py:137} INFO - [2023-01-31T10:38:19.557+0000] {dag.py:3441} INFO - Setting next_dagrun for exercise16 to None, run_after=None
[2023-01-31T10:38:19.586+0000] {processor.py:175} INFO - Processing /opt/airflow/dags/exercise16.py took 0.235 seconds
[2023-01-31T10:38:49.646+0000] {processor.py:153} INFO - Started process (PID=3804) to work on /opt/airflow/dags/exercise16.py
[2023-01-31T10:38:49.648+0000] {processor.py:743} INFO - Processing file /opt/airflow/dags/exercise16.py for tasks to queue
[2023-01-31T10:38:49.649+0000] {logging_mixin.py:137} INFO - [2023-01-31T10:38:49.649+0000] {dagbag.py:538} INFO - Filling up the DagBag from /opt/airflow/dags/exercise16.py
[2023-01-31T10:38:49.672+0000] {processor.py:753} INFO - DAG(s) dict_keys(['exercise16']) retrieved from /opt/airflow/dags/exercise16.py
[2023-01-31T10:38:49.722+0000] {logging_mixin.py:137} INFO - [2023-01-31T10:38:49.722+0000] {dag.py:2690} INFO - Sync 1 DAGs
[2023-01-31T10:38:49.755+0000] {logging_mixin.py:137} INFO - [2023-01-31T10:38:49.755+0000] {dag.py:3441} INFO - Setting next_dagrun for exercise16 to None, run_after=None
[2023-01-31T10:38:49.794+0000] {processor.py:175} INFO - Processing /opt/airflow/dags/exercise16.py took 0.151 seconds
[2023-01-31T10:39:20.875+0000] {processor.py:153} INFO - Started process (PID=3882) to work on /opt/airflow/dags/exercise16.py
[2023-01-31T10:39:20.879+0000] {processor.py:743} INFO - Processing file /opt/airflow/dags/exercise16.py for tasks to queue
[2023-01-31T10:39:20.880+0000] {logging_mixin.py:137} INFO - [2023-01-31T10:39:20.880+0000] {dagbag.py:538} INFO - Filling up the DagBag from /opt/airflow/dags/exercise16.py
[2023-01-31T10:39:20.905+0000] {processor.py:753} INFO - DAG(s) dict_keys(['exercise16']) retrieved from /opt/airflow/dags/exercise16.py
[2023-01-31T10:39:20.944+0000] {logging_mixin.py:137} INFO - [2023-01-31T10:39:20.944+0000] {dag.py:2690} INFO - Sync 1 DAGs
[2023-01-31T10:39:20.971+0000] {logging_mixin.py:137} INFO - [2023-01-31T10:39:20.971+0000] {dag.py:3441} INFO - Setting next_dagrun for exercise16 to None, run_after=None
[2023-01-31T10:39:20.995+0000] {processor.py:175} INFO - Processing /opt/airflow/dags/exercise16.py took 0.124 seconds
[2023-01-31T10:39:51.715+0000] {processor.py:153} INFO - Started process (PID=3961) to work on /opt/airflow/dags/exercise16.py
[2023-01-31T10:39:51.754+0000] {processor.py:743} INFO - Processing file /opt/airflow/dags/exercise16.py for tasks to queue
[2023-01-31T10:39:51.760+0000] {logging_mixin.py:137} INFO - [2023-01-31T10:39:51.760+0000] {dagbag.py:538} INFO - Filling up the DagBag from /opt/airflow/dags/exercise16.py
[2023-01-31T10:39:51.841+0000] {processor.py:753} INFO - DAG(s) dict_keys(['exercise16']) retrieved from /opt/airflow/dags/exercise16.py
[2023-01-31T10:39:51.894+0000] {logging_mixin.py:137} INFO - [2023-01-31T10:39:51.894+0000] {dag.py:2690} INFO - Sync 1 DAGs
[2023-01-31T10:39:51.939+0000] {logging_mixin.py:137} INFO - [2023-01-31T10:39:51.939+0000] {dag.py:3441} INFO - Setting next_dagrun for exercise16 to None, run_after=None
[2023-01-31T10:39:51.963+0000] {processor.py:175} INFO - Processing /opt/airflow/dags/exercise16.py took 0.255 seconds
[2023-01-31T10:40:22.488+0000] {processor.py:153} INFO - Started process (PID=4040) to work on /opt/airflow/dags/exercise16.py
[2023-01-31T10:40:22.490+0000] {processor.py:743} INFO - Processing file /opt/airflow/dags/exercise16.py for tasks to queue
[2023-01-31T10:40:22.492+0000] {logging_mixin.py:137} INFO - [2023-01-31T10:40:22.492+0000] {dagbag.py:538} INFO - Filling up the DagBag from /opt/airflow/dags/exercise16.py
[2023-01-31T10:40:22.517+0000] {processor.py:753} INFO - DAG(s) dict_keys(['exercise16']) retrieved from /opt/airflow/dags/exercise16.py
[2023-01-31T10:40:22.542+0000] {logging_mixin.py:137} INFO - [2023-01-31T10:40:22.542+0000] {dag.py:2690} INFO - Sync 1 DAGs
[2023-01-31T10:40:22.564+0000] {logging_mixin.py:137} INFO - [2023-01-31T10:40:22.564+0000] {dag.py:3441} INFO - Setting next_dagrun for exercise16 to None, run_after=None
[2023-01-31T10:40:22.583+0000] {processor.py:175} INFO - Processing /opt/airflow/dags/exercise16.py took 0.098 seconds
[2023-01-31T10:40:53.667+0000] {processor.py:153} INFO - Started process (PID=4118) to work on /opt/airflow/dags/exercise16.py
[2023-01-31T10:40:53.670+0000] {processor.py:743} INFO - Processing file /opt/airflow/dags/exercise16.py for tasks to queue
[2023-01-31T10:40:53.672+0000] {logging_mixin.py:137} INFO - [2023-01-31T10:40:53.672+0000] {dagbag.py:538} INFO - Filling up the DagBag from /opt/airflow/dags/exercise16.py
[2023-01-31T10:40:53.709+0000] {processor.py:753} INFO - DAG(s) dict_keys(['exercise16']) retrieved from /opt/airflow/dags/exercise16.py
[2023-01-31T10:40:53.757+0000] {logging_mixin.py:137} INFO - [2023-01-31T10:40:53.757+0000] {dag.py:2690} INFO - Sync 1 DAGs
[2023-01-31T10:40:53.803+0000] {logging_mixin.py:137} INFO - [2023-01-31T10:40:53.803+0000] {dag.py:3441} INFO - Setting next_dagrun for exercise16 to None, run_after=None
[2023-01-31T10:40:53.861+0000] {processor.py:175} INFO - Processing /opt/airflow/dags/exercise16.py took 0.199 seconds
[2023-01-31T10:41:25.748+0000] {processor.py:153} INFO - Started process (PID=4197) to work on /opt/airflow/dags/exercise16.py
[2023-01-31T10:41:25.750+0000] {processor.py:743} INFO - Processing file /opt/airflow/dags/exercise16.py for tasks to queue
[2023-01-31T10:41:25.751+0000] {logging_mixin.py:137} INFO - [2023-01-31T10:41:25.751+0000] {dagbag.py:538} INFO - Filling up the DagBag from /opt/airflow/dags/exercise16.py
[2023-01-31T10:41:25.775+0000] {processor.py:753} INFO - DAG(s) dict_keys(['exercise16']) retrieved from /opt/airflow/dags/exercise16.py
[2023-01-31T10:41:25.843+0000] {logging_mixin.py:137} INFO - [2023-01-31T10:41:25.843+0000] {dag.py:2690} INFO - Sync 1 DAGs
[2023-01-31T10:41:25.876+0000] {logging_mixin.py:137} INFO - [2023-01-31T10:41:25.876+0000] {dag.py:3441} INFO - Setting next_dagrun for exercise16 to None, run_after=None
[2023-01-31T10:41:25.917+0000] {processor.py:175} INFO - Processing /opt/airflow/dags/exercise16.py took 0.177 seconds
[2023-01-31T10:41:58.152+0000] {processor.py:153} INFO - Started process (PID=4286) to work on /opt/airflow/dags/exercise16.py
[2023-01-31T10:41:58.158+0000] {processor.py:743} INFO - Processing file /opt/airflow/dags/exercise16.py for tasks to queue
[2023-01-31T10:41:58.161+0000] {logging_mixin.py:137} INFO - [2023-01-31T10:41:58.161+0000] {dagbag.py:538} INFO - Filling up the DagBag from /opt/airflow/dags/exercise16.py
[2023-01-31T10:41:58.404+0000] {processor.py:753} INFO - DAG(s) dict_keys(['exercise16']) retrieved from /opt/airflow/dags/exercise16.py
[2023-01-31T10:41:58.515+0000] {logging_mixin.py:137} INFO - [2023-01-31T10:41:58.515+0000] {dag.py:2690} INFO - Sync 1 DAGs
[2023-01-31T10:41:58.560+0000] {logging_mixin.py:137} INFO - [2023-01-31T10:41:58.560+0000] {dag.py:3441} INFO - Setting next_dagrun for exercise16 to None, run_after=None
[2023-01-31T10:41:58.626+0000] {processor.py:175} INFO - Processing /opt/airflow/dags/exercise16.py took 0.482 seconds
[2023-01-31T10:42:29.480+0000] {processor.py:153} INFO - Started process (PID=4373) to work on /opt/airflow/dags/exercise16.py
[2023-01-31T10:42:29.485+0000] {processor.py:743} INFO - Processing file /opt/airflow/dags/exercise16.py for tasks to queue
[2023-01-31T10:42:29.488+0000] {logging_mixin.py:137} INFO - [2023-01-31T10:42:29.487+0000] {dagbag.py:538} INFO - Filling up the DagBag from /opt/airflow/dags/exercise16.py
[2023-01-31T10:42:29.531+0000] {processor.py:753} INFO - DAG(s) dict_keys(['exercise16']) retrieved from /opt/airflow/dags/exercise16.py
[2023-01-31T10:42:29.581+0000] {logging_mixin.py:137} INFO - [2023-01-31T10:42:29.581+0000] {dag.py:2690} INFO - Sync 1 DAGs
[2023-01-31T10:42:29.614+0000] {logging_mixin.py:137} INFO - [2023-01-31T10:42:29.614+0000] {dag.py:3441} INFO - Setting next_dagrun for exercise16 to None, run_after=None
[2023-01-31T10:42:29.669+0000] {processor.py:175} INFO - Processing /opt/airflow/dags/exercise16.py took 0.197 seconds
[2023-01-31T10:42:59.840+0000] {processor.py:153} INFO - Started process (PID=4457) to work on /opt/airflow/dags/exercise16.py
[2023-01-31T10:42:59.847+0000] {processor.py:743} INFO - Processing file /opt/airflow/dags/exercise16.py for tasks to queue
[2023-01-31T10:42:59.852+0000] {logging_mixin.py:137} INFO - [2023-01-31T10:42:59.852+0000] {dagbag.py:538} INFO - Filling up the DagBag from /opt/airflow/dags/exercise16.py
[2023-01-31T10:42:59.915+0000] {processor.py:753} INFO - DAG(s) dict_keys(['exercise16']) retrieved from /opt/airflow/dags/exercise16.py
[2023-01-31T10:42:59.958+0000] {logging_mixin.py:137} INFO - [2023-01-31T10:42:59.958+0000] {dag.py:2690} INFO - Sync 1 DAGs
[2023-01-31T10:42:59.994+0000] {logging_mixin.py:137} INFO - [2023-01-31T10:42:59.994+0000] {dag.py:3441} INFO - Setting next_dagrun for exercise16 to None, run_after=None
[2023-01-31T10:43:00.012+0000] {processor.py:175} INFO - Processing /opt/airflow/dags/exercise16.py took 0.177 seconds
[2023-01-31T10:43:31.097+0000] {processor.py:153} INFO - Started process (PID=4535) to work on /opt/airflow/dags/exercise16.py
[2023-01-31T10:43:31.112+0000] {processor.py:743} INFO - Processing file /opt/airflow/dags/exercise16.py for tasks to queue
[2023-01-31T10:43:31.125+0000] {logging_mixin.py:137} INFO - [2023-01-31T10:43:31.125+0000] {dagbag.py:538} INFO - Filling up the DagBag from /opt/airflow/dags/exercise16.py
[2023-01-31T10:43:31.951+0000] {processor.py:753} INFO - DAG(s) dict_keys(['exercise16']) retrieved from /opt/airflow/dags/exercise16.py
[2023-01-31T10:43:32.490+0000] {logging_mixin.py:137} INFO - [2023-01-31T10:43:32.490+0000] {dag.py:2690} INFO - Sync 1 DAGs
[2023-01-31T10:43:32.588+0000] {logging_mixin.py:137} INFO - [2023-01-31T10:43:32.588+0000] {dag.py:3441} INFO - Setting next_dagrun for exercise16 to None, run_after=None
[2023-01-31T10:43:32.625+0000] {processor.py:175} INFO - Processing /opt/airflow/dags/exercise16.py took 1.946 seconds
[2023-01-31T10:44:03.004+0000] {processor.py:153} INFO - Started process (PID=4613) to work on /opt/airflow/dags/exercise16.py
[2023-01-31T10:44:03.011+0000] {processor.py:743} INFO - Processing file /opt/airflow/dags/exercise16.py for tasks to queue
[2023-01-31T10:44:03.013+0000] {logging_mixin.py:137} INFO - [2023-01-31T10:44:03.013+0000] {dagbag.py:538} INFO - Filling up the DagBag from /opt/airflow/dags/exercise16.py
[2023-01-31T10:44:03.090+0000] {processor.py:753} INFO - DAG(s) dict_keys(['exercise16']) retrieved from /opt/airflow/dags/exercise16.py
[2023-01-31T10:44:03.194+0000] {logging_mixin.py:137} INFO - [2023-01-31T10:44:03.194+0000] {dag.py:2690} INFO - Sync 1 DAGs
[2023-01-31T10:44:03.251+0000] {logging_mixin.py:137} INFO - [2023-01-31T10:44:03.251+0000] {dag.py:3441} INFO - Setting next_dagrun for exercise16 to None, run_after=None
[2023-01-31T10:44:03.306+0000] {processor.py:175} INFO - Processing /opt/airflow/dags/exercise16.py took 0.328 seconds
