[2023-01-31T10:15:34.484+0000] {taskinstance.py:1083} INFO - Dependencies all met for <TaskInstance: easy.write_flights scheduled__2023-01-26T13:58:30.238291+00:00 [queued]>
[2023-01-31T10:15:34.510+0000] {taskinstance.py:1083} INFO - Dependencies all met for <TaskInstance: easy.write_flights scheduled__2023-01-26T13:58:30.238291+00:00 [queued]>
[2023-01-31T10:15:34.511+0000] {taskinstance.py:1279} INFO - 
--------------------------------------------------------------------------------
[2023-01-31T10:15:34.511+0000] {taskinstance.py:1280} INFO - Starting attempt 1 of 1
[2023-01-31T10:15:34.513+0000] {taskinstance.py:1281} INFO - 
--------------------------------------------------------------------------------
[2023-01-31T10:15:34.549+0000] {taskinstance.py:1300} INFO - Executing <Task(_PythonDecoratedOperator): write_flights> on 2023-01-26 13:58:30.238291+00:00
[2023-01-31T10:15:34.572+0000] {standard_task_runner.py:55} INFO - Started process 74 to run task
[2023-01-31T10:15:34.594+0000] {standard_task_runner.py:82} INFO - Running: ['***', 'tasks', 'run', 'easy', 'write_flights', 'scheduled__2023-01-26T13:58:30.238291+00:00', '--job-id', '36', '--raw', '--subdir', 'DAGS_FOLDER/assignment_easy.py', '--cfg-path', '/tmp/tmpmez605xx']
[2023-01-31T10:15:34.613+0000] {standard_task_runner.py:83} INFO - Job 36: Subtask write_flights
[2023-01-31T10:15:34.926+0000] {task_command.py:388} INFO - Running <TaskInstance: easy.write_flights scheduled__2023-01-26T13:58:30.238291+00:00 [running]> on host 2ee7bc173f76
[2023-01-31T10:15:35.341+0000] {taskinstance.py:1509} INFO - Exporting the following env vars:
AIRFLOW_CTX_DAG_OWNER=me
AIRFLOW_CTX_DAG_ID=easy
AIRFLOW_CTX_TASK_ID=write_flights
AIRFLOW_CTX_EXECUTION_DATE=2023-01-26T13:58:30.238291+00:00
AIRFLOW_CTX_TRY_NUMBER=1
AIRFLOW_CTX_DAG_RUN_ID=scheduled__2023-01-26T13:58:30.238291+00:00
[2023-01-31T10:15:35.646+0000] {python.py:177} INFO - Done. Returned value was: None
[2023-01-31T10:15:35.678+0000] {taskinstance.py:1323} INFO - Marking task as SUCCESS. dag_id=easy, task_id=write_flights, execution_date=20230126T135830, start_date=20230131T101534, end_date=20230131T101535
[2023-01-31T10:15:35.820+0000] {local_task_job.py:208} INFO - Task exited with return code 0
[2023-01-31T10:15:35.911+0000] {taskinstance.py:2578} INFO - 0 downstream tasks scheduled from follow-on schedule check
