[2023-01-31T10:20:08.399+0000] {taskinstance.py:1083} INFO - Dependencies all met for <TaskInstance: assignment_medium.transformation manual__2023-01-31T10:20:03.318478+00:00 [queued]>
[2023-01-31T10:20:08.408+0000] {taskinstance.py:1083} INFO - Dependencies all met for <TaskInstance: assignment_medium.transformation manual__2023-01-31T10:20:03.318478+00:00 [queued]>
[2023-01-31T10:20:08.410+0000] {taskinstance.py:1279} INFO - 
--------------------------------------------------------------------------------
[2023-01-31T10:20:08.411+0000] {taskinstance.py:1280} INFO - Starting attempt 1 of 1
[2023-01-31T10:20:08.412+0000] {taskinstance.py:1281} INFO - 
--------------------------------------------------------------------------------
[2023-01-31T10:20:08.423+0000] {taskinstance.py:1300} INFO - Executing <Task(_PythonDecoratedOperator): transformation> on 2023-01-31 10:20:03.318478+00:00
[2023-01-31T10:20:08.431+0000] {standard_task_runner.py:55} INFO - Started process 407 to run task
[2023-01-31T10:20:08.438+0000] {standard_task_runner.py:82} INFO - Running: ['***', 'tasks', 'run', 'assignment_medium', 'transformation', 'manual__2023-01-31T10:20:03.318478+00:00', '--job-id', '45', '--raw', '--subdir', 'DAGS_FOLDER/assignment_medium.py', '--cfg-path', '/tmp/tmp1f5bkiqk']
[2023-01-31T10:20:08.441+0000] {standard_task_runner.py:83} INFO - Job 45: Subtask transformation
[2023-01-31T10:20:08.577+0000] {task_command.py:388} INFO - Running <TaskInstance: assignment_medium.transformation manual__2023-01-31T10:20:03.318478+00:00 [running]> on host 2ee7bc173f76
[2023-01-31T10:20:08.693+0000] {taskinstance.py:1509} INFO - Exporting the following env vars:
AIRFLOW_CTX_DAG_OWNER=***
AIRFLOW_CTX_DAG_ID=assignment_medium
AIRFLOW_CTX_TASK_ID=transformation
AIRFLOW_CTX_EXECUTION_DATE=2023-01-31T10:20:03.318478+00:00
AIRFLOW_CTX_TRY_NUMBER=1
AIRFLOW_CTX_DAG_RUN_ID=manual__2023-01-31T10:20:03.318478+00:00
[2023-01-31T10:20:08.701+0000] {logging_mixin.py:137} INFO - Number of times Frankfurt region appeared in the search results:  3
[2023-01-31T10:20:08.702+0000] {python.py:177} INFO - Done. Returned value was: None
[2023-01-31T10:20:08.716+0000] {taskinstance.py:1323} INFO - Marking task as SUCCESS. dag_id=assignment_medium, task_id=transformation, execution_date=20230131T102003, start_date=20230131T102008, end_date=20230131T102008
[2023-01-31T10:20:08.741+0000] {local_task_job.py:208} INFO - Task exited with return code 0
[2023-01-31T10:20:08.765+0000] {taskinstance.py:2578} INFO - 0 downstream tasks scheduled from follow-on schedule check
