[2023-01-31T10:15:39.554+0000] {taskinstance.py:1083} INFO - Dependencies all met for <TaskInstance: easy.write_flights scheduled__2023-01-30T10:15:25.835587+00:00 [queued]>
[2023-01-31T10:15:39.577+0000] {taskinstance.py:1083} INFO - Dependencies all met for <TaskInstance: easy.write_flights scheduled__2023-01-30T10:15:25.835587+00:00 [queued]>
[2023-01-31T10:15:39.579+0000] {taskinstance.py:1279} INFO - 
--------------------------------------------------------------------------------
[2023-01-31T10:15:39.580+0000] {taskinstance.py:1280} INFO - Starting attempt 1 of 1
[2023-01-31T10:15:39.581+0000] {taskinstance.py:1281} INFO - 
--------------------------------------------------------------------------------
[2023-01-31T10:15:39.595+0000] {taskinstance.py:1300} INFO - Executing <Task(_PythonDecoratedOperator): write_flights> on 2023-01-30 10:15:25.835587+00:00
[2023-01-31T10:15:39.605+0000] {standard_task_runner.py:55} INFO - Started process 88 to run task
[2023-01-31T10:15:39.622+0000] {standard_task_runner.py:82} INFO - Running: ['***', 'tasks', 'run', 'easy', 'write_flights', 'scheduled__2023-01-30T10:15:25.835587+00:00', '--job-id', '39', '--raw', '--subdir', 'DAGS_FOLDER/assignment_easy.py', '--cfg-path', '/tmp/tmpuan0u231']
[2023-01-31T10:15:39.625+0000] {standard_task_runner.py:83} INFO - Job 39: Subtask write_flights
[2023-01-31T10:15:39.792+0000] {task_command.py:388} INFO - Running <TaskInstance: easy.write_flights scheduled__2023-01-30T10:15:25.835587+00:00 [running]> on host 2ee7bc173f76
[2023-01-31T10:15:40.027+0000] {taskinstance.py:1509} INFO - Exporting the following env vars:
AIRFLOW_CTX_DAG_OWNER=me
AIRFLOW_CTX_DAG_ID=easy
AIRFLOW_CTX_TASK_ID=write_flights
AIRFLOW_CTX_EXECUTION_DATE=2023-01-30T10:15:25.835587+00:00
AIRFLOW_CTX_TRY_NUMBER=1
AIRFLOW_CTX_DAG_RUN_ID=scheduled__2023-01-30T10:15:25.835587+00:00
[2023-01-31T10:15:40.220+0000] {python.py:177} INFO - Done. Returned value was: None
[2023-01-31T10:15:40.260+0000] {taskinstance.py:1323} INFO - Marking task as SUCCESS. dag_id=easy, task_id=write_flights, execution_date=20230130T101525, start_date=20230131T101539, end_date=20230131T101540
[2023-01-31T10:15:40.339+0000] {local_task_job.py:208} INFO - Task exited with return code 0
[2023-01-31T10:15:40.387+0000] {taskinstance.py:2578} INFO - 0 downstream tasks scheduled from follow-on schedule check
