[2023-01-31T10:15:34.450+0000] {taskinstance.py:1083} INFO - Dependencies all met for <TaskInstance: easy.write_flights scheduled__2023-01-24T00:00:00+00:00 [queued]>
[2023-01-31T10:15:34.491+0000] {taskinstance.py:1083} INFO - Dependencies all met for <TaskInstance: easy.write_flights scheduled__2023-01-24T00:00:00+00:00 [queued]>
[2023-01-31T10:15:34.502+0000] {taskinstance.py:1279} INFO - 
--------------------------------------------------------------------------------
[2023-01-31T10:15:34.503+0000] {taskinstance.py:1280} INFO - Starting attempt 1 of 1
[2023-01-31T10:15:34.505+0000] {taskinstance.py:1281} INFO - 
--------------------------------------------------------------------------------
[2023-01-31T10:15:34.523+0000] {taskinstance.py:1300} INFO - Executing <Task(_PythonDecoratedOperator): write_flights> on 2023-01-24 00:00:00+00:00
[2023-01-31T10:15:34.557+0000] {standard_task_runner.py:55} INFO - Started process 73 to run task
[2023-01-31T10:15:34.583+0000] {standard_task_runner.py:82} INFO - Running: ['***', 'tasks', 'run', 'easy', 'write_flights', 'scheduled__2023-01-24T00:00:00+00:00', '--job-id', '35', '--raw', '--subdir', 'DAGS_FOLDER/assignment_easy.py', '--cfg-path', '/tmp/tmpz9b3jd38']
[2023-01-31T10:15:34.609+0000] {standard_task_runner.py:83} INFO - Job 35: Subtask write_flights
[2023-01-31T10:15:34.868+0000] {task_command.py:388} INFO - Running <TaskInstance: easy.write_flights scheduled__2023-01-24T00:00:00+00:00 [running]> on host 2ee7bc173f76
[2023-01-31T10:15:35.345+0000] {taskinstance.py:1509} INFO - Exporting the following env vars:
AIRFLOW_CTX_DAG_OWNER=me
AIRFLOW_CTX_DAG_ID=easy
AIRFLOW_CTX_TASK_ID=write_flights
AIRFLOW_CTX_EXECUTION_DATE=2023-01-24T00:00:00+00:00
AIRFLOW_CTX_TRY_NUMBER=1
AIRFLOW_CTX_DAG_RUN_ID=scheduled__2023-01-24T00:00:00+00:00
[2023-01-31T10:15:35.690+0000] {python.py:177} INFO - Done. Returned value was: None
[2023-01-31T10:15:35.759+0000] {taskinstance.py:1323} INFO - Marking task as SUCCESS. dag_id=easy, task_id=write_flights, execution_date=20230124T000000, start_date=20230131T101534, end_date=20230131T101535
[2023-01-31T10:15:35.979+0000] {local_task_job.py:208} INFO - Task exited with return code 0
[2023-01-31T10:15:36.075+0000] {taskinstance.py:2578} INFO - 0 downstream tasks scheduled from follow-on schedule check
