[2023-01-31T10:24:45.070+0000] {taskinstance.py:1083} INFO - Dependencies all met for <TaskInstance: assignment_medium.write_data manual__2023-01-31T10:24:36.835854+00:00 [queued]>
[2023-01-31T10:24:45.108+0000] {taskinstance.py:1083} INFO - Dependencies all met for <TaskInstance: assignment_medium.write_data manual__2023-01-31T10:24:36.835854+00:00 [queued]>
[2023-01-31T10:24:45.111+0000] {taskinstance.py:1279} INFO - 
--------------------------------------------------------------------------------
[2023-01-31T10:24:45.114+0000] {taskinstance.py:1280} INFO - Starting attempt 1 of 1
[2023-01-31T10:24:45.115+0000] {taskinstance.py:1281} INFO - 
--------------------------------------------------------------------------------
[2023-01-31T10:24:45.148+0000] {taskinstance.py:1300} INFO - Executing <Task(_PythonDecoratedOperator): write_data> on 2023-01-31 10:24:36.835854+00:00
[2023-01-31T10:24:45.219+0000] {standard_task_runner.py:55} INFO - Started process 722 to run task
[2023-01-31T10:24:45.287+0000] {standard_task_runner.py:82} INFO - Running: ['***', 'tasks', 'run', 'assignment_medium', 'write_data', 'manual__2023-01-31T10:24:36.835854+00:00', '--job-id', '48', '--raw', '--subdir', 'DAGS_FOLDER/assignment_medium.py', '--cfg-path', '/tmp/tmpa_7z5fnj']
[2023-01-31T10:24:45.317+0000] {standard_task_runner.py:83} INFO - Job 48: Subtask write_data
[2023-01-31T10:24:45.518+0000] {task_command.py:388} INFO - Running <TaskInstance: assignment_medium.write_data manual__2023-01-31T10:24:36.835854+00:00 [running]> on host 2ee7bc173f76
[2023-01-31T10:24:45.775+0000] {taskinstance.py:1509} INFO - Exporting the following env vars:
AIRFLOW_CTX_DAG_OWNER=***
AIRFLOW_CTX_DAG_ID=assignment_medium
AIRFLOW_CTX_TASK_ID=write_data
AIRFLOW_CTX_EXECUTION_DATE=2023-01-31T10:24:36.835854+00:00
AIRFLOW_CTX_TRY_NUMBER=1
AIRFLOW_CTX_DAG_RUN_ID=manual__2023-01-31T10:24:36.835854+00:00
[2023-01-31T10:24:45.797+0000] {python.py:177} INFO - Done. Returned value was: None
[2023-01-31T10:24:45.811+0000] {taskinstance.py:1323} INFO - Marking task as SUCCESS. dag_id=assignment_medium, task_id=write_data, execution_date=20230131T102436, start_date=20230131T102445, end_date=20230131T102445
[2023-01-31T10:24:45.881+0000] {local_task_job.py:208} INFO - Task exited with return code 0
[2023-01-31T10:24:45.937+0000] {taskinstance.py:2578} INFO - 0 downstream tasks scheduled from follow-on schedule check
